#                                                                                                             --- full sequence --- -------------- this domain -------------   hmm coord   ali coord   env coord
# target name                                         accession   tlen query name           accession   qlen   E-value  score  bias   #  of  c-Evalue  i-Evalue  score  bias  from    to  from    to  from    to  acc description of target
#                                 ------------------- ---------- ----- -------------------- ---------- ----- --------- ------ ----- --- --- --------- --------- ------ ----- ----- ----- ----- ----- ----- ----- ---- ---------------------
GCA_003402215.1|PVP01_1140400|PVP01_1140400.1|unknown -            235 10640at5820          -            173   3.6e-15   54.1   0.2   1   1   5.9e-18   4.5e-15   53.8   0.2     2   126    47   177    46   213 0.88 -
GCA_003402215.1|PVP01_1117900|PVP01_1117900.1|unknown -            246 10640at5820          -            173   4.3e-14   50.6   0.1   1   1   7.8e-17   5.9e-14   50.2   0.1     9   129    53   181    46   216 0.85 -
GCA_003402215.1|PVP01_0823100|PVP01_0823100.1|unknown -            253 10640at5820          -            173   1.5e-07   29.4   1.7   1   2   1.9e-10   1.5e-07   29.4   1.7     8   148    57   201    50   211 0.78 -
GCA_003402215.1|PVP01_0823100|PVP01_0823100.1|unknown -            253 10640at5820          -            173   1.5e-07   29.4   1.7   2   2       2.5   1.9e+03   -3.5   0.1   134   153   232   251   228   252 0.77 -
GCA_003402215.1|PVP01_1269700|PVP01_1269700.1|unknown -            269 10640at5820          -            173   2.3e-07   28.7   0.2   1   1   5.6e-10   4.2e-07   27.9   0.1    19   127    62   175    55   216 0.82 -
GCA_003402215.1|PVP01_0213100|PVP01_0213100.1|unknown -            256 10640at5820          -            173   1.1e-06   26.6   0.5   1   1   6.7e-09   5.1e-06   24.4   0.5    11   172    58   223    49   224 0.71 -
GCA_003402215.1|PVP01_1117800|PVP01_1117800.1|unknown -            241 10640at5820          -            173   3.3e-05   21.7   0.1   1   1     7e-08   5.3e-05   21.0   0.1    25   170    66   208    51   211 0.72 -
GCA_003402215.1|PVP01_1015600|PVP01_1015600.1|unknown -            241 10640at5820          -            173    0.0037   15.0   0.1   1   1   7.5e-06    0.0057   14.4   0.1    19   137    71   192    58   223 0.73 -
#
# Program:         hmmsearch
# Version:         3.4 (Aug 2023)
# Pipeline mode:   SEARCH
# Query file:      /v3/work/00_inventory/busco/busco_downloads/lineages/plasmodium_odb10/hmms/10640at5820.hmm
# Target file:     /v3/inputs/annotations/plasmodb-68/PvSY56.proteins.fa
# Option settings: hmmsearch --domtblout /v3/work/00_inventory/busco/PvSY56_proteins/run_plasmodium_odb10/hmmer_output/initial_run_results/10640at5820.out --cpu 1 /v3/work/00_inventory/busco/busco_downloads/lineages/plasmodium_odb10/hmms/10640at5820.hmm /v3/inputs/annotations/plasmodb-68/PvSY56.proteins.fa 
# Current dir:     /v3/work/00_inventory/busco
# Date:            Tue May 19 17:57:03 2026
# [ok]
