#                                                                                                             --- full sequence --- -------------- this domain -------------   hmm coord   ali coord   env coord
# target name                                         accession   tlen query name           accession   qlen   E-value  score  bias   #  of  c-Evalue  i-Evalue  score  bias  from    to  from    to  from    to  acc description of target
#                                 ------------------- ---------- ----- -------------------- ---------- ----- --------- ------ ----- --- --- --------- --------- ------ ----- ----- ----- ----- ----- ----- ----- ---- ---------------------
GCA_003402215.1|PVP01_0919900|PVP01_0919900.1|unknown -            316 10901at5820          -            239  1.8e-153  507.1  39.4   1   3  1.3e-150  1.7e-147  487.5  13.6     1   223     1   222     1   231 0.93 -
GCA_003402215.1|PVP01_0919900|PVP01_0919900.1|unknown -            316 10901at5820          -            239  1.8e-153  507.1  39.4   2   3       0.9   1.2e+03   -3.0   8.7   200   224   220   244   214   252 0.50 -
GCA_003402215.1|PVP01_0919900|PVP01_0919900.1|unknown -            316 10901at5820          -            239  1.8e-153  507.1  39.4   3   3   9.2e-09   1.2e-05   23.1  17.8   199   239   247   289   232   289 0.79 -
GCA_003402215.1|PVP01_1407800|PVP01_1407800.1|unknown -            502 10901at5820          -            239   9.4e-05   20.2   1.3   1   3   5.4e-07   0.00071   17.3   0.3    81   160   239   317   229   393 0.84 -
GCA_003402215.1|PVP01_1407800|PVP01_1407800.1|unknown -            502 10901at5820          -            239   9.4e-05   20.2   1.3   2   3      0.11   1.5e+02   -0.1   0.0   168   200   428   460   417   468 0.83 -
GCA_003402215.1|PVP01_1407800|PVP01_1407800.1|unknown -            502 10901at5820          -            239   9.4e-05   20.2   1.3   3   3      0.22     3e+02   -1.1   0.0   113   145   468   500   433   501 0.77 -
GCA_003402215.1|PVP01_1442500|PVP01_1442500.1|unknown -            896 10901at5820          -            239   0.00043   18.1   0.6   1   3   0.00014      0.19    9.4   0.0    77   142    22    89    17    99 0.86 -
GCA_003402215.1|PVP01_1442500|PVP01_1442500.1|unknown -            896 10901at5820          -            239   0.00043   18.1   0.6   2   3     0.048        64    1.1   0.1    86   140   120   174   109   200 0.77 -
GCA_003402215.1|PVP01_1442500|PVP01_1442500.1|unknown -            896 10901at5820          -            239   0.00043   18.1   0.6   3   3    0.0076        10    3.8   0.0    92   134   215   255   196   273 0.77 -
GCA_003402215.1|PVP01_1339100|PVP01_1339100.1|unknown -            504 10901at5820          -            239    0.0012   16.7   2.6   1   3   0.00017      0.22    9.2   0.1    91   134   104   148    93   162 0.81 -
GCA_003402215.1|PVP01_1339100|PVP01_1339100.1|unknown -            504 10901at5820          -            239    0.0012   16.7   2.6   2   3    0.0027       3.6    5.2   0.1    82   145   192   259   181   271 0.82 -
GCA_003402215.1|PVP01_1339100|PVP01_1339100.1|unknown -            504 10901at5820          -            239    0.0012   16.7   2.6   3   3     0.087   1.1e+02    0.3   0.0   111   142   437   468   417   481 0.86 -
#
# Program:         hmmsearch
# Version:         3.4 (Aug 2023)
# Pipeline mode:   SEARCH
# Query file:      /v3/work/00_inventory/busco/busco_downloads/lineages/plasmodium_odb10/hmms/10901at5820.hmm
# Target file:     /v3/inputs/annotations/plasmodb-68/PvSY56.proteins.fa
# Option settings: hmmsearch --domtblout /v3/work/00_inventory/busco/PvSY56_proteins/run_plasmodium_odb10/hmmer_output/initial_run_results/10901at5820.out --cpu 1 /v3/work/00_inventory/busco/busco_downloads/lineages/plasmodium_odb10/hmms/10901at5820.hmm /v3/inputs/annotations/plasmodb-68/PvSY56.proteins.fa 
# Current dir:     /v3/work/00_inventory/busco
# Date:            Tue May 19 17:58:15 2026
# [ok]
