#                                                                                                             --- full sequence --- -------------- this domain -------------   hmm coord   ali coord   env coord
# target name                                         accession   tlen query name           accession   qlen   E-value  score  bias   #  of  c-Evalue  i-Evalue  score  bias  from    to  from    to  from    to  acc description of target
#                                 ------------------- ---------- ----- -------------------- ---------- ----- --------- ------ ----- --- --- --------- --------- ------ ----- ----- ----- ----- ----- ----- ----- ---- ---------------------
GCA_003402215.1|PVP01_1449300|PVP01_1449300.1|unknown -            213 10977at5820          -            198  2.1e-141  466.3   0.8   1   1  7.3e-144  2.4e-141  466.2   0.8     1   198     1   198     1   198 1.00 -
GCA_003402215.1|PVP01_1421400|PVP01_1421400.1|unknown -            216 10977at5820          -            198   3.4e-56  188.2   1.5   1   1   1.3e-58   4.4e-56  187.8   1.5     4   171     8   177     5   196 0.92 -
GCA_003402215.1|PVP01_1214100|PVP01_1214100.1|unknown -            229 10977at5820          -            198   1.5e-47  160.0   0.4   1   1   5.4e-50   1.8e-47  159.7   0.4     3   174     5   182     1   209 0.92 -
GCA_003402215.1|PVP01_0208000|PVP01_0208000.1|unknown -            194 10977at5820          -            198   1.3e-42  143.9   0.1   1   1     5e-45   1.7e-42  143.5   0.1    14   167    14   168    10   179 0.95 -
GCA_003402215.1|PVP01_1411600|PVP01_1411600.1|unknown -            205 10977at5820          -            198   3.6e-38  129.4   0.2   1   1   1.4e-40   4.7e-38  129.0   0.2     8   176    33   201    28   203 0.95 -
GCA_003402215.1|PVP01_0945600|PVP01_0945600.1|unknown -            207 10977at5820          -            198   1.8e-37  127.1   0.4   1   1   6.6e-40   2.2e-37  126.8   0.4     8   167    12   172     7   194 0.94 -
GCA_003402215.1|PVP01_0701600|PVP01_0701600.1|unknown -            206 10977at5820          -            198   2.4e-37  126.7   0.2   1   1     8e-40   2.6e-37  126.5   0.2     6   169     7   176     1   200 0.89 -
GCA_003402215.1|PVP01_0413800|PVP01_0413800.1|unknown -            245 10977at5820          -            198   2.1e-34  117.1   1.6   1   2   6.3e-08   2.1e-05   22.4   0.0     8    57     7    56     2    74 0.91 -
GCA_003402215.1|PVP01_0413800|PVP01_0413800.1|unknown -            245 10977at5820          -            198   2.1e-34  117.1   1.6   2   2   1.2e-29   4.1e-27   93.3   1.1    55   177   101   221    87   235 0.93 -
GCA_003402215.1|PVP01_1021300|PVP01_1021300.1|unknown -            200 10977at5820          -            198   1.3e-28   98.2   0.5   1   1   5.1e-31   1.7e-28   97.8   0.5     3    81     4    82     2    88 0.97 -
GCA_003402215.1|PVP01_0918300|PVP01_0918300.1|unknown -            214 10977at5820          -            198     2e-24   84.5   0.0   1   1   7.4e-27   2.4e-24   84.2   0.0     4   168     4   168     1   175 0.92 -
GCA_003402215.1|PVP01_1206700|PVP01_1206700.1|unknown -            224 10977at5820          -            198   5.5e-08   30.8   0.2   1   1   2.8e-10   9.2e-08   30.1   0.2    79   178   110   214    95   219 0.81 -
GCA_003402215.1|PVP01_0606100|PVP01_0606100.1|unknown -            152 10977at5820          -            198   6.5e-08   30.6   0.0   1   1   2.2e-10   7.4e-08   30.4   0.0    46   132    51   138    18   147 0.86 -
GCA_003402215.1|PVP01_0619800|PVP01_0619800.1|unknown -            178 10977at5820          -            198   3.7e-06   24.9   0.1   1   1   1.2e-08   3.8e-06   24.8   0.1    47    97    52   102    18   176 0.73 -
GCA_003402215.1|PVP01_1132400|PVP01_1132400.1|unknown -            456 10977at5820          -            198   9.9e-06   23.5   0.5   1   3     0.023       7.6    4.3   0.0     9    29     5    25     2    32 0.81 -
GCA_003402215.1|PVP01_1132400|PVP01_1132400.1|unknown -            456 10977at5820          -            198   9.9e-06   23.5   0.5   2   3       0.5   1.7e+02   -0.1   0.1   131   172    46    87    34   101 0.70 -
GCA_003402215.1|PVP01_1132400|PVP01_1132400.1|unknown -            456 10977at5820          -            198   9.9e-06   23.5   0.5   3   3   9.5e-06    0.0031   15.3   0.0    54   111   154   211   139   222 0.87 -
GCA_003402215.1|PVP01_1265000|PVP01_1265000.1|unknown -            185 10977at5820          -            198     6e-05   20.9   0.1   1   1     2e-07   6.6e-05   20.8   0.1    30   126    34   131    13   181 0.74 -
GCA_003402215.1|PVP01_0526200|PVP01_0526200.1|unknown -            191 10977at5820          -            198     0.001   16.9   0.0   1   1     4e-06    0.0013   16.5   0.0    19   124    32   133    20   158 0.74 -
#
# Program:         hmmsearch
# Version:         3.4 (Aug 2023)
# Pipeline mode:   SEARCH
# Query file:      /v3/work/00_inventory/busco/busco_downloads/lineages/plasmodium_odb10/hmms/10977at5820.hmm
# Target file:     /v3/inputs/annotations/plasmodb-68/PvSY56.proteins.fa
# Option settings: hmmsearch --domtblout /v3/work/00_inventory/busco/PvSY56_proteins/run_plasmodium_odb10/hmmer_output/initial_run_results/10977at5820.out --cpu 1 /v3/work/00_inventory/busco/busco_downloads/lineages/plasmodium_odb10/hmms/10977at5820.hmm /v3/inputs/annotations/plasmodb-68/PvSY56.proteins.fa 
# Current dir:     /v3/work/00_inventory/busco
# Date:            Tue May 19 17:58:34 2026
# [ok]
