#                                                                                                             --- full sequence --- -------------- this domain -------------   hmm coord   ali coord   env coord
# target name                                         accession   tlen query name           accession   qlen   E-value  score  bias   #  of  c-Evalue  i-Evalue  score  bias  from    to  from    to  from    to  acc description of target
#                                 ------------------- ---------- ----- -------------------- ---------- ----- --------- ------ ----- --- --- --------- --------- ------ ----- ----- ----- ----- ----- ----- ----- ---- ---------------------
GCA_003402215.1|PVP01_1409400|PVP01_1409400.1|unknown -           5402 109at5820            -           2731         0 1501.5 187.5   1   8   8.7e-77   4.6e-73  244.3  18.7     8   154   101   250    96   275 0.93 -
GCA_003402215.1|PVP01_1409400|PVP01_1409400.1|unknown -           5402 109at5820            -           2731         0 1501.5 187.5   2   8   3.6e-19   1.9e-15   53.2   2.6   154   221   958  1026   945  1036 0.85 -
GCA_003402215.1|PVP01_1409400|PVP01_1409400.1|unknown -           5402 109at5820            -           2731         0 1501.5 187.5   3   8   1.4e-75   7.4e-72  240.4  20.3   216   359  1162  1315  1158  1359 0.89 -
GCA_003402215.1|PVP01_1409400|PVP01_1409400.1|unknown -           5402 109at5820            -           2731         0 1501.5 187.5   4   8   2.5e-07    0.0013   13.9   0.1   390   441  1528  1597  1508  1599 0.76 -
GCA_003402215.1|PVP01_1409400|PVP01_1409400.1|unknown -           5402 109at5820            -           2731         0 1501.5 187.5   5   8   3.5e-66   1.8e-62  209.2  30.1   441   608  1624  1826  1621  1828 0.86 -
GCA_003402215.1|PVP01_1409400|PVP01_1409400.1|unknown -           5402 109at5820            -           2731         0 1501.5 187.5   6   8  7.9e-168  4.2e-164  546.4  45.2   589   932  1993  2365  1987  2381 0.93 -
GCA_003402215.1|PVP01_1409400|PVP01_1409400.1|unknown -           5402 109at5820            -           2731         0 1501.5 187.5   7   8   4.7e-14   2.5e-10   36.2   5.4   922   983  2384  2456  2366  2471 0.82 -
GCA_003402215.1|PVP01_1409400|PVP01_1409400.1|unknown -           5402 109at5820            -           2731         0 1501.5 187.5   8   8     1e-60   5.4e-57  191.0  14.5   978  1095  2556  2674  2544  2677 0.95 -
#
# Program:         hmmsearch
# Version:         3.4 (Aug 2023)
# Pipeline mode:   SEARCH
# Query file:      /v3/work/00_inventory/busco/busco_downloads/lineages/plasmodium_odb10/hmms/109at5820.hmm
# Target file:     /v3/inputs/annotations/plasmodb-68/PvSY56.proteins.fa
# Option settings: hmmsearch --domtblout /v3/work/00_inventory/busco/PvSY56_proteins/run_plasmodium_odb10/hmmer_output/initial_run_results/109at5820.out --cpu 1 /v3/work/00_inventory/busco/busco_downloads/lineages/plasmodium_odb10/hmms/109at5820.hmm /v3/inputs/annotations/plasmodb-68/PvSY56.proteins.fa 
# Current dir:     /v3/work/00_inventory/busco
# Date:            Tue May 19 17:58:42 2026
# [ok]
