#                                                                                                             --- full sequence --- -------------- this domain -------------   hmm coord   ali coord   env coord
# target name                                         accession   tlen query name           accession   qlen   E-value  score  bias   #  of  c-Evalue  i-Evalue  score  bias  from    to  from    to  from    to  acc description of target
#                                 ------------------- ---------- ----- -------------------- ---------- ----- --------- ------ ----- --- --- --------- --------- ------ ----- ----- ----- ----- ----- ----- ----- ---- ---------------------
GCA_003402215.1|PVP01_1301700|PVP01_1301700.1|unknown -            226 11093at5820          -            195  1.5e-134  443.8   1.2   1   1  3.3e-137  1.9e-134  443.4   1.2     1   195     1   203     1   203 0.97 -
GCA_003402215.1|PVP01_0818200|PVP01_0818200.1|unknown -            170 11093at5820          -            195   2.4e-50  169.0   0.2   1   1   4.4e-53   2.6e-50  168.9   0.2     6   173     4   169     1   170 0.97 -
GCA_003402215.1|PVP01_0916400|PVP01_0916400.1|unknown -            193 11093at5820          -            195   3.7e-41  139.0   0.3   1   1   7.6e-44   4.5e-41  138.7   0.3     7   173    30   192    25   193 0.96 -
GCA_003402215.1|PVP01_0115700|PVP01_0115700.1|unknown -            267 11093at5820          -            195   1.3e-39  134.0   1.2   1   1   3.1e-42   1.8e-39  133.5   1.2     3   173    95   266    93   267 0.91 -
GCA_003402215.1|PVP01_0916900|PVP01_0916900.1|unknown -            167 11093at5820          -            195   4.1e-25   86.6   0.5   1   1   1.3e-27   7.8e-25   85.7   0.5    18   170     8   151     4   163 0.89 -
GCA_003402215.1|PVP01_1434000|PVP01_1434000.1|unknown -            276 11093at5820          -            195   9.4e-25   85.5   0.7   1   1   2.3e-27   1.4e-24   84.9   0.7     7   173    63   223    58   229 0.92 -
GCA_003402215.1|PVP01_1005100|PVP01_1005100.1|unknown -            203 11093at5820          -            195   7.1e-21   72.8   0.2   1   1   2.1e-23   1.2e-20   72.1   0.2    18   166    53   191    47   201 0.83 -
GCA_003402215.1|PVP01_1023800|PVP01_1023800.1|unknown -            768 11093at5820          -            195   1.4e-11   42.5   6.1   1   4       1.7     1e+03   -2.7   0.0    27    59   172   206   148   250 0.58 -
GCA_003402215.1|PVP01_1023800|PVP01_1023800.1|unknown -            768 11093at5820          -            195   1.4e-11   42.5   6.1   2   4       1.3   7.8e+02   -2.4   0.2    93   129   434   470   423   521 0.56 -
GCA_003402215.1|PVP01_1023800|PVP01_1023800.1|unknown -            768 11093at5820          -            195   1.4e-11   42.5   6.1   3   4   6.9e-05     0.041   11.6   0.1    53    85   617   648   587   653 0.81 -
GCA_003402215.1|PVP01_1023800|PVP01_1023800.1|unknown -            768 11093at5820          -            195   1.4e-11   42.5   6.1   4   4   2.4e-11   1.4e-08   32.7   0.0    93   169   685   762   679   767 0.79 -
GCA_003402215.1|PVP01_0117200|PVP01_0117200.1|unknown -            538 11093at5820          -            195   4.6e-08   31.0   0.5   1   2   0.00091      0.54    7.9   0.0     8    74     7    75     3    90 0.84 -
GCA_003402215.1|PVP01_0117200|PVP01_0117200.1|unknown -            538 11093at5820          -            195   4.6e-08   31.0   0.5   2   2   8.7e-08   5.1e-05   21.1   0.1    82   175   103   196    93   214 0.87 -
#
# Program:         hmmsearch
# Version:         3.4 (Aug 2023)
# Pipeline mode:   SEARCH
# Query file:      /v3/work/00_inventory/busco/busco_downloads/lineages/plasmodium_odb10/hmms/11093at5820.hmm
# Target file:     /v3/inputs/annotations/plasmodb-68/PvSY56.proteins.fa
# Option settings: hmmsearch --domtblout /v3/work/00_inventory/busco/PvSY56_proteins/run_plasmodium_odb10/hmmer_output/initial_run_results/11093at5820.out --cpu 1 /v3/work/00_inventory/busco/busco_downloads/lineages/plasmodium_odb10/hmms/11093at5820.hmm /v3/inputs/annotations/plasmodb-68/PvSY56.proteins.fa 
# Current dir:     /v3/work/00_inventory/busco
# Date:            Tue May 19 17:59:00 2026
# [ok]
