#                                                                                                             --- full sequence --- -------------- this domain -------------   hmm coord   ali coord   env coord
# target name                                         accession   tlen query name           accession   qlen   E-value  score  bias   #  of  c-Evalue  i-Evalue  score  bias  from    to  from    to  from    to  acc description of target
#                                 ------------------- ---------- ----- -------------------- ---------- ----- --------- ------ ----- --- --- --------- --------- ------ ----- ----- ----- ----- ----- ----- ----- ---- ---------------------
GCA_003402215.1|PVP01_1224200|PVP01_1224200.1|unknown -            178 11160at5820          -            250   1.2e-64  216.7  17.1   1   2       1.1   3.4e+02   -1.0   0.2     1     9     1     9     1    13 0.91 -
GCA_003402215.1|PVP01_1224200|PVP01_1224200.1|unknown -            178 11160at5820          -            250   1.2e-64  216.7  17.1   2   2   1.2e-66   3.8e-64  215.0  12.0     8   136    34   178    31   178 0.86 -
GCA_003402215.1|PVP01_1271300|PVP01_1271300.1|unknown -            406 11160at5820          -            250   8.8e-21   73.0   0.3   1   1   4.5e-23   1.4e-20   72.3   0.3    15    94    80   161    73   184 0.92 -
GCA_003402215.1|PVP01_1310600|PVP01_1310600.1|unknown -            245 11160at5820          -            250   2.9e-20   71.3  12.6   1   2   1.4e-22   4.4e-20   70.7   3.3    16   116     5   101     1   124 0.76 -
GCA_003402215.1|PVP01_1310600|PVP01_1310600.1|unknown -            245 11160at5820          -            250   2.9e-20   71.3  12.6   2   2    0.0084       2.6    5.9   2.3   133   198   159   226   112   235 0.73 -
GCA_003402215.1|PVP01_1120300|PVP01_1120300.1|unknown -            380 11160at5820          -            250   1.4e-19   69.0   3.1   1   1   9.2e-22   2.9e-19   68.0   3.1    11   101    40   131    33   174 0.84 -
GCA_003402215.1|PVP01_0217000|PVP01_0217000.1|unknown -            420 11160at5820          -            250   1.4e-18   65.8   5.8   1   1   7.6e-21   2.4e-18   65.0   5.8    16   147    84   224    76   238 0.81 -
GCA_003402215.1|PVP01_0909500|PVP01_0909500.1|unknown -            550 11160at5820          -            250   1.5e-16   59.1   0.3   1   3   4.8e-19   1.5e-16   59.1   0.3    16    81    33    94    21   104 0.91 -
GCA_003402215.1|PVP01_0909500|PVP01_0909500.1|unknown -            550 11160at5820          -            250   1.5e-16   59.1   0.3   2   3       9.3   2.9e+03   -4.0   0.3    93   117   174   198   169   208 0.53 -
GCA_003402215.1|PVP01_0909500|PVP01_0909500.1|unknown -            550 11160at5820          -            250   1.5e-16   59.1   0.3   3   3       9.3   2.9e+03   -4.1   0.6    92   134   268   310   264   321 0.69 -
GCA_003402215.1|PVP01_0805300|PVP01_0805300.1|unknown -            720 11160at5820          -            250   2.9e-15   54.9   2.7   1   3   9.3e-18   2.9e-15   54.9   2.7    15    82     6    77     3    97 0.83 -
GCA_003402215.1|PVP01_0805300|PVP01_0805300.1|unknown -            720 11160at5820          -            250   2.9e-15   54.9   2.7   2   3       1.1   3.6e+02   -1.1   0.8    90   121   204   235   193   284 0.67 -
GCA_003402215.1|PVP01_0805300|PVP01_0805300.1|unknown -            720 11160at5820          -            250   2.9e-15   54.9   2.7   3   3       9.4   2.9e+03   -4.1   1.6    40   199   622   646   608   667 0.59 -
GCA_003402215.1|PVP01_0937700|PVP01_0937700.1|unknown -            381 11160at5820          -            250   6.7e-15   53.7  11.8   1   3      0.68   2.1e+02   -0.3   2.6    55   110    33    90     6   109 0.71 -
GCA_003402215.1|PVP01_0937700|PVP01_0937700.1|unknown -            381 11160at5820          -            250   6.7e-15   53.7  11.8   2   3   2.1e-17   6.7e-15   53.7  11.8     9   152   104   244    97   256 0.81 -
GCA_003402215.1|PVP01_0937700|PVP01_0937700.1|unknown -            381 11160at5820          -            250   6.7e-15   53.7  11.8   3   3       5.9   1.8e+03   -3.4   1.4    81    81   335   335   279   377 0.59 -
GCA_003402215.1|PVP01_1335000|PVP01_1335000.1|unknown -            381 11160at5820          -            250   1.9e-14   52.3   3.1   1   1   1.2e-16   3.7e-14   51.3   3.1    14    81    52   117    45   134 0.89 -
GCA_003402215.1|PVP01_0510500|PVP01_0510500.1|unknown -            691 11160at5820          -            250   4.2e-14   51.1   6.2   1   2   1.4e-16   4.2e-14   51.1   6.2    16    87   141   211   125   283 0.79 -
GCA_003402215.1|PVP01_0510500|PVP01_0510500.1|unknown -            691 11160at5820          -            250   4.2e-14   51.1   6.2   2   2       3.1   9.7e+02   -2.5   1.0    72   107   553   589   506   606 0.60 -
GCA_003402215.1|PVP01_1010500|PVP01_1010500.1|unknown -            529 11160at5820          -            250   2.8e-13   48.4   3.7   1   3       4.2   1.3e+03   -2.9   0.2    71    98   124   151   118   168 0.71 -
GCA_003402215.1|PVP01_1010500|PVP01_1010500.1|unknown -            529 11160at5820          -            250   2.8e-13   48.4   3.7   2   3     9e-16   2.8e-13   48.4   3.7    14    93   188   265   178   279 0.89 -
GCA_003402215.1|PVP01_1010500|PVP01_1010500.1|unknown -            529 11160at5820          -            250   2.8e-13   48.4   3.7   3   3       1.5   4.8e+02   -1.5   3.8   109   151   343   388   293   503 0.60 -
GCA_003402215.1|PVP01_1419700|PVP01_1419700.1|unknown -            729 11160at5820          -            250   4.5e-13   47.8   0.0   1   1   4.5e-15   1.4e-12   46.1   0.0     3    81   115   192   112   198 0.86 -
GCA_003402215.1|PVP01_0717500|PVP01_0717500.1|unknown -            378 11160at5820          -            250   1.9e-11   42.4   1.8   1   1   1.4e-13   4.4e-11   41.2   1.8    14    80    50   114    42   121 0.91 -
GCA_003402215.1|PVP01_1233600|PVP01_1233600.1|unknown -            363 11160at5820          -            250   6.4e-11   40.7   5.4   1   2   1.9e-10   5.9e-08   31.0   0.0    17    73     8    63     2    76 0.84 -
GCA_003402215.1|PVP01_1233600|PVP01_1233600.1|unknown -            363 11160at5820          -            250   6.4e-11   40.7   5.4   2   2   0.00073      0.23    9.4   2.8    53   103   115   164   104   252 0.79 -
GCA_003402215.1|PVP01_1115200|PVP01_1115200.1|unknown -            201 11160at5820          -            250   1.5e-06   26.4  10.1   1   1   8.3e-09   2.6e-06   25.6  10.1    17    97     2    83     1   138 0.69 -
GCA_003402215.1|PVP01_1032200|PVP01_1032200.1|unknown -            177 11160at5820          -            250   0.00013   20.1   1.1   1   1   6.1e-07   0.00019   19.5   0.5    15    50     6    41     2    94 0.86 -
GCA_003402215.1|PVP01_1128800|PVP01_1128800.1|unknown -            369 11160at5820          -            250   0.00014   20.0   4.5   1   1   6.6e-07   0.00021   19.4   4.5    13   119    67   168    55   203 0.83 -
#
# Program:         hmmsearch
# Version:         3.4 (Aug 2023)
# Pipeline mode:   SEARCH
# Query file:      /v3/work/00_inventory/busco/busco_downloads/lineages/plasmodium_odb10/hmms/11160at5820.hmm
# Target file:     /v3/inputs/annotations/plasmodb-68/PvSY56.proteins.fa
# Option settings: hmmsearch --domtblout /v3/work/00_inventory/busco/PvSY56_proteins/run_plasmodium_odb10/hmmer_output/initial_run_results/11160at5820.out --cpu 1 /v3/work/00_inventory/busco/busco_downloads/lineages/plasmodium_odb10/hmms/11160at5820.hmm /v3/inputs/annotations/plasmodb-68/PvSY56.proteins.fa 
# Current dir:     /v3/work/00_inventory/busco
# Date:            Tue May 19 17:59:11 2026
# [ok]
