#                                                                                                             --- full sequence --- -------------- this domain -------------   hmm coord   ali coord   env coord
# target name                                         accession   tlen query name           accession   qlen   E-value  score  bias   #  of  c-Evalue  i-Evalue  score  bias  from    to  from    to  from    to  acc description of target
#                                 ------------------- ---------- ----- -------------------- ---------- ----- --------- ------ ----- --- --- --------- --------- ------ ----- ----- ----- ----- ----- ----- ----- ---- ---------------------
GCA_003402215.1|PVP01_0822900|PVP01_0822900.1|unknown -           1472 1133at5820           -           1080   6.8e-90  300.8  61.1   1   3   1.9e-64   3.8e-62  208.9  50.0     1   263     1   384     1   407 0.85 -
GCA_003402215.1|PVP01_0822900|PVP01_0822900.1|unknown -           1472 1133at5820           -           1080   6.8e-90  300.8  61.1   2   3   7.9e-13   1.6e-10   38.0   0.0   276   326   463   513   444   521 0.89 -
GCA_003402215.1|PVP01_0822900|PVP01_0822900.1|unknown -           1472 1133at5820           -           1080   6.8e-90  300.8  61.1   3   3     3e-18   5.8e-16   56.0   1.6   320   369   551   600   538   609 0.88 -
GCA_003402215.1|PVP01_0527200|PVP01_0527200.1|unknown -            625 1133at5820           -           1080   2.1e-27   93.9   7.7   1   3       5.2     1e+03   -4.4   7.0    63   164    95   212    76   239 0.61 -
GCA_003402215.1|PVP01_0527200|PVP01_0527200.1|unknown -            625 1133at5820           -           1080   2.1e-27   93.9   7.7   2   3    0.0001     0.021   11.1   0.1   556   625   277   343   262   348 0.79 -
GCA_003402215.1|PVP01_0527200|PVP01_0527200.1|unknown -            625 1133at5820           -           1080   2.1e-27   93.9   7.7   3   3   1.9e-29   3.8e-27   93.0   3.8   844  1059   372   584   348   590 0.84 -
GCA_003402215.1|PVP01_1115000|PVP01_1115000.1|unknown -            288 1133at5820           -           1080   4.8e-26   89.4   0.0   1   2   3.8e-06   0.00075   15.9   0.2   556   634     1    71     1    84 0.88 -
GCA_003402215.1|PVP01_1115000|PVP01_1115000.1|unknown -            288 1133at5820           -           1080   4.8e-26   89.4   0.0   2   2   7.4e-23   1.5e-20   71.2   0.0   851  1059    98   286    94   288 0.84 -
GCA_003402215.1|PVP01_0814500|PVP01_0814500.1|unknown -            325 1133at5820           -           1080   9.2e-26   88.4  10.6   1   2   0.00099      0.19    7.9   0.5   565   631    16    82     7    91 0.82 -
GCA_003402215.1|PVP01_0814500|PVP01_0814500.1|unknown -            325 1133at5820           -           1080   9.2e-26   88.4  10.6   2   2     1e-26     2e-24   84.0   4.7   837  1057   100   308    82   313 0.81 -
GCA_003402215.1|PVP01_1317900|PVP01_1317900.1|unknown -            810 1133at5820           -           1080   2.5e-22   77.1   5.1   1   2    0.0011      0.22    7.7   0.1   555   583    16    44    12    92 0.78 -
GCA_003402215.1|PVP01_1317900|PVP01_1317900.1|unknown -            810 1133at5820           -           1080   2.5e-22   77.1   5.1   2   2   9.8e-23   1.9e-20   70.8   1.4   850  1070   115   322    94   335 0.85 -
GCA_003402215.1|PVP01_0521800|PVP01_0521800.1|unknown -           1612 1133at5820           -           1080   1.3e-21   74.6   0.0   1   2      0.23        45    0.1   0.4   557   627   660   725   654   729 0.79 -
GCA_003402215.1|PVP01_0521800|PVP01_0521800.1|unknown -           1612 1133at5820           -           1080   1.3e-21   74.6   0.0   2   2   6.8e-24   1.3e-21   74.6   0.0   854  1058   902  1102   885  1107 0.80 -
GCA_003402215.1|PVP01_0831000|PVP01_0831000.1|unknown -           1640 1133at5820           -           1080   6.9e-17   59.0   0.2   1   2       6.6   1.3e+03   -4.8   2.0    79   116  1112  1149  1086  1180 0.61 -
GCA_003402215.1|PVP01_0831000|PVP01_0831000.1|unknown -           1640 1133at5820           -           1080   6.9e-17   59.0   0.2   2   2   3.5e-19   6.9e-17   59.0   0.2   845   971  1463  1586  1456  1599 0.87 -
GCA_003402215.1|PVP01_0909200|PVP01_0909200.1|unknown -            335 1133at5820           -           1080   2.5e-16   57.2  14.6   1   2     0.011       2.1    4.5   0.4   557   591    41    74     6    82 0.79 -
GCA_003402215.1|PVP01_0909200|PVP01_0909200.1|unknown -            335 1133at5820           -           1080   2.5e-16   57.2  14.6   2   2   2.5e-18   4.9e-16   56.2   7.9   836  1060   118   331    99   334 0.82 -
GCA_003402215.1|PVP01_1217600|PVP01_1217600.1|unknown -            208 1133at5820           -           1080   1.1e-15   55.1   0.2   1   1   4.7e-17   9.2e-15   52.0   0.2   854  1060    22   199    16   204 0.91 -
GCA_003402215.1|PVP01_0407500|PVP01_0407500.1|unknown -            526 1133at5820           -           1080   3.7e-15   53.3  17.1   1   3    0.0028      0.54    6.4   0.3   559   635    56   142    52   147 0.66 -
GCA_003402215.1|PVP01_0407500|PVP01_0407500.1|unknown -            526 1133at5820           -           1080   3.7e-15   53.3  17.1   2   3   4.7e-13   9.2e-11   38.8   3.4   850   975   165   277   140   292 0.83 -
GCA_003402215.1|PVP01_0407500|PVP01_0407500.1|unknown -            526 1133at5820           -           1080   3.7e-15   53.3  17.1   3   3   2.1e-06   0.00042   16.7   1.2  1023  1058   293   328   275   344 0.86 -
GCA_003402215.1|PVP01_0313300|PVP01_0313300.1|unknown -            529 1133at5820           -           1080   2.4e-13   47.3  12.5   1   3      0.15        30    0.6   1.5   555   631    67   139    38   146 0.75 -
GCA_003402215.1|PVP01_0313300|PVP01_0313300.1|unknown -            529 1133at5820           -           1080   2.4e-13   47.3  12.5   2   3     1e-13     2e-11   41.0   1.2   852   978   168   282   155   285 0.85 -
GCA_003402215.1|PVP01_0313300|PVP01_0313300.1|unknown -            529 1133at5820           -           1080   2.4e-13   47.3  12.5   3   3   9.2e-05     0.018   11.3   0.0  1025  1058   297   330   287   337 0.91 -
GCA_003402215.1|PVP01_1416900|PVP01_1416900.1|unknown -            341 1133at5820           -           1080   5.3e-12   42.9  11.8   1   2    0.0034      0.68    6.1   0.2   557   577    28    48     7    54 0.81 -
GCA_003402215.1|PVP01_1416900|PVP01_1416900.1|unknown -            341 1133at5820           -           1080   5.3e-12   42.9  11.8   2   2   5.3e-13   1.1e-10   38.6   6.7   831   959   115   230    72   243 0.77 -
GCA_003402215.1|PVP01_0830100|PVP01_0830100.1|unknown -            609 1133at5820           -           1080   1.3e-11   41.6  16.6   1   3    0.0018      0.35    7.0   0.1   565   630   171   229   156   236 0.79 -
GCA_003402215.1|PVP01_0830100|PVP01_0830100.1|unknown -            609 1133at5820           -           1080   1.3e-11   41.6  16.6   2   3   1.4e-10   2.8e-08   30.6   0.1   850   970   257   365   253   383 0.88 -
GCA_003402215.1|PVP01_0830100|PVP01_0830100.1|unknown -            609 1133at5820           -           1080   1.3e-11   41.6  16.6   3   3   2.4e-05    0.0048   13.2   0.0  1027  1058   390   421   362   428 0.91 -
GCA_003402215.1|PVP01_0923700|PVP01_0923700.1|unknown -           2079 1133at5820           -           1080   6.3e-11   39.3   0.6   1   3      0.24        48   -0.0   0.0   559   626  1585  1647  1578  1654 0.78 -
GCA_003402215.1|PVP01_0923700|PVP01_0923700.1|unknown -           2079 1133at5820           -           1080   6.3e-11   39.3   0.6   2   3   3.4e-12   6.7e-10   35.9   0.1   848   966  1677  1783  1649  1788 0.82 -
GCA_003402215.1|PVP01_0923700|PVP01_0923700.1|unknown -           2079 1133at5820           -           1080   6.3e-11   39.3   0.6   3   3   5.7e-05     0.011   12.0   0.0  1026  1071  1810  1855  1799  1860 0.87 -
GCA_003402215.1|PVP01_0827800|PVP01_0827800.1|unknown -            372 1133at5820           -           1080   1.4e-10   38.2   1.6   1   2     0.022       4.3    3.4   0.2   553   638   112   186    93   193 0.76 -
GCA_003402215.1|PVP01_0827800|PVP01_0827800.1|unknown -            372 1133at5820           -           1080   1.4e-10   38.2   1.6   2   2   1.5e-11   2.9e-09   33.8   0.1   848   960   215   314   193   316 0.90 -
GCA_003402215.1|PVP01_1424400|PVP01_1424400.1|unknown -            514 1133at5820           -           1080     4e-09   33.4   0.8   1   2   6.5e-07   0.00013   18.4   0.1   831   886   285   340   280   347 0.88 -
GCA_003402215.1|PVP01_1424400|PVP01_1424400.1|unknown -            514 1133at5820           -           1080     4e-09   33.4   0.8   2   2   2.5e-05    0.0049   13.2   0.1   901   978   391   469   369   489 0.81 -
GCA_003402215.1|PVP01_1216900|PVP01_1216900.1|unknown -            598 1133at5820           -           1080   2.2e-08   30.9  14.1   1   3      0.33        65   -0.5   0.2   564   627   126   182   102   190 0.76 -
GCA_003402215.1|PVP01_1216900|PVP01_1216900.1|unknown -            598 1133at5820           -           1080   2.2e-08   30.9  14.1   2   3   2.5e-07   4.9e-05   19.8   1.3   848   966   211   316   184   322 0.83 -
GCA_003402215.1|PVP01_1216900|PVP01_1216900.1|unknown -            598 1133at5820           -           1080   2.2e-08   30.9  14.1   3   3     4e-07   7.9e-05   19.1   0.6  1010  1060   364   413   352   435 0.82 -
GCA_003402215.1|PVP01_1416000|PVP01_1416000.1|unknown -            372 1133at5820           -           1080   2.3e-08   30.8   4.3   1   1   1.2e-10   2.3e-08   30.8   4.3   846   967   200   309   146   334 0.78 -
GCA_003402215.1|PVP01_1215800|PVP01_1215800.1|unknown -            977 1133at5820           -           1080   3.3e-08   30.3   0.0   1   3       1.3   2.5e+02   -2.4   0.1    37   129   434   526   423   549 0.73 -
GCA_003402215.1|PVP01_1215800|PVP01_1215800.1|unknown -            977 1133at5820           -           1080   3.3e-08   30.3   0.0   2   3   7.9e-05     0.016   11.5   0.0   858   963   597   697   588   708 0.81 -
GCA_003402215.1|PVP01_1215800|PVP01_1215800.1|unknown -            977 1133at5820           -           1080   3.3e-08   30.3   0.0   3   3   4.3e-06   0.00085   15.7   0.0  1030  1058   947   975   936   976 0.88 -
GCA_003402215.1|PVP01_0513200|PVP01_0513200.1|unknown -            871 1133at5820           -           1080   8.8e-08   28.9   4.6   1   2   4.1e-05     0.008   12.5   0.9   557   635    33   100    21   138 0.79 -
GCA_003402215.1|PVP01_0513200|PVP01_0513200.1|unknown -            871 1133at5820           -           1080   8.8e-08   28.9   4.6   2   2     1e-06   0.00021   17.7   0.1   844   887   226   269   219   291 0.86 -
GCA_003402215.1|PVP01_1007900|PVP01_1007900.1|unknown -            288 1133at5820           -           1080   2.2e-06   24.3   1.1   1   2       2.3   4.5e+02   -3.2   0.1   559   602    12    53    11    78 0.60 -
GCA_003402215.1|PVP01_1007900|PVP01_1007900.1|unknown -            288 1133at5820           -           1080   2.2e-06   24.3   1.1   2   2   1.2e-08   2.4e-06   24.1   0.1   852   961   112   206    96   220 0.82 -
GCA_003402215.1|PVP01_0422000|PVP01_0422000.1|unknown -           2109 1133at5820           -           1080   1.6e-05   21.4   0.9   1   1   2.6e-07   5.2e-05   19.7   0.9   858   970  1771  1870  1755  1881 0.77 -
GCA_003402215.1|PVP01_1446500|PVP01_1446500.1|unknown -           1008 1133at5820           -           1080   0.00012   18.5   3.6   1   2     0.001       0.2    7.8   1.5   557   633    13    84     9    94 0.79 -
GCA_003402215.1|PVP01_1446500|PVP01_1446500.1|unknown -           1008 1133at5820           -           1080   0.00012   18.5   3.6   2   2   0.00014     0.028   10.7   0.0   874   966   146   242   119   255 0.76 -
GCA_003402215.1|PVP01_0411500|PVP01_0411500.1|unknown -            344 1133at5820           -           1080    0.0053   13.1   2.6   1   2      0.26        51   -0.1   1.0   348   445    34   133    15   144 0.59 -
GCA_003402215.1|PVP01_0411500|PVP01_0411500.1|unknown -            344 1133at5820           -           1080    0.0053   13.1   2.6   2   2    0.0005     0.098    8.9   0.0   872  1061   167   326   147   340 0.62 -
GCA_003402215.1|PVP01_0905700|PVP01_0905700.1|unknown -           1299 1133at5820           -           1080     0.018   11.4  18.5   1   2   4.8e-05    0.0095   12.2  12.7   776   889   284   403   246   409 0.66 -
GCA_003402215.1|PVP01_0905700|PVP01_0905700.1|unknown -           1299 1133at5820           -           1080     0.018   11.4  18.5   2   2     0.077        15    1.6   0.3   929   966   536   572   528   577 0.79 -
GCA_003402215.1|PVP01_1432100|PVP01_1432100.1|unknown -            118 1133at5820           -           1080     0.019   11.2   0.8   1   1   0.00011     0.022   11.0   0.8   310   398    11   102     2   113 0.68 -
GCA_003402215.1|PVP01_0828800|PVP01_0828800.1|unknown -           3037 1133at5820           -           1080     0.028   10.7   0.1   1   2      0.28        54   -0.2   0.1   850   960   259   366   226   369 0.67 -
GCA_003402215.1|PVP01_0828800|PVP01_0828800.1|unknown -           3037 1133at5820           -           1080     0.028   10.7   0.1   2   2   0.00085      0.17    8.1   0.0  1026  1060   403   437   395   452 0.87 -
#
# Program:         hmmsearch
# Version:         3.4 (Aug 2023)
# Pipeline mode:   SEARCH
# Query file:      /v3/work/00_inventory/busco/busco_downloads/lineages/plasmodium_odb10/hmms/1133at5820.hmm
# Target file:     /v3/inputs/annotations/plasmodb-68/PvSY56.proteins.fa
# Option settings: hmmsearch --domtblout /v3/work/00_inventory/busco/PvSY56_proteins/run_plasmodium_odb10/hmmer_output/initial_run_results/1133at5820.out --cpu 1 /v3/work/00_inventory/busco/busco_downloads/lineages/plasmodium_odb10/hmms/1133at5820.hmm /v3/inputs/annotations/plasmodb-68/PvSY56.proteins.fa 
# Current dir:     /v3/work/00_inventory/busco
# Date:            Tue May 19 18:00:01 2026
# [ok]
