#                                                                                                             --- full sequence --- -------------- this domain -------------   hmm coord   ali coord   env coord
# target name                                         accession   tlen query name           accession   qlen   E-value  score  bias   #  of  c-Evalue  i-Evalue  score  bias  from    to  from    to  from    to  acc description of target
#                                 ------------------- ---------- ----- -------------------- ---------- ----- --------- ------ ----- --- --- --------- --------- ------ ----- ----- ----- ----- ----- ----- ----- ---- ---------------------
GCA_003402215.1|PVP01_1421400|PVP01_1421400.1|unknown -            216 11589at5820          -            176     9e-52  173.5   2.9   1   1   3.1e-54   1.1e-51  173.2   2.9     7   176     6   180     1   181 0.91 -
GCA_003402215.1|PVP01_1449300|PVP01_1449300.1|unknown -            213 11589at5820          -            176   2.5e-47  159.0   0.2   1   1   8.7e-50   3.1e-47  158.7   0.2     9   167     4   165     1   171 0.93 -
GCA_003402215.1|PVP01_1021300|PVP01_1021300.1|unknown -            200 11589at5820          -            176   8.3e-40  134.5   1.5   1   1   2.9e-42     1e-39  134.2   1.5     8    85     4    82     1    87 0.96 -
GCA_003402215.1|PVP01_1214100|PVP01_1214100.1|unknown -            229 11589at5820          -            176   2.1e-39  133.2   0.6   1   1   7.8e-42   2.8e-39  132.8   0.4     6   175     3   181     1   183 0.90 -
GCA_003402215.1|PVP01_0945600|PVP01_0945600.1|unknown -            207 11589at5820          -            176   8.2e-37  124.7   0.3   1   1   3.2e-39   1.1e-36  124.3   0.3    13   169    12   172     3   177 0.94 -
GCA_003402215.1|PVP01_0208000|PVP01_0208000.1|unknown -            194 11589at5820          -            176   1.1e-33  114.6   0.3   1   1   3.9e-36   1.4e-33  114.3   0.3    19   174    14   173    10   177 0.91 -
GCA_003402215.1|PVP01_1411600|PVP01_1411600.1|unknown -            205 11589at5820          -            176   1.2e-32  111.2   0.2   1   1   4.1e-35   1.5e-32  110.9   0.2     5   169    25   192    21   198 0.86 -
GCA_003402215.1|PVP01_0701600|PVP01_0701600.1|unknown -            206 11589at5820          -            176   2.2e-32  110.3   0.6   1   1   7.7e-35   2.7e-32  110.0   0.6    11   173     7   178     1   181 0.85 -
GCA_003402215.1|PVP01_0413800|PVP01_0413800.1|unknown -            245 11589at5820          -            176   4.9e-29   99.4   2.9   1   2   9.2e-10   3.3e-07   28.4   0.0    12    58     6    52     2    61 0.89 -
GCA_003402215.1|PVP01_0413800|PVP01_0413800.1|unknown -            245 11589at5820          -            176   4.9e-29   99.4   2.9   2   2   7.7e-23   2.7e-20   70.9   1.0    60   172   102   214    85   219 0.93 -
GCA_003402215.1|PVP01_0918300|PVP01_0918300.1|unknown -            214 11589at5820          -            176     4e-22   76.9   0.0   1   1   1.4e-24   5.1e-22   76.6   0.0     6   168     3   166     1   171 0.84 -
GCA_003402215.1|PVP01_0606100|PVP01_0606100.1|unknown -            152 11589at5820          -            176     2e-11   42.1   0.1   1   1   6.7e-14   2.4e-11   41.8   0.1    14   130    19   135     6   149 0.81 -
GCA_003402215.1|PVP01_0619800|PVP01_0619800.1|unknown -            178 11589at5820          -            176   7.8e-11   40.1   0.2   1   1   2.6e-13   9.3e-11   39.9   0.2    14   137    19   142    10   176 0.77 -
GCA_003402215.1|PVP01_1265000|PVP01_1265000.1|unknown -            185 11589at5820          -            176     3e-10   38.2   1.6   1   1     1e-12   3.7e-10   38.0   1.6    13   146    17   150     8   177 0.85 -
GCA_003402215.1|PVP01_0526200|PVP01_0526200.1|unknown -            191 11589at5820          -            176   9.1e-07   26.9   0.0   1   1   3.7e-09   1.3e-06   26.4   0.0    14   127    22   135    18   145 0.80 -
GCA_003402215.1|PVP01_1132400|PVP01_1132400.1|unknown -            456 11589at5820          -            176   0.00062   17.7   0.2   1   2    0.0072       2.6    5.9   0.0    14    41     5    31     3    40 0.80 -
GCA_003402215.1|PVP01_1132400|PVP01_1132400.1|unknown -            456 11589at5820          -            176   0.00062   17.7   0.2   2   2   0.00064      0.23    9.3   0.0    63   102   159   198   149   209 0.84 -
#
# Program:         hmmsearch
# Version:         3.4 (Aug 2023)
# Pipeline mode:   SEARCH
# Query file:      /v3/work/00_inventory/busco/busco_downloads/lineages/plasmodium_odb10/hmms/11589at5820.hmm
# Target file:     /v3/inputs/annotations/plasmodb-68/PvSY56.proteins.fa
# Option settings: hmmsearch --domtblout /v3/work/00_inventory/busco/PvSY56_proteins/run_plasmodium_odb10/hmmer_output/initial_run_results/11589at5820.out --cpu 1 /v3/work/00_inventory/busco/busco_downloads/lineages/plasmodium_odb10/hmms/11589at5820.hmm /v3/inputs/annotations/plasmodb-68/PvSY56.proteins.fa 
# Current dir:     /v3/work/00_inventory/busco
# Date:            Tue May 19 18:00:54 2026
# [ok]
