#                                                                                                             --- full sequence --- -------------- this domain -------------   hmm coord   ali coord   env coord
# target name                                         accession   tlen query name           accession   qlen   E-value  score  bias   #  of  c-Evalue  i-Evalue  score  bias  from    to  from    to  from    to  acc description of target
#                                 ------------------- ---------- ----- -------------------- ---------- ----- --------- ------ ----- --- --- --------- --------- ------ ----- ----- ----- ----- ----- ----- ----- ---- ---------------------
GCA_003402215.1|PVP01_0727700|PVP01_0727700.1|unknown -            246 12230at5820          -            218   3.7e-51  172.1  27.6   1   4   5.7e-13   3.4e-10   38.2   1.5     1    34     1    41     1    50 0.90 -
GCA_003402215.1|PVP01_0727700|PVP01_0727700.1|unknown -            246 12230at5820          -            218   3.7e-51  172.1  27.6   2   4   7.2e-18   4.3e-15   54.2   6.5    77   129    84   136    77   146 0.82 -
GCA_003402215.1|PVP01_0727700|PVP01_0727700.1|unknown -            246 12230at5820          -            218   3.7e-51  172.1  27.6   3   4      0.05        29    2.4   1.4   117   132   149   167   138   171 0.77 -
GCA_003402215.1|PVP01_0727700|PVP01_0727700.1|unknown -            246 12230at5820          -            218   3.7e-51  172.1  27.6   4   4   5.2e-29   3.1e-26   90.6   0.1   124   177   193   246   184   246 0.92 -
GCA_003402215.1|PVP01_1111100|PVP01_1111100.1|unknown -            392 12230at5820          -            218   1.2e-06   26.6  16.6   1   3   2.7e-09   1.6e-06   26.2   6.2    40   215    18   193     5   196 0.79 -
GCA_003402215.1|PVP01_1111100|PVP01_1111100.1|unknown -            392 12230at5820          -            218   1.2e-06   26.6  16.6   2   3   0.00098      0.58    8.0   0.0   137   203   205   271   194   284 0.83 -
GCA_003402215.1|PVP01_1111100|PVP01_1111100.1|unknown -            392 12230at5820          -            218   1.2e-06   26.6  16.6   3   3       5.4   3.2e+03   -4.2   0.8    60    84   359   384   344   388 0.56 -
GCA_003402215.1|PVP01_0806500|PVP01_0806500.1|unknown -            250 12230at5820          -            218   4.2e-05   21.5   0.0   1   2   0.00097      0.57    8.0   0.0   141   213    21    93     4    97 0.85 -
GCA_003402215.1|PVP01_0806500|PVP01_0806500.1|unknown -            250 12230at5820          -            218   4.2e-05   21.5   0.0   2   2   8.2e-05     0.048   11.5   0.0   136   206   167   242   160   247 0.78 -
GCA_003402215.1|PVP01_1454200|PVP01_1454200.1|unknown -            482 12230at5820          -            218   0.00024   19.1   0.7   1   2     0.089        53    1.6   0.9    69   169    48    91    28   118 0.58 -
GCA_003402215.1|PVP01_1454200|PVP01_1454200.1|unknown -            482 12230at5820          -            218   0.00024   19.1   0.7   2   2     4e-07   0.00024   19.1   0.7   114   215   371   473   341   475 0.87 -
GCA_003402215.1|PVP01_0722400|PVP01_0722400.1|unknown -            202 12230at5820          -            218   0.00055   17.9   0.3   1   1   1.2e-06   0.00073   17.5   0.3   117   213    40   143     8   148 0.70 -
GCA_003402215.1|PVP01_1016700|PVP01_1016700.1|unknown -            316 12230at5820          -            218     0.009   13.9   0.0   1   1   2.3e-05     0.014   13.3   0.0   142   213     9    78     3    83 0.86 -
GCA_003402215.1|PVP01_1442500|PVP01_1442500.1|unknown -            896 12230at5820          -            218      0.01   13.7   7.5   1   3       1.3   7.6e+02   -2.2   0.0    77    96    60    79    34    85 0.84 -
GCA_003402215.1|PVP01_1442500|PVP01_1442500.1|unknown -            896 12230at5820          -            218      0.01   13.7   7.5   2   3   0.00031      0.18    9.7   0.1   142   208   105   171    98   180 0.88 -
GCA_003402215.1|PVP01_1442500|PVP01_1442500.1|unknown -            896 12230at5820          -            218      0.01   13.7   7.5   3   3     0.002       1.2    7.0   1.5    32   100   185   255   172   259 0.65 -
GCA_003402215.1|PVP01_0605200|PVP01_0605200.1|unknown -            502 12230at5820          -            218     0.013   13.3   0.1   1   2         9   5.3e+03   -7.1   6.5    12    34   127   150   119   155 0.66 -
GCA_003402215.1|PVP01_0605200|PVP01_0605200.1|unknown -            502 12230at5820          -            218     0.013   13.3   0.1   2   2   2.3e-05     0.013   13.3   0.1   136   209   341   413   288   419 0.85 -
GCA_003402215.1|PVP01_0511100|PVP01_0511100.1|unknown -            292 12230at5820          -            218     0.034   12.0   0.0   1   3      0.28   1.6e+02   -0.0   0.0    53    94    21    67    16    71 0.68 -
GCA_003402215.1|PVP01_0511100|PVP01_0511100.1|unknown -            292 12230at5820          -            218     0.034   12.0   0.0   2   3      0.76   4.5e+02   -1.4   0.0   116   161   105   150    96   165 0.73 -
GCA_003402215.1|PVP01_0511100|PVP01_0511100.1|unknown -            292 12230at5820          -            218     0.034   12.0   0.0   3   3   0.00082      0.48    8.3   0.0   143   215   157   229   153   231 0.81 -
#
# Program:         hmmsearch
# Version:         3.4 (Aug 2023)
# Pipeline mode:   SEARCH
# Query file:      /v3/work/00_inventory/busco/busco_downloads/lineages/plasmodium_odb10/hmms/12230at5820.hmm
# Target file:     /v3/inputs/annotations/plasmodb-68/PvSY56.proteins.fa
# Option settings: hmmsearch --domtblout /v3/work/00_inventory/busco/PvSY56_proteins/run_plasmodium_odb10/hmmer_output/initial_run_results/12230at5820.out --cpu 1 /v3/work/00_inventory/busco/busco_downloads/lineages/plasmodium_odb10/hmms/12230at5820.hmm /v3/inputs/annotations/plasmodb-68/PvSY56.proteins.fa 
# Current dir:     /v3/work/00_inventory/busco
# Date:            Tue May 19 17:56:20 2026
# [ok]
