#                                                                                                             --- full sequence --- -------------- this domain -------------   hmm coord   ali coord   env coord
# target name                                         accession   tlen query name           accession   qlen   E-value  score  bias   #  of  c-Evalue  i-Evalue  score  bias  from    to  from    to  from    to  acc description of target
#                                 ------------------- ---------- ----- -------------------- ---------- ----- --------- ------ ----- --- --- --------- --------- ------ ----- ----- ----- ----- ----- ----- ----- ---- ---------------------
GCA_003402215.1|PVP01_1252200|PVP01_1252200.1|unknown -            189 13960at5820          -            101   5.9e-46  153.0  22.5   1   2   1.3e-46   2.3e-43  144.7  12.6     1    82     1    82     1    95 0.93 -
GCA_003402215.1|PVP01_1252200|PVP01_1252200.1|unknown -            189 13960at5820          -            101   5.9e-46  153.0  22.5   2   2     7e-06     0.012   13.9   2.2    74   101   143   170   124   170 0.82 -
GCA_003402215.1|PVP01_1252100|PVP01_1252100.1|unknown -            152 13960at5820          -            101   3.6e-10   38.1   8.8   1   1   2.1e-13   3.6e-10   38.1   8.8    16    69    66   119    54   131 0.88 -
GCA_003402215.1|PVP01_1251600|PVP01_1251600.1|unknown -            628 13960at5820          -            101   8.2e-10   37.0  13.7   1   5       0.2   3.5e+02   -0.3   2.3    60    98   112   149   109   153 0.70 -
GCA_003402215.1|PVP01_1251600|PVP01_1251600.1|unknown -            628 13960at5820          -            101   8.2e-10   37.0  13.7   2   5   4.6e-13   8.2e-10   37.0  13.7     8    69   185   247   183   256 0.91 -
GCA_003402215.1|PVP01_1251600|PVP01_1251600.1|unknown -            628 13960at5820          -            101   8.2e-10   37.0  13.7   3   5      0.21   3.8e+02   -0.4   0.1    33    45   259   271   249   291 0.82 -
GCA_003402215.1|PVP01_1251600|PVP01_1251600.1|unknown -            628 13960at5820          -            101   8.2e-10   37.0  13.7   4   5      0.56   9.9e+02   -1.8   0.1    40    70   312   342   283   365 0.77 -
GCA_003402215.1|PVP01_1251600|PVP01_1251600.1|unknown -            628 13960at5820          -            101   8.2e-10   37.0  13.7   5   5      0.64   1.1e+03   -2.0   0.0    67    94   487   514   451   519 0.76 -
#
# Program:         hmmsearch
# Version:         3.4 (Aug 2023)
# Pipeline mode:   SEARCH
# Query file:      /v3/work/00_inventory/busco/busco_downloads/lineages/plasmodium_odb10/hmms/13960at5820.hmm
# Target file:     /v3/inputs/annotations/plasmodb-68/PvSY56.proteins.fa
# Option settings: hmmsearch --domtblout /v3/work/00_inventory/busco/PvSY56_proteins/run_plasmodium_odb10/hmmer_output/initial_run_results/13960at5820.out --cpu 1 /v3/work/00_inventory/busco/busco_downloads/lineages/plasmodium_odb10/hmms/13960at5820.hmm /v3/inputs/annotations/plasmodb-68/PvSY56.proteins.fa 
# Current dir:     /v3/work/00_inventory/busco
# Date:            Tue May 19 18:01:44 2026
# [ok]
