#                                                                                                             --- full sequence --- -------------- this domain -------------   hmm coord   ali coord   env coord
# target name                                         accession   tlen query name           accession   qlen   E-value  score  bias   #  of  c-Evalue  i-Evalue  score  bias  from    to  from    to  from    to  acc description of target
#                                 ------------------- ---------- ----- -------------------- ---------- ----- --------- ------ ----- --- --- --------- --------- ------ ----- ----- ----- ----- ----- ----- ----- ---- ---------------------
GCA_003402215.1|PVP01_1314200|PVP01_1314200.1|unknown -           3073 142at5820            -           2479         0 5351.8 110.0   1   7  9.8e-270  5.8e-267  887.2   5.5     2   389    52   439    51   451 0.99 -
GCA_003402215.1|PVP01_1314200|PVP01_1314200.1|unknown -           3073 142at5820            -           2479         0 5351.8 110.0   2   7         0         0 2288.9  14.2   377  1394   464  1571   457  1589 0.98 -
GCA_003402215.1|PVP01_1314200|PVP01_1314200.1|unknown -           3073 142at5820            -           2479         0 5351.8 110.0   3   7   1.2e-07     7e-05   17.8  11.8  1367  1445  1578  1664  1568  1666 0.64 -
GCA_003402215.1|PVP01_1314200|PVP01_1314200.1|unknown -           3073 142at5820            -           2479         0 5351.8 110.0   4   7         9   5.3e+03  -15.8  38.0  1400  1448  1642  1690  1639  1717 0.53 -
GCA_003402215.1|PVP01_1314200|PVP01_1314200.1|unknown -           3073 142at5820            -           2479         0 5351.8 110.0   5   7         0         0 1037.0   7.8  1440  1934  1770  2279  1730  2299 0.92 -
GCA_003402215.1|PVP01_1314200|PVP01_1314200.1|unknown -           3073 142at5820            -           2479         0 5351.8 110.0   6   7  3.2e-277  1.9e-274  912.1   0.3  1923  2333  2419  2830  2401  2850 0.97 -
GCA_003402215.1|PVP01_1314200|PVP01_1314200.1|unknown -           3073 142at5820            -           2479         0 5351.8 110.0   7   7   2.6e-79   1.5e-76  255.6   2.0  2337  2479  2927  3073  2913  3073 0.94 -
GCA_003402215.1|PVP01_0722100|PVP01_0722100.1|unknown -            430 142at5820            -           2479   3.4e-08   28.8   5.8   1   1   9.1e-11   5.3e-08   28.2   5.8  1393  1458    66   130    49   189 0.59 -
GCA_003402215.1|PVP01_1005900|PVP01_1005900.1|unknown -            667 142at5820            -           2479   0.00062   14.7  16.8   1   1   1.4e-06   0.00084   14.3  16.8  1386  1514    33   172    18   183 0.51 -
GCA_003402215.1|PVP01_1471900|PVP01_1471900.1|unknown -            319 142at5820            -           2479   0.00087   14.2  10.3   1   1   1.9e-06    0.0011   13.9  10.3  1398  1484   120   204    85   216 0.68 -
GCA_003402215.1|PVP01_1409800|PVP01_1409800.1|unknown -            476 142at5820            -           2479      0.57    4.9  11.5   1   1    0.0013      0.77    4.4  11.5  1408  1459    75   126    54   160 0.43 -
GCA_003402215.1|PVP01_1423500|PVP01_1423500.1|unknown -            242 142at5820            -           2479      0.67    4.6  18.5   1   1    0.0015      0.87    4.2  18.5  1356  1465    28   144    12   163 0.58 -
GCA_003402215.1|PVP01_1301400|PVP01_1301400.1|unknown -            383 142at5820            -           2479       2.3    2.8  22.5   1   1    0.0049       2.9    2.5  22.5  1396  1465   190   258   158   306 0.59 -
GCA_003402215.1|PVP01_1218000|PVP01_1218000.1|unknown -            139 142at5820            -           2479       3.4    2.3  25.0   1   1    0.0064       3.8    2.1  25.0  1409  1461    83   135    58   139 0.43 -
GCA_003402215.1|PVP01_1006800|PVP01_1006800.1|unknown -            971 142at5820            -           2479       9.6    0.8  24.6   1   2     0.043        25   -0.6   0.2  1884  1954    81   150    69   158 0.72 -
GCA_003402215.1|PVP01_1006800|PVP01_1006800.1|unknown -            971 142at5820            -           2479       9.6    0.8  24.6   2   2    0.0028       1.6    3.3  19.5  1405  1475   793   862   767   867 0.47 -
#
# Program:         hmmsearch
# Version:         3.4 (Aug 2023)
# Pipeline mode:   SEARCH
# Query file:      /v3/work/00_inventory/busco/busco_downloads/lineages/plasmodium_odb10/hmms/142at5820.hmm
# Target file:     /v3/inputs/annotations/plasmodb-68/PvSY56.proteins.fa
# Option settings: hmmsearch --domtblout /v3/work/00_inventory/busco/PvSY56_proteins/run_plasmodium_odb10/hmmer_output/initial_run_results/142at5820.out --cpu 1 /v3/work/00_inventory/busco/busco_downloads/lineages/plasmodium_odb10/hmms/142at5820.hmm /v3/inputs/annotations/plasmodb-68/PvSY56.proteins.fa 
# Current dir:     /v3/work/00_inventory/busco
# Date:            Tue May 19 18:02:49 2026
# [ok]
