#                                                                                                             --- full sequence --- -------------- this domain -------------   hmm coord   ali coord   env coord
# target name                                         accession   tlen query name           accession   qlen   E-value  score  bias   #  of  c-Evalue  i-Evalue  score  bias  from    to  from    to  from    to  acc description of target
#                                 ------------------- ---------- ----- -------------------- ---------- ----- --------- ------ ----- --- --- --------- --------- ------ ----- ----- ----- ----- ----- ----- ----- ---- ---------------------
GCA_003402215.1|PVP01_1112500|PVP01_1112500.1|unknown -            506 14381at5820          -             87     4e-17   60.9   0.0   1   3   3.3e-05    0.0058   15.5   0.0    22    77    99   154    86   163 0.88 -
GCA_003402215.1|PVP01_1112500|PVP01_1112500.1|unknown -            506 14381at5820          -             87     4e-17   60.9   0.0   2   3   2.6e-06   0.00046   19.0   0.0    22    79   198   255   183   261 0.90 -
GCA_003402215.1|PVP01_1112500|PVP01_1112500.1|unknown -            506 14381at5820          -             87     4e-17   60.9   0.0   3   3   2.8e-07   4.9e-05   22.2   0.0    26    80   387   441   371   447 0.87 -
GCA_003402215.1|PVP01_1339100|PVP01_1339100.1|unknown -            504 14381at5820          -             87   4.2e-16   57.6   2.0   1   4   6.8e-07   0.00012   20.9   0.0    16    78    88   150    77   155 0.88 -
GCA_003402215.1|PVP01_1339100|PVP01_1339100.1|unknown -            504 14381at5820          -             87   4.2e-16   57.6   2.0   2   4   0.00031     0.055   12.4   0.1    20    80   190   249   180   254 0.87 -
GCA_003402215.1|PVP01_1339100|PVP01_1339100.1|unknown -            504 14381at5820          -             87   4.2e-16   57.6   2.0   3   4       5.8     1e+03   -1.3   0.1    29    47   302   320   293   331 0.77 -
GCA_003402215.1|PVP01_1339100|PVP01_1339100.1|unknown -            504 14381at5820          -             87   4.2e-16   57.6   2.0   4   4   8.1e-07   0.00014   20.7   0.0    13    76   397   460   390   467 0.87 -
GCA_003402215.1|PVP01_1442500|PVP01_1442500.1|unknown -            896 14381at5820          -             87   2.3e-12   45.7   1.1   1   3   6.3e-07   0.00011   21.0   0.0    20    77    25    82    13    89 0.88 -
GCA_003402215.1|PVP01_1442500|PVP01_1442500.1|unknown -            896 14381at5820          -             87   2.3e-12   45.7   1.1   2   3   0.00025     0.044   12.7   0.1    13    77   106   169    99   177 0.86 -
GCA_003402215.1|PVP01_1442500|PVP01_1442500.1|unknown -            896 14381at5820          -             87   2.3e-12   45.7   1.1   3   3     0.004      0.71    8.8   0.0    19    79   201   258   193   266 0.85 -
GCA_003402215.1|PVP01_0519700|PVP01_0519700.1|unknown -            269 14381at5820          -             87   2.3e-08   32.9   0.0   1   1   3.5e-10   6.2e-08   31.5   0.0    13    84   190   264   185   265 0.88 -
GCA_003402215.1|PVP01_1238000|PVP01_1238000.1|unknown -            947 14381at5820          -             87   3.7e-08   32.2   0.3   1   2   2.3e-09     4e-07   28.8   0.1    14    74   713   773   706   785 0.88 -
GCA_003402215.1|PVP01_1238000|PVP01_1238000.1|unknown -            947 14381at5820          -             87   3.7e-08   32.2   0.3   2   2       1.5   2.6e+02    0.6   0.0    27    78   871   925   858   933 0.70 -
GCA_003402215.1|PVP01_0607600|PVP01_0607600.1|unknown -            545 14381at5820          -             87   5.6e-08   31.6   0.3   1   3   3.2e-08   5.7e-06   25.2   0.0    13    75    15    77    10    83 0.95 -
GCA_003402215.1|PVP01_0607600|PVP01_0607600.1|unknown -            545 14381at5820          -             87   5.6e-08   31.6   0.3   2   3      0.54        96    2.0   0.0    13    50   115   150   109   170 0.78 -
GCA_003402215.1|PVP01_0607600|PVP01_0607600.1|unknown -            545 14381at5820          -             87   5.6e-08   31.6   0.3   3   3       2.6   4.6e+02   -0.2   0.0    30    52   170   193   155   220 0.79 -
GCA_003402215.1|PVP01_1030600|PVP01_1030600.1|unknown -            349 14381at5820          -             87   8.7e-08   31.0   0.0   1   1   8.5e-10   1.5e-07   30.2   0.0    17    77    18    78    11    88 0.87 -
GCA_003402215.1|PVP01_1111100|PVP01_1111100.1|unknown -            392 14381at5820          -             87   4.8e-07   28.6   5.1   1   3    0.0024      0.43    9.5   0.6    11    77    18    79    11    86 0.86 -
GCA_003402215.1|PVP01_1111100|PVP01_1111100.1|unknown -            392 14381at5820          -             87   4.8e-07   28.6   5.1   2   3     0.049       8.8    5.3   0.0    29    74   133   180   129   187 0.74 -
GCA_003402215.1|PVP01_1111100|PVP01_1111100.1|unknown -            392 14381at5820          -             87   4.8e-07   28.6   5.1   3   3   9.6e-05     0.017   14.0   0.1    19    75   217   272   200   281 0.79 -
GCA_003402215.1|PVP01_0820700|PVP01_0820700.1|unknown -            307 14381at5820          -             87   6.7e-07   28.1   0.0   1   1   7.4e-09   1.3e-06   27.2   0.0    13    80    38   105    33   111 0.93 -
GCA_003402215.1|PVP01_1421700|PVP01_1421700.1|unknown -            124 14381at5820          -             87   1.4e-06   27.2   0.5   1   1   1.1e-08   1.9e-06   26.7   0.5    20    75    17    72     7    83 0.87 -
GCA_003402215.1|PVP01_1232900|PVP01_1232900.1|unknown -           1052 14381at5820          -             87   1.7e-06   26.8   0.2   1   2   0.00099      0.18   10.8   0.0    13    68   663   719   656   731 0.78 -
GCA_003402215.1|PVP01_1232900|PVP01_1232900.1|unknown -           1052 14381at5820          -             87   1.7e-06   26.8   0.2   2   2   0.00016     0.029   13.3   0.0    21    75   773   827   760   840 0.85 -
GCA_003402215.1|PVP01_0931800|PVP01_0931800.1|unknown -            156 14381at5820          -             87   3.1e-06   26.0   0.3   1   1   3.1e-08   5.4e-06   25.2   0.3    15    76     8    75     3    85 0.79 -
GCA_003402215.1|PVP01_0715100|PVP01_0715100.1|unknown -            340 14381at5820          -             87   4.9e-06   25.4   0.2   1   2   0.00055     0.097   11.6   0.0    13    64    89   138    77   154 0.82 -
GCA_003402215.1|PVP01_0715100|PVP01_0715100.1|unknown -            340 14381at5820          -             87   4.9e-06   25.4   0.2   2   2   0.00082      0.15   11.0   0.0    21    65   180   223   171   241 0.76 -
GCA_003402215.1|PVP01_1261400|PVP01_1261400.1|unknown -            793 14381at5820          -             87   8.3e-06   24.6   0.0   1   1     1e-07   1.8e-05   23.6   0.0    12    77    30    95    26   104 0.95 -
GCA_003402215.1|PVP01_1328900|PVP01_1328900.1|unknown -            475 14381at5820          -             87   4.2e-05   22.4   0.5   1   1   2.4e-07   4.2e-05   22.4   0.5    13    80   109   175   101   184 0.87 -
GCA_003402215.1|PVP01_0927500|PVP01_0927500.1|unknown -           1075 14381at5820          -             87   7.9e-05   21.5   0.0   1   1   7.6e-07   0.00013   20.8   0.0    10    73     5    68     2    77 0.89 -
GCA_003402215.1|PVP01_0722400|PVP01_0722400.1|unknown -            202 14381at5820          -             87    0.0001   21.1   0.0   1   1   9.6e-07   0.00017   20.4   0.0     7    68    67   128    61   143 0.86 -
GCA_003402215.1|PVP01_1443100|PVP01_1443100.1|unknown -            110 14381at5820          -             87    0.0002   20.2   0.0   1   1   1.6e-06   0.00028   19.7   0.0    12    75    15    75     8    83 0.85 -
GCA_003402215.1|PVP01_1120100|PVP01_1120100.1|unknown -            673 14381at5820          -             87   0.00021   20.2   0.6   1   2    0.0011      0.19   10.6   0.1    50    76    67    93    24   103 0.71 -
GCA_003402215.1|PVP01_1120100|PVP01_1120100.1|unknown -            673 14381at5820          -             87   0.00021   20.2   0.6   2   2     0.012       2.1    7.3   0.0    27    75   147   196   132   201 0.77 -
GCA_003402215.1|PVP01_0521000|PVP01_0521000.1|unknown -            361 14381at5820          -             87   0.00034   19.4   0.3   1   2     2e-05    0.0036   16.2   0.1    14    66   121   173   110   187 0.82 -
GCA_003402215.1|PVP01_0521000|PVP01_0521000.1|unknown -            361 14381at5820          -             87   0.00034   19.4   0.3   2   2       1.2   2.1e+02    0.9   0.0    24    61   215   251   204   265 0.81 -
GCA_003402215.1|PVP01_1427700|PVP01_1427700.1|unknown -           1094 14381at5820          -             87   0.00043   19.1   0.1   1   1   6.2e-06    0.0011   17.8   0.1    21    79   240   298   229   307 0.85 -
GCA_003402215.1|PVP01_1133400|PVP01_1133400.1|unknown -            189 14381at5820          -             87   0.00065   18.6   0.1   1   1   5.9e-06     0.001   17.9   0.1    15    76   101   161    94   168 0.87 -
GCA_003402215.1|PVP01_1346100|PVP01_1346100.1|unknown -            661 14381at5820          -             87    0.0013   17.6   0.2   1   1   3.7e-05    0.0066   15.3   0.1    15    78   170   236   165   246 0.76 -
GCA_003402215.1|PVP01_0511100|PVP01_0511100.1|unknown -            292 14381at5820          -             87     0.003   16.4   0.0   1   2     0.097        17    4.4   0.0    51    76    46    71    20    78 0.75 -
GCA_003402215.1|PVP01_0511100|PVP01_0511100.1|unknown -            292 14381at5820          -             87     0.003   16.4   0.0   2   2    0.0021      0.37    9.7   0.0    29    75   173   218   161   225 0.85 -
GCA_003402215.1|PVP01_1454200|PVP01_1454200.1|unknown -            482 14381at5820          -             87     0.007   15.3   0.1   1   1   9.2e-05     0.016   14.1   0.1    27    79   415   466   397   472 0.78 -
GCA_003402215.1|PVP01_0731700|PVP01_0731700.1|unknown -            708 14381at5820          -             87     0.007   15.3   0.0   1   1   7.7e-05     0.014   14.3   0.0    13    74     9    70     2    78 0.87 -
GCA_003402215.1|PVP01_1436000|PVP01_1436000.1|unknown -           1164 14381at5820          -             87    0.0078   15.1   4.6   1   3       6.1   1.1e+03   -1.4   0.0    13    40   733   760   729   784 0.72 -
GCA_003402215.1|PVP01_1436000|PVP01_1436000.1|unknown -           1164 14381at5820          -             87    0.0078   15.1   4.6   2   3       1.3   2.3e+02    0.8   0.1    51    75   961   985   900   993 0.56 -
GCA_003402215.1|PVP01_1436000|PVP01_1436000.1|unknown -           1164 14381at5820          -             87    0.0078   15.1   4.6   3   3   0.00054     0.095   11.6   0.1    14    77  1026  1088  1015  1098 0.83 -
GCA_003402215.1|PVP01_1016700|PVP01_1016700.1|unknown -            316 14381at5820          -             87     0.019   13.8   0.0   1   1   0.00022     0.038   12.9   0.0    27    75    24    69     8    76 0.77 -
GCA_003402215.1|PVP01_1118300|PVP01_1118300.1|unknown -           1165 14381at5820          -             87      0.11   11.4   3.3   1   1    0.0003     0.053   12.4   0.5    13    80   636   707   625   714 0.75 -
GCA_003402215.1|PVP01_0937200|PVP01_0937200.1|unknown -           1065 14381at5820          -             87       1.2    8.1   6.5   1   2    0.0016      0.29   10.1   0.4    23    72   319   366   300   378 0.80 -
GCA_003402215.1|PVP01_0937200|PVP01_0937200.1|unknown -           1065 14381at5820          -             87       1.2    8.1   6.5   2   2       5.7     1e+03   -1.3   0.2    38    67   980  1011   959  1021 0.65 -
#
# Program:         hmmsearch
# Version:         3.4 (Aug 2023)
# Pipeline mode:   SEARCH
# Query file:      /v3/work/00_inventory/busco/busco_downloads/lineages/plasmodium_odb10/hmms/14381at5820.hmm
# Target file:     /v3/inputs/annotations/plasmodb-68/PvSY56.proteins.fa
# Option settings: hmmsearch --domtblout /v3/work/00_inventory/busco/PvSY56_proteins/run_plasmodium_odb10/hmmer_output/initial_run_results/14381at5820.out --cpu 1 /v3/work/00_inventory/busco/busco_downloads/lineages/plasmodium_odb10/hmms/14381at5820.hmm /v3/inputs/annotations/plasmodb-68/PvSY56.proteins.fa 
# Current dir:     /v3/work/00_inventory/busco
# Date:            Tue May 19 18:02:58 2026
# [ok]
