#                                                                                                             --- full sequence --- -------------- this domain -------------   hmm coord   ali coord   env coord
# target name                                         accession   tlen query name           accession   qlen   E-value  score  bias   #  of  c-Evalue  i-Evalue  score  bias  from    to  from    to  from    to  acc description of target
#                                 ------------------- ---------- ----- -------------------- ---------- ----- --------- ------ ----- --- --- --------- --------- ------ ----- ----- ----- ----- ----- ----- ----- ---- ---------------------
GCA_003402215.1|PVP01_0724000|PVP01_0724000.1|unknown -            133 14603at5820          -             96     6e-59  194.5   0.7   1   1   1.9e-61   7.3e-59  194.2   0.7     1    96    21   116    21   116 0.99 -
GCA_003402215.1|PVP01_1249700|PVP01_1249700.1|unknown -            104 14603at5820          -             96   4.1e-16   57.2   0.1   1   1   1.3e-18   4.9e-16   56.9   0.1    17    95    14    92     3    93 0.93 -
GCA_003402215.1|PVP01_0506500|PVP01_0506500.1|unknown -            482 14603at5820          -             96   1.3e-11   42.7   1.1   1   3   1.5e-06   0.00057   18.2   0.0    18    82    44   112    28   119 0.81 -
GCA_003402215.1|PVP01_0506500|PVP01_0506500.1|unknown -            482 14603at5820          -             96   1.3e-11   42.7   1.1   2   3      0.66   2.5e+02    0.1   0.1     6    62   141   194   137   200 0.71 -
GCA_003402215.1|PVP01_0506500|PVP01_0506500.1|unknown -            482 14603at5820          -             96   1.3e-11   42.7   1.1   3   3   3.3e-07   0.00012   20.3   0.0    18    84   368   437   358   441 0.74 -
GCA_003402215.1|PVP01_0714500|PVP01_0714500.1|unknown -            179 14603at5820          -             96   1.2e-08   33.2   0.1   1   2      0.68   2.6e+02    0.1   0.0    39    65    50    76    42    84 0.74 -
GCA_003402215.1|PVP01_0714500|PVP01_0714500.1|unknown -            179 14603at5820          -             96   1.2e-08   33.2   0.1   2   2   9.2e-11   3.5e-08   31.7   0.0     5    83    68   147    64   163 0.75 -
GCA_003402215.1|PVP01_1209700|PVP01_1209700.1|unknown -            157 14603at5820          -             96   2.1e-06   26.0   0.1   1   1   1.7e-08   6.5e-06   24.5   0.1    13    87    61   137    58   144 0.86 -
GCA_003402215.1|PVP01_1449700|PVP01_1449700.1|unknown -            142 14603at5820          -             96   7.3e-06   24.3   0.1   1   1   2.7e-08     1e-05   23.8   0.1    19    80    21    83    13   101 0.79 -
GCA_003402215.1|PVP01_1202300|PVP01_1202300.1|unknown -            209 14603at5820          -             96   2.1e-05   22.8   0.0   1   1   9.9e-08   3.8e-05   22.0   0.0    26    88    50   113    32   116 0.91 -
GCA_003402215.1|PVP01_1244800|PVP01_1244800.1|unknown -            121 14603at5820          -             96   0.00022   19.6   1.1   1   1   7.4e-07   0.00028   19.2   1.1     3    94     7   103     5   105 0.82 -
GCA_003402215.1|PVP01_0806300|PVP01_0806300.1|unknown -            193 14603at5820          -             96   0.00038   18.8   0.0   1   2       1.9     7e+02   -1.3   0.9    42    66    34    57    14    70 0.58 -
GCA_003402215.1|PVP01_0806300|PVP01_0806300.1|unknown -            193 14603at5820          -             96   0.00038   18.8   0.0   2   2   9.9e-07   0.00038   18.8   0.0     4    95    74   165    71   166 0.96 -
GCA_003402215.1|PVP01_1234200|PVP01_1234200.1|unknown -            543 14603at5820          -             96    0.0021   16.4   0.0   1   1   2.3e-05    0.0089   14.4   0.0     8    49   406   448   400   494 0.80 -
GCA_003402215.1|PVP01_0905200|PVP01_0905200.1|unknown -            430 14603at5820          -             96    0.0034   15.8   0.9   1   2      0.16        59    2.2   0.1    15    70    53   109    34   118 0.66 -
GCA_003402215.1|PVP01_0905200|PVP01_0905200.1|unknown -            430 14603at5820          -             96    0.0034   15.8   0.9   2   2   0.00021     0.079   11.4   0.1    42    90   192   240   181   245 0.78 -
GCA_003402215.1|PVP01_0813800|PVP01_0813800.1|unknown -            206 14603at5820          -             96     0.005   15.2   0.0   1   1   2.2e-05    0.0082   14.5   0.0    26    81    81   140    58   152 0.72 -
GCA_003402215.1|PVP01_0703400|PVP01_0703400.1|unknown -            282 14603at5820          -             96    0.0082   14.5   2.4   1   2   0.00017     0.063   11.7   0.3    16    89   142   216   126   222 0.75 -
GCA_003402215.1|PVP01_0703400|PVP01_0703400.1|unknown -            282 14603at5820          -             96    0.0082   14.5   2.4   2   2      0.18        68    2.0   0.1    42    64   251   273   228   280 0.84 -
GCA_003402215.1|PVP01_0836600|PVP01_0836600.1|unknown -            179 14603at5820          -             96     0.013   13.9   0.0   1   1   6.7e-05     0.025   12.9   0.0     8    62    38    89    31   107 0.80 -
#
# Program:         hmmsearch
# Version:         3.4 (Aug 2023)
# Pipeline mode:   SEARCH
# Query file:      /v3/work/00_inventory/busco/busco_downloads/lineages/plasmodium_odb10/hmms/14603at5820.hmm
# Target file:     /v3/inputs/annotations/plasmodb-68/PvSY56.proteins.fa
# Option settings: hmmsearch --domtblout /v3/work/00_inventory/busco/PvSY56_proteins/run_plasmodium_odb10/hmmer_output/initial_run_results/14603at5820.out --cpu 1 /v3/work/00_inventory/busco/busco_downloads/lineages/plasmodium_odb10/hmms/14603at5820.hmm /v3/inputs/annotations/plasmodb-68/PvSY56.proteins.fa 
# Current dir:     /v3/work/00_inventory/busco
# Date:            Tue May 19 18:03:46 2026
# [ok]
