#                                                                                                             --- full sequence --- -------------- this domain -------------   hmm coord   ali coord   env coord
# target name                                         accession   tlen query name           accession   qlen   E-value  score  bias   #  of  c-Evalue  i-Evalue  score  bias  from    to  from    to  from    to  acc description of target
#                                 ------------------- ---------- ----- -------------------- ---------- ----- --------- ------ ----- --- --- --------- --------- ------ ----- ----- ----- ----- ----- ----- ----- ---- ---------------------
GCA_003402215.1|PVP01_1409100|PVP01_1409100.1|unknown -            151 14606at5820          -            121   8.5e-64  211.4  10.9   1   2   3.1e-63   4.1e-60  199.5   4.9     2   110     2   111     1   115 0.95 -
GCA_003402215.1|PVP01_1409100|PVP01_1409100.1|unknown -            151 14606at5820          -            121   8.5e-64  211.4  10.9   2   2   2.5e-06    0.0033   15.8   0.3   100   121   130   151   125   151 0.87 -
GCA_003402215.1|PVP01_0947200|PVP01_0947200.1|unknown -           1064 14606at5820          -            121   5.3e-06   24.8   0.3   1   2      0.77     1e+03   -1.9   0.3    79   110   632   664   613   669 0.66 -
GCA_003402215.1|PVP01_0947200|PVP01_0947200.1|unknown -           1064 14606at5820          -            121   5.3e-06   24.8   0.3   2   2     4e-09   5.3e-06   24.8   0.3    20   100   925  1004   902  1018 0.78 -
GCA_003402215.1|PVP01_1267500|PVP01_1267500.1|unknown -           1312 14606at5820          -            121   8.4e-05   21.0   0.6   1   1   2.4e-07   0.00031   19.1   0.6    17    82    33    99    16   124 0.82 -
GCA_003402215.1|PVP01_1112700|PVP01_1112700.1|unknown -            251 14606at5820          -            121     0.011   14.1   9.0   1   2      0.11   1.4e+02    0.9   0.1    68    84    32    48    23    76 0.72 -
GCA_003402215.1|PVP01_1112700|PVP01_1112700.1|unknown -            251 14606at5820          -            121     0.011   14.1   9.0   2   2   6.8e-06     0.009   14.4   4.6    20    81   100   160    94   204 0.72 -
#
# Program:         hmmsearch
# Version:         3.4 (Aug 2023)
# Pipeline mode:   SEARCH
# Query file:      /v3/work/00_inventory/busco/busco_downloads/lineages/plasmodium_odb10/hmms/14606at5820.hmm
# Target file:     /v3/inputs/annotations/plasmodb-68/PvSY56.proteins.fa
# Option settings: hmmsearch --domtblout /v3/work/00_inventory/busco/PvSY56_proteins/run_plasmodium_odb10/hmmer_output/initial_run_results/14606at5820.out --cpu 1 /v3/work/00_inventory/busco/busco_downloads/lineages/plasmodium_odb10/hmms/14606at5820.hmm /v3/inputs/annotations/plasmodb-68/PvSY56.proteins.fa 
# Current dir:     /v3/work/00_inventory/busco
# Date:            Tue May 19 18:03:46 2026
# [ok]
