#                                                                                                             --- full sequence --- -------------- this domain -------------   hmm coord   ali coord   env coord
# target name                                         accession   tlen query name           accession   qlen   E-value  score  bias   #  of  c-Evalue  i-Evalue  score  bias  from    to  from    to  from    to  acc description of target
#                                 ------------------- ---------- ----- -------------------- ---------- ----- --------- ------ ----- --- --- --------- --------- ------ ----- ----- ----- ----- ----- ----- ----- ---- ---------------------
GCA_003402215.1|PVP01_1227900|PVP01_1227900.1|unknown -           1633 1462at5820           -           1037         0 1015.6  75.5   1   9   6.5e-33   3.5e-29   99.8   4.0   161   256     8   111     2   126 0.87 -
GCA_003402215.1|PVP01_1227900|PVP01_1227900.1|unknown -           1633 1462at5820           -           1037         0 1015.6  75.5   2   9   7.2e-10   3.8e-06   23.6   0.0   260   289   145   174   139   180 0.92 -
GCA_003402215.1|PVP01_1227900|PVP01_1227900.1|unknown -           1633 1462at5820           -           1037         0 1015.6  75.5   3   9     0.005        27    0.9   0.0   308   335   392   419   375   424 0.85 -
GCA_003402215.1|PVP01_1227900|PVP01_1227900.1|unknown -           1633 1462at5820           -           1037         0 1015.6  75.5   4   9   2.8e-42   1.5e-38  130.9   0.0   331   421   465   555   456   560 0.95 -
GCA_003402215.1|PVP01_1227900|PVP01_1227900.1|unknown -           1633 1462at5820           -           1037         0 1015.6  75.5   5   9  2.3e-135  1.2e-131  439.0  27.2   438   698   661   943   657   947 0.90 -
GCA_003402215.1|PVP01_1227900|PVP01_1227900.1|unknown -           1633 1462at5820           -           1037         0 1015.6  75.5   6   9   1.3e-20   6.9e-17   59.1   0.0   698   750   979  1032   974  1041 0.91 -
GCA_003402215.1|PVP01_1227900|PVP01_1227900.1|unknown -           1633 1462at5820           -           1037         0 1015.6  75.5   7   9   1.9e-70     1e-66  224.1  14.3   746   929  1076  1310  1072  1330 0.80 -
GCA_003402215.1|PVP01_1227900|PVP01_1227900.1|unknown -           1633 1462at5820           -           1037         0 1015.6  75.5   8   9   4.8e-11   2.6e-07   27.4   0.0   944   978  1484  1518  1479  1526 0.88 -
GCA_003402215.1|PVP01_1227900|PVP01_1227900.1|unknown -           1633 1462at5820           -           1037         0 1015.6  75.5   9   9   5.8e-09   3.1e-05   20.5   0.1   974  1006  1538  1570  1533  1571 0.90 -
#
# Program:         hmmsearch
# Version:         3.4 (Aug 2023)
# Pipeline mode:   SEARCH
# Query file:      /v3/work/00_inventory/busco/busco_downloads/lineages/plasmodium_odb10/hmms/1462at5820.hmm
# Target file:     /v3/inputs/annotations/plasmodb-68/PvSY56.proteins.fa
# Option settings: hmmsearch --domtblout /v3/work/00_inventory/busco/PvSY56_proteins/run_plasmodium_odb10/hmmer_output/initial_run_results/1462at5820.out --cpu 1 /v3/work/00_inventory/busco/busco_downloads/lineages/plasmodium_odb10/hmms/1462at5820.hmm /v3/inputs/annotations/plasmodb-68/PvSY56.proteins.fa 
# Current dir:     /v3/work/00_inventory/busco
# Date:            Tue May 19 18:03:51 2026
# [ok]
