#                                                                                                             --- full sequence --- -------------- this domain -------------   hmm coord   ali coord   env coord
# target name                                         accession   tlen query name           accession   qlen   E-value  score  bias   #  of  c-Evalue  i-Evalue  score  bias  from    to  from    to  from    to  acc description of target
#                                 ------------------- ---------- ----- -------------------- ---------- ----- --------- ------ ----- --- --- --------- --------- ------ ----- ----- ----- ----- ----- ----- ----- ---- ---------------------
GCA_003402215.1|PVP01_0926200|PVP01_0926200.1|unknown -            127 14807at5820          -            107   3.3e-63  208.5   7.9   1   1   5.5e-66   4.9e-63  208.0   7.9     1   104     1   107     1   111 0.97 -
GCA_003402215.1|PVP01_1013600|PVP01_1013600.1|unknown -            103 14807at5820          -            107   1.2e-07   29.9   0.5   1   1   5.5e-10   4.9e-07   27.9   0.5     4    89     4    84     1   103 0.73 -
GCA_003402215.1|PVP01_0907800|PVP01_0907800.1|unknown -            127 14807at5820          -            107     2e-07   29.1   0.1   1   1   1.4e-09   1.3e-06   26.6   0.1     7   106     8    97     2   100 0.80 -
GCA_003402215.1|PVP01_0708300|PVP01_0708300.1|unknown -            116 14807at5820          -            107   0.00061   17.9   0.1   1   1   3.8e-06    0.0033   15.6   0.1    13    89    16    82     5    99 0.80 -
GCA_003402215.1|PVP01_1229600|PVP01_1229600.1|unknown -             77 14807at5820          -            107    0.0043   15.2   0.2   1   1     4e-05     0.036   12.3   0.2     6    44     9    47     7    76 0.80 -
GCA_003402215.1|PVP01_1446300|PVP01_1446300.1|unknown -            444 14807at5820          -            107      0.08   11.1   3.5   1   2   6.6e-05     0.059   11.6   0.3    29    76    32    78     5    90 0.83 -
GCA_003402215.1|PVP01_1446300|PVP01_1446300.1|unknown -            444 14807at5820          -            107      0.08   11.1   3.5   2   2      0.56     5e+02   -1.1   0.2    86   101   292   307   265   311 0.57 -
#
# Program:         hmmsearch
# Version:         3.4 (Aug 2023)
# Pipeline mode:   SEARCH
# Query file:      /v3/work/00_inventory/busco/busco_downloads/lineages/plasmodium_odb10/hmms/14807at5820.hmm
# Target file:     /v3/inputs/annotations/plasmodb-68/PvSY56.proteins.fa
# Option settings: hmmsearch --domtblout /v3/work/00_inventory/busco/PvSY56_proteins/run_plasmodium_odb10/hmmer_output/initial_run_results/14807at5820.out --cpu 1 /v3/work/00_inventory/busco/busco_downloads/lineages/plasmodium_odb10/hmms/14807at5820.hmm /v3/inputs/annotations/plasmodb-68/PvSY56.proteins.fa 
# Current dir:     /v3/work/00_inventory/busco
# Date:            Tue May 19 18:04:22 2026
# [ok]
