#                                                                                                             --- full sequence --- -------------- this domain -------------   hmm coord   ali coord   env coord
# target name                                         accession   tlen query name           accession   qlen   E-value  score  bias   #  of  c-Evalue  i-Evalue  score  bias  from    to  from    to  from    to  acc description of target
#                                 ------------------- ---------- ----- -------------------- ---------- ----- --------- ------ ----- --- --- --------- --------- ------ ----- ----- ----- ----- ----- ----- ----- ---- ---------------------
GCA_003402215.1|PVP01_0931800|PVP01_0931800.1|unknown -            156 14831at5820          -            106   1.8e-37  126.0  12.2   1   2   9.8e-40   1.8e-37  126.0  12.2     1   101     1   112     1   119 0.78 -
GCA_003402215.1|PVP01_0931800|PVP01_0931800.1|unknown -            156 14831at5820          -            106   1.8e-37  126.0  12.2   2   2       5.6     1e+03   -1.8  13.9    77   106   117   155   103   155 0.66 -
GCA_003402215.1|PVP01_1442500|PVP01_1442500.1|unknown -            896 14831at5820          -            106   1.8e-15   55.3   6.9   1   3   0.00027      0.05   12.0   0.0     4    67    16    85    13   101 0.85 -
GCA_003402215.1|PVP01_1442500|PVP01_1442500.1|unknown -            896 14831at5820          -            106   1.8e-15   55.3   6.9   2   3   1.3e-06   0.00023   19.6   2.1     6    80   106   185   102   195 0.82 -
GCA_003402215.1|PVP01_1442500|PVP01_1442500.1|unknown -            896 14831at5820          -            106   1.8e-15   55.3   6.9   3   3   3.8e-08     7e-06   24.4   0.3     5    81   194   274   190   283 0.80 -
GCA_003402215.1|PVP01_1111100|PVP01_1111100.1|unknown -            392 14831at5820          -            106   2.8e-11   41.8  13.7   1   3   4.7e-11   8.5e-09   33.8   2.5     3    80    17    95    15   119 0.86 -
GCA_003402215.1|PVP01_1111100|PVP01_1111100.1|unknown -            392 14831at5820          -            106   2.8e-11   41.8  13.7   2   3      0.31        57    2.2   0.3     5    74   119   194   115   208 0.67 -
GCA_003402215.1|PVP01_1111100|PVP01_1111100.1|unknown -            392 14831at5820          -            106   2.8e-11   41.8  13.7   3   3   0.00016     0.029   12.8   0.4     5    75   210   287   206   301 0.79 -
GCA_003402215.1|PVP01_0319600|PVP01_0319600.1|unknown -           1299 14831at5820          -            106   2.2e-07   29.3   2.6   1   2   6.1e-05     0.011   14.1   0.1     7    74   113   179   108   194 0.88 -
GCA_003402215.1|PVP01_0319600|PVP01_0319600.1|unknown -           1299 14831at5820          -            106   2.2e-07   29.3   2.6   2   2   2.9e-08   5.3e-06   24.8   0.3     3    76   914   991   912  1020 0.81 -
GCA_003402215.1|PVP01_0806500|PVP01_0806500.1|unknown -            250 14831at5820          -            106   2.3e-07   29.2   0.7   1   2    0.0055         1    7.8   0.1     6   100    23   123    19   130 0.77 -
GCA_003402215.1|PVP01_0806500|PVP01_0806500.1|unknown -            250 14831at5820          -            106   2.3e-07   29.2   0.7   2   2   1.1e-06   0.00021   19.7   0.1     4    75   172   248   168   250 0.81 -
GCA_003402215.1|PVP01_1465300|PVP01_1465300.1|unknown -            390 14831at5820          -            106   5.4e-07   28.0   0.5   1   1   8.5e-09   1.6e-06   26.5   0.3     4    72   224   293   221   300 0.90 -
GCA_003402215.1|PVP01_1328900|PVP01_1328900.1|unknown -            475 14831at5820          -            106   8.9e-07   27.3   3.0   1   2      0.43        79    1.8   0.0     2    25    18    41    17    50 0.91 -
GCA_003402215.1|PVP01_1328900|PVP01_1328900.1|unknown -            475 14831at5820          -            106   8.9e-07   27.3   3.0   2   2   2.8e-08   5.2e-06   24.8   1.0     5    84   108   191   105   207 0.82 -
GCA_003402215.1|PVP01_1112500|PVP01_1112500.1|unknown -            506 14831at5820          -            106   1.1e-06   27.1   0.3   1   3    0.0075       1.4    7.4   0.0     7    40    91   124    87   146 0.85 -
GCA_003402215.1|PVP01_1112500|PVP01_1112500.1|unknown -            506 14831at5820          -            106   1.1e-06   27.1   0.3   2   3   0.00074      0.14   10.6   0.0     5    62   188   251   184   279 0.76 -
GCA_003402215.1|PVP01_1112500|PVP01_1112500.1|unknown -            506 14831at5820          -            106   1.1e-06   27.1   0.3   3   3     0.052       9.6    4.7   0.1     6    84   374   456   371   478 0.63 -
GCA_003402215.1|PVP01_1443100|PVP01_1443100.1|unknown -            110 14831at5820          -            106   1.6e-06   26.5   0.2   1   1     1e-08   1.9e-06   26.2   0.2     5    83    15    96    12   110 0.78 -
GCA_003402215.1|PVP01_1339100|PVP01_1339100.1|unknown -            504 14831at5820          -            106     2e-06   26.2  11.4   1   3   0.00066      0.12   10.8   0.0     6    39    85   118    82   151 0.86 -
GCA_003402215.1|PVP01_1339100|PVP01_1339100.1|unknown -            504 14831at5820          -            106     2e-06   26.2  11.4   2   3    0.0014      0.26    9.8   1.6     3    83   180   268   178   303 0.77 -
GCA_003402215.1|PVP01_1339100|PVP01_1339100.1|unknown -            504 14831at5820          -            106     2e-06   26.2  11.4   3   3    0.0012      0.22   10.0   0.4     6    82   397   479   393   500 0.70 -
GCA_003402215.1|PVP01_0927500|PVP01_0927500.1|unknown -           1075 14831at5820          -            106   2.2e-06   26.0   0.0   1   1   1.2e-08   2.2e-06   26.0   0.0     4    86     6    94     1   112 0.85 -
GCA_003402215.1|PVP01_1421700|PVP01_1421700.1|unknown -            124 14831at5820          -            106   3.2e-06   25.5   2.9   1   1   2.3e-08   4.2e-06   25.1   2.9     4    81     8    91     4   115 0.81 -
GCA_003402215.1|PVP01_1407800|PVP01_1407800.1|unknown -            502 14831at5820          -            106     6e-06   24.7  15.0   1   3   4.9e-06    0.0009   17.7   2.1     3    96   223   323   222   337 0.77 -
GCA_003402215.1|PVP01_1407800|PVP01_1407800.1|unknown -            502 14831at5820          -            106     6e-06   24.7  15.0   2   3       3.9   7.1e+02   -1.3   1.7    59    88   368   397   332   409 0.55 -
GCA_003402215.1|PVP01_1407800|PVP01_1407800.1|unknown -            502 14831at5820          -            106     6e-06   24.7  15.0   3   3   3.2e-05    0.0058   15.0   0.1     5    74   431   500   427   502 0.93 -
GCA_003402215.1|PVP01_1261400|PVP01_1261400.1|unknown -            793 14831at5820          -            106   6.2e-06   24.6   0.3   1   1   9.5e-08   1.7e-05   23.2   0.3     6    89    31   120    27   126 0.87 -
GCA_003402215.1|PVP01_1030600|PVP01_1030600.1|unknown -            349 14831at5820          -            106   2.3e-05   22.7   0.0   1   2   1.3e-07   2.3e-05   22.7   0.0     5    78    13    92    10   108 0.80 -
GCA_003402215.1|PVP01_1030600|PVP01_1030600.1|unknown -            349 14831at5820          -            106   2.3e-05   22.7   0.0   2   2         6   1.1e+03   -1.9   1.8    72   101   116   146   114   152 0.62 -
GCA_003402215.1|PVP01_0802200|PVP01_0802200.1|unknown -            322 14831at5820          -            106   2.9e-05   22.4   0.2   1   1   1.6e-07   2.9e-05   22.4   0.2     4    82    90   173    86   189 0.81 -
GCA_003402215.1|PVP01_0733700|PVP01_0733700.1|unknown -            192 14831at5820          -            106     3e-05   22.4   0.8   1   2   4.6e-05    0.0085   14.5   0.4     3    81     9    94     8   112 0.79 -
GCA_003402215.1|PVP01_0733700|PVP01_0733700.1|unknown -            192 14831at5820          -            106     3e-05   22.4   0.8   2   2     0.015       2.8    6.4   0.0     5    55   121   171   117   179 0.91 -
GCA_003402215.1|PVP01_1142400|PVP01_1142400.1|unknown -            778 14831at5820          -            106   3.5e-05   22.2   9.1   1   4      0.41        76    1.8   0.2    11    75   261   327   248   341 0.59 -
GCA_003402215.1|PVP01_1142400|PVP01_1142400.1|unknown -            778 14831at5820          -            106   3.5e-05   22.2   9.1   2   4    0.0046      0.84    8.1   0.2     7    96   437   530   432   538 0.73 -
GCA_003402215.1|PVP01_1142400|PVP01_1142400.1|unknown -            778 14831at5820          -            106   3.5e-05   22.2   9.1   3   4      0.13        23    3.5   0.0     6    75   583   654   579   682 0.75 -
GCA_003402215.1|PVP01_1142400|PVP01_1142400.1|unknown -            778 14831at5820          -            106   3.5e-05   22.2   9.1   4   4   0.00051     0.094   11.2   0.1     4    60   699   758   697   777 0.75 -
GCA_003402215.1|PVP01_0727700|PVP01_0727700.1|unknown -            246 14831at5820          -            106   0.00014   20.2   4.4   1   2   2.3e-06   0.00043   18.7   0.9    43    99    85   141    79   145 0.74 -
GCA_003402215.1|PVP01_0727700|PVP01_0727700.1|unknown -            246 14831at5820          -            106   0.00014   20.2   4.4   2   2      0.24        45    2.6   0.1     3    38   209   244   207   246 0.89 -
GCA_003402215.1|PVP01_1346100|PVP01_1346100.1|unknown -            661 14831at5820          -            106   0.00016   20.1   0.5   1   2       7.6   1.4e+03   -2.3   0.8    73    86    83    98    79   119 0.55 -
GCA_003402215.1|PVP01_1346100|PVP01_1346100.1|unknown -            661 14831at5820          -            106   0.00016   20.1   0.5   2   2   8.5e-07   0.00016   20.1   0.5     5    76   167   247   164   278 0.79 -
GCA_003402215.1|PVP01_1133400|PVP01_1133400.1|unknown -            189 14831at5820          -            106   0.00019   19.8   2.2   1   1     2e-06   0.00037   18.9   2.2     6    80    99   178    80   187 0.79 -
GCA_003402215.1|PVP01_1142800|PVP01_1142800.1|unknown -            651 14831at5820          -            106   0.00054   18.4   2.3   1   2     0.081        15    4.1   0.1     4    37     9    42     6    68 0.76 -
GCA_003402215.1|PVP01_1142800|PVP01_1142800.1|unknown -            651 14831at5820          -            106   0.00054   18.4   2.3   2   2   2.9e-06   0.00054   18.4   2.3     4   100   166   265   163   270 0.84 -
GCA_003402215.1|PVP01_1436000|PVP01_1436000.1|unknown -           1164 14831at5820          -            106   0.00098   17.5   0.4   1   8         3   5.6e+02   -1.0   1.2    45    84    56    94    41   103 0.67 -
GCA_003402215.1|PVP01_1436000|PVP01_1436000.1|unknown -           1164 14831at5820          -            106   0.00098   17.5   0.4   2   8       2.3   4.2e+02   -0.6   6.3    75   104   214   242   149   245 0.69 -
GCA_003402215.1|PVP01_1436000|PVP01_1436000.1|unknown -           1164 14831at5820          -            106   0.00098   17.5   0.4   3   8       2.4   4.4e+02   -0.6   6.0     1   102   383   483   383   486 0.70 -
GCA_003402215.1|PVP01_1436000|PVP01_1436000.1|unknown -           1164 14831at5820          -            106   0.00098   17.5   0.4   4   8    0.0055         1    7.9   0.3    39    80   514   555   504   587 0.74 -
GCA_003402215.1|PVP01_1436000|PVP01_1436000.1|unknown -           1164 14831at5820          -            106   0.00098   17.5   0.4   5   8   5.3e-06   0.00098   17.5   0.4     3    55   730   782   728   792 0.93 -
GCA_003402215.1|PVP01_1436000|PVP01_1436000.1|unknown -           1164 14831at5820          -            106   0.00098   17.5   0.4   6   8     0.057        10    4.6   3.8     2    48   904   951   903  1011 0.79 -
GCA_003402215.1|PVP01_1436000|PVP01_1436000.1|unknown -           1164 14831at5820          -            106   0.00098   17.5   0.4   7   8       2.5   4.5e+02   -0.7   0.7    45    97   968  1018   963  1025 0.54 -
GCA_003402215.1|PVP01_1436000|PVP01_1436000.1|unknown -           1164 14831at5820          -            106   0.00098   17.5   0.4   8   8   0.00045     0.083   11.3   3.3     5    76  1024  1100  1020  1156 0.78 -
GCA_003402215.1|PVP01_1238000|PVP01_1238000.1|unknown -            947 14831at5820          -            106    0.0067   14.8   0.1   1   2   3.7e-05    0.0067   14.8   0.1     3    74   709   786   707   805 0.74 -
GCA_003402215.1|PVP01_1238000|PVP01_1238000.1|unknown -            947 14831at5820          -            106    0.0067   14.8   0.1   2   2         3   5.4e+02   -0.9   0.0    31    78   891   938   888   945 0.75 -
GCA_003402215.1|PVP01_1232900|PVP01_1232900.1|unknown -           1052 14831at5820          -            106     0.021   13.3   0.0   1   4       8.4   1.5e+03   -2.4   1.4    71   105    94   128    89   129 0.85 -
GCA_003402215.1|PVP01_1232900|PVP01_1232900.1|unknown -           1052 14831at5820          -            106     0.021   13.3   0.0   2   4       3.5   6.3e+02   -1.2   0.0     5    40   662   698   659   746 0.78 -
GCA_003402215.1|PVP01_1232900|PVP01_1232900.1|unknown -           1052 14831at5820          -            106     0.021   13.3   0.0   3   4   0.00011     0.021   13.3   0.0    14   101   773   866   763   871 0.80 -
GCA_003402215.1|PVP01_1232900|PVP01_1232900.1|unknown -           1052 14831at5820          -            106     0.021   13.3   0.0   4   4    0.0097       1.8    7.1   0.0    40    75   982  1016   976  1038 0.86 -
GCA_003402215.1|PVP01_1454200|PVP01_1454200.1|unknown -            482 14831at5820          -            106     0.025   13.0   6.8   1   3     0.054        10    4.6   0.2     5    40    17    53    13    71 0.82 -
GCA_003402215.1|PVP01_1454200|PVP01_1454200.1|unknown -            482 14831at5820          -            106     0.025   13.0   6.8   2   3       4.2   7.7e+02   -1.4   0.1     2    16   358   372   357   386 0.84 -
GCA_003402215.1|PVP01_1454200|PVP01_1454200.1|unknown -            482 14831at5820          -            106     0.025   13.0   6.8   3   3   0.00047     0.086   11.3   0.1    20    76   415   476   397   482 0.73 -
GCA_003402215.1|PVP01_1016700|PVP01_1016700.1|unknown -            316 14831at5820          -            106     0.047   12.1   0.0   1   1   0.00026     0.047   12.1   0.0     5    73     9    80     3   108 0.80 -
GCA_003402215.1|PVP01_0715100|PVP01_0715100.1|unknown -            340 14831at5820          -            106      0.54    8.7   9.7   1   1   8.2e-05     0.015   13.7   2.4     3    85   169   255   167   277 0.64 -
GCA_003402215.1|PVP01_1018900|PVP01_1018900.1|unknown -            713 14831at5820          -            106       6.5    5.3  10.5   1   3       1.6     3e+02   -0.1   0.9    66   100   296   330   280   336 0.57 -
GCA_003402215.1|PVP01_1018900|PVP01_1018900.1|unknown -            713 14831at5820          -            106       6.5    5.3  10.5   2   3       4.4   8.1e+02   -1.5   0.8    78    91   485   498   472   507 0.39 -
GCA_003402215.1|PVP01_1018900|PVP01_1018900.1|unknown -            713 14831at5820          -            106       6.5    5.3  10.5   3   3    0.0014      0.26    9.7   0.0    20    66   616   662   600   682 0.83 -
#
# Program:         hmmsearch
# Version:         3.4 (Aug 2023)
# Pipeline mode:   SEARCH
# Query file:      /v3/work/00_inventory/busco/busco_downloads/lineages/plasmodium_odb10/hmms/14831at5820.hmm
# Target file:     /v3/inputs/annotations/plasmodb-68/PvSY56.proteins.fa
# Option settings: hmmsearch --domtblout /v3/work/00_inventory/busco/PvSY56_proteins/run_plasmodium_odb10/hmmer_output/initial_run_results/14831at5820.out --cpu 1 /v3/work/00_inventory/busco/busco_downloads/lineages/plasmodium_odb10/hmms/14831at5820.hmm /v3/inputs/annotations/plasmodb-68/PvSY56.proteins.fa 
# Current dir:     /v3/work/00_inventory/busco
# Date:            Tue May 19 18:04:25 2026
# [ok]
