#                                                                                                             --- full sequence --- -------------- this domain -------------   hmm coord   ali coord   env coord
# target name                                         accession   tlen query name           accession   qlen   E-value  score  bias   #  of  c-Evalue  i-Evalue  score  bias  from    to  from    to  from    to  acc description of target
#                                 ------------------- ---------- ----- -------------------- ---------- ----- --------- ------ ----- --- --- --------- --------- ------ ----- ----- ----- ----- ----- ----- ----- ---- ---------------------
GCA_003402215.1|PVP01_0927600|PVP01_0927600.1|unknown -             86 14966at5820          -             76   4.4e-55  182.1   0.8   1   1   1.2e-57   4.9e-55  181.9   0.8     1    76     5    80     5    80 0.99 -
GCA_003402215.1|PVP01_1229600|PVP01_1229600.1|unknown -             77 14966at5820          -             76     1e-16   59.1   0.0   1   1   2.6e-19   1.1e-16   59.1   0.0     5    73     5    73     1    77 0.95 -
GCA_003402215.1|PVP01_0907800|PVP01_0907800.1|unknown -            127 14966at5820          -             76   6.4e-05   21.4   0.0   1   1   2.1e-07   8.8e-05   20.9   0.0    10    74     8    73     2    75 0.85 -
GCA_003402215.1|PVP01_1013600|PVP01_1013600.1|unknown -            103 14966at5820          -             76   0.00016   20.1   0.0   1   1   4.7e-07   0.00019   19.8   0.0    16    47    15    46     4    73 0.78 -
GCA_003402215.1|PVP01_1204600|PVP01_1204600.1|unknown -             94 14966at5820          -             76   0.00029   19.2   0.1   1   1   8.4e-07   0.00034   19.0   0.1    28    75    41    89    16    90 0.86 -
GCA_003402215.1|PVP01_0512000|PVP01_0512000.1|unknown -             83 14966at5820          -             76    0.0026   16.2   0.1   1   1   7.9e-06    0.0032   15.9   0.1    16    70    20    73     9    78 0.85 -
GCA_003402215.1|PVP01_1334100|PVP01_1334100.1|unknown -            201 14966at5820          -             76    0.0033   15.9   0.1   1   1   2.5e-05      0.01   14.3   0.0    26    69    23    74     6    81 0.72 -
GCA_003402215.1|PVP01_0926200|PVP01_0926200.1|unknown -            127 14966at5820          -             76    0.0034   15.8   1.0   1   1   2.6e-05     0.011   14.2   1.0     8    70     5    77     2    83 0.78 -
GCA_003402215.1|PVP01_1263700|PVP01_1263700.1|unknown -            101 14966at5820          -             76    0.0035   15.8   0.2   1   1   1.1e-05    0.0044   15.5   0.2     8    50    14    56     9    78 0.87 -
GCA_003402215.1|PVP01_0514400|PVP01_0514400.1|unknown -             67 14966at5820          -             76    0.0049   15.3   0.0   1   1   1.4e-05    0.0057   15.1   0.0     5    49     9    53     4    61 0.86 -
GCA_003402215.1|PVP01_1308300|PVP01_1308300.1|unknown -            107 14966at5820          -             76    0.0078   14.7   0.0   1   1   2.6e-05     0.011   14.2   0.0    15    52    25    62    14    71 0.88 -
GCA_003402215.1|PVP01_0505100|PVP01_0505100.1|unknown -             95 14966at5820          -             76     0.011   14.2   0.3   1   1   3.8e-05     0.016   13.7   0.3    20    73    16    71     4    75 0.77 -
GCA_003402215.1|PVP01_1017000|PVP01_1017000.1|unknown -            165 14966at5820          -             76     0.024   13.1   0.0   1   1    0.0001     0.041   12.3   0.0    26    68    98   139    88   146 0.82 -
#
# Program:         hmmsearch
# Version:         3.4 (Aug 2023)
# Pipeline mode:   SEARCH
# Query file:      /v3/work/00_inventory/busco/busco_downloads/lineages/plasmodium_odb10/hmms/14966at5820.hmm
# Target file:     /v3/inputs/annotations/plasmodb-68/PvSY56.proteins.fa
# Option settings: hmmsearch --domtblout /v3/work/00_inventory/busco/PvSY56_proteins/run_plasmodium_odb10/hmmer_output/initial_run_results/14966at5820.out --cpu 1 /v3/work/00_inventory/busco/busco_downloads/lineages/plasmodium_odb10/hmms/14966at5820.hmm /v3/inputs/annotations/plasmodb-68/PvSY56.proteins.fa 
# Current dir:     /v3/work/00_inventory/busco
# Date:            Tue May 19 18:04:48 2026
# [ok]
