#                                                                                                             --- full sequence --- -------------- this domain -------------   hmm coord   ali coord   env coord
# target name                                         accession   tlen query name           accession   qlen   E-value  score  bias   #  of  c-Evalue  i-Evalue  score  bias  from    to  from    to  from    to  acc description of target
#                                 ------------------- ---------- ----- -------------------- ---------- ----- --------- ------ ----- --- --- --------- --------- ------ ----- ----- ----- ----- ----- ----- ----- ---- ---------------------
GCA_003402215.1|PVP01_0409000|PVP01_0409000.1|unknown -           1276 1547at5820           -           1023         0 1417.2  44.0   1   4   3.6e-24   2.1e-21   73.6   0.5     2    68   112   191   111   208 0.85 -
GCA_003402215.1|PVP01_0409000|PVP01_0409000.1|unknown -           1276 1547at5820           -           1023         0 1417.2  44.0   2   4   1.4e-63   8.5e-61  204.0   5.9   208   351   495   636   481   640 0.93 -
GCA_003402215.1|PVP01_0409000|PVP01_0409000.1|unknown -           1276 1547at5820           -           1023         0 1417.2  44.0   3   4  2.5e-254  1.5e-251  835.5  17.0   348   748   666  1087   655  1096 0.98 -
GCA_003402215.1|PVP01_0409000|PVP01_0409000.1|unknown -           1276 1547at5820           -           1023         0 1417.2  44.0   4   4   5.3e-98   3.1e-95  318.0   0.4   746   897  1125  1276  1111  1276 0.98 -
GCA_003402215.1|PVP01_0905000|PVP01_0905000.1|unknown -           1427 1547at5820           -           1023  2.5e-156  520.3  22.0   1   3  4.2e-159  2.5e-156  520.3  22.0   348   856   310   820   267   918 0.85 -
GCA_003402215.1|PVP01_0905000|PVP01_0905000.1|unknown -           1427 1547at5820           -           1023  2.5e-156  520.3  22.0   2   3         9   5.3e+03   -9.7   8.8    58   160   940  1044   928  1051 0.52 -
GCA_003402215.1|PVP01_0905000|PVP01_0905000.1|unknown -           1427 1547at5820           -           1023  2.5e-156  520.3  22.0   3   3       2.2   1.3e+03   -5.2   3.1    57   108  1154  1206  1113  1254 0.60 -
GCA_003402215.1|PVP01_1124900|PVP01_1124900.1|unknown -           2938 1547at5820           -           1023   7.3e-76  253.9   6.2   1   5   2.9e-48   1.7e-45  153.4   0.1   367   567   337   543   301   550 0.87 -
GCA_003402215.1|PVP01_1124900|PVP01_1124900.1|unknown -           2938 1547at5820           -           1023   7.3e-76  253.9   6.2   2   5      0.02        12    1.6   0.5   590   666   610   682   593   753 0.84 -
GCA_003402215.1|PVP01_1124900|PVP01_1124900.1|unknown -           2938 1547at5820           -           1023   7.3e-76  253.9   6.2   3   5   7.5e-36   4.4e-33  112.3   3.1   701   885  1246  1435  1240  1459 0.86 -
GCA_003402215.1|PVP01_1124900|PVP01_1124900.1|unknown -           2938 1547at5820           -           1023   7.3e-76  253.9   6.2   4   5       1.8   1.1e+03   -4.9   9.4    55   146  1762  1854  1735  1885 0.61 -
GCA_003402215.1|PVP01_1124900|PVP01_1124900.1|unknown -           2938 1547at5820           -           1023   7.3e-76  253.9   6.2   5   5      0.76   4.5e+02   -3.6   2.1    56    90  2378  2412  2348  2441 0.66 -
GCA_003402215.1|PVP01_0116800|PVP01_0116800.1|unknown -           1073 1547at5820           -           1023   1.1e-62  210.2  17.4   1   3   1.4e-43   8.4e-41  137.8   5.3   380   671   127   434    84   443 0.81 -
GCA_003402215.1|PVP01_0116800|PVP01_0116800.1|unknown -           1073 1547at5820           -           1023   1.1e-62  210.2  17.4   2   3   2.3e-28   1.4e-25   87.5   4.2   680   852   526   699   513   775 0.79 -
GCA_003402215.1|PVP01_0116800|PVP01_0116800.1|unknown -           1073 1547at5820           -           1023   1.1e-62  210.2  17.4   3   3         9   5.3e+03  -18.8  16.6   920   940   835   855   826   875 0.53 -
GCA_003402215.1|PVP01_1114400|PVP01_1114400.1|unknown -            874 1547at5820           -           1023   2.6e-39  132.9   9.6   1   1   1.9e-41   1.1e-38  130.8   9.6   373   826   301   755   287   765 0.82 -
GCA_003402215.1|PVP01_1467900|PVP01_1467900.1|unknown -           1609 1547at5820           -           1023   2.1e-23   80.2  10.3   1   4   3.4e-11     2e-08   30.6   0.4   361   420   208   267   178   275 0.79 -
GCA_003402215.1|PVP01_1467900|PVP01_1467900.1|unknown -           1609 1547at5820           -           1023   2.1e-23   80.2  10.3   2   4   0.00044      0.26    7.1   0.2   427   485   362   418   357   436 0.76 -
GCA_003402215.1|PVP01_1467900|PVP01_1467900.1|unknown -           1609 1547at5820           -           1023   2.1e-23   80.2  10.3   3   4     1e-15   5.9e-13   45.6   0.0   488   549   975  1037   970  1064 0.84 -
GCA_003402215.1|PVP01_1467900|PVP01_1467900.1|unknown -           1609 1547at5820           -           1023   2.1e-23   80.2  10.3   4   4     0.041        24    0.6   0.1   627   672  1149  1195  1108  1213 0.81 -
GCA_003402215.1|PVP01_1445300|PVP01_1445300.1|unknown -            723 1547at5820           -           1023   8.8e-06   21.9   0.3   1   1   2.9e-08   1.7e-05   20.9   0.3   700   801   580   678   546   686 0.81 -
GCA_003402215.1|PVP01_1005900|PVP01_1005900.1|unknown -            667 1547at5820           -           1023    0.0002   17.4   0.0   1   2       1.3   7.6e+02   -4.4   9.4   209   278    87   156    33   202 0.61 -
GCA_003402215.1|PVP01_1005900|PVP01_1005900.1|unknown -            667 1547at5820           -           1023    0.0002   17.4   0.0   2   2   3.3e-07    0.0002   17.4   0.0   698   803   467   569   453   587 0.86 -
GCA_003402215.1|PVP01_1238100|PVP01_1238100.1|unknown -            398 1547at5820           -           1023   0.00041   16.4   1.4   1   2      0.17        99   -1.5   0.0   325   362   208   244   195   247 0.90 -
GCA_003402215.1|PVP01_1238100|PVP01_1238100.1|unknown -            398 1547at5820           -           1023   0.00041   16.4   1.4   2   2   1.4e-06   0.00082   15.4   0.7   704   810   266   367   256   385 0.88 -
#
# Program:         hmmsearch
# Version:         3.4 (Aug 2023)
# Pipeline mode:   SEARCH
# Query file:      /v3/work/00_inventory/busco/busco_downloads/lineages/plasmodium_odb10/hmms/1547at5820.hmm
# Target file:     /v3/inputs/annotations/plasmodb-68/PvSY56.proteins.fa
# Option settings: hmmsearch --domtblout /v3/work/00_inventory/busco/PvSY56_proteins/run_plasmodium_odb10/hmmer_output/initial_run_results/1547at5820.out --cpu 1 /v3/work/00_inventory/busco/busco_downloads/lineages/plasmodium_odb10/hmms/1547at5820.hmm /v3/inputs/annotations/plasmodb-68/PvSY56.proteins.fa 
# Current dir:     /v3/work/00_inventory/busco
# Date:            Tue May 19 18:01:37 2026
# [ok]
