#                                                                                                             --- full sequence --- -------------- this domain -------------   hmm coord   ali coord   env coord
# target name                                         accession   tlen query name           accession   qlen   E-value  score  bias   #  of  c-Evalue  i-Evalue  score  bias  from    to  from    to  from    to  acc description of target
#                                 ------------------- ---------- ----- -------------------- ---------- ----- --------- ------ ----- --- --- --------- --------- ------ ----- ----- ----- ----- ----- ----- ----- ---- ---------------------
GCA_003402215.1|PVP01_0615200|PVP01_0615200.1|unknown -           1213 1632at5820           -            958         0 1770.8  26.2   1   4   3.4e-14     3e-11   40.2   0.6     1    41     4    52     4    59 0.88 -
GCA_003402215.1|PVP01_0615200|PVP01_0615200.1|unknown -           1213 1632at5820           -            958         0 1770.8  26.2   2   4     2e-28   1.7e-25   87.3   0.1    76   146   233   318   216   327 0.87 -
GCA_003402215.1|PVP01_0615200|PVP01_0615200.1|unknown -           1213 1632at5820           -            958         0 1770.8  26.2   3   4  2.2e-196  1.9e-193  643.2   4.2   132   447   362   691   334   697 0.96 -
GCA_003402215.1|PVP01_0615200|PVP01_0615200.1|unknown -           1213 1632at5820           -            958         0 1770.8  26.2   4   4         0         0 1012.8   3.5   521   958   765  1213   759  1213 0.98 -
GCA_003402215.1|PVP01_1107700|PVP01_1107700.1|unknown -           1139 1632at5820           -            958  1.1e-196  653.9  20.3   1   2   2.8e-87   2.5e-84  282.0   3.4   306   543   441   683   429   692 0.95 -
GCA_003402215.1|PVP01_1107700|PVP01_1107700.1|unknown -           1139 1632at5820           -            958  1.1e-196  653.9  20.3   2   2  4.3e-116  3.8e-113  377.4   9.1   549   921   757  1134   743  1138 0.95 -
GCA_003402215.1|PVP01_1449800|PVP01_1449800.1|unknown -           1154 1632at5820           -            958  5.2e-163  542.5  19.2   1   2   1.5e-88   1.3e-85  286.2   3.7   299   573   406   679   398   685 0.95 -
GCA_003402215.1|PVP01_1449800|PVP01_1449800.1|unknown -           1154 1632at5820           -            958  5.2e-163  542.5  19.2   2   2   3.5e-81   3.1e-78  261.9   7.6   543   921   750  1149   742  1152 0.89 -
GCA_003402215.1|PVP01_0513000|PVP01_0513000.1|unknown -            738 1632at5820           -            958     1e-67  227.1  11.0   1   4   3.6e-10   3.2e-07   26.8   0.1   308   351     3    46     1    53 0.89 -
GCA_003402215.1|PVP01_0513000|PVP01_0513000.1|unknown -            738 1632at5820           -            958     1e-67  227.1  11.0   2   4   2.9e-45   2.6e-42  143.0   0.4   361   543    97   298    93   304 0.88 -
GCA_003402215.1|PVP01_0513000|PVP01_0513000.1|unknown -            738 1632at5820           -            958     1e-67  227.1  11.0   3   4   1.1e-06     0.001   15.3   0.0   552   581   369   398   360   403 0.89 -
GCA_003402215.1|PVP01_0513000|PVP01_0513000.1|unknown -            738 1632at5820           -            958     1e-67  227.1  11.0   4   4   7.6e-17   6.7e-14   48.9   0.3   678   764   396   482   395   492 0.96 -
GCA_003402215.1|PVP01_1403600|PVP01_1403600.1|unknown -           1619 1632at5820           -            958     3e-58  195.7  11.6   1   3   1.9e-46   1.7e-43  146.9   0.4   292   535   396   653   335   665 0.85 -
GCA_003402215.1|PVP01_1403600|PVP01_1403600.1|unknown -           1619 1632at5820           -            958     3e-58  195.7  11.6   2   3   9.8e-19   8.7e-16   55.2   0.3   552   712   908  1084   899  1112 0.85 -
GCA_003402215.1|PVP01_1403600|PVP01_1403600.1|unknown -           1619 1632at5820           -            958     3e-58  195.7  11.6   3   3      0.11     1e+02   -1.3   0.8   859   918  1409  1471  1305  1501 0.77 -
GCA_003402215.1|PVP01_1270100|PVP01_1270100.1|unknown -            929 1632at5820           -            958   1.9e-39  133.5  23.9   1   3   1.2e-09   1.1e-06   25.1   0.2   402   466   110   174    99   191 0.87 -
GCA_003402215.1|PVP01_1270100|PVP01_1270100.1|unknown -            929 1632at5820           -            958   1.9e-39  133.5  23.9   2   3      0.38   3.4e+02   -3.0   0.0   489   532   484   529   479   534 0.81 -
GCA_003402215.1|PVP01_1270100|PVP01_1270100.1|unknown -            929 1632at5820           -            958   1.9e-39  133.5  23.9   3   3   6.2e-36   5.5e-33  112.1  17.0   593   922   577   917   558   927 0.84 -
#
# Program:         hmmsearch
# Version:         3.4 (Aug 2023)
# Pipeline mode:   SEARCH
# Query file:      /v3/work/00_inventory/busco/busco_downloads/lineages/plasmodium_odb10/hmms/1632at5820.hmm
# Target file:     /v3/inputs/annotations/plasmodb-68/PvSY56.proteins.fa
# Option settings: hmmsearch --domtblout /v3/work/00_inventory/busco/PvSY56_proteins/run_plasmodium_odb10/hmmer_output/initial_run_results/1632at5820.out --cpu 1 /v3/work/00_inventory/busco/busco_downloads/lineages/plasmodium_odb10/hmms/1632at5820.hmm /v3/inputs/annotations/plasmodb-68/PvSY56.proteins.fa 
# Current dir:     /v3/work/00_inventory/busco
# Date:            Tue May 19 18:02:09 2026
# [ok]
