#                                                                                                             --- full sequence --- -------------- this domain -------------   hmm coord   ali coord   env coord
# target name                                         accession   tlen query name           accession   qlen   E-value  score  bias   #  of  c-Evalue  i-Evalue  score  bias  from    to  from    to  from    to  acc description of target
#                                 ------------------- ---------- ----- -------------------- ---------- ----- --------- ------ ----- --- --- --------- --------- ------ ----- ----- ----- ----- ----- ----- ----- ---- ---------------------
GCA_003402215.1|PVP01_1130500|PVP01_1130500.1|unknown -           1444 1827at5820           -            993         0 1345.8 134.9   1   7  2.2e-197  1.1e-193  644.2  55.0     1   300     1   300     1   306 0.99 -
GCA_003402215.1|PVP01_1130500|PVP01_1130500.1|unknown -           1444 1827at5820           -            993         0 1345.8 134.9   2   7       0.2   1.1e+03   -4.5   0.3   298   308   375   385   367   386 0.84 -
GCA_003402215.1|PVP01_1130500|PVP01_1130500.1|unknown -           1444 1827at5820           -            993         0 1345.8 134.9   3   7   8.8e-14   4.7e-10   36.4   1.5   308   348   469   510   460   516 0.89 -
GCA_003402215.1|PVP01_1130500|PVP01_1130500.1|unknown -           1444 1827at5820           -            993         0 1345.8 134.9   4   7   8.7e-09   4.6e-05   19.8   0.3   341   370   531   560   522   566 0.88 -
GCA_003402215.1|PVP01_1130500|PVP01_1130500.1|unknown -           1444 1827at5820           -            993         0 1345.8 134.9   5   7   9.3e-15   4.9e-11   39.6   2.4   362   403   602   644   571   648 0.86 -
GCA_003402215.1|PVP01_1130500|PVP01_1130500.1|unknown -           1444 1827at5820           -            993         0 1345.8 134.9   6   7   9.2e-88   4.9e-84  281.3  17.7   404   579   697   884   688   888 0.94 -
GCA_003402215.1|PVP01_1130500|PVP01_1130500.1|unknown -           1444 1827at5820           -            993         0 1345.8 134.9   7   7  7.9e-111  4.2e-107  357.6  15.8   578   777   948  1161   940  1167 0.94 -
#
# Program:         hmmsearch
# Version:         3.4 (Aug 2023)
# Pipeline mode:   SEARCH
# Query file:      /v3/work/00_inventory/busco/busco_downloads/lineages/plasmodium_odb10/hmms/1827at5820.hmm
# Target file:     /v3/inputs/annotations/plasmodb-68/PvSY56.proteins.fa
# Option settings: hmmsearch --domtblout /v3/work/00_inventory/busco/PvSY56_proteins/run_plasmodium_odb10/hmmer_output/initial_run_results/1827at5820.out --cpu 1 /v3/work/00_inventory/busco/busco_downloads/lineages/plasmodium_odb10/hmms/1827at5820.hmm /v3/inputs/annotations/plasmodb-68/PvSY56.proteins.fa 
# Current dir:     /v3/work/00_inventory/busco
# Date:            Tue May 19 18:03:26 2026
# [ok]
