#                                                                                                             --- full sequence --- -------------- this domain -------------   hmm coord   ali coord   env coord
# target name                                         accession   tlen query name           accession   qlen   E-value  score  bias   #  of  c-Evalue  i-Evalue  score  bias  from    to  from    to  from    to  acc description of target
#                                 ------------------- ---------- ----- -------------------- ---------- ----- --------- ------ ----- --- --- --------- --------- ------ ----- ----- ----- ----- ----- ----- ----- ---- ---------------------
GCA_003402215.1|PVP01_1112200|PVP01_1112200.1|unknown -           3355 186at5820            -           2019         0 2693.4 182.6   1  16   1.2e-23   6.4e-20   68.1   0.5     1    53     1    55     1    63 0.95 -
GCA_003402215.1|PVP01_1112200|PVP01_1112200.1|unknown -           3355 186at5820            -           2019         0 2693.4 182.6   2  16   7.5e-39     4e-35  118.5   0.1    55   206   117   301   112   326 0.78 -
GCA_003402215.1|PVP01_1112200|PVP01_1112200.1|unknown -           3355 186at5820            -           2019         0 2693.4 182.6   3  16     2e-10   1.1e-06   24.3   0.0   233   265   382   415   350   422 0.87 -
GCA_003402215.1|PVP01_1112200|PVP01_1112200.1|unknown -           3355 186at5820            -           2019         0 2693.4 182.6   4  16     2e-72     1e-68  229.9   2.6   265   442   443   636   438   644 0.90 -
GCA_003402215.1|PVP01_1112200|PVP01_1112200.1|unknown -           3355 186at5820            -           2019         0 2693.4 182.6   5  16   4.2e-54   2.2e-50  169.1   4.0   432   548   708   824   705   832 0.95 -
GCA_003402215.1|PVP01_1112200|PVP01_1112200.1|unknown -           3355 186at5820            -           2019         0 2693.4 182.6   6  16   8.5e-42   4.5e-38  128.3   0.0   549   648   922  1021   914  1027 0.96 -
GCA_003402215.1|PVP01_1112200|PVP01_1112200.1|unknown -           3355 186at5820            -           2019         0 2693.4 182.6   7  16   3.3e-47   1.7e-43  146.3   8.0   647   755  1063  1194  1060  1200 0.79 -
GCA_003402215.1|PVP01_1112200|PVP01_1112200.1|unknown -           3355 186at5820            -           2019         0 2693.4 182.6   8  16   1.9e-26     1e-22   77.4   0.9   754   829  1227  1304  1218  1319 0.87 -
GCA_003402215.1|PVP01_1112200|PVP01_1112200.1|unknown -           3355 186at5820            -           2019         0 2693.4 182.6   9  16   2.9e-70   1.6e-66  222.7   4.4   810   981  1393  1569  1375  1582 0.84 -
GCA_003402215.1|PVP01_1112200|PVP01_1112200.1|unknown -           3355 186at5820            -           2019         0 2693.4 182.6  10  16   8.4e-08   0.00045   15.6   0.4   986  1019  1662  1695  1657  1717 0.80 -
GCA_003402215.1|PVP01_1112200|PVP01_1112200.1|unknown -           3355 186at5820            -           2019         0 2693.4 182.6  11  16  7.4e-115  3.9e-111  370.6  25.6  1026  1242  1759  1999  1743  2003 0.89 -
GCA_003402215.1|PVP01_1112200|PVP01_1112200.1|unknown -           3355 186at5820            -           2019         0 2693.4 182.6  12  16   7.3e-79   3.9e-75  251.2  13.2  1241  1362  2121  2242  2117  2249 0.97 -
GCA_003402215.1|PVP01_1112200|PVP01_1112200.1|unknown -           3355 186at5820            -           2019         0 2693.4 182.6  13  16   3.6e-42   1.9e-38  129.5   0.1  1362  1454  2283  2376  2278  2383 0.95 -
GCA_003402215.1|PVP01_1112200|PVP01_1112200.1|unknown -           3355 186at5820            -           2019         0 2693.4 182.6  14  16   4.8e-50   2.6e-46  155.6   4.3  1461  1558  2491  2588  2483  2597 0.94 -
GCA_003402215.1|PVP01_1112200|PVP01_1112200.1|unknown -           3355 186at5820            -           2019         0 2693.4 182.6  15  16   9.3e-87     5e-83  277.4   3.1  1558  1753  2632  2849  2622  2858 0.89 -
GCA_003402215.1|PVP01_1112200|PVP01_1112200.1|unknown -           3355 186at5820            -           2019         0 2693.4 182.6  16  16  4.2e-114  2.2e-110  368.1  21.8  1758  2019  2936  3223  2929  3223 0.89 -
#
# Program:         hmmsearch
# Version:         3.4 (Aug 2023)
# Pipeline mode:   SEARCH
# Query file:      /v3/work/00_inventory/busco/busco_downloads/lineages/plasmodium_odb10/hmms/186at5820.hmm
# Target file:     /v3/inputs/annotations/plasmodb-68/PvSY56.proteins.fa
# Option settings: hmmsearch --domtblout /v3/work/00_inventory/busco/PvSY56_proteins/run_plasmodium_odb10/hmmer_output/initial_run_results/186at5820.out --cpu 1 /v3/work/00_inventory/busco/busco_downloads/lineages/plasmodium_odb10/hmms/186at5820.hmm /v3/inputs/annotations/plasmodb-68/PvSY56.proteins.fa 
# Current dir:     /v3/work/00_inventory/busco
# Date:            Tue May 19 18:03:37 2026
# [ok]
