#                                                                                                             --- full sequence --- -------------- this domain -------------   hmm coord   ali coord   env coord
# target name                                         accession   tlen query name           accession   qlen   E-value  score  bias   #  of  c-Evalue  i-Evalue  score  bias  from    to  from    to  from    to  acc description of target
#                                 ------------------- ---------- ----- -------------------- ---------- ----- --------- ------ ----- --- --- --------- --------- ------ ----- ----- ----- ----- ----- ----- ----- ---- ---------------------
GCA_003402215.1|PVP01_0528000|PVP01_0528000.1|unknown -           1793 1976at5820           -           1181         0 1602.8  70.7   1   3  6.7e-120  3.2e-117  391.2  14.4    11   336    72   558    62   571 0.84 -
GCA_003402215.1|PVP01_0528000|PVP01_0528000.1|unknown -           1793 1976at5820           -           1181         0 1602.8  70.7   2   3         0         0 1019.7  39.5   336  1074   590  1555   569  1565 0.89 -
GCA_003402215.1|PVP01_0528000|PVP01_0528000.1|unknown -           1793 1976at5820           -           1181         0 1602.8  70.7   3   3   1.6e-61   7.7e-59  197.9   1.8  1020  1181  1615  1793  1568  1793 0.68 -
GCA_003402215.1|PVP01_0938400|PVP01_0938400.1|unknown -            451 1976at5820           -           1181   1.2e-07   28.3  20.5   1   4   0.00038      0.18    7.8   1.9   361   413    97   146    91   189 0.70 -
GCA_003402215.1|PVP01_0938400|PVP01_0938400.1|unknown -            451 1976at5820           -           1181   1.2e-07   28.3  20.5   2   4    0.0087       4.2    3.3   1.4   286   315   218   247   184   256 0.72 -
GCA_003402215.1|PVP01_0938400|PVP01_0938400.1|unknown -            451 1976at5820           -           1181   1.2e-07   28.3  20.5   3   4   4.2e-09     2e-06   24.2   0.3   285   321   271   305   250   321 0.84 -
GCA_003402215.1|PVP01_0938400|PVP01_0938400.1|unknown -            451 1976at5820           -           1181   1.2e-07   28.3  20.5   4   4     0.049        24    0.8   0.3   280   307   325   352   311   356 0.73 -
GCA_003402215.1|PVP01_0936000|PVP01_0936000.1|unknown -            987 1976at5820           -           1181   1.3e-05   21.5   1.1   1   5     0.048        23    0.9   0.2   305   319    58    72    38    80 0.79 -
GCA_003402215.1|PVP01_0936000|PVP01_0936000.1|unknown -            987 1976at5820           -           1181   1.3e-05   21.5   1.1   2   5   0.00027      0.13    8.4   0.1   360   400    86   126    78   137 0.88 -
GCA_003402215.1|PVP01_0936000|PVP01_0936000.1|unknown -            987 1976at5820           -           1181   1.3e-05   21.5   1.1   3   5    0.0061         3    3.8   0.0   541   574   138   171   128   191 0.74 -
GCA_003402215.1|PVP01_0936000|PVP01_0936000.1|unknown -            987 1976at5820           -           1181   1.3e-05   21.5   1.1   4   5   0.00011     0.055    9.6   0.8   359   402   291   335   276   342 0.67 -
GCA_003402215.1|PVP01_0936000|PVP01_0936000.1|unknown -            987 1976at5820           -           1181   1.3e-05   21.5   1.1   5   5   2.8e-08   1.3e-05   21.5   1.1   527   584   330   393   328   428 0.69 -
GCA_003402215.1|PVP01_1115300|PVP01_1115300.1|unknown -            479 1976at5820           -           1181   8.3e-05   18.9  16.9   1   6      0.15        74   -0.8   0.2   362   397    73   108    69   119 0.89 -
GCA_003402215.1|PVP01_1115300|PVP01_1115300.1|unknown -            479 1976at5820           -           1181   8.3e-05   18.9  16.9   2   6   1.2e-06   0.00057   16.1   0.6   542   604   124   186   117   191 0.81 -
GCA_003402215.1|PVP01_1115300|PVP01_1115300.1|unknown -            479 1976at5820           -           1181   8.3e-05   18.9  16.9   3   6      0.27   1.3e+02   -1.6   0.1   449   464   211   228   190   233 0.75 -
GCA_003402215.1|PVP01_1115300|PVP01_1115300.1|unknown -            479 1976at5820           -           1181   8.3e-05   18.9  16.9   4   6     0.017         8    2.4   0.2   731   745   245   259   230   263 0.86 -
GCA_003402215.1|PVP01_1115300|PVP01_1115300.1|unknown -            479 1976at5820           -           1181   8.3e-05   18.9  16.9   5   6    0.0013      0.63    6.1   0.1   363   396   308   341   297   392 0.79 -
GCA_003402215.1|PVP01_1115300|PVP01_1115300.1|unknown -            479 1976at5820           -           1181   8.3e-05   18.9  16.9   6   6     0.013       6.3    2.8   0.1   543   568   362   387   343   405 0.65 -
GCA_003402215.1|PVP01_1025500|PVP01_1025500.1|unknown -           1719 1976at5820           -           1181     0.002   14.3   9.6   1   5      0.16        78   -0.9   0.1   363   394    51    82    48    87 0.85 -
GCA_003402215.1|PVP01_1025500|PVP01_1025500.1|unknown -           1719 1976at5820           -           1181     0.002   14.3   9.6   2   5   0.00028      0.14    8.3   0.6   286   323   107   144    98   154 0.87 -
GCA_003402215.1|PVP01_1025500|PVP01_1025500.1|unknown -           1719 1976at5820           -           1181     0.002   14.3   9.6   3   5     0.001       0.5    6.4   0.0   531   566   221   255   215   261 0.89 -
GCA_003402215.1|PVP01_1025500|PVP01_1025500.1|unknown -           1719 1976at5820           -           1181     0.002   14.3   9.6   4   5      0.04        19    1.2   0.0   363   386   314   337   311   346 0.90 -
GCA_003402215.1|PVP01_1025500|PVP01_1025500.1|unknown -           1719 1976at5820           -           1181     0.002   14.3   9.6   5   5      0.32   1.5e+02   -1.8   0.0   363   393   358   389   351   427 0.74 -
GCA_003402215.1|PVP01_0111900|PVP01_0111900.1|unknown -            723 1976at5820           -           1181     0.013   11.6   0.0   1   6   2.8e-05     0.013   11.6   0.0   363   397    41    75    38    82 0.88 -
GCA_003402215.1|PVP01_0111900|PVP01_0111900.1|unknown -            723 1976at5820           -           1181     0.013   11.6   0.0   2   6      0.05        24    0.8   0.0   357   383    92   118    86   120 0.72 -
GCA_003402215.1|PVP01_0111900|PVP01_0111900.1|unknown -            723 1976at5820           -           1181     0.013   11.6   0.0   3   6    0.0013      0.62    6.1   0.6   538   600   330   392   314   396 0.78 -
GCA_003402215.1|PVP01_0111900|PVP01_0111900.1|unknown -            723 1976at5820           -           1181     0.013   11.6   0.0   4   6    0.0045       2.2    4.3   0.4   354   386   377   410   371   415 0.85 -
GCA_003402215.1|PVP01_0111900|PVP01_0111900.1|unknown -            723 1976at5820           -           1181     0.013   11.6   0.0   5   6      0.51   2.4e+02   -2.5   9.4   866  1084   414   658   412   683 0.52 -
GCA_003402215.1|PVP01_0111900|PVP01_0111900.1|unknown -            723 1976at5820           -           1181     0.013   11.6   0.0   6   6      0.51   2.5e+02   -2.5   7.9   829   965   553   686   544   720 0.56 -
GCA_003402215.1|PVP01_1427000|PVP01_1427000.1|unknown -            318 1976at5820           -           1181      0.14    8.3  23.5   1   1   0.00033      0.16    8.0  23.5   949  1090   112   247    42   310 0.35 -
GCA_003402215.1|PVP01_0529000|PVP01_0529000.1|unknown -            295 1976at5820           -           1181      0.55    6.3  40.6   1   1    0.0013      0.64    6.1  40.6   914  1075   117   288    63   295 0.33 -
GCA_003402215.1|PVP01_0927100|PVP01_0927100.1|unknown -            326 1976at5820           -           1181      0.91    5.5  19.8   1   1    0.0023       1.1    5.2  19.8   928  1081    85   227    19   312 0.38 -
GCA_003402215.1|PVP01_1344600|PVP01_1344600.1|unknown -            132 1976at5820           -           1181       2.6    4.0  11.9   1   1    0.0055       2.7    4.0  11.9   991  1064    11    88     2   127 0.50 -
GCA_003402215.1|PVP01_0806900|PVP01_0806900.1|unknown -            530 1976at5820           -           1181       2.7    4.0  14.6   1   1    0.0069       3.4    3.7  14.6   951  1072   398   525   320   530 0.49 -
#
# Program:         hmmsearch
# Version:         3.4 (Aug 2023)
# Pipeline mode:   SEARCH
# Query file:      /v3/work/00_inventory/busco/busco_downloads/lineages/plasmodium_odb10/hmms/1976at5820.hmm
# Target file:     /v3/inputs/annotations/plasmodb-68/PvSY56.proteins.fa
# Option settings: hmmsearch --domtblout /v3/work/00_inventory/busco/PvSY56_proteins/run_plasmodium_odb10/hmmer_output/initial_run_results/1976at5820.out --cpu 1 /v3/work/00_inventory/busco/busco_downloads/lineages/plasmodium_odb10/hmms/1976at5820.hmm /v3/inputs/annotations/plasmodb-68/PvSY56.proteins.fa 
# Current dir:     /v3/work/00_inventory/busco
# Date:            Tue May 19 18:04:16 2026
# [ok]
