#                                                                                                             --- full sequence --- -------------- this domain -------------   hmm coord   ali coord   env coord
# target name                                         accession   tlen query name           accession   qlen   E-value  score  bias   #  of  c-Evalue  i-Evalue  score  bias  from    to  from    to  from    to  acc description of target
#                                 ------------------- ---------- ----- -------------------- ---------- ----- --------- ------ ----- --- --- --------- --------- ------ ----- ----- ----- ----- ----- ----- ----- ---- ---------------------
GCA_003402215.1|PVP01_1310500|PVP01_1310500.1|unknown -           1392 1998at5820           -            769         0 1456.0  64.5   1   5   7.5e-55     5e-52  175.2   6.6     1   104     1   104     1   114 0.93 -
GCA_003402215.1|PVP01_1310500|PVP01_1310500.1|unknown -           1392 1998at5820           -            769         0 1456.0  64.5   2   5  8.7e-136  5.8e-133  442.8  18.4    99   346   213   471   209   474 0.95 -
GCA_003402215.1|PVP01_1310500|PVP01_1310500.1|unknown -           1392 1998at5820           -            769         0 1456.0  64.5   3   5      0.68   4.5e+02   -3.3   0.1   337   351   663   677   661   680 0.78 -
GCA_003402215.1|PVP01_1310500|PVP01_1310500.1|unknown -           1392 1998at5820           -            769         0 1456.0  64.5   4   5  4.8e-152  3.2e-149  496.6  10.2   350   580   831  1064   824  1072 0.97 -
GCA_003402215.1|PVP01_1310500|PVP01_1310500.1|unknown -           1392 1998at5820           -            769         0 1456.0  64.5   5   5  1.3e-111  8.3e-109  362.9   1.9   577   769  1195  1392  1178  1392 0.96 -
GCA_003402215.1|PVP01_1116800|PVP01_1116800.1|unknown -            944 1998at5820           -            769   9.9e-75  250.2   7.4   1   1   1.5e-76   9.7e-74  247.0   7.3   134   691   207   775   184   831 0.83 -
GCA_003402215.1|PVP01_1418000|PVP01_1418000.1|unknown -            955 1998at5820           -            769   2.3e-70  235.8  22.6   1   3      0.21   1.4e+02   -1.6   0.2   106   160   175   231   135   248 0.56 -
GCA_003402215.1|PVP01_1418000|PVP01_1418000.1|unknown -            955 1998at5820           -            769   2.3e-70  235.8  22.6   2   3   9.3e-61   6.2e-58  194.7  14.3   120   573   238   698   192   706 0.80 -
GCA_003402215.1|PVP01_1418000|PVP01_1418000.1|unknown -            955 1998at5820           -            769   2.3e-70  235.8  22.6   3   3   9.5e-16   6.3e-13   45.9   0.4   571   681   755   862   745   927 0.77 -
GCA_003402215.1|PVP01_1310900|PVP01_1310900.1|unknown -            758 1998at5820           -            769   1.6e-63  213.2   0.9   1   2      0.45     3e+02   -2.7   0.0   156   216   174   236   165   243 0.78 -
GCA_003402215.1|PVP01_1310900|PVP01_1310900.1|unknown -            758 1998at5820           -            769   1.6e-63  213.2   0.9   2   2     5e-66   3.3e-63  212.1   0.4   383   674   383   674   356   704 0.88 -
GCA_003402215.1|PVP01_1331100|PVP01_1331100.1|unknown -            972 1998at5820           -            769   4.5e-63  211.7   6.5   1   2   2.2e-07   0.00015   18.2   0.6    97   273   256   435   217   445 0.76 -
GCA_003402215.1|PVP01_1331100|PVP01_1331100.1|unknown -            972 1998at5820           -            769   4.5e-63  211.7   6.5   2   2   6.9e-61   4.6e-58  195.1   0.7   406   745   551   914   536   930 0.75 -
GCA_003402215.1|PVP01_0105600|PVP01_0105600.1|unknown -            833 1998at5820           -            769   1.8e-58  196.5   4.9   1   2    0.0017       1.1    5.4   0.3   111   229   173   298   158   389 0.75 -
GCA_003402215.1|PVP01_0105600|PVP01_0105600.1|unknown -            833 1998at5820           -            769   1.8e-58  196.5   4.9   2   2   4.7e-60   3.2e-57  192.4   1.6   352   675   377   715   348   768 0.81 -
GCA_003402215.1|PVP01_1006800|PVP01_1006800.1|unknown -            971 1998at5820           -            769     7e-52  174.7   0.3   1   3      0.27   1.8e+02   -2.0   0.0   150   184   199   233   195   239 0.83 -
GCA_003402215.1|PVP01_1006800|PVP01_1006800.1|unknown -            971 1998at5820           -            769     7e-52  174.7   0.3   2   3   1.1e-48   7.5e-46  154.7   0.0   362   582   389   608   355   620 0.91 -
GCA_003402215.1|PVP01_1006800|PVP01_1006800.1|unknown -            971 1998at5820           -            769     7e-52  174.7   0.3   3   3   5.2e-07   0.00034   17.0   0.0   605   666   709   772   703   795 0.84 -
GCA_003402215.1|PVP01_0525700|PVP01_0525700.1|unknown -           1331 1998at5820           -            769   8.2e-32  108.3  11.8   1   6      0.62   4.1e+02   -3.1   1.8     4    30    43    69    11   150 0.59 -
GCA_003402215.1|PVP01_0525700|PVP01_0525700.1|unknown -           1331 1998at5820           -            769   8.2e-32  108.3  11.8   2   6    0.0068       4.5    3.3   2.7   142   196   339   393   300   412 0.81 -
GCA_003402215.1|PVP01_0525700|PVP01_0525700.1|unknown -           1331 1998at5820           -            769   8.2e-32  108.3  11.8   3   6     0.053        35    0.4   0.1   201   233   501   532   492   562 0.81 -
GCA_003402215.1|PVP01_0525700|PVP01_0525700.1|unknown -           1331 1998at5820           -            769   8.2e-32  108.3  11.8   4   6     0.057        38    0.3   0.0   369   399   733   765   714   785 0.78 -
GCA_003402215.1|PVP01_0525700|PVP01_0525700.1|unknown -           1331 1998at5820           -            769   8.2e-32  108.3  11.8   5   6   2.9e-34   1.9e-31  107.1   8.6   403   576   881  1055   874  1061 0.85 -
GCA_003402215.1|PVP01_0525700|PVP01_0525700.1|unknown -           1331 1998at5820           -            769   8.2e-32  108.3  11.8   6   6   1.8e-05     0.012   11.9   0.1   591   664  1172  1241  1157  1264 0.83 -
#
# Program:         hmmsearch
# Version:         3.4 (Aug 2023)
# Pipeline mode:   SEARCH
# Query file:      /v3/work/00_inventory/busco/busco_downloads/lineages/plasmodium_odb10/hmms/1998at5820.hmm
# Target file:     /v3/inputs/annotations/plasmodb-68/PvSY56.proteins.fa
# Option settings: hmmsearch --domtblout /v3/work/00_inventory/busco/PvSY56_proteins/run_plasmodium_odb10/hmmer_output/initial_run_results/1998at5820.out --cpu 1 /v3/work/00_inventory/busco/busco_downloads/lineages/plasmodium_odb10/hmms/1998at5820.hmm /v3/inputs/annotations/plasmodb-68/PvSY56.proteins.fa 
# Current dir:     /v3/work/00_inventory/busco
# Date:            Tue May 19 18:04:26 2026
# [ok]
