#                                                                                                             --- full sequence --- -------------- this domain -------------   hmm coord   ali coord   env coord
# target name                                         accession   tlen query name           accession   qlen   E-value  score  bias   #  of  c-Evalue  i-Evalue  score  bias  from    to  from    to  from    to  acc description of target
#                                 ------------------- ---------- ----- -------------------- ---------- ----- --------- ------ ----- --- --- --------- --------- ------ ----- ----- ----- ----- ----- ----- ----- ---- ---------------------
GCA_003402215.1|PVP01_1431200|PVP01_1431200.1|unknown -           1242 2022at5820           -            968         0 1817.4 158.5   1   5   2.1e-47   2.7e-44  149.7   7.8     1    86     1    86     1   105 0.89 -
GCA_003402215.1|PVP01_1431200|PVP01_1431200.1|unknown -           1242 2022at5820           -            968         0 1817.4 158.5   2   5  1.2e-198  1.6e-195  650.3  53.1    79   419   121   474   112   482 0.96 -
GCA_003402215.1|PVP01_1431200|PVP01_1431200.1|unknown -           1242 2022at5820           -            968         0 1817.4 158.5   3   5   0.00011      0.15    8.3   2.5   418   448   512   545   504   566 0.79 -
GCA_003402215.1|PVP01_1431200|PVP01_1431200.1|unknown -           1242 2022at5820           -            968         0 1817.4 158.5   4   5  1.2e-169  1.6e-166  554.4  44.5   444   758   591   975   580   988 0.96 -
GCA_003402215.1|PVP01_1431200|PVP01_1431200.1|unknown -           1242 2022at5820           -            968         0 1817.4 158.5   5   5  1.2e-146  1.6e-143  478.2  19.0   756   968  1030  1242  1022  1242 0.99 -
GCA_003402215.1|PVP01_0720500|PVP01_0720500.1|unknown -            851 2022at5820           -            968   1.3e-21   74.7  36.3   1   2   4.5e-11     6e-08   29.5  25.6   479   730   427   664   413   668 0.78 -
GCA_003402215.1|PVP01_0720500|PVP01_0720500.1|unknown -            851 2022at5820           -            968   1.3e-21   74.7  36.3   2   2   2.2e-17     3e-14   50.3   3.3   786   950   669   830   655   840 0.86 -
GCA_003402215.1|PVP01_1225200|PVP01_1225200.1|unknown -            528 2022at5820           -            968   0.00014   18.3   9.9   1   3      0.14   1.8e+02   -1.9   0.0   878   893   274   289   265   296 0.65 -
GCA_003402215.1|PVP01_1225200|PVP01_1225200.1|unknown -            528 2022at5820           -            968   0.00014   18.3   9.9   2   3   2.7e-06    0.0037   13.6   1.2   850   899   323   375   305   382 0.83 -
GCA_003402215.1|PVP01_1225200|PVP01_1225200.1|unknown -            528 2022at5820           -            968   0.00014   18.3   9.9   3   3     8e-05      0.11    8.8   1.1   814   892   379   456   376   461 0.85 -
GCA_003402215.1|PVP01_0511500|PVP01_0511500.1|unknown -            324 2022at5820           -            968    0.0032   13.8   5.5   1   2     2e-05     0.027   10.8   2.7   809   892    73   151    58   166 0.79 -
GCA_003402215.1|PVP01_0511500|PVP01_0511500.1|unknown -            324 2022at5820           -            968    0.0032   13.8   5.5   2   2    0.0026       3.5    3.8   0.0   603   641   251   287   198   318 0.69 -
#
# Program:         hmmsearch
# Version:         3.4 (Aug 2023)
# Pipeline mode:   SEARCH
# Query file:      /v3/work/00_inventory/busco/busco_downloads/lineages/plasmodium_odb10/hmms/2022at5820.hmm
# Target file:     /v3/inputs/annotations/plasmodb-68/PvSY56.proteins.fa
# Option settings: hmmsearch --domtblout /v3/work/00_inventory/busco/PvSY56_proteins/run_plasmodium_odb10/hmmer_output/initial_run_results/2022at5820.out --cpu 1 /v3/work/00_inventory/busco/busco_downloads/lineages/plasmodium_odb10/hmms/2022at5820.hmm /v3/inputs/annotations/plasmodb-68/PvSY56.proteins.fa 
# Current dir:     /v3/work/00_inventory/busco
# Date:            Tue May 19 18:04:34 2026
# [ok]
