#                                                                                                             --- full sequence --- -------------- this domain -------------   hmm coord   ali coord   env coord
# target name                                         accession   tlen query name           accession   qlen   E-value  score  bias   #  of  c-Evalue  i-Evalue  score  bias  from    to  from    to  from    to  acc description of target
#                                 ------------------- ---------- ----- -------------------- ---------- ----- --------- ------ ----- --- --- --------- --------- ------ ----- ----- ----- ----- ----- ----- ----- ---- ---------------------
GCA_003402215.1|PVP01_0614200|PVP01_0614200.1|unknown -           1305 2187at5820           -            873         0 1302.5 118.6   1   7   1.3e-54     7e-51  171.7  12.8     2   140    38   210    37   213 0.87 -
GCA_003402215.1|PVP01_0614200|PVP01_0614200.1|unknown -           1305 2187at5820           -            873         0 1302.5 118.6   2   7   9.9e-39   5.3e-35  119.1   5.7   139   216   244   324   240   327 0.95 -
GCA_003402215.1|PVP01_0614200|PVP01_0614200.1|unknown -           1305 2187at5820           -            873         0 1302.5 118.6   3   7   1.2e-54   6.5e-51  171.8   2.3   215   339   411   540   403   543 0.91 -
GCA_003402215.1|PVP01_0614200|PVP01_0614200.1|unknown -           1305 2187at5820           -            873         0 1302.5 118.6   4   7   1.7e-51   8.8e-48  161.4  10.6   338   432   638   732   632   735 0.96 -
GCA_003402215.1|PVP01_0614200|PVP01_0614200.1|unknown -           1305 2187at5820           -            873         0 1302.5 118.6   5   7   9.4e-74     5e-70  235.0  19.5   426   573   746   912   741   921 0.89 -
GCA_003402215.1|PVP01_0614200|PVP01_0614200.1|unknown -           1305 2187at5820           -            873         0 1302.5 118.6   6   7  6.1e-142  3.2e-138  460.6  26.3   571   861   950  1261   937  1268 0.93 -
GCA_003402215.1|PVP01_0614200|PVP01_0614200.1|unknown -           1305 2187at5820           -            873         0 1302.5 118.6   7   7   1.2e-05     0.061    9.7   0.0   857   873  1289  1305  1275  1305 0.86 -
#
# Program:         hmmsearch
# Version:         3.4 (Aug 2023)
# Pipeline mode:   SEARCH
# Query file:      /v3/work/00_inventory/busco/busco_downloads/lineages/plasmodium_odb10/hmms/2187at5820.hmm
# Target file:     /v3/inputs/annotations/plasmodb-68/PvSY56.proteins.fa
# Option settings: hmmsearch --domtblout /v3/work/00_inventory/busco/PvSY56_proteins/run_plasmodium_odb10/hmmer_output/initial_run_results/2187at5820.out --cpu 1 /v3/work/00_inventory/busco/busco_downloads/lineages/plasmodium_odb10/hmms/2187at5820.hmm /v3/inputs/annotations/plasmodb-68/PvSY56.proteins.fa 
# Current dir:     /v3/work/00_inventory/busco
# Date:            Tue May 19 18:05:18 2026
# [ok]
