#                                                                                                             --- full sequence --- -------------- this domain -------------   hmm coord   ali coord   env coord
# target name                                         accession   tlen query name           accession   qlen   E-value  score  bias   #  of  c-Evalue  i-Evalue  score  bias  from    to  from    to  from    to  acc description of target
#                                 ------------------- ---------- ----- -------------------- ---------- ----- --------- ------ ----- --- --- --------- --------- ------ ----- ----- ----- ----- ----- ----- ----- ---- ---------------------
GCA_003402215.1|PVP01_1462200|PVP01_1462200.1|unknown -           1124 2216at5820           -            639         0 1229.0  63.9   1   5  6.9e-253  4.1e-250  829.9  13.4     1   380     6   394     6   405 0.98 -
GCA_003402215.1|PVP01_1462200|PVP01_1462200.1|unknown -           1124 2216at5820           -            639         0 1229.0  63.9   2   5   5.3e-25   3.1e-22   77.0   4.9   362   453   486   593   464   600 0.78 -
GCA_003402215.1|PVP01_1462200|PVP01_1462200.1|unknown -           1124 2216at5820           -            639         0 1229.0  63.9   3   5   0.00026      0.16    8.6   0.1   439   477   643   682   632   686 0.74 -
GCA_003402215.1|PVP01_1462200|PVP01_1462200.1|unknown -           1124 2216at5820           -            639         0 1229.0  63.9   4   5       7.9   4.7e+03   -6.1   3.4   113   154   834   880   828   894 0.55 -
GCA_003402215.1|PVP01_1462200|PVP01_1462200.1|unknown -           1124 2216at5820           -            639         0 1229.0  63.9   5   5  2.4e-104  1.4e-101  339.1  13.7   463   639   919  1095   896  1095 0.97 -
GCA_003402215.1|PVP01_0204100|PVP01_0204100.1|unknown -           1454 2216at5820           -            639   6.6e-52  175.1   9.7   1   1   2.7e-54   1.6e-51  173.8   9.7    32   365   754  1095   742  1115 0.86 -
GCA_003402215.1|PVP01_0820800|PVP01_0820800.1|unknown -           1305 2216at5820           -            639   3.2e-48  162.9  12.6   1   2   5.3e-51   3.2e-48  162.9  12.6    19   377   518   876   509   931 0.85 -
GCA_003402215.1|PVP01_0820800|PVP01_0820800.1|unknown -           1305 2216at5820           -            639   3.2e-48  162.9  12.6   2   2      0.39   2.3e+02   -1.8   0.0   420   476  1072  1131  1064  1154 0.74 -
GCA_003402215.1|PVP01_0320600|PVP01_0320600.1|unknown -           2302 2216at5820           -            639     4e-31  106.4   8.4   1   2   7.2e-11   4.2e-08   30.3   0.4     5   136   216   338   212   342 0.84 -
GCA_003402215.1|PVP01_0320600|PVP01_0320600.1|unknown -           2302 2216at5820           -            639     4e-31  106.4   8.4   2   2   1.1e-25   6.7e-23   79.2   2.5   170   365   631   834   621   853 0.85 -
GCA_003402215.1|PVP01_0822600|PVP01_0822600.1|unknown -           1314 2216at5820           -            639   8.7e-31  105.3  24.7   1   3   7.7e-07   0.00045   17.0   0.1   116   191     6    80     2   101 0.72 -
GCA_003402215.1|PVP01_0822600|PVP01_0822600.1|unknown -           1314 2216at5820           -            639   8.7e-31  105.3  24.7   2   3   2.3e-30   1.4e-27   94.7  14.3   169   390   158   393   151   482 0.81 -
GCA_003402215.1|PVP01_0822600|PVP01_0822600.1|unknown -           1314 2216at5820           -            639   8.7e-31  105.3  24.7   3   3      0.48   2.8e+02   -2.1   0.1   425   486   931   993   859   997 0.71 -
GCA_003402215.1|PVP01_1462700|PVP01_1462700.1|unknown -           1479 2216at5820           -            639     3e-27   93.6  30.8   1   4   3.4e-12     2e-09   34.7   5.9    28   139    99   212    74   216 0.76 -
GCA_003402215.1|PVP01_1462700|PVP01_1462700.1|unknown -           1479 2216at5820           -            639     3e-27   93.6  30.8   2   4   2.3e-16   1.4e-13   48.5   2.3   145   305   254   425   236   434 0.80 -
GCA_003402215.1|PVP01_1462700|PVP01_1462700.1|unknown -           1479 2216at5820           -            639     3e-27   93.6  30.8   3   4     5e-10   2.9e-07   27.6   0.5   310   367   536   593   532   644 0.79 -
GCA_003402215.1|PVP01_1462700|PVP01_1462700.1|unknown -           1479 2216at5820           -            639     3e-27   93.6  30.8   4   4      0.95   5.6e+02   -3.1   1.0   474   528   974  1028   957  1040 0.71 -
GCA_003402215.1|PVP01_0809900|PVP01_0809900.1|unknown -           3266 2216at5820           -            639   2.1e-25   87.5  24.5   1   5   1.3e-15   7.6e-13   46.0  16.0    34   256   165   413   147   418 0.70 -
GCA_003402215.1|PVP01_0809900|PVP01_0809900.1|unknown -           3266 2216at5820           -            639   2.1e-25   87.5  24.5   2   5   4.4e-19   2.6e-16   57.5   1.3   257   382   498   624   488   668 0.85 -
GCA_003402215.1|PVP01_0809900|PVP01_0809900.1|unknown -           3266 2216at5820           -            639   2.1e-25   87.5  24.5   3   5         9   5.3e+03  -13.9  13.4   453   515  1451  1513  1354  1563 0.46 -
GCA_003402215.1|PVP01_0809900|PVP01_0809900.1|unknown -           3266 2216at5820           -            639   2.1e-25   87.5  24.5   4   5       0.6   3.5e+02   -2.4   2.2   192   242  1857  1910  1846  1929 0.75 -
GCA_003402215.1|PVP01_0809900|PVP01_0809900.1|unknown -           3266 2216at5820           -            639   2.1e-25   87.5  24.5   5   5         9   5.3e+03   -6.8   3.2   354   416  2517  2575  2485  2610 0.61 -
GCA_003402215.1|PVP01_1310200|PVP01_1310200.1|unknown -           1656 2216at5820           -            639     4e-24   83.3   7.6   1   2   6.8e-27     4e-24   83.3   7.6    75   382    92   444     4   508 0.70 -
GCA_003402215.1|PVP01_1310200|PVP01_1310200.1|unknown -           1656 2216at5820           -            639     4e-24   83.3   7.6   2   2       1.1   6.7e+02   -3.4   0.2   295   320   832   857   807   876 0.44 -
GCA_003402215.1|PVP01_0947300|PVP01_0947300.1|unknown -            811 2216at5820           -            639   8.8e-15   52.4  41.8   1   3   1.5e-17   8.8e-15   52.4  41.8    29   399     1   409     1   526 0.66 -
GCA_003402215.1|PVP01_0947300|PVP01_0947300.1|unknown -            811 2216at5820           -            639   8.8e-15   52.4  41.8   2   3      0.25   1.5e+02   -1.2   0.1   260   317   612   670   600   673 0.84 -
GCA_003402215.1|PVP01_0947300|PVP01_0947300.1|unknown -            811 2216at5820           -            639   8.8e-15   52.4  41.8   3   3      0.87   5.1e+02   -3.0   0.9   464   483   734   753   691   768 0.48 -
#
# Program:         hmmsearch
# Version:         3.4 (Aug 2023)
# Pipeline mode:   SEARCH
# Query file:      /v3/work/00_inventory/busco/busco_downloads/lineages/plasmodium_odb10/hmms/2216at5820.hmm
# Target file:     /v3/inputs/annotations/plasmodb-68/PvSY56.proteins.fa
# Option settings: hmmsearch --domtblout /v3/work/00_inventory/busco/PvSY56_proteins/run_plasmodium_odb10/hmmer_output/initial_run_results/2216at5820.out --cpu 1 /v3/work/00_inventory/busco/busco_downloads/lineages/plasmodium_odb10/hmms/2216at5820.hmm /v3/inputs/annotations/plasmodb-68/PvSY56.proteins.fa 
# Current dir:     /v3/work/00_inventory/busco
# Date:            Tue May 19 18:05:28 2026
# [ok]
