#                                                                                                             --- full sequence --- -------------- this domain -------------   hmm coord   ali coord   env coord
# target name                                         accession   tlen query name           accession   qlen   E-value  score  bias   #  of  c-Evalue  i-Evalue  score  bias  from    to  from    to  from    to  acc description of target
#                                 ------------------- ---------- ----- -------------------- ---------- ----- --------- ------ ----- --- --- --------- --------- ------ ----- ----- ----- ----- ----- ----- ----- ---- ---------------------
GCA_003402215.1|PVP01_0104800|PVP01_0104800.1|unknown -           3847 221at5820            -           2863         0 4201.2 277.6   1   5  2.3e-229  7.7e-227  754.3  76.3     1   482     1   581     1   585 0.85 -
GCA_003402215.1|PVP01_0104800|PVP01_0104800.1|unknown -           3847 221at5820            -           2863         0 4201.2 277.6   2   5  1.2e-166  4.1e-164  546.2  23.0   464   872   598  1148   583  1153 0.85 -
GCA_003402215.1|PVP01_0104800|PVP01_0104800.1|unknown -           3847 221at5820            -           2863         0 4201.2 277.6   3   5  4.2e-146  1.4e-143  478.1  10.5   879  1265  1190  1673  1180  1694 0.80 -
GCA_003402215.1|PVP01_0104800|PVP01_0104800.1|unknown -           3847 221at5820            -           2863         0 4201.2 277.6   4   5  3.2e-202  1.1e-199  664.3  47.4  1237  1788  1760  2525  1720  2532 0.82 -
GCA_003402215.1|PVP01_0104800|PVP01_0104800.1|unknown -           3847 221at5820            -           2863         0 4201.2 277.6   5   5         0         0 1773.0  88.5  1789  2863  2556  3847  2546  3847 0.88 -
GCA_003402215.1|PVP01_0920000|PVP01_0920000.1|unknown -           1991 221at5820            -           2863   3.2e-21   72.1   0.9   1   1   1.5e-23   4.9e-21   71.5   0.9  2676  2857  1809  1986  1805  1991 0.96 -
GCA_003402215.1|PVP01_1232200|PVP01_1232200.1|unknown -            452 221at5820            -           2863      0.14    7.0  45.6   1   1   0.00056      0.19    6.5  45.6    79   246   121   296   105   310 0.57 -
GCA_003402215.1|PVP01_0919100|PVP01_0919100.1|unknown -            611 221at5820            -           2863      0.25    6.1  24.7   1   1    0.0011      0.37    5.5  24.7  2113  2336   380   600   338   611 0.38 -
GCA_003402215.1|PVP01_1024700|PVP01_1024700.1|unknown -            143 221at5820            -           2863       1.2    3.8  21.6   1   1     0.004       1.3    3.7  21.6  2256  2369    16   128     1   135 0.52 -
GCA_003402215.1|PVP01_0525600|PVP01_0525600.1|unknown -            236 221at5820            -           2863       1.3    3.8  13.2   1   1    0.0046       1.5    3.5  13.2  2245  2336    55   144    13   166 0.49 -
GCA_003402215.1|PVP01_1326300|PVP01_1326300.1|unknown -           1012 221at5820            -           2863       1.4    3.6  17.6   1   1    0.0093       3.1    2.5  17.6  2179  2266   660   746   652   791 0.50 -
GCA_003402215.1|PVP01_0927100|PVP01_0927100.1|unknown -            326 221at5820            -           2863       1.5    3.5  36.3   1   1     0.005       1.7    3.4  36.3  2281  2462    71   222    13   320 0.40 -
GCA_003402215.1|PVP01_0905400|PVP01_0905400.1|unknown -            676 221at5820            -           2863       1.9    3.2  28.8   1   2   9.9e-05     0.033    9.0   8.2  2295  2383   205   296    20   321 0.71 -
GCA_003402215.1|PVP01_0905400|PVP01_0905400.1|unknown -            676 221at5820            -           2863       1.9    3.2  28.8   2   2      0.04        13    0.4  12.6  2303  2380   445   524   427   564 0.44 -
GCA_003402215.1|PVP01_0422900|PVP01_0422900.1|unknown -            286 221at5820            -           2863       1.9    3.2  31.4   1   1    0.0073       2.4    2.9  31.4   151   264    97   210    68   239 0.29 -
GCA_003402215.1|PVP01_1025400|PVP01_1025400.1|unknown -            278 221at5820            -           2863       2.7    2.7  22.8   1   1    0.0089         3    2.5  22.8  2241  2373   110   260    23   277 0.51 -
GCA_003402215.1|PVP01_0722100|PVP01_0722100.1|unknown -            430 221at5820            -           2863       4.2    2.1  14.8   1   2    0.0021      0.71    4.6  10.9  2304  2353    77   125    65   161 0.47 -
GCA_003402215.1|PVP01_0722100|PVP01_0722100.1|unknown -            430 221at5820            -           2863       4.2    2.1  14.8   2   2      0.16        53   -1.6   0.1   137   151   222   236   173   278 0.61 -
GCA_003402215.1|PVP01_1304100|PVP01_1304100.1|unknown -            882 221at5820            -           2863       7.2    1.3  14.4   1   1     0.034        11    0.6  14.4   461   529    10   105     2   205 0.60 -
GCA_003402215.1|PVP01_1005900|PVP01_1005900.1|unknown -            667 221at5820            -           2863         9    1.0  26.5   1   1     0.036        12    0.5  26.5  2295  2408    35   156     5   183 0.48 -
GCA_003402215.1|PVP01_0515600|PVP01_0515600.1|unknown -            499 221at5820            -           2863       9.4    0.9  32.5   1   1      0.04        13    0.4  32.5  2221  2444   226   476   161   497 0.40 -
GCA_003402215.1|PVP01_0820700|PVP01_0820700.1|unknown -            307 221at5820            -           2863       9.4    0.9  20.1   1   1     0.036        12    0.5  20.1   124   268   140   291   121   302 0.35 -
#
# Program:         hmmsearch
# Version:         3.4 (Aug 2023)
# Pipeline mode:   SEARCH
# Query file:      /v3/work/00_inventory/busco/busco_downloads/lineages/plasmodium_odb10/hmms/221at5820.hmm
# Target file:     /v3/inputs/annotations/plasmodb-68/PvSY56.proteins.fa
# Option settings: hmmsearch --domtblout /v3/work/00_inventory/busco/PvSY56_proteins/run_plasmodium_odb10/hmmer_output/initial_run_results/221at5820.out --cpu 1 /v3/work/00_inventory/busco/busco_downloads/lineages/plasmodium_odb10/hmms/221at5820.hmm /v3/inputs/annotations/plasmodb-68/PvSY56.proteins.fa 
# Current dir:     /v3/work/00_inventory/busco
# Date:            Tue May 19 18:05:39 2026
# [ok]
