#                                                                                                             --- full sequence --- -------------- this domain -------------   hmm coord   ali coord   env coord
# target name                                         accession   tlen query name           accession   qlen   E-value  score  bias   #  of  c-Evalue  i-Evalue  score  bias  from    to  from    to  from    to  acc description of target
#                                 ------------------- ---------- ----- -------------------- ---------- ----- --------- ------ ----- --- --- --------- --------- ------ ----- ----- ----- ----- ----- ----- ----- ---- ---------------------
GCA_003402215.1|PVP01_1240700|PVP01_1240700.1|unknown -            881 2237at5820           -            757         0 1679.4   8.0   1   2  1.6e-211    6e-209  694.1   2.1     1   325     4   363     4   386 0.91 -
GCA_003402215.1|PVP01_1240700|PVP01_1240700.1|unknown -            881 2237at5820           -            757         0 1679.4   8.0   2   2  1.7e-300  6.6e-298  988.2   0.4   327   757   441   881   421   881 0.97 -
GCA_003402215.1|PVP01_1334500|PVP01_1334500.1|unknown -            394 2237at5820           -            757   2.3e-65  219.3   0.5   1   1   9.2e-67   3.5e-64  215.4   0.5   423   719   121   386   116   391 0.89 -
GCA_003402215.1|PVP01_0603400|PVP01_0603400.1|unknown -           2046 2237at5820           -            757     7e-54  181.3   0.1   1   2   6.4e-08   2.4e-05   20.8   0.0   421   478  1119  1176  1097  1184 0.89 -
GCA_003402215.1|PVP01_0603400|PVP01_0603400.1|unknown -           2046 2237at5820           -            757     7e-54  181.3   0.1   2   2   2.1e-49   8.1e-47  158.0   0.1   483   709  1217  1477  1207  1494 0.78 -
GCA_003402215.1|PVP01_0723900|PVP01_0723900.1|unknown -            495 2237at5820           -            757   2.3e-53  179.6   0.5   1   1   5.6e-55   2.1e-52  176.4   0.5   419   707   202   465   181   475 0.90 -
GCA_003402215.1|PVP01_0726200|PVP01_0726200.1|unknown -            307 2237at5820           -            757   8.8e-51  171.1   1.3   1   1   2.3e-52   8.6e-50  167.8   1.3   419   706    18   274     7   280 0.89 -
GCA_003402215.1|PVP01_0825700|PVP01_0825700.1|unknown -            308 2237at5820           -            757   6.6e-50  168.2   0.5   1   1   9.9e-52   3.7e-49  165.7   0.5   424   710    25   281    18   296 0.91 -
GCA_003402215.1|PVP01_0117400|PVP01_0117400.1|unknown -            541 2237at5820           -            757   4.4e-47  158.8   0.2   1   1   6.5e-49   2.5e-46  156.3   0.2   431   707    42   302    34   316 0.84 -
GCA_003402215.1|PVP01_1116400|PVP01_1116400.1|unknown -            682 2237at5820           -            757   8.3e-43  144.7   0.2   1   1   6.1e-45   2.3e-42  143.2   0.2   424   707   390   650   364   667 0.84 -
GCA_003402215.1|PVP01_0926500|PVP01_0926500.1|unknown -            572 2237at5820           -            757     2e-24   83.9   1.2   1   2   5.7e-11   2.2e-08   30.9   0.1   124   255   162   291   152   298 0.88 -
GCA_003402215.1|PVP01_0926500|PVP01_0926500.1|unknown -            572 2237at5820           -            757     2e-24   83.9   1.2   2   2   2.6e-17     1e-14   51.8   0.1    10   156   307   462   301   481 0.79 -
GCA_003402215.1|PVP01_1246700|PVP01_1246700.1|unknown -            644 2237at5820           -            757   1.8e-15   54.3   0.8   1   3   2.8e-12     1e-09   35.2   0.0    14   197    77   260    71   264 0.82 -
GCA_003402215.1|PVP01_1246700|PVP01_1246700.1|unknown -            644 2237at5820           -            757   1.8e-15   54.3   0.8   2   3      0.01       3.9    3.6   0.0     8    74   228   301   224   313 0.58 -
GCA_003402215.1|PVP01_1246700|PVP01_1246700.1|unknown -            644 2237at5820           -            757   1.8e-15   54.3   0.8   3   3     2e-06   0.00077   15.8   0.1    15   110   341   430   328   464 0.71 -
GCA_003402215.1|PVP01_1309900|PVP01_1309900.1|unknown -           1328 2237at5820           -            757   4.6e-15   53.0   1.8   1   2   0.00055      0.21    7.8   0.0    49   109   222   289   211   304 0.75 -
GCA_003402215.1|PVP01_1309900|PVP01_1309900.1|unknown -           1328 2237at5820           -            757   4.6e-15   53.0   1.8   2   2   2.6e-14   9.7e-12   42.0   1.7   105   297   589   812   581   834 0.72 -
GCA_003402215.1|PVP01_1432200|PVP01_1432200.1|unknown -            586 2237at5820           -            757   2.2e-10   37.5   1.0   1   3   2.5e-05    0.0094   12.3   0.1   125   250   150   278   142   283 0.42 -
GCA_003402215.1|PVP01_1432200|PVP01_1432200.1|unknown -            586 2237at5820           -            757   2.2e-10   37.5   1.0   2   3   9.7e-06    0.0037   13.6   0.0    23   132   206   315   191   324 0.75 -
GCA_003402215.1|PVP01_1432200|PVP01_1432200.1|unknown -            586 2237at5820           -            757   2.2e-10   37.5   1.0   3   3   7.7e-08   2.9e-05   20.5   0.1    34   147   331   449   319   463 0.77 -
GCA_003402215.1|PVP01_0607800|PVP01_0607800.1|unknown -            860 2237at5820           -            757     4e-10   36.6   0.0   1   1   7.5e-12   2.8e-09   33.8   0.0    14   157    64   216    56   229 0.78 -
GCA_003402215.1|PVP01_0926400|PVP01_0926400.1|unknown -            566 2237at5820           -            757    0.0085   12.4   0.0   1   2     0.017       6.6    2.8   0.0    13   148    78   107     3   127 0.70 -
GCA_003402215.1|PVP01_0926400|PVP01_0926400.1|unknown -            566 2237at5820           -            757    0.0085   12.4   0.0   2   2   0.00075      0.28    7.4   0.0    40    75   157   191   143   208 0.84 -
#
# Program:         hmmsearch
# Version:         3.4 (Aug 2023)
# Pipeline mode:   SEARCH
# Query file:      /v3/work/00_inventory/busco/busco_downloads/lineages/plasmodium_odb10/hmms/2237at5820.hmm
# Target file:     /v3/inputs/annotations/plasmodb-68/PvSY56.proteins.fa
# Option settings: hmmsearch --domtblout /v3/work/00_inventory/busco/PvSY56_proteins/run_plasmodium_odb10/hmmer_output/initial_run_results/2237at5820.out --cpu 1 /v3/work/00_inventory/busco/busco_downloads/lineages/plasmodium_odb10/hmms/2237at5820.hmm /v3/inputs/annotations/plasmodb-68/PvSY56.proteins.fa 
# Current dir:     /v3/work/00_inventory/busco
# Date:            Tue May 19 18:05:45 2026
# [ok]
