#                                                                                                             --- full sequence --- -------------- this domain -------------   hmm coord   ali coord   env coord
# target name                                         accession   tlen query name           accession   qlen   E-value  score  bias   #  of  c-Evalue  i-Evalue  score  bias  from    to  from    to  from    to  acc description of target
#                                 ------------------- ---------- ----- -------------------- ---------- ----- --------- ------ ----- --- --- --------- --------- ------ ----- ----- ----- ----- ----- ----- ----- ---- ---------------------
GCA_003402215.1|PVP01_0946700|PVP01_0946700.1|unknown -            660 2329at5820           -            907   8.9e-22   75.5  25.6   1   5   2.5e-08   6.9e-06   22.9   0.3   563   674   104   214    11   218 0.69 -
GCA_003402215.1|PVP01_0946700|PVP01_0946700.1|unknown -            660 2329at5820           -            907   8.9e-22   75.5  25.6   2   5       2.4   6.6e+02   -3.5   3.1   100   128   233   273   217   320 0.41 -
GCA_003402215.1|PVP01_0946700|PVP01_0946700.1|unknown -            660 2329at5820           -            907   8.9e-22   75.5  25.6   3   5    0.0017      0.47    6.9   0.0   833   872   360   399   338   417 0.72 -
GCA_003402215.1|PVP01_0946700|PVP01_0946700.1|unknown -            660 2329at5820           -            907   8.9e-22   75.5  25.6   4   5   1.9e-15   5.4e-13   46.4   0.5   577   653   491   566   485   588 0.87 -
GCA_003402215.1|PVP01_0946700|PVP01_0946700.1|unknown -            660 2329at5820           -            907   8.9e-22   75.5  25.6   5   5   2.3e-06   0.00065   16.4   0.6   577   609   627   659   615   660 0.91 -
GCA_003402215.1|PVP01_0507600|PVP01_0507600.1|unknown -            322 2329at5820           -            907   5.8e-15   52.9  13.1   1   2   0.00094      0.26    7.7   0.2   852   876    30    54    11    66 0.70 -
GCA_003402215.1|PVP01_0507600|PVP01_0507600.1|unknown -            322 2329at5820           -            907   5.8e-15   52.9  13.1   2   2   3.4e-15   9.6e-13   45.6   8.6   575   827    65   316    62   320 0.86 -
GCA_003402215.1|PVP01_0511500|PVP01_0511500.1|unknown -            324 2329at5820           -            907   6.7e-15   52.7   7.6   1   3   5.9e-07   0.00016   18.3   0.0   575   607    31    63    22    69 0.87 -
GCA_003402215.1|PVP01_0511500|PVP01_0511500.1|unknown -            324 2329at5820           -            907   6.7e-15   52.7   7.6   2   3   4.5e-08   1.3e-05   22.0   3.9   575   688    74   185    68   196 0.83 -
GCA_003402215.1|PVP01_0511500|PVP01_0511500.1|unknown -            324 2329at5820           -            907   6.7e-15   52.7   7.6   3   3   3.1e-05    0.0085   12.6   0.0   579   692   202   321   198   324 0.75 -
GCA_003402215.1|PVP01_0837800|PVP01_0837800.1|unknown -            595 2329at5820           -            907   1.3e-13   48.4  22.4   1   2   1.7e-07   4.8e-05   20.1  17.4   383   646    72   345    26   347 0.53 -
GCA_003402215.1|PVP01_0837800|PVP01_0837800.1|unknown -            595 2329at5820           -            907   1.3e-13   48.4  22.4   2   2   4.6e-11   1.3e-08   31.9   0.2   777   897   346   461   343   468 0.83 -
GCA_003402215.1|PVP01_0704300|PVP01_0704300.1|unknown -           1013 2329at5820           -            907   5.3e-11   39.8  26.5   1   3   6.5e-08   1.8e-05   21.5   0.5   574   657    92   176    85   199 0.83 -
GCA_003402215.1|PVP01_0704300|PVP01_0704300.1|unknown -           1013 2329at5820           -            907   5.3e-11   39.8  26.5   2   3     5e-10   1.4e-07   28.5   2.0   792   873   186   263   180   271 0.79 -
GCA_003402215.1|PVP01_0704300|PVP01_0704300.1|unknown -           1013 2329at5820           -            907   5.3e-11   39.8  26.5   3   3      0.23        64   -0.2   9.7    36   142   867   956   802  1007 0.47 -
GCA_003402215.1|PVP01_0831600|PVP01_0831600.1|unknown -            498 2329at5820           -            907   1.5e-08   31.7  13.4   1   2     0.069        19    1.5   7.8   542   647   194   324    76   340 0.46 -
GCA_003402215.1|PVP01_0831600|PVP01_0831600.1|unknown -            498 2329at5820           -            907   1.5e-08   31.7  13.4   2   2   6.4e-11   1.8e-08   31.4   0.2   577   690   381   494   372   498 0.82 -
GCA_003402215.1|PVP01_1412200|PVP01_1412200.1|unknown -            524 2329at5820           -            907     4e-07   27.0  34.2   1   3     0.018         5    3.5  15.3   169   344    11   187     7   222 0.67 -
GCA_003402215.1|PVP01_1412200|PVP01_1412200.1|unknown -            524 2329at5820           -            907     4e-07   27.0  34.2   2   3   3.4e-08   9.4e-06   22.4   2.0   629   685   225   289   202   303 0.81 -
GCA_003402215.1|PVP01_1412200|PVP01_1412200.1|unknown -            524 2329at5820           -            907     4e-07   27.0  34.2   3   3   0.00012     0.034   10.7   4.2   615   707   303   397   289   425 0.84 -
GCA_003402215.1|PVP01_1438500|PVP01_1438500.1|unknown -            612 2329at5820           -            907   1.7e-06   24.9  44.8   1   1   1.4e-07   3.9e-05   20.4  44.8   400   871    92   611    50   612 0.58 -
GCA_003402215.1|PVP01_1308500|PVP01_1308500.1|unknown -            703 2329at5820           -            907   1.1e-05   22.3  18.3   1   3     0.002      0.55    6.7   2.3   577   611     9    43     5   124 0.81 -
GCA_003402215.1|PVP01_1308500|PVP01_1308500.1|unknown -            703 2329at5820           -            907   1.1e-05   22.3  18.3   2   3     0.001      0.29    7.6   0.1   575   608   126   159   116   167 0.91 -
GCA_003402215.1|PVP01_1308500|PVP01_1308500.1|unknown -            703 2329at5820           -            907   1.1e-05   22.3  18.3   3   3   5.1e-06    0.0014   15.2   4.2   565   611   286   331   160   370 0.62 -
GCA_003402215.1|PVP01_1202600|PVP01_1202600.1|unknown -            468 2329at5820           -            907   2.6e-05   21.0   0.4   1   1   1.5e-07   4.2e-05   20.3   0.4   610   697   100   192    93   201 0.89 -
GCA_003402215.1|PVP01_0611600|PVP01_0611600.1|unknown -            647 2329at5820           -            907     5e-05   20.0   2.4   1   2     0.032       8.9    2.7   0.1   754   797   352   393   348   416 0.88 -
GCA_003402215.1|PVP01_0611600|PVP01_0611600.1|unknown -            647 2329at5820           -            907     5e-05   20.0   2.4   2   2   1.2e-06   0.00035   17.3   0.5   622   678   431   487   409   494 0.91 -
GCA_003402215.1|PVP01_1008300|PVP01_1008300.1|unknown -           1613 2329at5820           -            907   7.3e-05   19.5   1.7   1   1   8.5e-07   0.00024   17.8   1.7   542   649   298   407   193   418 0.70 -
GCA_003402215.1|PVP01_1259000|PVP01_1259000.1|unknown -           1261 2329at5820           -            907   0.00011   18.9   4.4   1   4    0.0027      0.76    6.2   0.1   619   668   104   153    95   170 0.72 -
GCA_003402215.1|PVP01_1259000|PVP01_1259000.1|unknown -           1261 2329at5820           -            907   0.00011   18.9   4.4   2   4     0.055        16    1.9   7.2    18   106   347   432   260   474 0.74 -
GCA_003402215.1|PVP01_1259000|PVP01_1259000.1|unknown -           1261 2329at5820           -            907   0.00011   18.9   4.4   3   4      0.41   1.1e+02   -1.0   0.1   575   674   663   758   653   768 0.85 -
GCA_003402215.1|PVP01_1259000|PVP01_1259000.1|unknown -           1261 2329at5820           -            907   0.00011   18.9   4.4   4   4     4e-07   0.00011   18.9   4.4   625   736   859   967   849  1011 0.72 -
GCA_003402215.1|PVP01_1448900|PVP01_1448900.1|unknown -            596 2329at5820           -            907   0.00019   18.1  17.5   1   3   8.3e-05     0.023   11.2   7.0   572   652    48   134    10   169 0.77 -
GCA_003402215.1|PVP01_1448900|PVP01_1448900.1|unknown -            596 2329at5820           -            907   0.00019   18.1  17.5   2   3   0.00014      0.04   10.4   0.1   635   689   195   258   193   259 0.73 -
GCA_003402215.1|PVP01_1448900|PVP01_1448900.1|unknown -            596 2329at5820           -            907   0.00019   18.1  17.5   3   3   0.00019     0.052   10.1   1.5   581   646   236   303   234   309 0.83 -
GCA_003402215.1|PVP01_0813200|PVP01_0813200.1|unknown -           1152 2329at5820           -            907   0.00034   17.3   0.5   1   6       1.1     3e+02   -2.4   0.1   654   740   228   267   199   275 0.62 -
GCA_003402215.1|PVP01_0813200|PVP01_0813200.1|unknown -           1152 2329at5820           -            907   0.00034   17.3   0.5   2   6      0.64   1.8e+02   -1.6   0.6   537   547   373   384   291   493 0.57 -
GCA_003402215.1|PVP01_0813200|PVP01_0813200.1|unknown -           1152 2329at5820           -            907   0.00034   17.3   0.5   3   6   1.2e-06   0.00034   17.3   0.5   622   662   576   616   572   628 0.87 -
GCA_003402215.1|PVP01_0813200|PVP01_0813200.1|unknown -           1152 2329at5820           -            907   0.00034   17.3   0.5   4   6      0.03       8.4    2.7   0.0   851   890   628   669   619   680 0.79 -
GCA_003402215.1|PVP01_0813200|PVP01_0813200.1|unknown -           1152 2329at5820           -            907   0.00034   17.3   0.5   5   6   9.2e-05     0.026   11.1   0.2   581   652   690   759   685   788 0.64 -
GCA_003402215.1|PVP01_0813200|PVP01_0813200.1|unknown -           1152 2329at5820           -            907   0.00034   17.3   0.5   6   6      0.26        73   -0.4   4.8   334   589   784   934   760   961 0.52 -
GCA_003402215.1|PVP01_0917000|PVP01_0917000.1|unknown -            454 2329at5820           -            907    0.0027   14.3   5.3   1   1     4e-05     0.011   12.3   5.3   561   705   246   390   188   401 0.68 -
GCA_003402215.1|PVP01_0927100|PVP01_0927100.1|unknown -            326 2329at5820           -            907     0.063    9.8  16.6   1   1   0.00037       0.1    9.1  16.6    50   153    94   199    24   243 0.60 -
GCA_003402215.1|PVP01_1458200|PVP01_1458200.1|unknown -            472 2329at5820           -            907     0.098    9.1  11.1   1   2      0.16        44    0.4   0.2   591   652    96   157    56   162 0.67 -
GCA_003402215.1|PVP01_1458200|PVP01_1458200.1|unknown -            472 2329at5820           -            907     0.098    9.1  11.1   2   2   7.3e-05     0.021   11.4   5.6   619   707   212   296   176   344 0.82 -
GCA_003402215.1|PVP01_0208200|PVP01_0208200.1|unknown -            297 2329at5820           -            907      0.88    6.0  14.8   1   1    0.0039       1.1    5.7  14.8    84   162    69   145    38   186 0.48 -
#
# Program:         hmmsearch
# Version:         3.4 (Aug 2023)
# Pipeline mode:   SEARCH
# Query file:      /v3/work/00_inventory/busco/busco_downloads/lineages/plasmodium_odb10/hmms/2329at5820.hmm
# Target file:     /v3/inputs/annotations/plasmodb-68/PvSY56.proteins.fa
# Option settings: hmmsearch --domtblout /v3/work/00_inventory/busco/PvSY56_proteins/run_plasmodium_odb10/hmmer_output/initial_run_results/2329at5820.out --cpu 1 /v3/work/00_inventory/busco/busco_downloads/lineages/plasmodium_odb10/hmms/2329at5820.hmm /v3/inputs/annotations/plasmodb-68/PvSY56.proteins.fa 
# Current dir:     /v3/work/00_inventory/busco
# Date:            Tue May 19 18:06:08 2026
# [ok]
