#                                                                                                             --- full sequence --- -------------- this domain -------------   hmm coord   ali coord   env coord
# target name                                         accession   tlen query name           accession   qlen   E-value  score  bias   #  of  c-Evalue  i-Evalue  score  bias  from    to  from    to  from    to  acc description of target
#                                 ------------------- ---------- ----- -------------------- ---------- ----- --------- ------ ----- --- --- --------- --------- ------ ----- ----- ----- ----- ----- ----- ----- ---- ---------------------
GCA_003402215.1|PVP01_1114400|PVP01_1114400.1|unknown -            874 2392at5820           -            678         0 1393.2  41.7   1   3     2e-26   1.8e-23   81.1   0.9     1    54     3    56     3    63 0.92 -
GCA_003402215.1|PVP01_1114400|PVP01_1114400.1|unknown -            874 2392at5820           -            678         0 1393.2  41.7   2   3  3.5e-260  3.1e-257  853.6  18.6    39   460   143   571    98   578 0.93 -
GCA_003402215.1|PVP01_1114400|PVP01_1114400.1|unknown -            874 2392at5820           -            678         0 1393.2  41.7   3   3  4.3e-144  3.8e-141  469.9   7.1   453   678   594   831   573   831 0.95 -
GCA_003402215.1|PVP01_1144300|PVP01_1144300.1|unknown -           1547 2392at5820           -            678   2.5e-38  130.1   9.8   1   2   2.6e-39   2.3e-36  123.6   3.6   192   418   617   852   605   866 0.82 -
GCA_003402215.1|PVP01_1144300|PVP01_1144300.1|unknown -           1547 2392at5820           -            678   2.5e-38  130.1   9.8   2   2   8.5e-05     0.075    9.6   0.4   490   598   957  1075   921  1102 0.76 -
GCA_003402215.1|PVP01_1124900|PVP01_1124900.1|unknown -           2938 2392at5820           -            678     3e-35  120.0  12.5   1   3   4.9e-20   4.3e-17   60.0   0.0   200   377   348   539   340   559 0.85 -
GCA_003402215.1|PVP01_1124900|PVP01_1124900.1|unknown -           2938 2392at5820           -            678     3e-35  120.0  12.5   2   3   1.9e-22   1.7e-19   67.9   0.4   490   606  1247  1363  1242  1404 0.87 -
GCA_003402215.1|PVP01_1124900|PVP01_1124900.1|unknown -           2938 2392at5820           -            678     3e-35  120.0  12.5   3   3         6   5.3e+03   -7.0   5.5   410   504  2348  2441  2343  2464 0.59 -
GCA_003402215.1|PVP01_0116800|PVP01_0116800.1|unknown -           1073 2392at5820           -            678   2.6e-34  116.9  15.4   1   2   8.3e-26   7.4e-23   79.0   6.2   124   455    54   408    46   431 0.68 -
GCA_003402215.1|PVP01_0116800|PVP01_0116800.1|unknown -           1073 2392at5820           -            678   2.6e-34  116.9  15.4   2   2   5.9e-15   5.3e-12   43.2   1.7   490   671   549   732   536   739 0.83 -
GCA_003402215.1|PVP01_0905000|PVP01_0905000.1|unknown -           1427 2392at5820           -            678   6.2e-34  115.6  13.7   1   1   5.5e-35   4.9e-32  109.4  13.6   203   637   346   814   335   835 0.72 -
GCA_003402215.1|PVP01_0409000|PVP01_0409000.1|unknown -           1276 2392at5820           -            678   2.4e-22   77.3  11.5   1   2   3.7e-16   3.3e-13   47.1   9.5   202   535   698  1086   660  1090 0.60 -
GCA_003402215.1|PVP01_0409000|PVP01_0409000.1|unknown -           1276 2392at5820           -            678   2.4e-22   77.3  11.5   2   2   4.3e-09   3.8e-06   23.8   0.0   538   613  1130  1204  1126  1224 0.89 -
#
# Program:         hmmsearch
# Version:         3.4 (Aug 2023)
# Pipeline mode:   SEARCH
# Query file:      /v3/work/00_inventory/busco/busco_downloads/lineages/plasmodium_odb10/hmms/2392at5820.hmm
# Target file:     /v3/inputs/annotations/plasmodb-68/PvSY56.proteins.fa
# Option settings: hmmsearch --domtblout /v3/work/00_inventory/busco/PvSY56_proteins/run_plasmodium_odb10/hmmer_output/initial_run_results/2392at5820.out --cpu 1 /v3/work/00_inventory/busco/busco_downloads/lineages/plasmodium_odb10/hmms/2392at5820.hmm /v3/inputs/annotations/plasmodb-68/PvSY56.proteins.fa 
# Current dir:     /v3/work/00_inventory/busco
# Date:            Tue May 19 18:06:26 2026
# [ok]
