#                                                                                                             --- full sequence --- -------------- this domain -------------   hmm coord   ali coord   env coord
# target name                                         accession   tlen query name           accession   qlen   E-value  score  bias   #  of  c-Evalue  i-Evalue  score  bias  from    to  from    to  from    to  acc description of target
#                                 ------------------- ---------- ----- -------------------- ---------- ----- --------- ------ ----- --- --- --------- --------- ------ ----- ----- ----- ----- ----- ----- ----- ---- ---------------------
GCA_003402215.1|PVP01_1004100|PVP01_1004100.1|unknown -           1833 2424at5820           -            906         0 1386.0 242.3   1  10   1.1e-39   5.8e-36  122.2   5.1     6    79    92   165    88   173 0.94 -
GCA_003402215.1|PVP01_1004100|PVP01_1004100.1|unknown -           1833 2424at5820           -            906         0 1386.0 242.3   2  10   1.2e-38   6.5e-35  118.7  16.5    72   178   216   344   205   352 0.82 -
GCA_003402215.1|PVP01_1004100|PVP01_1004100.1|unknown -           1833 2424at5820           -            906         0 1386.0 242.3   3  10   8.5e-17   4.5e-13   46.4   4.2   171   215   360   404   354   423 0.89 -
GCA_003402215.1|PVP01_1004100|PVP01_1004100.1|unknown -           1833 2424at5820           -            906         0 1386.0 242.3   4  10   6.6e-16   3.5e-12   43.5   3.7   209   248   446   485   439   499 0.89 -
GCA_003402215.1|PVP01_1004100|PVP01_1004100.1|unknown -           1833 2424at5820           -            906         0 1386.0 242.3   5  10  2.1e-246  1.1e-242  806.2 105.3   245   690   518   965   512   971 0.97 -
GCA_003402215.1|PVP01_1004100|PVP01_1004100.1|unknown -           1833 2424at5820           -            906         0 1386.0 242.3   6  10   6.3e-06     0.034   10.4  16.3   678   793  1031  1154  1024  1161 0.63 -
GCA_003402215.1|PVP01_1004100|PVP01_1004100.1|unknown -           1833 2424at5820           -            906         0 1386.0 242.3   7  10   2.1e-15   1.1e-11   41.8   2.8   711   755  1266  1310  1249  1315 0.86 -
GCA_003402215.1|PVP01_1004100|PVP01_1004100.1|unknown -           1833 2424at5820           -            906         0 1386.0 242.3   8  10    0.0032        17    1.5   0.3   746   766  1340  1360  1325  1365 0.77 -
GCA_003402215.1|PVP01_1004100|PVP01_1004100.1|unknown -           1833 2424at5820           -            906         0 1386.0 242.3   9  10     1e-22   5.4e-19   66.0   9.4   750   817  1551  1618  1518  1639 0.86 -
GCA_003402215.1|PVP01_1004100|PVP01_1004100.1|unknown -           1833 2424at5820           -            906         0 1386.0 242.3  10  10   6.3e-58   3.3e-54  182.5   9.6   806   906  1731  1831  1701  1831 0.96 -
#
# Program:         hmmsearch
# Version:         3.4 (Aug 2023)
# Pipeline mode:   SEARCH
# Query file:      /v3/work/00_inventory/busco/busco_downloads/lineages/plasmodium_odb10/hmms/2424at5820.hmm
# Target file:     /v3/inputs/annotations/plasmodb-68/PvSY56.proteins.fa
# Option settings: hmmsearch --domtblout /v3/work/00_inventory/busco/PvSY56_proteins/run_plasmodium_odb10/hmmer_output/initial_run_results/2424at5820.out --cpu 1 /v3/work/00_inventory/busco/busco_downloads/lineages/plasmodium_odb10/hmms/2424at5820.hmm /v3/inputs/annotations/plasmodb-68/PvSY56.proteins.fa 
# Current dir:     /v3/work/00_inventory/busco
# Date:            Tue May 19 18:06:45 2026
# [ok]
