#                                                                                                             --- full sequence --- -------------- this domain -------------   hmm coord   ali coord   env coord
# target name                                         accession   tlen query name           accession   qlen   E-value  score  bias   #  of  c-Evalue  i-Evalue  score  bias  from    to  from    to  from    to  acc description of target
#                                 ------------------- ---------- ----- -------------------- ---------- ----- --------- ------ ----- --- --- --------- --------- ------ ----- ----- ----- ----- ----- ----- ----- ---- ---------------------
GCA_003402215.1|PVP01_1414900|PVP01_1414900.1|unknown -           1070 2437at5820           -            745         0 1051.2  63.6   1   7   1.4e-08   7.3e-05   19.5   0.0     1    37     1    37     1    68 0.76 -
GCA_003402215.1|PVP01_1414900|PVP01_1414900.1|unknown -           1070 2437at5820           -            745         0 1051.2  63.6   2   7   8.3e-89   4.4e-85  284.8  14.5    55   231   173   355   166   363 0.95 -
GCA_003402215.1|PVP01_1414900|PVP01_1414900.1|unknown -           1070 2437at5820           -            745         0 1051.2  63.6   3   7   4.5e-38   2.4e-34  117.0   0.5   240   329   454   546   433   552 0.91 -
GCA_003402215.1|PVP01_1414900|PVP01_1414900.1|unknown -           1070 2437at5820           -            745         0 1051.2  63.6   4   7   8.4e-13   4.4e-09   33.5   0.0   330   363   574   607   568   612 0.94 -
GCA_003402215.1|PVP01_1414900|PVP01_1414900.1|unknown -           1070 2437at5820           -            745         0 1051.2  63.6   5   7   3.4e-51   1.8e-47  160.4   2.1   363   457   675   769   669   773 0.97 -
GCA_003402215.1|PVP01_1414900|PVP01_1414900.1|unknown -           1070 2437at5820           -            745         0 1051.2  63.6   6   7   1.9e-64     1e-60  204.2   6.7   457   559   820   922   817   927 0.98 -
GCA_003402215.1|PVP01_1414900|PVP01_1414900.1|unknown -           1070 2437at5820           -            745         0 1051.2  63.6   7   7   1.2e-79   6.3e-76  254.5   6.6   552   677   941  1066   933  1069 0.97 -
#
# Program:         hmmsearch
# Version:         3.4 (Aug 2023)
# Pipeline mode:   SEARCH
# Query file:      /v3/work/00_inventory/busco/busco_downloads/lineages/plasmodium_odb10/hmms/2437at5820.hmm
# Target file:     /v3/inputs/annotations/plasmodb-68/PvSY56.proteins.fa
# Option settings: hmmsearch --domtblout /v3/work/00_inventory/busco/PvSY56_proteins/run_plasmodium_odb10/hmmer_output/initial_run_results/2437at5820.out --cpu 1 /v3/work/00_inventory/busco/busco_downloads/lineages/plasmodium_odb10/hmms/2437at5820.hmm /v3/inputs/annotations/plasmodb-68/PvSY56.proteins.fa 
# Current dir:     /v3/work/00_inventory/busco
# Date:            Tue May 19 18:06:49 2026
# [ok]
