#                                                                                                             --- full sequence --- -------------- this domain -------------   hmm coord   ali coord   env coord
# target name                                         accession   tlen query name           accession   qlen   E-value  score  bias   #  of  c-Evalue  i-Evalue  score  bias  from    to  from    to  from    to  acc description of target
#                                 ------------------- ---------- ----- -------------------- ---------- ----- --------- ------ ----- --- --- --------- --------- ------ ----- ----- ----- ----- ----- ----- ----- ---- ---------------------
GCA_003402215.1|PVP01_0818300|PVP01_0818300.1|unknown -           1350 2557at5820           -            641         0 1101.8  90.4   1   7   3.7e-14     2e-10   38.3   0.1     1    33     1    33     1    44 0.91 -
GCA_003402215.1|PVP01_0818300|PVP01_0818300.1|unknown -           1350 2557at5820           -            641         0 1101.8  90.4   2   7   1.7e-65   9.2e-62  207.8  12.1    26   188    61   230    50   240 0.86 -
GCA_003402215.1|PVP01_0818300|PVP01_0818300.1|unknown -           1350 2557at5820           -            641         0 1101.8  90.4   3   7     0.011        60    0.3   0.1   149   190   225   266   212   274 0.70 -
GCA_003402215.1|PVP01_0818300|PVP01_0818300.1|unknown -           1350 2557at5820           -            641         0 1101.8  90.4   4   7   8.2e-10   4.4e-06   23.9   4.3   189   256   456   533   394   545 0.68 -
GCA_003402215.1|PVP01_0818300|PVP01_0818300.1|unknown -           1350 2557at5820           -            641         0 1101.8  90.4   5   7   2.8e-77   1.5e-73  246.8   6.7   235   367   735   877   725   882 0.94 -
GCA_003402215.1|PVP01_0818300|PVP01_0818300.1|unknown -           1350 2557at5820           -            641         0 1101.8  90.4   6   7      0.07   3.7e+02   -2.3   0.4   223   259  1023  1059  1010  1068 0.50 -
GCA_003402215.1|PVP01_0818300|PVP01_0818300.1|unknown -           1350 2557at5820           -            641         0 1101.8  90.4   7   7  4.8e-188  2.6e-184  612.7  30.5   360   641  1068  1350  1055  1350 0.96 -
#
# Program:         hmmsearch
# Version:         3.4 (Aug 2023)
# Pipeline mode:   SEARCH
# Query file:      /v3/work/00_inventory/busco/busco_downloads/lineages/plasmodium_odb10/hmms/2557at5820.hmm
# Target file:     /v3/inputs/annotations/plasmodb-68/PvSY56.proteins.fa
# Option settings: hmmsearch --domtblout /v3/work/00_inventory/busco/PvSY56_proteins/run_plasmodium_odb10/hmmer_output/initial_run_results/2557at5820.out --cpu 1 /v3/work/00_inventory/busco/busco_downloads/lineages/plasmodium_odb10/hmms/2557at5820.hmm /v3/inputs/annotations/plasmodb-68/PvSY56.proteins.fa 
# Current dir:     /v3/work/00_inventory/busco
# Date:            Tue May 19 18:07:28 2026
# [ok]
