#                                                                                                             --- full sequence --- -------------- this domain -------------   hmm coord   ali coord   env coord
# target name                                         accession   tlen query name           accession   qlen   E-value  score  bias   #  of  c-Evalue  i-Evalue  score  bias  from    to  from    to  from    to  acc description of target
#                                 ------------------- ---------- ----- -------------------- ---------- ----- --------- ------ ----- --- --- --------- --------- ------ ----- ----- ----- ----- ----- ----- ----- ---- ---------------------
GCA_003402215.1|PVP01_1105700|PVP01_1105700.1|unknown -           3861 258at5820            -           2240         0 3454.4 303.7   1  15    4e-123  1.1e-119  399.1  34.3     5   283    21   349    19   353 0.88 -
GCA_003402215.1|PVP01_1105700|PVP01_1105700.1|unknown -           3861 258at5820            -           2240         0 3454.4 303.7   2  15   0.00023      0.61    5.2   0.2   281   303   398   420   394   426 0.90 -
GCA_003402215.1|PVP01_1105700|PVP01_1105700.1|unknown -           3861 258at5820            -           2240         0 3454.4 303.7   3  15  4.1e-212  1.1e-208  694.2  34.2   290   685   472   872   440   881 0.94 -
GCA_003402215.1|PVP01_1105700|PVP01_1105700.1|unknown -           3861 258at5820            -           2240         0 3454.4 303.7   4  15   6.8e-76   1.8e-72  242.4  16.9   678   819   992  1133   983  1137 0.97 -
GCA_003402215.1|PVP01_1105700|PVP01_1105700.1|unknown -           3861 258at5820            -           2240         0 3454.4 303.7   5  15  1.5e-114  3.9e-111  370.7  30.8   818  1064  1195  1490  1189  1493 0.85 -
GCA_003402215.1|PVP01_1105700|PVP01_1105700.1|unknown -           3861 258at5820            -           2240         0 3454.4 303.7   6  15   3.4e-07   0.00091   14.5   0.0  1063  1088  1524  1549  1505  1566 0.83 -
GCA_003402215.1|PVP01_1105700|PVP01_1105700.1|unknown -           3861 258at5820            -           2240         0 3454.4 303.7   7  15  1.8e-128  4.7e-125  416.8  16.5  1088  1336  1604  1857  1596  1877 0.89 -
GCA_003402215.1|PVP01_1105700|PVP01_1105700.1|unknown -           3861 258at5820            -           2240         0 3454.4 303.7   8  15   3.7e-31   9.9e-28   94.0  10.5  1311  1454  2085  2267  2072  2275 0.76 -
GCA_003402215.1|PVP01_1105700|PVP01_1105700.1|unknown -           3861 258at5820            -           2240         0 3454.4 303.7   9  15  1.5e-130    4e-127  423.7  29.9  1443  1689  2382  2644  2368  2646 0.94 -
GCA_003402215.1|PVP01_1105700|PVP01_1105700.1|unknown -           3861 258at5820            -           2240         0 3454.4 303.7  10  15   4.6e-50   1.2e-46  156.8  13.3  1695  1789  2705  2800  2702  2802 0.96 -
GCA_003402215.1|PVP01_1105700|PVP01_1105700.1|unknown -           3861 258at5820            -           2240         0 3454.4 303.7  11  15   2.9e-34   7.8e-31  104.3   3.2  1787  1864  2833  2911  2827  2931 0.92 -
GCA_003402215.1|PVP01_1105700|PVP01_1105700.1|unknown -           3861 258at5820            -           2240         0 3454.4 303.7  12  15   9.4e-06     0.025    9.8   0.1  1869  1895  2974  3000  2965  3006 0.88 -
GCA_003402215.1|PVP01_1105700|PVP01_1105700.1|unknown -           3861 258at5820            -           2240         0 3454.4 303.7  13  15   1.9e-25   5.2e-22   75.1   0.2  1899  1961  3075  3137  3065  3142 0.94 -
GCA_003402215.1|PVP01_1105700|PVP01_1105700.1|unknown -           3861 258at5820            -           2240         0 3454.4 303.7  14  15  1.4e-102   3.6e-99  331.0  11.0  1960  2164  3247  3453  3237  3466 0.95 -
GCA_003402215.1|PVP01_1105700|PVP01_1105700.1|unknown -           3861 258at5820            -           2240         0 3454.4 303.7  15  15   8.3e-54   2.2e-50  169.2   6.1  2137  2240  3758  3861  3707  3861 0.80 -
GCA_003402215.1|PVP01_0714300|PVP01_0714300.1|unknown -            163 258at5820            -           2240     0.026    9.7   5.4   1   1     1e-05     0.027    9.7   5.4  2055  2130     9    88     5   133 0.75 -
#
# Program:         hmmsearch
# Version:         3.4 (Aug 2023)
# Pipeline mode:   SEARCH
# Query file:      /v3/work/00_inventory/busco/busco_downloads/lineages/plasmodium_odb10/hmms/258at5820.hmm
# Target file:     /v3/inputs/annotations/plasmodb-68/PvSY56.proteins.fa
# Option settings: hmmsearch --domtblout /v3/work/00_inventory/busco/PvSY56_proteins/run_plasmodium_odb10/hmmer_output/initial_run_results/258at5820.out --cpu 1 /v3/work/00_inventory/busco/busco_downloads/lineages/plasmodium_odb10/hmms/258at5820.hmm /v3/inputs/annotations/plasmodb-68/PvSY56.proteins.fa 
# Current dir:     /v3/work/00_inventory/busco
# Date:            Tue May 19 18:07:34 2026
# [ok]
