#                                                                                                             --- full sequence --- -------------- this domain -------------   hmm coord   ali coord   env coord
# target name                                         accession   tlen query name           accession   qlen   E-value  score  bias   #  of  c-Evalue  i-Evalue  score  bias  from    to  from    to  from    to  acc description of target
#                                 ------------------- ---------- ----- -------------------- ---------- ----- --------- ------ ----- --- --- --------- --------- ------ ----- ----- ----- ----- ----- ----- ----- ---- ---------------------
GCA_003402215.1|PVP01_0215600|PVP01_0215600.1|unknown -           5028 25at5820             -           4225         0 8517.1 195.8   1   9   1.5e-30     2e-27   92.3   0.9     1    55     1    55     1    63 0.97 -
GCA_003402215.1|PVP01_0215600|PVP01_0215600.1|unknown -           5028 25at5820             -           4225         0 8517.1 195.8   2   9   3.9e-36   5.2e-33  110.7   0.8    56   124   108   189   105   197 0.90 -
GCA_003402215.1|PVP01_0215600|PVP01_0215600.1|unknown -           5028 25at5820             -           4225         0 8517.1 195.8   3   9         0         0 3539.2  99.3   123  1908   233  2182   228  2187 0.95 -
GCA_003402215.1|PVP01_0215600|PVP01_0215600.1|unknown -           5028 25at5820             -           4225         0 8517.1 195.8   4   9  5.8e-158  7.7e-155  515.1   0.5  1906  2153  2225  2486  2214  2499 0.95 -
GCA_003402215.1|PVP01_0215600|PVP01_0215600.1|unknown -           5028 25at5820             -           4225         0 8517.1 195.8   5   9         0         0 3053.3  38.3  2153  3532  2566  4007  2543  4017 0.97 -
GCA_003402215.1|PVP01_0215600|PVP01_0215600.1|unknown -           5028 25at5820             -           4225         0 8517.1 195.8   6   9   6.2e-35   8.3e-32  106.8   0.2  3530  3627  4033  4170  4027  4176 0.83 -
GCA_003402215.1|PVP01_0215600|PVP01_0215600.1|unknown -           5028 25at5820             -           4225         0 8517.1 195.8   7   9  4.2e-234  5.6e-231  767.9   3.4  3623  3991  4218  4601  4203  4623 0.97 -
GCA_003402215.1|PVP01_0215600|PVP01_0215600.1|unknown -           5028 25at5820             -           4225         0 8517.1 195.8   8   9   9.2e-55   1.2e-51  172.6   1.0  3974  4098  4672  4805  4666  4817 0.91 -
GCA_003402215.1|PVP01_0215600|PVP01_0215600.1|unknown -           5028 25at5820             -           4225         0 8517.1 195.8   9   9   2.3e-61     3e-58  194.5   0.1  4094  4225  4859  5028  4847  5028 0.83 -
GCA_003402215.1|PVP01_0608300|PVP01_0608300.1|unknown -           5379 25at5820             -           4225  3.9e-219  728.6 115.2   1   6    0.0014       1.9    2.7  11.4  1179  1285  1435  1547  1315  1549 0.70 -
GCA_003402215.1|PVP01_0608300|PVP01_0608300.1|unknown -           5379 25at5820             -           4225  3.9e-219  728.6 115.2   2   6   6.7e-24   8.9e-21   70.2  14.7  1284  1527  1620  1866  1611  1871 0.92 -
GCA_003402215.1|PVP01_0608300|PVP01_0608300.1|unknown -           5379 25at5820             -           4225  3.9e-219  728.6 115.2   3   6   9.4e-92   1.3e-88  295.4   8.3  1587  1949  1989  2387  1927  2395 0.81 -
GCA_003402215.1|PVP01_0608300|PVP01_0608300.1|unknown -           5379 25at5820             -           4225  3.9e-219  728.6 115.2   4   6   1.1e-36   1.5e-33  112.6   1.0  1966  2136  2468  2643  2456  2692 0.87 -
GCA_003402215.1|PVP01_0608300|PVP01_0608300.1|unknown -           5379 25at5820             -           4225  3.9e-219  728.6 115.2   5   6   2.8e-05     0.037    8.4   5.0  2289  2522  2938  3167  2933  3222 0.75 -
GCA_003402215.1|PVP01_0608300|PVP01_0608300.1|unknown -           5379 25at5820             -           4225  3.9e-219  728.6 115.2   6   6   9.6e-84   1.3e-80  268.8  35.7  2594  3321  3348  4070  3327  4076 0.89 -
GCA_003402215.1|PVP01_0923500|PVP01_0923500.1|unknown -           5455 25at5820             -           4225  1.7e-204  680.0 161.6   1   8     1e-20   1.4e-17   59.6  48.1  1169  1532  1194  1595  1107  1610 0.67 -
GCA_003402215.1|PVP01_0923500|PVP01_0923500.1|unknown -           5455 25at5820             -           4225  1.7e-204  680.0 161.6   2   8   5.5e-68   7.2e-65  216.5   4.0  1665  1942  1858  2138  1682  2143 0.92 -
GCA_003402215.1|PVP01_0923500|PVP01_0923500.1|unknown -           5455 25at5820             -           4225  1.7e-204  680.0 161.6   3   8   2.4e-44   3.2e-41  138.0  17.1  1953  2585  2202  2834  2190  2841 0.75 -
GCA_003402215.1|PVP01_0923500|PVP01_0923500.1|unknown -           5455 25at5820             -           4225  1.7e-204  680.0 161.6   4   8   4.5e-26     6e-23   77.3   3.1  2596  2815  2892  3114  2881  3126 0.85 -
GCA_003402215.1|PVP01_0923500|PVP01_0923500.1|unknown -           5455 25at5820             -           4225  1.7e-204  680.0 161.6   5   8   1.1e-06    0.0015   13.0   9.4  2860  2994  3208  3342  3184  3348 0.77 -
GCA_003402215.1|PVP01_0923500|PVP01_0923500.1|unknown -           5455 25at5820             -           4225  1.7e-204  680.0 161.6   6   8   2.9e-15   3.8e-12   41.5   7.0  3030  3232  3411  3621  3394  3651 0.80 -
GCA_003402215.1|PVP01_0923500|PVP01_0923500.1|unknown -           5455 25at5820             -           4225  1.7e-204  680.0 161.6   7   8   1.9e-37   2.6e-34  115.1  17.6  3259  3528  3775  4048  3755  4056 0.94 -
GCA_003402215.1|PVP01_0923500|PVP01_0923500.1|unknown -           5455 25at5820             -           4225  1.7e-204  680.0 161.6   8   8   2.4e-18   3.2e-15   51.7   0.6  3707  3912  4729  4929  4721  4936 0.83 -
GCA_003402215.1|PVP01_0703700|PVP01_0703700.1|unknown -           5866 25at5820             -           4225  4.4e-120  399.8 138.0   1   7         4   5.3e+03  -12.0  15.0   582   808   960  1173   956  1199 0.71 -
GCA_003402215.1|PVP01_0703700|PVP01_0703700.1|unknown -           5866 25at5820             -           4225  4.4e-120  399.8 138.0   2   7       2.9   3.8e+03   -8.3  13.1  1192  1317  1127  1258  1107  1266 0.65 -
GCA_003402215.1|PVP01_0703700|PVP01_0703700.1|unknown -           5866 25at5820             -           4225  4.4e-120  399.8 138.0   3   7   1.7e-16   2.2e-13   45.6   5.7  2306  2594  3386  3682  3342  3696 0.77 -
GCA_003402215.1|PVP01_0703700|PVP01_0703700.1|unknown -           5866 25at5820             -           4225  4.4e-120  399.8 138.0   4   7   1.4e-21   1.8e-18   62.5   0.8  2599  2743  3810  3956  3784  3973 0.89 -
GCA_003402215.1|PVP01_0703700|PVP01_0703700.1|unknown -           5866 25at5820             -           4225  4.4e-120  399.8 138.0   5   7     9e-73   1.2e-69  232.4  55.3  2748  3564  4039  4887  4025  4907 0.81 -
GCA_003402215.1|PVP01_0703700|PVP01_0703700.1|unknown -           5866 25at5820             -           4225  4.4e-120  399.8 138.0   6   7   8.3e-31   1.1e-27   93.1   9.1  3621  3972  5098  5443  5069  5460 0.82 -
GCA_003402215.1|PVP01_0703700|PVP01_0703700.1|unknown -           5866 25at5820             -           4225  4.4e-120  399.8 138.0   7   7   4.8e-07   0.00064   14.2   3.1  4018  4145  5619  5746  5598  5761 0.80 -
#
# Program:         hmmsearch
# Version:         3.4 (Aug 2023)
# Pipeline mode:   SEARCH
# Query file:      /v3/work/00_inventory/busco/busco_downloads/lineages/plasmodium_odb10/hmms/25at5820.hmm
# Target file:     /v3/inputs/annotations/plasmodb-68/PvSY56.proteins.fa
# Option settings: hmmsearch --domtblout /v3/work/00_inventory/busco/PvSY56_proteins/run_plasmodium_odb10/hmmer_output/initial_run_results/25at5820.out --cpu 1 /v3/work/00_inventory/busco/busco_downloads/lineages/plasmodium_odb10/hmms/25at5820.hmm /v3/inputs/annotations/plasmodb-68/PvSY56.proteins.fa 
# Current dir:     /v3/work/00_inventory/busco
# Date:            Tue May 19 18:07:39 2026
# [ok]
