#                                                                                                             --- full sequence --- -------------- this domain -------------   hmm coord   ali coord   env coord
# target name                                         accession   tlen query name           accession   qlen   E-value  score  bias   #  of  c-Evalue  i-Evalue  score  bias  from    to  from    to  from    to  acc description of target
#                                 ------------------- ---------- ----- -------------------- ---------- ----- --------- ------ ----- --- --- --------- --------- ------ ----- ----- ----- ----- ----- ----- ----- ---- ---------------------
GCA_003402215.1|PVP01_0710200|PVP01_0710200.1|unknown -            894 2619at5820           -            622         0 1220.2  32.1   1   3  8.6e-171  3.5e-168  559.0  11.1     1   281   188   469   188   498 0.96 -
GCA_003402215.1|PVP01_0710200|PVP01_0710200.1|unknown -            894 2619at5820           -            622         0 1220.2  32.1   2   3   9.4e-73   3.8e-70  235.2   0.1   277   406   506   635   504   638 0.98 -
GCA_003402215.1|PVP01_0710200|PVP01_0710200.1|unknown -            894 2619at5820           -            622         0 1220.2  32.1   3   3  3.1e-133  1.3e-130  435.0   8.3   408   622   677   892   675   892 0.99 -
GCA_003402215.1|PVP01_1146500|PVP01_1146500.1|unknown -            930 2619at5820           -            622   2.6e-29  100.3  21.4   1   4   2.3e-27   9.3e-25   85.3   1.5     2   148    97   253    96   323 0.82 -
GCA_003402215.1|PVP01_1146500|PVP01_1146500.1|unknown -            930 2619at5820           -            622   2.6e-29  100.3  21.4   2   4      0.11        45    0.4   0.1   151   191   348   389   328   395 0.73 -
GCA_003402215.1|PVP01_1146500|PVP01_1146500.1|unknown -            930 2619at5820           -            622   2.6e-29  100.3  21.4   3   4   1.7e-05    0.0068   13.0   5.9   188   378   480   651   461   668 0.73 -
GCA_003402215.1|PVP01_1146500|PVP01_1146500.1|unknown -            930 2619at5820           -            622   2.6e-29  100.3  21.4   4   4   0.00041      0.17    8.4   0.0   414   494   816   896   788   911 0.80 -
GCA_003402215.1|PVP01_1424700|PVP01_1424700.1|unknown -            778 2619at5820           -            622   7.6e-28   95.5   2.0   1   3   1.9e-30   7.6e-28   95.5   2.0     2   148   107   253   106   306 0.82 -
GCA_003402215.1|PVP01_1424700|PVP01_1424700.1|unknown -            778 2619at5820           -            622   7.6e-28   95.5   2.0   2   3     0.059        24    1.3   1.4   199   254   388   448   373   571 0.70 -
GCA_003402215.1|PVP01_1424700|PVP01_1424700.1|unknown -            778 2619at5820           -            622   7.6e-28   95.5   2.0   3   3      0.33   1.3e+02   -1.1   0.7   171   302   598   736   558   760 0.60 -
GCA_003402215.1|PVP01_1453500|PVP01_1453500.1|unknown -           1149 2619at5820           -            622   8.8e-26   88.6   1.8   1   3   2.2e-28   8.8e-26   88.6   1.8     3   142    24   165    22   188 0.88 -
GCA_003402215.1|PVP01_1453500|PVP01_1453500.1|unknown -           1149 2619at5820           -            622   8.8e-26   88.6   1.8   2   3      0.15        63   -0.1   0.1   198   231   460   493   442   515 0.82 -
GCA_003402215.1|PVP01_1453500|PVP01_1453500.1|unknown -           1149 2619at5820           -            622   8.8e-26   88.6   1.8   3   3     0.026        10    2.5   1.6   298   392   690   783   678   798 0.77 -
GCA_003402215.1|PVP01_1255900|PVP01_1255900.1|unknown -            832 2619at5820           -            622     2e-24   84.2   2.0   1   2   3.1e-25   1.3e-22   78.2   0.1     2   163    17   189    16   197 0.90 -
GCA_003402215.1|PVP01_1255900|PVP01_1255900.1|unknown -            832 2619at5820           -            622     2e-24   84.2   2.0   2   2    0.0034       1.4    5.4   0.1   284   384   464   560   418   581 0.69 -
GCA_003402215.1|PVP01_1206500|PVP01_1206500.1|unknown -           1426 2619at5820           -            622   5.2e-20   69.6  25.8   1   5   1.4e-09   5.7e-07   26.5   0.5     2    62    11    72    10    85 0.87 -
GCA_003402215.1|PVP01_1206500|PVP01_1206500.1|unknown -           1426 2619at5820           -            622   5.2e-20   69.6  25.8   2   5   2.5e-17     1e-14   52.1   2.2    64   155   200   288   194   309 0.82 -
GCA_003402215.1|PVP01_1206500|PVP01_1206500.1|unknown -           1426 2619at5820           -            622   5.2e-20   69.6  25.8   3   5      0.49     2e+02   -1.7   0.4   125   158   345   380   335   413 0.81 -
GCA_003402215.1|PVP01_1206500|PVP01_1206500.1|unknown -           1426 2619at5820           -            622   5.2e-20   69.6  25.8   4   5      0.19        76   -0.3   0.3   358   419  1165  1225  1145  1236 0.77 -
GCA_003402215.1|PVP01_1206500|PVP01_1206500.1|unknown -           1426 2619at5820           -            622   5.2e-20   69.6  25.8   5   5    0.0022      0.88    6.1   0.1   396   473  1258  1335  1250  1361 0.83 -
GCA_003402215.1|PVP01_0803600|PVP01_0803600.1|unknown -           1280 2619at5820           -            622   1.5e-15   54.9  12.1   1   3   6.4e-05     0.026   11.1   0.0     2    37   187   222   186   230 0.88 -
GCA_003402215.1|PVP01_0803600|PVP01_0803600.1|unknown -           1280 2619at5820           -            622   1.5e-15   54.9  12.1   2   3   2.7e-15   1.1e-12   45.4   6.6    52   194   316   458   304   464 0.93 -
GCA_003402215.1|PVP01_0803600|PVP01_0803600.1|unknown -           1280 2619at5820           -            622   1.5e-15   54.9  12.1   3   3      0.26     1e+02   -0.8   0.0   296   332   462   499   460   501 0.86 -
GCA_003402215.1|PVP01_1223900|PVP01_1223900.1|unknown -            456 2619at5820           -            622   1.5e-10   38.3   0.1   1   1   4.9e-13     2e-10   37.9   0.1     6   131    74   201    69   236 0.86 -
GCA_003402215.1|PVP01_1114900|PVP01_1114900.1|unknown -            443 2619at5820           -            622   3.4e-09   33.8   0.1   1   1   1.4e-11   5.7e-09   33.1   0.1     5   140     8   170     4   200 0.63 -
GCA_003402215.1|PVP01_0507300|PVP01_0507300.1|unknown -           1201 2619at5820           -            622   5.3e-08   29.9   2.3   1   1   8.5e-10   3.5e-07   27.2   2.3     8   174   630   788   623   865 0.73 -
GCA_003402215.1|PVP01_0924000|PVP01_0924000.1|unknown -            548 2619at5820           -            622   3.3e-05   20.7   0.1   1   1   1.1e-07   4.5e-05   20.2   0.1     6   145   113   276   109   290 0.72 -
GCA_003402215.1|PVP01_1411600|PVP01_1411600.1|unknown -            205 2619at5820           -            622    0.0023   14.6   0.0   1   1   6.5e-06    0.0027   14.4   0.0    92   183   108   200    75   204 0.74 -
GCA_003402215.1|PVP01_0945600|PVP01_0945600.1|unknown -            207 2619at5820           -            622    0.0028   14.3   0.1   1   1   7.5e-06    0.0031   14.2   0.1    69   185    63   182    24   192 0.73 -
#
# Program:         hmmsearch
# Version:         3.4 (Aug 2023)
# Pipeline mode:   SEARCH
# Query file:      /v3/work/00_inventory/busco/busco_downloads/lineages/plasmodium_odb10/hmms/2619at5820.hmm
# Target file:     /v3/inputs/annotations/plasmodb-68/PvSY56.proteins.fa
# Option settings: hmmsearch --domtblout /v3/work/00_inventory/busco/PvSY56_proteins/run_plasmodium_odb10/hmmer_output/initial_run_results/2619at5820.out --cpu 1 /v3/work/00_inventory/busco/busco_downloads/lineages/plasmodium_odb10/hmms/2619at5820.hmm /v3/inputs/annotations/plasmodb-68/PvSY56.proteins.fa 
# Current dir:     /v3/work/00_inventory/busco
# Date:            Tue May 19 18:07:42 2026
# [ok]
