#                                                                                                             --- full sequence --- -------------- this domain -------------   hmm coord   ali coord   env coord
# target name                                         accession   tlen query name           accession   qlen   E-value  score  bias   #  of  c-Evalue  i-Evalue  score  bias  from    to  from    to  from    to  acc description of target
#                                 ------------------- ---------- ----- -------------------- ---------- ----- --------- ------ ----- --- --- --------- --------- ------ ----- ----- ----- ----- ----- ----- ----- ---- ---------------------
GCA_003402215.1|PVP01_1136900|PVP01_1136900.1|unknown -           1572 2625at5820           -           1265         0 1457.8  51.5   1   2  1.7e-164  3.9e-162  540.1  10.3     1   285     1   315     1   325 0.89 -
GCA_003402215.1|PVP01_1136900|PVP01_1136900.1|unknown -           1572 2625at5820           -           1265         0 1457.8  51.5   2   2  2.7e-280  6.3e-278  923.7  33.2   628  1265   703  1572   676  1572 0.81 -
GCA_003402215.1|PVP01_1325300|PVP01_1325300.1|unknown -           1492 2625at5820           -           1265   1.9e-05   21.0   6.7   1   3       2.8   6.4e+02   -3.9   0.8   626   642    95   109    25   167 0.52 -
GCA_003402215.1|PVP01_1325300|PVP01_1325300.1|unknown -           1492 2625at5820           -           1265   1.9e-05   21.0   6.7   2   3   8.4e-08   1.9e-05   21.0   6.7   358   460   421   524   368   864 0.68 -
GCA_003402215.1|PVP01_1325300|PVP01_1325300.1|unknown -           1492 2625at5820           -           1265   1.9e-05   21.0   6.7   3   3    0.0086         2    4.4  37.1   361   618   958  1343   936  1397 0.32 -
GCA_003402215.1|PVP01_1024800|PVP01_1024800.1|unknown -            365 2625at5820           -           1265   6.5e-05   19.3   5.7   1   2     0.023       5.3    3.0   0.1   231   261    38    68    35    74 0.73 -
GCA_003402215.1|PVP01_1024800|PVP01_1024800.1|unknown -            365 2625at5820           -           1265   6.5e-05   19.3   5.7   2   2   6.4e-07   0.00015   18.1   0.9    27    70    95   138    90   139 0.94 -
GCA_003402215.1|PVP01_1014300|PVP01_1014300.1|unknown -            744 2625at5820           -           1265   0.00035   16.8  21.6   1   1   1.6e-06   0.00037   16.8  21.6   365   529   389   568   141   699 0.56 -
GCA_003402215.1|PVP01_1219800|PVP01_1219800.1|unknown -            449 2625at5820           -           1265    0.0015   14.7  10.5   1   1   6.5e-06    0.0015   14.7  10.5   339   492    20   180     3   368 0.61 -
GCA_003402215.1|PVP01_0810500|PVP01_0810500.1|unknown -            404 2625at5820           -           1265    0.0055   12.9  22.0   1   1   2.7e-05    0.0062   12.7  22.0   379   534   101   259    11   306 0.42 -
GCA_003402215.1|PVP01_1402200|PVP01_1402200.1|unknown -            393 2625at5820           -           1265     0.014   11.6  37.5   1   1   7.5e-05     0.017   11.2  37.5   368   555    69   299     5   391 0.37 -
GCA_003402215.1|PVP01_1435200|PVP01_1435200.1|unknown -            782 2625at5820           -           1265     0.022   10.9  16.4   1   1   0.00013      0.03   10.4  16.4   446   665   349   652   277   670 0.35 -
GCA_003402215.1|PVP01_0927100|PVP01_0927100.1|unknown -            326 2625at5820           -           1265     0.025   10.7  43.9   1   1   0.00014     0.032   10.3  43.9   327   552    25   287    13   322 0.31 -
GCA_003402215.1|PVP01_1212400|PVP01_1212400.1|unknown -            396 2625at5820           -           1265     0.053    9.6  32.1   1   1   0.00029     0.068    9.3  32.1   371   494    39   248     6   265 0.44 -
GCA_003402215.1|PVP01_0734700|PVP01_0734700.1|unknown -            270 2625at5820           -           1265     0.056    9.5  13.3   1   1   0.00026      0.06    9.4  13.3   385   505    84   239     2   268 0.32 -
GCA_003402215.1|PVP01_0515600|PVP01_0515600.1|unknown -            499 2625at5820           -           1265      0.15    8.1  34.5   1   1   0.00083      0.19    7.8  34.5   361   569   209   465   171   497 0.31 -
GCA_003402215.1|PVP01_0813900|PVP01_0813900.1|unknown -            453 2625at5820           -           1265      0.16    8.0  53.9   1   1   0.00084      0.19    7.7  53.9   380   606    75   351    12   424 0.29 -
GCA_003402215.1|PVP01_1203800|PVP01_1203800.1|unknown -            932 2625at5820           -           1265      0.18    7.8  22.5   1   1     0.001      0.24    7.4  22.5   355   554   372   576   269   656 0.39 -
GCA_003402215.1|PVP01_0116700|PVP01_0116700.1|unknown -            749 2625at5820           -           1265      0.38    6.8   7.1   1   1    0.0019      0.44    6.6   7.1   374   569   211   322    26   361 0.55 -
GCA_003402215.1|PVP01_1030700|PVP01_1030700.1|unknown -            302 2625at5820           -           1265         1    5.3  42.8   1   1    0.0054       1.3    5.1  42.8   346   512    39   240     9   293 0.29 -
GCA_003402215.1|PVP01_1228100|PVP01_1228100.1|unknown -            608 2625at5820           -           1265       1.6    4.7   6.7   1   1     0.008       1.8    4.5   6.7   447   552   131   261    39   383 0.46 -
GCA_003402215.1|PVP01_0806900|PVP01_0806900.1|unknown -            530 2625at5820           -           1265       2.6    4.0  24.5   1   1     0.014       3.1    3.7  24.5   378   505   396   513   332   530 0.38 -
GCA_003402215.1|PVP01_0522700|PVP01_0522700.1|unknown -            389 2625at5820           -           1265       3.1    3.7  25.8   1   1     0.017       3.9    3.4  25.8   371   444   131   317    43   389 0.33 -
GCA_003402215.1|PVP01_0525800|PVP01_0525800.1|unknown -           1354 2625at5820           -           1265       3.3    3.7  63.0   1   2     0.015       3.4    3.6  24.4   372   591   249   521   183   593 0.34 -
GCA_003402215.1|PVP01_0525800|PVP01_0525800.1|unknown -           1354 2625at5820           -           1265       3.3    3.7  63.0   2   2     0.003       0.7    5.9  30.6   363   696   854  1350   780  1353 0.37 -
GCA_003402215.1|PVP01_1219900|PVP01_1219900.1|unknown -            412 2625at5820           -           1265       3.9    3.4  20.1   1   1     0.019       4.4    3.3  20.1   339   505    29   255    24   383 0.40 -
GCA_003402215.1|PVP01_0408400|PVP01_0408400.1|unknown -            626 2625at5820           -           1265       5.9    2.8  15.0   1   1     0.035         8    2.4  15.0   388   645    57   291    27   325 0.21 -
GCA_003402215.1|PVP01_0620900|PVP01_0620900.1|unknown -            412 2625at5820           -           1265       8.1    2.4  10.2   1   1     0.035         8    2.4  10.2   412   517   237   344    20   386 0.49 -
#
# Program:         hmmsearch
# Version:         3.4 (Aug 2023)
# Pipeline mode:   SEARCH
# Query file:      /v3/work/00_inventory/busco/busco_downloads/lineages/plasmodium_odb10/hmms/2625at5820.hmm
# Target file:     /v3/inputs/annotations/plasmodb-68/PvSY56.proteins.fa
# Option settings: hmmsearch --domtblout /v3/work/00_inventory/busco/PvSY56_proteins/run_plasmodium_odb10/hmmer_output/initial_run_results/2625at5820.out --cpu 1 /v3/work/00_inventory/busco/busco_downloads/lineages/plasmodium_odb10/hmms/2625at5820.hmm /v3/inputs/annotations/plasmodb-68/PvSY56.proteins.fa 
# Current dir:     /v3/work/00_inventory/busco
# Date:            Tue May 19 18:07:48 2026
# [ok]
