#                                                                                                             --- full sequence --- -------------- this domain -------------   hmm coord   ali coord   env coord
# target name                                         accession   tlen query name           accession   qlen   E-value  score  bias   #  of  c-Evalue  i-Evalue  score  bias  from    to  from    to  from    to  acc description of target
#                                 ------------------- ---------- ----- -------------------- ---------- ----- --------- ------ ----- --- --- --------- --------- ------ ----- ----- ----- ----- ----- ----- ----- ---- ---------------------
GCA_003402215.1|PVP01_0804800|PVP01_0804800.1|unknown -           1064 2824at5820           -            719         0 1029.9 101.5   1   7   3.6e-13   1.9e-09   34.5  21.4     1    74     7   112     7   118 0.74 -
GCA_003402215.1|PVP01_0804800|PVP01_0804800.1|unknown -           1064 2824at5820           -            719         0 1029.9 101.5   2   7   0.00012      0.62    6.4   0.0    71    91   174   194   153   206 0.81 -
GCA_003402215.1|PVP01_0804800|PVP01_0804800.1|unknown -           1064 2824at5820           -            719         0 1029.9 101.5   3   7   1.7e-22   9.2e-19   65.3   8.8    88   147   252   329   248   338 0.84 -
GCA_003402215.1|PVP01_0804800|PVP01_0804800.1|unknown -           1064 2824at5820           -            719         0 1029.9 101.5   4   7     1e-35   5.4e-32  109.0   0.5   144   226   360   445   351   453 0.93 -
GCA_003402215.1|PVP01_0804800|PVP01_0804800.1|unknown -           1064 2824at5820           -            719         0 1029.9 101.5   5   7  6.4e-118  3.4e-114  380.8  17.3   223   435   483   698   470   703 0.95 -
GCA_003402215.1|PVP01_0804800|PVP01_0804800.1|unknown -           1064 2824at5820           -            719         0 1029.9 101.5   6   7   1.4e-66   7.6e-63  211.0   4.2   431   540   736   845   729   848 0.96 -
GCA_003402215.1|PVP01_0804800|PVP01_0804800.1|unknown -           1064 2824at5820           -            719         0 1029.9 101.5   7   7   1.1e-77   5.7e-74  247.8   9.8   540   671   880  1011   877  1013 0.98 -
#
# Program:         hmmsearch
# Version:         3.4 (Aug 2023)
# Pipeline mode:   SEARCH
# Query file:      /v3/work/00_inventory/busco/busco_downloads/lineages/plasmodium_odb10/hmms/2824at5820.hmm
# Target file:     /v3/inputs/annotations/plasmodb-68/PvSY56.proteins.fa
# Option settings: hmmsearch --domtblout /v3/work/00_inventory/busco/PvSY56_proteins/run_plasmodium_odb10/hmmer_output/initial_run_results/2824at5820.out --cpu 1 /v3/work/00_inventory/busco/busco_downloads/lineages/plasmodium_odb10/hmms/2824at5820.hmm /v3/inputs/annotations/plasmodb-68/PvSY56.proteins.fa 
# Current dir:     /v3/work/00_inventory/busco
# Date:            Tue May 19 18:08:47 2026
# [ok]
