#                                                                                                             --- full sequence --- -------------- this domain -------------   hmm coord   ali coord   env coord
# target name                                         accession   tlen query name           accession   qlen   E-value  score  bias   #  of  c-Evalue  i-Evalue  score  bias  from    to  from    to  from    to  acc description of target
#                                 ------------------- ---------- ----- -------------------- ---------- ----- --------- ------ ----- --- --- --------- --------- ------ ----- ----- ----- ----- ----- ----- ----- ---- ---------------------
GCA_003402215.1|PVP01_1462700|PVP01_1462700.1|unknown -           1479 2950at5820           -            863         0 1261.7  83.9   1   4  7.8e-213  4.6e-210  698.1  32.0     5   361    56   441    52   444 0.93 -
GCA_003402215.1|PVP01_1462700|PVP01_1462700.1|unknown -           1479 2950at5820           -            863         0 1261.7  83.9   2   4  2.4e-100   1.4e-97  326.0   8.8   361   534   535   724   530   729 0.92 -
GCA_003402215.1|PVP01_1462700|PVP01_1462700.1|unknown -           1479 2950at5820           -            863         0 1261.7  83.9   3   4   2.9e-25   1.7e-22   77.6   3.6   526   583   810   875   805   881 0.89 -
GCA_003402215.1|PVP01_1462700|PVP01_1462700.1|unknown -           1479 2950at5820           -            863         0 1261.7  83.9   4   4   1.1e-55   6.3e-53  178.2  15.6   578   678   970  1070   961  1082 0.93 -
GCA_003402215.1|PVP01_0820800|PVP01_0820800.1|unknown -           1305 2950at5820           -            863   7.3e-45  151.6  22.5   1   2   2.4e-12   1.4e-09   34.8   0.8    52   144   531   631   510   634 0.76 -
GCA_003402215.1|PVP01_0820800|PVP01_0820800.1|unknown -           1305 2950at5820           -            863   7.3e-45  151.6  22.5   2   2   1.1e-38   6.5e-36  122.0  15.2   177   494   631   950   629   962 0.79 -
GCA_003402215.1|PVP01_1310200|PVP01_1310200.1|unknown -           1656 2950at5820           -            863   8.8e-40  134.8   9.5   1   5   5.9e-13   3.5e-10   36.9   0.1    70   143    78   151    47   154 0.92 -
GCA_003402215.1|PVP01_1310200|PVP01_1310200.1|unknown -           1656 2950at5820           -            863   8.8e-40  134.8   9.5   2   5   5.5e-35   3.2e-32  109.7   5.4   199   420   192   430   182   461 0.81 -
GCA_003402215.1|PVP01_1310200|PVP01_1310200.1|unknown -           1656 2950at5820           -            863   8.8e-40  134.8   9.5   3   5         4   2.3e+03   -5.6   2.7   788   817   827   856   824   868 0.55 -
GCA_003402215.1|PVP01_1310200|PVP01_1310200.1|unknown -           1656 2950at5820           -            863   8.8e-40  134.8   9.5   4   5         9   5.3e+03   -8.9   9.4   684   784  1080  1179  1032  1200 0.51 -
GCA_003402215.1|PVP01_1310200|PVP01_1310200.1|unknown -           1656 2950at5820           -            863   8.8e-40  134.8   9.5   5   5         9   5.3e+03  -17.3  17.6   685   853  1137  1280  1083  1291 0.33 -
GCA_003402215.1|PVP01_0204100|PVP01_0204100.1|unknown -           1454 2950at5820           -            863   1.2e-38  131.0  14.2   1   4   1.1e-08   6.5e-06   22.7   2.3    61   144   769   860   736   863 0.69 -
GCA_003402215.1|PVP01_0204100|PVP01_0204100.1|unknown -           1454 2950at5820           -            863   1.2e-38  131.0  14.2   2   4   3.6e-39   2.1e-36  123.6   4.3   180   416   863  1094   860  1108 0.83 -
GCA_003402215.1|PVP01_0204100|PVP01_0204100.1|unknown -           1454 2950at5820           -            863   1.2e-38  131.0  14.2   3   4      0.03        18    1.4   0.8   480   524  1110  1157  1102  1168 0.78 -
GCA_003402215.1|PVP01_0204100|PVP01_0204100.1|unknown -           1454 2950at5820           -            863   1.2e-38  131.0  14.2   4   4      0.29   1.7e+02   -1.9   4.7   482   534  1263  1316  1234  1442 0.84 -
GCA_003402215.1|PVP01_0822600|PVP01_0822600.1|unknown -           1314 2950at5820           -            863   4.3e-33  112.6  17.2   1   4   1.7e-07    0.0001   18.8   0.1   120   196     2    76     1    84 0.63 -
GCA_003402215.1|PVP01_0822600|PVP01_0822600.1|unknown -           1314 2950at5820           -            863   4.3e-33  112.6  17.2   2   4   1.2e-33   6.8e-31  105.3  13.1   199   442   152   392   149   407 0.79 -
GCA_003402215.1|PVP01_0822600|PVP01_0822600.1|unknown -           1314 2950at5820           -            863   4.3e-33  112.6  17.2   3   4       1.2     7e+02   -3.9   3.1   562   631   409   477   402   568 0.53 -
GCA_003402215.1|PVP01_0822600|PVP01_0822600.1|unknown -           1314 2950at5820           -            863   4.3e-33  112.6  17.2   4   4       1.5   9.1e+02   -4.2   3.6   691   759   751   819   737   856 0.69 -
GCA_003402215.1|PVP01_1462200|PVP01_1462200.1|unknown -           1124 2950at5820           -            863   9.7e-30  101.5  13.2   1   5      0.23   1.4e+02   -1.5   0.1   737   774    28    65    11    74 0.81 -
GCA_003402215.1|PVP01_1462200|PVP01_1462200.1|unknown -           1124 2950at5820           -            863   9.7e-30  101.5  13.2   2   5   1.8e-11   1.1e-08   31.9   1.5    63   147    59   149    37   155 0.76 -
GCA_003402215.1|PVP01_1462200|PVP01_1462200.1|unknown -           1124 2950at5820           -            863   9.7e-30  101.5  13.2   3   5   2.9e-27   1.7e-24   84.2   4.4   181   423   155   381   150   393 0.89 -
GCA_003402215.1|PVP01_1462200|PVP01_1462200.1|unknown -           1124 2950at5820           -            863   9.7e-30  101.5  13.2   4   5       1.9   1.1e+03   -4.6   3.2   675   743   462   530   449   536 0.66 -
GCA_003402215.1|PVP01_1462200|PVP01_1462200.1|unknown -           1124 2950at5820           -            863   9.7e-30  101.5  13.2   5   5       6.6   3.9e+03   -6.3   5.1   607   642   956   990   925  1093 0.47 -
GCA_003402215.1|PVP01_0320600|PVP01_0320600.1|unknown -           2302 2950at5820           -            863   6.6e-27   92.2  17.1   1   2   1.2e-07   6.8e-05   19.3   2.7    28   143   216   337   208   352 0.75 -
GCA_003402215.1|PVP01_0320600|PVP01_0320600.1|unknown -           2302 2950at5820           -            863   6.6e-27   92.2  17.1   2   2   2.1e-25   1.3e-22   78.0   6.6   202   416   627   833   620   853 0.87 -
GCA_003402215.1|PVP01_0809900|PVP01_0809900.1|unknown -           3266 2950at5820           -            863   8.4e-27   91.8  29.0   1   5   9.6e-10   5.7e-07   26.2   3.4    89   150   214   273   164   276 0.83 -
GCA_003402215.1|PVP01_0809900|PVP01_0809900.1|unknown -           3266 2950at5820           -            863   8.4e-27   91.8  29.0   2   5   1.2e-08   7.3e-06   22.5  10.8   178   289   275   408   270   418 0.77 -
GCA_003402215.1|PVP01_0809900|PVP01_0809900.1|unknown -           3266 2950at5820           -            863   8.4e-27   91.8  29.0   3   5   1.9e-24   1.1e-21   74.9   0.6   298   422   498   612   465   639 0.92 -
GCA_003402215.1|PVP01_0809900|PVP01_0809900.1|unknown -           3266 2950at5820           -            863   8.4e-27   91.8  29.0   4   5         9   5.3e+03  -20.2  24.7   673   793  1410  1530  1386  1562 0.53 -
GCA_003402215.1|PVP01_0809900|PVP01_0809900.1|unknown -           3266 2950at5820           -            863   8.4e-27   91.8  29.0   5   5      0.18   1.1e+02   -1.2   1.4   459   530  1685  1757  1673  1760 0.75 -
GCA_003402215.1|PVP01_0947300|PVP01_0947300.1|unknown -            811 2950at5820           -            863   2.6e-19   67.0  38.6   1   4   2.8e-10   1.6e-07   28.0   5.9    71   144    30   108     1   113 0.62 -
GCA_003402215.1|PVP01_0947300|PVP01_0947300.1|unknown -            811 2950at5820           -            863   2.6e-19   67.0  38.6   2   4   4.5e-18   2.6e-15   53.8  24.8   180   438   117   395   109   410 0.73 -
GCA_003402215.1|PVP01_0947300|PVP01_0947300.1|unknown -            811 2950at5820           -            863   2.6e-19   67.0  38.6   3   4         9   5.3e+03   -9.4  12.4   740   816   435   506   404   529 0.43 -
GCA_003402215.1|PVP01_0947300|PVP01_0947300.1|unknown -            811 2950at5820           -            863   2.6e-19   67.0  38.6   4   4      0.12        71   -0.6   1.8   570   612   705   746   684   794 0.62 -
#
# Program:         hmmsearch
# Version:         3.4 (Aug 2023)
# Pipeline mode:   SEARCH
# Query file:      /v3/work/00_inventory/busco/busco_downloads/lineages/plasmodium_odb10/hmms/2950at5820.hmm
# Target file:     /v3/inputs/annotations/plasmodb-68/PvSY56.proteins.fa
# Option settings: hmmsearch --domtblout /v3/work/00_inventory/busco/PvSY56_proteins/run_plasmodium_odb10/hmmer_output/initial_run_results/2950at5820.out --cpu 1 /v3/work/00_inventory/busco/busco_downloads/lineages/plasmodium_odb10/hmms/2950at5820.hmm /v3/inputs/annotations/plasmodb-68/PvSY56.proteins.fa 
# Current dir:     /v3/work/00_inventory/busco
# Date:            Tue May 19 18:09:23 2026
# [ok]
