#                                                                                                             --- full sequence --- -------------- this domain -------------   hmm coord   ali coord   env coord
# target name                                         accession   tlen query name           accession   qlen   E-value  score  bias   #  of  c-Evalue  i-Evalue  score  bias  from    to  from    to  from    to  acc description of target
#                                 ------------------- ---------- ----- -------------------- ---------- ----- --------- ------ ----- --- --- --------- --------- ------ ----- ----- ----- ----- ----- ----- ----- ---- ---------------------
GCA_003402215.1|PVP01_1329800|PVP01_1329800.1|unknown -           1000 2959at5820           -            696         0 1091.8 109.9   1   6     4e-33   7.4e-31  105.6   0.1     3    72    45   115    43   128 0.92 -
GCA_003402215.1|PVP01_1329800|PVP01_1329800.1|unknown -           1000 2959at5820           -            696         0 1091.8 109.9   2   6   1.2e-06   0.00022   18.1   0.1    70   101   144   180   142   187 0.88 -
GCA_003402215.1|PVP01_1329800|PVP01_1329800.1|unknown -           1000 2959at5820           -            696         0 1091.8 109.9   3   6     5e-84   9.2e-82  273.8   8.2    86   265   221   407   212   412 0.92 -
GCA_003402215.1|PVP01_1329800|PVP01_1329800.1|unknown -           1000 2959at5820           -            696         0 1091.8 109.9   4   6  7.9e-126  1.4e-123  412.0  28.3   266   498   440   685   434   689 0.94 -
GCA_003402215.1|PVP01_1329800|PVP01_1329800.1|unknown -           1000 2959at5820           -            696         0 1091.8 109.9   5   6   9.7e-60   1.8e-57  193.6  10.9   498   614   754   870   751   881 0.94 -
GCA_003402215.1|PVP01_1329800|PVP01_1329800.1|unknown -           1000 2959at5820           -            696         0 1091.8 109.9   6   6   9.1e-34   1.7e-31  107.7  30.7   599   696   884   999   871   999 0.82 -
GCA_003402215.1|PVP01_1118600|PVP01_1118600.1|unknown -            598 2959at5820           -            696   1.2e-36  124.7  33.0   1   5   8.1e-08   1.5e-05   22.0   0.1     5    67   144   207   141   212 0.89 -
GCA_003402215.1|PVP01_1118600|PVP01_1118600.1|unknown -            598 2959at5820           -            696   1.2e-36  124.7  33.0   2   5   3.7e-05    0.0069   13.2   0.2   102   129   215   241   204   246 0.71 -
GCA_003402215.1|PVP01_1118600|PVP01_1118600.1|unknown -            598 2959at5820           -            696   1.2e-36  124.7  33.0   3   5   3.3e-15   6.1e-13   46.4   4.9   170   323   257   409   253   414 0.82 -
GCA_003402215.1|PVP01_1118600|PVP01_1118600.1|unknown -            598 2959at5820           -            696   1.2e-36  124.7  33.0   4   5     8e-18   1.5e-15   55.0   0.1   366   466   416   515   409   534 0.88 -
GCA_003402215.1|PVP01_1118600|PVP01_1118600.1|unknown -            598 2959at5820           -            696   1.2e-36  124.7  33.0   5   5   0.00077      0.14    8.8   0.5   517   575   531   589   518   597 0.83 -
GCA_003402215.1|PVP01_0317000|PVP01_0317000.1|unknown -            859 2959at5820           -            696   7.1e-34  115.6  11.3   1   6     2e-11   3.6e-09   33.9   0.2     9    78   129   201   125   208 0.87 -
GCA_003402215.1|PVP01_0317000|PVP01_0317000.1|unknown -            859 2959at5820           -            696   7.1e-34  115.6  11.3   2   6      0.24        45    0.5   0.0   108   124   208   224   201   230 0.81 -
GCA_003402215.1|PVP01_0317000|PVP01_0317000.1|unknown -            859 2959at5820           -            696   7.1e-34  115.6  11.3   3   6    0.0092       1.7    5.3   0.0   174   215   252   294   240   299 0.77 -
GCA_003402215.1|PVP01_0317000|PVP01_0317000.1|unknown -            859 2959at5820           -            696   7.1e-34  115.6  11.3   4   6   1.1e-05     0.002   14.9   0.0   268   327   448   507   441   532 0.86 -
GCA_003402215.1|PVP01_0317000|PVP01_0317000.1|unknown -            859 2959at5820           -            696   7.1e-34  115.6  11.3   5   6   9.7e-19   1.8e-16   58.1   0.0   365   466   618   720   606   728 0.92 -
GCA_003402215.1|PVP01_0317000|PVP01_0317000.1|unknown -            859 2959at5820           -            696   7.1e-34  115.6  11.3   6   6     0.011         2    5.0   0.1   524   569   762   809   743   846 0.79 -
GCA_003402215.1|PVP01_0415000|PVP01_0415000.1|unknown -            473 2959at5820           -            696   6.2e-30  102.5   3.1   1   2   8.5e-16   1.6e-13   48.3   2.3    30   309    83   341    61   347 0.79 -
GCA_003402215.1|PVP01_0415000|PVP01_0415000.1|unknown -            473 2959at5820           -            696   6.2e-30  102.5   3.1   2   2   2.3e-16   4.2e-14   50.2   0.0   353   449   349   443   334   449 0.87 -
GCA_003402215.1|PVP01_1330000|PVP01_1330000.1|unknown -            878 2959at5820           -            696   2.4e-29  100.6  73.5   1   5   2.6e-10   4.8e-08   30.2   0.2     6    78   134   207   129   211 0.89 -
GCA_003402215.1|PVP01_1330000|PVP01_1330000.1|unknown -            878 2959at5820           -            696   2.4e-29  100.6  73.5   2   5   0.00036     0.066    9.9   0.4   108   135   210   237   201   254 0.81 -
GCA_003402215.1|PVP01_1330000|PVP01_1330000.1|unknown -            878 2959at5820           -            696   2.4e-29  100.6  73.5   3   5   3.3e-12   6.1e-10   36.5  21.4   177   325   255   404   244   408 0.88 -
GCA_003402215.1|PVP01_1330000|PVP01_1330000.1|unknown -            878 2959at5820           -            696   2.4e-29  100.6  73.5   4   5   6.2e-18   1.1e-15   55.4   8.5   363   472   409   522   404   558 0.77 -
GCA_003402215.1|PVP01_1330000|PVP01_1330000.1|unknown -            878 2959at5820           -            696   2.4e-29  100.6  73.5   5   5      0.15        27    1.3   3.8   526   593   539   605   531   629 0.72 -
GCA_003402215.1|PVP01_0406600|PVP01_0406600.1|unknown -            546 2959at5820           -            696   1.4e-27   94.8  24.6   1   4   1.1e-09     2e-07   28.1   0.0     6    68   139   202   134   207 0.89 -
GCA_003402215.1|PVP01_0406600|PVP01_0406600.1|unknown -            546 2959at5820           -            696   1.4e-27   94.8  24.6   2   4   0.00013     0.024   11.4   0.0   100   123   202   225   200   235 0.89 -
GCA_003402215.1|PVP01_0406600|PVP01_0406600.1|unknown -            546 2959at5820           -            696   1.4e-27   94.8  24.6   3   4   4.2e-10   7.6e-08   29.5   5.4   165   315   244   391   225   401 0.71 -
GCA_003402215.1|PVP01_0406600|PVP01_0406600.1|unknown -            546 2959at5820           -            696   1.4e-27   94.8  24.6   4   4   2.7e-13     5e-11   40.0   1.0   366   481   406   519   394   537 0.82 -
GCA_003402215.1|PVP01_0531200|PVP01_0531200.1|unknown -            388 2959at5820           -            696   5.1e-27   92.9   3.9   1   3   4.5e-06   0.00082   16.2   0.0     6    66    15    76     9    88 0.85 -
GCA_003402215.1|PVP01_0531200|PVP01_0531200.1|unknown -            388 2959at5820           -            696   5.1e-27   92.9   3.9   2   3   3.3e-08     6e-06   23.3   0.5   154   264   115   219    79   237 0.82 -
GCA_003402215.1|PVP01_0531200|PVP01_0531200.1|unknown -            388 2959at5820           -            696   5.1e-27   92.9   3.9   3   3   4.6e-17   8.4e-15   52.5   0.5   317   447   231   361   224   369 0.84 -
GCA_003402215.1|PVP01_1261100|PVP01_1261100.1|unknown -            528 2959at5820           -            696   9.6e-27   92.0   0.4   1   4    0.0012      0.22    8.2   0.0    33    68   140   176   114   185 0.78 -
GCA_003402215.1|PVP01_1261100|PVP01_1261100.1|unknown -            528 2959at5820           -            696   9.6e-27   92.0   0.4   2   4         1   1.9e+02   -1.5   0.0   107   127   188   208   180   212 0.81 -
GCA_003402215.1|PVP01_1261100|PVP01_1261100.1|unknown -            528 2959at5820           -            696   9.6e-27   92.0   0.4   3   4   1.3e-13   2.4e-11   41.1   0.0   177   318   235   376   230   382 0.86 -
GCA_003402215.1|PVP01_1261100|PVP01_1261100.1|unknown -            528 2959at5820           -            696   9.6e-27   92.0   0.4   4   4     1e-12   1.9e-10   38.1   0.0   383   445   402   465   385   472 0.83 -
GCA_003402215.1|PVP01_1238100|PVP01_1238100.1|unknown -            398 2959at5820           -            696   1.8e-26   91.1   0.9   1   4     7e-05     0.013   12.3   0.0     6    71    23    88    18    95 0.86 -
GCA_003402215.1|PVP01_1238100|PVP01_1238100.1|unknown -            398 2959at5820           -            696   1.8e-26   91.1   0.9   2   4     0.097        18    1.9   0.0   108   125    94   111    90   120 0.87 -
GCA_003402215.1|PVP01_1238100|PVP01_1238100.1|unknown -            398 2959at5820           -            696   1.8e-26   91.1   0.9   3   4   4.2e-08   7.7e-06   22.9   0.0   173   247   136   209   127   245 0.77 -
GCA_003402215.1|PVP01_1238100|PVP01_1238100.1|unknown -            398 2959at5820           -            696   1.8e-26   91.1   0.9   4   4   3.3e-16   6.1e-14   49.7   0.3   331   450   252   372   236   387 0.82 -
GCA_003402215.1|PVP01_1445300|PVP01_1445300.1|unknown -            723 2959at5820           -            696     3e-26   90.4   2.9   1   4   1.8e-06   0.00032   17.5   0.0     6    74   284   352   280   364 0.86 -
GCA_003402215.1|PVP01_1445300|PVP01_1445300.1|unknown -            723 2959at5820           -            696     3e-26   90.4   2.9   2   4    0.0021      0.38    7.4   0.0   103   128   405   430   399   441 0.85 -
GCA_003402215.1|PVP01_1445300|PVP01_1445300.1|unknown -            723 2959at5820           -            696     3e-26   90.4   2.9   3   4   3.2e-07   5.9e-05   20.0   0.4   177   311   456   589   447   608 0.77 -
GCA_003402215.1|PVP01_1445300|PVP01_1445300.1|unknown -            723 2959at5820           -            696     3e-26   90.4   2.9   4   4   5.8e-14   1.1e-11   42.3   1.2   358   444   600   684   559   689 0.75 -
GCA_003402215.1|PVP01_1029600|PVP01_1029600.1|unknown -            756 2959at5820           -            696   5.6e-25   86.2   3.1   1   2   4.8e-14   8.8e-12   42.5   0.0    30   315   186   448   177   460 0.78 -
GCA_003402215.1|PVP01_1029600|PVP01_1029600.1|unknown -            756 2959at5820           -            696   5.6e-25   86.2   3.1   2   2   4.6e-11   8.4e-09   32.7   1.7   391   455   485   550   456   715 0.79 -
GCA_003402215.1|PVP01_0616600|PVP01_0616600.1|unknown -           1123 2959at5820           -            696   4.1e-24   83.3   5.9   1   3   6.3e-08   1.1e-05   22.3   0.1    29    72   756   800   744   804 0.86 -
GCA_003402215.1|PVP01_0616600|PVP01_0616600.1|unknown -           1123 2959at5820           -            696   4.1e-24   83.3   5.9   2   3   3.6e-06   0.00066   16.5   0.4   116   223   825   910   812   936 0.70 -
GCA_003402215.1|PVP01_0616600|PVP01_0616600.1|unknown -           1123 2959at5820           -            696   4.1e-24   83.3   5.9   3   3   7.6e-14   1.4e-11   41.9   0.1   347   452   995  1101   977  1112 0.86 -
GCA_003402215.1|PVP01_1015400|PVP01_1015400.1|unknown -           1011 2959at5820           -            696   5.8e-24   82.8   0.5   1   4   1.9e-05    0.0036   14.1   0.0    10    67   590   648   586   653 0.83 -
GCA_003402215.1|PVP01_1015400|PVP01_1015400.1|unknown -           1011 2959at5820           -            696   5.8e-24   82.8   0.5   2   4   9.3e-05     0.017   11.9   0.0    97   130   654   687   648   695 0.88 -
GCA_003402215.1|PVP01_1015400|PVP01_1015400.1|unknown -           1011 2959at5820           -            696   5.8e-24   82.8   0.5   3   4     2e-05    0.0037   14.1   0.0   179   235   713   769   704   794 0.84 -
GCA_003402215.1|PVP01_1015400|PVP01_1015400.1|unknown -           1011 2959at5820           -            696   5.8e-24   82.8   0.5   4   4   2.1e-12   3.8e-10   37.1   0.2   331   460   842   975   833   986 0.79 -
GCA_003402215.1|PVP01_1468600|PVP01_1468600.1|unknown -            761 2959at5820           -            696   6.1e-24   82.7  31.8   1   2   1.9e-09   3.4e-07   27.4   0.0     6    71   123   189   119   197 0.86 -
GCA_003402215.1|PVP01_1468600|PVP01_1468600.1|unknown -            761 2959at5820           -            696   6.1e-24   82.7  31.8   2   2   5.3e-13   9.6e-11   39.1  31.4   109   495   207   556   195   578 0.71 -
GCA_003402215.1|PVP01_1261800|PVP01_1261800.1|unknown -            798 2959at5820           -            696   2.5e-23   80.7  42.2   1   4   1.7e-09   3.2e-07   27.5   0.3    10    70   250   312   242   321 0.89 -
GCA_003402215.1|PVP01_1261800|PVP01_1261800.1|unknown -            798 2959at5820           -            696   2.5e-23   80.7  42.2   2   4   0.00023     0.043   10.5   0.3   105   152   326   374   312   377 0.85 -
GCA_003402215.1|PVP01_1261800|PVP01_1261800.1|unknown -            798 2959at5820           -            696   2.5e-23   80.7  42.2   3   4   2.6e-05    0.0048   13.7   0.9   176   231   374   434   367   483 0.72 -
GCA_003402215.1|PVP01_1261800|PVP01_1261800.1|unknown -            798 2959at5820           -            696   2.5e-23   80.7  42.2   4   4   3.9e-19   7.2e-17   59.4   5.6   321   485   561   725   558   748 0.89 -
GCA_003402215.1|PVP01_0819400|PVP01_0819400.1|unknown -            433 2959at5820           -            696   1.1e-22   78.5   2.5   1   3     6e-08   1.1e-05   22.4   0.0     4   124    58   178    55   179 0.71 -
GCA_003402215.1|PVP01_0819400|PVP01_0819400.1|unknown -            433 2959at5820           -            696   1.1e-22   78.5   2.5   2   3     8e-06    0.0015   15.4   0.2   160   255   166   255   121   288 0.71 -
GCA_003402215.1|PVP01_0819400|PVP01_0819400.1|unknown -            433 2959at5820           -            696   1.1e-22   78.5   2.5   3   3   5.5e-13     1e-10   39.1   1.1   329   453   285   410   268   415 0.83 -
GCA_003402215.1|PVP01_1247900|PVP01_1247900.1|unknown -            789 2959at5820           -            696   2.2e-22   77.6  16.3   1   4   5.9e-10   1.1e-07   29.0   0.1     5    67   373   437   370   447 0.89 -
GCA_003402215.1|PVP01_1247900|PVP01_1247900.1|unknown -            789 2959at5820           -            696   2.2e-22   77.6  16.3   2   4    0.0044      0.81    6.3   0.0   108   133   446   471   437   481 0.82 -
GCA_003402215.1|PVP01_1247900|PVP01_1247900.1|unknown -            789 2959at5820           -            696   2.2e-22   77.6  16.3   3   4   1.5e-06   0.00028   17.7   4.3   174   306   485   617   472   640 0.72 -
GCA_003402215.1|PVP01_1247900|PVP01_1247900.1|unknown -            789 2959at5820           -            696   2.2e-22   77.6  16.3   4   4   4.5e-10   8.2e-08   29.4   0.4   386   448   675   757   664   766 0.76 -
GCA_003402215.1|PVP01_1005900|PVP01_1005900.1|unknown -            667 2959at5820           -            696   5.5e-22   76.3  20.3   1   3   0.00028     0.051   10.3   0.0     7    65   219   278   216   284 0.89 -
GCA_003402215.1|PVP01_1005900|PVP01_1005900.1|unknown -            667 2959at5820           -            696   5.5e-22   76.3  20.3   2   3   1.3e-08   2.3e-06   24.6   0.0   107   244   296   415   290   437 0.80 -
GCA_003402215.1|PVP01_1005900|PVP01_1005900.1|unknown -            667 2959at5820           -            696   5.5e-22   76.3  20.3   3   3   3.7e-16   6.7e-14   49.5   0.1   353   477   484   605   472   614 0.87 -
GCA_003402215.1|PVP01_1408200|PVP01_1408200.1|unknown -            626 2959at5820           -            696   4.8e-21   73.2  21.7   1   3     0.015       2.7    4.6   0.1    25    62   166   207   152   221 0.64 -
GCA_003402215.1|PVP01_1408200|PVP01_1408200.1|unknown -            626 2959at5820           -            696   4.8e-21   73.2  21.7   2   3   3.1e-09   5.7e-07   26.7  13.8   105   329   219   429   210   437 0.77 -
GCA_003402215.1|PVP01_1408200|PVP01_1408200.1|unknown -            626 2959at5820           -            696   4.8e-21   73.2  21.7   3   3   4.8e-15   8.8e-13   45.9   0.4   362   467   427   530   424   554 0.77 -
GCA_003402215.1|PVP01_1429700|PVP01_1429700.1|unknown -            942 2959at5820           -            696   2.7e-18   64.1  10.6   1   3   7.1e-08   1.3e-05   22.2   0.6    11   130   364   473   357   483 0.81 -
GCA_003402215.1|PVP01_1429700|PVP01_1429700.1|unknown -            942 2959at5820           -            696   2.7e-18   64.1  10.6   2   3     6e-05     0.011   12.5   0.0   179   227   499   547   486   553 0.88 -
GCA_003402215.1|PVP01_1429700|PVP01_1429700.1|unknown -            942 2959at5820           -            696   2.7e-18   64.1  10.6   3   3   6.2e-11   1.1e-08   32.3   3.0   353   450   657   752   574   760 0.88 -
GCA_003402215.1|PVP01_1458900|PVP01_1458900.1|unknown -            880 2959at5820           -            696   4.4e-18   63.4  29.2   1   4   5.6e-12     1e-09   35.7   0.1    20    77   106   164    88   171 0.81 -
GCA_003402215.1|PVP01_1458900|PVP01_1458900.1|unknown -            880 2959at5820           -            696   4.4e-18   63.4  29.2   2   4     7e-05     0.013   12.3   0.1   108   143   171   206   162   216 0.84 -
GCA_003402215.1|PVP01_1458900|PVP01_1458900.1|unknown -            880 2959at5820           -            696   4.4e-18   63.4  29.2   3   4     0.028       5.1    3.7   0.1   182   247   216   289   210   307 0.63 -
GCA_003402215.1|PVP01_1458900|PVP01_1458900.1|unknown -            880 2959at5820           -            696   4.4e-18   63.4  29.2   4   4   8.6e-10   1.6e-07   28.5   6.1   402   503   546   651   542   703 0.82 -
GCA_003402215.1|PVP01_0507400|PVP01_0507400.1|unknown -           1177 2959at5820           -            696   4.9e-18   63.2  18.2   1   3   5.1e-05    0.0094   12.7   0.1     7    69   160   224   155   228 0.84 -
GCA_003402215.1|PVP01_0507400|PVP01_0507400.1|unknown -           1177 2959at5820           -            696   4.9e-18   63.2  18.2   2   3   3.6e-15   6.5e-13   46.3  13.9   113   324   238   427   224   443 0.79 -
GCA_003402215.1|PVP01_0507400|PVP01_0507400.1|unknown -           1177 2959at5820           -            696   4.9e-18   63.2  18.2   3   3   3.5e-08   6.4e-06   23.2   0.0   381   436   448   502   432   533 0.79 -
GCA_003402215.1|PVP01_0818600|PVP01_0818600.1|unknown -            715 2959at5820           -            696   1.9e-16   58.0  32.4   1   3       9.2   1.7e+03   -4.7   2.1    63   128   203   270   202   279 0.67 -
GCA_003402215.1|PVP01_0818600|PVP01_0818600.1|unknown -            715 2959at5820           -            696   1.9e-16   58.0  32.4   2   3   1.1e-05    0.0021   14.9  11.0   179   294   381   492   332   544 0.81 -
GCA_003402215.1|PVP01_0818600|PVP01_0818600.1|unknown -            715 2959at5820           -            696   1.9e-16   58.0  32.4   3   3   4.1e-16   7.4e-14   49.4   7.0   364   500   529   667   504   680 0.78 -
GCA_003402215.1|PVP01_1025300|PVP01_1025300.1|unknown -           1478 2959at5820           -            696   2.5e-15   54.3   8.7   1   5      0.71   1.3e+02   -1.0   1.0   431   467   644   680   640   693 0.81 -
GCA_003402215.1|PVP01_1025300|PVP01_1025300.1|unknown -           1478 2959at5820           -            696   2.5e-15   54.3   8.7   2   5   4.4e-05     0.008   12.9   0.0    30    69   732   772   708   775 0.84 -
GCA_003402215.1|PVP01_1025300|PVP01_1025300.1|unknown -           1478 2959at5820           -            696   2.5e-15   54.3   8.7   3   5      0.22        40    0.7   0.0   105   121   781   797   775   804 0.85 -
GCA_003402215.1|PVP01_1025300|PVP01_1025300.1|unknown -           1478 2959at5820           -            696   2.5e-15   54.3   8.7   4   5   2.6e-08   4.7e-06   23.6   1.2   177   323   830   977   820   986 0.78 -
GCA_003402215.1|PVP01_1025300|PVP01_1025300.1|unknown -           1478 2959at5820           -            696   2.5e-15   54.3   8.7   5   5   2.6e-13   4.8e-11   40.1   0.4   388   468  1002  1084   990  1107 0.80 -
GCA_003402215.1|PVP01_0304400|PVP01_0304400.1|unknown -            548 2959at5820           -            696   2.2e-10   37.9  34.6   1   2   0.00076      0.14    8.8   0.1    43    73   136   165   103   167 0.83 -
GCA_003402215.1|PVP01_0304400|PVP01_0304400.1|unknown -            548 2959at5820           -            696   2.2e-10   37.9  34.6   2   2   3.8e-10   6.9e-08   29.7  30.7    96   453   160   483   158   534 0.71 -
GCA_003402215.1|PVP01_0105800|PVP01_0105800.1|unknown -           1108 2959at5820           -            696   5.9e-10   36.5   3.4   1   5       3.1   5.6e+02   -3.1   0.0     4    40    72   108    69   114 0.89 -
GCA_003402215.1|PVP01_0105800|PVP01_0105800.1|unknown -           1108 2959at5820           -            696   5.9e-10   36.5   3.4   2   5     0.013       2.4    4.8   0.4    47    89   223   268   215   283 0.72 -
GCA_003402215.1|PVP01_0105800|PVP01_0105800.1|unknown -           1108 2959at5820           -            696   5.9e-10   36.5   3.4   3   5       0.7   1.3e+02   -1.0   1.2    68   134   294   369   288   389 0.63 -
GCA_003402215.1|PVP01_0105800|PVP01_0105800.1|unknown -           1108 2959at5820           -            696   5.9e-10   36.5   3.4   4   5       0.3        55    0.3   1.2   161   216   472   536   467   560 0.62 -
GCA_003402215.1|PVP01_0105800|PVP01_0105800.1|unknown -           1108 2959at5820           -            696   5.9e-10   36.5   3.4   5   5   3.2e-12   5.9e-10   36.5   3.4   349   433   828   909   814   919 0.85 -
GCA_003402215.1|PVP01_1301300|PVP01_1301300.1|unknown -            870 2959at5820           -            696   7.9e-10   36.1   1.9   1   3    0.0011       0.2    8.3  15.5     9   173   161   325   153   367 0.68 -
GCA_003402215.1|PVP01_1301300|PVP01_1301300.1|unknown -            870 2959at5820           -            696   7.9e-10   36.1   1.9   2   3   4.3e-12   7.9e-10   36.1   1.9   362   450   553   644   527   707 0.77 -
GCA_003402215.1|PVP01_1301300|PVP01_1301300.1|unknown -            870 2959at5820           -            696   7.9e-10   36.1   1.9   3   3       6.5   1.2e+03   -4.2   1.3   325   383   791   850   743   863 0.55 -
GCA_003402215.1|PVP01_1222000|PVP01_1222000.1|unknown -            494 2959at5820           -            696   1.2e-08   32.2   0.0   1   3   3.7e-07   6.8e-05   19.8   0.0    28    68    84   125    61   131 0.81 -
GCA_003402215.1|PVP01_1222000|PVP01_1222000.1|unknown -            494 2959at5820           -            696   1.2e-08   32.2   0.0   2   3      0.56     1e+02   -0.6   0.0   107   127   132   149   124   161 0.80 -
GCA_003402215.1|PVP01_1222000|PVP01_1222000.1|unknown -            494 2959at5820           -            696   1.2e-08   32.2   0.0   3   3   0.00077      0.14    8.8   0.0   178   230   180   235   168   241 0.81 -
GCA_003402215.1|PVP01_0606700|PVP01_0606700.1|unknown -            638 2959at5820           -            696   0.00011   19.1   0.1   1   1   8.7e-07   0.00016   18.6   0.1    30    68   156   195   151   199 0.90 -
#
# Program:         hmmsearch
# Version:         3.4 (Aug 2023)
# Pipeline mode:   SEARCH
# Query file:      /v3/work/00_inventory/busco/busco_downloads/lineages/plasmodium_odb10/hmms/2959at5820.hmm
# Target file:     /v3/inputs/annotations/plasmodb-68/PvSY56.proteins.fa
# Option settings: hmmsearch --domtblout /v3/work/00_inventory/busco/PvSY56_proteins/run_plasmodium_odb10/hmmer_output/initial_run_results/2959at5820.out --cpu 1 /v3/work/00_inventory/busco/busco_downloads/lineages/plasmodium_odb10/hmms/2959at5820.hmm /v3/inputs/annotations/plasmodb-68/PvSY56.proteins.fa 
# Current dir:     /v3/work/00_inventory/busco
# Date:            Tue May 19 18:09:27 2026
# [ok]
