#                                                                                                             --- full sequence --- -------------- this domain -------------   hmm coord   ali coord   env coord
# target name                                         accession   tlen query name           accession   qlen   E-value  score  bias   #  of  c-Evalue  i-Evalue  score  bias  from    to  from    to  from    to  acc description of target
#                                 ------------------- ---------- ----- -------------------- ---------- ----- --------- ------ ----- --- --- --------- --------- ------ ----- ----- ----- ----- ----- ----- ----- ---- ---------------------
GCA_003402215.1|PVP01_1440500|PVP01_1440500.1|unknown -            812 2971at5820           -            699         0 1514.1  37.9   1   1         0         0 1513.9  37.9     1   692    64   776    64   796 0.97 -
GCA_003402215.1|PVP01_0108700|PVP01_0108700.1|unknown -            777 2971at5820           -            699  1.5e-163  543.8  36.8   1   3   7.8e-77     1e-73  246.9   6.1     3   237     6   240     4   268 0.92 -
GCA_003402215.1|PVP01_0108700|PVP01_0108700.1|unknown -            777 2971at5820           -            699  1.5e-163  543.8  36.8   2   3   2.2e-44   2.9e-41  139.7   9.6   234   394   290   458   256   458 0.81 -
GCA_003402215.1|PVP01_0108700|PVP01_0108700.1|unknown -            777 2971at5820           -            699  1.5e-163  543.8  36.8   3   3   1.4e-53   1.9e-50  170.1   7.8   411   679   453   727   449   749 0.88 -
GCA_003402215.1|PVP01_1263100|PVP01_1263100.1|unknown -            944 2971at5820           -            699  1.5e-124  415.0  36.6   1   2   4.6e-17   6.1e-14   49.4   1.0     1    59    95   152    95   175 0.85 -
GCA_003402215.1|PVP01_1263100|PVP01_1263100.1|unknown -            944 2971at5820           -            699  1.5e-124  415.0  36.6   2   2  1.9e-112  2.5e-109  364.7  28.5    51   666   180   790   175   811 0.86 -
GCA_003402215.1|PVP01_0918800|PVP01_0918800.1|unknown -            853 2971at5820           -            699   1.6e-87  292.6  28.6   1   1   2.7e-86   3.5e-83  278.2  28.6     1   654    73   790    73   799 0.74 -
#
# Program:         hmmsearch
# Version:         3.4 (Aug 2023)
# Pipeline mode:   SEARCH
# Query file:      /v3/work/00_inventory/busco/busco_downloads/lineages/plasmodium_odb10/hmms/2971at5820.hmm
# Target file:     /v3/inputs/annotations/plasmodb-68/PvSY56.proteins.fa
# Option settings: hmmsearch --domtblout /v3/work/00_inventory/busco/PvSY56_proteins/run_plasmodium_odb10/hmmer_output/initial_run_results/2971at5820.out --cpu 1 /v3/work/00_inventory/busco/busco_downloads/lineages/plasmodium_odb10/hmms/2971at5820.hmm /v3/inputs/annotations/plasmodb-68/PvSY56.proteins.fa 
# Current dir:     /v3/work/00_inventory/busco
# Date:            Tue May 19 18:09:30 2026
# [ok]
