#                                                                                                             --- full sequence --- -------------- this domain -------------   hmm coord   ali coord   env coord
# target name                                         accession   tlen query name           accession   qlen   E-value  score  bias   #  of  c-Evalue  i-Evalue  score  bias  from    to  from    to  from    to  acc description of target
#                                 ------------------- ---------- ----- -------------------- ---------- ----- --------- ------ ----- --- --- --------- --------- ------ ----- ----- ----- ----- ----- ----- ----- ---- ---------------------
GCA_003402215.1|PVP01_1132700|PVP01_1132700.1|unknown -           1285 3192at5820           -            866  2.9e-227  755.0  41.2   1   7   0.00047       2.5    4.2   0.0     9    27    72    90    70   105 0.79 -
GCA_003402215.1|PVP01_1132700|PVP01_1132700.1|unknown -           1285 3192at5820           -            866  2.9e-227  755.0  41.2   2   7   3.1e-38   1.7e-34  117.3   1.1    15   119   109   231   100   234 0.84 -
GCA_003402215.1|PVP01_1132700|PVP01_1132700.1|unknown -           1285 3192at5820           -            866  2.9e-227  755.0  41.2   3   7   1.1e-50   5.9e-47  158.4   7.1   117   225   253   364   250   367 0.96 -
GCA_003402215.1|PVP01_1132700|PVP01_1132700.1|unknown -           1285 3192at5820           -            866  2.9e-227  755.0  41.2   4   7   2.2e-09   1.1e-05   21.8   0.0   424   479   680   742   676   745 0.83 -
GCA_003402215.1|PVP01_1132700|PVP01_1132700.1|unknown -           1285 3192at5820           -            866  2.9e-227  755.0  41.2   5   7     5e-30   2.7e-26   90.1   0.0   483   567   779   874   773   879 0.87 -
GCA_003402215.1|PVP01_1132700|PVP01_1132700.1|unknown -           1285 3192at5820           -            866  2.9e-227  755.0  41.2   6   7   1.4e-38   7.6e-35  118.4   0.1   560   676   909  1045   904  1048 0.85 -
GCA_003402215.1|PVP01_1132700|PVP01_1132700.1|unknown -           1285 3192at5820           -            866  2.9e-227  755.0  41.2   7   7   6.9e-80   3.6e-76  255.1  11.5   676   865  1068  1284  1063  1285 0.91 -
#
# Program:         hmmsearch
# Version:         3.4 (Aug 2023)
# Pipeline mode:   SEARCH
# Query file:      /v3/work/00_inventory/busco/busco_downloads/lineages/plasmodium_odb10/hmms/3192at5820.hmm
# Target file:     /v3/inputs/annotations/plasmodb-68/PvSY56.proteins.fa
# Option settings: hmmsearch --domtblout /v3/work/00_inventory/busco/PvSY56_proteins/run_plasmodium_odb10/hmmer_output/initial_run_results/3192at5820.out --cpu 1 /v3/work/00_inventory/busco/busco_downloads/lineages/plasmodium_odb10/hmms/3192at5820.hmm /v3/inputs/annotations/plasmodb-68/PvSY56.proteins.fa 
# Current dir:     /v3/work/00_inventory/busco
# Date:            Tue May 19 18:06:04 2026
# [ok]
