#                                                                                                             --- full sequence --- -------------- this domain -------------   hmm coord   ali coord   env coord
# target name                                         accession   tlen query name           accession   qlen   E-value  score  bias   #  of  c-Evalue  i-Evalue  score  bias  from    to  from    to  from    to  acc description of target
#                                 ------------------- ---------- ----- -------------------- ---------- ----- --------- ------ ----- --- --- --------- --------- ------ ----- ----- ----- ----- ----- ----- ----- ---- ---------------------
GCA_003402215.1|PVP01_1140700|PVP01_1140700.1|unknown -           1228 3276at5820           -            743  3.3e-294  976.1  45.7   1   8   2.7e-35   2.4e-32  110.3   0.5     1    74    71   144    71   150 0.98 -
GCA_003402215.1|PVP01_1140700|PVP01_1140700.1|unknown -           1228 3276at5820           -            743  3.3e-294  976.1  45.7   2   8   1.7e-29   1.5e-26   91.1   0.0    71   134   182   245   175   251 0.93 -
GCA_003402215.1|PVP01_1140700|PVP01_1140700.1|unknown -           1228 3276at5820           -            743  3.3e-294  976.1  45.7   3   8   1.1e-08   9.9e-06   22.3   0.0   134   164   273   303   269   311 0.90 -
GCA_003402215.1|PVP01_1140700|PVP01_1140700.1|unknown -           1228 3276at5820           -            743  3.3e-294  976.1  45.7   4   8   2.2e-88   1.9e-85  285.9  11.3   164   332   364   533   361   537 0.98 -
GCA_003402215.1|PVP01_1140700|PVP01_1140700.1|unknown -           1228 3276at5820           -            743  3.3e-294  976.1  45.7   5   8   3.6e-46   3.2e-43  146.3   0.5   332   433   555   667   550   671 0.91 -
GCA_003402215.1|PVP01_1140700|PVP01_1140700.1|unknown -           1228 3276at5820           -            743  3.3e-294  976.1  45.7   6   8   7.1e-55   6.3e-52  175.1   1.6   449   574   727   872   696   876 0.85 -
GCA_003402215.1|PVP01_1140700|PVP01_1140700.1|unknown -           1228 3276at5820           -            743  3.3e-294  976.1  45.7   7   8   1.5e-41   1.3e-38  131.1   2.1   580   706   924  1090   918  1095 0.81 -
GCA_003402215.1|PVP01_1140700|PVP01_1140700.1|unknown -           1228 3276at5820           -            743  3.3e-294  976.1  45.7   8   8   9.5e-10   8.4e-07   25.9   0.0   706   742  1174  1217  1171  1218 0.91 -
GCA_003402215.1|PVP01_0828300|PVP01_0828300.1|unknown -            637 3276at5820           -            743   2.5e-13   47.5  16.8   1   3   2.2e-07    0.0002   18.0   0.1    20   110   154   235   142   242 0.79 -
GCA_003402215.1|PVP01_0828300|PVP01_0828300.1|unknown -            637 3276at5820           -            743   2.5e-13   47.5  16.8   2   3   5.3e-07   0.00047   16.8   0.2   338   403   244   309   234   315 0.87 -
GCA_003402215.1|PVP01_0828300|PVP01_0828300.1|unknown -            637 3276at5820           -            743   2.5e-13   47.5  16.8   3   3   2.3e-06     0.002   14.7   7.4   337   509   317   486   316   511 0.83 -
GCA_003402215.1|PVP01_1439800|PVP01_1439800.1|unknown -            840 3276at5820           -            743   9.5e-13   45.6  47.1   1   3   8.6e-07   0.00076   16.1   5.6   173   269   113   205   102   219 0.52 -
GCA_003402215.1|PVP01_1439800|PVP01_1439800.1|unknown -            840 3276at5820           -            743   9.5e-13   45.6  47.1   2   3   8.2e-07   0.00073   16.2  12.8   336   479   224   374   218   383 0.77 -
GCA_003402215.1|PVP01_1439800|PVP01_1439800.1|unknown -            840 3276at5820           -            743   9.5e-13   45.6  47.1   3   3   9.3e-09   8.2e-06   22.6  13.8   167   279   380   489   371   507 0.88 -
GCA_003402215.1|PVP01_0618100|PVP01_0618100.1|unknown -            510 3276at5820           -            743   1.5e-07   28.4   6.4   1   1   2.4e-10   2.2e-07   27.8   6.4   347   492   103   244    93   296 0.79 -
GCA_003402215.1|PVP01_0713700|PVP01_0713700.1|unknown -            713 3276at5820           -            743   0.00027   17.6   2.4   1   4   3.1e-07   0.00027   17.6   2.4   331   408    70   148    60   190 0.87 -
GCA_003402215.1|PVP01_0713700|PVP01_0713700.1|unknown -            713 3276at5820           -            743   0.00027   17.6   2.4   2   4    0.0084       7.4    2.9   0.1   166   192   388   414   380   435 0.74 -
GCA_003402215.1|PVP01_0713700|PVP01_0713700.1|unknown -            713 3276at5820           -            743   0.00027   17.6   2.4   3   4     0.042        37    0.6   0.0   452   500   434   482   417   490 0.80 -
GCA_003402215.1|PVP01_0713700|PVP01_0713700.1|unknown -            713 3276at5820           -            743   0.00027   17.6   2.4   4   4     0.021        19    1.6   3.8   441   531   519   610   516   627 0.81 -
GCA_003402215.1|PVP01_1224700|PVP01_1224700.1|unknown -           1088 3276at5820           -            743    0.0011   15.6   3.5   1   3     0.089        78   -0.5   0.0   475   525    93   145    82   181 0.62 -
GCA_003402215.1|PVP01_1224700|PVP01_1224700.1|unknown -           1088 3276at5820           -            743    0.0011   15.6   3.5   2   3   0.00012      0.11    9.0   0.0   344   392   261   310   242   319 0.86 -
GCA_003402215.1|PVP01_1224700|PVP01_1224700.1|unknown -           1088 3276at5820           -            743    0.0011   15.6   3.5   3   3    0.0013       1.1    5.6   0.2   206   286   438   518   425   525 0.82 -
#
# Program:         hmmsearch
# Version:         3.4 (Aug 2023)
# Pipeline mode:   SEARCH
# Query file:      /v3/work/00_inventory/busco/busco_downloads/lineages/plasmodium_odb10/hmms/3276at5820.hmm
# Target file:     /v3/inputs/annotations/plasmodb-68/PvSY56.proteins.fa
# Option settings: hmmsearch --domtblout /v3/work/00_inventory/busco/PvSY56_proteins/run_plasmodium_odb10/hmmer_output/initial_run_results/3276at5820.out --cpu 1 /v3/work/00_inventory/busco/busco_downloads/lineages/plasmodium_odb10/hmms/3276at5820.hmm /v3/inputs/annotations/plasmodb-68/PvSY56.proteins.fa 
# Current dir:     /v3/work/00_inventory/busco
# Date:            Tue May 19 18:06:23 2026
# [ok]
