#                                                                                                             --- full sequence --- -------------- this domain -------------   hmm coord   ali coord   env coord
# target name                                         accession   tlen query name           accession   qlen   E-value  score  bias   #  of  c-Evalue  i-Evalue  score  bias  from    to  from    to  from    to  acc description of target
#                                 ------------------- ---------- ----- -------------------- ---------- ----- --------- ------ ----- --- --- --------- --------- ------ ----- ----- ----- ----- ----- ----- ----- ---- ---------------------
GCA_003402215.1|PVP01_1120600|PVP01_1120600.1|unknown -           1285 3278at5820           -            858         0 1182.5 100.0   1   7   1.7e-67   4.5e-64  215.1  13.1    14   159    46   202    33   207 0.88 -
GCA_003402215.1|PVP01_1120600|PVP01_1120600.1|unknown -           1285 3278at5820           -            858         0 1182.5 100.0   2   7     1e-48   2.7e-45  152.9   8.2   158   261   251   357   246   362 0.93 -
GCA_003402215.1|PVP01_1120600|PVP01_1120600.1|unknown -           1285 3278at5820           -            858         0 1182.5 100.0   3   7   3.1e-14   8.3e-11   38.9   0.3   259   311   398   459   392   471 0.84 -
GCA_003402215.1|PVP01_1120600|PVP01_1120600.1|unknown -           1285 3278at5820           -            858         0 1182.5 100.0   4   7   5.7e-58   1.5e-54  183.6   8.0   308   443   489   642   485   647 0.91 -
GCA_003402215.1|PVP01_1120600|PVP01_1120600.1|unknown -           1285 3278at5820           -            858         0 1182.5 100.0   5   7   1.6e-81   4.2e-78  261.5   9.9   445   628   742   951   737   954 0.92 -
GCA_003402215.1|PVP01_1120600|PVP01_1120600.1|unknown -           1285 3278at5820           -            858         0 1182.5 100.0   6   7     2e-24   5.3e-21   72.6   1.0   629   679  1003  1054   990  1057 0.91 -
GCA_003402215.1|PVP01_1120600|PVP01_1120600.1|unknown -           1285 3278at5820           -            858         0 1182.5 100.0   7   7   7.8e-90   2.1e-86  289.0  15.0   685   857  1100  1284  1088  1285 0.93 -
GCA_003402215.1|PVP01_1236200|PVP01_1236200.1|unknown -            443 3278at5820           -            858   1.9e-06   24.4   0.4   1   1   9.9e-10   2.6e-06   24.0   0.4   788   857   341   405   335   406 0.89 -
#
# Program:         hmmsearch
# Version:         3.4 (Aug 2023)
# Pipeline mode:   SEARCH
# Query file:      /v3/work/00_inventory/busco/busco_downloads/lineages/plasmodium_odb10/hmms/3278at5820.hmm
# Target file:     /v3/inputs/annotations/plasmodb-68/PvSY56.proteins.fa
# Option settings: hmmsearch --domtblout /v3/work/00_inventory/busco/PvSY56_proteins/run_plasmodium_odb10/hmmer_output/initial_run_results/3278at5820.out --cpu 1 /v3/work/00_inventory/busco/busco_downloads/lineages/plasmodium_odb10/hmms/3278at5820.hmm /v3/inputs/annotations/plasmodb-68/PvSY56.proteins.fa 
# Current dir:     /v3/work/00_inventory/busco
# Date:            Tue May 19 18:06:24 2026
# [ok]
