#                                                                                                             --- full sequence --- -------------- this domain -------------   hmm coord   ali coord   env coord
# target name                                         accession   tlen query name           accession   qlen   E-value  score  bias   #  of  c-Evalue  i-Evalue  score  bias  from    to  from    to  from    to  acc description of target
#                                 ------------------- ---------- ----- -------------------- ---------- ----- --------- ------ ----- --- --- --------- --------- ------ ----- ----- ----- ----- ----- ----- ----- ---- ---------------------
GCA_003402215.1|PVP01_1117600|PVP01_1117600.1|unknown -            835 3374at5820           -            638         0 1080.2  63.2   1   4   1.2e-45   2.1e-42  143.9   4.7     1   114     7   147     7   166 0.81 -
GCA_003402215.1|PVP01_1117600|PVP01_1117600.1|unknown -            835 3374at5820           -            638         0 1080.2  63.2   2   4   1.1e-28   1.9e-25   87.9   2.8   125   180   195   250   186   255 0.93 -
GCA_003402215.1|PVP01_1117600|PVP01_1117600.1|unknown -            835 3374at5820           -            638         0 1080.2  63.2   3   4  1.4e-130  2.6e-127  424.4   8.3   178   400   283   512   273   517 0.96 -
GCA_003402215.1|PVP01_1117600|PVP01_1117600.1|unknown -            835 3374at5820           -            638         0 1080.2  63.2   4   4  2.5e-135  4.4e-132  440.1  23.4   393   638   570   834   566   834 0.93 -
GCA_003402215.1|PVP01_0117700|PVP01_0117700.1|unknown -           1025 3374at5820           -            638   1.7e-38  130.9  13.2   1   2     0.028        49    0.6   0.3    50    95    73   119    38   126 0.78 -
GCA_003402215.1|PVP01_0117700|PVP01_0117700.1|unknown -           1025 3374at5820           -            638   1.7e-38  130.9  13.2   2   2   9.8e-42   1.7e-38  130.9  13.2   144   440   130   445   122   479 0.80 -
GCA_003402215.1|PVP01_0105700|PVP01_0105700.1|unknown -           2786 3374at5820           -            638   1.1e-30  105.2  55.1   1   4     0.031        55    0.4   5.4    53   132    78   159    50   169 0.78 -
GCA_003402215.1|PVP01_0105700|PVP01_0105700.1|unknown -           2786 3374at5820           -            638   1.1e-30  105.2  55.1   2   4   3.9e-16   6.9e-13   46.3   6.6   121   268   687   857   665   864 0.75 -
GCA_003402215.1|PVP01_0105700|PVP01_0105700.1|unknown -           2786 3374at5820           -            638   1.1e-30  105.2  55.1   3   4   3.2e-16   5.6e-13   46.7  21.4   268   448   987  1200   963  1217 0.67 -
GCA_003402215.1|PVP01_0105700|PVP01_0105700.1|unknown -           2786 3374at5820           -            638   1.1e-30  105.2  55.1   4   4   3.3e-10   5.8e-07   26.8   0.3   458   525  1395  1462  1386  1471 0.93 -
#
# Program:         hmmsearch
# Version:         3.4 (Aug 2023)
# Pipeline mode:   SEARCH
# Query file:      /v3/work/00_inventory/busco/busco_downloads/lineages/plasmodium_odb10/hmms/3374at5820.hmm
# Target file:     /v3/inputs/annotations/plasmodb-68/PvSY56.proteins.fa
# Option settings: hmmsearch --domtblout /v3/work/00_inventory/busco/PvSY56_proteins/run_plasmodium_odb10/hmmer_output/initial_run_results/3374at5820.out --cpu 1 /v3/work/00_inventory/busco/busco_downloads/lineages/plasmodium_odb10/hmms/3374at5820.hmm /v3/inputs/annotations/plasmodb-68/PvSY56.proteins.fa 
# Current dir:     /v3/work/00_inventory/busco
# Date:            Tue May 19 18:06:47 2026
# [ok]
