#                                                                                                             --- full sequence --- -------------- this domain -------------   hmm coord   ali coord   env coord
# target name                                         accession   tlen query name           accession   qlen   E-value  score  bias   #  of  c-Evalue  i-Evalue  score  bias  from    to  from    to  from    to  acc description of target
#                                 ------------------- ---------- ----- -------------------- ---------- ----- --------- ------ ----- --- --- --------- --------- ------ ----- ----- ----- ----- ----- ----- ----- ---- ---------------------
GCA_003402215.1|PVP01_1210600|PVP01_1210600.1|unknown -            928 3403at5820           -            757         0 1410.5  72.9   1   2         0         0 1036.3  32.7     3   528    20   573    18   586 0.96 -
GCA_003402215.1|PVP01_1210600|PVP01_1210600.1|unknown -            928 3403at5820           -            757         0 1410.5  72.9   2   2  6.3e-117  5.6e-114  380.1  32.1   522   753   617   854   611   857 0.95 -
GCA_003402215.1|PVP01_0716300|PVP01_0716300.1|unknown -            694 3403at5820           -            757   7.4e-42  141.7  16.7   1   2   1.8e-05     0.016   11.6   0.0     9    80    30   100    25   112 0.84 -
GCA_003402215.1|PVP01_0716300|PVP01_0716300.1|unknown -            694 3403at5820           -            757   7.4e-42  141.7  16.7   2   2   3.6e-40   3.2e-37  126.4  16.5   120   645   116   626   110   632 0.84 -
GCA_003402215.1|PVP01_0515400|PVP01_0515400.1|unknown -            682 3403at5820           -            757   1.2e-34  117.8   5.5   1   2   0.00015      0.13    8.6   0.0     9    85    17    92    11   101 0.88 -
GCA_003402215.1|PVP01_0515400|PVP01_0515400.1|unknown -            682 3403at5820           -            757   1.2e-34  117.8   5.5   2   2   1.8e-34   1.6e-31  107.5   4.2   177   648   153   622   109   626 0.81 -
GCA_003402215.1|PVP01_0109100|PVP01_0109100.1|unknown -            887 3403at5820           -            757   1.2e-27   94.6  39.7   1   3   9.6e-05     0.085    9.2   0.2     8    78     2    71     1    91 0.83 -
GCA_003402215.1|PVP01_0109100|PVP01_0109100.1|unknown -            887 3403at5820           -            757   1.2e-27   94.6  39.7   2   3   7.5e-21   6.7e-18   62.5   7.1   178   447   141   439   121   513 0.76 -
GCA_003402215.1|PVP01_0109100|PVP01_0109100.1|unknown -            887 3403at5820           -            757   1.2e-27   94.6  39.7   3   3   4.5e-11     4e-08   30.1  19.3   551   754   627   831   614   835 0.76 -
GCA_003402215.1|PVP01_0934800|PVP01_0934800.1|unknown -            663 3403at5820           -            757   7.1e-24   82.2  12.9   1   2     0.023        20    1.3   0.1     6    93    40   127    36   133 0.86 -
GCA_003402215.1|PVP01_0934800|PVP01_0934800.1|unknown -            663 3403at5820           -            757   7.1e-24   82.2  12.9   2   2   2.7e-26   2.4e-23   80.5   8.7   178   572   177   575   154   632 0.77 -
GCA_003402215.1|PVP01_1450900|PVP01_1450900.1|unknown -            282 3403at5820           -            757    0.0078   12.6   1.7   1   1   1.2e-05      0.01   12.2   1.7   135   194    99   158    88   168 0.82 -
#
# Program:         hmmsearch
# Version:         3.4 (Aug 2023)
# Pipeline mode:   SEARCH
# Query file:      /v3/work/00_inventory/busco/busco_downloads/lineages/plasmodium_odb10/hmms/3403at5820.hmm
# Target file:     /v3/inputs/annotations/plasmodb-68/PvSY56.proteins.fa
# Option settings: hmmsearch --domtblout /v3/work/00_inventory/busco/PvSY56_proteins/run_plasmodium_odb10/hmmer_output/initial_run_results/3403at5820.out --cpu 1 /v3/work/00_inventory/busco/busco_downloads/lineages/plasmodium_odb10/hmms/3403at5820.hmm /v3/inputs/annotations/plasmodb-68/PvSY56.proteins.fa 
# Current dir:     /v3/work/00_inventory/busco
# Date:            Tue May 19 18:06:54 2026
# [ok]
