#                                                                                                             --- full sequence --- -------------- this domain -------------   hmm coord   ali coord   env coord
# target name                                         accession   tlen query name           accession   qlen   E-value  score  bias   #  of  c-Evalue  i-Evalue  score  bias  from    to  from    to  from    to  acc description of target
#                                 ------------------- ---------- ----- -------------------- ---------- ----- --------- ------ ----- --- --- --------- --------- ------ ----- ----- ----- ----- ----- ----- ----- ---- ---------------------
GCA_003402215.1|PVP01_0111400|PVP01_0111400.1|unknown -           1089 3420at5820           -            717  7.3e-147  488.7   6.3   1   2   2.7e-61   7.8e-59  197.7   0.6   448   693   480   718   469   723 0.94 -
GCA_003402215.1|PVP01_0111400|PVP01_0111400.1|unknown -           1089 3420at5820           -            717  7.3e-147  488.7   6.3   2   2   2.2e-90   6.5e-88  293.8   0.7   412   678   759  1021   751  1028 0.95 -
GCA_003402215.1|PVP01_1130100|PVP01_1130100.1|unknown -            822 3420at5820           -            717    1e-126  422.1   0.0   1   2   1.1e-53   3.1e-51  172.6   0.0   448   677   206   430   200   437 0.95 -
GCA_003402215.1|PVP01_1130100|PVP01_1130100.1|unknown -            822 3420at5820           -            717    1e-126  422.1   0.0   2   2   1.5e-76   4.5e-74  248.1   0.0   405   692   436   719   429   733 0.92 -
GCA_003402215.1|PVP01_1426000|PVP01_1426000.1|unknown -           1078 3420at5820           -            717   1.3e-73  246.6  29.7   1   3   4.7e-07   0.00014   18.4   6.1   404   627   176   386   172   394 0.77 -
GCA_003402215.1|PVP01_1426000|PVP01_1426000.1|unknown -           1078 3420at5820           -            717   1.3e-73  246.6  29.7   2   3   2.8e-74   8.2e-72  240.6   8.1   423   677   557   807   541   819 0.91 -
GCA_003402215.1|PVP01_1426000|PVP01_1426000.1|unknown -           1078 3420at5820           -            717   1.3e-73  246.6  29.7   3   3       1.1   3.1e+02   -2.6   0.8   678   713  1040  1075  1008  1078 0.85 -
GCA_003402215.1|PVP01_0520100|PVP01_0520100.1|unknown -            392 3420at5820           -            717   3.2e-55  185.8   0.1   1   1   3.1e-57     9e-55  184.3   0.0   437   676   125   363    94   382 0.89 -
GCA_003402215.1|PVP01_1407300|PVP01_1407300.1|unknown -            393 3420at5820           -            717   2.3e-54  182.9   0.5   1   2       1.1   3.3e+02   -2.7   1.4    66   114    15    67     5    71 0.63 -
GCA_003402215.1|PVP01_1407300|PVP01_1407300.1|unknown -            393 3420at5820           -            717   2.3e-54  182.9   0.5   2   2   7.8e-57   2.3e-54  182.9   0.5   445   676   133   362   122   383 0.89 -
GCA_003402215.1|PVP01_1466000|PVP01_1466000.1|unknown -            424 3420at5820           -            717     7e-53  178.0   0.0   1   1   3.3e-55   9.6e-53  177.6   0.0   442   704   161   416   116   424 0.87 -
GCA_003402215.1|PVP01_0808100|PVP01_0808100.1|unknown -            447 3420at5820           -            717   9.6e-50  167.6   0.0   1   1   4.8e-52   1.4e-49  167.1   0.0   445   687   188   429   174   440 0.90 -
GCA_003402215.1|PVP01_0931200|PVP01_0931200.1|unknown -            441 3420at5820           -            717   3.8e-49  165.7   0.1   1   2      0.98   2.9e+02   -2.5   0.8    59    98    30    69    10    86 0.47 -
GCA_003402215.1|PVP01_0931200|PVP01_0931200.1|unknown -            441 3420at5820           -            717   3.8e-49  165.7   0.1   2   2   3.3e-51   9.8e-49  164.3   0.0   441   676   180   413   172   439 0.90 -
GCA_003402215.1|PVP01_1457800|PVP01_1457800.1|unknown -            903 3420at5820           -            717     4e-48  162.3   0.0   1   1   2.5e-50   7.3e-48  161.4   0.0   448   682   160   392   143   401 0.84 -
GCA_003402215.1|PVP01_1412500|PVP01_1412500.1|unknown -            420 3420at5820           -            717   8.6e-46  154.6   0.0   1   1   3.9e-48   1.1e-45  154.2   0.0   444   679   157   390   135   412 0.88 -
GCA_003402215.1|PVP01_1241900|PVP01_1241900.1|unknown -            702 3420at5820           -            717   3.3e-45  152.7   0.2   1   1   2.8e-47   8.4e-45  151.3   0.2   440   678   241   473   227   513 0.88 -
GCA_003402215.1|PVP01_1249400|PVP01_1249400.1|unknown -            439 3420at5820           -            717   2.7e-42  143.0   6.6   1   2   4.4e-43   1.3e-40  137.5   4.7   369   630    30   297     4   300 0.81 -
GCA_003402215.1|PVP01_1249400|PVP01_1249400.1|unknown -            439 3420at5820           -            717   2.7e-42  143.0   6.6   2   2     0.004       1.2    5.4   0.0   647   682   327   362   318   371 0.80 -
GCA_003402215.1|PVP01_0307200|PVP01_0307200.1|unknown -            709 3420at5820           -            717   1.5e-41  140.5   2.1   1   1   7.7e-44   2.3e-41  140.0   2.1   444   666   428   648   384   660 0.82 -
GCA_003402215.1|PVP01_0837200|PVP01_0837200.1|unknown -            785 3420at5820           -            717   2.8e-40  136.4  12.4   1   3       2.2   6.4e+02   -3.7   0.2   287   337    61   107    56   146 0.61 -
GCA_003402215.1|PVP01_0837200|PVP01_0837200.1|unknown -            785 3420at5820           -            717   2.8e-40  136.4  12.4   2   3   3.7e-42   1.1e-39  134.4   0.4   467   675   276   492   262   547 0.81 -
GCA_003402215.1|PVP01_0837200|PVP01_0837200.1|unknown -            785 3420at5820           -            717   2.8e-40  136.4  12.4   3   3   0.00021     0.063    9.6   1.6   472   604   560   693   517   719 0.78 -
GCA_003402215.1|PVP01_1336200|PVP01_1336200.1|unknown -           1261 3420at5820           -            717   2.6e-15   53.8   0.7   1   1   1.1e-17   3.4e-15   53.5   0.7     1    63    22    97    22   103 0.88 -
GCA_003402215.1|PVP01_0940200|PVP01_0940200.1|unknown -            636 3420at5820           -            717   3.4e-14   50.1   0.3   1   1   1.7e-16   5.1e-14   49.5   0.3   479   631   350   521   334   567 0.79 -
GCA_003402215.1|PVP01_0107600|PVP01_0107600.1|unknown -            688 3420at5820           -            717   1.1e-13   48.5   1.7   1   1   3.7e-16   1.1e-13   48.5   1.7   484   674   344   542   331   557 0.71 -
GCA_003402215.1|PVP01_0114500|PVP01_0114500.1|unknown -           1020 3420at5820           -            717   2.4e-11   40.7   0.0   1   1   1.2e-13   3.5e-11   40.2   0.0   482   558   777   854   774   997 0.75 -
#
# Program:         hmmsearch
# Version:         3.4 (Aug 2023)
# Pipeline mode:   SEARCH
# Query file:      /v3/work/00_inventory/busco/busco_downloads/lineages/plasmodium_odb10/hmms/3420at5820.hmm
# Target file:     /v3/inputs/annotations/plasmodb-68/PvSY56.proteins.fa
# Option settings: hmmsearch --domtblout /v3/work/00_inventory/busco/PvSY56_proteins/run_plasmodium_odb10/hmmer_output/initial_run_results/3420at5820.out --cpu 1 /v3/work/00_inventory/busco/busco_downloads/lineages/plasmodium_odb10/hmms/3420at5820.hmm /v3/inputs/annotations/plasmodb-68/PvSY56.proteins.fa 
# Current dir:     /v3/work/00_inventory/busco
# Date:            Tue May 19 18:06:59 2026
# [ok]
