#                                                                                                             --- full sequence --- -------------- this domain -------------   hmm coord   ali coord   env coord
# target name                                         accession   tlen query name           accession   qlen   E-value  score  bias   #  of  c-Evalue  i-Evalue  score  bias  from    to  from    to  from    to  acc description of target
#                                 ------------------- ---------- ----- -------------------- ---------- ----- --------- ------ ----- --- --- --------- --------- ------ ----- ----- ----- ----- ----- ----- ----- ---- ---------------------
GCA_003402215.1|PVP01_1428200|PVP01_1428200.1|unknown -           2513 342at5820            -           1859         0 3109.0 273.9   1  10   1.6e-72   8.7e-69  230.6  11.4     1   129     2   130     2   142 0.98 -
GCA_003402215.1|PVP01_1428200|PVP01_1428200.1|unknown -           2513 342at5820            -           1859         0 3109.0 273.9   2  10   4.6e-59   2.4e-55  186.0  15.7   127   265   171   339   165   348 0.87 -
GCA_003402215.1|PVP01_1428200|PVP01_1428200.1|unknown -           2513 342at5820            -           1859         0 3109.0 273.9   3  10   2.6e-77   1.4e-73  246.5  10.3   272   411   457   598   444   602 0.96 -
GCA_003402215.1|PVP01_1428200|PVP01_1428200.1|unknown -           2513 342at5820            -           1859         0 3109.0 273.9   4  10     0.068   3.6e+02   -3.5   0.1   409   427   622   640   620   647 0.84 -
GCA_003402215.1|PVP01_1428200|PVP01_1428200.1|unknown -           2513 342at5820            -           1859         0 3109.0 273.9   5  10  2.9e-233  1.5e-229  763.6  44.5   421   865   661  1176   658  1189 0.89 -
GCA_003402215.1|PVP01_1428200|PVP01_1428200.1|unknown -           2513 342at5820            -           1859         0 3109.0 273.9   6  10   7.4e-73   3.9e-69  231.8  10.9   861  1010  1222  1378  1215  1398 0.87 -
GCA_003402215.1|PVP01_1428200|PVP01_1428200.1|unknown -           2513 342at5820            -           1859         0 3109.0 273.9   7  10   6.1e-99   3.2e-95  318.3  26.4   998  1162  1399  1563  1389  1572 0.97 -
GCA_003402215.1|PVP01_1428200|PVP01_1428200.1|unknown -           2513 342at5820            -           1859         0 3109.0 273.9   8  10  1.5e-125  7.8e-122  406.5  34.9  1162  1409  1658  1928  1656  1930 0.92 -
GCA_003402215.1|PVP01_1428200|PVP01_1428200.1|unknown -           2513 342at5820            -           1859         0 3109.0 273.9   9  10  5.2e-134  2.8e-130  434.5  31.6  1409  1666  1988  2258  1984  2267 0.95 -
GCA_003402215.1|PVP01_1428200|PVP01_1428200.1|unknown -           2513 342at5820            -           1859         0 3109.0 273.9  10  10  1.5e-105  8.1e-102  340.2  21.3  1659  1859  2288  2513  2275  2513 0.89 -
#
# Program:         hmmsearch
# Version:         3.4 (Aug 2023)
# Pipeline mode:   SEARCH
# Query file:      /v3/work/00_inventory/busco/busco_downloads/lineages/plasmodium_odb10/hmms/342at5820.hmm
# Target file:     /v3/inputs/annotations/plasmodb-68/PvSY56.proteins.fa
# Option settings: hmmsearch --domtblout /v3/work/00_inventory/busco/PvSY56_proteins/run_plasmodium_odb10/hmmer_output/initial_run_results/342at5820.out --cpu 1 /v3/work/00_inventory/busco/busco_downloads/lineages/plasmodium_odb10/hmms/342at5820.hmm /v3/inputs/annotations/plasmodb-68/PvSY56.proteins.fa 
# Current dir:     /v3/work/00_inventory/busco
# Date:            Tue May 19 18:07:01 2026
# [ok]
