#                                                                                                             --- full sequence --- -------------- this domain -------------   hmm coord   ali coord   env coord
# target name                                         accession   tlen query name           accession   qlen   E-value  score  bias   #  of  c-Evalue  i-Evalue  score  bias  from    to  from    to  from    to  acc description of target
#                                 ------------------- ---------- ----- -------------------- ---------- ----- --------- ------ ----- --- --- --------- --------- ------ ----- ----- ----- ----- ----- ----- ----- ---- ---------------------
GCA_003402215.1|PVP01_1108600|PVP01_1108600.1|unknown -            912 3438at5820           -            675   5.9e-61  205.1   4.4   1   2   1.5e-13   7.8e-11   39.5   0.0     1    44     1    59     1    64 0.85 -
GCA_003402215.1|PVP01_1108600|PVP01_1108600.1|unknown -            912 3438at5820           -            675   5.9e-61  205.1   4.4   2   2   7.2e-52   3.8e-49  166.0   1.9    42   140   111   214   103   219 0.93 -
GCA_003402215.1|PVP01_0831600|PVP01_0831600.1|unknown -            498 3438at5820           -            675   5.3e-18   63.1   4.4   1   2   2.7e-19   1.5e-16   58.4   1.5    78   291   225   435   184   460 0.77 -
GCA_003402215.1|PVP01_0831600|PVP01_0831600.1|unknown -            498 3438at5820           -            675   5.3e-18   63.1   4.4   2   2    0.0018      0.98    6.1   0.0   214   263   447   498   430   498 0.76 -
GCA_003402215.1|PVP01_0511500|PVP01_0511500.1|unknown -            324 3438at5820           -            675   2.4e-11   41.2   8.4   1   2   1.2e-09   6.5e-07   26.5   4.3    79   265    50   234    31   239 0.75 -
GCA_003402215.1|PVP01_0511500|PVP01_0511500.1|unknown -            324 3438at5820           -            675   2.4e-11   41.2   8.4   2   2   1.9e-06     0.001   16.0   0.1   203   259   262   319   253   322 0.90 -
GCA_003402215.1|PVP01_0507600|PVP01_0507600.1|unknown -            322 3438at5820           -            675   7.1e-10   36.3   1.2   1   2   2.6e-10   1.4e-07   28.7   0.4   105   266    18   189     6   192 0.76 -
GCA_003402215.1|PVP01_0507600|PVP01_0507600.1|unknown -            322 3438at5820           -            675   7.1e-10   36.3   1.2   2   2    0.0014      0.76    6.4   0.0   224   320   189   279   188   288 0.79 -
GCA_003402215.1|PVP01_0946700|PVP01_0946700.1|unknown -            660 3438at5820           -            675   6.4e-07   26.5  23.2   1   5      0.82   4.3e+02   -2.7   4.3   423   481    16    79    11   113 0.69 -
GCA_003402215.1|PVP01_0946700|PVP01_0946700.1|unknown -            660 3438at5820           -            675   6.4e-07   26.5  23.2   2   5   0.00028      0.15    8.8   0.0   167   243   137   214   120   221 0.82 -
GCA_003402215.1|PVP01_0946700|PVP01_0946700.1|unknown -            660 3438at5820           -            675   6.4e-07   26.5  23.2   3   5   1.6e-05    0.0084   12.9   4.6    81   263   341   523   337   529 0.72 -
GCA_003402215.1|PVP01_0946700|PVP01_0946700.1|unknown -            660 3438at5820           -            675   6.4e-07   26.5  23.2   4   5   2.1e-08   1.1e-05   22.4   4.6    77   273   382   575   381   580 0.82 -
GCA_003402215.1|PVP01_0946700|PVP01_0946700.1|unknown -            660 3438at5820           -            675   6.4e-07   26.5  23.2   5   5      0.21   1.1e+02   -0.7   0.0   228   263   624   659   618   660 0.88 -
GCA_003402215.1|PVP01_0917000|PVP01_0917000.1|unknown -            454 3438at5820           -            675   2.7e-06   24.5   7.6   1   3      0.13        68   -0.0   0.1   124   181    79   139    30   147 0.59 -
GCA_003402215.1|PVP01_0917000|PVP01_0917000.1|unknown -            454 3438at5820           -            675   2.7e-06   24.5   7.6   2   3   1.1e-05    0.0057   13.5   0.4   228   267   197   236   186   247 0.87 -
GCA_003402215.1|PVP01_0917000|PVP01_0917000.1|unknown -            454 3438at5820           -            675   2.7e-06   24.5   7.6   3   3   7.8e-06    0.0042   13.9   0.2   199   265   319   385   244   403 0.67 -
GCA_003402215.1|PVP01_1308500|PVP01_1308500.1|unknown -            703 3438at5820           -            675   2.2e-05   21.4  14.8   1   3     0.075        40    0.8   0.3   233   312    11    44     2    64 0.63 -
GCA_003402215.1|PVP01_1308500|PVP01_1308500.1|unknown -            703 3438at5820           -            675   2.2e-05   21.4  14.8   2   3   5.6e-05      0.03   11.1   1.5   187   263    80   160    70   168 0.87 -
GCA_003402215.1|PVP01_1308500|PVP01_1308500.1|unknown -            703 3438at5820           -            675   2.2e-05   21.4  14.8   3   3   6.3e-07   0.00033   17.5   1.0   206   269   269   336   251   353 0.80 -
GCA_003402215.1|PVP01_1141000|PVP01_1141000.1|unknown -            361 3438at5820           -            675    0.0038   14.0   0.1   1   1   1.1e-05    0.0058   13.4   0.1   206   312   165   267   158   313 0.80 -
GCA_003402215.1|PVP01_1448700|PVP01_1448700.1|unknown -            445 3438at5820           -            675     0.015   12.1   3.5   1   2   0.00042      0.23    8.2   0.5   118   268    87   150    54   240 0.66 -
GCA_003402215.1|PVP01_1448700|PVP01_1448700.1|unknown -            445 3438at5820           -            675     0.015   12.1   3.5   2   2    0.0044       2.3    4.8   0.1   223   269   302   347   280   357 0.85 -
GCA_003402215.1|PVP01_1448900|PVP01_1448900.1|unknown -            596 3438at5820           -            675      0.02   11.7   8.9   1   2    0.0002       0.1    9.3   1.9   193   270    11    94     4   139 0.71 -
GCA_003402215.1|PVP01_1448900|PVP01_1448900.1|unknown -            596 3438at5820           -            675      0.02   11.7   8.9   2   2    0.0013      0.69    6.6   0.8   242   321   243   321   202   328 0.76 -
#
# Program:         hmmsearch
# Version:         3.4 (Aug 2023)
# Pipeline mode:   SEARCH
# Query file:      /v3/work/00_inventory/busco/busco_downloads/lineages/plasmodium_odb10/hmms/3438at5820.hmm
# Target file:     /v3/inputs/annotations/plasmodb-68/PvSY56.proteins.fa
# Option settings: hmmsearch --domtblout /v3/work/00_inventory/busco/PvSY56_proteins/run_plasmodium_odb10/hmmer_output/initial_run_results/3438at5820.out --cpu 1 /v3/work/00_inventory/busco/busco_downloads/lineages/plasmodium_odb10/hmms/3438at5820.hmm /v3/inputs/annotations/plasmodb-68/PvSY56.proteins.fa 
# Current dir:     /v3/work/00_inventory/busco
# Date:            Tue May 19 18:07:03 2026
# [ok]
