#                                                                                                             --- full sequence --- -------------- this domain -------------   hmm coord   ali coord   env coord
# target name                                         accession   tlen query name           accession   qlen   E-value  score  bias   #  of  c-Evalue  i-Evalue  score  bias  from    to  from    to  from    to  acc description of target
#                                 ------------------- ---------- ----- -------------------- ---------- ----- --------- ------ ----- --- --- --------- --------- ------ ----- ----- ----- ----- ----- ----- ----- ---- ---------------------
GCA_003402215.1|PVP01_1431000|PVP01_1431000.1|unknown -           1326 3550at5820           -            599  2.3e-278  923.1 126.7   1   7   5.3e-87   1.4e-83  279.8   7.2     1   157    27   183    27   198 0.95 -
GCA_003402215.1|PVP01_1431000|PVP01_1431000.1|unknown -           1326 3550at5820           -            599  2.3e-278  923.1 126.7   2   7   4.5e-43   1.2e-39  134.7   7.0   140   234   277   371   265   402 0.91 -
GCA_003402215.1|PVP01_1431000|PVP01_1431000.1|unknown -           1326 3550at5820           -            599  2.3e-278  923.1 126.7   3   7      0.22   5.9e+02   -3.0   0.8   187   248   527   586   511   596 0.59 -
GCA_003402215.1|PVP01_1431000|PVP01_1431000.1|unknown -           1326 3550at5820           -            599  2.3e-278  923.1 126.7   4   7   3.1e-44   8.1e-41  138.6  24.7   228   345   666   796   656   821 0.85 -
GCA_003402215.1|PVP01_1431000|PVP01_1431000.1|unknown -           1326 3550at5820           -            599  2.3e-278  923.1 126.7   5   7   1.1e-66     3e-63  212.7  19.8   329   471   854  1006   843  1014 0.87 -
GCA_003402215.1|PVP01_1431000|PVP01_1431000.1|unknown -           1326 3550at5820           -            599  2.3e-278  923.1 126.7   6   7   1.6e-19   4.4e-16   56.9   1.8   460   510  1147  1197  1130  1202 0.85 -
GCA_003402215.1|PVP01_1431000|PVP01_1431000.1|unknown -           1326 3550at5820           -            599  2.3e-278  923.1 126.7   7   7   6.4e-44   1.7e-40  137.5  19.0   511   599  1231  1326  1224  1326 0.92 -
GCA_003402215.1|PVP01_1424200|PVP01_1424200.1|unknown -             98 3550at5820           -            599      0.03   11.2   1.0   1   1   1.4e-05     0.038   10.9   1.0   190   258     8    85     5    89 0.77 -
#
# Program:         hmmsearch
# Version:         3.4 (Aug 2023)
# Pipeline mode:   SEARCH
# Query file:      /v3/work/00_inventory/busco/busco_downloads/lineages/plasmodium_odb10/hmms/3550at5820.hmm
# Target file:     /v3/inputs/annotations/plasmodb-68/PvSY56.proteins.fa
# Option settings: hmmsearch --domtblout /v3/work/00_inventory/busco/PvSY56_proteins/run_plasmodium_odb10/hmmer_output/initial_run_results/3550at5820.out --cpu 1 /v3/work/00_inventory/busco/busco_downloads/lineages/plasmodium_odb10/hmms/3550at5820.hmm /v3/inputs/annotations/plasmodb-68/PvSY56.proteins.fa 
# Current dir:     /v3/work/00_inventory/busco
# Date:            Tue May 19 18:07:33 2026
# [ok]
