#                                                                                                             --- full sequence --- -------------- this domain -------------   hmm coord   ali coord   env coord
# target name                                         accession   tlen query name           accession   qlen   E-value  score  bias   #  of  c-Evalue  i-Evalue  score  bias  from    to  from    to  from    to  acc description of target
#                                 ------------------- ---------- ----- -------------------- ---------- ----- --------- ------ ----- --- --- --------- --------- ------ ----- ----- ----- ----- ----- ----- ----- ---- ---------------------
GCA_003402215.1|PVP01_1003400|PVP01_1003400.1|unknown -            933 3692at5820           -            699         0 1028.3 151.0   1   3  4.1e-159  1.1e-155  518.3  48.7     1   306    26   365    26   372 0.92 -
GCA_003402215.1|PVP01_1003400|PVP01_1003400.1|unknown -            933 3692at5820           -            699         0 1028.3 151.0   2   3     5e-83   1.3e-79  266.7  75.0   309   541   412   702   395   712 0.87 -
GCA_003402215.1|PVP01_1003400|PVP01_1003400.1|unknown -            933 3692at5820           -            699         0 1028.3 151.0   3   3   7.8e-79   2.1e-75  252.9  11.3   541   699   737   906   725   906 0.92 -
GCA_003402215.1|PVP01_0709800|PVP01_0709800.1|unknown -           3311 3692at5820           -            699   4.6e-06   23.7  34.6   1  11      0.21   5.6e+02   -3.0   2.6    57   119   320   379   288   385 0.81 -
GCA_003402215.1|PVP01_0709800|PVP01_0709800.1|unknown -           3311 3692at5820           -            699   4.6e-06   23.7  34.6   2  11      0.78   2.1e+03   -4.9   3.4   353   419   974  1040   971  1077 0.62 -
GCA_003402215.1|PVP01_0709800|PVP01_0709800.1|unknown -           3311 3692at5820           -            699   4.6e-06   23.7  34.6   3  11      0.01        27    1.3   5.8     1    55  1363  1424  1363  1442 0.70 -
GCA_003402215.1|PVP01_0709800|PVP01_0709800.1|unknown -           3311 3692at5820           -            699   4.6e-06   23.7  34.6   4  11       1.2   3.2e+03   -5.5   8.7    12   109  1438  1542  1431  1548 0.64 -
GCA_003402215.1|PVP01_0709800|PVP01_0709800.1|unknown -           3311 3692at5820           -            699   4.6e-06   23.7  34.6   5  11   0.00098       2.6    4.7  12.9    11    68  1580  1637  1576  1647 0.86 -
GCA_003402215.1|PVP01_0709800|PVP01_0709800.1|unknown -           3311 3692at5820           -            699   4.6e-06   23.7  34.6   6  11   4.4e-05      0.12    9.1   3.4     6    67  1694  1755  1691  1761 0.87 -
GCA_003402215.1|PVP01_0709800|PVP01_0709800.1|unknown -           3311 3692at5820           -            699   4.6e-06   23.7  34.6   7  11     0.018        47    0.5   6.5     8    58  1748  1802  1745  1816 0.84 -
GCA_003402215.1|PVP01_0709800|PVP01_0709800.1|unknown -           3311 3692at5820           -            699   4.6e-06   23.7  34.6   8  11   8.5e-06     0.023   11.5  10.9    12    77  1872  1935  1869  1941 0.83 -
GCA_003402215.1|PVP01_0709800|PVP01_0709800.1|unknown -           3311 3692at5820           -            699   4.6e-06   23.7  34.6   9  11   1.7e-09   4.6e-06   23.7  34.6    11   348  2163  2502  2146  2558 0.71 -
GCA_003402215.1|PVP01_0709800|PVP01_0709800.1|unknown -           3311 3692at5820           -            699   4.6e-06   23.7  34.6  10  11      0.15   4.1e+02   -2.6  17.0   401   529  2633  2754  2587  2799 0.72 -
GCA_003402215.1|PVP01_0709800|PVP01_0709800.1|unknown -           3311 3692at5820           -            699   4.6e-06   23.7  34.6  11  11      0.86   2.3e+03   -5.1   3.3   233   275  2980  3022  2962  3045 0.73 -
#
# Program:         hmmsearch
# Version:         3.4 (Aug 2023)
# Pipeline mode:   SEARCH
# Query file:      /v3/work/00_inventory/busco/busco_downloads/lineages/plasmodium_odb10/hmms/3692at5820.hmm
# Target file:     /v3/inputs/annotations/plasmodb-68/PvSY56.proteins.fa
# Option settings: hmmsearch --domtblout /v3/work/00_inventory/busco/PvSY56_proteins/run_plasmodium_odb10/hmmer_output/initial_run_results/3692at5820.out --cpu 1 /v3/work/00_inventory/busco/busco_downloads/lineages/plasmodium_odb10/hmms/3692at5820.hmm /v3/inputs/annotations/plasmodb-68/PvSY56.proteins.fa 
# Current dir:     /v3/work/00_inventory/busco
# Date:            Tue May 19 18:08:22 2026
# [ok]
