#                                                                                                             --- full sequence --- -------------- this domain -------------   hmm coord   ali coord   env coord
# target name                                         accession   tlen query name           accession   qlen   E-value  score  bias   #  of  c-Evalue  i-Evalue  score  bias  from    to  from    to  from    to  acc description of target
#                                 ------------------- ---------- ----- -------------------- ---------- ----- --------- ------ ----- --- --- --------- --------- ------ ----- ----- ----- ----- ----- ----- ----- ---- ---------------------
GCA_003402215.1|PVP01_0605500|PVP01_0605500.1|unknown -            739 3894at5820           -            478   6.9e-19   66.6  14.8   1   2   3.2e-17   2.9e-14   51.3   9.8     1    64     6    87     6    97 0.80 -
GCA_003402215.1|PVP01_0605500|PVP01_0605500.1|unknown -            739 3894at5820           -            478   6.9e-19   66.6  14.8   2   2   4.9e-06    0.0043   14.5   0.2    61    96   158   206   146   212 0.80 -
GCA_003402215.1|PVP01_1210900|PVP01_1210900.1|unknown -            648 3894at5820           -            478   9.6e-07   26.5   8.0   1   4      0.11        97    0.1   0.1   392   422   250   279   232   298 0.77 -
GCA_003402215.1|PVP01_1210900|PVP01_1210900.1|unknown -            648 3894at5820           -            478   9.6e-07   26.5   8.0   2   4   3.9e-05     0.034   11.5   0.0   380   454   430   507   424   519 0.76 -
GCA_003402215.1|PVP01_1210900|PVP01_1210900.1|unknown -            648 3894at5820           -            478   9.6e-07   26.5   8.0   3   4   2.5e-06    0.0022   15.4   1.9   385   431   520   566   510   601 0.70 -
GCA_003402215.1|PVP01_1210900|PVP01_1210900.1|unknown -            648 3894at5820           -            478   9.6e-07   26.5   8.0   4   4      0.05        44    1.2   0.2   385   437   563   619   557   637 0.72 -
GCA_003402215.1|PVP01_0507600|PVP01_0507600.1|unknown -            322 3894at5820           -            478   9.5e-06   23.2   5.0   1   3   0.00036      0.32    8.3   0.1   398   456    82   145    67   153 0.78 -
GCA_003402215.1|PVP01_0507600|PVP01_0507600.1|unknown -            322 3894at5820           -            478   9.5e-06   23.2   5.0   2   3   8.8e-06    0.0078   13.6   0.1   380   454   151   230   143   240 0.81 -
GCA_003402215.1|PVP01_0507600|PVP01_0507600.1|unknown -            322 3894at5820           -            478   9.5e-06   23.2   5.0   3   3     0.018        16    2.7   0.1   203   452   291   316   245   321 0.53 -
GCA_003402215.1|PVP01_1458200|PVP01_1458200.1|unknown -            472 3894at5820           -            478   9.7e-06   23.2  11.1   1   3     0.022        19    2.4   0.0   427   453    89   115    62   124 0.84 -
GCA_003402215.1|PVP01_1458200|PVP01_1458200.1|unknown -            472 3894at5820           -            478   9.7e-06   23.2  11.1   2   3   6.1e-06    0.0054   14.1   2.5   374   453   206   288   192   303 0.74 -
GCA_003402215.1|PVP01_1458200|PVP01_1458200.1|unknown -            472 3894at5820           -            478   9.7e-06   23.2  11.1   3   3   8.9e-05     0.079   10.3   0.4   391   454   316   388   310   398 0.73 -
GCA_003402215.1|PVP01_0946700|PVP01_0946700.1|unknown -            660 3894at5820           -            478   0.00044   17.7   1.5   1   3      0.47   4.2e+02   -2.0   0.0   434   454   132   152   105   216 0.58 -
GCA_003402215.1|PVP01_0946700|PVP01_0946700.1|unknown -            660 3894at5820           -            478   0.00044   17.7   1.5   2   3   4.3e-06    0.0038   14.6   0.0   399   465   508   578   490   582 0.82 -
GCA_003402215.1|PVP01_0946700|PVP01_0946700.1|unknown -            660 3894at5820           -            478   0.00044   17.7   1.5   3   3     0.099        88    0.2   0.1   425   452   632   659   627   660 0.89 -
GCA_003402215.1|PVP01_1225200|PVP01_1225200.1|unknown -            528 3894at5820           -            478    0.0013   16.2   3.8   1   5     0.052        46    1.2   0.1   257   282   264   291   258   307 0.61 -
GCA_003402215.1|PVP01_1225200|PVP01_1225200.1|unknown -            528 3894at5820           -            478    0.0013   16.2   3.8   2   5     0.022        19    2.4   0.1   390   425   339   374   307   414 0.55 -
GCA_003402215.1|PVP01_1225200|PVP01_1225200.1|unknown -            528 3894at5820           -            478    0.0013   16.2   3.8   3   5    0.0074       6.5    4.0   0.0   175   237   353   419   347   434 0.78 -
GCA_003402215.1|PVP01_1225200|PVP01_1225200.1|unknown -            528 3894at5820           -            478    0.0013   16.2   3.8   4   5    0.0013       1.1    6.5   0.0   375   419   415   459   410   476 0.85 -
GCA_003402215.1|PVP01_1225200|PVP01_1225200.1|unknown -            528 3894at5820           -            478    0.0013   16.2   3.8   5   5     0.012        10    3.3   0.0   375   421   481   527   475   528 0.91 -
#
# Program:         hmmsearch
# Version:         3.4 (Aug 2023)
# Pipeline mode:   SEARCH
# Query file:      /v3/work/00_inventory/busco/busco_downloads/lineages/plasmodium_odb10/hmms/3894at5820.hmm
# Target file:     /v3/inputs/annotations/plasmodb-68/PvSY56.proteins.fa
# Option settings: hmmsearch --domtblout /v3/work/00_inventory/busco/PvSY56_proteins/run_plasmodium_odb10/hmmer_output/initial_run_results/3894at5820.out --cpu 1 /v3/work/00_inventory/busco/busco_downloads/lineages/plasmodium_odb10/hmms/3894at5820.hmm /v3/inputs/annotations/plasmodb-68/PvSY56.proteins.fa 
# Current dir:     /v3/work/00_inventory/busco
# Date:            Tue May 19 18:09:23 2026
# [ok]
