#                                                                                                             --- full sequence --- -------------- this domain -------------   hmm coord   ali coord   env coord
# target name                                         accession   tlen query name           accession   qlen   E-value  score  bias   #  of  c-Evalue  i-Evalue  score  bias  from    to  from    to  from    to  acc description of target
#                                 ------------------- ---------- ----- -------------------- ---------- ----- --------- ------ ----- --- --- --------- --------- ------ ----- ----- ----- ----- ----- ----- ----- ---- ---------------------
GCA_003402215.1|PVP01_1142000|PVP01_1142000.1|unknown -           1006 4120at5820           -            764   3.5e-62  208.8  79.6   1   3   2.5e-10   1.3e-07   28.3   4.5     1    34     1    35     1    40 0.90 -
GCA_003402215.1|PVP01_1142000|PVP01_1142000.1|unknown -           1006 4120at5820           -            764   3.5e-62  208.8  79.6   2   3   3.3e-08   1.7e-05   21.3   7.8    22    55    62    95    53   106 0.83 -
GCA_003402215.1|PVP01_1142000|PVP01_1142000.1|unknown -           1006 4120at5820           -            764   3.5e-62  208.8  79.6   3   3   1.3e-53   6.7e-51  171.5  51.4    31   171   128   271   110   277 0.84 -
GCA_003402215.1|PVP01_0507300|PVP01_0507300.1|unknown -           1201 4120at5820           -            764   3.4e-27   93.1   2.8   1   1   1.6e-29   8.6e-27   91.7   2.8   160   317   592   739   567   743 0.84 -
GCA_003402215.1|PVP01_1413400|PVP01_1413400.1|unknown -           1107 4120at5820           -            764   3.4e-15   53.4   4.4   1   4   1.9e-16     1e-13   48.5   0.2   186   319   201   317   197   338 0.88 -
GCA_003402215.1|PVP01_1413400|PVP01_1413400.1|unknown -           1107 4120at5820           -            764   3.4e-15   53.4   4.4   2   4      0.24   1.3e+02   -1.4  13.2    27   110   604   688   588   698 0.59 -
GCA_003402215.1|PVP01_1413400|PVP01_1413400.1|unknown -           1107 4120at5820           -            764   3.4e-15   53.4   4.4   3   4        10   5.3e+03   -7.2   8.2    79   120   898   942   879   967 0.63 -
GCA_003402215.1|PVP01_1413400|PVP01_1413400.1|unknown -           1107 4120at5820           -            764   3.4e-15   53.4   4.4   4   4   1.6e-06   0.00084   15.7   0.6   549   629  1009  1086   993  1091 0.91 -
GCA_003402215.1|PVP01_0710200|PVP01_0710200.1|unknown -            894 4120at5820           -            764   1.7e-09   34.6   3.0   1   1   5.8e-12   3.1e-09   33.7   3.0   193   317   194   317   188   343 0.75 -
GCA_003402215.1|PVP01_1424700|PVP01_1424700.1|unknown -            778 4120at5820           -            764   3.5e-07   26.9   2.2   1   2   6.6e-10   3.5e-07   26.9   2.2   192   317   111   233    97   252 0.80 -
GCA_003402215.1|PVP01_1424700|PVP01_1424700.1|unknown -            778 4120at5820           -            764   3.5e-07   26.9   2.2   2   2      0.15        82   -0.8   0.2   417   445   381   409   371   425 0.84 -
GCA_003402215.1|PVP01_0803600|PVP01_0803600.1|unknown -           1280 4120at5820           -            764     1e-06   25.4   3.3   1   2     0.086        46    0.1   0.0   193   211   192   210   139   221 0.89 -
GCA_003402215.1|PVP01_0803600|PVP01_0803600.1|unknown -           1280 4120at5820           -            764     1e-06   25.4   3.3   2   2   4.7e-09   2.5e-06   24.1   1.9   242   348   319   431   275   441 0.82 -
GCA_003402215.1|PVP01_1206500|PVP01_1206500.1|unknown -           1426 4120at5820           -            764   1.5e-06   24.8   9.3   1   4   0.00017     0.091    9.0   0.1   188   214    11    37     2    51 0.76 -
GCA_003402215.1|PVP01_1206500|PVP01_1206500.1|unknown -           1426 4120at5820           -            764   1.5e-06   24.8   9.3   2   4   6.5e-08   3.4e-05   20.3   0.9   255   325   204   274   197   309 0.85 -
GCA_003402215.1|PVP01_1206500|PVP01_1206500.1|unknown -           1426 4120at5820           -            764   1.5e-06   24.8   9.3   3   4       0.9   4.8e+02   -3.3   0.1   161   218   707   769   700   771 0.72 -
GCA_003402215.1|PVP01_1206500|PVP01_1206500.1|unknown -           1426 4120at5820           -            764   1.5e-06   24.8   9.3   4   4      0.89   4.7e+02   -3.3   0.0   311   361  1231  1281  1226  1286 0.88 -
GCA_003402215.1|PVP01_1453500|PVP01_1453500.1|unknown -           1149 4120at5820           -            764   8.1e-06   22.4   0.4   1   1   2.3e-08   1.2e-05   21.8   0.4   194   316    29   152    16   167 0.86 -
GCA_003402215.1|PVP01_1223900|PVP01_1223900.1|unknown -            456 4120at5820           -            764   1.5e-05   21.5   2.3   1   2   3.7e-08     2e-05   21.1   0.3   194   317    76   200    67   206 0.75 -
GCA_003402215.1|PVP01_1223900|PVP01_1223900.1|unknown -            456 4120at5820           -            764   1.5e-05   21.5   2.3   2   2      0.14        73   -0.6   0.1   416   456   279   320   272   328 0.87 -
GCA_003402215.1|PVP01_1255900|PVP01_1255900.1|unknown -            832 4120at5820           -            764   0.00011   18.6   0.1   1   2   4.8e-06    0.0026   14.1   0.0   255   335    94   174     3   190 0.80 -
GCA_003402215.1|PVP01_1255900|PVP01_1255900.1|unknown -            832 4120at5820           -            764   0.00011   18.6   0.1   2   2     0.033        17    1.5   0.0   652   730   735   809   713   822 0.82 -
#
# Program:         hmmsearch
# Version:         3.4 (Aug 2023)
# Pipeline mode:   SEARCH
# Query file:      /v3/work/00_inventory/busco/busco_downloads/lineages/plasmodium_odb10/hmms/4120at5820.hmm
# Target file:     /v3/inputs/annotations/plasmodb-68/PvSY56.proteins.fa
# Option settings: hmmsearch --domtblout /v3/work/00_inventory/busco/PvSY56_proteins/run_plasmodium_odb10/hmmer_output/initial_run_results/4120at5820.out --cpu 1 /v3/work/00_inventory/busco/busco_downloads/lineages/plasmodium_odb10/hmms/4120at5820.hmm /v3/inputs/annotations/plasmodb-68/PvSY56.proteins.fa 
# Current dir:     /v3/work/00_inventory/busco
# Date:            Tue May 19 18:10:33 2026
# [ok]
