#                                                                                                             --- full sequence --- -------------- this domain -------------   hmm coord   ali coord   env coord
# target name                                         accession   tlen query name           accession   qlen   E-value  score  bias   #  of  c-Evalue  i-Evalue  score  bias  from    to  from    to  from    to  acc description of target
#                                 ------------------- ---------- ----- -------------------- ---------- ----- --------- ------ ----- --- --- --------- --------- ------ ----- ----- ----- ----- ----- ----- ----- ---- ---------------------
GCA_003402215.1|PVP01_1214900|PVP01_1214900.1|unknown -            869 4282at5820           -            551  8.6e-278  920.9  39.0   1   4   2.1e-23   1.1e-20   72.2   0.0     6    54    58   106    52   110 0.94 -
GCA_003402215.1|PVP01_1214900|PVP01_1214900.1|unknown -            869 4282at5820           -            551  8.6e-278  920.9  39.0   2   4  3.4e-139  1.8e-136  454.4  16.1    53   314   188   474   182   477 0.91 -
GCA_003402215.1|PVP01_1214900|PVP01_1214900.1|unknown -            869 4282at5820           -            551  8.6e-278  920.9  39.0   3   4   1.3e-60   6.7e-58  195.0   1.0   310   421   530   644   528   657 0.95 -
GCA_003402215.1|PVP01_1214900|PVP01_1214900.1|unknown -            869 4282at5820           -            551  8.6e-278  920.9  39.0   4   4   1.7e-65   9.1e-63  211.1   4.0   420   551   729   862   719   862 0.97 -
GCA_003402215.1|PVP01_1010900|PVP01_1010900.1|unknown -           1464 4282at5820           -            551   1.3e-47  161.0  53.5   1   6        10   5.3e+03   -8.6   7.1    72   232   110   266    56   285 0.52 -
GCA_003402215.1|PVP01_1010900|PVP01_1010900.1|unknown -           1464 4282at5820           -            551   1.3e-47  161.0  53.5   2   6     2e-17   1.1e-14   52.5   3.4   314   419   382   488   326   499 0.90 -
GCA_003402215.1|PVP01_1010900|PVP01_1010900.1|unknown -           1464 4282at5820           -            551   1.3e-47  161.0  53.5   3   6   1.4e-13   7.5e-11   39.7   2.6   415   521   534   646   522   668 0.78 -
GCA_003402215.1|PVP01_1010900|PVP01_1010900.1|unknown -           1464 4282at5820           -            551   1.3e-47  161.0  53.5   4   6       0.3   1.6e+02   -0.9   6.3    39   202   843  1000   809  1016 0.66 -
GCA_003402215.1|PVP01_1010900|PVP01_1010900.1|unknown -           1464 4282at5820           -            551   1.3e-47  161.0  53.5   5   6     4e-10   2.1e-07   28.3   0.2   307   375  1156  1224  1143  1235 0.92 -
GCA_003402215.1|PVP01_1010900|PVP01_1010900.1|unknown -           1464 4282at5820           -            551   1.3e-47  161.0  53.5   6   6   7.4e-24   3.9e-21   73.7   0.2   367   530  1271  1433  1262  1453 0.82 -
GCA_003402215.1|PVP01_1309000|PVP01_1309000.1|unknown -            980 4282at5820           -            551     3e-42  143.4  27.9   1   3     2e-23   1.1e-20   72.3  15.7    11   347   229   581   221   593 0.74 -
GCA_003402215.1|PVP01_1309000|PVP01_1309000.1|unknown -            980 4282at5820           -            551     3e-42  143.4  27.9   2   3   1.5e-15     8e-13   46.2   0.4   330   419   641   730   636   746 0.89 -
GCA_003402215.1|PVP01_1309000|PVP01_1309000.1|unknown -            980 4282at5820           -            551     3e-42  143.4  27.9   3   3   2.8e-11   1.5e-08   32.1   0.3   450   532   872   955   828   969 0.81 -
GCA_003402215.1|PVP01_0837600|PVP01_0837600.1|unknown -           1411 4282at5820           -            551   4.6e-23   80.0  26.7   1   4        10   5.3e+03  -13.6  13.6    69   229   259   419   179   460 0.64 -
GCA_003402215.1|PVP01_0837600|PVP01_0837600.1|unknown -           1411 4282at5820           -            551   4.6e-23   80.0  26.7   2   4      0.27   1.5e+02   -0.8   2.5   193   244   761   810   747   845 0.71 -
GCA_003402215.1|PVP01_0837600|PVP01_0837600.1|unknown -           1411 4282at5820           -            551   4.6e-23   80.0  26.7   3   4   9.3e-14   4.9e-11   40.3  14.1   299   415  1045  1166  1014  1190 0.83 -
GCA_003402215.1|PVP01_0837600|PVP01_0837600.1|unknown -           1411 4282at5820           -            551   4.6e-23   80.0  26.7   4   4   2.9e-18   1.5e-15   55.2   4.7   429   543  1283  1399  1243  1404 0.88 -
GCA_003402215.1|PVP01_1103800|PVP01_1103800.1|unknown -            619 4282at5820           -            551   4.2e-12   43.9  12.6   1   3   3.3e-08   1.7e-05   22.0   2.9   348   516   122   292   113   307 0.68 -
GCA_003402215.1|PVP01_1103800|PVP01_1103800.1|unknown -            619 4282at5820           -            551   4.2e-12   43.9  12.6   2   3     0.045        24    1.8   0.0   341   363   387   409   359   416 0.71 -
GCA_003402215.1|PVP01_1103800|PVP01_1103800.1|unknown -            619 4282at5820           -            551   4.2e-12   43.9  12.6   3   3   6.4e-09   3.4e-06   24.4   1.0   450   529   475   557   455   581 0.78 -
GCA_003402215.1|PVP01_1322800|PVP01_1322800.1|unknown -            698 4282at5820           -            551   7.3e-12   43.1   0.9   1   1   2.5e-14   1.3e-11   42.2   0.9   315   536    45   269    40   279 0.76 -
GCA_003402215.1|PVP01_0922300|PVP01_0922300.1|unknown -            792 4282at5820           -            551   9.3e-11   39.4  25.2   1   5   7.5e-05      0.04   10.9   0.3   327   383   192   245   162   284 0.74 -
GCA_003402215.1|PVP01_0922300|PVP01_0922300.1|unknown -            792 4282at5820           -            551   9.3e-11   39.4  25.2   2   5   4.9e-07   0.00026   18.2   2.0   429   542   334   450   319   457 0.75 -
GCA_003402215.1|PVP01_0922300|PVP01_0922300.1|unknown -            792 4282at5820           -            551   9.3e-11   39.4  25.2   3   5      0.25   1.3e+02   -0.7   0.4   314   342   526   554   516   570 0.88 -
GCA_003402215.1|PVP01_0922300|PVP01_0922300.1|unknown -            792 4282at5820           -            551   9.3e-11   39.4  25.2   4   5   3.4e-07   0.00018   18.7   0.3   326   378   585   638   579   672 0.85 -
GCA_003402215.1|PVP01_0922300|PVP01_0922300.1|unknown -            792 4282at5820           -            551   9.3e-11   39.4  25.2   5   5    0.0019         1    6.3   0.6   444   517   684   755   648   778 0.71 -
GCA_003402215.1|PVP01_1315500|PVP01_1315500.1|unknown -            257 4282at5820           -            551   3.6e-10   37.5   3.7   1   2   7.5e-06     0.004   14.2   0.1   324   363    14    55     3    78 0.79 -
GCA_003402215.1|PVP01_1315500|PVP01_1315500.1|unknown -            257 4282at5820           -            551   3.6e-10   37.5   3.7   2   2   7.4e-09   3.9e-06   24.2   0.9   455   546   129   227    99   232 0.80 -
GCA_003402215.1|PVP01_1335400|PVP01_1335400.1|unknown -            351 4282at5820           -            551     5e-10   37.0   1.7   1   1   1.3e-11     7e-09   33.2   1.7   329   542   116   338   102   344 0.80 -
GCA_003402215.1|PVP01_1426600|PVP01_1426600.1|unknown -           1302 4282at5820           -            551   6.4e-07   26.8   2.8   1   6     8e-06    0.0042   14.1   4.9   302   382   168   251   159   290 0.74 -
GCA_003402215.1|PVP01_1426600|PVP01_1426600.1|unknown -           1302 4282at5820           -            551   6.4e-07   26.8   2.8   2   6    0.0019         1    6.3   3.8   435   512   472   550   447   572 0.83 -
GCA_003402215.1|PVP01_1426600|PVP01_1426600.1|unknown -           1302 4282at5820           -            551   6.4e-07   26.8   2.8   3   6       1.7     9e+02   -3.4   0.3    90   120   651   681   648   698 0.82 -
GCA_003402215.1|PVP01_1426600|PVP01_1426600.1|unknown -           1302 4282at5820           -            551   6.4e-07   26.8   2.8   4   6   1.2e-09   6.4e-07   26.8   2.8   316   370   826   883   799   886 0.86 -
GCA_003402215.1|PVP01_1426600|PVP01_1426600.1|unknown -           1302 4282at5820           -            551   6.4e-07   26.8   2.8   5   6       1.5   7.8e+02   -3.2   0.5   310   342   931   962   928   977 0.56 -
GCA_003402215.1|PVP01_1426600|PVP01_1426600.1|unknown -           1302 4282at5820           -            551   6.4e-07   26.8   2.8   6   6    0.0081       4.3    4.2   1.4   453   526  1051  1127  1008  1149 0.68 -
#
# Program:         hmmsearch
# Version:         3.4 (Aug 2023)
# Pipeline mode:   SEARCH
# Query file:      /v3/work/00_inventory/busco/busco_downloads/lineages/plasmodium_odb10/hmms/4282at5820.hmm
# Target file:     /v3/inputs/annotations/plasmodb-68/PvSY56.proteins.fa
# Option settings: hmmsearch --domtblout /v3/work/00_inventory/busco/PvSY56_proteins/run_plasmodium_odb10/hmmer_output/initial_run_results/4282at5820.out --cpu 1 /v3/work/00_inventory/busco/busco_downloads/lineages/plasmodium_odb10/hmms/4282at5820.hmm /v3/inputs/annotations/plasmodb-68/PvSY56.proteins.fa 
# Current dir:     /v3/work/00_inventory/busco
# Date:            Tue May 19 18:11:25 2026
# [ok]
