#                                                                                                             --- full sequence --- -------------- this domain -------------   hmm coord   ali coord   env coord
# target name                                         accession   tlen query name           accession   qlen   E-value  score  bias   #  of  c-Evalue  i-Evalue  score  bias  from    to  from    to  from    to  acc description of target
#                                 ------------------- ---------- ----- -------------------- ---------- ----- --------- ------ ----- --- --- --------- --------- ------ ----- ----- ----- ----- ----- ----- ----- ---- ---------------------
GCA_003402215.1|PVP01_0105700|PVP01_0105700.1|unknown -           2786 438at5820            -           1966         0 1790.0 126.9   1   3  7.1e-300  2.9e-297  988.0  39.4     1   638     1   878     1   911 0.86 -
GCA_003402215.1|PVP01_0105700|PVP01_0105700.1|unknown -           2786 438at5820            -           1966         0 1790.0 126.9   2   3  1.1e-163  4.6e-161  536.3  34.3   655   949   976  1307   935  1313 0.85 -
GCA_003402215.1|PVP01_0105700|PVP01_0105700.1|unknown -           2786 438at5820            -           1966         0 1790.0 126.9   3   3   6.4e-85   2.6e-82  275.2  42.2   905  1183  1300  1684  1291  1690 0.64 -
GCA_003402215.1|PVP01_1117600|PVP01_1117600.1|unknown -            835 438at5820            -           1966   2.9e-32  109.2   9.5   1   3   2.1e-13   8.5e-11   38.0   5.8   429   611   177   373    24   381 0.64 -
GCA_003402215.1|PVP01_1117600|PVP01_1117600.1|unknown -            835 438at5820            -           1966   2.9e-32  109.2   9.5   2   3   7.2e-19     3e-16   56.2   0.0   669   864   381   629   374   637 0.78 -
GCA_003402215.1|PVP01_1117600|PVP01_1117600.1|unknown -            835 438at5820            -           1966   2.9e-32  109.2   9.5   3   3   7.5e-06    0.0031   13.0   2.4   984  1057   639   713   629   734 0.84 -
GCA_003402215.1|PVP01_0117700|PVP01_0117700.1|unknown -           1025 438at5820            -           1966   6.1e-22   75.0  13.4   1   2   2.9e-10   1.2e-07   27.6   1.0   549   610   194   257   138   261 0.81 -
GCA_003402215.1|PVP01_0117700|PVP01_0117700.1|unknown -           1025 438at5820            -           1966   6.1e-22   75.0  13.4   2   2   1.5e-17   6.3e-15   51.8   5.9   664   846   260   439   257   462 0.77 -
GCA_003402215.1|PVP01_1005900|PVP01_1005900.1|unknown -            667 438at5820            -           1966     0.021   10.2  19.2   1   1   9.8e-05      0.04    9.3  19.2  1110  1286    36   213    10   229 0.53 -
GCA_003402215.1|PVP01_0620500|PVP01_0620500.1|unknown -            449 438at5820            -           1966      0.54    5.5  26.2   1   1    0.0019      0.76    5.1  26.2  1092  1270   247   423   226   444 0.48 -
GCA_003402215.1|PVP01_0722100|PVP01_0722100.1|unknown -            430 438at5820            -           1966      0.93    4.8  10.9   1   2   0.00011     0.045    9.1   5.1  1117  1156    83   123    26   146 0.47 -
GCA_003402215.1|PVP01_0722100|PVP01_0722100.1|unknown -            430 438at5820            -           1966      0.93    4.8  10.9   2   2      0.19        79   -1.6   0.3   954   980   223   250   207   293 0.61 -
GCA_003402215.1|PVP01_0927100|PVP01_0927100.1|unknown -            326 438at5820            -           1966         1    4.6  25.4   1   1    0.0028       1.2    4.4  25.4  1067  1216    53   213    30   306 0.47 -
GCA_003402215.1|PVP01_0308000|PVP01_0308000.1|unknown -            839 438at5820            -           1966       1.3    4.3  13.4   1   1    0.0046       1.9    3.7  13.4  1098  1236    67   230    47   240 0.43 -
GCA_003402215.1|PVP01_0406800|PVP01_0406800.1|unknown -           1291 438at5820            -           1966       1.5    4.0  14.1   1   1    0.0054       2.2    3.5  14.1  1097  1229   107   236    51   248 0.32 -
GCA_003402215.1|PVP01_0820700|PVP01_0820700.1|unknown -            307 438at5820            -           1966       2.9    3.1  17.8   1   1    0.0081       3.3    2.9  17.8  1095  1236   151   301    99   307 0.36 -
GCA_003402215.1|PVP01_1461800|PVP01_1461800.1|unknown -            205 438at5820            -           1966       5.6    2.2  39.2   1   1     0.017       6.8    1.9  39.2  1077  1226    45   190    29   200 0.49 -
GCA_003402215.1|PVP01_0111100|PVP01_0111100.1|unknown -            258 438at5820            -           1966       6.3    2.0  24.2   1   1     0.017       7.1    1.8  24.2  1105  1237    67   200    31   232 0.55 -
GCA_003402215.1|PVP01_0522700|PVP01_0522700.1|unknown -            389 438at5820            -           1966       6.7    1.9  20.3   1   2   0.00049       0.2    7.0  13.5  1101  1158   125   182   101   227 0.68 -
GCA_003402215.1|PVP01_0522700|PVP01_0522700.1|unknown -            389 438at5820            -           1966       6.7    1.9  20.3   2   2      0.16        65   -1.4   0.5   928   935   337   344   247   389 0.43 -
#
# Program:         hmmsearch
# Version:         3.4 (Aug 2023)
# Pipeline mode:   SEARCH
# Query file:      /v3/work/00_inventory/busco/busco_downloads/lineages/plasmodium_odb10/hmms/438at5820.hmm
# Target file:     /v3/inputs/annotations/plasmodb-68/PvSY56.proteins.fa
# Option settings: hmmsearch --domtblout /v3/work/00_inventory/busco/PvSY56_proteins/run_plasmodium_odb10/hmmer_output/initial_run_results/438at5820.out --cpu 1 /v3/work/00_inventory/busco/busco_downloads/lineages/plasmodium_odb10/hmms/438at5820.hmm /v3/inputs/annotations/plasmodb-68/PvSY56.proteins.fa 
# Current dir:     /v3/work/00_inventory/busco
# Date:            Tue May 19 18:11:56 2026
# [ok]
