#                                                                                                             --- full sequence --- -------------- this domain -------------   hmm coord   ali coord   env coord
# target name                                         accession   tlen query name           accession   qlen   E-value  score  bias   #  of  c-Evalue  i-Evalue  score  bias  from    to  from    to  from    to  acc description of target
#                                 ------------------- ---------- ----- -------------------- ---------- ----- --------- ------ ----- --- --- --------- --------- ------ ----- ----- ----- ----- ----- ----- ----- ---- ---------------------
GCA_003402215.1|PVP01_0947300|PVP01_0947300.1|unknown -            811 4394at5820           -            638         0 1125.0  70.8   1   2  5.7e-300  3.4e-297  985.5  61.9     1   519     1   537     1   568 0.96 -
GCA_003402215.1|PVP01_0947300|PVP01_0947300.1|unknown -            811 4394at5820           -            638         0 1125.0  70.8   2   2   1.6e-45   9.3e-43  144.9   1.5   526   638   683   802   672   802 0.92 -
GCA_003402215.1|PVP01_0820800|PVP01_0820800.1|unknown -           1305 4394at5820           -            638   2.1e-31  107.4  31.1   1   2   3.9e-19   2.3e-16   57.8   5.3     4   155   531   674   528   680 0.78 -
GCA_003402215.1|PVP01_0820800|PVP01_0820800.1|unknown -           1305 4394at5820           -            638   2.1e-31  107.4  31.1   2   2   3.6e-18   2.2e-15   54.5  18.0   189   451   690   955   679   963 0.67 -
GCA_003402215.1|PVP01_0204100|PVP01_0204100.1|unknown -           1454 4394at5820           -            638   9.2e-31  105.3  13.6   1   2   1.6e-33   9.2e-31  105.3  13.6    27   377   775  1101   752  1120 0.79 -
GCA_003402215.1|PVP01_0204100|PVP01_0204100.1|unknown -           1454 4394at5820           -            638   9.2e-31  105.3  13.6   2   2         9   5.3e+03   -9.2  17.0   439   574  1285  1419  1219  1439 0.70 -
GCA_003402215.1|PVP01_0809900|PVP01_0809900.1|unknown -           3266 4394at5820           -            638   1.2e-24   85.1  35.5   1   7   4.5e-21   2.7e-18   64.1  22.8     3   246   162   414   160   420 0.82 -
GCA_003402215.1|PVP01_0809900|PVP01_0809900.1|unknown -           3266 4394at5820           -            638   1.2e-24   85.1  35.5   2   7   4.5e-13   2.7e-10   37.7   4.7   245   371   496   607   491   693 0.80 -
GCA_003402215.1|PVP01_0809900|PVP01_0809900.1|unknown -           3266 4394at5820           -            638   1.2e-24   85.1  35.5   3   7       6.8     4e+03   -5.8   3.4   472   492  1037  1057  1004  1080 0.44 -
GCA_003402215.1|PVP01_0809900|PVP01_0809900.1|unknown -           3266 4394at5820           -            638   1.2e-24   85.1  35.5   4   7         9   5.3e+03  -13.0  33.1   370   534  1397  1559  1357  1568 0.43 -
GCA_003402215.1|PVP01_0809900|PVP01_0809900.1|unknown -           3266 4394at5820           -            638   1.2e-24   85.1  35.5   5   7         9   5.3e+03   -6.3   5.3   478   502  1703  1726  1686  1758 0.55 -
GCA_003402215.1|PVP01_0809900|PVP01_0809900.1|unknown -           3266 4394at5820           -            638   1.2e-24   85.1  35.5   6   7         9   5.3e+03   -9.7  11.9   402   486  1854  1939  1848  1956 0.71 -
GCA_003402215.1|PVP01_0809900|PVP01_0809900.1|unknown -           3266 4394at5820           -            638   1.2e-24   85.1  35.5   7   7      0.42   2.5e+02   -1.8   2.4   460   514  3023  3084  3021  3091 0.71 -
GCA_003402215.1|PVP01_1310200|PVP01_1310200.1|unknown -           1656 4394at5820           -            638   4.7e-24   83.1  28.2   1   6   7.9e-27   4.7e-24   83.1  28.2    48   499    92   552    70   638 0.72 -
GCA_003402215.1|PVP01_1310200|PVP01_1310200.1|unknown -           1656 4394at5820           -            638   4.7e-24   83.1  28.2   2   6         2   1.2e+03   -4.0   4.8   379   452   592   673   574   735 0.67 -
GCA_003402215.1|PVP01_1310200|PVP01_1310200.1|unknown -           1656 4394at5820           -            638   4.7e-24   83.1  28.2   3   6      0.47   2.8e+02   -2.0   1.0   534   576   827   866   807   906 0.57 -
GCA_003402215.1|PVP01_1310200|PVP01_1310200.1|unknown -           1656 4394at5820           -            638   4.7e-24   83.1  28.2   4   6       5.5   3.2e+03   -5.5  16.0   462   627   990  1154   970  1164 0.67 -
GCA_003402215.1|PVP01_1310200|PVP01_1310200.1|unknown -           1656 4394at5820           -            638   4.7e-24   83.1  28.2   5   6         9   5.3e+03  -16.1  30.0   411   583  1082  1275  1070  1297 0.75 -
GCA_003402215.1|PVP01_1310200|PVP01_1310200.1|unknown -           1656 4394at5820           -            638   4.7e-24   83.1  28.2   6   6       8.6   5.1e+03   -6.2   9.9   441   513  1244  1316  1201  1328 0.62 -
GCA_003402215.1|PVP01_1462700|PVP01_1462700.1|unknown -           1479 4394at5820           -            638   4.5e-21   73.3  64.2   1   5   5.1e-14     3e-11   40.8  10.8     2   109   101   210   100   220 0.86 -
GCA_003402215.1|PVP01_1462700|PVP01_1462700.1|unknown -           1479 4394at5820           -            638   4.5e-21   73.3  64.2   2   5   1.7e-07   9.9e-05   19.3  13.1   154   306   300   438   229   447 0.74 -
GCA_003402215.1|PVP01_1462700|PVP01_1462700.1|unknown -           1479 4394at5820           -            638   4.5e-21   73.3  64.2   3   5   1.5e-13   9.1e-11   39.2   6.6   315   420   535   638   528   730 0.66 -
GCA_003402215.1|PVP01_1462700|PVP01_1462700.1|unknown -           1479 4394at5820           -            638   4.5e-21   73.3  64.2   4   5         3   1.8e+03   -4.7   0.8    22    53   827   860   821   885 0.35 -
GCA_003402215.1|PVP01_1462700|PVP01_1462700.1|unknown -           1479 4394at5820           -            638   4.5e-21   73.3  64.2   5   5       7.1   4.2e+03   -5.9   2.4   444   457  1017  1030   964  1076 0.47 -
GCA_003402215.1|PVP01_1462200|PVP01_1462200.1|unknown -           1124 4394at5820           -            638   1.1e-17   62.1  16.1   1   3   1.9e-20   1.1e-17   62.1  16.1     1   385    39   387    39   406 0.78 -
GCA_003402215.1|PVP01_1462200|PVP01_1462200.1|unknown -           1124 4394at5820           -            638   1.1e-17   62.1  16.1   2   3         9   5.3e+03   -6.9   5.5   387   422   475   509   455   537 0.48 -
GCA_003402215.1|PVP01_1462200|PVP01_1462200.1|unknown -           1124 4394at5820           -            638   1.1e-17   62.1  16.1   3   3         9   5.3e+03  -11.0  11.0   354   418   935   999   922  1116 0.44 -
GCA_003402215.1|PVP01_0822600|PVP01_0822600.1|unknown -           1314 4394at5820           -            638   3.4e-13   47.3  46.7   1   3   0.00014     0.081    9.7   0.1    84   109     2    27     1    70 0.76 -
GCA_003402215.1|PVP01_0822600|PVP01_0822600.1|unknown -           1314 4394at5820           -            638   3.4e-13   47.3  46.7   2   3   4.1e-13   2.4e-10   37.9  29.3   184   491   187   484   154   542 0.68 -
GCA_003402215.1|PVP01_0822600|PVP01_0822600.1|unknown -           1314 4394at5820           -            638   3.4e-13   47.3  46.7   3   3      0.04        24    1.5   5.8   481   597   748   862   737   899 0.54 -
GCA_003402215.1|PVP01_0320600|PVP01_0320600.1|unknown -           2302 4394at5820           -            638     6e-13   46.5  11.3   1   2   4.5e-06    0.0026   14.6   0.1    44   108   275   338   241   352 0.83 -
GCA_003402215.1|PVP01_0320600|PVP01_0320600.1|unknown -           2302 4394at5820           -            638     6e-13   46.5  11.3   2   2   1.8e-10   1.1e-07   29.1   6.7   191   370   669   833   661   849 0.79 -
#
# Program:         hmmsearch
# Version:         3.4 (Aug 2023)
# Pipeline mode:   SEARCH
# Query file:      /v3/work/00_inventory/busco/busco_downloads/lineages/plasmodium_odb10/hmms/4394at5820.hmm
# Target file:     /v3/inputs/annotations/plasmodb-68/PvSY56.proteins.fa
# Option settings: hmmsearch --domtblout /v3/work/00_inventory/busco/PvSY56_proteins/run_plasmodium_odb10/hmmer_output/initial_run_results/4394at5820.out --cpu 1 /v3/work/00_inventory/busco/busco_downloads/lineages/plasmodium_odb10/hmms/4394at5820.hmm /v3/inputs/annotations/plasmodb-68/PvSY56.proteins.fa 
# Current dir:     /v3/work/00_inventory/busco
# Date:            Tue May 19 18:11:58 2026
# [ok]
