#                                                                                                             --- full sequence --- -------------- this domain -------------   hmm coord   ali coord   env coord
# target name                                         accession   tlen query name           accession   qlen   E-value  score  bias   #  of  c-Evalue  i-Evalue  score  bias  from    to  from    to  from    to  acc description of target
#                                 ------------------- ---------- ----- -------------------- ---------- ----- --------- ------ ----- --- --- --------- --------- ------ ----- ----- ----- ----- ----- ----- ----- ---- ---------------------
GCA_003402215.1|PVP01_0713700|PVP01_0713700.1|unknown -            713 4609at5820           -            472  3.5e-229  759.6   9.3   1   4  1.1e-119  5.6e-117  389.6   0.3     6   215    24   235    20   242 0.97 -
GCA_003402215.1|PVP01_0713700|PVP01_0713700.1|unknown -            713 4609at5820           -            472  3.5e-229  759.6   9.3   2   4   6.5e-60   3.5e-57  192.5   0.0   220   334   373   488   346   491 0.96 -
GCA_003402215.1|PVP01_0713700|PVP01_0713700.1|unknown -            713 4609at5820           -            472  3.5e-229  759.6   9.3   3   4   8.4e-55   4.5e-52  175.6   0.6   335   456   517   647   514   652 0.92 -
GCA_003402215.1|PVP01_0713700|PVP01_0713700.1|unknown -            713 4609at5820           -            472  3.5e-229  759.6   9.3   4   4    0.0054       2.9    4.8   0.0   452   471   682   701   680   702 0.89 -
GCA_003402215.1|PVP01_1439800|PVP01_1439800.1|unknown -            840 4609at5820           -            472   4.3e-14   50.3  39.3   1   4   2.2e-07   0.00012   19.3   0.3    46   121   102   176    81   176 0.87 -
GCA_003402215.1|PVP01_1439800|PVP01_1439800.1|unknown -            840 4609at5820           -            472   4.3e-14   50.3  39.3   2   4   1.4e-10   7.5e-08   29.8   2.4   238   335   146   243   143   252 0.89 -
GCA_003402215.1|PVP01_1439800|PVP01_1439800.1|unknown -            840 4609at5820           -            472   4.3e-14   50.3  39.3   3   4   8.3e-05     0.044   10.8   2.4    43   130   250   342   244   347 0.83 -
GCA_003402215.1|PVP01_1439800|PVP01_1439800.1|unknown -            840 4609at5820           -            472   4.3e-14   50.3  39.3   4   4   1.4e-05    0.0075   13.3  16.0   244   396   348   508   342   523 0.77 -
GCA_003402215.1|PVP01_0828300|PVP01_0828300.1|unknown -            637 4609at5820           -            472   3.2e-09   34.3  25.7   1   3     5e-08   2.6e-05   21.4   1.7   108   262   137   299   128   309 0.79 -
GCA_003402215.1|PVP01_0828300|PVP01_0828300.1|unknown -            637 4609at5820           -            472   3.2e-09   34.3  25.7   2   3   1.1e-07   5.6e-05   20.3  13.4    90   347   240   497   235   504 0.77 -
GCA_003402215.1|PVP01_0828300|PVP01_0828300.1|unknown -            637 4609at5820           -            472   3.2e-09   34.3  25.7   3   3    0.0057       3.1    4.7   3.2    95   165   503   572   489   589 0.80 -
GCA_003402215.1|PVP01_0810000|PVP01_0810000.1|unknown -            807 4609at5820           -            472   4.1e-07   27.3   8.8   1   2   7.7e-10   4.1e-07   27.3   8.8    53   154   202   301   149   337 0.78 -
GCA_003402215.1|PVP01_0810000|PVP01_0810000.1|unknown -            807 4609at5820           -            472   4.1e-07   27.3   8.8   2   2        10   5.3e+03   -6.7  26.4   200   402   565   773   488   796 0.78 -
GCA_003402215.1|PVP01_1224700|PVP01_1224700.1|unknown -           1088 4609at5820           -            472   0.00037   17.6   1.3   1   2    0.0019         1    6.3   0.2    83   188   241   345   237   356 0.74 -
GCA_003402215.1|PVP01_1224700|PVP01_1224700.1|unknown -           1088 4609at5820           -            472   0.00037   17.6   1.3   2   2   0.00015     0.082    9.9   0.1   332   386   429   483   415   516 0.87 -
GCA_003402215.1|PVP01_0410400|PVP01_0410400.1|unknown -            302 4609at5820           -            472   0.00045   17.3   6.5   1   2   1.7e-05    0.0093   13.0   0.5    93   149    58   114    43   133 0.71 -
GCA_003402215.1|PVP01_0410400|PVP01_0410400.1|unknown -            302 4609at5820           -            472   0.00045   17.3   6.5   2   2    0.0008      0.42    7.5   0.8    15   156   135   280   130   295 0.78 -
GCA_003402215.1|PVP01_0811700|PVP01_0811700.1|unknown -            543 4609at5820           -            472     0.047   10.7  55.2   1   4   1.1e-05     0.006   13.6   0.8    13    93    44   123    36   124 0.82 -
GCA_003402215.1|PVP01_0811700|PVP01_0811700.1|unknown -            543 4609at5820           -            472     0.047   10.7  55.2   2   4   6.8e-06    0.0036   14.3  23.6   234   394   116   281   110   297 0.84 -
GCA_003402215.1|PVP01_0811700|PVP01_0811700.1|unknown -            543 4609at5820           -            472     0.047   10.7  55.2   3   4       2.1   1.1e+03   -3.8   5.7   333   371   323   361   301   402 0.72 -
GCA_003402215.1|PVP01_0811700|PVP01_0811700.1|unknown -            543 4609at5820           -            472     0.047   10.7  55.2   4   4     0.014       7.4    3.4   4.1   334   377   489   534   467   542 0.79 -
GCA_003402215.1|PVP01_0408700|PVP01_0408700.1|unknown -           1155 4609at5820           -            472      0.66    6.9   7.8   1   3     0.016       8.7    3.2   0.1    46   105   107   168   101   174 0.85 -
GCA_003402215.1|PVP01_0408700|PVP01_0408700.1|unknown -           1155 4609at5820           -            472      0.66    6.9   7.8   2   3     0.077        41    1.0   0.2   345   376   638   669   617   682 0.81 -
GCA_003402215.1|PVP01_0408700|PVP01_0408700.1|unknown -           1155 4609at5820           -            472      0.66    6.9   7.8   3   3    0.0037         2    5.3   0.6    53   125   847   916   834   970 0.76 -
GCA_003402215.1|PVP01_0942700|PVP01_0942700.1|unknown -            735 4609at5820           -            472       1.6    5.7  16.1   1   2    0.0003      0.16    8.9   4.8   349   415   251   317   237   330 0.78 -
GCA_003402215.1|PVP01_0942700|PVP01_0942700.1|unknown -            735 4609at5820           -            472       1.6    5.7  16.1   2   2     0.039        21    2.0   2.8    69   161   469   558   460   591 0.68 -
GCA_003402215.1|PVP01_1140700|PVP01_1140700.1|unknown -           1228 4609at5820           -            472       2.2    5.2  25.7   1   6      0.73   3.9e+02   -2.2   0.1    92   120    93   124    83   137 0.51 -
GCA_003402215.1|PVP01_1140700|PVP01_1140700.1|unknown -           1228 4609at5820           -            472       2.2    5.2  25.7   2   6     0.017       9.2    3.1   0.1    52    90   185   223   182   238 0.75 -
GCA_003402215.1|PVP01_1140700|PVP01_1140700.1|unknown -           1228 4609at5820           -            472       2.2    5.2  25.7   3   6    0.0025       1.3    5.9   3.4   235   273   366   406   357   416 0.76 -
GCA_003402215.1|PVP01_1140700|PVP01_1140700.1|unknown -           1228 4609at5820           -            472       2.2    5.2  25.7   4   6     0.014       7.5    3.4   1.1    67   152   424   514   409   523 0.66 -
GCA_003402215.1|PVP01_1140700|PVP01_1140700.1|unknown -           1228 4609at5820           -            472       2.2    5.2  25.7   5   6     0.078        42    1.0   0.1    59   124   561   633   553   659 0.52 -
GCA_003402215.1|PVP01_1140700|PVP01_1140700.1|unknown -           1228 4609at5820           -            472       2.2    5.2  25.7   6   6     0.017         9    3.1   0.1   100   329   731   779   723   796 0.52 -
#
# Program:         hmmsearch
# Version:         3.4 (Aug 2023)
# Pipeline mode:   SEARCH
# Query file:      /v3/work/00_inventory/busco/busco_downloads/lineages/plasmodium_odb10/hmms/4609at5820.hmm
# Target file:     /v3/inputs/annotations/plasmodb-68/PvSY56.proteins.fa
# Option settings: hmmsearch --domtblout /v3/work/00_inventory/busco/PvSY56_proteins/run_plasmodium_odb10/hmmer_output/initial_run_results/4609at5820.out --cpu 1 /v3/work/00_inventory/busco/busco_downloads/lineages/plasmodium_odb10/hmms/4609at5820.hmm /v3/inputs/annotations/plasmodb-68/PvSY56.proteins.fa 
# Current dir:     /v3/work/00_inventory/busco
# Date:            Tue May 19 18:13:18 2026
# [ok]
