#                                                                                                             --- full sequence --- -------------- this domain -------------   hmm coord   ali coord   env coord
# target name                                         accession   tlen query name           accession   qlen   E-value  score  bias   #  of  c-Evalue  i-Evalue  score  bias  from    to  from    to  from    to  acc description of target
#                                 ------------------- ---------- ----- -------------------- ---------- ----- --------- ------ ----- --- --- --------- --------- ------ ----- ----- ----- ----- ----- ----- ----- ---- ---------------------
GCA_003402215.1|PVP01_0944200|PVP01_0944200.1|unknown -            994 4693at5820           -            548  2.4e-204  678.3  52.8   1   5   1.1e-24     8e-22   75.9   0.1     5    79     8   101     5   104 0.83 -
GCA_003402215.1|PVP01_0944200|PVP01_0944200.1|unknown -            994 4693at5820           -            548  2.4e-204  678.3  52.8   2   5     1e-52   7.6e-50  168.4  11.9    99   227   232   379   183   386 0.82 -
GCA_003402215.1|PVP01_0944200|PVP01_0944200.1|unknown -            994 4693at5820           -            548  2.4e-204  678.3  52.8   3   5   5.9e-46   4.5e-43  146.0   7.6   204   320   438   562   426   569 0.85 -
GCA_003402215.1|PVP01_0944200|PVP01_0944200.1|unknown -            994 4693at5820           -            548  2.4e-204  678.3  52.8   4   5   5.1e-36   3.9e-33  113.2   2.0   327   425   679   788   670   791 0.89 -
GCA_003402215.1|PVP01_0944200|PVP01_0944200.1|unknown -            994 4693at5820           -            548  2.4e-204  678.3  52.8   5   5     8e-60   6.1e-57  191.8   4.1   424   548   846   976   840   976 0.96 -
GCA_003402215.1|PVP01_1115300|PVP01_1115300.1|unknown -            479 4693at5820           -            548   1.4e-17   61.9  21.0   1   3   1.3e-14   9.8e-12   42.6   8.4    51   200     4   159     2   232 0.81 -
GCA_003402215.1|PVP01_1115300|PVP01_1115300.1|unknown -            479 4693at5820           -            548   1.4e-17   61.9  21.0   2   3   0.00045      0.34    7.8   0.3   162   196   242   276   217   281 0.86 -
GCA_003402215.1|PVP01_1115300|PVP01_1115300.1|unknown -            479 4693at5820           -            548   1.4e-17   61.9  21.0   3   3   2.8e-07   0.00021   18.4   1.5   116   212   305   407   300   453 0.81 -
GCA_003402215.1|PVP01_0938400|PVP01_0938400.1|unknown -            451 4693at5820           -            548   9.3e-16   55.9  11.6   1   3   1.7e-07   0.00013   19.1   0.3    84   193    68   186    58   192 0.71 -
GCA_003402215.1|PVP01_0938400|PVP01_0938400.1|unknown -            451 4693at5820           -            548   9.3e-16   55.9  11.6   2   3   1.3e-10     1e-07   29.4   0.1   119   196   216   300   204   307 0.84 -
GCA_003402215.1|PVP01_0938400|PVP01_0938400.1|unknown -            451 4693at5820           -            548   9.3e-16   55.9  11.6   3   3   1.6e-05     0.012   12.6   1.9   115   160   325   373   304   410 0.50 -
GCA_003402215.1|PVP01_0111900|PVP01_0111900.1|unknown -            723 4693at5820           -            548   2.8e-13   47.7  11.9   1   3    0.0004       0.3    8.0   0.3   118   178    40   110    32   120 0.67 -
GCA_003402215.1|PVP01_0111900|PVP01_0111900.1|unknown -            723 4693at5820           -            548   2.8e-13   47.7  11.9   2   3     7e-12   5.3e-09   33.6   4.1   115   259   212   361   209   365 0.79 -
GCA_003402215.1|PVP01_0111900|PVP01_0111900.1|unknown -            723 4693at5820           -            548   2.8e-13   47.7  11.9   3   3   0.00084      0.64    6.9   0.0   111   142   377   410   362   420 0.62 -
GCA_003402215.1|PVP01_1025500|PVP01_1025500.1|unknown -           1719 4693at5820           -            548     1e-11   42.6   0.4   1   3   7.8e-08   5.9e-05   20.2   0.1   120   198    52   137    46   146 0.80 -
GCA_003402215.1|PVP01_1025500|PVP01_1025500.1|unknown -           1719 4693at5820           -            548     1e-11   42.6   0.4   2   3    0.0062       4.7    4.0   0.0   118   144   231   257   221   262 0.82 -
GCA_003402215.1|PVP01_1025500|PVP01_1025500.1|unknown -           1719 4693at5820           -            548     1e-11   42.6   0.4   3   3   4.4e-06    0.0034   14.4   0.0   117   202   312   395   309   412 0.85 -
GCA_003402215.1|PVP01_0936000|PVP01_0936000.1|unknown -            987 4693at5820           -            548   7.7e-07   26.4  24.5   1   4     2e-05     0.015   12.2   2.7   111   197    29   120    15   137 0.75 -
GCA_003402215.1|PVP01_0936000|PVP01_0936000.1|unknown -            987 4693at5820           -            548   7.7e-07   26.4  24.5   2   4   0.00011     0.082    9.8   0.1   113   137   135   158   123   171 0.81 -
GCA_003402215.1|PVP01_0936000|PVP01_0936000.1|unknown -            987 4693at5820           -            548   7.7e-07   26.4  24.5   3   4   5.1e-05     0.039   10.9   9.1   154   281   280   400   260   442 0.68 -
GCA_003402215.1|PVP01_0936000|PVP01_0936000.1|unknown -            987 4693at5820           -            548   7.7e-07   26.4  24.5   4   4       1.7   1.3e+03   -4.0   0.0   262   277   795   810   792   815 0.83 -
GCA_003402215.1|PVP01_0718300|PVP01_0718300.1|unknown -           2667 4693at5820           -            548   4.9e-05   20.5  16.2   1   4   7.6e-07   0.00058   16.9   0.5   112   197    82   168    66   170 0.84 -
GCA_003402215.1|PVP01_0718300|PVP01_0718300.1|unknown -           2667 4693at5820           -            548   4.9e-05   20.5  16.2   2   4   0.00057      0.43    7.5   0.3   126   192   236   311   219   317 0.70 -
GCA_003402215.1|PVP01_0718300|PVP01_0718300.1|unknown -           2667 4693at5820           -            548   4.9e-05   20.5  16.2   3   4   0.00018      0.14    9.1   4.2   117   216   283   385   277   413 0.77 -
GCA_003402215.1|PVP01_0718300|PVP01_0718300.1|unknown -           2667 4693at5820           -            548   4.9e-05   20.5  16.2   4   4     0.094        71    0.1   2.4   159   201   388   435   365   438 0.76 -
#
# Program:         hmmsearch
# Version:         3.4 (Aug 2023)
# Pipeline mode:   SEARCH
# Query file:      /v3/work/00_inventory/busco/busco_downloads/lineages/plasmodium_odb10/hmms/4693at5820.hmm
# Target file:     /v3/inputs/annotations/plasmodb-68/PvSY56.proteins.fa
# Option settings: hmmsearch --domtblout /v3/work/00_inventory/busco/PvSY56_proteins/run_plasmodium_odb10/hmmer_output/initial_run_results/4693at5820.out --cpu 1 /v3/work/00_inventory/busco/busco_downloads/lineages/plasmodium_odb10/hmms/4693at5820.hmm /v3/inputs/annotations/plasmodb-68/PvSY56.proteins.fa 
# Current dir:     /v3/work/00_inventory/busco
# Date:            Tue May 19 18:13:30 2026
# [ok]
