#                                                                                                             --- full sequence --- -------------- this domain -------------   hmm coord   ali coord   env coord
# target name                                         accession   tlen query name           accession   qlen   E-value  score  bias   #  of  c-Evalue  i-Evalue  score  bias  from    to  from    to  from    to  acc description of target
#                                 ------------------- ---------- ----- -------------------- ---------- ----- --------- ------ ----- --- --- --------- --------- ------ ----- ----- ----- ----- ----- ----- ----- ---- ---------------------
GCA_003402215.1|PVP01_0933000|PVP01_0933000.1|unknown -            543 4696at5820           -            156  4.8e-103  339.8   3.0   1   1  1.5e-105    9e-103  339.0   3.0     1   156    21   177    21   177 0.99 -
GCA_003402215.1|PVP01_0819900|PVP01_0819900.1|unknown -            535 4696at5820           -            156   4.9e-35  118.9   6.1   1   1     2e-37   1.2e-34  117.7   6.1     2   156    35   191    34   191 0.94 -
GCA_003402215.1|PVP01_0832000|PVP01_0832000.1|unknown -            540 4696at5820           -            156   1.2e-34  117.6   2.3   1   1   4.1e-37   2.4e-34  116.7   2.3     2   153    31   185    30   188 0.91 -
GCA_003402215.1|PVP01_1447600|PVP01_1447600.1|unknown -            542 4696at5820           -            156   2.1e-34  116.8   1.9   1   2   3.6e-37   2.1e-34  116.8   1.9     2   156    27   181    26   181 0.96 -
GCA_003402215.1|PVP01_1447600|PVP01_1447600.1|unknown -            542 4696at5820           -            156   2.1e-34  116.8   1.9   2   2       2.3   1.4e+03   -2.7   0.0    20    43   279   302   268   334 0.67 -
GCA_003402215.1|PVP01_0833400|PVP01_0833400.1|unknown -            532 4696at5820           -            156   4.2e-34  115.9   0.2   1   1   1.6e-36   9.2e-34  114.8   0.2     5   154    31   189    27   191 0.87 -
GCA_003402215.1|PVP01_1114100|PVP01_1114100.1|unknown -            529 4696at5820           -            156   2.8e-30  103.5   3.2   1   1   1.3e-32   7.4e-30  102.1   3.2     2   153    29   180    28   183 0.93 -
GCA_003402215.1|PVP01_1140200|PVP01_1140200.1|unknown -            543 4696at5820           -            156   2.7e-18   64.5   1.3   1   1   1.5e-20   8.6e-18   62.9   1.3     4   146    27   173    24   183 0.85 -
GCA_003402215.1|PVP01_1450300|PVP01_1450300.1|unknown -            711 4696at5820           -            156   1.1e-10   39.8   1.4   1   4      0.18   1.1e+02    0.9   0.5   100   125    49    74    44    80 0.86 -
GCA_003402215.1|PVP01_1450300|PVP01_1450300.1|unknown -            711 4696at5820           -            156   1.1e-10   39.8   1.4   2   4   1.8e-13   1.1e-10   39.8   1.4     5   131    89   217    85   241 0.85 -
GCA_003402215.1|PVP01_1450300|PVP01_1450300.1|unknown -            711 4696at5820           -            156   1.1e-10   39.8   1.4   3   4      0.48   2.9e+02   -0.5   0.1    87   119   403   435   390   453 0.68 -
GCA_003402215.1|PVP01_1450300|PVP01_1450300.1|unknown -            711 4696at5820           -            156   1.1e-10   39.8   1.4   4   4       2.8   1.7e+03   -3.0   0.2    98   125   584   611   555   636 0.60 -
GCA_003402215.1|PVP01_0815700|PVP01_0815700.1|unknown -            607 4696at5820           -            156   4.6e-08   31.3   3.0   1   2   2.8e-10   1.6e-07   29.5   0.9     5   129    51   177    47   218 0.85 -
GCA_003402215.1|PVP01_0815700|PVP01_0815700.1|unknown -            607 4696at5820           -            156   4.6e-08   31.3   3.0   2   2      0.17     1e+02    1.0   0.0    87   131   315   358   310   365 0.80 -
#
# Program:         hmmsearch
# Version:         3.4 (Aug 2023)
# Pipeline mode:   SEARCH
# Query file:      /v3/work/00_inventory/busco/busco_downloads/lineages/plasmodium_odb10/hmms/4696at5820.hmm
# Target file:     /v3/inputs/annotations/plasmodb-68/PvSY56.proteins.fa
# Option settings: hmmsearch --domtblout /v3/work/00_inventory/busco/PvSY56_proteins/run_plasmodium_odb10/hmmer_output/initial_run_results/4696at5820.out --cpu 1 /v3/work/00_inventory/busco/busco_downloads/lineages/plasmodium_odb10/hmms/4696at5820.hmm /v3/inputs/annotations/plasmodb-68/PvSY56.proteins.fa 
# Current dir:     /v3/work/00_inventory/busco
# Date:            Tue May 19 18:13:31 2026
# [ok]
