#                                                                                                             --- full sequence --- -------------- this domain -------------   hmm coord   ali coord   env coord
# target name                                         accession   tlen query name           accession   qlen   E-value  score  bias   #  of  c-Evalue  i-Evalue  score  bias  from    to  from    to  from    to  acc description of target
#                                 ------------------- ---------- ----- -------------------- ---------- ----- --------- ------ ----- --- --- --------- --------- ------ ----- ----- ----- ----- ----- ----- ----- ---- ---------------------
GCA_003402215.1|PVP01_0409600|PVP01_0409600.1|unknown -            844 4771at5820           -            726  5.3e-164  545.5  12.8   1   2  2.3e-166  5.3e-164  545.5  12.8    78   523    96   596     4   605 0.74 -
GCA_003402215.1|PVP01_0409600|PVP01_0409600.1|unknown -            844 4771at5820           -            726  5.3e-164  545.5  12.8   2   2       1.1   2.5e+02   -2.1   2.9   523   537   637   651   621   665 0.47 -
GCA_003402215.1|PVP01_0620500|PVP01_0620500.1|unknown -            449 4771at5820           -            726   1.9e-05   21.4  16.4   1   1   1.2e-07   2.8e-05   20.8  16.4   422   537   246   363   118   368 0.58 -
GCA_003402215.1|PVP01_1219300|PVP01_1219300.1|unknown -            426 4771at5820           -            726      0.03   10.8   8.4   1   1   0.00018     0.041   10.4   8.4   364   520    12   168     9   190 0.42 -
GCA_003402215.1|PVP01_1409800|PVP01_1409800.1|unknown -            476 4771at5820           -            726     0.035   10.6   8.1   1   1   0.00022     0.052   10.0   8.1   455   538    71   150    39   154 0.43 -
GCA_003402215.1|PVP01_1424900|PVP01_1424900.1|unknown -            436 4771at5820           -            726     0.054   10.0  13.7   1   1   0.00032     0.075    9.5  13.7   418   547    80   211    72   215 0.55 -
GCA_003402215.1|PVP01_1411700|PVP01_1411700.1|unknown -            158 4771at5820           -            726     0.065    9.7  12.2   1   1   0.00025     0.058    9.9  12.2   452   521    87   155    18   158 0.62 -
GCA_003402215.1|PVP01_0107800|PVP01_0107800.1|unknown -            363 4771at5820           -            726      0.09    9.2  16.9   1   1   0.00051      0.12    8.9  16.9   370   521    13   210     8   267 0.39 -
GCA_003402215.1|PVP01_0806900|PVP01_0806900.1|unknown -            530 4771at5820           -            726     0.095    9.1  24.8   1   1   0.00056      0.13    8.7  24.8   370   496   386   512   365   529 0.43 -
GCA_003402215.1|PVP01_1427000|PVP01_1427000.1|unknown -            318 4771at5820           -            726      0.11    8.9  41.6   1   1   0.00068      0.16    8.4  41.6   401   532   108   240    68   257 0.27 -
GCA_003402215.1|PVP01_1326300|PVP01_1326300.1|unknown -           1012 4771at5820           -            726      0.12    8.8  18.9   1   2       1.2   2.8e+02   -2.3   1.3   282   302   404   424   369   469 0.45 -
GCA_003402215.1|PVP01_1326300|PVP01_1326300.1|unknown -           1012 4771at5820           -            726      0.12    8.8  18.9   2   2   5.8e-06    0.0013   15.3  10.4   417   517   660   759   554   778 0.60 -
GCA_003402215.1|PVP01_1306500|PVP01_1306500.1|unknown -            341 4771at5820           -            726      0.19    8.2  19.7   1   1    0.0011      0.26    7.7  19.7   391   510    69   178    38   221 0.34 -
GCA_003402215.1|PVP01_1147800|PVP01_1147800.1|unknown -            331 4771at5820           -            726      0.25    7.8  15.0   1   1    0.0013      0.29    7.5  15.0   400   518    80   194    38   245 0.50 -
GCA_003402215.1|PVP01_0208200|PVP01_0208200.1|unknown -            297 4771at5820           -            726      0.31    7.4  15.5   1   1    0.0018      0.41    7.1  15.5   389   469    69   142    42   189 0.36 -
GCA_003402215.1|PVP01_0720100|PVP01_0720100.1|unknown -           1662 4771at5820           -            726      0.96    5.8  28.8   1   3       3.2   7.5e+02   -3.7   0.0   508   558   247   299   218   304 0.56 -
GCA_003402215.1|PVP01_0720100|PVP01_0720100.1|unknown -           1662 4771at5820           -            726      0.96    5.8  28.8   2   3       1.6   3.6e+02   -2.7   0.0   537   552  1278  1293  1269  1295 0.78 -
GCA_003402215.1|PVP01_0720100|PVP01_0720100.1|unknown -           1662 4771at5820           -            726      0.96    5.8  28.8   3   3    0.0075       1.7    5.0  27.9   390   532  1505  1659  1470  1662 0.46 -
GCA_003402215.1|PVP01_0606900|PVP01_0606900.1|unknown -           5991 4771at5820           -            726         2    4.8  14.1   1   1     0.014       3.3    4.0  14.1   405   511  1908  2014  1864  2026 0.47 -
GCA_003402215.1|PVP01_0505300|PVP01_0505300.1|unknown -            216 4771at5820           -            726       2.3    4.6  28.4   1   1     0.013         3    4.2  28.4   387   534    17   171     5   183 0.42 -
GCA_003402215.1|PVP01_1461800|PVP01_1461800.1|unknown -            205 4771at5820           -            726       2.7    4.3  35.9   1   1     0.015       3.5    4.0  35.9   392   516    51   175    19   201 0.29 -
GCA_003402215.1|PVP01_1444900|PVP01_1444900.1|unknown -            683 4771at5820           -            726         3    4.2  22.6   1   2     0.033       7.6    2.9  19.8   376   538     7   186     1   190 0.45 -
GCA_003402215.1|PVP01_1444900|PVP01_1444900.1|unknown -            683 4771at5820           -            726         3    4.2  22.6   2   2     0.077        18    1.6   0.0   580   631   415   462   409   468 0.76 -
GCA_003402215.1|PVP01_1440900|PVP01_1440900.1|unknown -            193 4771at5820           -            726       3.7    3.9  14.1   1   1      0.02       4.5    3.6  14.1   421   519     9   109     2   131 0.33 -
GCA_003402215.1|PVP01_1236600|PVP01_1236600.1|unknown -            191 4771at5820           -            726       6.2    3.2  29.4   1   1     0.036       8.4    2.7  29.4   362   523    44   184     1   190 0.36 -
GCA_003402215.1|PVP01_0919900|PVP01_0919900.1|unknown -            316 4771at5820           -            726       6.8    3.0  16.5   1   1      0.04       9.2    2.6  16.5   367   499   173   302   169   314 0.37 -
GCA_003402215.1|PVP01_0529000|PVP01_0529000.1|unknown -            295 4771at5820           -            726         8    2.8  57.7   1   1     0.045        10    2.4  57.7   400   527   165   292   125   295 0.51 -
GCA_003402215.1|PVP01_1218000|PVP01_1218000.1|unknown -            139 4771at5820           -            726       8.2    2.8  19.6   1   1     0.038       8.8    2.7  19.6   467   528    78   135    40   139 0.40 -
#
# Program:         hmmsearch
# Version:         3.4 (Aug 2023)
# Pipeline mode:   SEARCH
# Query file:      /v3/work/00_inventory/busco/busco_downloads/lineages/plasmodium_odb10/hmms/4771at5820.hmm
# Target file:     /v3/inputs/annotations/plasmodb-68/PvSY56.proteins.fa
# Option settings: hmmsearch --domtblout /v3/work/00_inventory/busco/PvSY56_proteins/run_plasmodium_odb10/hmmer_output/initial_run_results/4771at5820.out --cpu 1 /v3/work/00_inventory/busco/busco_downloads/lineages/plasmodium_odb10/hmms/4771at5820.hmm /v3/inputs/annotations/plasmodb-68/PvSY56.proteins.fa 
# Current dir:     /v3/work/00_inventory/busco
# Date:            Tue May 19 18:13:54 2026
# [ok]
