#                                                                                                             --- full sequence --- -------------- this domain -------------   hmm coord   ali coord   env coord
# target name                                         accession   tlen query name           accession   qlen   E-value  score  bias   #  of  c-Evalue  i-Evalue  score  bias  from    to  from    to  from    to  acc description of target
#                                 ------------------- ---------- ----- -------------------- ---------- ----- --------- ------ ----- --- --- --------- --------- ------ ----- ----- ----- ----- ----- ----- ----- ---- ---------------------
GCA_003402215.1|PVP01_0709200|PVP01_0709200.1|unknown -            637 4838at5820           -            434  3.5e-215  713.0  18.3   1   4   3.1e-07   0.00023   18.3   0.1     1    30    13    47    13    53 0.91 -
GCA_003402215.1|PVP01_0709200|PVP01_0709200.1|unknown -            637 4838at5820           -            434  3.5e-215  713.0  18.3   2   4   2.7e-77     2e-74  249.1   2.8    25   155    80   212    73   218 0.95 -
GCA_003402215.1|PVP01_0709200|PVP01_0709200.1|unknown -            637 4838at5820           -            434  3.5e-215  713.0  18.3   3   4     4e-78     3e-75  251.9   0.3   179   320   301   447   295   451 0.95 -
GCA_003402215.1|PVP01_0709200|PVP01_0709200.1|unknown -            637 4838at5820           -            434  3.5e-215  713.0  18.3   4   4   2.1e-63   1.6e-60  203.3   0.2   317   434   516   637   506   637 0.94 -
GCA_003402215.1|PVP01_0309200|PVP01_0309200.1|unknown -            414 4838at5820           -            434   3.2e-16   57.4   5.5   1   1   1.3e-18     1e-15   55.7   5.4   159   426   143   407   132   414 0.76 -
GCA_003402215.1|PVP01_1326200|PVP01_1326200.1|unknown -            503 4838at5820           -            434   8.7e-15   52.6   0.0   1   2     9e-05     0.068   10.1   0.0   125   234   145   247   125   251 0.78 -
GCA_003402215.1|PVP01_1326200|PVP01_1326200.1|unknown -            503 4838at5820           -            434   8.7e-15   52.6   0.0   2   2   8.3e-14   6.3e-11   39.9   0.0   318   423   392   498   358   502 0.90 -
GCA_003402215.1|PVP01_1336400|PVP01_1336400.1|unknown -            376 4838at5820           -            434   1.3e-12   45.5   0.0   1   2    0.0046       3.5    4.5   0.0   104   162    76   134    66   225 0.89 -
GCA_003402215.1|PVP01_1336400|PVP01_1336400.1|unknown -            376 4838at5820           -            434   1.3e-12   45.5   0.0   2   2   1.4e-13   1.1e-10   39.1   0.0   323   425   275   373   268   376 0.84 -
GCA_003402215.1|PVP01_0911500|PVP01_0911500.1|unknown -            378 4838at5820           -            434   2.4e-09   34.7   0.1   1   1   7.2e-11   5.4e-08   30.2   0.1   321   423   266   369    92   376 0.82 -
GCA_003402215.1|PVP01_1463200|PVP01_1463200.1|unknown -            323 4838at5820           -            434   9.6e-08   29.4   0.0   1   2     0.028        21    1.9   0.0   105   161    78   134    67   226 0.86 -
GCA_003402215.1|PVP01_1463200|PVP01_1463200.1|unknown -            323 4838at5820           -            434   9.6e-08   29.4   0.0   2   2   2.2e-09   1.6e-06   25.4   0.0   322   367   274   319   267   322 0.90 -
GCA_003402215.1|PVP01_0315000|PVP01_0315000.1|unknown -            866 4838at5820           -            434   6.1e-05   20.2   1.8   1   2       1.1   8.3e+02   -3.3   0.1   187   228   454   491   433   530 0.51 -
GCA_003402215.1|PVP01_0315000|PVP01_0315000.1|unknown -            866 4838at5820           -            434   6.1e-05   20.2   1.8   2   2   8.1e-08   6.1e-05   20.2   1.8   317   419   764   863   755   865 0.85 -
#
# Program:         hmmsearch
# Version:         3.4 (Aug 2023)
# Pipeline mode:   SEARCH
# Query file:      /v3/work/00_inventory/busco/busco_downloads/lineages/plasmodium_odb10/hmms/4838at5820.hmm
# Target file:     /v3/inputs/annotations/plasmodb-68/PvSY56.proteins.fa
# Option settings: hmmsearch --domtblout /v3/work/00_inventory/busco/PvSY56_proteins/run_plasmodium_odb10/hmmer_output/initial_run_results/4838at5820.out --cpu 1 /v3/work/00_inventory/busco/busco_downloads/lineages/plasmodium_odb10/hmms/4838at5820.hmm /v3/inputs/annotations/plasmodb-68/PvSY56.proteins.fa 
# Current dir:     /v3/work/00_inventory/busco
# Date:            Tue May 19 18:09:57 2026
# [ok]
