#                                                                                                             --- full sequence --- -------------- this domain -------------   hmm coord   ali coord   env coord
# target name                                         accession   tlen query name           accession   qlen   E-value  score  bias   #  of  c-Evalue  i-Evalue  score  bias  from    to  from    to  from    to  acc description of target
#                                 ------------------- ---------- ----- -------------------- ---------- ----- --------- ------ ----- --- --- --------- --------- ------ ----- ----- ----- ----- ----- ----- ----- ---- ---------------------
GCA_003402215.1|PVP01_0830100|PVP01_0830100.1|unknown -            609 5210at5820           -            448  1.7e-280  928.4   7.7   1   1  2.2e-282  2.2e-280  928.1   7.7     3   448   137   603   135   603 0.97 -
GCA_003402215.1|PVP01_1216900|PVP01_1216900.1|unknown -            598 5210at5820           -            448  7.8e-119  395.6  22.7   1   2   1.5e-74   1.5e-72  243.1   4.8    18   214   108   317    98   323 0.92 -
GCA_003402215.1|PVP01_1216900|PVP01_1216900.1|unknown -            598 5210at5820           -            448  7.8e-119  395.6  22.7   2   2   7.7e-49   7.6e-47  158.3   9.9   211   447   349   591   344   592 0.91 -
GCA_003402215.1|PVP01_0313300|PVP01_0313300.1|unknown -            529 5210at5820           -            448   4.7e-86  287.6  17.4   1   1   7.7e-88   7.6e-86  286.9  17.4    34   447    74   520    42   521 0.82 -
GCA_003402215.1|PVP01_0407500|PVP01_0407500.1|unknown -            526 5210at5820           -            448   5.3e-81  270.9  24.0   1   1   1.5e-82   1.5e-80  269.4  24.0    36   447    61   514    44   515 0.81 -
GCA_003402215.1|PVP01_0923700|PVP01_0923700.1|unknown -           2079 5210at5820           -            448   9.6e-52  174.5   5.8   1   2    0.0025      0.25    8.3   0.1   352   412    67   128    12   161 0.69 -
GCA_003402215.1|PVP01_0923700|PVP01_0923700.1|unknown -           2079 5210at5820           -            448   9.6e-52  174.5   5.8   2   2   1.2e-51   1.2e-49  167.5   1.8    27   273  1579  1843  1568  1865 0.87 -
GCA_003402215.1|PVP01_1457000|PVP01_1457000.1|unknown -            508 5210at5820           -            448   2.4e-48  163.3   7.5   1   1   3.1e-50   3.1e-48  162.9   7.5    27   299   108   391    84   473 0.85 -
GCA_003402215.1|PVP01_1252700|PVP01_1252700.1|unknown -            868 5210at5820           -            448   1.2e-42  144.5  11.3   1   1   1.9e-44   1.8e-42  143.9  11.3    34   333   484   803   472   817 0.82 -
GCA_003402215.1|PVP01_1312900|PVP01_1312900.1|unknown -            854 5210at5820           -            448   7.5e-42  141.8   0.1   1   2       6.5   6.4e+02   -2.9   0.2    76   128    46   100    37   110 0.65 -
GCA_003402215.1|PVP01_1312900|PVP01_1312900.1|unknown -            854 5210at5820           -            448   7.5e-42  141.8   0.1   2   2   7.7e-44   7.5e-42  141.8   0.1    33   263   544   786   532   808 0.84 -
GCA_003402215.1|PVP01_1416000|PVP01_1416000.1|unknown -            372 5210at5820           -            448   4.6e-34  116.2   5.9   1   1     7e-36   6.9e-34  115.6   5.9    32   271   109   361    86   365 0.83 -
GCA_003402215.1|PVP01_0831000|PVP01_0831000.1|unknown -           1640 5210at5820           -            448   3.9e-33  113.1   0.5   1   1   5.4e-35   5.3e-33  112.7   0.5    28   263  1370  1625  1363  1629 0.81 -
GCA_003402215.1|PVP01_1424400|PVP01_1424400.1|unknown -            514 5210at5820           -            448   1.4e-32  111.3   5.8   1   2   1.6e-17   1.5e-15   55.1   3.1    65   156   247   342   228   353 0.87 -
GCA_003402215.1|PVP01_1424400|PVP01_1424400.1|unknown -            514 5210at5820           -            448   1.4e-32  111.3   5.8   2   2   6.2e-18   6.1e-16   56.5   0.0   157   275   391   511   375   513 0.84 -
GCA_003402215.1|PVP01_1115000|PVP01_1115000.1|unknown -            288 5210at5820           -            448   3.3e-30  103.5   0.1   1   2   9.7e-28   9.6e-26   88.8   0.0    35   226     8   213     1   231 0.81 -
GCA_003402215.1|PVP01_1115000|PVP01_1115000.1|unknown -            288 5210at5820           -            448   3.3e-30  103.5   0.1   2   2   9.8e-05    0.0096   12.9   0.0   243   273   256   286   250   288 0.90 -
GCA_003402215.1|PVP01_0905700|PVP01_0905700.1|unknown -           1299 5210at5820           -            448   1.1e-29  101.8  11.6   1   2   1.4e-18   1.4e-16   58.6   8.5    48   156   286   402   277   407 0.81 -
GCA_003402215.1|PVP01_0905700|PVP01_0905700.1|unknown -           1299 5210at5820           -            448   1.1e-29  101.8  11.6   2   2   3.8e-14   3.7e-12   44.0   0.0   177   276   534   641   526   653 0.83 -
GCA_003402215.1|PVP01_1143600|PVP01_1143600.1|unknown -            354 5210at5820           -            448   1.8e-28   97.8   0.6   1   1   3.3e-30   3.2e-28   96.9   0.6    16   271    19   307     8   314 0.78 -
GCA_003402215.1|PVP01_0527200|PVP01_0527200.1|unknown -            625 5210at5820           -            448   6.4e-28   95.9   2.8   1   2   2.1e-24   2.1e-22   77.8   3.3    36   222   285   491   270   534 0.77 -
GCA_003402215.1|PVP01_0527200|PVP01_0527200.1|unknown -            625 5210at5820           -            448   6.4e-28   95.9   2.8   2   2   1.4e-05    0.0014   15.7   0.0   240   273   551   584   507   594 0.89 -
GCA_003402215.1|PVP01_1317900|PVP01_1317900.1|unknown -            810 5210at5820           -            448   8.3e-28   95.6   2.3   1   2     2e-24     2e-22   77.8   0.8    36   226    25   236    17   249 0.76 -
GCA_003402215.1|PVP01_1317900|PVP01_1317900.1|unknown -            810 5210at5820           -            448   8.3e-28   95.6   2.3   2   2   5.7e-06   0.00056   17.0   0.0   221   273   259   311   253   325 0.83 -
GCA_003402215.1|PVP01_1265700|PVP01_1265700.1|unknown -           2535 5210at5820           -            448   1.4e-27   94.8   1.7   1   1     1e-28     1e-26   92.0   1.7    35   330   123   454   112   460 0.76 -
GCA_003402215.1|PVP01_0422000|PVP01_0422000.1|unknown -           2109 5210at5820           -            448   1.3e-25   88.3   3.1   1   1   2.1e-27   2.1e-25   87.6   3.1    62   277  1703  1930  1687  1943 0.77 -
GCA_003402215.1|PVP01_1115100|PVP01_1115100.1|unknown -           4021 5210at5820           -            448   2.4e-25   87.4   1.8   1   1   4.6e-27   4.5e-25   86.5   1.8    37   279  1200  1454  1188  1459 0.78 -
GCA_003402215.1|PVP01_0909200|PVP01_0909200.1|unknown -            335 5210at5820           -            448   2.5e-25   87.4   7.5   1   2     2e-23     2e-21   74.5   5.1    35   226    47   249    33   267 0.81 -
GCA_003402215.1|PVP01_0909200|PVP01_0909200.1|unknown -            335 5210at5820           -            448   2.5e-25   87.4   7.5   2   2   8.4e-05    0.0083   13.2   0.0   241   272   298   329   282   333 0.89 -
GCA_003402215.1|PVP01_0814500|PVP01_0814500.1|unknown -            325 5210at5820           -            448   3.1e-24   83.8  13.9   1   2   3.7e-22   3.6e-20   70.4  10.9    30   223     9   235     3   240 0.78 -
GCA_003402215.1|PVP01_0814500|PVP01_0814500.1|unknown -            325 5210at5820           -            448   3.1e-24   83.8  13.9   2   2   0.00075     0.073   10.0   0.0   228   271   265   308   258   312 0.80 -
GCA_003402215.1|PVP01_0314900|PVP01_0314900.1|unknown -            310 5210at5820           -            448   3.5e-24   83.6   4.1   1   1   4.5e-26   4.5e-24   83.3   4.1    36   290     9   279     3   282 0.80 -
GCA_003402215.1|PVP01_1007900|PVP01_1007900.1|unknown -            288 5210at5820           -            448   1.9e-22   77.9   0.6   1   1   2.4e-24   2.4e-22   77.6   0.6    36   251    17   246    12   279 0.70 -
GCA_003402215.1|PVP01_0915400|PVP01_0915400.1|unknown -            708 5210at5820           -            448   4.1e-22   76.8   6.4   1   2   1.1e-19   1.1e-17   62.2   4.2    17   234   359   597   352   609 0.78 -
GCA_003402215.1|PVP01_0915400|PVP01_0915400.1|unknown -            708 5210at5820           -            448   4.1e-22   76.8   6.4   2   2   3.3e-05    0.0032   14.5   0.0   243   276   668   701   645   706 0.83 -
GCA_003402215.1|PVP01_0922500|PVP01_0922500.1|unknown -            600 5210at5820           -            448   4.4e-22   76.7  14.8   1   3   2.6e-16   2.5e-14   51.1   3.4    69   168    77   184    39   192 0.76 -
GCA_003402215.1|PVP01_0922500|PVP01_0922500.1|unknown -            600 5210at5820           -            448   4.4e-22   76.7  14.8   2   3       1.9   1.8e+02   -1.2   1.2    49    91   321   364   314   380 0.77 -
GCA_003402215.1|PVP01_0922500|PVP01_0922500.1|unknown -            600 5210at5820           -            448   4.4e-22   76.7  14.8   3   3   9.3e-11   9.2e-09   32.8   0.1   177   314   386   528   373   552 0.82 -
GCA_003402215.1|PVP01_1202200|PVP01_1202200.1|unknown -            423 5210at5820           -            448   2.3e-21   74.3  20.7   1   1     4e-23     4e-21   73.5  20.7    60   422    57   407    43   413 0.85 -
GCA_003402215.1|PVP01_1217600|PVP01_1217600.1|unknown -            208 5210at5820           -            448   1.3e-19   68.5   0.0   1   1   1.1e-20   1.1e-18   65.5   0.0   129   273    29   198    11   203 0.75 -
GCA_003402215.1|PVP01_1446500|PVP01_1446500.1|unknown -           1008 5210at5820           -            448     2e-18   64.6   3.0   1   1   9.7e-20   9.6e-18   62.4   3.0    36   270    20   297    11   301 0.75 -
GCA_003402215.1|PVP01_1315300|PVP01_1315300.1|unknown -            149 5210at5820           -            448   2.4e-18   64.4   1.5   1   1   2.8e-20   2.7e-18   64.2   1.5   311   447     6   143     1   144 0.77 -
GCA_003402215.1|PVP01_0521800|PVP01_0521800.1|unknown -           1612 5210at5820           -            448   5.9e-18   63.1   1.3   1   3    0.0066      0.65    6.9   0.5    35    93   666   726   643   731 0.78 -
GCA_003402215.1|PVP01_0521800|PVP01_0521800.1|unknown -           1612 5210at5820           -            448   5.9e-18   63.1   1.3   2   3   1.4e-14   1.4e-12   45.4   0.0   123   226   903  1015   894  1029 0.85 -
GCA_003402215.1|PVP01_0521800|PVP01_0521800.1|unknown -           1612 5210at5820           -            448   5.9e-18   63.1   1.3   3   3    0.0043      0.42    7.5   0.0   242   273  1072  1103  1052  1118 0.91 -
GCA_003402215.1|PVP01_0118800|PVP01_0118800.1|unknown -            816 5210at5820           -            448   6.7e-17   59.6   1.0   1   1   9.3e-19   9.1e-17   59.2   1.0    35   233   504   720   478   759 0.74 -
GCA_003402215.1|PVP01_0104700|PVP01_0104700.1|unknown -           1294 5210at5820           -            448     1e-16   59.0  13.0   1   2     1e-16     1e-14   52.4   7.1    43   172   753   891   735   912 0.84 -
GCA_003402215.1|PVP01_0104700|PVP01_0104700.1|unknown -           1294 5210at5820           -            448     1e-16   59.0  13.0   2   2    0.0012      0.11    9.4   0.3   177   218  1139  1182  1132  1285 0.71 -
GCA_003402215.1|PVP01_0828800|PVP01_0828800.1|unknown -           3037 5210at5820           -            448   3.5e-15   54.0   1.6   1   1   5.2e-17   5.2e-15   53.4   1.6    84   275   219   438   141   447 0.75 -
GCA_003402215.1|PVP01_1257000|PVP01_1257000.1|unknown -            388 5210at5820           -            448   2.2e-14   51.3   6.6   1   1   2.9e-16   2.8e-14   51.0   6.6    36   194    47   227    18   233 0.75 -
GCA_003402215.1|PVP01_0413200|PVP01_0413200.1|unknown -           1025 5210at5820           -            448   2.9e-14   50.9   0.8   1   1   5.5e-16   5.4e-14   50.0   0.8    37   214   797   997   782  1007 0.76 -
GCA_003402215.1|PVP01_1300900|PVP01_1300900.1|unknown -            296 5210at5820           -            448   3.9e-14   50.5   4.9   1   1   5.4e-16   5.3e-14   50.1   4.5    69   262    65   271    52   289 0.79 -
GCA_003402215.1|PVP01_0827800|PVP01_0827800.1|unknown -            372 5210at5820           -            448   6.8e-14   49.7   1.0   1   1   9.4e-16   9.2e-14   49.3   1.0    35   201   122   308   113   311 0.73 -
GCA_003402215.1|PVP01_0945900|PVP01_0945900.1|unknown -           1818 5210at5820           -            448   1.5e-13   48.6   0.1   1   1   2.4e-15   2.4e-13   47.9   0.1    35   276    81   344    66   358 0.77 -
GCA_003402215.1|PVP01_1125700|PVP01_1125700.1|unknown -           2212 5210at5820           -            448   7.4e-13   46.3   4.1   1   1   1.7e-14   1.7e-12   45.1   4.1    53   266  1977  2202  1958  2209 0.78 -
GCA_003402215.1|PVP01_0411500|PVP01_0411500.1|unknown -            344 5210at5820           -            448   1.1e-12   45.8   0.4   1   1   1.1e-13   1.1e-11   42.4   0.4    58   272    74   323    53   331 0.65 -
GCA_003402215.1|PVP01_1416900|PVP01_1416900.1|unknown -            341 5210at5820           -            448   3.3e-12   44.1   1.7   1   1   9.9e-14   9.8e-12   42.6   1.7    36   218    35   242    25   254 0.67 -
GCA_003402215.1|PVP01_1464600|PVP01_1464600.1|unknown -            779 5210at5820           -            448   3.9e-12   43.9   8.8   1   1   2.3e-13   2.3e-11   41.4   8.7    34   232    27   258    16   292 0.71 -
GCA_003402215.1|PVP01_0921900|PVP01_0921900.1|unknown -           1608 5210at5820           -            448   8.9e-11   39.4   7.0   1   2   8.9e-06   0.00088   16.4   0.3    31   113   196   275   180   288 0.84 -
GCA_003402215.1|PVP01_0921900|PVP01_0921900.1|unknown -           1608 5210at5820           -            448   8.9e-11   39.4   7.0   2   2   1.2e-08   1.2e-06   25.8   1.7   126   332   367   591   357   596 0.72 -
GCA_003402215.1|PVP01_1264000|PVP01_1264000.1|unknown -           1310 5210at5820           -            448   3.4e-10   37.5   5.2   1   3   7.9e-05    0.0077   13.3   0.6    86   154   920   993   908  1004 0.82 -
GCA_003402215.1|PVP01_1264000|PVP01_1264000.1|unknown -           1310 5210at5820           -            448   3.4e-10   37.5   5.2   2   3   0.00011      0.01   12.8   0.0   159   208  1085  1138  1068  1151 0.79 -
GCA_003402215.1|PVP01_1264000|PVP01_1264000.1|unknown -           1310 5210at5820           -            448   3.4e-10   37.5   5.2   3   3   0.00031      0.03   11.3   0.0   246   275  1276  1305  1254  1308 0.87 -
GCA_003402215.1|PVP01_0513200|PVP01_0513200.1|unknown -            871 5210at5820           -            448   5.1e-09   33.6   4.6   1   2   3.1e-08   3.1e-06   24.5   0.4    37    99    41    99    32   117 0.74 -
GCA_003402215.1|PVP01_0513200|PVP01_0513200.1|unknown -            871 5210at5820           -            448   5.1e-09   33.6   4.6   2   2   0.00044     0.043   10.8   0.4   125   156   239   270   215   273 0.83 -
GCA_003402215.1|PVP01_1255300|PVP01_1255300.1|unknown -            177 5210at5820           -            448     6e-09   33.4   5.2   1   1   7.1e-11     7e-09   33.2   5.2   308   447    20   161     5   162 0.84 -
GCA_003402215.1|PVP01_0818800|PVP01_0818800.1|unknown -            327 5210at5820           -            448   3.7e-08   30.8   1.2   1   1   6.3e-10   6.2e-08   30.0   1.2    88   259    81   268    59   274 0.76 -
GCA_003402215.1|PVP01_1260400|PVP01_1260400.1|unknown -            168 5210at5820           -            448   8.6e-08   29.6   1.2   1   1   1.4e-09   1.3e-07   28.9   1.2   314   446    25   158    20   163 0.80 -
GCA_003402215.1|PVP01_1215800|PVP01_1215800.1|unknown -            977 5210at5820           -            448   5.7e-07   26.9   0.0   1   2    0.0021      0.21    8.5   0.0   125   171   596   644   578   702 0.79 -
GCA_003402215.1|PVP01_1215800|PVP01_1215800.1|unknown -            977 5210at5820           -            448   5.7e-07   26.9   0.0   2   2     1e-05     0.001   16.1   0.0   243   272   946   975   942   977 0.94 -
GCA_003402215.1|PVP01_0937400|PVP01_0937400.1|unknown -            323 5210at5820           -            448   2.3e-06   24.9   0.3   1   1   5.9e-08   5.8e-06   23.6   0.3    30   183     9   169     4   183 0.70 -
GCA_003402215.1|PVP01_0733500|PVP01_0733500.1|unknown -            229 5210at5820           -            448   5.5e-06   23.6   0.5   1   2     1e-06   9.9e-05   19.5   0.1    36   107    38   113    24   115 0.82 -
GCA_003402215.1|PVP01_0733500|PVP01_0733500.1|unknown -            229 5210at5820           -            448   5.5e-06   23.6   0.5   2   2     0.097       9.5    3.1   0.1   212   273   115   178   113   224 0.70 -
GCA_003402215.1|PVP01_1030400|PVP01_1030400.1|unknown -            815 5210at5820           -            448   8.1e-06   23.1   0.0   1   1   1.3e-07   1.3e-05   22.4   0.0    76   151    71   143    33   158 0.84 -
GCA_003402215.1|PVP01_0207800|PVP01_0207800.1|unknown -            133 5210at5820           -            448   0.00038   17.6   0.3   1   2       0.2        19    2.1   0.0   317   371    28    50    12    62 0.54 -
GCA_003402215.1|PVP01_0207800|PVP01_0207800.1|unknown -            133 5210at5820           -            448   0.00038   17.6   0.3   2   2   5.1e-05     0.005   13.9   0.1   359   401    87   131    80   133 0.81 -
GCA_003402215.1|PVP01_0612800|PVP01_0612800.1|unknown -            175 5210at5820           -            448    0.0007   16.7   2.8   1   2    0.0087      0.85    6.5   0.1   415   446    29    60    16    62 0.88 -
GCA_003402215.1|PVP01_0612800|PVP01_0612800.1|unknown -            175 5210at5820           -            448    0.0007   16.7   2.8   2   2   0.00046     0.045   10.7   0.3   319   371   110   166    99   172 0.54 -
#
# Program:         hmmsearch
# Version:         3.4 (Aug 2023)
# Pipeline mode:   SEARCH
# Query file:      /v3/work/00_inventory/busco/busco_downloads/lineages/plasmodium_odb10/hmms/5210at5820.hmm
# Target file:     /v3/inputs/annotations/plasmodb-68/PvSY56.proteins.fa
# Option settings: hmmsearch --domtblout /v3/work/00_inventory/busco/PvSY56_proteins/run_plasmodium_odb10/hmmer_output/initial_run_results/5210at5820.out --cpu 1 /v3/work/00_inventory/busco/busco_downloads/lineages/plasmodium_odb10/hmms/5210at5820.hmm /v3/inputs/annotations/plasmodb-68/PvSY56.proteins.fa 
# Current dir:     /v3/work/00_inventory/busco
# Date:            Tue May 19 18:12:00 2026
# [ok]
