#                                                                                                             --- full sequence --- -------------- this domain -------------   hmm coord   ali coord   env coord
# target name                                         accession   tlen query name           accession   qlen   E-value  score  bias   #  of  c-Evalue  i-Evalue  score  bias  from    to  from    to  from    to  acc description of target
#                                 ------------------- ---------- ----- -------------------- ---------- ----- --------- ------ ----- --- --- --------- --------- ------ ----- ----- ----- ----- ----- ----- ----- ---- ---------------------
GCA_003402215.1|PVP01_1260500|PVP01_1260500.1|unknown -           3026 535at5820            -           2186         0 1166.7 164.2   1   4  1.7e-172  1.8e-169  564.1  49.5     1   335     1   400     1   411 0.89 -
GCA_003402215.1|PVP01_1260500|PVP01_1260500.1|unknown -           3026 535at5820            -           2186         0 1166.7 164.2   2   4   7.6e-39   8.1e-36  120.9  22.8   330   474   420   591   417   603 0.84 -
GCA_003402215.1|PVP01_1260500|PVP01_1260500.1|unknown -           3026 535at5820            -           2186         0 1166.7 164.2   3   4   3.5e-11   3.7e-08   29.2  20.5   446   551   617   753   609   759 0.76 -
GCA_003402215.1|PVP01_1260500|PVP01_1260500.1|unknown -           3026 535at5820            -           2186         0 1166.7 164.2   4   4  2.4e-143  2.5e-140  467.5  47.4   551  1179   788  1665   779  1687 0.81 -
GCA_003402215.1|PVP01_1147800|PVP01_1147800.1|unknown -            331 535at5820            -           2186     0.013   10.7  12.7   1   1   1.5e-05     0.016   10.5  12.7  1081  1258    71   256    15   272 0.62 -
GCA_003402215.1|PVP01_1427000|PVP01_1427000.1|unknown -            318 535at5820            -           2186       0.2    6.9  29.6   1   1   0.00025      0.27    6.4  29.6  1516  1641   136   268    71   308 0.55 -
GCA_003402215.1|PVP01_1024700|PVP01_1024700.1|unknown -            143 535at5820            -           2186         1    4.5  12.6   1   1    0.0012       1.3    4.2  12.6  1499  1579    37   113    28   135 0.41 -
GCA_003402215.1|PVP01_1030800|PVP01_1030800.1|unknown -            413 535at5820            -           2186       1.4    4.1  16.6   1   1    0.0018         2    3.6  16.6  1479  1583   259   365   252   406 0.41 -
#
# Program:         hmmsearch
# Version:         3.4 (Aug 2023)
# Pipeline mode:   SEARCH
# Query file:      /v3/work/00_inventory/busco/busco_downloads/lineages/plasmodium_odb10/hmms/535at5820.hmm
# Target file:     /v3/inputs/annotations/plasmodb-68/PvSY56.proteins.fa
# Option settings: hmmsearch --domtblout /v3/work/00_inventory/busco/PvSY56_proteins/run_plasmodium_odb10/hmmer_output/initial_run_results/535at5820.out --cpu 1 /v3/work/00_inventory/busco/busco_downloads/lineages/plasmodium_odb10/hmms/535at5820.hmm /v3/inputs/annotations/plasmodb-68/PvSY56.proteins.fa 
# Current dir:     /v3/work/00_inventory/busco
# Date:            Tue May 19 18:12:51 2026
# [ok]
