#                                                                                                             --- full sequence --- -------------- this domain -------------   hmm coord   ali coord   env coord
# target name                                         accession   tlen query name           accession   qlen   E-value  score  bias   #  of  c-Evalue  i-Evalue  score  bias  from    to  from    to  from    to  acc description of target
#                                 ------------------- ---------- ----- -------------------- ---------- ----- --------- ------ ----- --- --- --------- --------- ------ ----- ----- ----- ----- ----- ----- ----- ---- ---------------------
GCA_003402215.1|PVP01_1329100|PVP01_1329100.1|unknown -            557 5494at5820           -            442  9.9e-258  853.4  16.4   1   2   3.1e-74   2.8e-71  238.9   0.4     1   117    47   170    47   176 0.96 -
GCA_003402215.1|PVP01_1329100|PVP01_1329100.1|unknown -            557 5494at5820           -            442  9.9e-258  853.4  16.4   2   2  2.1e-189  1.9e-186  618.5  10.0   116   442   195   557   192   557 0.95 -
GCA_003402215.1|PVP01_0722300|PVP01_0722300.1|unknown -            547 5494at5820           -            442   2.9e-64  215.8   0.0   1   2   4.7e-38   4.2e-35  119.7   0.0     3   274    47   366    45   370 0.78 -
GCA_003402215.1|PVP01_0722300|PVP01_0722300.1|unknown -            547 5494at5820           -            442   2.9e-64  215.8   0.0   2   2   2.4e-30   2.1e-27   94.3   0.0   297   437   370   525   364   528 0.85 -
GCA_003402215.1|PVP01_1450400|PVP01_1450400.1|unknown -            512 5494at5820           -            442   3.6e-30  103.4  10.1   1   1   6.6e-32   5.8e-29   99.5  10.1     3   434    25   498    23   506 0.72 -
GCA_003402215.1|PVP01_0519400|PVP01_0519400.1|unknown -            626 5494at5820           -            442   1.4e-16   58.7  10.2   1   3   1.2e-11     1e-08   32.7   0.7     3    68   105   173   103   229 0.81 -
GCA_003402215.1|PVP01_0519400|PVP01_0519400.1|unknown -            626 5494at5820           -            442   1.4e-16   58.7  10.2   2   3    0.0002      0.18    8.9   2.1   119   172   263   319   198   333 0.78 -
GCA_003402215.1|PVP01_0519400|PVP01_0519400.1|unknown -            626 5494at5820           -            442   1.4e-16   58.7  10.2   3   3   1.3e-07   0.00012   19.4   0.0   224   360   438   581   432   588 0.76 -
GCA_003402215.1|PVP01_0316100|PVP01_0316100.1|unknown -            686 5494at5820           -            442     0.001   16.2   0.2   1   2     0.024        22    2.0   0.0   151   174   384   407   370   419 0.83 -
GCA_003402215.1|PVP01_0316100|PVP01_0316100.1|unknown -            686 5494at5820           -            442     0.001   16.2   0.2   2   2   3.5e-05     0.031   11.4   0.1   227   331   499   596   483   627 0.73 -
GCA_003402215.1|PVP01_1461100|PVP01_1461100.1|unknown -            811 5494at5820           -            442     0.014   12.5   0.2   1   1   2.8e-05     0.025   11.7   0.2     3    49    75   125    73   137 0.76 -
#
# Program:         hmmsearch
# Version:         3.4 (Aug 2023)
# Pipeline mode:   SEARCH
# Query file:      /v3/work/00_inventory/busco/busco_downloads/lineages/plasmodium_odb10/hmms/5494at5820.hmm
# Target file:     /v3/inputs/annotations/plasmodb-68/PvSY56.proteins.fa
# Option settings: hmmsearch --domtblout /v3/work/00_inventory/busco/PvSY56_proteins/run_plasmodium_odb10/hmmer_output/initial_run_results/5494at5820.out --cpu 1 /v3/work/00_inventory/busco/busco_downloads/lineages/plasmodium_odb10/hmms/5494at5820.hmm /v3/inputs/annotations/plasmodb-68/PvSY56.proteins.fa 
# Current dir:     /v3/work/00_inventory/busco
# Date:            Tue May 19 18:13:34 2026
# [ok]
