#                                                                                                             --- full sequence --- -------------- this domain -------------   hmm coord   ali coord   env coord
# target name                                         accession   tlen query name           accession   qlen   E-value  score  bias   #  of  c-Evalue  i-Evalue  score  bias  from    to  from    to  from    to  acc description of target
#                                 ------------------- ---------- ----- -------------------- ---------- ----- --------- ------ ----- --- --- --------- --------- ------ ----- ----- ----- ----- ----- ----- ----- ---- ---------------------
GCA_003402215.1|PVP01_1225200|PVP01_1225200.1|unknown -            528 5505at5820           -            448  1.2e-282  935.4  11.0   1   2  1.7e-128  5.2e-126  419.2   0.1     9   200    18   209    13   254 0.94 -
GCA_003402215.1|PVP01_1225200|PVP01_1225200.1|unknown -            528 5505at5820           -            448  1.2e-282  935.4  11.0   2   2  1.1e-158  3.5e-156  518.6   6.7   196   448   265   528   259   528 0.97 -
GCA_003402215.1|PVP01_0204400|PVP01_0204400.1|unknown -            447 5505at5820           -            448   3.4e-44  149.5   5.4   1   2     2e-26   6.3e-24   82.7   1.9    17   199    46   224    31   234 0.86 -
GCA_003402215.1|PVP01_0204400|PVP01_0204400.1|unknown -            447 5505at5820           -            448   3.4e-44  149.5   5.4   2   2     4e-22   1.3e-19   68.5   0.1   245   445   231   432   223   434 0.83 -
GCA_003402215.1|PVP01_1316200|PVP01_1316200.1|unknown -            461 5505at5820           -            448   2.3e-27   94.0  16.7   1   2   1.1e-20   3.3e-18   63.8   7.8     8   224    22   227    14   240 0.86 -
GCA_003402215.1|PVP01_1316200|PVP01_1316200.1|unknown -            461 5505at5820           -            448   2.3e-27   94.0  16.7   2   2   4.1e-12   1.3e-09   35.5   1.5   266   385   342   455   325   459 0.84 -
GCA_003402215.1|PVP01_1210900|PVP01_1210900.1|unknown -            648 5505at5820           -            448   3.2e-10   37.5   3.1   1   4      0.62   1.9e+02   -1.3   2.0   233   361   161   294    44   300 0.59 -
GCA_003402215.1|PVP01_1210900|PVP01_1210900.1|unknown -            648 5505at5820           -            448   3.2e-10   37.5   3.1   2   4   0.00089      0.28    8.1   3.8   138   216   253   332   246   337 0.67 -
GCA_003402215.1|PVP01_1210900|PVP01_1210900.1|unknown -            648 5505at5820           -            448   3.2e-10   37.5   3.1   3   4     1e-12   3.2e-10   37.5   3.1   261   400   431   564   423   576 0.85 -
GCA_003402215.1|PVP01_1210900|PVP01_1210900.1|unknown -            648 5505at5820           -            448   3.2e-10   37.5   3.1   4   4     0.032        10    2.9   0.5   371   423   579   631   574   646 0.83 -
GCA_003402215.1|PVP01_1458200|PVP01_1458200.1|unknown -            472 5505at5820           -            448   2.9e-08   31.1   2.1   1   1   1.7e-10   5.2e-08   30.2   2.1   278   390   184   292   165   305 0.87 -
GCA_003402215.1|PVP01_1439900|PVP01_1439900.1|unknown -            430 5505at5820           -            448   7.7e-08   29.7   4.9   1   1   3.6e-10   1.1e-07   29.1   4.9   260   426   243   402   217   416 0.85 -
GCA_003402215.1|PVP01_0704300|PVP01_0704300.1|unknown -           1013 5505at5820           -            448   9.3e-08   29.4  16.0   1   2     2e-08   6.3e-06   23.4  11.7   119   394     5   271     2   281 0.81 -
GCA_003402215.1|PVP01_0704300|PVP01_0704300.1|unknown -           1013 5505at5820           -            448   9.3e-08   29.4  16.0   2   2     0.069        22    1.8   0.1   255   303   676   726   654   737 0.84 -
GCA_003402215.1|PVP01_0410800|PVP01_0410800.1|unknown -           1527 5505at5820           -            448   1.5e-07   28.7   3.8   1   1   8.3e-10   2.6e-07   27.9   3.1   259   403   188   334   162   370 0.86 -
GCA_003402215.1|PVP01_0511500|PVP01_0511500.1|unknown -            324 5505at5820           -            448   2.2e-06   24.9  12.7   1   4    0.0007      0.22    8.4   0.5   307   391    32   115    22   119 0.87 -
GCA_003402215.1|PVP01_0511500|PVP01_0511500.1|unknown -            324 5505at5820           -            448   2.2e-06   24.9  12.7   2   4   0.00031     0.098    9.6   0.3   354   387   121   152   114   165 0.78 -
GCA_003402215.1|PVP01_0511500|PVP01_0511500.1|unknown -            324 5505at5820           -            448   2.2e-06   24.9  12.7   3   4   0.00053      0.17    8.8   0.1   196   219   211   234   199   243 0.90 -
GCA_003402215.1|PVP01_0511500|PVP01_0511500.1|unknown -            324 5505at5820           -            448   2.2e-06   24.9  12.7   4   4    0.0073       2.3    5.0   0.1   318   380   260   319   236   324 0.75 -
GCA_003402215.1|PVP01_1207800|PVP01_1207800.1|unknown -            363 5505at5820           -            448   2.7e-06   24.6   1.8   1   2   8.8e-09   2.7e-06   24.6   1.8   267   390    20   147     5   171 0.75 -
GCA_003402215.1|PVP01_1207800|PVP01_1207800.1|unknown -            363 5505at5820           -            448   2.7e-06   24.6   1.8   2   2      0.25        77    0.0   0.2   284   349   191   254   164   309 0.69 -
GCA_003402215.1|PVP01_1455700|PVP01_1455700.1|unknown -            516 5505at5820           -            448   2.8e-06   24.5   4.5   1   2     5e-06    0.0015   15.5   0.8   310   388   291   369   279   380 0.82 -
GCA_003402215.1|PVP01_1455700|PVP01_1455700.1|unknown -            516 5505at5820           -            448   2.8e-06   24.5   4.5   2   2   0.00021     0.066   10.1   0.1   281   342   394   460   379   486 0.81 -
GCA_003402215.1|PVP01_1023200|PVP01_1023200.1|unknown -            647 5505at5820           -            448   3.5e-06   24.2   8.6   1   2   3.8e-05     0.012   12.6   2.1   265   386   408   522   392   535 0.81 -
GCA_003402215.1|PVP01_1023200|PVP01_1023200.1|unknown -            647 5505at5820           -            448   3.5e-06   24.2   8.6   2   2   1.6e-08   4.9e-06   23.7   1.4   266   385   493   605   486   622 0.87 -
GCA_003402215.1|PVP01_1448900|PVP01_1448900.1|unknown -            596 5505at5820           -            448   8.8e-06   22.9   5.6   1   2   6.3e-08     2e-05   21.7   1.3   214   347     5   141     2   155 0.79 -
GCA_003402215.1|PVP01_1448900|PVP01_1448900.1|unknown -            596 5505at5820           -            448   8.8e-06   22.9   5.6   2   2      0.03       9.4    3.0   0.2   331   400   203   282   191   305 0.62 -
GCA_003402215.1|PVP01_1141000|PVP01_1141000.1|unknown -            361 5505at5820           -            448   9.1e-06   22.8   0.1   1   1   4.2e-08   1.3e-05   22.3   0.1   278   367   204   290   183   326 0.83 -
GCA_003402215.1|PVP01_1468300|PVP01_1468300.1|unknown -            543 5505at5820           -            448   2.4e-05   21.4   2.2   1   3   2.8e-05    0.0087   13.0   0.0   342   395    19    72     6    78 0.83 -
GCA_003402215.1|PVP01_1468300|PVP01_1468300.1|unknown -            543 5505at5820           -            448   2.4e-05   21.4   2.2   2   3    0.0045       1.4    5.7   0.5   305   350    76   122    70   181 0.66 -
GCA_003402215.1|PVP01_1468300|PVP01_1468300.1|unknown -            543 5505at5820           -            448   2.4e-05   21.4   2.2   3   3      0.19        58    0.4   0.2   290   419   149   290   138   298 0.63 -
GCA_003402215.1|PVP01_0618600|PVP01_0618600.1|unknown -            733 5505at5820           -            448    0.0012   15.8   4.5   1   1   6.7e-06    0.0021   15.1   4.5   282   440   167   334   115   340 0.72 -
GCA_003402215.1|PVP01_0611600|PVP01_0611600.1|unknown -            647 5505at5820           -            448    0.0058   13.6   0.3   1   2     0.025       7.9    3.3   0.0   313   344   351   382   346   394 0.83 -
GCA_003402215.1|PVP01_0611600|PVP01_0611600.1|unknown -            647 5505at5820           -            448    0.0058   13.6   0.3   2   2   5.3e-05     0.017   12.1   0.2   277   384   361   461   356   468 0.85 -
#
# Program:         hmmsearch
# Version:         3.4 (Aug 2023)
# Pipeline mode:   SEARCH
# Query file:      /v3/work/00_inventory/busco/busco_downloads/lineages/plasmodium_odb10/hmms/5505at5820.hmm
# Target file:     /v3/inputs/annotations/plasmodb-68/PvSY56.proteins.fa
# Option settings: hmmsearch --domtblout /v3/work/00_inventory/busco/PvSY56_proteins/run_plasmodium_odb10/hmmer_output/initial_run_results/5505at5820.out --cpu 1 /v3/work/00_inventory/busco/busco_downloads/lineages/plasmodium_odb10/hmms/5505at5820.hmm /v3/inputs/annotations/plasmodb-68/PvSY56.proteins.fa 
# Current dir:     /v3/work/00_inventory/busco
# Date:            Tue May 19 18:13:43 2026
# [ok]
