#                                                                                                             --- full sequence --- -------------- this domain -------------   hmm coord   ali coord   env coord
# target name                                         accession   tlen query name           accession   qlen   E-value  score  bias   #  of  c-Evalue  i-Evalue  score  bias  from    to  from    to  from    to  acc description of target
#                                 ------------------- ---------- ----- -------------------- ---------- ----- --------- ------ ----- --- --- --------- --------- ------ ----- ----- ----- ----- ----- ----- ----- ---- ---------------------
GCA_003402215.1|PVP01_1444900|PVP01_1444900.1|unknown -            683 5553at5820           -            506  1.8e-262  869.7  54.2   1   4   6.7e-06    0.0071   13.3   5.4     5    35    14    46     1    61 0.67 -
GCA_003402215.1|PVP01_1444900|PVP01_1444900.1|unknown -            683 5553at5820           -            506  1.8e-262  869.7  54.2   2   4     3e-36   3.2e-33  113.4  12.6    38   135    93   198    47   201 0.84 -
GCA_003402215.1|PVP01_1444900|PVP01_1444900.1|unknown -            683 5553at5820           -            506  1.8e-262  869.7  54.2   3   4   2.6e-20   2.8e-17   60.8   0.2   135   179   278   332   271   341 0.91 -
GCA_003402215.1|PVP01_1444900|PVP01_1444900.1|unknown -            683 5553at5820           -            506  1.8e-262  869.7  54.2   4   4  4.4e-213  4.7e-210  696.8  16.6   176   505   354   683   351   683 0.99 -
GCA_003402215.1|PVP01_0507600|PVP01_0507600.1|unknown -            322 5553at5820           -            506   9.8e-10   35.9   7.3   1   3      0.23   2.5e+02   -1.7   0.0   335   360    26    54    17    60 0.59 -
GCA_003402215.1|PVP01_0507600|PVP01_0507600.1|unknown -            322 5553at5820           -            506   9.8e-10   35.9   7.3   2   3   6.7e-11   7.1e-08   29.8   0.1   287   359    69   144    60   154 0.74 -
GCA_003402215.1|PVP01_0507600|PVP01_0507600.1|unknown -            322 5553at5820           -            506   9.8e-10   35.9   7.3   3   3   0.00013      0.14    9.0   1.3   303   443   175   319   169   322 0.67 -
GCA_003402215.1|PVP01_0511500|PVP01_0511500.1|unknown -            324 5553at5820           -            506   5.3e-07   26.9   9.1   1   2   3.6e-06    0.0038   14.2   3.4   272   363    73   156    33   171 0.73 -
GCA_003402215.1|PVP01_0511500|PVP01_0511500.1|unknown -            324 5553at5820           -            506   5.3e-07   26.9   9.1   2   2   1.5e-06    0.0016   15.4   0.3   303   436   179   319   172   323 0.74 -
GCA_003402215.1|PVP01_0618600|PVP01_0618600.1|unknown -            733 5553at5820           -            506     2e-05   21.7   0.2   1   3    0.0017       1.8    5.4   6.1   234   376    95   243    79   262 0.70 -
GCA_003402215.1|PVP01_0618600|PVP01_0618600.1|unknown -            733 5553at5820           -            506     2e-05   21.7   0.2   2   3   1.9e-08     2e-05   21.7   0.2   232   275   301   345   275   365 0.86 -
GCA_003402215.1|PVP01_0618600|PVP01_0618600.1|unknown -            733 5553at5820           -            506     2e-05   21.7   0.2   3   3       1.7   1.8e+03   -4.5   0.8    52    98   628   674   601   690 0.57 -
GCA_003402215.1|PVP01_1439900|PVP01_1439900.1|unknown -            430 5553at5820           -            506   0.00038   17.5   1.5   1   1   5.7e-07   0.00061   16.8   1.5   297   380   303   391   277   423 0.71 -
#
# Program:         hmmsearch
# Version:         3.4 (Aug 2023)
# Pipeline mode:   SEARCH
# Query file:      /v3/work/00_inventory/busco/busco_downloads/lineages/plasmodium_odb10/hmms/5553at5820.hmm
# Target file:     /v3/inputs/annotations/plasmodb-68/PvSY56.proteins.fa
# Option settings: hmmsearch --domtblout /v3/work/00_inventory/busco/PvSY56_proteins/run_plasmodium_odb10/hmmer_output/initial_run_results/5553at5820.out --cpu 1 /v3/work/00_inventory/busco/busco_downloads/lineages/plasmodium_odb10/hmms/5553at5820.hmm /v3/inputs/annotations/plasmodb-68/PvSY56.proteins.fa 
# Current dir:     /v3/work/00_inventory/busco
# Date:            Tue May 19 18:13:59 2026
# [ok]
