#                                                                                                             --- full sequence --- -------------- this domain -------------   hmm coord   ali coord   env coord
# target name                                         accession   tlen query name           accession   qlen   E-value  score  bias   #  of  c-Evalue  i-Evalue  score  bias  from    to  from    to  from    to  acc description of target
#                                 ------------------- ---------- ----- -------------------- ---------- ----- --------- ------ ----- --- --- --------- --------- ------ ----- ----- ----- ----- ----- ----- ----- ---- ---------------------
GCA_003402215.1|PVP01_0807000|PVP01_0807000.1|unknown -            633 5653at5820           -            431  1.9e-227  753.8  49.1   1   4   6.1e-26   3.2e-23   80.8   1.8     1    65     5    76     5    80 0.93 -
GCA_003402215.1|PVP01_0807000|PVP01_0807000.1|unknown -            633 5653at5820           -            431  1.9e-227  753.8  49.1   2   4   4.6e-48   2.4e-45  153.7   6.2    62   156   181   275   153   284 0.93 -
GCA_003402215.1|PVP01_0807000|PVP01_0807000.1|unknown -            633 5653at5820           -            431  1.9e-227  753.8  49.1   3   4    7e-135  3.7e-132  439.8   8.8   152   378   295   523   286   526 0.97 -
GCA_003402215.1|PVP01_0807000|PVP01_0807000.1|unknown -            633 5653at5820           -            431  1.9e-227  753.8  49.1   4   4   4.4e-31   2.3e-28   97.8   8.8   371   431   572   633   564   633 0.92 -
GCA_003402215.1|PVP01_1004000|PVP01_1004000.1|unknown -            284 5653at5820           -            431   6.4e-10   37.0   1.5   1   1   2.2e-12   1.2e-09   36.1   1.5   373   429   223   280   208   282 0.90 -
GCA_003402215.1|PVP01_0613300|PVP01_0613300.1|unknown -            272 5653at5820           -            431   2.8e-08   31.6   1.0   1   1   7.2e-11   3.8e-08   31.1   1.0   365   427   198   261   148   264 0.83 -
GCA_003402215.1|PVP01_0825400|PVP01_0825400.1|unknown -           1211 5653at5820           -            431   8.5e-06   23.4   5.0   1   1   2.8e-08   1.5e-05   22.6   5.0   374   429  1152  1208  1127  1210 0.81 -
GCA_003402215.1|PVP01_0804000|PVP01_0804000.1|unknown -           1204 5653at5820           -            431   0.00019   18.9   0.3   1   1   5.4e-07   0.00029   18.4   0.3   375   429   362   421   321   423 0.77 -
GCA_003402215.1|PVP01_1343100|PVP01_1343100.1|unknown -            695 5653at5820           -            431   0.00077   17.0   8.6   1   1     3e-06    0.0016   15.9   8.6   383   427   643   690   607   693 0.71 -
GCA_003402215.1|PVP01_1125000|PVP01_1125000.1|unknown -             89 5653at5820           -            431     0.004   14.6   9.3   1   1   8.2e-06    0.0044   14.5   9.3   379   428    30    80     7    82 0.77 -
GCA_003402215.1|PVP01_1122200|PVP01_1122200.1|unknown -            532 5653at5820           -            431    0.0048   14.4   5.0   1   1   1.3e-05    0.0068   13.9   5.0   369   429   361   418   339   420 0.69 -
GCA_003402215.1|PVP01_1130100|PVP01_1130100.1|unknown -            822 5653at5820           -            431     0.023   12.1   0.1   1   1   6.9e-05     0.037   11.4   0.1   227   303   115   190   110   196 0.84 -
GCA_003402215.1|PVP01_0821100|PVP01_0821100.1|unknown -            108 5653at5820           -            431       1.5    6.1   7.0   1   2      0.15        82    0.4   0.2   366   400    13    46     2    53 0.69 -
GCA_003402215.1|PVP01_0821100|PVP01_0821100.1|unknown -            108 5653at5820           -            431       1.5    6.1   7.0   2   2   0.00057      0.31    8.4   2.2   392   423    62    95    48   100 0.83 -
#
# Program:         hmmsearch
# Version:         3.4 (Aug 2023)
# Pipeline mode:   SEARCH
# Query file:      /v3/work/00_inventory/busco/busco_downloads/lineages/plasmodium_odb10/hmms/5653at5820.hmm
# Target file:     /v3/inputs/annotations/plasmodb-68/PvSY56.proteins.fa
# Option settings: hmmsearch --domtblout /v3/work/00_inventory/busco/PvSY56_proteins/run_plasmodium_odb10/hmmer_output/initial_run_results/5653at5820.out --cpu 1 /v3/work/00_inventory/busco/busco_downloads/lineages/plasmodium_odb10/hmms/5653at5820.hmm /v3/inputs/annotations/plasmodb-68/PvSY56.proteins.fa 
# Current dir:     /v3/work/00_inventory/busco
# Date:            Tue May 19 18:14:32 2026
# [ok]
