#                                                                                                             --- full sequence --- -------------- this domain -------------   hmm coord   ali coord   env coord
# target name                                         accession   tlen query name           accession   qlen   E-value  score  bias   #  of  c-Evalue  i-Evalue  score  bias  from    to  from    to  from    to  acc description of target
#                                 ------------------- ---------- ----- -------------------- ---------- ----- --------- ------ ----- --- --- --------- --------- ------ ----- ----- ----- ----- ----- ----- ----- ---- ---------------------
GCA_003402215.1|PVP01_0305300|PVP01_0305300.1|unknown -            749 6055at5820           -            595  2.7e-232  770.7  48.0   1   2  8.1e-140  2.5e-137  457.1  39.7     1   416     1   525     1   535 0.84 -
GCA_003402215.1|PVP01_0305300|PVP01_0305300.1|unknown -            749 6055at5820           -            595  2.7e-232  770.7  48.0   2   2   1.7e-95   5.3e-93  310.7   1.2   433   594   578   743   551   744 0.96 -
GCA_003402215.1|PVP01_1024700|PVP01_1024700.1|unknown -            143 6055at5820           -            595    0.0047   13.7  18.4   1   1   1.5e-05    0.0048   13.6  18.4   272   359    42   128     7   137 0.54 -
GCA_003402215.1|PVP01_1144600|PVP01_1144600.1|unknown -            709 6055at5820           -            595     0.094    9.3   2.9   1   1   0.00069      0.22    8.2   2.9   282   332   288   334   272   348 0.49 -
GCA_003402215.1|PVP01_0526300|PVP01_0526300.1|unknown -           2277 6055at5820           -            595      0.11    9.2  12.9   1   1   0.00055      0.17    8.5  12.9   296   365    88   158    64   238 0.52 -
GCA_003402215.1|PVP01_1409800|PVP01_1409800.1|unknown -            476 6055at5820           -            595      0.13    8.9  10.8   1   1   0.00062      0.19    8.3  10.8   306   374    68   139    44   199 0.48 -
GCA_003402215.1|PVP01_1005900|PVP01_1005900.1|unknown -            667 6055at5820           -            595      0.18    8.5  23.9   1   1    0.0011      0.34    7.5  23.9   301   410    50   157    29   187 0.36 -
GCA_003402215.1|PVP01_0422900|PVP01_0422900.1|unknown -            286 6055at5820           -            595      0.19    8.3  30.1   1   1   0.00077      0.24    8.0  30.1   296   420    91   214    63   255 0.43 -
GCA_003402215.1|PVP01_0620500|PVP01_0620500.1|unknown -            449 6055at5820           -            595       0.3    7.7  32.1   1   1    0.0019      0.61    6.7  32.1   258   401   245   394   224   430 0.45 -
GCA_003402215.1|PVP01_0905400|PVP01_0905400.1|unknown -            676 6055at5820           -            595      0.97    6.0  45.9   1   2    0.0001     0.033   10.9  14.1   285   373   205   288   196   355 0.48 -
GCA_003402215.1|PVP01_0905400|PVP01_0905400.1|unknown -            676 6055at5820           -            595      0.97    6.0  45.9   2   2      0.11        35    0.9  23.8   286   374   434   516   429   542 0.34 -
GCA_003402215.1|PVP01_1024000|PVP01_1024000.1|unknown -            785 6055at5820           -            595       1.5    5.4  58.3   1   2     0.004       1.3    5.6  23.1   308   396   257   338   243   360 0.34 -
GCA_003402215.1|PVP01_1024000|PVP01_1024000.1|unknown -            785 6055at5820           -            595       1.5    5.4  58.3   2   2    0.0046       1.4    5.4  27.3   286   371   441   526   436   623 0.34 -
GCA_003402215.1|PVP01_1218000|PVP01_1218000.1|unknown -            139 6055at5820           -            595         2    4.9  32.9   1   1    0.0074       2.3    4.8  32.9   299   361    75   136    53   139 0.52 -
GCA_003402215.1|PVP01_1402200|PVP01_1402200.1|unknown -            393 6055at5820           -            595       2.5    4.6  30.0   1   1     0.015       4.7    3.8  30.0   318   444    76   204    37   243 0.46 -
GCA_003402215.1|PVP01_0930300|PVP01_0930300.1|unknown -           1022 6055at5820           -            595       4.6    3.8  29.4   1   2     0.013       4.1    3.9  11.5   303   374    24    94     8   121 0.65 -
GCA_003402215.1|PVP01_0930300|PVP01_0930300.1|unknown -           1022 6055at5820           -            595       4.6    3.8  29.4   2   2    0.0061       1.9    5.0   9.9   301   371   561   627   540   673 0.40 -
GCA_003402215.1|PVP01_1406800|PVP01_1406800.1|unknown -            547 6055at5820           -            595       7.8    3.0  37.4   1   1     0.044        14    2.2  37.4   271   415   129   267    98   285 0.47 -
GCA_003402215.1|PVP01_0531900|PVP01_0531900.1|unknown -            302 6055at5820           -            595       7.9    3.0  31.8   1   1     0.038        12    2.4  31.8   284   426   104   253    55   261 0.40 -
GCA_003402215.1|PVP01_1326300|PVP01_1326300.1|unknown -           1012 6055at5820           -            595       8.4    2.9  29.9   1   2      0.13        41    0.6   1.2   271   322   393   445   372   449 0.75 -
GCA_003402215.1|PVP01_1326300|PVP01_1326300.1|unknown -           1012 6055at5820           -            595       8.4    2.9  29.9   2   2    0.0019      0.59    6.7  21.5   303   351   709   758   657   802 0.53 -
GCA_003402215.1|PVP01_1344600|PVP01_1344600.1|unknown -            132 6055at5820           -            595       9.3    2.8  21.8   1   1     0.031       9.8    2.7  21.8   280   373    14    84     1   112 0.31 -
#
# Program:         hmmsearch
# Version:         3.4 (Aug 2023)
# Pipeline mode:   SEARCH
# Query file:      /v3/work/00_inventory/busco/busco_downloads/lineages/plasmodium_odb10/hmms/6055at5820.hmm
# Target file:     /v3/inputs/annotations/plasmodb-68/PvSY56.proteins.fa
# Option settings: hmmsearch --domtblout /v3/work/00_inventory/busco/PvSY56_proteins/run_plasmodium_odb10/hmmer_output/initial_run_results/6055at5820.out --cpu 1 /v3/work/00_inventory/busco/busco_downloads/lineages/plasmodium_odb10/hmms/6055at5820.hmm /v3/inputs/annotations/plasmodb-68/PvSY56.proteins.fa 
# Current dir:     /v3/work/00_inventory/busco
# Date:            Tue May 19 18:16:57 2026
# [ok]
