#                                                                                                             --- full sequence --- -------------- this domain -------------   hmm coord   ali coord   env coord
# target name                                         accession   tlen query name           accession   qlen   E-value  score  bias   #  of  c-Evalue  i-Evalue  score  bias  from    to  from    to  from    to  acc description of target
#                                 ------------------- ---------- ----- -------------------- ---------- ----- --------- ------ ----- --- --- --------- --------- ------ ----- ----- ----- ----- ----- ----- ----- ---- ---------------------
GCA_003402215.1|PVP01_1014300|PVP01_1014300.1|unknown -            744 6067at5820           -            491  3.9e-206  683.9  60.9   1   5  7.5e-164  5.7e-161  534.9  22.2     2   379    19   433    18   441 0.83 -
GCA_003402215.1|PVP01_1014300|PVP01_1014300.1|unknown -            744 6067at5820           -            491  3.9e-206  683.9  60.9   2   5         7   5.3e+03   -8.1  17.8   318   374   431   491   423   502 0.46 -
GCA_003402215.1|PVP01_1014300|PVP01_1014300.1|unknown -            744 6067at5820           -            491  3.9e-206  683.9  60.9   3   5     1e-15   7.6e-13   46.4   5.4   328   408   501   583   493   588 0.85 -
GCA_003402215.1|PVP01_1014300|PVP01_1014300.1|unknown -            744 6067at5820           -            491  3.9e-206  683.9  60.9   4   5   4.1e-11   3.1e-08   31.2   0.0   399   440   615   656   598   661 0.86 -
GCA_003402215.1|PVP01_1014300|PVP01_1014300.1|unknown -            744 6067at5820           -            491  3.9e-206  683.9  60.9   5   5   3.5e-29   2.6e-26   90.8   0.3   441   491   694   744   690   744 0.96 -
GCA_003402215.1|PVP01_1024000|PVP01_1024000.1|unknown -            785 6067at5820           -            491    0.0001   19.6   6.9   1   3   0.00028      0.21    8.6  12.9   326   419   257   354   231   364 0.48 -
GCA_003402215.1|PVP01_1024000|PVP01_1024000.1|unknown -            785 6067at5820           -            491    0.0001   19.6   6.9   2   3   1.3e-07    0.0001   19.6   6.9   265   382   381   496   380   505 0.62 -
GCA_003402215.1|PVP01_1024000|PVP01_1024000.1|unknown -            785 6067at5820           -            491    0.0001   19.6   6.9   3   3       1.8   1.3e+03   -3.9   0.4   328   345   590   607   570   653 0.48 -
GCA_003402215.1|PVP01_0722100|PVP01_0722100.1|unknown -            430 6067at5820           -            491     0.054   10.6  10.8   1   2   9.6e-06    0.0073   13.4   3.9   330   382    82   125    37   175 0.60 -
GCA_003402215.1|PVP01_0722100|PVP01_0722100.1|unknown -            430 6067at5820           -            491     0.054   10.6  10.8   2   2     0.042        32    1.4   0.6   331   385   221   276   209   297 0.46 -
GCA_003402215.1|PVP01_1344600|PVP01_1344600.1|unknown -            132 6067at5820           -            491      0.81    6.7  12.0   1   1    0.0013      0.95    6.5  12.0   315   400    19   102     3   124 0.47 -
GCA_003402215.1|PVP01_1024700|PVP01_1024700.1|unknown -            143 6067at5820           -            491       1.2    6.2  14.1   1   1    0.0019       1.4    5.9  14.1   307   390    35   118    29   135 0.60 -
GCA_003402215.1|PVP01_1005900|PVP01_1005900.1|unknown -            667 6067at5820           -            491       2.9    4.9  18.1   1   1    0.0066         5    4.1  18.1   319   400    40   131    27   185 0.38 -
GCA_003402215.1|PVP01_1466200|PVP01_1466200.1|unknown -            393 6067at5820           -            491       3.1    4.8  22.4   1   2     0.001      0.77    6.8   3.8   329   431    77   181    50   189 0.54 -
GCA_003402215.1|PVP01_1466200|PVP01_1466200.1|unknown -            393 6067at5820           -            491       3.1    4.8  22.4   2   2    0.0081       6.2    3.8  10.7   327   372   238   283   216   330 0.50 -
#
# Program:         hmmsearch
# Version:         3.4 (Aug 2023)
# Pipeline mode:   SEARCH
# Query file:      /v3/work/00_inventory/busco/busco_downloads/lineages/plasmodium_odb10/hmms/6067at5820.hmm
# Target file:     /v3/inputs/annotations/plasmodb-68/PvSY56.proteins.fa
# Option settings: hmmsearch --domtblout /v3/work/00_inventory/busco/PvSY56_proteins/run_plasmodium_odb10/hmmer_output/initial_run_results/6067at5820.out --cpu 1 /v3/work/00_inventory/busco/busco_downloads/lineages/plasmodium_odb10/hmms/6067at5820.hmm /v3/inputs/annotations/plasmodb-68/PvSY56.proteins.fa 
# Current dir:     /v3/work/00_inventory/busco
# Date:            Tue May 19 18:17:04 2026
# [ok]
