#                                                                                                             --- full sequence --- -------------- this domain -------------   hmm coord   ali coord   env coord
# target name                                         accession   tlen query name           accession   qlen   E-value  score  bias   #  of  c-Evalue  i-Evalue  score  bias  from    to  from    to  from    to  acc description of target
#                                 ------------------- ---------- ----- -------------------- ---------- ----- --------- ------ ----- --- --- --------- --------- ------ ----- ----- ----- ----- ----- ----- ----- ---- ---------------------
GCA_003402215.1|PVP01_1141200|PVP01_1141200.1|unknown -            623 6270at5820           -            386    5e-185  613.2  23.0   1   4   5.4e-05     0.096    9.9   0.3     1    20    14    33    14    47 0.88 -
GCA_003402215.1|PVP01_1141200|PVP01_1141200.1|unknown -            623 6270at5820           -            386    5e-185  613.2  23.0   2   4   2.2e-59     4e-56  188.9   4.8    30   139    87   213    75   217 0.87 -
GCA_003402215.1|PVP01_1141200|PVP01_1141200.1|unknown -            623 6270at5820           -            386    5e-185  613.2  23.0   3   4   1.2e-82   2.1e-79  265.5   2.1   135   281   295   441   291   445 0.98 -
GCA_003402215.1|PVP01_1141200|PVP01_1141200.1|unknown -            623 6270at5820           -            386    5e-185  613.2  23.0   4   4   1.2e-49   2.2e-46  156.8   0.0   281   386   508   619   501   619 0.93 -
GCA_003402215.1|PVP01_0510000|PVP01_0510000.1|unknown -            733 6270at5820           -            386   9.5e-08   29.6   7.5   1   2   0.00037      0.65    7.1   5.7    46   149   238   332   221   335 0.68 -
GCA_003402215.1|PVP01_0510000|PVP01_0510000.1|unknown -            733 6270at5820           -            386   9.5e-08   29.6   7.5   2   2   1.6e-09   2.9e-06   24.8   0.2   168   251   322   405   313   420 0.89 -
GCA_003402215.1|PVP01_0526200|PVP01_0526200.1|unknown -            191 6270at5820           -            386     0.015   12.5   0.0   1   1   1.1e-05      0.02   12.2   0.0   232   336    22   132    16   172 0.76 -
#
# Program:         hmmsearch
# Version:         3.4 (Aug 2023)
# Pipeline mode:   SEARCH
# Query file:      /v3/work/00_inventory/busco/busco_downloads/lineages/plasmodium_odb10/hmms/6270at5820.hmm
# Target file:     /v3/inputs/annotations/plasmodb-68/PvSY56.proteins.fa
# Option settings: hmmsearch --domtblout /v3/work/00_inventory/busco/PvSY56_proteins/run_plasmodium_odb10/hmmer_output/initial_run_results/6270at5820.out --cpu 1 /v3/work/00_inventory/busco/busco_downloads/lineages/plasmodium_odb10/hmms/6270at5820.hmm /v3/inputs/annotations/plasmodb-68/PvSY56.proteins.fa 
# Current dir:     /v3/work/00_inventory/busco
# Date:            Tue May 19 18:17:37 2026
# [ok]
