#                                                                                                             --- full sequence --- -------------- this domain -------------   hmm coord   ali coord   env coord
# target name                                         accession   tlen query name           accession   qlen   E-value  score  bias   #  of  c-Evalue  i-Evalue  score  bias  from    to  from    to  from    to  acc description of target
#                                 ------------------- ---------- ----- -------------------- ---------- ----- --------- ------ ----- --- --- --------- --------- ------ ----- ----- ----- ----- ----- ----- ----- ---- ---------------------
GCA_003402215.1|PVP01_0611600|PVP01_0611600.1|unknown -            647 6323at5820           -            422   2.7e-88  294.9  10.2   1   2   6.2e-10   1.3e-07   29.1   0.1     2    54    64   129    63   139 0.85 -
GCA_003402215.1|PVP01_0611600|PVP01_0611600.1|unknown -            647 6323at5820           -            422   2.7e-88  294.9  10.2   2   2   1.4e-82   2.9e-80  268.5   5.5   166   308   348   496   337   498 0.97 -
GCA_003402215.1|PVP01_0946700|PVP01_0946700.1|unknown -            660 6323at5820           -            422   2.1e-22   77.8  13.5   1   6   5.2e-08   1.1e-05   22.7   0.0   369   405   116   152    76   156 0.83 -
GCA_003402215.1|PVP01_0946700|PVP01_0946700.1|unknown -            660 6323at5820           -            422   2.1e-22   77.8  13.5   2   6   6.5e-10   1.4e-07   29.0   0.2   250   331   121   205   121   226 0.83 -
GCA_003402215.1|PVP01_0946700|PVP01_0946700.1|unknown -            660 6323at5820           -            422   2.1e-22   77.8  13.5   3   6   6.1e-06    0.0013   15.9   0.9   265   408   340   484   335   488 0.79 -
GCA_003402215.1|PVP01_0946700|PVP01_0946700.1|unknown -            660 6323at5820           -            422   2.1e-22   77.8  13.5   4   6   3.2e-06   0.00069   16.8   0.0   367   403   487   523   484   528 0.93 -
GCA_003402215.1|PVP01_0946700|PVP01_0946700.1|unknown -            660 6323at5820           -            422   2.1e-22   77.8  13.5   5   6    0.0038      0.82    6.7   0.1   369   404   531   566   526   576 0.82 -
GCA_003402215.1|PVP01_0946700|PVP01_0946700.1|unknown -            660 6323at5820           -            422   2.1e-22   77.8  13.5   6   6   0.00037     0.079   10.0   0.1   245   279   625   659   615   660 0.89 -
GCA_003402215.1|PVP01_0511500|PVP01_0511500.1|unknown -            324 6323at5820           -            422   3.2e-16   57.5  10.9   1   4   7.9e-07   0.00017   18.8   0.4   247   318    33   108    29   108 0.87 -
GCA_003402215.1|PVP01_0511500|PVP01_0511500.1|unknown -            324 6323at5820           -            422   3.2e-16   57.5  10.9   2   4   1.4e-07   2.9e-05   21.4   1.4   194   243   106   156   103   191 0.86 -
GCA_003402215.1|PVP01_0511500|PVP01_0511500.1|unknown -            324 6323at5820           -            422   3.2e-16   57.5  10.9   3   4   1.1e-05    0.0023   15.1   0.1   223   282   177   235   167   241 0.83 -
GCA_003402215.1|PVP01_0511500|PVP01_0511500.1|unknown -            324 6323at5820           -            422   3.2e-16   57.5  10.9   4   4   0.00029     0.063   10.4   0.0   257   316   260   321   252   324 0.71 -
GCA_003402215.1|PVP01_1142200|PVP01_1142200.1|unknown -           1459 6323at5820           -            422   8.4e-14   49.5   6.5   1   4   1.1e-07   2.4e-05   21.6   0.2   166   279     7   121     3   125 0.88 -
GCA_003402215.1|PVP01_1142200|PVP01_1142200.1|unknown -           1459 6323at5820           -            422   8.4e-14   49.5   6.5   2   4   5.2e-07   0.00011   19.5   0.6   308   404    69   164    66   179 0.75 -
GCA_003402215.1|PVP01_1142200|PVP01_1142200.1|unknown -           1459 6323at5820           -            422   8.4e-14   49.5   6.5   3   4   1.9e-06    0.0004   17.6   0.1   286   395   264   372   195   389 0.75 -
GCA_003402215.1|PVP01_1142200|PVP01_1142200.1|unknown -           1459 6323at5820           -            422   8.4e-14   49.5   6.5   4   4       5.1   1.1e+03   -3.6   0.1   312   332   641   661   639   684 0.78 -
GCA_003402215.1|PVP01_0507600|PVP01_0507600.1|unknown -            322 6323at5820           -            422   4.2e-13   47.2  11.1   1   2   1.6e-11   3.4e-09   34.3   2.2   296   410    28   148    18   163 0.79 -
GCA_003402215.1|PVP01_0507600|PVP01_0507600.1|unknown -            322 6323at5820           -            422   4.2e-13   47.2  11.1   2   2    0.0067       1.4    5.9   0.1   256   280   293   317   270   321 0.82 -
GCA_003402215.1|PVP01_0837800|PVP01_0837800.1|unknown -            595 6323at5820           -            422     8e-13   46.3   0.4   1   3       2.6   5.6e+02   -2.6   7.8   141   173   146   178   120   187 0.67 -
GCA_003402215.1|PVP01_0837800|PVP01_0837800.1|unknown -            595 6323at5820           -            422     8e-13   46.3   0.4   2   3     0.026       5.5    4.0   0.2   250   282   280   312   270   343 0.72 -
GCA_003402215.1|PVP01_0837800|PVP01_0837800.1|unknown -            595 6323at5820           -            422     8e-13   46.3   0.4   3   3   3.8e-15     8e-13   46.3   0.4   188   307   343   469   319   480 0.86 -
GCA_003402215.1|PVP01_0831600|PVP01_0831600.1|unknown -            498 6323at5820           -            422   9.4e-12   42.7  12.1   1   4     0.014         3    4.8   2.4   155   225   121   193    87   237 0.65 -
GCA_003402215.1|PVP01_0831600|PVP01_0831600.1|unknown -            498 6323at5820           -            422   9.4e-12   42.7  12.1   2   4    0.0055       1.2    6.2   0.0   364   403   244   283   230   294 0.84 -
GCA_003402215.1|PVP01_0831600|PVP01_0831600.1|unknown -            498 6323at5820           -            422   9.4e-12   42.7  12.1   3   4   1.4e-10     3e-08   31.2   0.1   165   282   298   416   287   423 0.84 -
GCA_003402215.1|PVP01_0831600|PVP01_0831600.1|unknown -            498 6323at5820           -            422   9.4e-12   42.7  12.1   4   4     0.017       3.5    4.6   0.0   224   278   444   497   430   498 0.86 -
GCA_003402215.1|PVP01_1458200|PVP01_1458200.1|unknown -            472 6323at5820           -            422   8.9e-11   39.5  16.9   1   4    0.0037      0.79    6.7   0.1   243   283    78   118    70   146 0.85 -
GCA_003402215.1|PVP01_1458200|PVP01_1458200.1|unknown -            472 6323at5820           -            422   8.9e-11   39.5  16.9   2   4       1.1   2.4e+02   -1.5   0.0   333   388   132   185   121   194 0.69 -
GCA_003402215.1|PVP01_1458200|PVP01_1458200.1|unknown -            472 6323at5820           -            422   8.9e-11   39.5  16.9   3   4     2e-11   4.3e-09   34.0   9.5   194   330   198   351   169   357 0.74 -
GCA_003402215.1|PVP01_1458200|PVP01_1458200.1|unknown -            472 6323at5820           -            422   8.9e-11   39.5  16.9   4   4      0.61   1.3e+02   -0.5   0.0   293   325   364   393   358   406 0.56 -
GCA_003402215.1|PVP01_1448900|PVP01_1448900.1|unknown -            596 6323at5820           -            422   1.4e-08   32.3  16.0   1   3   2.2e-08   4.7e-06   24.0   3.8   208   314    10   130     5   145 0.76 -
GCA_003402215.1|PVP01_1448900|PVP01_1448900.1|unknown -            596 6323at5820           -            422   1.4e-08   32.3  16.0   2   3       2.4     5e+02   -2.5   0.0   278   309   147   178   135   181 0.74 -
GCA_003402215.1|PVP01_1448900|PVP01_1448900.1|unknown -            596 6323at5820           -            422   1.4e-08   32.3  16.0   3   3   7.8e-06    0.0017   15.6   2.0   262   344   195   294   192   306 0.70 -
GCA_003402215.1|PVP01_1023200|PVP01_1023200.1|unknown -            647 6323at5820           -            422   1.6e-08   32.1  20.4   1   2   7.5e-11   1.6e-08   32.1  20.4    19   328   187   530   166   538 0.73 -
GCA_003402215.1|PVP01_1023200|PVP01_1023200.1|unknown -            647 6323at5820           -            422   1.6e-08   32.1  20.4   2   2      0.14        30    1.6   0.2   176   199   542   565   537   605 0.89 -
GCA_003402215.1|PVP01_0204400|PVP01_0204400.1|unknown -            447 6323at5820           -            422   1.5e-07   28.9   0.2   1   2     7e-09   1.5e-06   25.6   0.0   128   341   164   392   156   397 0.70 -
GCA_003402215.1|PVP01_0204400|PVP01_0204400.1|unknown -            447 6323at5820           -            422   1.5e-07   28.9   0.2   2   2      0.23        49    0.8   0.1   250   280   395   428   391   442 0.59 -
GCA_003402215.1|PVP01_0917000|PVP01_0917000.1|unknown -            454 6323at5820           -            422   3.1e-07   27.9   0.3   1   3    0.0036      0.76    6.8   0.0   368   404   103   139    90   148 0.91 -
GCA_003402215.1|PVP01_0917000|PVP01_0917000.1|unknown -            454 6323at5820           -            422   3.1e-07   27.9   0.3   2   3     0.089        19    2.2   0.1   257   284   210   237   191   246 0.62 -
GCA_003402215.1|PVP01_0917000|PVP01_0917000.1|unknown -            454 6323at5820           -            422   3.1e-07   27.9   0.3   3   3   1.2e-05    0.0026   14.9   0.0   166   245   312   392   264   397 0.79 -
GCA_003402215.1|PVP01_1316200|PVP01_1316200.1|unknown -            461 6323at5820           -            422   6.3e-07   26.8   1.7   1   2    0.0035      0.75    6.8   1.1   247   282   188   223   176   249 0.79 -
GCA_003402215.1|PVP01_1316200|PVP01_1316200.1|unknown -            461 6323at5820           -            422   6.3e-07   26.8   1.7   2   2     3e-09   6.3e-07   26.8   1.7   183   280   355   455   343   459 0.87 -
GCA_003402215.1|PVP01_1259000|PVP01_1259000.1|unknown -           1261 6323at5820           -            422   1.7e-06   25.5  27.5   1   6       1.8   3.9e+02   -2.1   0.0   388   415    30    59    25    71 0.73 -
GCA_003402215.1|PVP01_1259000|PVP01_1259000.1|unknown -           1261 6323at5820           -            422   1.7e-06   25.5  27.5   2   6   2.2e-05    0.0046   14.1   4.4   180   259    79   159    67   195 0.67 -
GCA_003402215.1|PVP01_1259000|PVP01_1259000.1|unknown -           1261 6323at5820           -            422   1.7e-06   25.5  27.5   3   6   1.4e-05     0.003   14.7   3.3   247   349   105   225    99   235 0.75 -
GCA_003402215.1|PVP01_1259000|PVP01_1259000.1|unknown -           1261 6323at5820           -            422   1.7e-06   25.5  27.5   4   6       0.5   1.1e+02   -0.3   5.5   139   210   378   457   360   470 0.59 -
GCA_003402215.1|PVP01_1259000|PVP01_1259000.1|unknown -           1261 6323at5820           -            422   1.7e-06   25.5  27.5   5   6       4.4   9.4e+02   -3.4   0.0   114   142   673   702   659   714 0.61 -
GCA_003402215.1|PVP01_1259000|PVP01_1259000.1|unknown -           1261 6323at5820           -            422   1.7e-06   25.5  27.5   6   6   3.3e-07     7e-05   20.1   0.1   299   403   911  1012   861  1079 0.89 -
GCA_003402215.1|PVP01_1468300|PVP01_1468300.1|unknown -            543 6323at5820           -            422   3.7e-06   24.3   1.0   1   3   1.8e-08   3.7e-06   24.3   1.0   244   346    25   140    13   152 0.82 -
GCA_003402215.1|PVP01_1468300|PVP01_1468300.1|unknown -            543 6323at5820           -            422   3.7e-06   24.3   1.0   2   3     0.037       7.8    3.5   0.3   168   234   125   189   115   218 0.68 -
GCA_003402215.1|PVP01_1468300|PVP01_1468300.1|unknown -            543 6323at5820           -            422   3.7e-06   24.3   1.0   3   3       3.7   7.9e+02   -3.1   0.1    32    91   357   422   339   428 0.56 -
GCA_003402215.1|PVP01_1455700|PVP01_1455700.1|unknown -            516 6323at5820           -            422   5.4e-06   23.8   4.2   1   3       6.8   1.4e+03   -4.0   0.6   153   166    17    30    12    42 0.42 -
GCA_003402215.1|PVP01_1455700|PVP01_1455700.1|unknown -            516 6323at5820           -            422   5.4e-06   23.8   4.2   2   3       3.9   8.4e+02   -3.2   1.1   156   160    79    83    57   124 0.51 -
GCA_003402215.1|PVP01_1455700|PVP01_1455700.1|unknown -            516 6323at5820           -            422   5.4e-06   23.8   4.2   3   3   2.5e-08   5.4e-06   23.8   4.2   242   392   284   438   266   447 0.75 -
GCA_003402215.1|PVP01_0922000|PVP01_0922000.1|unknown -            555 6323at5820           -            422   6.4e-06   23.5  12.1   1   3     0.002      0.43    7.6   0.0   374   404    49    79    44    90 0.84 -
GCA_003402215.1|PVP01_0922000|PVP01_0922000.1|unknown -            555 6323at5820           -            422   6.4e-06   23.5  12.1   2   3   5.5e-07   0.00012   19.4   5.5   113   261    99   264    93   274 0.87 -
GCA_003402215.1|PVP01_0922000|PVP01_0922000.1|unknown -            555 6323at5820           -            422   6.4e-06   23.5  12.1   3   3       2.5   5.2e+02   -2.5   0.1   321   350   363   392   332   407 0.51 -
GCA_003402215.1|PVP01_1141000|PVP01_1141000.1|unknown -            361 6323at5820           -            422   6.9e-05   20.1   0.1   1   1   4.5e-07   9.5e-05   19.7   0.1   182   283   166   268   150   289 0.83 -
GCA_003402215.1|PVP01_1202600|PVP01_1202600.1|unknown -            468 6323at5820           -            422   7.3e-05   20.0   2.2   1   1   1.8e-06   0.00038   17.7   2.1   160   280    65   143    10   216 0.59 -
GCA_003402215.1|PVP01_1225200|PVP01_1225200.1|unknown -            528 6323at5820           -            422   8.6e-05   19.8   8.8   1   3      0.81   1.7e+02   -0.9   0.1   247   263   186   202   178   209 0.83 -
GCA_003402215.1|PVP01_1225200|PVP01_1225200.1|unknown -            528 6323at5820           -            422   8.6e-05   19.8   8.8   2   3   1.8e-06   0.00037   17.7   1.1   127   282   277   457   266   476 0.78 -
GCA_003402215.1|PVP01_1225200|PVP01_1225200.1|unknown -            528 6323at5820           -            422   8.6e-05   19.8   8.8   3   3     0.039       8.4    3.4   0.2   249   280   489   521   468   527 0.81 -
GCA_003402215.1|PVP01_1308500|PVP01_1308500.1|unknown -            703 6323at5820           -            422   0.00016   19.0  16.0   1   3     0.001      0.22    8.6   3.8   246   334     8    57     3   165 0.58 -
GCA_003402215.1|PVP01_1308500|PVP01_1308500.1|unknown -            703 6323at5820           -            422   0.00016   19.0  16.0   2   3    0.0083       1.8    5.6   0.2   283   328   252   297   247   299 0.85 -
GCA_003402215.1|PVP01_1308500|PVP01_1308500.1|unknown -            703 6323at5820           -            422   0.00016   19.0  16.0   3   3   8.9e-05     0.019   12.1   3.1   243   279   293   329   270   343 0.66 -
GCA_003402215.1|PVP01_0308500|PVP01_0308500.1|unknown -            159 6323at5820           -            422    0.0027   14.9   0.0   1   2     0.013       2.7    5.0   0.0   372   403    20    51     3    58 0.82 -
GCA_003402215.1|PVP01_0308500|PVP01_0308500.1|unknown -            159 6323at5820           -            422    0.0027   14.9   0.0   2   2    0.0024      0.52    7.3   0.0   376   404    67    95    60   109 0.81 -
GCA_003402215.1|PVP01_0905300|PVP01_0905300.1|unknown -            631 6323at5820           -            422    0.0028   14.8   1.8   1   3      0.35        74    0.3   0.2   227   280   154   205   128   242 0.74 -
GCA_003402215.1|PVP01_0905300|PVP01_0905300.1|unknown -            631 6323at5820           -            422    0.0028   14.8   1.8   2   3      0.13        27    1.7   0.0   179   199   317   337   240   342 0.58 -
GCA_003402215.1|PVP01_0905300|PVP01_0905300.1|unknown -            631 6323at5820           -            422    0.0028   14.8   1.8   3   3   0.00036     0.077   10.1   0.0   199   239   581   625   574   630 0.83 -
GCA_003402215.1|PVP01_1207800|PVP01_1207800.1|unknown -            363 6323at5820           -            422    0.0041   14.3   0.9   1   2   1.9e-05    0.0041   14.3   0.9   170   280    20   142     3   147 0.74 -
GCA_003402215.1|PVP01_1207800|PVP01_1207800.1|unknown -            363 6323at5820           -            422    0.0041   14.3   0.9   2   2       1.4   3.1e+02   -1.8   0.1   208   251   212   249   186   267 0.45 -
GCA_003402215.1|PVP01_0919400|PVP01_0919400.1|unknown -            401 6323at5820           -            422    0.0075   13.4   0.1   1   1   5.9e-05     0.013   12.7   0.1   172   231   113   176    57   190 0.67 -
#
# Program:         hmmsearch
# Version:         3.4 (Aug 2023)
# Pipeline mode:   SEARCH
# Query file:      /v3/work/00_inventory/busco/busco_downloads/lineages/plasmodium_odb10/hmms/6323at5820.hmm
# Target file:     /v3/inputs/annotations/plasmodb-68/PvSY56.proteins.fa
# Option settings: hmmsearch --domtblout /v3/work/00_inventory/busco/PvSY56_proteins/run_plasmodium_odb10/hmmer_output/initial_run_results/6323at5820.out --cpu 1 /v3/work/00_inventory/busco/busco_downloads/lineages/plasmodium_odb10/hmms/6323at5820.hmm /v3/inputs/annotations/plasmodb-68/PvSY56.proteins.fa 
# Current dir:     /v3/work/00_inventory/busco
# Date:            Tue May 19 18:17:49 2026
# [ok]
