#                                                                                                             --- full sequence --- -------------- this domain -------------   hmm coord   ali coord   env coord
# target name                                         accession   tlen query name           accession   qlen   E-value  score  bias   #  of  c-Evalue  i-Evalue  score  bias  from    to  from    to  from    to  acc description of target
#                                 ------------------- ---------- ----- -------------------- ---------- ----- --------- ------ ----- --- --- --------- --------- ------ ----- ----- ----- ----- ----- ----- ----- ---- ---------------------
GCA_003402215.1|PVP01_1263800|PVP01_1263800.1|unknown -            595 6335at5820           -            474  2.3e-257  852.4  60.2   1   2  1.6e-199  9.4e-197  652.6  50.4     1   364     1   395     1   412 0.96 -
GCA_003402215.1|PVP01_1263800|PVP01_1263800.1|unknown -            595 6335at5820           -            474  2.3e-257  852.4  60.2   2   2   8.4e-64     5e-61  205.1   2.2   367   473   488   594   472   595 0.94 -
GCA_003402215.1|PVP01_0828300|PVP01_0828300.1|unknown -            637 6335at5820           -            474   9.7e-11   39.2  14.7   1   2   2.3e-10   1.3e-07   28.9   2.3   228   355   206   333   171   354 0.84 -
GCA_003402215.1|PVP01_0828300|PVP01_0828300.1|unknown -            637 6335at5820           -            474   9.7e-11   39.2  14.7   2   2   3.4e-06     0.002   15.1   5.0   193   323   360   487   349   519 0.75 -
GCA_003402215.1|PVP01_1130700|PVP01_1130700.1|unknown -            989 6335at5820           -            474   6.6e-10   36.5   0.1   1   4      0.12        73    0.0   0.4   236   261   110   135    75   181 0.82 -
GCA_003402215.1|PVP01_1130700|PVP01_1130700.1|unknown -            989 6335at5820           -            474   6.6e-10   36.5   0.1   2   4       1.5   8.7e+02   -3.5   2.3   247   294   225   277   218   285 0.69 -
GCA_003402215.1|PVP01_1130700|PVP01_1130700.1|unknown -            989 6335at5820           -            474   6.6e-10   36.5   0.1   3   4      0.26   1.5e+02   -1.0   2.4   192   239   412   455   383   475 0.66 -
GCA_003402215.1|PVP01_1130700|PVP01_1130700.1|unknown -            989 6335at5820           -            474   6.6e-10   36.5   0.1   4   4   1.1e-12   6.6e-10   36.5   0.1   265   340   520   595   515   603 0.94 -
GCA_003402215.1|PVP01_0618100|PVP01_0618100.1|unknown -            510 6335at5820           -            474   2.8e-09   34.4   9.7   1   1   7.2e-12   4.3e-09   33.8   9.7   189   360    94   259    55   305 0.83 -
GCA_003402215.1|PVP01_1441100|PVP01_1441100.1|unknown -            446 6335at5820           -            474   1.2e-08   32.4   5.1   1   1     4e-11   2.4e-08   31.3   5.1    17   145    75   201    57   207 0.87 -
GCA_003402215.1|PVP01_1439800|PVP01_1439800.1|unknown -            840 6335at5820           -            474     8e-08   29.6  38.5   1   2   2.3e-08   1.3e-05   22.3  15.3   195   364   121   289   103   300 0.83 -
GCA_003402215.1|PVP01_1439800|PVP01_1439800.1|unknown -            840 6335at5820           -            474     8e-08   29.6  38.5   2   2   2.3e-05     0.013   12.4  15.0   201   336   321   460   300   499 0.74 -
GCA_003402215.1|PVP01_1444700|PVP01_1444700.1|unknown -           1275 6335at5820           -            474     0.001   16.1   2.4   1   5      0.19   1.1e+02   -0.6   0.4   298   351   111   164    83   178 0.79 -
GCA_003402215.1|PVP01_1444700|PVP01_1444700.1|unknown -           1275 6335at5820           -            474     0.001   16.1   2.4   2   5     0.089        53    0.5   0.1    99   161   284   346   256   359 0.72 -
GCA_003402215.1|PVP01_1444700|PVP01_1444700.1|unknown -           1275 6335at5820           -            474     0.001   16.1   2.4   3   5   1.7e-06     0.001   16.1   2.4   231   329   436   533   434   568 0.82 -
GCA_003402215.1|PVP01_1444700|PVP01_1444700.1|unknown -           1275 6335at5820           -            474     0.001   16.1   2.4   4   5    0.0014       0.8    6.5   3.8   145   337   632   815   629   829 0.78 -
GCA_003402215.1|PVP01_1444700|PVP01_1444700.1|unknown -           1275 6335at5820           -            474     0.001   16.1   2.4   5   5       2.1   1.3e+03   -4.0   0.2   158   225   873   939   871   948 0.68 -
GCA_003402215.1|PVP01_0932200|PVP01_0932200.1|unknown -           1601 6335at5820           -            474    0.0018   15.2   4.9   1   2   0.00054      0.32    7.8   3.0    24   149   202   333   189   351 0.75 -
GCA_003402215.1|PVP01_0932200|PVP01_0932200.1|unknown -           1601 6335at5820           -            474    0.0018   15.2   4.9   2   2   0.00097      0.58    7.0   0.0    36    94   425   483   403   497 0.80 -
GCA_003402215.1|PVP01_1140700|PVP01_1140700.1|unknown -           1228 6335at5820           -            474      0.34    7.7  25.4   1   5       1.7   9.9e+02   -3.7   0.0   291   327    89   125    83   137 0.81 -
GCA_003402215.1|PVP01_1140700|PVP01_1140700.1|unknown -           1228 6335at5820           -            474      0.34    7.7  25.4   2   5    0.0059       3.5    4.4   0.2   195   224   198   227   182   236 0.83 -
GCA_003402215.1|PVP01_1140700|PVP01_1140700.1|unknown -           1228 6335at5820           -            474      0.34    7.7  25.4   3   5    0.0043       2.5    4.9   4.9   232   331   379   481   362   520 0.57 -
GCA_003402215.1|PVP01_1140700|PVP01_1140700.1|unknown -           1228 6335at5820           -            474      0.34    7.7  25.4   4   5      0.01         6    3.6   1.2   198   279   570   658   564   670 0.56 -
GCA_003402215.1|PVP01_1140700|PVP01_1140700.1|unknown -           1228 6335at5820           -            474      0.34    7.7  25.4   5   5   0.00077      0.46    7.3   0.1   300   347   728   775   723   783 0.91 -
#
# Program:         hmmsearch
# Version:         3.4 (Aug 2023)
# Pipeline mode:   SEARCH
# Query file:      /v3/work/00_inventory/busco/busco_downloads/lineages/plasmodium_odb10/hmms/6335at5820.hmm
# Target file:     /v3/inputs/annotations/plasmodb-68/PvSY56.proteins.fa
# Option settings: hmmsearch --domtblout /v3/work/00_inventory/busco/PvSY56_proteins/run_plasmodium_odb10/hmmer_output/initial_run_results/6335at5820.out --cpu 1 /v3/work/00_inventory/busco/busco_downloads/lineages/plasmodium_odb10/hmms/6335at5820.hmm /v3/inputs/annotations/plasmodb-68/PvSY56.proteins.fa 
# Current dir:     /v3/work/00_inventory/busco
# Date:            Tue May 19 18:17:52 2026
# [ok]
