#                                                                                                             --- full sequence --- -------------- this domain -------------   hmm coord   ali coord   env coord
# target name                                         accession   tlen query name           accession   qlen   E-value  score  bias   #  of  c-Evalue  i-Evalue  score  bias  from    to  from    to  from    to  acc description of target
#                                 ------------------- ---------- ----- -------------------- ---------- ----- --------- ------ ----- --- --- --------- --------- ------ ----- ----- ----- ----- ----- ----- ----- ---- ---------------------
GCA_003402215.1|PVP01_0831600|PVP01_0831600.1|unknown -            498 6412at5820           -            480   1.2e-11   42.4   1.9   1   2   2.9e-14   1.2e-11   42.4   1.9   170   346   254   420   253   427 0.81 -
GCA_003402215.1|PVP01_0831600|PVP01_0831600.1|unknown -            498 6412at5820           -            480   1.2e-11   42.4   1.9   2   2     0.032        13    2.6   0.2   281   338   440   497   423   498 0.79 -
GCA_003402215.1|PVP01_0507600|PVP01_0507600.1|unknown -            322 6412at5820           -            480   1.4e-11   42.1   5.2   1   4   0.00061      0.25    8.3   0.3   307   339    67    99    59   107 0.88 -
GCA_003402215.1|PVP01_0507600|PVP01_0507600.1|unknown -            322 6412at5820           -            480   1.4e-11   42.1   5.2   2   4   7.6e-06    0.0031   14.6   0.2   298   387   100   190    99   193 0.80 -
GCA_003402215.1|PVP01_0507600|PVP01_0507600.1|unknown -            322 6412at5820           -            480   1.4e-11   42.1   5.2   3   4   3.8e-08   1.6e-05   22.1   0.0   290   384   182   269   179   272 0.81 -
GCA_003402215.1|PVP01_0507600|PVP01_0507600.1|unknown -            322 6412at5820           -            480   1.4e-11   42.1   5.2   4   4      0.17        69    0.2   0.0   190   248   259   319   255   320 0.65 -
GCA_003402215.1|PVP01_1458200|PVP01_1458200.1|unknown -            472 6412at5820           -            480   2.1e-10   38.2  10.2   1   2   1.8e-10   7.5e-08   29.8   4.0   292   393   198   297   173   305 0.89 -
GCA_003402215.1|PVP01_1458200|PVP01_1458200.1|unknown -            472 6412at5820           -            480   2.1e-10   38.2  10.2   2   2   6.9e-05     0.028   11.4   0.4   274   354   319   402   311   426 0.74 -
GCA_003402215.1|PVP01_0511500|PVP01_0511500.1|unknown -            324 6412at5820           -            480     1e-08   32.7  13.0   1   3   5.7e-05     0.023   11.7   4.2   292   348   106   158    30   163 0.63 -
GCA_003402215.1|PVP01_0511500|PVP01_0511500.1|unknown -            324 6412at5820           -            480     1e-08   32.7  13.0   2   3   1.4e-05    0.0058   13.7   7.0   170   339    79   232    78   236 0.83 -
GCA_003402215.1|PVP01_0511500|PVP01_0511500.1|unknown -            324 6412at5820           -            480     1e-08   32.7  13.0   3   3   8.5e-07   0.00035   17.7   0.1   182   241   264   319   256   323 0.85 -
GCA_003402215.1|PVP01_1210900|PVP01_1210900.1|unknown -            648 6412at5820           -            480   1.5e-08   32.1   8.8   1   2      0.31   1.3e+02   -0.6   5.6   183   230   255   301   101   321 0.74 -
GCA_003402215.1|PVP01_1210900|PVP01_1210900.1|unknown -            648 6412at5820           -            480   1.5e-08   32.1   8.8   2   2   3.6e-11   1.5e-08   32.1   8.8   215   389   433   598   427   610 0.81 -
GCA_003402215.1|PVP01_1023200|PVP01_1023200.1|unknown -            647 6412at5820           -            480   5.4e-07   27.0   0.0   1   2   1.3e-09   5.4e-07   27.0   0.0   181   247   460   522   453   530 0.90 -
GCA_003402215.1|PVP01_1023200|PVP01_1023200.1|unknown -            647 6412at5820           -            480   5.4e-07   27.0   0.0   2   2   6.4e-05     0.026   11.5   2.7   174   271   537   634   527   640 0.77 -
GCA_003402215.1|PVP01_0204400|PVP01_0204400.1|unknown -            447 6412at5820           -            480   3.8e-06   24.2   4.2   1   3       2.6   1.1e+03   -3.7   1.6    25    53    16    43     2    68 0.33 -
GCA_003402215.1|PVP01_0204400|PVP01_0204400.1|unknown -            447 6412at5820           -            480   3.8e-06   24.2   4.2   2   3   9.2e-09   3.8e-06   24.2   4.2   206   388   140   329   127   334 0.79 -
GCA_003402215.1|PVP01_0204400|PVP01_0204400.1|unknown -            447 6412at5820           -            480   3.8e-06   24.2   4.2   3   3    0.0015       0.6    7.0   0.2   176   245   301   368   298   375 0.40 -
GCA_003402215.1|PVP01_0946700|PVP01_0946700.1|unknown -            660 6412at5820           -            480   3.8e-05   20.9  20.8   1   4   0.00015     0.061   10.3   0.3   307   383   118   192    76   204 0.50 -
GCA_003402215.1|PVP01_0946700|PVP01_0946700.1|unknown -            660 6412at5820           -            480   3.8e-05   20.9  20.8   2   4   0.00073       0.3    8.0   1.3   308   371   365   434   353   443 0.75 -
GCA_003402215.1|PVP01_0946700|PVP01_0946700.1|unknown -            660 6412at5820           -            480   3.8e-05   20.9  20.8   3   4   2.3e-05    0.0095   13.0   0.2   308   386   492   568   455   575 0.79 -
GCA_003402215.1|PVP01_0946700|PVP01_0946700.1|unknown -            660 6412at5820           -            480   3.8e-05   20.9  20.8   4   4      0.15        62    0.4   0.2   341   382   615   658   596   660 0.62 -
GCA_003402215.1|PVP01_1141000|PVP01_1141000.1|unknown -            361 6412at5820           -            480    0.0004   17.5   0.0   1   1   2.6e-06     0.001   16.1   0.0   169   247   190   266   184   271 0.88 -
GCA_003402215.1|PVP01_0917000|PVP01_0917000.1|unknown -            454 6412at5820           -            480   0.00041   17.5   2.3   1   3      0.06        24    1.7   0.0   213   245   107   138    83   148 0.80 -
GCA_003402215.1|PVP01_0917000|PVP01_0917000.1|unknown -            454 6412at5820           -            480   0.00041   17.5   2.3   2   3   6.3e-05     0.026   11.5   0.1   304   350   197   243   185   262 0.88 -
GCA_003402215.1|PVP01_0917000|PVP01_0917000.1|unknown -            454 6412at5820           -            480   0.00041   17.5   2.3   3   3     0.043        18    2.2   0.1   332   387   335   387   295   395 0.70 -
GCA_003402215.1|PVP01_0618600|PVP01_0618600.1|unknown -            733 6412at5820           -            480   0.00075   16.6  14.4   1   2     5e-05     0.021   11.9   9.1   198   311   173   241    87   366 0.59 -
GCA_003402215.1|PVP01_0618600|PVP01_0618600.1|unknown -            733 6412at5820           -            480   0.00075   16.6  14.4   2   2      0.32   1.3e+02   -0.7   0.2   106   178   630   716   594   730 0.52 -
GCA_003402215.1|PVP01_0905300|PVP01_0905300.1|unknown -            631 6412at5820           -            480   0.00088   16.4   6.0   1   2      0.24     1e+02   -0.3   4.6   172   255   134   210   124   227 0.77 -
GCA_003402215.1|PVP01_0905300|PVP01_0905300.1|unknown -            631 6412at5820           -            480   0.00088   16.4   6.0   2   2   6.5e-06    0.0027   14.8   0.0   276   340   271   335   260   340 0.86 -
GCA_003402215.1|PVP01_0318300|PVP01_0318300.1|unknown -            658 6412at5820           -            480    0.0025   14.9   5.7   1   5     0.097        39    1.0   0.0   176   227   233   279   204   289 0.72 -
GCA_003402215.1|PVP01_0318300|PVP01_0318300.1|unknown -            658 6412at5820           -            480    0.0025   14.9   5.7   2   5    0.0024      0.99    6.3   0.0   322   388   332   393   325   398 0.71 -
GCA_003402215.1|PVP01_0318300|PVP01_0318300.1|unknown -            658 6412at5820           -            480    0.0025   14.9   5.7   3   5    0.0034       1.4    5.8   0.0   221   261   366   404   350   416 0.71 -
GCA_003402215.1|PVP01_0318300|PVP01_0318300.1|unknown -            658 6412at5820           -            480    0.0025   14.9   5.7   4   5    0.0023      0.94    6.4   0.0   205   232   431   458   419   467 0.87 -
GCA_003402215.1|PVP01_0318300|PVP01_0318300.1|unknown -            658 6412at5820           -            480    0.0025   14.9   5.7   5   5       0.3   1.2e+02   -0.6   0.2   127   156   611   640   585   648 0.77 -
#
# Program:         hmmsearch
# Version:         3.4 (Aug 2023)
# Pipeline mode:   SEARCH
# Query file:      /v3/work/00_inventory/busco/busco_downloads/lineages/plasmodium_odb10/hmms/6412at5820.hmm
# Target file:     /v3/inputs/annotations/plasmodb-68/PvSY56.proteins.fa
# Option settings: hmmsearch --domtblout /v3/work/00_inventory/busco/PvSY56_proteins/run_plasmodium_odb10/hmmer_output/initial_run_results/6412at5820.out --cpu 1 /v3/work/00_inventory/busco/busco_downloads/lineages/plasmodium_odb10/hmms/6412at5820.hmm /v3/inputs/annotations/plasmodb-68/PvSY56.proteins.fa 
# Current dir:     /v3/work/00_inventory/busco
# Date:            Tue May 19 18:18:18 2026
# [ok]
