#                                                                                                             --- full sequence --- -------------- this domain -------------   hmm coord   ali coord   env coord
# target name                                         accession   tlen query name           accession   qlen   E-value  score  bias   #  of  c-Evalue  i-Evalue  score  bias  from    to  from    to  from    to  acc description of target
#                                 ------------------- ---------- ----- -------------------- ---------- ----- --------- ------ ----- --- --- --------- --------- ------ ----- ----- ----- ----- ----- ----- ----- ---- ---------------------
GCA_003402215.1|PVP01_0614300|PVP01_0614300.1|unknown -            602 6506at5820           -            426  1.1e-220  731.5  85.8   1   4    0.0018       2.4    5.4   0.7     1    21     8    29     8    54 0.85 -
GCA_003402215.1|PVP01_0614300|PVP01_0614300.1|unknown -            602 6506at5820           -            426  1.1e-220  731.5  85.8   2   4   3.3e-31   4.3e-28   96.9  10.9    19    76    57   114    43   117 0.92 -
GCA_003402215.1|PVP01_0614300|PVP01_0614300.1|unknown -            602 6506at5820           -            426  1.1e-220  731.5  85.8   3   4   2.9e-97   3.9e-94  314.5  23.3    76   255   147   338   144   350 0.96 -
GCA_003402215.1|PVP01_0614300|PVP01_0614300.1|unknown -            602 6506at5820           -            426  1.1e-220  731.5  85.8   4   4  2.4e-102   3.2e-99  331.2  29.2   250   425   420   599   417   600 0.97 -
GCA_003402215.1|PVP01_0511500|PVP01_0511500.1|unknown -            324 6506at5820           -            426   2.4e-09   35.1   1.5   1   3      0.12   1.6e+02   -0.5   0.1   353   390    87   125    39   131 0.59 -
GCA_003402215.1|PVP01_0511500|PVP01_0511500.1|unknown -            324 6506at5820           -            426   2.4e-09   35.1   1.5   2   3   2.8e-06    0.0037   14.7   0.2   306   340   131   165    88   172 0.82 -
GCA_003402215.1|PVP01_0511500|PVP01_0511500.1|unknown -            324 6506at5820           -            426   2.4e-09   35.1   1.5   3   3   1.8e-07   0.00024   18.7   0.0   264   394   174   302   166   310 0.80 -
GCA_003402215.1|PVP01_0507600|PVP01_0507600.1|unknown -            322 6506at5820           -            426   0.00096   16.7   0.2   1   3      0.01        14    3.0   0.0   312   396    38   122     4   131 0.67 -
GCA_003402215.1|PVP01_0507600|PVP01_0507600.1|unknown -            322 6506at5820           -            426   0.00096   16.7   0.2   2   3    0.0045       5.9    4.2   0.0   266   328   127   190   112   205 0.80 -
GCA_003402215.1|PVP01_0507600|PVP01_0507600.1|unknown -            322 6506at5820           -            426   0.00096   16.7   0.2   3   3   0.00056      0.75    7.1   0.0   352   376   294   319   252   322 0.68 -
GCA_003402215.1|PVP01_0618600|PVP01_0618600.1|unknown -            733 6506at5820           -            426    0.0044   14.5   7.3   1   2   1.8e-05     0.024   12.1   4.1   294   361   195   259   176   290 0.78 -
GCA_003402215.1|PVP01_0618600|PVP01_0618600.1|unknown -            733 6506at5820           -            426    0.0044   14.5   7.3   2   2     0.026        34    1.7   2.8   253   333   254   344   241   359 0.69 -
#
# Program:         hmmsearch
# Version:         3.4 (Aug 2023)
# Pipeline mode:   SEARCH
# Query file:      /v3/work/00_inventory/busco/busco_downloads/lineages/plasmodium_odb10/hmms/6506at5820.hmm
# Target file:     /v3/inputs/annotations/plasmodb-68/PvSY56.proteins.fa
# Option settings: hmmsearch --domtblout /v3/work/00_inventory/busco/PvSY56_proteins/run_plasmodium_odb10/hmmer_output/initial_run_results/6506at5820.out --cpu 1 /v3/work/00_inventory/busco/busco_downloads/lineages/plasmodium_odb10/hmms/6506at5820.hmm /v3/inputs/annotations/plasmodb-68/PvSY56.proteins.fa 
# Current dir:     /v3/work/00_inventory/busco
# Date:            Tue May 19 18:14:15 2026
# [ok]
