#                                                                                                             --- full sequence --- -------------- this domain -------------   hmm coord   ali coord   env coord
# target name                                         accession   tlen query name           accession   qlen   E-value  score  bias   #  of  c-Evalue  i-Evalue  score  bias  from    to  from    to  from    to  acc description of target
#                                 ------------------- ---------- ----- -------------------- ---------- ----- --------- ------ ----- --- --- --------- --------- ------ ----- ----- ----- ----- ----- ----- ----- ---- ---------------------
GCA_003402215.1|PVP01_0209900|PVP01_0209900.1|unknown -            573 6726at5820           -            431  4.3e-255  844.6  34.8   1   2    3e-143    4e-140  465.7   6.8     1   229    13   249    13   261 0.97 -
GCA_003402215.1|PVP01_0209900|PVP01_0209900.1|unknown -            573 6726at5820           -            431  4.3e-255  844.6  34.8   2   2  9.8e-119  1.3e-115  385.0  20.0   225   431   341   558   337   558 0.94 -
GCA_003402215.1|PVP01_0210000|PVP01_0210000.1|unknown -            666 6726at5820           -            431   1.8e-57  193.4  31.8   1   2     3e-37     4e-34  116.5   7.2    25   219    18   230    10   247 0.85 -
GCA_003402215.1|PVP01_0210000|PVP01_0210000.1|unknown -            666 6726at5820           -            431   1.8e-57  193.4  31.8   2   2   5.2e-27   6.9e-24   82.7  16.6   252   426   483   659   463   663 0.89 -
GCA_003402215.1|PVP01_0930500|PVP01_0930500.1|unknown -            572 6726at5820           -            431   1.1e-24   85.3   4.9   1   1   1.2e-27   1.5e-24   84.9   4.9    16   238    68   301    58   311 0.83 -
GCA_003402215.1|PVP01_0713100|PVP01_0713100.1|unknown -            484 6726at5820           -            431     7e-21   72.8  23.5   1   2   1.5e-19   1.9e-16   58.2   4.2    68   215    80   237    49   249 0.79 -
GCA_003402215.1|PVP01_0713100|PVP01_0713100.1|unknown -            484 6726at5820           -            431     7e-21   72.8  23.5   2   2   4.5e-08     6e-05   20.3  11.3   277   383   323   430   272   460 0.82 -
#
# Program:         hmmsearch
# Version:         3.4 (Aug 2023)
# Pipeline mode:   SEARCH
# Query file:      /v3/work/00_inventory/busco/busco_downloads/lineages/plasmodium_odb10/hmms/6726at5820.hmm
# Target file:     /v3/inputs/annotations/plasmodb-68/PvSY56.proteins.fa
# Option settings: hmmsearch --domtblout /v3/work/00_inventory/busco/PvSY56_proteins/run_plasmodium_odb10/hmmer_output/initial_run_results/6726at5820.out --cpu 1 /v3/work/00_inventory/busco/busco_downloads/lineages/plasmodium_odb10/hmms/6726at5820.hmm /v3/inputs/annotations/plasmodb-68/PvSY56.proteins.fa 
# Current dir:     /v3/work/00_inventory/busco
# Date:            Tue May 19 18:15:25 2026
# [ok]
