#                                                                                                             --- full sequence --- -------------- this domain -------------   hmm coord   ali coord   env coord
# target name                                         accession   tlen query name           accession   qlen   E-value  score  bias   #  of  c-Evalue  i-Evalue  score  bias  from    to  from    to  from    to  acc description of target
#                                 ------------------- ---------- ----- -------------------- ---------- ----- --------- ------ ----- --- --- --------- --------- ------ ----- ----- ----- ----- ----- ----- ----- ---- ---------------------
GCA_003402215.1|PVP01_1133500|PVP01_1133500.1|unknown -           2244 674at5820            -           1482         0 1280.8  69.8   1   9  9.8e-140  2.6e-136  454.6  16.0     1   253     1   264     1   268 0.95 -
GCA_003402215.1|PVP01_1133500|PVP01_1133500.1|unknown -           2244 674at5820            -           1482         0 1280.8  69.8   2   9     5e-89   1.3e-85  286.5  31.0   252   432   317   498   314   502 0.98 -
GCA_003402215.1|PVP01_1133500|PVP01_1133500.1|unknown -           2244 674at5820            -           1482         0 1280.8  69.8   3   9   1.9e-26     5e-23   79.1   0.1   426   526   532   650   522   655 0.87 -
GCA_003402215.1|PVP01_1133500|PVP01_1133500.1|unknown -           2244 674at5820            -           1482         0 1280.8  69.8   4   9   9.1e-11   2.4e-07   27.1   0.0   527   589   694   778   689   793 0.80 -
GCA_003402215.1|PVP01_1133500|PVP01_1133500.1|unknown -           2244 674at5820            -           1482         0 1280.8  69.8   5   9   4.9e-32   1.3e-28   97.6   0.0   608   741   853  1031   806  1041 0.75 -
GCA_003402215.1|PVP01_1133500|PVP01_1133500.1|unknown -           2244 674at5820            -           1482         0 1280.8  69.8   6   9   6.9e-34   1.8e-30  103.8   0.0   747   894  1126  1332  1117  1339 0.77 -
GCA_003402215.1|PVP01_1133500|PVP01_1133500.1|unknown -           2244 674at5820            -           1482         0 1280.8  69.8   7   9   8.3e-25   2.2e-21   73.7   0.0   895   968  1378  1456  1373  1463 0.89 -
GCA_003402215.1|PVP01_1133500|PVP01_1133500.1|unknown -           2244 674at5820            -           1482         0 1280.8  69.8   8   9   7.8e-11   2.1e-07   27.4   0.0   967  1007  1564  1604  1556  1610 0.91 -
GCA_003402215.1|PVP01_1133500|PVP01_1133500.1|unknown -           2244 674at5820            -           1482         0 1280.8  69.8   9   9   6.4e-41   1.7e-37  127.1   7.5   992  1165  1632  1845  1626  1851 0.80 -
GCA_003402215.1|PVP01_1125000|PVP01_1125000.1|unknown -             89 674at5820            -           1482       9.5    2.0  12.1   1   1    0.0038        10    1.9  12.1  1429  1479    30    79    21    82 0.78 -
#
# Program:         hmmsearch
# Version:         3.4 (Aug 2023)
# Pipeline mode:   SEARCH
# Query file:      /v3/work/00_inventory/busco/busco_downloads/lineages/plasmodium_odb10/hmms/674at5820.hmm
# Target file:     /v3/inputs/annotations/plasmodb-68/PvSY56.proteins.fa
# Option settings: hmmsearch --domtblout /v3/work/00_inventory/busco/PvSY56_proteins/run_plasmodium_odb10/hmmer_output/initial_run_results/674at5820.out --cpu 1 /v3/work/00_inventory/busco/busco_downloads/lineages/plasmodium_odb10/hmms/674at5820.hmm /v3/inputs/annotations/plasmodb-68/PvSY56.proteins.fa 
# Current dir:     /v3/work/00_inventory/busco
# Date:            Tue May 19 18:15:27 2026
# [ok]
