#                                                                                                             --- full sequence --- -------------- this domain -------------   hmm coord   ali coord   env coord
# target name                                         accession   tlen query name           accession   qlen   E-value  score  bias   #  of  c-Evalue  i-Evalue  score  bias  from    to  from    to  from    to  acc description of target
#                                 ------------------- ---------- ----- -------------------- ---------- ----- --------- ------ ----- --- --- --------- --------- ------ ----- ----- ----- ----- ----- ----- ----- ---- ---------------------
GCA_003402215.1|PVP01_1228700|PVP01_1228700.1|unknown -           2374 684at5820            -           1068         0 1017.0  87.5   1  14   1.7e-22   9.2e-19   64.9   0.6     3    41    46    84    44    87 0.93 -
GCA_003402215.1|PVP01_1228700|PVP01_1228700.1|unknown -           2374 684at5820            -           1068         0 1017.0  87.5   2  14     0.019     1e+02   -1.5   0.0    36    56   111   131   102   137 0.74 -
GCA_003402215.1|PVP01_1228700|PVP01_1228700.1|unknown -           2374 684at5820            -           1068         0 1017.0  87.5   3  14  2.9e-112  1.5e-108  362.1  21.6    58   314   262   524   248   533 0.93 -
GCA_003402215.1|PVP01_1228700|PVP01_1228700.1|unknown -           2374 684at5820            -           1068         0 1017.0  87.5   4  14   8.3e-33   4.4e-29   99.0   6.7   314   396   559   643   556   648 0.92 -
GCA_003402215.1|PVP01_1228700|PVP01_1228700.1|unknown -           2374 684at5820            -           1068         0 1017.0  87.5   5  14   3.8e-41     2e-37  126.6   0.0   395   552   682   844   677   849 0.72 -
GCA_003402215.1|PVP01_1228700|PVP01_1228700.1|unknown -           2374 684at5820            -           1068         0 1017.0  87.5   6  14   4.1e-11   2.2e-07   27.2   0.1   482   521   857   897   853   904 0.91 -
GCA_003402215.1|PVP01_1228700|PVP01_1228700.1|unknown -           2374 684at5820            -           1068         0 1017.0  87.5   7  14   1.1e-32   5.8e-29   98.7   2.9   527   601   950  1025   928  1032 0.91 -
GCA_003402215.1|PVP01_1228700|PVP01_1228700.1|unknown -           2374 684at5820            -           1068         0 1017.0  87.5   8  14   2.2e-09   1.2e-05   21.5   0.1   628   659  1187  1218  1156  1227 0.79 -
GCA_003402215.1|PVP01_1228700|PVP01_1228700.1|unknown -           2374 684at5820            -           1068         0 1017.0  87.5   9  14   2.6e-24   1.4e-20   70.9   3.8   658   726  1307  1394  1302  1396 0.84 -
GCA_003402215.1|PVP01_1228700|PVP01_1228700.1|unknown -           2374 684at5820            -           1068         0 1017.0  87.5  10  14   5.6e-16     3e-12   43.3   0.1   726   764  1465  1503  1462  1507 0.92 -
GCA_003402215.1|PVP01_1228700|PVP01_1228700.1|unknown -           2374 684at5820            -           1068         0 1017.0  87.5  11  14   6.2e-13   3.3e-09   33.3   0.1   761   817  1529  1586  1524  1597 0.87 -
GCA_003402215.1|PVP01_1228700|PVP01_1228700.1|unknown -           2374 684at5820            -           1068         0 1017.0  87.5  12  14     4e-08   0.00021   17.3   0.0   816   853  1726  1763  1703  1768 0.80 -
GCA_003402215.1|PVP01_1228700|PVP01_1228700.1|unknown -           2374 684at5820            -           1068         0 1017.0  87.5  13  14   3.8e-21     2e-17   60.4   0.0   853   917  1860  1924  1850  1933 0.93 -
GCA_003402215.1|PVP01_1228700|PVP01_1228700.1|unknown -           2374 684at5820            -           1068         0 1017.0  87.5  14  14   8.5e-09   4.5e-05   19.6   0.0   948   988  2021  2061  1963  2077 0.75 -
#
# Program:         hmmsearch
# Version:         3.4 (Aug 2023)
# Pipeline mode:   SEARCH
# Query file:      /v3/work/00_inventory/busco/busco_downloads/lineages/plasmodium_odb10/hmms/684at5820.hmm
# Target file:     /v3/inputs/annotations/plasmodb-68/PvSY56.proteins.fa
# Option settings: hmmsearch --domtblout /v3/work/00_inventory/busco/PvSY56_proteins/run_plasmodium_odb10/hmmer_output/initial_run_results/684at5820.out --cpu 1 /v3/work/00_inventory/busco/busco_downloads/lineages/plasmodium_odb10/hmms/684at5820.hmm /v3/inputs/annotations/plasmodb-68/PvSY56.proteins.fa 
# Current dir:     /v3/work/00_inventory/busco
# Date:            Tue May 19 18:16:00 2026
# [ok]
