#                                                                                                             --- full sequence --- -------------- this domain -------------   hmm coord   ali coord   env coord
# target name                                         accession   tlen query name           accession   qlen   E-value  score  bias   #  of  c-Evalue  i-Evalue  score  bias  from    to  from    to  from    to  acc description of target
#                                 ------------------- ---------- ----- -------------------- ---------- ----- --------- ------ ----- --- --- --------- --------- ------ ----- ----- ----- ----- ----- ----- ----- ---- ---------------------
GCA_003402215.1|PVP01_1227500|PVP01_1227500.1|unknown -            984 7042at5820           -            801  1.4e-186  620.5  22.0   1   7   1.3e-41   3.5e-38  129.7   1.6   122   222     3   109     1   114 0.91 -
GCA_003402215.1|PVP01_1227500|PVP01_1227500.1|unknown -            984 7042at5820           -            801  1.4e-186  620.5  22.0   2   7   1.6e-20   4.3e-17   59.9   0.1   221   280   130   189   125   197 0.87 -
GCA_003402215.1|PVP01_1227500|PVP01_1227500.1|unknown -            984 7042at5820           -            801  1.4e-186  620.5  22.0   3   7     1e-56   2.7e-53  179.6   2.4   271   395   234   369   230   379 0.89 -
GCA_003402215.1|PVP01_1227500|PVP01_1227500.1|unknown -            984 7042at5820           -            801  1.4e-186  620.5  22.0   4   7   6.5e-11   1.7e-07   28.1   0.0   429   490   494   574   487   587 0.80 -
GCA_003402215.1|PVP01_1227500|PVP01_1227500.1|unknown -            984 7042at5820           -            801  1.4e-186  620.5  22.0   5   7   1.4e-21   3.7e-18   63.4   0.0   487   550   629   693   617   697 0.89 -
GCA_003402215.1|PVP01_1227500|PVP01_1227500.1|unknown -            984 7042at5820           -            801  1.4e-186  620.5  22.0   6   7   1.4e-10   3.8e-07   27.0   0.0   687   725   840   878   835   884 0.91 -
GCA_003402215.1|PVP01_1227500|PVP01_1227500.1|unknown -            984 7042at5820           -            801  1.4e-186  620.5  22.0   7   7   5.9e-44   1.6e-40  137.4   0.5   718   800   901   983   893   984 0.95 -
GCA_003402215.1|PVP01_0116700|PVP01_0116700.1|unknown -            749 7042at5820           -            801       9.3    2.6   9.6   1   2      0.37   9.8e+02   -4.1   0.4   294   314   158   178   145   184 0.62 -
GCA_003402215.1|PVP01_0116700|PVP01_0116700.1|unknown -            749 7042at5820           -            801       9.3    2.6   9.6   2   2   9.3e-05      0.25    7.8   3.4    44   142   274   374   267   396 0.69 -
#
# Program:         hmmsearch
# Version:         3.4 (Aug 2023)
# Pipeline mode:   SEARCH
# Query file:      /v3/work/00_inventory/busco/busco_downloads/lineages/plasmodium_odb10/hmms/7042at5820.hmm
# Target file:     /v3/inputs/annotations/plasmodb-68/PvSY56.proteins.fa
# Option settings: hmmsearch --domtblout /v3/work/00_inventory/busco/PvSY56_proteins/run_plasmodium_odb10/hmmer_output/initial_run_results/7042at5820.out --cpu 1 /v3/work/00_inventory/busco/busco_downloads/lineages/plasmodium_odb10/hmms/7042at5820.hmm /v3/inputs/annotations/plasmodb-68/PvSY56.proteins.fa 
# Current dir:     /v3/work/00_inventory/busco
# Date:            Tue May 19 18:16:46 2026
# [ok]
