#                                                                                                             --- full sequence --- -------------- this domain -------------   hmm coord   ali coord   env coord
# target name                                         accession   tlen query name           accession   qlen   E-value  score  bias   #  of  c-Evalue  i-Evalue  score  bias  from    to  from    to  from    to  acc description of target
#                                 ------------------- ---------- ----- -------------------- ---------- ----- --------- ------ ----- --- --- --------- --------- ------ ----- ----- ----- ----- ----- ----- ----- ---- ---------------------
GCA_003402215.1|PVP01_0813100|PVP01_0813100.1|unknown -            521 7160at5820           -            332  5.2e-119  395.5  50.5   1   1  3.4e-121    3e-118  392.9  50.5     1   215     1   226     1   233 0.93 -
GCA_003402215.1|PVP01_0522300|PVP01_0522300.1|unknown -            752 7160at5820           -            332   3.4e-13   47.7  11.8   1   1   6.5e-16   5.8e-13   46.9  11.8    18   111    68   162    49   169 0.89 -
GCA_003402215.1|PVP01_1122200|PVP01_1122200.1|unknown -            532 7160at5820           -            332   8.2e-08   30.0   2.6   1   1   1.5e-10   1.4e-07   29.2   2.6    15    87   362   434   357   441 0.89 -
GCA_003402215.1|PVP01_1145500|PVP01_1145500.1|unknown -            516 7160at5820           -            332   3.3e-06   24.7   5.8   1   2       3.1   2.8e+03   -4.6   8.0   199   275   218   297   210   327 0.56 -
GCA_003402215.1|PVP01_1145500|PVP01_1145500.1|unknown -            516 7160at5820           -            332   3.3e-06   24.7   5.8   2   2   3.7e-09   3.3e-06   24.7   5.8    20    79   453   513   446   515 0.89 -
GCA_003402215.1|PVP01_1304600|PVP01_1304600.1|unknown -           1811 7160at5820           -            332    0.0023   15.3   7.5   1   1   4.4e-06    0.0039   14.6   7.5    27    74   428   475   422   511 0.82 -
GCA_003402215.1|PVP01_1015900|PVP01_1015900.1|unknown -            271 7160at5820           -            332      0.01   13.2   4.2   1   1   1.7e-05     0.015   12.7   4.2    28   116    41   130    26   168 0.72 -
#
# Program:         hmmsearch
# Version:         3.4 (Aug 2023)
# Pipeline mode:   SEARCH
# Query file:      /v3/work/00_inventory/busco/busco_downloads/lineages/plasmodium_odb10/hmms/7160at5820.hmm
# Target file:     /v3/inputs/annotations/plasmodb-68/PvSY56.proteins.fa
# Option settings: hmmsearch --domtblout /v3/work/00_inventory/busco/PvSY56_proteins/run_plasmodium_odb10/hmmer_output/initial_run_results/7160at5820.out --cpu 1 /v3/work/00_inventory/busco/busco_downloads/lineages/plasmodium_odb10/hmms/7160at5820.hmm /v3/inputs/annotations/plasmodb-68/PvSY56.proteins.fa 
# Current dir:     /v3/work/00_inventory/busco
# Date:            Tue May 19 18:17:25 2026
# [ok]
