#                                                                                                             --- full sequence --- -------------- this domain -------------   hmm coord   ali coord   env coord
# target name                                         accession   tlen query name           accession   qlen   E-value  score  bias   #  of  c-Evalue  i-Evalue  score  bias  from    to  from    to  from    to  acc description of target
#                                 ------------------- ---------- ----- -------------------- ---------- ----- --------- ------ ----- --- --- --------- --------- ------ ----- ----- ----- ----- ----- ----- ----- ---- ---------------------
GCA_003402215.1|PVP01_1458300|PVP01_1458300.1|unknown -           2288 746at5820            -           1276         0 2158.7 232.7   1  10   1.1e-45   5.7e-42  141.8   4.7     1    90     1    90     1    95 0.98 -
GCA_003402215.1|PVP01_1458300|PVP01_1458300.1|unknown -           2288 746at5820            -           1276         0 2158.7 232.7   2  10   3.5e-08   0.00018   17.5   0.0    88   120   172   207   156   210 0.88 -
GCA_003402215.1|PVP01_1458300|PVP01_1458300.1|unknown -           2288 746at5820            -           1276         0 2158.7 232.7   3  10   8.9e-66   4.7e-62  208.3  23.5   119   232   285   398   278   402 0.98 -
GCA_003402215.1|PVP01_1458300|PVP01_1458300.1|unknown -           2288 746at5820            -           1276         0 2158.7 232.7   4  10   2.9e-68   1.5e-64  216.6  22.6   232   369   492   636   483   638 0.93 -
GCA_003402215.1|PVP01_1458300|PVP01_1458300.1|unknown -           2288 746at5820            -           1276         0 2158.7 232.7   5  10   3.5e-13   1.9e-09   34.1   0.3   366   405   745   784   741   793 0.88 -
GCA_003402215.1|PVP01_1458300|PVP01_1458300.1|unknown -           2288 746at5820            -           1276         0 2158.7 232.7   6  10  2.1e-100   1.1e-96  323.0  25.8   403   589   898  1088   878  1091 0.94 -
GCA_003402215.1|PVP01_1458300|PVP01_1458300.1|unknown -           2288 746at5820            -           1276         0 2158.7 232.7   7  10  3.3e-107  1.7e-103  345.6  31.3   589   777  1154  1342  1147  1345 0.98 -
GCA_003402215.1|PVP01_1458300|PVP01_1458300.1|unknown -           2288 746at5820            -           1276         0 2158.7 232.7   8  10     2e-71   1.1e-67  227.0  16.9   774   898  1540  1664  1533  1670 0.96 -
GCA_003402215.1|PVP01_1458300|PVP01_1458300.1|unknown -           2288 746at5820            -           1276         0 2158.7 232.7   9  10  6.1e-181  3.2e-177  589.8  37.2   906  1207  1745  2052  1739  2068 0.97 -
GCA_003402215.1|PVP01_1458300|PVP01_1458300.1|unknown -           2288 746at5820            -           1276         0 2158.7 232.7  10  10   3.7e-34     2e-30  103.6   6.2  1213  1276  2222  2285  2210  2285 0.96 -
#
# Program:         hmmsearch
# Version:         3.4 (Aug 2023)
# Pipeline mode:   SEARCH
# Query file:      /v3/work/00_inventory/busco/busco_downloads/lineages/plasmodium_odb10/hmms/746at5820.hmm
# Target file:     /v3/inputs/annotations/plasmodb-68/PvSY56.proteins.fa
# Option settings: hmmsearch --domtblout /v3/work/00_inventory/busco/PvSY56_proteins/run_plasmodium_odb10/hmmer_output/initial_run_results/746at5820.out --cpu 1 /v3/work/00_inventory/busco/busco_downloads/lineages/plasmodium_odb10/hmms/746at5820.hmm /v3/inputs/annotations/plasmodb-68/PvSY56.proteins.fa 
# Current dir:     /v3/work/00_inventory/busco
# Date:            Tue May 19 18:18:45 2026
# [ok]
