#                                                                                                             --- full sequence --- -------------- this domain -------------   hmm coord   ali coord   env coord
# target name                                         accession   tlen query name           accession   qlen   E-value  score  bias   #  of  c-Evalue  i-Evalue  score  bias  from    to  from    to  from    to  acc description of target
#                                 ------------------- ---------- ----- -------------------- ---------- ----- --------- ------ ----- --- --- --------- --------- ------ ----- ----- ----- ----- ----- ----- ----- ---- ---------------------
GCA_003402215.1|PVP01_0411300|PVP01_0411300.1|unknown -           2147 747at5820            -           1392         0 1801.6 128.2   1  12   9.1e-16   4.8e-12   42.4   2.2     1    38    10    47    10    53 0.94 -
GCA_003402215.1|PVP01_0411300|PVP01_0411300.1|unknown -           2147 747at5820            -           1392         0 1801.6 128.2   2  12   9.2e-22   4.9e-18   62.3   0.0    36   102    99   168    96   171 0.94 -
GCA_003402215.1|PVP01_0411300|PVP01_0411300.1|unknown -           2147 747at5820            -           1392         0 1801.6 128.2   3  12   3.4e-72   1.8e-68  229.4   0.5   102   266   211   393   210   401 0.88 -
GCA_003402215.1|PVP01_0411300|PVP01_0411300.1|unknown -           2147 747at5820            -           1392         0 1801.6 128.2   4  12   1.4e-10   7.5e-07   25.2   0.1   264   305   422   463   415   474 0.86 -
GCA_003402215.1|PVP01_0411300|PVP01_0411300.1|unknown -           2147 747at5820            -           1392         0 1801.6 128.2   5  12   6.4e-64   3.4e-60  202.0   3.4   308   465   522   691   515   698 0.92 -
GCA_003402215.1|PVP01_0411300|PVP01_0411300.1|unknown -           2147 747at5820            -           1392         0 1801.6 128.2   6  12   1.2e-45   6.2e-42  141.5   1.0   471   600   746   918   742   923 0.85 -
GCA_003402215.1|PVP01_0411300|PVP01_0411300.1|unknown -           2147 747at5820            -           1392         0 1801.6 128.2   7  12      0.02   1.1e+02   -1.8   0.1   600   618   962   980   961   984 0.86 -
GCA_003402215.1|PVP01_0411300|PVP01_0411300.1|unknown -           2147 747at5820            -           1392         0 1801.6 128.2   8  12     8e-21   4.3e-17   59.2   0.0   616   702  1005  1110   986  1113 0.80 -
GCA_003402215.1|PVP01_0411300|PVP01_0411300.1|unknown -           2147 747at5820            -           1392         0 1801.6 128.2   9  12   0.00017      0.91    5.1   0.0   707   730  1229  1252  1218  1261 0.90 -
GCA_003402215.1|PVP01_0411300|PVP01_0411300.1|unknown -           2147 747at5820            -           1392         0 1801.6 128.2  10  12  1.9e-168    1e-164  548.3  26.5   729  1066  1320  1680  1309  1698 0.94 -
GCA_003402215.1|PVP01_0411300|PVP01_0411300.1|unknown -           2147 747at5820            -           1392         0 1801.6 128.2  11  12  9.9e-153  5.2e-149  496.3  50.4  1075  1372  1724  2039  1712  2045 0.94 -
GCA_003402215.1|PVP01_0411300|PVP01_0411300.1|unknown -           2147 747at5820            -           1392         0 1801.6 128.2  12  12     6e-07    0.0032   13.2   0.2  1368  1392  2123  2147  2090  2147 0.92 -
#
# Program:         hmmsearch
# Version:         3.4 (Aug 2023)
# Pipeline mode:   SEARCH
# Query file:      /v3/work/00_inventory/busco/busco_downloads/lineages/plasmodium_odb10/hmms/747at5820.hmm
# Target file:     /v3/inputs/annotations/plasmodb-68/PvSY56.proteins.fa
# Option settings: hmmsearch --domtblout /v3/work/00_inventory/busco/PvSY56_proteins/run_plasmodium_odb10/hmmer_output/initial_run_results/747at5820.out --cpu 1 /v3/work/00_inventory/busco/busco_downloads/lineages/plasmodium_odb10/hmms/747at5820.hmm /v3/inputs/annotations/plasmodb-68/PvSY56.proteins.fa 
# Current dir:     /v3/work/00_inventory/busco
# Date:            Tue May 19 18:18:47 2026
# [ok]
