#                                                                                                             --- full sequence --- -------------- this domain -------------   hmm coord   ali coord   env coord
# target name                                         accession   tlen query name           accession   qlen   E-value  score  bias   #  of  c-Evalue  i-Evalue  score  bias  from    to  from    to  from    to  acc description of target
#                                 ------------------- ---------- ----- -------------------- ---------- ----- --------- ------ ----- --- --- --------- --------- ------ ----- ----- ----- ----- ----- ----- ----- ---- ---------------------
GCA_003402215.1|PVP01_1460900|PVP01_1460900.1|unknown -            376 7530at5820           -            318    6e-195  645.1  24.4   1   2  1.2e-161  1.6e-158  525.4  16.6     1   253     1   254     1   268 0.98 -
GCA_003402215.1|PVP01_1460900|PVP01_1460900.1|unknown -            376 7530at5820           -            318    6e-195  645.1  24.4   2   2     1e-39   1.3e-36  124.8   1.1   234   318   274   376   260   376 0.79 -
GCA_003402215.1|PVP01_0507600|PVP01_0507600.1|unknown -            322 7530at5820           -            318   9.8e-07   26.7   1.1   1   3   7.9e-05       0.1   10.1   0.0   256   315    77   141    28   144 0.77 -
GCA_003402215.1|PVP01_0507600|PVP01_0507600.1|unknown -            322 7530at5820           -            318   9.8e-07   26.7   1.1   2   3   7.7e-07     0.001   16.8   0.2   126   299    75   251    74   270 0.70 -
GCA_003402215.1|PVP01_0507600|PVP01_0507600.1|unknown -            322 7530at5820           -            318   9.8e-07   26.7   1.1   3   3    0.0072       9.6    3.7   0.0    33    60   292   319   278   322 0.87 -
GCA_003402215.1|PVP01_0946700|PVP01_0946700.1|unknown -            660 7530at5820           -            318   2.4e-06   25.4   4.8   1   3   0.00076         1    6.9   0.1   234   311   104   186    69   221 0.69 -
GCA_003402215.1|PVP01_0946700|PVP01_0946700.1|unknown -            660 7530at5820           -            318   2.4e-06   25.4   4.8   2   3      0.08   1.1e+02    0.3   0.1   264   301   387   425   382   443 0.81 -
GCA_003402215.1|PVP01_0946700|PVP01_0946700.1|unknown -            660 7530at5820           -            318   2.4e-06   25.4   4.8   3   3     3e-07    0.0004   18.1   0.2   244   310   489   558   428   567 0.71 -
GCA_003402215.1|PVP01_1340000|PVP01_1340000.1|unknown -            536 7530at5820           -            318     0.014   13.0   3.0   1   1   1.5e-05      0.02   12.5   3.0   102   198    54   155    39   157 0.79 -
#
# Program:         hmmsearch
# Version:         3.4 (Aug 2023)
# Pipeline mode:   SEARCH
# Query file:      /v3/work/00_inventory/busco/busco_downloads/lineages/plasmodium_odb10/hmms/7530at5820.hmm
# Target file:     /v3/inputs/annotations/plasmodb-68/PvSY56.proteins.fa
# Option settings: hmmsearch --domtblout /v3/work/00_inventory/busco/PvSY56_proteins/run_plasmodium_odb10/hmmer_output/initial_run_results/7530at5820.out --cpu 1 /v3/work/00_inventory/busco/busco_downloads/lineages/plasmodium_odb10/hmms/7530at5820.hmm /v3/inputs/annotations/plasmodb-68/PvSY56.proteins.fa 
# Current dir:     /v3/work/00_inventory/busco
# Date:            Tue May 19 18:19:02 2026
# [ok]
