#                                                                                                             --- full sequence --- -------------- this domain -------------   hmm coord   ali coord   env coord
# target name                                         accession   tlen query name           accession   qlen   E-value  score  bias   #  of  c-Evalue  i-Evalue  score  bias  from    to  from    to  from    to  acc description of target
#                                 ------------------- ---------- ----- -------------------- ---------- ----- --------- ------ ----- --- --- --------- --------- ------ ----- ----- ----- ----- ----- ----- ----- ---- ---------------------
GCA_003402215.1|PVP01_1257000|PVP01_1257000.1|unknown -            388 7573at5820           -            324  4.1e-142  471.4  26.9   1   1  5.4e-144  6.7e-142  470.7  26.9     3   216    16   230     6   235 0.94 -
GCA_003402215.1|PVP01_1457000|PVP01_1457000.1|unknown -            508 7573at5820           -            324   2.9e-32  110.4   6.9   1   1   4.4e-34   5.4e-32  109.6   6.9    24   322   107   390   103   392 0.83 -
GCA_003402215.1|PVP01_1252700|PVP01_1252700.1|unknown -            868 7573at5820           -            324     8e-32  109.0  13.0   1   1     1e-33   1.3e-31  108.3  13.0    23   297   476   736   451   753 0.85 -
GCA_003402215.1|PVP01_0407500|PVP01_0407500.1|unknown -            526 7573at5820           -            324   1.4e-31  108.1  13.0   1   1   1.2e-33   1.4e-31  108.1  13.0    27   296    55   328    46   343 0.83 -
GCA_003402215.1|PVP01_0923700|PVP01_0923700.1|unknown -           2079 7573at5820           -            324   3.8e-30  103.5   6.8   1   2         8   9.9e+02   -3.1   3.6    12   102   609   700   599   758 0.69 -
GCA_003402215.1|PVP01_0923700|PVP01_0923700.1|unknown -           2079 7573at5820           -            324   3.8e-30  103.5   6.8   2   2   3.1e-32   3.8e-30  103.5   6.8    27   299  1584  1845  1573  1859 0.81 -
GCA_003402215.1|PVP01_1216900|PVP01_1216900.1|unknown -            598 7573at5820           -            324   9.4e-30  102.2  14.8   1   2   5.3e-30   6.5e-28   96.1   6.4    32   234   125   316   108   323 0.87 -
GCA_003402215.1|PVP01_1216900|PVP01_1216900.1|unknown -            598 7573at5820           -            324   9.4e-30  102.2  14.8   2   2   0.00047     0.058   10.9   1.2   234   318   351   435   346   442 0.80 -
GCA_003402215.1|PVP01_0830100|PVP01_0830100.1|unknown -            609 7573at5820           -            324   4.2e-29  100.1   0.8   1   1   6.9e-31   8.5e-29   99.0   0.8    35   306   172   433   160   452 0.82 -
GCA_003402215.1|PVP01_0313300|PVP01_0313300.1|unknown -            529 7573at5820           -            324   1.9e-28   97.9   9.7   1   1   2.6e-30   3.2e-28   97.1   9.7    18   298    61   332    42   344 0.86 -
GCA_003402215.1|PVP01_1416000|PVP01_1416000.1|unknown -            372 7573at5820           -            324     2e-26   91.2  10.7   1   1   2.7e-28   3.4e-26   90.5  10.7    24   295   104   361    89   366 0.84 -
GCA_003402215.1|PVP01_0314900|PVP01_0314900.1|unknown -            310 7573at5820           -            324   2.1e-26   91.2   7.9   1   1   2.1e-28   2.5e-26   90.9   7.9    26   295     2   260     1   280 0.79 -
GCA_003402215.1|PVP01_1317900|PVP01_1317900.1|unknown -            810 7573at5820           -            324   1.8e-24   84.8   2.8   1   2   1.7e-24   2.1e-22   78.0   1.2    13   248     5   237     1   246 0.82 -
GCA_003402215.1|PVP01_1317900|PVP01_1317900.1|unknown -            810 7573at5820           -            324   1.8e-24   84.8   2.8   2   2     0.011       1.4    6.3   0.0   233   296   253   310   248   320 0.77 -
GCA_003402215.1|PVP01_1007900|PVP01_1007900.1|unknown -            288 7573at5820           -            324   1.7e-23   81.6   1.8   1   1   1.7e-25     2e-23   81.4   1.8    25   293     9   267     2   282 0.75 -
GCA_003402215.1|PVP01_1312900|PVP01_1312900.1|unknown -            854 7573at5820           -            324   9.2e-23   79.2   0.2   1   1   1.6e-24   1.9e-22   78.2   0.2    68   267   584   773   528   797 0.78 -
GCA_003402215.1|PVP01_1265700|PVP01_1265700.1|unknown -           2535 7573at5820           -            324   2.4e-22   77.9   6.4   1   1   5.3e-24   6.5e-22   76.4   6.4    13   298   103   404    95   422 0.76 -
GCA_003402215.1|PVP01_0831000|PVP01_0831000.1|unknown -           1640 7573at5820           -            324   4.9e-21   73.5   1.2   1   1   6.2e-23   7.7e-21   72.9   1.2    32   251  1376  1598  1358  1615 0.78 -
GCA_003402215.1|PVP01_0909200|PVP01_0909200.1|unknown -            335 7573at5820           -            324   2.1e-20   71.5   7.8   1   2   2.3e-22   2.9e-20   71.0   7.1    26   250    41   252    13   287 0.76 -
GCA_003402215.1|PVP01_0909200|PVP01_0909200.1|unknown -            335 7573at5820           -            324   2.1e-20   71.5   7.8   2   2       4.3   5.4e+02   -2.2   0.0   268   294   301   327   287   330 0.81 -
GCA_003402215.1|PVP01_1115100|PVP01_1115100.1|unknown -           4021 7573at5820           -            324   6.7e-20   69.8   2.2   1   1   5.4e-22   6.7e-20   69.8   2.2   103   297  1266  1448  1219  1458 0.82 -
GCA_003402215.1|PVP01_0422000|PVP01_0422000.1|unknown -           2109 7573at5820           -            324   1.5e-19   68.7   3.8   1   1   2.4e-21   2.9e-19   67.7   3.8    60   295  1698  1924  1686  1940 0.76 -
GCA_003402215.1|PVP01_1143600|PVP01_1143600.1|unknown -            354 7573at5820           -            324   3.7e-19   67.4   0.7   1   1     4e-21   4.9e-19   67.0   0.7    25   295    29   307    14   320 0.79 -
GCA_003402215.1|PVP01_0922500|PVP01_0922500.1|unknown -            600 7573at5820           -            324   6.5e-19   66.6  13.9   1   2   7.7e-11   9.5e-09   33.2  10.5     4   181     9   185     7   196 0.79 -
GCA_003402215.1|PVP01_0922500|PVP01_0922500.1|unknown -            600 7573at5820           -            324   6.5e-19   66.6  13.9   2   2     7e-14   8.7e-12   43.1   0.1   196   321   386   511   382   514 0.85 -
GCA_003402215.1|PVP01_0527200|PVP01_0527200.1|unknown -            625 7573at5820           -            324   1.6e-17   62.0   8.1   1   2   3.2e-18     4e-16   57.4   5.5    24   244   276   492   265   504 0.80 -
GCA_003402215.1|PVP01_0527200|PVP01_0527200.1|unknown -            625 7573at5820           -            324   1.6e-17   62.0   8.1   2   2     0.031       3.9    4.9   0.0   248   295   535   582   511   588 0.74 -
GCA_003402215.1|PVP01_0905700|PVP01_0905700.1|unknown -           1299 7573at5820           -            324   1.7e-17   61.9  10.9   1   2   3.2e-08   3.9e-06   24.6   7.2    49   167   288   404   259   426 0.80 -
GCA_003402215.1|PVP01_0905700|PVP01_0905700.1|unknown -           1299 7573at5820           -            324   1.7e-17   61.9  10.9   2   2   1.9e-12   2.3e-10   38.5   0.1   191   296   529   638   513   649 0.87 -
GCA_003402215.1|PVP01_1446500|PVP01_1446500.1|unknown -           1008 7573at5820           -            324   1.9e-17   61.8   2.9   1   1   2.3e-19   2.8e-17   61.2   2.9    25   273    12   280     4   299 0.71 -
GCA_003402215.1|PVP01_1262500|PVP01_1262500.1|unknown -           1533 7573at5820           -            324   5.3e-17   60.3   4.7   1   2   4.3e-19   5.3e-17   60.3   4.7    96   261   585   750   557   798 0.72 -
GCA_003402215.1|PVP01_1262500|PVP01_1262500.1|unknown -           1533 7573at5820           -            324   5.3e-17   60.3   4.7   2   2       7.3     9e+02   -2.9   0.7   243   317  1445  1519  1441  1523 0.64 -
GCA_003402215.1|PVP01_0827800|PVP01_0827800.1|unknown -            372 7573at5820           -            324   6.4e-17   60.0   2.6   1   1   6.9e-19   8.6e-17   59.6   2.6    10   222   100   308    91   311 0.77 -
GCA_003402215.1|PVP01_1217600|PVP01_1217600.1|unknown -            208 7573at5820           -            324   1.9e-15   55.2   0.0   1   1     7e-17   8.6e-15   53.0   0.0   110   245     3   129     1   199 0.74 -
GCA_003402215.1|PVP01_1115000|PVP01_1115000.1|unknown -            288 7573at5820           -            324   2.9e-15   54.6   0.0   1   2   1.5e-16   1.8e-14   52.0   0.0    26   239     2   205     1   220 0.84 -
GCA_003402215.1|PVP01_1115000|PVP01_1115000.1|unknown -            288 7573at5820           -            324   2.9e-15   54.6   0.0   2   2      0.74        91    0.4   0.0   270   296   259   285   250   287 0.88 -
GCA_003402215.1|PVP01_1424400|PVP01_1424400.1|unknown -            514 7573at5820           -            324   3.9e-15   54.2   4.3   1   3   1.8e-06   0.00022   18.8   0.4   107   164   285   341   265   361 0.90 -
GCA_003402215.1|PVP01_1424400|PVP01_1424400.1|unknown -            514 7573at5820           -            324   3.9e-15   54.2   4.3   2   3      0.46        57    1.0   0.1   253   285   359   391   345   396 0.85 -
GCA_003402215.1|PVP01_1424400|PVP01_1424400.1|unknown -            514 7573at5820           -            324   3.9e-15   54.2   4.3   3   3   3.9e-11   4.8e-09   34.1   0.3   159   298   379   510   366   514 0.82 -
GCA_003402215.1|PVP01_0915400|PVP01_0915400.1|unknown -            708 7573at5820           -            324   4.1e-15   54.1   9.0   1   2   5.1e-15   6.4e-13   46.9   7.4    27   245   372   585   362   599 0.72 -
GCA_003402215.1|PVP01_0915400|PVP01_0915400.1|unknown -            708 7573at5820           -            324   4.1e-15   54.1   9.0   2   2     0.013       1.6    6.1   0.0   267   299   668   700   631   706 0.81 -
GCA_003402215.1|PVP01_0945900|PVP01_0945900.1|unknown -           1818 7573at5820           -            324   8.7e-15   53.0   2.2   1   1   1.4e-16   1.8e-14   52.0   2.2    23   303    72   347    62   368 0.80 -
GCA_003402215.1|PVP01_1261600|PVP01_1261600.1|unknown -            885 7573at5820           -            324     3e-14   51.2  13.6   1   2   3.6e-15   4.5e-13   47.4  13.0     7   239   524   782   517   805 0.69 -
GCA_003402215.1|PVP01_1261600|PVP01_1261600.1|unknown -            885 7573at5820           -            324     3e-14   51.2  13.6   2   2       7.9   9.7e+02   -3.0   0.0   271   296   854   879   850   882 0.88 -
GCA_003402215.1|PVP01_0828800|PVP01_0828800.1|unknown -           3037 7573at5820           -            324   7.7e-14   49.9   0.2   1   1   9.5e-16   1.2e-13   49.3   0.2    96   299   227   438   152   448 0.80 -
GCA_003402215.1|PVP01_1416900|PVP01_1416900.1|unknown -            341 7573at5820           -            324   1.1e-13   49.4   6.2   1   1   1.7e-15   2.1e-13   48.4   6.2    27   238    29   241    19   265 0.73 -
GCA_003402215.1|PVP01_0411500|PVP01_0411500.1|unknown -            344 7573at5820           -            324   1.8e-10   38.8   0.5   1   1   4.4e-12   5.4e-10   37.2   0.5    15   299    16   326     6   343 0.68 -
GCA_003402215.1|PVP01_1264000|PVP01_1264000.1|unknown -           1310 7573at5820           -            324   2.6e-10   38.3   3.1   1   2   2.4e-05    0.0029   15.1   0.4    88   171   922  1001   910  1040 0.72 -
GCA_003402215.1|PVP01_1264000|PVP01_1264000.1|unknown -           1310 7573at5820           -            324   2.6e-10   38.3   3.1   2   2   1.2e-07   1.5e-05   22.6   0.1   177   242  1083  1151  1070  1160 0.80 -
GCA_003402215.1|PVP01_0814500|PVP01_0814500.1|unknown -            325 7573at5820           -            324   2.3e-08   31.9  10.9   1   1     4e-10     5e-08   30.8  10.9    32   241    14   232     4   241 0.73 -
GCA_003402215.1|PVP01_0413200|PVP01_0413200.1|unknown -           1025 7573at5820           -            324   1.2e-07   29.5   0.9   1   1   4.2e-09   5.1e-07   27.5   0.9    25   236   788   998   776  1006 0.67 -
GCA_003402215.1|PVP01_0521800|PVP01_0521800.1|unknown -           1612 7573at5820           -            324   2.3e-07   28.6   3.8   1   3      0.21        26    2.1   0.2    25    89   659   722   649   730 0.85 -
GCA_003402215.1|PVP01_0521800|PVP01_0521800.1|unknown -           1612 7573at5820           -            324   2.3e-07   28.6   3.8   2   3   8.4e-09     1e-06   26.5   0.1   128   248   899  1016   891  1027 0.81 -
GCA_003402215.1|PVP01_0521800|PVP01_0521800.1|unknown -           1612 7573at5820           -            324   2.3e-07   28.6   3.8   3   3       2.8   3.5e+02   -1.6   0.0   245   296  1047  1102  1042  1125 0.77 -
GCA_003402215.1|PVP01_0937400|PVP01_0937400.1|unknown -            323 7573at5820           -            324   8.3e-07   26.8   0.0   1   2      0.36        45    1.4   0.0   197   217    20    40     3    45 0.77 -
GCA_003402215.1|PVP01_0937400|PVP01_0937400.1|unknown -            323 7573at5820           -            324   8.3e-07   26.8   0.0   2   2   8.3e-08     1e-05   23.2   0.0   152   262   125   246   115   287 0.81 -
GCA_003402215.1|PVP01_0837700|PVP01_0837700.1|unknown -           1376 7573at5820           -            324   2.2e-06   25.4   3.2   1   3   0.00081       0.1   10.1   1.2    26   164    52   214    34   221 0.55 -
GCA_003402215.1|PVP01_0837700|PVP01_0837700.1|unknown -           1376 7573at5820           -            324   2.2e-06   25.4   3.2   2   3   0.00088      0.11   10.0   0.0   200   242   724   766   708   795 0.85 -
GCA_003402215.1|PVP01_0837700|PVP01_0837700.1|unknown -           1376 7573at5820           -            324   2.2e-06   25.4   3.2   3   3      0.77        95    0.3   0.0   270   297   837   864   829   884 0.80 -
GCA_003402215.1|PVP01_0513200|PVP01_0513200.1|unknown -            871 7573at5820           -            324   2.5e-06   25.2  11.9   1   2   0.00052     0.064   10.7   4.4    16   131    23   134    12   137 0.80 -
GCA_003402215.1|PVP01_0513200|PVP01_0513200.1|unknown -            871 7573at5820           -            324   2.5e-06   25.2  11.9   2   2   1.5e-06   0.00019   19.0   0.8   108   164   214   269   205   276 0.90 -
GCA_003402215.1|PVP01_0818800|PVP01_0818800.1|unknown -            327 7573at5820           -            324   7.2e-05   20.4   0.2   1   1     1e-06   0.00013   19.6   0.2   104   253    93   238    76   270 0.70 -
GCA_003402215.1|PVP01_0724500|PVP01_0724500.1|unknown -           1237 7573at5820           -            324   0.00019   19.0   1.5   1   2     0.066       8.1    3.8   2.1    27    78   119   169   109   182 0.73 -
GCA_003402215.1|PVP01_0724500|PVP01_0724500.1|unknown -           1237 7573at5820           -            324   0.00019   19.0   1.5   2   2   0.00016      0.02   12.4   0.0   191   235  1097  1141  1074  1149 0.86 -
#
# Program:         hmmsearch
# Version:         3.4 (Aug 2023)
# Pipeline mode:   SEARCH
# Query file:      /v3/work/00_inventory/busco/busco_downloads/lineages/plasmodium_odb10/hmms/7573at5820.hmm
# Target file:     /v3/inputs/annotations/plasmodb-68/PvSY56.proteins.fa
# Option settings: hmmsearch --domtblout /v3/work/00_inventory/busco/PvSY56_proteins/run_plasmodium_odb10/hmmer_output/initial_run_results/7573at5820.out --cpu 1 /v3/work/00_inventory/busco/busco_downloads/lineages/plasmodium_odb10/hmms/7573at5820.hmm /v3/inputs/annotations/plasmodb-68/PvSY56.proteins.fa 
# Current dir:     /v3/work/00_inventory/busco
# Date:            Tue May 19 18:19:14 2026
# [ok]
