#                                                                                                             --- full sequence --- -------------- this domain -------------   hmm coord   ali coord   env coord
# target name                                         accession   tlen query name           accession   qlen   E-value  score  bias   #  of  c-Evalue  i-Evalue  score  bias  from    to  from    to  from    to  acc description of target
#                                 ------------------- ---------- ----- -------------------- ---------- ----- --------- ------ ----- --- --- --------- --------- ------ ----- ----- ----- ----- ----- ----- ----- ---- ---------------------
GCA_003402215.1|PVP01_1416000|PVP01_1416000.1|unknown -            372 7744at5820           -            303  1.1e-176  584.6  27.0   1   1  3.1e-177  3.2e-175  579.8  27.0     2   302    13   361    12   362 0.94 -
GCA_003402215.1|PVP01_1252700|PVP01_1252700.1|unknown -            868 7744at5820           -            303   5.1e-39  132.5   9.5   1   1   2.1e-40   2.2e-38  130.5   9.5    62   303   478   735   465   735 0.90 -
GCA_003402215.1|PVP01_1216900|PVP01_1216900.1|unknown -            598 7744at5820           -            303   8.2e-36  122.0   7.0   1   2   1.4e-32   1.5e-30  104.8   4.4    68   263   124   317   102   324 0.86 -
GCA_003402215.1|PVP01_1216900|PVP01_1216900.1|unknown -            598 7744at5820           -            303   8.2e-36  122.0   7.0   2   2   4.9e-06   0.00051   17.6   0.0   259   302   367   410   359   411 0.88 -
GCA_003402215.1|PVP01_0407500|PVP01_0407500.1|unknown -            526 7744at5820           -            303   1.5e-35  121.2  10.4   1   2   4.5e-32   4.7e-30  103.1   5.2    63   273    54   279    48   284 0.83 -
GCA_003402215.1|PVP01_0407500|PVP01_0407500.1|unknown -            526 7744at5820           -            303   1.5e-35  121.2  10.4   2   2   8.9e-07   9.2e-05   20.0   0.3   260   302   285   327   277   328 0.89 -
GCA_003402215.1|PVP01_1457000|PVP01_1457000.1|unknown -            508 7744at5820           -            303   1.4e-32  111.4   3.3   1   1   4.4e-33   4.6e-31  106.4   3.3    63   273   109   316   104   365 0.82 -
GCA_003402215.1|PVP01_1143600|PVP01_1143600.1|unknown -            354 7744at5820           -            303   2.9e-32  110.4   0.1   1   2   2.4e-32   2.5e-30  104.0   0.0    60   264    27   241     4   250 0.87 -
GCA_003402215.1|PVP01_1143600|PVP01_1143600.1|unknown -            354 7744at5820           -            303   2.9e-32  110.4   0.1   2   2     0.054       5.6    4.3   0.0   268   300   273   305   258   308 0.84 -
GCA_003402215.1|PVP01_0313300|PVP01_0313300.1|unknown -            529 7744at5820           -            303   1.5e-31  108.0   8.5   1   1   7.1e-32   7.4e-30  102.4   8.5    64   271    70   279    60   330 0.81 -
GCA_003402215.1|PVP01_0923700|PVP01_0923700.1|unknown -           2079 7744at5820           -            303   2.4e-31  107.3   3.7   1   1   1.5e-32   1.6e-30  104.6   3.7    61   302  1581  1841  1573  1842 0.83 -
GCA_003402215.1|PVP01_0830100|PVP01_0830100.1|unknown -            609 7744at5820           -            303   5.4e-31  106.2   0.1   1   1   5.2e-31   5.4e-29   99.6   0.1    67   303   167   421   153   421 0.82 -
GCA_003402215.1|PVP01_1007900|PVP01_1007900.1|unknown -            288 7744at5820           -            303   7.5e-29   99.1   1.6   1   2   1.6e-30   1.7e-28   98.0   1.0    65   274    12   223     7   227 0.80 -
GCA_003402215.1|PVP01_1007900|PVP01_1007900.1|unknown -            288 7744at5820           -            303   7.5e-29   99.1   1.6   2   2       2.3   2.4e+02   -1.0   0.0   271   300   238   267   233   270 0.85 -
GCA_003402215.1|PVP01_1115000|PVP01_1115000.1|unknown -            288 7744at5820           -            303   1.6e-28   98.0   0.0   1   2   1.1e-27   1.1e-25   88.7   0.0    68   263     7   201     1   212 0.85 -
GCA_003402215.1|PVP01_1115000|PVP01_1115000.1|unknown -            288 7744at5820           -            303   1.6e-28   98.0   0.0   2   2    0.0059      0.62    7.5   0.0   271   302   253   284   241   285 0.87 -
GCA_003402215.1|PVP01_0831000|PVP01_0831000.1|unknown -           1640 7744at5820           -            303   3.2e-27   93.8   2.1   1   1   4.6e-29   4.8e-27   93.2   2.1    63   278  1369  1597  1364  1617 0.87 -
GCA_003402215.1|PVP01_1115100|PVP01_1115100.1|unknown -           4021 7744at5820           -            303     2e-26   91.2   2.5   1   1   3.1e-28   3.3e-26   90.5   2.5    70   301  1199  1445  1185  1447 0.83 -
GCA_003402215.1|PVP01_1265700|PVP01_1265700.1|unknown -           2535 7744at5820           -            303   2.7e-26   90.7   6.5   1   1   7.9e-26   8.2e-24   82.6   6.5    58   302   112   401   104   402 0.76 -
GCA_003402215.1|PVP01_1317900|PVP01_1317900.1|unknown -            810 7744at5820           -            303   3.8e-23   80.4   2.4   1   1   6.4e-25   6.7e-23   79.6   2.4    62   264    17   225    12   266 0.82 -
GCA_003402215.1|PVP01_0909200|PVP01_0909200.1|unknown -            335 7744at5820           -            303     1e-22   79.0   6.4   1   2   3.3e-24   3.4e-22   77.3   2.7    49   267    26   240    11   257 0.82 -
GCA_003402215.1|PVP01_0909200|PVP01_0909200.1|unknown -            335 7744at5820           -            303     1e-22   79.0   6.4   2   2       0.1        11    3.4   0.1   257   302   282   328   259   329 0.77 -
GCA_003402215.1|PVP01_0527200|PVP01_0527200.1|unknown -            625 7744at5820           -            303   8.7e-22   75.9   3.1   1   1   1.6e-23   1.7e-21   75.0   3.1    62   263   277   483   270   508 0.81 -
GCA_003402215.1|PVP01_1312900|PVP01_1312900.1|unknown -            854 7744at5820           -            303   4.2e-21   73.7   2.6   1   3       1.6   1.7e+02   -0.6   0.2    24    82    66   124    47   140 0.69 -
GCA_003402215.1|PVP01_1312900|PVP01_1312900.1|unknown -            854 7744at5820           -            303   4.2e-21   73.7   2.6   2   3      0.21        22    2.4   0.0   158   192   505   540   494   547 0.79 -
GCA_003402215.1|PVP01_1312900|PVP01_1312900.1|unknown -            854 7744at5820           -            303   4.2e-21   73.7   2.6   3   3   5.9e-22   6.1e-20   69.9   0.1    67   266   544   740   536   753 0.87 -
GCA_003402215.1|PVP01_1446500|PVP01_1446500.1|unknown -           1008 7744at5820           -            303   9.2e-21   72.6   2.4   1   1   4.9e-22   5.1e-20   70.1   2.4    62   271    12   249     9   265 0.79 -
GCA_003402215.1|PVP01_1424400|PVP01_1424400.1|unknown -            514 7744at5820           -            303   1.3e-19   68.8   7.3   1   2   1.7e-09   1.7e-07   29.0   5.0    91   194   236   340   227   356 0.88 -
GCA_003402215.1|PVP01_1424400|PVP01_1424400.1|unknown -            514 7744at5820           -            303   1.3e-19   68.8   7.3   2   2   1.1e-12   1.1e-10   39.4   0.0   199   302   393   507   379   508 0.82 -
GCA_003402215.1|PVP01_0118800|PVP01_0118800.1|unknown -            816 7744at5820           -            303   2.3e-19   68.0   3.1   1   1   3.4e-21   3.5e-19   67.4   3.1    69   271   504   707   493   715 0.80 -
GCA_003402215.1|PVP01_0827800|PVP01_0827800.1|unknown -            372 7744at5820           -            303   1.3e-18   65.5   0.8   1   1   1.7e-20   1.7e-18   65.1   0.8    65   250   118   308   113   311 0.86 -
GCA_003402215.1|PVP01_0922500|PVP01_0922500.1|unknown -            600 7744at5820           -            303   1.7e-18   65.1   6.7   1   2     2e-16     2e-14   51.7   6.4    46   214    18   191     6   204 0.84 -
GCA_003402215.1|PVP01_0922500|PVP01_0922500.1|unknown -            600 7744at5820           -            303   1.7e-18   65.1   6.7   2   2   0.00078     0.081   10.4   0.0   219   302   384   483   373   484 0.73 -
GCA_003402215.1|PVP01_0521800|PVP01_0521800.1|unknown -           1612 7744at5820           -            303   2.6e-17   61.3   2.6   1   2   0.00053     0.055   10.9   0.6    39   131   636   727   614   731 0.81 -
GCA_003402215.1|PVP01_0521800|PVP01_0521800.1|unknown -           1612 7744at5820           -            303   2.6e-17   61.3   2.6   2   2   6.6e-16   6.9e-14   50.0   0.1   163   271   903  1011   890  1025 0.81 -
GCA_003402215.1|PVP01_0314900|PVP01_0314900.1|unknown -            310 7744at5820           -            303   3.5e-17   60.8   2.8   1   1   4.5e-19   4.6e-17   60.4   2.8    65   264     4   205     1   261 0.84 -
GCA_003402215.1|PVP01_1262500|PVP01_1262500.1|unknown -           1533 7744at5820           -            303   1.8e-16   58.5   2.2   1   3     0.022       2.3    5.6   4.3    38   166   439   575   420   591 0.65 -
GCA_003402215.1|PVP01_1262500|PVP01_1262500.1|unknown -           1533 7744at5820           -            303   1.8e-16   58.5   2.2   2   3   1.7e-18   1.8e-16   58.5   2.2   134   263   592   723   575   775 0.82 -
GCA_003402215.1|PVP01_1262500|PVP01_1262500.1|unknown -           1533 7744at5820           -            303   1.8e-16   58.5   2.2   3   3       4.4   4.6e+02   -2.0   0.4   170   201   866   909   797   923 0.59 -
GCA_003402215.1|PVP01_0814500|PVP01_0814500.1|unknown -            325 7744at5820           -            303     2e-16   58.3  11.4   1   1   5.8e-18     6e-16   56.8  11.4    70   223    15   173     5   227 0.73 -
GCA_003402215.1|PVP01_1416900|PVP01_1416900.1|unknown -            341 7744at5820           -            303     1e-15   56.0   0.3   1   1   1.5e-17   1.6e-15   55.4   0.3    65   282    30   258    21   268 0.77 -
GCA_003402215.1|PVP01_1257000|PVP01_1257000.1|unknown -            388 7744at5820           -            303   1.4e-14   52.3   8.9   1   1   1.8e-16   1.8e-14   51.9   8.9    60   235    38   224    15   230 0.75 -
GCA_003402215.1|PVP01_1217600|PVP01_1217600.1|unknown -            208 7744at5820           -            303   5.2e-14   50.4   0.3   1   2   3.1e-14   3.2e-12   44.5   0.1   147   264     6   120     2   139 0.88 -
GCA_003402215.1|PVP01_1217600|PVP01_1217600.1|unknown -            208 7744at5820           -            303   5.2e-14   50.4   0.3   2   2     0.056       5.9    4.3   0.0   264   302   157   196   149   197 0.76 -
GCA_003402215.1|PVP01_0945900|PVP01_0945900.1|unknown -           1818 7744at5820           -            303   7.1e-14   50.0   0.3   1   1   1.1e-15   1.1e-13   49.3   0.3    63   257    75   270    66   282 0.80 -
GCA_003402215.1|PVP01_0422000|PVP01_0422000.1|unknown -           2109 7744at5820           -            303   6.6e-13   46.8   1.0   1   1   1.1e-14   1.1e-12   46.0   1.0    91   263  1693  1867  1686  1886 0.79 -
GCA_003402215.1|PVP01_0921900|PVP01_0921900.1|unknown -           1608 7744at5820           -            303   1.3e-12   45.8   8.8   1   2   0.00012     0.013   13.0   3.0    62   160   194   285   175   293 0.81 -
GCA_003402215.1|PVP01_0921900|PVP01_0921900.1|unknown -           1608 7744at5820           -            303   1.3e-12   45.8   8.8   2   2   1.4e-11   1.4e-09   35.8   0.3   164   259   365   460   355   477 0.82 -
GCA_003402215.1|PVP01_1125700|PVP01_1125700.1|unknown -           2212 7744at5820           -            303   1.2e-11   42.6   4.5   1   2     0.025       2.6    5.4   0.4    55    96   893   938   853   963 0.73 -
GCA_003402215.1|PVP01_1125700|PVP01_1125700.1|unknown -           2212 7744at5820           -            303   1.2e-11   42.6   4.5   2   2   1.2e-13   1.2e-11   42.6   4.5    88   272  1978  2160  1971  2170 0.80 -
GCA_003402215.1|PVP01_1464600|PVP01_1464600.1|unknown -            779 7744at5820           -            303   1.7e-11   42.1   8.4   1   1   1.6e-13   1.7e-11   42.1   8.4    70   266    29   245    15   293 0.74 -
GCA_003402215.1|PVP01_1264000|PVP01_1264000.1|unknown -           1310 7744at5820           -            303     2e-11   41.9  10.2   1   3   1.5e-09   1.6e-07   29.1   4.3   122   197   919   996   913  1007 0.85 -
GCA_003402215.1|PVP01_1264000|PVP01_1264000.1|unknown -           1310 7744at5820           -            303     2e-11   41.9  10.2   2   3   0.00075     0.078   10.4   0.1   200   255  1086  1136  1076  1147 0.77 -
GCA_003402215.1|PVP01_1264000|PVP01_1264000.1|unknown -           1310 7744at5820           -            303     2e-11   41.9  10.2   3   3     0.073       7.6    3.9   0.0   270   302  1268  1301  1256  1302 0.77 -
GCA_003402215.1|PVP01_0411500|PVP01_0411500.1|unknown -            344 7744at5820           -            303   2.4e-11   41.7   0.0   1   2   1.1e-12   1.1e-10   39.4   0.0   169   265   155   250    78   256 0.90 -
GCA_003402215.1|PVP01_0411500|PVP01_0411500.1|unknown -            344 7744at5820           -            303   2.4e-11   41.7   0.0   2   2       2.5   2.6e+02   -1.2   0.0   277   302   297   322   290   323 0.79 -
GCA_003402215.1|PVP01_0104700|PVP01_0104700.1|unknown -           1294 7744at5820           -            303   2.4e-11   41.6  10.0   1   2   2.3e-13   2.4e-11   41.6  10.0    74   211   750   890   734   900 0.84 -
GCA_003402215.1|PVP01_0104700|PVP01_0104700.1|unknown -           1294 7744at5820           -            303   2.4e-11   41.6  10.0   2   2      0.44        46    1.3   0.6   221   263  1139  1177  1123  1208 0.68 -
GCA_003402215.1|PVP01_1300900|PVP01_1300900.1|unknown -            296 7744at5820           -            303   8.1e-11   39.9   9.0   1   1     2e-12   2.1e-10   38.6   9.0   105   272    64   229    38   276 0.81 -
GCA_003402215.1|PVP01_1121300|PVP01_1121300.1|unknown -           2704 7744at5820           -            303   1.4e-10   39.1   0.6   1   2    0.0082      0.85    7.0   0.0    71   130  1946  2008  1935  2044 0.81 -
GCA_003402215.1|PVP01_1121300|PVP01_1121300.1|unknown -           2704 7744at5820           -            303   1.4e-10   39.1   0.6   2   2   1.4e-09   1.5e-07   29.2   0.2   153   214  2414  2476  2409  2507 0.86 -
GCA_003402215.1|PVP01_0948600|PVP01_0948600.1|unknown -           1460 7744at5820           -            303   2.5e-10   38.3   5.6   1   3       1.6   1.7e+02   -0.5   0.1   133   167  1109  1142  1097  1152 0.82 -
GCA_003402215.1|PVP01_0948600|PVP01_0948600.1|unknown -           1460 7744at5820           -            303   2.5e-10   38.3   5.6   2   3   3.3e-12   3.5e-10   37.8   1.2    71   275  1186  1405  1172  1414 0.71 -
GCA_003402215.1|PVP01_0948600|PVP01_0948600.1|unknown -           1460 7744at5820           -            303   2.5e-10   38.3   5.6   3   3       3.4   3.5e+02   -1.6   0.0   268   301  1420  1453  1405  1455 0.82 -
GCA_003402215.1|PVP01_0905700|PVP01_0905700.1|unknown -           1299 7744at5820           -            303   2.7e-10   38.2  15.2   1   2   9.2e-07   9.6e-05   20.0   9.0   106   197   311   403   282   416 0.78 -
GCA_003402215.1|PVP01_0905700|PVP01_0905700.1|unknown -           1299 7744at5820           -            303   2.7e-10   38.2  15.2   2   2   3.1e-07   3.3e-05   21.5   0.4   221   266   534   576   528   598 0.80 -
GCA_003402215.1|PVP01_1261600|PVP01_1261600.1|unknown -            885 7744at5820           -            303   4.3e-10   37.5  16.9   1   3   3.7e-11   3.8e-09   34.4   5.2    61   196   552   691   538   698 0.82 -
GCA_003402215.1|PVP01_1261600|PVP01_1261600.1|unknown -            885 7744at5820           -            303   4.3e-10   37.5  16.9   2   3    0.0048       0.5    7.8   0.0   188   259   708   774   693   788 0.81 -
GCA_003402215.1|PVP01_1261600|PVP01_1261600.1|unknown -            885 7744at5820           -            303   4.3e-10   37.5  16.9   3   3      0.26        27    2.1   0.0   276   302   852   878   837   879 0.84 -
GCA_003402215.1|PVP01_1215800|PVP01_1215800.1|unknown -            977 7744at5820           -            303   1.5e-09   35.8   0.0   1   3      0.39        40    1.5   0.0    64    88   462   486   455   503 0.81 -
GCA_003402215.1|PVP01_1215800|PVP01_1215800.1|unknown -            977 7744at5820           -            303   1.5e-09   35.8   0.0   2   3   4.3e-10   4.5e-08   30.9   0.0   159   259   590   697   578   714 0.78 -
GCA_003402215.1|PVP01_1215800|PVP01_1215800.1|unknown -            977 7744at5820           -            303   1.5e-09   35.8   0.0   3   3         4   4.2e+02   -1.8   0.0   275   302   947   974   944   975 0.89 -
GCA_003402215.1|PVP01_0828800|PVP01_0828800.1|unknown -           3037 7744at5820           -            303   4.4e-08   30.9   0.7   1   1   6.6e-10   6.8e-08   30.3   0.7   122   259   220   369   170   388 0.73 -
GCA_003402215.1|PVP01_0413200|PVP01_0413200.1|unknown -           1025 7744at5820           -            303   1.2e-07   29.5   0.3   1   1   2.1e-09   2.2e-07   28.6   0.3   140   264   873   998   793  1008 0.74 -
GCA_003402215.1|PVP01_0837700|PVP01_0837700.1|unknown -           1376 7744at5820           -            303   1.2e-06   26.2   2.0   1   3     0.075       7.8    3.8   0.1   137   194   152   213   114   220 0.80 -
GCA_003402215.1|PVP01_0837700|PVP01_0837700.1|unknown -           1376 7744at5820           -            303   1.2e-06   26.2   2.0   2   3   2.3e-05    0.0024   15.4   0.0   194   293   695   788   687   800 0.78 -
GCA_003402215.1|PVP01_0837700|PVP01_0837700.1|unknown -           1376 7744at5820           -            303   1.2e-06   26.2   2.0   3   3     0.052       5.4    4.4   0.0   274   302   834   862   806   863 0.72 -
GCA_003402215.1|PVP01_0907600|PVP01_0907600.1|unknown -           1354 7744at5820           -            303     1e-05   23.1   1.5   1   3    0.0058      0.61    7.5   0.1    91   162   805   872   794   876 0.86 -
GCA_003402215.1|PVP01_0907600|PVP01_0907600.1|unknown -           1354 7744at5820           -            303     1e-05   23.1   1.5   2   3   0.00023     0.024   12.1   0.0   179   210  1101  1133  1073  1149 0.79 -
GCA_003402215.1|PVP01_0907600|PVP01_0907600.1|unknown -           1354 7744at5820           -            303     1e-05   23.1   1.5   3   3       1.2   1.2e+02   -0.1   0.0   242   268  1258  1284  1242  1296 0.81 -
GCA_003402215.1|PVP01_0513200|PVP01_0513200.1|unknown -            871 7744at5820           -            303   2.1e-05   22.1   8.9   1   2   0.00029      0.03   11.8   3.0    62   151    32   118     7   129 0.79 -
GCA_003402215.1|PVP01_0513200|PVP01_0513200.1|unknown -            871 7744at5820           -            303   2.1e-05   22.1   8.9   2   2   7.4e-05    0.0078   13.7   0.3   123   194   199   268   187   276 0.74 -
GCA_003402215.1|PVP01_0733500|PVP01_0733500.1|unknown -            229 7744at5820           -            303    0.0016   15.9   0.2   1   1     2e-05    0.0021   15.6   0.2    61   145    29   114    23   154 0.88 -
GCA_003402215.1|PVP01_0319700|PVP01_0319700.1|unknown -           1687 7744at5820           -            303     0.051   11.0   0.3   1   2    0.0082      0.86    7.0   0.2   162   206   157   201   150   206 0.88 -
GCA_003402215.1|PVP01_0319700|PVP01_0319700.1|unknown -           1687 7744at5820           -            303     0.051   11.0   0.3   2   2      0.35        36    1.6   0.0   236   264   305   334   271   346 0.76 -
#
# Program:         hmmsearch
# Version:         3.4 (Aug 2023)
# Pipeline mode:   SEARCH
# Query file:      /v3/work/00_inventory/busco/busco_downloads/lineages/plasmodium_odb10/hmms/7744at5820.hmm
# Target file:     /v3/inputs/annotations/plasmodb-68/PvSY56.proteins.fa
# Option settings: hmmsearch --domtblout /v3/work/00_inventory/busco/PvSY56_proteins/run_plasmodium_odb10/hmmer_output/initial_run_results/7744at5820.out --cpu 1 /v3/work/00_inventory/busco/busco_downloads/lineages/plasmodium_odb10/hmms/7744at5820.hmm /v3/inputs/annotations/plasmodb-68/PvSY56.proteins.fa 
# Current dir:     /v3/work/00_inventory/busco
# Date:            Tue May 19 18:19:44 2026
# [ok]
