#                                                                                                             --- full sequence --- -------------- this domain -------------   hmm coord   ali coord   env coord
# target name                                         accession   tlen query name           accession   qlen   E-value  score  bias   #  of  c-Evalue  i-Evalue  score  bias  from    to  from    to  from    to  acc description of target
#                                 ------------------- ---------- ----- -------------------- ---------- ----- --------- ------ ----- --- --- --------- --------- ------ ----- ----- ----- ----- ----- ----- ----- ---- ---------------------
GCA_003402215.1|PVP01_1458800|PVP01_1458800.1|unknown -            336 8037at5820           -            295  2.2e-185  612.7   4.5   1   1  2.4e-188  2.5e-185  612.5   4.5     1   295     5   331     5   331 0.96 -
GCA_003402215.1|PVP01_1243600|PVP01_1243600.1|unknown -            344 8037at5820           -            295   3.8e-51  172.0   0.6   1   1   4.9e-54   5.2e-51  171.6   0.6    12   235    13   253     6   272 0.86 -
GCA_003402215.1|PVP01_0407000|PVP01_0407000.1|unknown -            330 8037at5820           -            295   8.9e-46  154.4   3.8   1   1   1.2e-48   1.3e-45  153.9   3.8    14   251     6   268     2   287 0.84 -
GCA_003402215.1|PVP01_0405400|PVP01_0405400.1|unknown -            953 8037at5820           -            295   4.7e-12   43.7   4.8   1   2     0.001       1.1    6.4   0.1    12    37   402   428   396   439 0.82 -
GCA_003402215.1|PVP01_0405400|PVP01_0405400.1|unknown -            953 8037at5820           -            295   4.7e-12   43.7   4.8   2   2   2.7e-13   2.9e-10   37.8   1.7    59   212   475   641   442   680 0.74 -
GCA_003402215.1|PVP01_0911900|PVP01_0911900.1|unknown -            349 8037at5820           -            295   1.2e-08   32.5   0.2   1   2   6.6e-10     7e-07   26.7   0.0    97   180   121   203     1   238 0.80 -
GCA_003402215.1|PVP01_0911900|PVP01_0911900.1|unknown -            349 8037at5820           -            295   1.2e-08   32.5   0.2   2   2      0.49   5.2e+02   -2.4   0.0   208   234   270   296   262   323 0.76 -
#
# Program:         hmmsearch
# Version:         3.4 (Aug 2023)
# Pipeline mode:   SEARCH
# Query file:      /v3/work/00_inventory/busco/busco_downloads/lineages/plasmodium_odb10/hmms/8037at5820.hmm
# Target file:     /v3/inputs/annotations/plasmodb-68/PvSY56.proteins.fa
# Option settings: hmmsearch --domtblout /v3/work/00_inventory/busco/PvSY56_proteins/run_plasmodium_odb10/hmmer_output/initial_run_results/8037at5820.out --cpu 1 /v3/work/00_inventory/busco/busco_downloads/lineages/plasmodium_odb10/hmms/8037at5820.hmm /v3/inputs/annotations/plasmodb-68/PvSY56.proteins.fa 
# Current dir:     /v3/work/00_inventory/busco
# Date:            Tue May 19 18:20:53 2026
# [ok]
