#                                                                                                             --- full sequence --- -------------- this domain -------------   hmm coord   ali coord   env coord
# target name                                         accession   tlen query name           accession   qlen   E-value  score  bias   #  of  c-Evalue  i-Evalue  score  bias  from    to  from    to  from    to  acc description of target
#                                 ------------------- ---------- ----- -------------------- ---------- ----- --------- ------ ----- --- --- --------- --------- ------ ----- ----- ----- ----- ----- ----- ----- ---- ---------------------
GCA_003402215.1|PVP01_1224800|PVP01_1224800.1|unknown -            455 8046at5820           -            351  5.3e-147  487.9  20.6   1   3   1.5e-27     2e-24   84.8   0.1     1    79     1    86     1    93 0.93 -
GCA_003402215.1|PVP01_1224800|PVP01_1224800.1|unknown -            455 8046at5820           -            351  5.3e-147  487.9  20.6   2   3   5.3e-61   7.1e-58  194.8  11.4    80   208   141   270   137   276 0.96 -
GCA_003402215.1|PVP01_1224800|PVP01_1224800.1|unknown -            455 8046at5820           -            351  5.3e-147  487.9  20.6   3   3     1e-66   1.4e-63  213.6   0.2   194   351   291   455   275   455 0.88 -
GCA_003402215.1|PVP01_1315300|PVP01_1315300.1|unknown -            149 8046at5820           -            351    0.0016   16.1   0.1   1   2    0.0045         6    4.3   0.0    94   164     5    73     2    78 0.78 -
GCA_003402215.1|PVP01_1315300|PVP01_1315300.1|unknown -            149 8046at5820           -            351    0.0016   16.1   0.1   2   2   0.00012      0.16    9.4   0.1   106   163    90   145    85   147 0.82 -
GCA_003402215.1|PVP01_0204500|PVP01_0204500.1|unknown -           1479 8046at5820           -            351    0.0094   13.5   1.1   1   1   9.9e-06     0.013   13.0   1.1   104   161    32    88     8    95 0.84 -
GCA_003402215.1|PVP01_0612800|PVP01_0612800.1|unknown -            175 8046at5820           -            351      0.01   13.4   2.5   1   2    0.0011       1.5    6.3   0.1   133   160    33    60    24    64 0.85 -
GCA_003402215.1|PVP01_0612800|PVP01_0612800.1|unknown -            175 8046at5820           -            351      0.01   13.4   2.5   2   2   0.00058      0.77    7.2   0.5   106   163   113   168   106   175 0.81 -
#
# Program:         hmmsearch
# Version:         3.4 (Aug 2023)
# Pipeline mode:   SEARCH
# Query file:      /v3/work/00_inventory/busco/busco_downloads/lineages/plasmodium_odb10/hmms/8046at5820.hmm
# Target file:     /v3/inputs/annotations/plasmodb-68/PvSY56.proteins.fa
# Option settings: hmmsearch --domtblout /v3/work/00_inventory/busco/PvSY56_proteins/run_plasmodium_odb10/hmmer_output/initial_run_results/8046at5820.out --cpu 1 /v3/work/00_inventory/busco/busco_downloads/lineages/plasmodium_odb10/hmms/8046at5820.hmm /v3/inputs/annotations/plasmodb-68/PvSY56.proteins.fa 
# Current dir:     /v3/work/00_inventory/busco
# Date:            Tue May 19 18:20:59 2026
# [ok]
