#                                                                                                             --- full sequence --- -------------- this domain -------------   hmm coord   ali coord   env coord
# target name                                         accession   tlen query name           accession   qlen   E-value  score  bias   #  of  c-Evalue  i-Evalue  score  bias  from    to  from    to  from    to  acc description of target
#                                 ------------------- ---------- ----- -------------------- ---------- ----- --------- ------ ----- --- --- --------- --------- ------ ----- ----- ----- ----- ----- ----- ----- ---- ---------------------
GCA_003402215.1|PVP01_0909200|PVP01_0909200.1|unknown -            335 8091at5820           -            238  1.2e-169  560.0  12.3   1   1  1.4e-171  1.6e-169  559.6  12.3     1   238    96   333    96   333 1.00 -
GCA_003402215.1|PVP01_1115000|PVP01_1115000.1|unknown -            288 8091at5820           -            238   1.6e-34  117.7   0.0   1   1   1.7e-36     2e-34  117.4   0.0     2   235    61   286    60   288 0.89 -
GCA_003402215.1|PVP01_1217600|PVP01_1217600.1|unknown -            208 8091at5820           -            238   2.3e-30  104.1   0.9   1   2   1.5e-22   1.8e-20   71.7   0.1    22   161     2   138     1   144 0.89 -
GCA_003402215.1|PVP01_1217600|PVP01_1217600.1|unknown -            208 8091at5820           -            238   2.3e-30  104.1   0.9   2   2   3.2e-10   3.8e-08   31.4   0.1   188   236   150   199   143   201 0.83 -
GCA_003402215.1|PVP01_1317900|PVP01_1317900.1|unknown -            810 8091at5820           -            238   8.4e-30  102.3   1.3   1   1   1.1e-31   1.3e-29  101.6   1.3     2   235    79   311    78   314 0.83 -
GCA_003402215.1|PVP01_0527200|PVP01_0527200.1|unknown -            625 8091at5820           -            238   1.3e-29  101.6   3.6   1   1   1.5e-31   1.8e-29  101.2   3.6     3   235   341   584   339   587 0.80 -
GCA_003402215.1|PVP01_0521800|PVP01_0521800.1|unknown -           1612 8091at5820           -            238   4.1e-25   86.9   0.0   1   1   5.4e-27   6.4e-25   86.3   0.0    37   234   898  1102   891  1104 0.84 -
GCA_003402215.1|PVP01_1252700|PVP01_1252700.1|unknown -            868 8091at5820           -            238   2.2e-20   71.4   0.7   1   2   8.1e-22   9.5e-20   69.4   0.6    16   148   552   685   539   702 0.85 -
GCA_003402215.1|PVP01_1252700|PVP01_1252700.1|unknown -            868 8091at5820           -            238   2.2e-20   71.4   0.7   2   2       2.7   3.2e+02   -1.1   0.0   208   235   709   736   703   739 0.89 -
GCA_003402215.1|PVP01_0407500|PVP01_0407500.1|unknown -            526 8091at5820           -            238   2.8e-20   71.1   8.9   1   2     2e-18   2.4e-16   58.2   5.0     1   156   128   283   128   293 0.85 -
GCA_003402215.1|PVP01_0407500|PVP01_0407500.1|unknown -            526 8091at5820           -            238   2.8e-20   71.1   8.9   2   2   5.2e-05    0.0061   14.3   0.1   202   232   296   326   285   332 0.85 -
GCA_003402215.1|PVP01_0313300|PVP01_0313300.1|unknown -            529 8091at5820           -            238   4.5e-20   70.4   8.4   1   3       2.1   2.5e+02   -0.8   0.1    87   106    87   106    59   143 0.70 -
GCA_003402215.1|PVP01_0313300|PVP01_0313300.1|unknown -            529 8091at5820           -            238   4.5e-20   70.4   8.4   2   3   3.5e-18   4.2e-16   57.4   3.7    35   166   164   295   129   303 0.86 -
GCA_003402215.1|PVP01_0313300|PVP01_0313300.1|unknown -            529 8091at5820           -            238   4.5e-20   70.4   8.4   3   3   6.1e-05    0.0072   14.1   0.1   203   234   299   330   290   333 0.89 -
GCA_003402215.1|PVP01_0814500|PVP01_0814500.1|unknown -            325 8091at5820           -            238   1.9e-19   68.4   5.5   1   2       1.6   1.9e+02   -0.3   1.3   191   223    70   103    11   114 0.52 -
GCA_003402215.1|PVP01_0814500|PVP01_0814500.1|unknown -            325 8091at5820           -            238   1.9e-19   68.4   5.5   2   2   1.6e-21   1.9e-19   68.4   5.5    31   233   100   308    72   311 0.79 -
GCA_003402215.1|PVP01_1216900|PVP01_1216900.1|unknown -            598 8091at5820           -            238   2.6e-19   67.9   4.2   1   2   2.8e-20   3.3e-18   64.3   2.0     1   131   176   307   176   317 0.85 -
GCA_003402215.1|PVP01_1216900|PVP01_1216900.1|unknown -            598 8091at5820           -            238   2.6e-19   67.9   4.2   2   2      0.13        15    3.3   0.0   200   236   377   413   359   415 0.82 -
GCA_003402215.1|PVP01_1416900|PVP01_1416900.1|unknown -            341 8091at5820           -            238   1.5e-18   65.4   0.2   1   1   1.7e-20     2e-18   65.0   0.2    36   234   131   340    83   341 0.83 -
GCA_003402215.1|PVP01_0830100|PVP01_0830100.1|unknown -            609 8091at5820           -            238   5.4e-18   63.6   0.4   1   2   1.5e-16   1.8e-14   52.1   0.3     1   148   220   368   220   388 0.80 -
GCA_003402215.1|PVP01_0830100|PVP01_0830100.1|unknown -            609 8091at5820           -            238   5.4e-18   63.6   0.4   2   2    0.0018      0.21    9.3   0.0   203   235   390   422   375   424 0.91 -
GCA_003402215.1|PVP01_0827800|PVP01_0827800.1|unknown -            372 8091at5820           -            238     6e-18   63.5   0.1   1   1   1.2e-19   1.4e-17   62.3   0.0    42   128   222   308   219   312 0.97 -
GCA_003402215.1|PVP01_0314900|PVP01_0314900.1|unknown -            310 8091at5820           -            238   6.9e-18   63.3   0.9   1   1   8.8e-20     1e-17   62.7   0.9    23   145    89   208    75   243 0.82 -
GCA_003402215.1|PVP01_1416000|PVP01_1416000.1|unknown -            372 8091at5820           -            238     4e-17   60.8   7.7   1   2   5.8e-19   6.9e-17   60.0   6.1     2   143   167   311   166   322 0.85 -
GCA_003402215.1|PVP01_1416000|PVP01_1416000.1|unknown -            372 8091at5820           -            238     4e-17   60.8   7.7   2   2       1.6   1.9e+02   -0.3   0.0   203   233   331   361   317   365 0.84 -
GCA_003402215.1|PVP01_0923700|PVP01_0923700.1|unknown -           2079 8091at5820           -            238     3e-16   57.9   0.3   1   2   2.6e-16     3e-14   51.4   0.1     1   145  1642  1788  1642  1808 0.79 -
GCA_003402215.1|PVP01_0923700|PVP01_0923700.1|unknown -           2079 8091at5820           -            238     3e-16   57.9   0.3   2   2     0.067       7.9    4.2   0.0   207   234  1815  1842  1808  1845 0.90 -
GCA_003402215.1|PVP01_1261600|PVP01_1261600.1|unknown -            885 8091at5820           -            238   8.5e-15   53.2   0.7   1   2   1.5e-07   1.8e-05   22.6   0.1    27    76   643   692   629   716 0.87 -
GCA_003402215.1|PVP01_1261600|PVP01_1261600.1|unknown -            885 8091at5820           -            238   8.5e-15   53.2   0.7   2   2   4.8e-09   5.7e-07   27.5   0.0    76   152   716   788   699   882 0.78 -
GCA_003402215.1|PVP01_0915400|PVP01_0915400.1|unknown -            708 8091at5820           -            238   1.9e-14   52.0   0.6   1   2   6.2e-12   7.3e-10   37.0   0.1    40   138   476   572   434   600 0.83 -
GCA_003402215.1|PVP01_0915400|PVP01_0915400.1|unknown -            708 8091at5820           -            238   1.9e-14   52.0   0.6   2   2   0.00013     0.016   13.0   0.0   205   235   668   698   621   701 0.88 -
GCA_003402215.1|PVP01_1007900|PVP01_1007900.1|unknown -            288 8091at5820           -            238     3e-14   51.4   0.1   1   1   3.6e-16   4.3e-14   50.9   0.1    35   148   108   219    82   251 0.88 -
GCA_003402215.1|PVP01_1457000|PVP01_1457000.1|unknown -            508 8091at5820           -            238   5.6e-14   50.5   1.1   1   1     5e-16   5.9e-14   50.4   0.1    22   144   193   308   159   364 0.83 -
GCA_003402215.1|PVP01_1264000|PVP01_1264000.1|unknown -           1310 8091at5820           -            238   1.4e-13   49.1   1.1   1   3   7.9e-05    0.0094   13.7   0.1    47    84   967  1006   936  1012 0.81 -
GCA_003402215.1|PVP01_1264000|PVP01_1264000.1|unknown -           1310 8091at5820           -            238   1.4e-13   49.1   1.1   2   3   3.8e-09   4.4e-07   27.9   0.1    75   157  1081  1159  1066  1167 0.76 -
GCA_003402215.1|PVP01_1264000|PVP01_1264000.1|unknown -           1310 8091at5820           -            238   1.4e-13   49.1   1.1   3   3     0.073       8.6    4.0   0.0   191   234  1259  1302  1232  1305 0.91 -
GCA_003402215.1|PVP01_1312900|PVP01_1312900.1|unknown -            854 8091at5820           -            238   2.9e-12   44.9   0.4   1   2   9.7e-14   1.1e-11   42.9   0.1    42   158   642   752   628   775 0.86 -
GCA_003402215.1|PVP01_1312900|PVP01_1312900.1|unknown -            854 8091at5820           -            238   2.9e-12   44.9   0.4   2   2       5.8   6.8e+02   -2.2   0.0   127   151   783   807   777   810 0.89 -
GCA_003402215.1|PVP01_1143600|PVP01_1143600.1|unknown -            354 8091at5820           -            238   3.2e-11   41.5   0.1   1   1   4.2e-13   4.9e-11   40.8   0.1    20   150   107   249    99   304 0.78 -
GCA_003402215.1|PVP01_0831000|PVP01_0831000.1|unknown -           1640 8091at5820           -            238   4.6e-11   40.9   0.2   1   1   5.8e-13   6.8e-11   40.4   0.2    37   141  1468  1582  1431  1597 0.76 -
GCA_003402215.1|PVP01_0422000|PVP01_0422000.1|unknown -           2109 8091at5820           -            238   5.2e-10   37.5   0.3   1   1   8.2e-12   9.7e-10   36.6   0.3    36   140  1762  1866  1726  1883 0.79 -
GCA_003402215.1|PVP01_1115100|PVP01_1115100.1|unknown -           4021 8091at5820           -            238   7.5e-10   37.0   1.6   1   2   1.6e-11   1.8e-09   35.7   0.7    43   141  1297  1393  1253  1404 0.86 -
GCA_003402215.1|PVP01_1115100|PVP01_1115100.1|unknown -           4021 8091at5820           -            238   7.5e-10   37.0   1.6   2   2       2.8   3.3e+02   -1.2   0.0   206   235  1419  1448  1408  1450 0.86 -
GCA_003402215.1|PVP01_1446500|PVP01_1446500.1|unknown -           1008 8091at5820           -            238     1e-09   36.5   0.2   1   1   2.9e-11   3.4e-09   34.8   0.2    32   156   110   257    72   286 0.71 -
GCA_003402215.1|PVP01_1257000|PVP01_1257000.1|unknown -            388 8091at5820           -            238   2.8e-09   35.1   1.7   1   1   3.5e-11   4.1e-09   34.5   1.7     1   112   100   221   100   228 0.76 -
GCA_003402215.1|PVP01_1215800|PVP01_1215800.1|unknown -            977 8091at5820           -            238   3.7e-09   34.7   0.0   1   2   3.1e-07   3.6e-05   21.6   0.0    41    94   593   647   585   715 0.78 -
GCA_003402215.1|PVP01_1215800|PVP01_1215800.1|unknown -            977 8091at5820           -            238   3.7e-09   34.7   0.0   2   2   0.00072     0.085   10.6   0.0   205   235   946   976   935   977 0.87 -
GCA_003402215.1|PVP01_1262500|PVP01_1262500.1|unknown -           1533 8091at5820           -            238   5.2e-09   34.2   0.1   1   2   4.4e-11   5.2e-09   34.2   0.1    45   141   627   723   608   752 0.83 -
GCA_003402215.1|PVP01_1262500|PVP01_1262500.1|unknown -           1533 8091at5820           -            238   5.2e-09   34.2   0.1   2   2       1.3   1.6e+02   -0.1   0.0     2    28   912   938   911   963 0.74 -
GCA_003402215.1|PVP01_0922500|PVP01_0922500.1|unknown -            600 8091at5820           -            238   6.5e-09   33.9   5.0   1   3   3.9e-09   4.7e-07   27.8   2.4     2    88    98   184    97   191 0.81 -
GCA_003402215.1|PVP01_0922500|PVP01_0922500.1|unknown -            600 8091at5820           -            238   6.5e-09   33.9   5.0   2   3      0.28        33    2.1   0.0   108   141   393   425   373   440 0.70 -
GCA_003402215.1|PVP01_0922500|PVP01_0922500.1|unknown -            600 8091at5820           -            238   6.5e-09   33.9   5.0   3   3      0.31        37    2.0   0.0   204   235   450   485   446   487 0.79 -
GCA_003402215.1|PVP01_1464600|PVP01_1464600.1|unknown -            779 8091at5820           -            238   3.1e-07   28.4   1.6   1   1   6.7e-09     8e-07   27.1   1.6    12   144    93   245    81   268 0.69 -
GCA_003402215.1|PVP01_1202200|PVP01_1202200.1|unknown -            423 8091at5820           -            238   5.7e-07   27.5   2.0   1   2   1.9e-07   2.3e-05   22.3   1.6    20    92    97   174    80   201 0.69 -
GCA_003402215.1|PVP01_1202200|PVP01_1202200.1|unknown -            423 8091at5820           -            238   5.7e-07   27.5   2.0   2   2      0.16        19    2.9   0.0   209   235   230   256   222   259 0.91 -
GCA_003402215.1|PVP01_0118800|PVP01_0118800.1|unknown -            816 8091at5820           -            238   2.7e-06   25.3   0.5   1   1   3.4e-08     4e-06   24.8   0.5    30   154   582   711   556   730 0.76 -
GCA_003402215.1|PVP01_1424400|PVP01_1424400.1|unknown -            514 8091at5820           -            238   2.9e-06   25.2   2.3   1   3   6.3e-07   7.4e-05   20.6   0.3    36    76   303   343   238   356 0.87 -
GCA_003402215.1|PVP01_1424400|PVP01_1424400.1|unknown -            514 8091at5820           -            238   2.9e-06   25.2   2.3   2   3      0.49        58    1.3   0.1   103   142   419   457   383   467 0.71 -
GCA_003402215.1|PVP01_1424400|PVP01_1424400.1|unknown -            514 8091at5820           -            238   2.9e-06   25.2   2.3   3   3      0.96   1.1e+02    0.4   0.0   205   234   479   508   467   510 0.87 -
GCA_003402215.1|PVP01_1300900|PVP01_1300900.1|unknown -            296 8091at5820           -            238   4.5e-06   24.6   4.2   1   2   4.8e-08   5.6e-06   24.3   0.6     2    89    84   174    83   228 0.70 -
GCA_003402215.1|PVP01_1300900|PVP01_1300900.1|unknown -            296 8091at5820           -            238   4.5e-06   24.6   4.2   2   2      0.42        50    1.5   0.2   181   222   228   269   222   278 0.85 -
GCA_003402215.1|PVP01_0413200|PVP01_0413200.1|unknown -           1025 8091at5820           -            238   7.5e-06   23.9   0.1   1   1   1.6e-07   1.9e-05   22.6   0.1    20   141   873   997   859  1010 0.76 -
GCA_003402215.1|PVP01_0513200|PVP01_0513200.1|unknown -            871 8091at5820           -            238   8.9e-06   23.6   1.4   1   2       5.8   6.8e+02   -2.2   0.0   137   186    91   140    85   161 0.74 -
GCA_003402215.1|PVP01_0513200|PVP01_0513200.1|unknown -            871 8091at5820           -            238   8.9e-06   23.6   1.4   2   2   1.1e-07   1.4e-05   23.0   0.4    37    74   232   269   216   276 0.85 -
GCA_003402215.1|PVP01_1265700|PVP01_1265700.1|unknown -           2535 8091at5820           -            238   1.1e-05   23.3   0.5   1   1   9.4e-07   0.00011   20.0   0.5    39   153   217   357   180   370 0.64 -
GCA_003402215.1|PVP01_0411500|PVP01_0411500.1|unknown -            344 8091at5820           -            238   1.6e-05   22.8   0.0   1   1   2.5e-07   2.9e-05   21.9   0.0    46   142   153   249   141   286 0.80 -
GCA_003402215.1|PVP01_0905700|PVP01_0905700.1|unknown -           1299 8091at5820           -            238   2.5e-05   22.1   4.2   1   3   2.1e-07   2.5e-05   22.1   4.2     2    79   328   406   327   431 0.75 -
GCA_003402215.1|PVP01_0905700|PVP01_0905700.1|unknown -           1299 8091at5820           -            238   2.5e-05   22.1   4.2   2   3       2.1   2.5e+02   -0.7   0.1   106   148   539   581   525   592 0.65 -
GCA_003402215.1|PVP01_0905700|PVP01_0905700.1|unknown -           1299 8091at5820           -            238   2.5e-05   22.1   4.2   3   3         7   8.3e+02   -2.5   0.0   208   234   611   638   586   641 0.81 -
GCA_003402215.1|PVP01_0945900|PVP01_0945900.1|unknown -           1818 8091at5820           -            238   8.8e-05   20.4   0.0   1   1   1.2e-06   0.00014   19.7   0.0    42    94   177   228   138   292 0.76 -
GCA_003402215.1|PVP01_0828800|PVP01_0828800.1|unknown -           3037 8091at5820           -            238   0.00036   18.4   0.1   1   2   9.7e-06    0.0011   16.7   0.1    36   144   258   376   249   391 0.78 -
GCA_003402215.1|PVP01_0828800|PVP01_0828800.1|unknown -           3037 8091at5820           -            238   0.00036   18.4   0.1   2   2       5.3   6.2e+02   -2.0   0.0   206   234   407   435   392   437 0.89 -
GCA_003402215.1|PVP01_0937400|PVP01_0937400.1|unknown -            323 8091at5820           -            238   0.00052   17.8   0.3   1   2       0.5        59    1.3   0.0    94   119    32    57    20    60 0.86 -
GCA_003402215.1|PVP01_0937400|PVP01_0937400.1|unknown -            323 8091at5820           -            238   0.00052   17.8   0.3   2   2   6.2e-05    0.0073   14.1   0.1    36    95    99   160    90   174 0.76 -
#
# Program:         hmmsearch
# Version:         3.4 (Aug 2023)
# Pipeline mode:   SEARCH
# Query file:      /v3/work/00_inventory/busco/busco_downloads/lineages/plasmodium_odb10/hmms/8091at5820.hmm
# Target file:     /v3/inputs/annotations/plasmodb-68/PvSY56.proteins.fa
# Option settings: hmmsearch --domtblout /v3/work/00_inventory/busco/PvSY56_proteins/run_plasmodium_odb10/hmmer_output/initial_run_results/8091at5820.out --cpu 1 /v3/work/00_inventory/busco/busco_downloads/lineages/plasmodium_odb10/hmms/8091at5820.hmm /v3/inputs/annotations/plasmodb-68/PvSY56.proteins.fa 
# Current dir:     /v3/work/00_inventory/busco
# Date:            Tue May 19 18:21:08 2026
# [ok]
