#                                                                                                             --- full sequence --- -------------- this domain -------------   hmm coord   ali coord   env coord
# target name                                         accession   tlen query name           accession   qlen   E-value  score  bias   #  of  c-Evalue  i-Evalue  score  bias  from    to  from    to  from    to  acc description of target
#                                 ------------------- ---------- ----- -------------------- ---------- ----- --------- ------ ----- --- --- --------- --------- ------ ----- ----- ----- ----- ----- ----- ----- ---- ---------------------
GCA_003402215.1|PVP01_0411500|PVP01_0411500.1|unknown -            344 8167at5820           -            291    1e-139  463.2   2.1   1   1  3.9e-140  5.1e-138  457.6   2.1    11   291    23   341    14   341 0.92 -
GCA_003402215.1|PVP01_0407500|PVP01_0407500.1|unknown -            526 8167at5820           -            291   1.6e-25   88.3  16.2   1   1   2.1e-27   2.9e-25   87.5  16.2    16   289    56   336    51   338 0.81 -
GCA_003402215.1|PVP01_0313300|PVP01_0313300.1|unknown -            529 8167at5820           -            291   2.7e-24   84.3  11.5   1   1   6.3e-26   8.4e-24   82.7  11.5     5   285    60   335    58   339 0.83 -
GCA_003402215.1|PVP01_1252700|PVP01_1252700.1|unknown -            868 8167at5820           -            291     4e-23   80.5   9.8   1   1   5.9e-25   7.9e-23   79.5   9.8    55   281   512   736   479   746 0.85 -
GCA_003402215.1|PVP01_0830100|PVP01_0830100.1|unknown -            609 8167at5820           -            291   2.3e-21   74.7   0.8   1   2   1.7e-23   2.3e-21   74.7   0.8    45   282   183   423   173   428 0.81 -
GCA_003402215.1|PVP01_0830100|PVP01_0830100.1|unknown -            609 8167at5820           -            291   2.3e-21   74.7   0.8   2   2       4.4   5.9e+02   -2.1   0.1   145   178   569   605   559   608 0.65 -
GCA_003402215.1|PVP01_1007900|PVP01_1007900.1|unknown -            288 8167at5820           -            291   3.4e-21   74.1   1.5   1   1   4.7e-23   6.3e-21   73.3   1.5    16   281    12   271     6   280 0.79 -
GCA_003402215.1|PVP01_1312900|PVP01_1312900.1|unknown -            854 8167at5820           -            291   1.8e-20   71.8   0.5   1   3       6.3   8.4e+02   -2.6   0.1   243   264    37    58    29    79 0.66 -
GCA_003402215.1|PVP01_1312900|PVP01_1312900.1|unknown -            854 8167at5820           -            291   1.8e-20   71.8   0.5   2   3       4.2   5.6e+02   -2.1   0.0    22    64   128   174   125   193 0.67 -
GCA_003402215.1|PVP01_1312900|PVP01_1312900.1|unknown -            854 8167at5820           -            291   1.8e-20   71.8   0.5   3   3   7.5e-22     1e-19   69.3   0.1   134   269   647   784   573   796 0.85 -
GCA_003402215.1|PVP01_0422000|PVP01_0422000.1|unknown -           2109 8167at5820           -            291   3.3e-20   70.9   0.1   1   1   4.6e-22   6.1e-20   70.0   0.1   125   281  1764  1926  1748  1932 0.83 -
GCA_003402215.1|PVP01_1457000|PVP01_1457000.1|unknown -            508 8167at5820           -            291   8.3e-19   66.3   1.7   1   1   6.3e-21   8.3e-19   66.3   1.7    62   284   145   369   128   375 0.82 -
GCA_003402215.1|PVP01_1416000|PVP01_1416000.1|unknown -            372 8167at5820           -            291   1.2e-18   65.8   9.5   1   1   1.5e-20     2e-18   65.0   9.5    60   279   138   361   100   366 0.80 -
GCA_003402215.1|PVP01_1265700|PVP01_1265700.1|unknown -           2535 8167at5820           -            291   2.7e-18   64.6   7.1   1   2   6.8e-20     9e-18   62.9   1.6    40   281   135   403   116   411 0.75 -
GCA_003402215.1|PVP01_1265700|PVP01_1265700.1|unknown -           2535 8167at5820           -            291   2.7e-18   64.6   7.1   2   2       0.7        92    0.5   0.3    63    96  2049  2081  2041  2099 0.76 -
GCA_003402215.1|PVP01_0527200|PVP01_0527200.1|unknown -            625 8167at5820           -            291   1.9e-17   61.8  10.5   1   2   7.5e-18   9.9e-16   56.2   5.0    13   216   277   476   272   496 0.74 -
GCA_003402215.1|PVP01_0527200|PVP01_0527200.1|unknown -            625 8167at5820           -            291   1.9e-17   61.8  10.5   2   2     0.004      0.53    7.9   0.2   245   279   548   582   513   589 0.79 -
GCA_003402215.1|PVP01_0922500|PVP01_0922500.1|unknown -            600 8167at5820           -            291   2.5e-17   61.5  21.8   1   2   1.2e-10   1.6e-08   32.6   8.6    15   178    34   187    26   194 0.72 -
GCA_003402215.1|PVP01_0922500|PVP01_0922500.1|unknown -            600 8167at5820           -            291   2.5e-17   61.5  21.8   2   2   2.3e-12     3e-10   38.2   0.2   183   273   384   473   321   490 0.76 -
GCA_003402215.1|PVP01_1424400|PVP01_1424400.1|unknown -            514 8167at5820           -            291   6.1e-17   60.2  13.6   1   3     0.043       5.7    4.5   0.3     7    50    41    87    36   107 0.82 -
GCA_003402215.1|PVP01_1424400|PVP01_1424400.1|unknown -            514 8167at5820           -            291   6.1e-17   60.2  13.6   2   3     4e-06   0.00053   17.7   3.2    66   161   252   340   218   360 0.72 -
GCA_003402215.1|PVP01_1424400|PVP01_1424400.1|unknown -            514 8167at5820           -            291   6.1e-17   60.2  13.6   3   3   3.6e-14   4.8e-12   44.1   0.1   165   280   392   508   382   513 0.80 -
GCA_003402215.1|PVP01_0118800|PVP01_0118800.1|unknown -            816 8167at5820           -            291   2.5e-16   58.2   2.0   1   1   8.3e-18   1.1e-15   56.1   2.0   122   285   590   759   489   763 0.73 -
GCA_003402215.1|PVP01_1317900|PVP01_1317900.1|unknown -            810 8167at5820           -            291   3.1e-16   57.9   7.5   1   2   1.3e-14   1.7e-12   45.6   4.8    81   241    77   242    11   277 0.68 -
GCA_003402215.1|PVP01_1317900|PVP01_1317900.1|unknown -            810 8167at5820           -            291   3.1e-16   57.9   7.5   2   2   0.00025     0.033   11.8   0.1   250   279   280   309   252   317 0.76 -
GCA_003402215.1|PVP01_0521800|PVP01_0521800.1|unknown -           1612 8167at5820           -            291   7.3e-16   56.6   0.1   1   2   1.3e-15   1.7e-13   48.9   0.0   122   239   896  1019   892  1037 0.80 -
GCA_003402215.1|PVP01_0521800|PVP01_0521800.1|unknown -           1612 8167at5820           -            291   7.3e-16   56.6   0.1   2   2     0.024       3.2    5.3   0.0   252   280  1074  1102  1040  1111 0.82 -
GCA_003402215.1|PVP01_1217600|PVP01_1217600.1|unknown -            208 8167at5820           -            291   8.9e-15   53.1   0.1   1   2   1.7e-15   2.3e-13   48.5   0.0   118   215    12   110     4   128 0.86 -
GCA_003402215.1|PVP01_1217600|PVP01_1217600.1|unknown -            208 8167at5820           -            291   8.9e-15   53.1   0.1   2   2      0.15        20    2.7   0.0   253   277   170   194   152   202 0.85 -
GCA_003402215.1|PVP01_0831000|PVP01_0831000.1|unknown -           1640 8167at5820           -            291   1.5e-14   52.3   1.2   1   1   1.9e-16   2.5e-14   51.6   1.2    93   246  1441  1604  1385  1625 0.69 -
GCA_003402215.1|PVP01_0814500|PVP01_0814500.1|unknown -            325 8167at5820           -            291   2.1e-14   51.8  22.3   1   2   5.7e-12   7.5e-10   36.9  17.5    42   214    25   216    17   237 0.74 -
GCA_003402215.1|PVP01_0814500|PVP01_0814500.1|unknown -            325 8167at5820           -            291   2.1e-14   51.8  22.3   2   2   1.8e-05    0.0024   15.6   0.1   249   280   276   309   252   312 0.75 -
GCA_003402215.1|PVP01_0413200|PVP01_0413200.1|unknown -           1025 8167at5820           -            291   6.8e-14   50.2   0.5   1   1   1.1e-15   1.5e-13   49.0   0.5   114   225   882   999   790  1009 0.77 -
GCA_003402215.1|PVP01_1216900|PVP01_1216900.1|unknown -            598 8167at5820           -            291   7.3e-14   50.1   7.6   1   4     0.069       9.2    3.8   0.6    28    68    32    73    23    80 0.85 -
GCA_003402215.1|PVP01_1216900|PVP01_1216900.1|unknown -            598 8167at5820           -            291   7.3e-14   50.1   7.6   2   4   5.5e-16   7.3e-14   50.1   7.6    41   217   135   311   107   319 0.84 -
GCA_003402215.1|PVP01_1216900|PVP01_1216900.1|unknown -            598 8167at5820           -            291   7.3e-14   50.1   7.6   3   4      0.45        60    1.1   0.2   240   287   368   418   351   422 0.71 -
GCA_003402215.1|PVP01_1216900|PVP01_1216900.1|unknown -            598 8167at5820           -            291   7.3e-14   50.1   7.6   4   4       5.2   6.8e+02   -2.3   0.1   105   139   542   576   524   583 0.84 -
GCA_003402215.1|PVP01_1264000|PVP01_1264000.1|unknown -           1310 8167at5820           -            291   9.6e-14   49.7  11.7   1   4      0.11        14    3.2   0.1    11    33   768   790   759   800 0.85 -
GCA_003402215.1|PVP01_1264000|PVP01_1264000.1|unknown -           1310 8167at5820           -            291   9.6e-14   49.7  11.7   2   4     2e-07   2.7e-05   22.0   0.4    86   169   918  1002   903  1010 0.83 -
GCA_003402215.1|PVP01_1264000|PVP01_1264000.1|unknown -           1310 8167at5820           -            291   9.6e-14   49.7  11.7   3   4   2.1e-06   0.00027   18.7   0.5   162   237  1081  1158  1072  1163 0.83 -
GCA_003402215.1|PVP01_1264000|PVP01_1264000.1|unknown -           1310 8167at5820           -            291   9.6e-14   49.7  11.7   4   4   0.00055     0.073   10.7   0.1   236   282  1252  1304  1247  1308 0.70 -
GCA_003402215.1|PVP01_1143600|PVP01_1143600.1|unknown -            354 8167at5820           -            291   1.3e-13   49.2   0.3   1   1   2.3e-15     3e-13   48.0   0.3    57   279    65   307    44   318 0.70 -
GCA_003402215.1|PVP01_0314900|PVP01_0314900.1|unknown -            310 8167at5820           -            291   1.5e-13   49.0   7.9   1   1   4.5e-15   5.9e-13   47.1   7.9    14   280     2   261     1   272 0.69 -
GCA_003402215.1|PVP01_1115000|PVP01_1115000.1|unknown -            288 8167at5820           -            291   1.9e-13   48.7   0.2   1   2   2.4e-11   3.2e-09   34.8   0.1    71   217    49   194    18   219 0.75 -
GCA_003402215.1|PVP01_1115000|PVP01_1115000.1|unknown -            288 8167at5820           -            291   1.9e-13   48.7   0.2   2   2   0.00024     0.031   11.9   0.0   251   279   256   284   245   288 0.89 -
GCA_003402215.1|PVP01_1464600|PVP01_1464600.1|unknown -            779 8167at5820           -            291   3.5e-13   47.9  15.0   1   1     2e-14   2.7e-12   44.9  15.0    40   273    35   290    15   301 0.67 -
GCA_003402215.1|PVP01_1115100|PVP01_1115100.1|unknown -           4021 8167at5820           -            291   4.2e-12   44.3   3.1   1   1   6.5e-14   8.7e-12   43.3   3.1    38   268  1218  1435  1204  1454 0.75 -
GCA_003402215.1|PVP01_0827800|PVP01_0827800.1|unknown -            372 8167at5820           -            291   4.4e-12   44.2   0.7   1   1   1.1e-13   1.4e-11   42.6   0.7    94   210   187   308   146   311 0.74 -
GCA_003402215.1|PVP01_0945900|PVP01_0945900.1|unknown -           1818 8167at5820           -            291   5.3e-11   40.7   0.0   1   1   8.8e-13   1.2e-10   39.6   0.0   135   282   183   342   150   350 0.75 -
GCA_003402215.1|PVP01_1446500|PVP01_1446500.1|unknown -           1008 8167at5820           -            291   8.5e-11   40.0   2.2   1   1   3.7e-12   4.9e-10   37.5   2.2    13   274    12   293     5   300 0.71 -
GCA_003402215.1|PVP01_0909200|PVP01_0909200.1|unknown -            335 8167at5820           -            291   4.4e-10   37.7   9.0   1   2   2.2e-11     3e-09   34.9   7.2   128   224   136   237    25   270 0.82 -
GCA_003402215.1|PVP01_0909200|PVP01_0909200.1|unknown -            335 8167at5820           -            291   4.4e-10   37.7   9.0   2   2       1.5   1.9e+02   -0.5   0.0   250   279   299   328   287   333 0.82 -
GCA_003402215.1|PVP01_1416900|PVP01_1416900.1|unknown -            341 8167at5820           -            291   8.5e-10   36.7   2.0   1   2   4.4e-11   5.8e-09   34.0   2.6   120   217   128   232    28   254 0.75 -
GCA_003402215.1|PVP01_1416900|PVP01_1416900.1|unknown -            341 8167at5820           -            291   8.5e-10   36.7   2.0   2   2       9.1   1.2e+03   -3.2   0.0   255   276   315   336   311   339 0.79 -
GCA_003402215.1|PVP01_1257000|PVP01_1257000.1|unknown -            388 8167at5820           -            291     1e-08   33.2  16.0   1   1   1.9e-10   2.5e-08   31.9  16.0     8   196    34   221    28   230 0.69 -
GCA_003402215.1|PVP01_0921900|PVP01_0921900.1|unknown -           1608 8167at5820           -            291   1.2e-07   29.7   4.8   1   2      0.21        28    2.2   0.9    59   118   225   286   212   300 0.80 -
GCA_003402215.1|PVP01_0921900|PVP01_0921900.1|unknown -           1608 8167at5820           -            291   1.2e-07   29.7   4.8   2   2   1.9e-09   2.5e-07   28.6   0.2   123   218   358   459   342   479 0.82 -
GCA_003402215.1|PVP01_1215800|PVP01_1215800.1|unknown -            977 8167at5820           -            291     3e-06   25.1   0.0   1   2   1.7e-06   0.00023   18.9   0.0   108   212   573   690   555   705 0.71 -
GCA_003402215.1|PVP01_1215800|PVP01_1215800.1|unknown -            977 8167at5820           -            291     3e-06   25.1   0.0   2   2     0.071       9.5    3.8   0.0   254   280   949   975   944   977 0.90 -
GCA_003402215.1|PVP01_0837700|PVP01_0837700.1|unknown -           1376 8167at5820           -            291   9.2e-06   23.5   4.4   1   3   3.1e-06   0.00041   18.1   0.2   122   162   174   214   149   227 0.89 -
GCA_003402215.1|PVP01_0837700|PVP01_0837700.1|unknown -           1376 8167at5820           -            291   9.2e-06   23.5   4.4   2   3     0.033       4.4    4.8   0.0   158   217   692   753   671   764 0.76 -
GCA_003402215.1|PVP01_0837700|PVP01_0837700.1|unknown -           1376 8167at5820           -            291   9.2e-06   23.5   4.4   3   3       1.4   1.9e+02   -0.5   0.1   250   280   833   863   799   876 0.75 -
GCA_003402215.1|PVP01_0733500|PVP01_0733500.1|unknown -            229 8167at5820           -            291   0.00012   19.9   0.8   1   1   1.8e-06   0.00024   18.8   0.8    13   116    30   130    20   163 0.77 -
GCA_003402215.1|PVP01_0513200|PVP01_0513200.1|unknown -            871 8167at5820           -            291     0.003   15.3   0.3   1   1   4.4e-05    0.0058   14.3   0.3   119   164   227   273   205   285 0.84 -
GCA_003402215.1|PVP01_0818800|PVP01_0818800.1|unknown -            327 8167at5820           -            291    0.0034   15.1   0.8   1   1   2.6e-05    0.0034   15.1   0.8   146   269   138   270   114   278 0.71 -
#
# Program:         hmmsearch
# Version:         3.4 (Aug 2023)
# Pipeline mode:   SEARCH
# Query file:      /v3/work/00_inventory/busco/busco_downloads/lineages/plasmodium_odb10/hmms/8167at5820.hmm
# Target file:     /v3/inputs/annotations/plasmodb-68/PvSY56.proteins.fa
# Option settings: hmmsearch --domtblout /v3/work/00_inventory/busco/PvSY56_proteins/run_plasmodium_odb10/hmmer_output/initial_run_results/8167at5820.out --cpu 1 /v3/work/00_inventory/busco/busco_downloads/lineages/plasmodium_odb10/hmms/8167at5820.hmm /v3/inputs/annotations/plasmodb-68/PvSY56.proteins.fa 
# Current dir:     /v3/work/00_inventory/busco
# Date:            Tue May 19 18:21:28 2026
# [ok]
