#                                                                                                             --- full sequence --- -------------- this domain -------------   hmm coord   ali coord   env coord
# target name                                         accession   tlen query name           accession   qlen   E-value  score  bias   #  of  c-Evalue  i-Evalue  score  bias  from    to  from    to  from    to  acc description of target
#                                 ------------------- ---------- ----- -------------------- ---------- ----- --------- ------ ----- --- --- --------- --------- ------ ----- ----- ----- ----- ----- ----- ----- ---- ---------------------
GCA_003402215.1|PVP01_1141000|PVP01_1141000.1|unknown -            361 8245at5820           -            276    2e-137  455.3   9.9   1   2     2e-17     8e-15   53.1   0.1     1    41     5    52     5    54 0.89 -
GCA_003402215.1|PVP01_1141000|PVP01_1141000.1|unknown -            361 8245at5820           -            276    2e-137  455.3   9.9   2   2  4.5e-123  1.8e-120  399.6   6.6    35   276    66   360    59   360 0.89 -
GCA_003402215.1|PVP01_1023200|PVP01_1023200.1|unknown -            647 8245at5820           -            276   5.5e-10   37.3  14.6   1   5   4.4e-06    0.0018   15.9   0.9   105   192   345   437   331   445 0.84 -
GCA_003402215.1|PVP01_1023200|PVP01_1023200.1|unknown -            647 8245at5820           -            276   5.5e-10   37.3  14.6   2   5   3.3e-07   0.00013   19.6   1.4   120   197   402   484   394   498 0.78 -
GCA_003402215.1|PVP01_1023200|PVP01_1023200.1|unknown -            647 8245at5820           -            276   5.5e-10   37.3  14.6   3   5   3.2e-06    0.0013   16.4   0.4   125   194   449   523   441   531 0.85 -
GCA_003402215.1|PVP01_1023200|PVP01_1023200.1|unknown -            647 8245at5820           -            276   5.5e-10   37.3  14.6   4   5   0.00033      0.13    9.8   0.4   124   193   532   606   524   625 0.77 -
GCA_003402215.1|PVP01_1023200|PVP01_1023200.1|unknown -            647 8245at5820           -            276   5.5e-10   37.3  14.6   5   5      0.14        57    1.1   0.0   108   121   627   640   618   645 0.85 -
GCA_003402215.1|PVP01_1210900|PVP01_1210900.1|unknown -            648 8245at5820           -            276   2.5e-08   31.8   1.6   1   3       4.3   1.8e+03   -3.7   0.2   171   251    98   116    88   129 0.58 -
GCA_003402215.1|PVP01_1210900|PVP01_1210900.1|unknown -            648 8245at5820           -            276   2.5e-08   31.8   1.6   2   3       1.9   7.6e+02   -2.5   0.2   181   247   261   285   247   305 0.56 -
GCA_003402215.1|PVP01_1210900|PVP01_1210900.1|unknown -            648 8245at5820           -            276   2.5e-08   31.8   1.6   3   3   6.2e-11   2.5e-08   31.8   1.6   123   204   474   562   424   626 0.75 -
GCA_003402215.1|PVP01_1142200|PVP01_1142200.1|unknown -           1459 8245at5820           -            276   4.2e-08   31.1  11.9   1   4     0.007       2.9    5.4   0.0   124   191    49   121    43   127 0.83 -
GCA_003402215.1|PVP01_1142200|PVP01_1142200.1|unknown -           1459 8245at5820           -            276   4.2e-08   31.1  11.9   2   4     0.045        18    2.8   0.0   123   158   132   167   123   180 0.84 -
GCA_003402215.1|PVP01_1142200|PVP01_1142200.1|unknown -           1459 8245at5820           -            276   4.2e-08   31.1  11.9   3   4   1.3e-08   5.3e-06   24.2   1.1   120   243   259   389   229   411 0.79 -
GCA_003402215.1|PVP01_1142200|PVP01_1142200.1|unknown -           1459 8245at5820           -            276   4.2e-08   31.1  11.9   4   4      0.07        29    2.1   0.6   150   237   643   739   627   755 0.69 -
GCA_003402215.1|PVP01_0611600|PVP01_0611600.1|unknown -            647 8245at5820           -            276   0.00028   18.6   0.2   1   1     1e-06   0.00042   18.0   0.2   139   232   363   460   350   482 0.79 -
GCA_003402215.1|PVP01_1455700|PVP01_1455700.1|unknown -            516 8245at5820           -            276   0.00036   18.2   2.1   1   2   2.2e-06    0.0009   16.9   1.0   139   194   307   368   290   403 0.78 -
GCA_003402215.1|PVP01_1455700|PVP01_1455700.1|unknown -            516 8245at5820           -            276   0.00036   18.2   2.1   2   2   0.00072      0.29    8.7   0.6   122   208   332   424   327   458 0.80 -
GCA_003402215.1|PVP01_1439900|PVP01_1439900.1|unknown -            430 8245at5820           -            276   0.00085   17.0   1.5   1   1   4.5e-06    0.0018   15.9   1.5    94   190   245   363   230   373 0.71 -
GCA_003402215.1|PVP01_1316200|PVP01_1316200.1|unknown -            461 8245at5820           -            276     0.001   16.7  17.0   1   4     0.081        33    1.9   1.3    61   176    65   186    46   188 0.62 -
GCA_003402215.1|PVP01_1316200|PVP01_1316200.1|unknown -            461 8245at5820           -            276     0.001   16.7  17.0   2   4   5.4e-06    0.0022   15.6   1.7   112   165   181   231   165   237 0.80 -
GCA_003402215.1|PVP01_1316200|PVP01_1316200.1|unknown -            461 8245at5820           -            276     0.001   16.7  17.0   3   4    0.0023      0.93    7.0   1.1   137   212   350   432   340   436 0.64 -
GCA_003402215.1|PVP01_1316200|PVP01_1316200.1|unknown -            461 8245at5820           -            276     0.001   16.7  17.0   4   4   0.00074       0.3    8.6   0.4   136   195   392   458   376   459 0.74 -
GCA_003402215.1|PVP01_1448900|PVP01_1448900.1|unknown -            596 8245at5820           -            276    0.0021   15.7   0.7   1   2   3.2e-05     0.013   13.1   0.1   174   253    23   105     7   126 0.74 -
GCA_003402215.1|PVP01_1448900|PVP01_1448900.1|unknown -            596 8245at5820           -            276    0.0021   15.7   0.7   2   2      0.21        87    0.6   0.1   129   154   239   264   197   312 0.69 -
GCA_003402215.1|PVP01_0204400|PVP01_0204400.1|unknown -            447 8245at5820           -            276    0.0022   15.6   0.1   1   2      0.86   3.5e+02   -1.4   0.0   205   237   153   187   140   202 0.65 -
GCA_003402215.1|PVP01_0204400|PVP01_0204400.1|unknown -            447 8245at5820           -            276    0.0022   15.6   0.1   2   2   2.2e-05    0.0091   13.6   0.0   136   222   262   356   251   382 0.76 -
GCA_003402215.1|PVP01_0511500|PVP01_0511500.1|unknown -            324 8245at5820           -            276    0.0031   15.2  10.5   1   3   0.00058      0.24    9.0   2.2   163   268    34   141    26   148 0.83 -
GCA_003402215.1|PVP01_0511500|PVP01_0511500.1|unknown -            324 8245at5820           -            276    0.0031   15.2  10.5   2   3   0.00059      0.24    8.9   0.9   139   190   134   189   130   195 0.75 -
GCA_003402215.1|PVP01_0511500|PVP01_0511500.1|unknown -            324 8245at5820           -            276    0.0031   15.2  10.5   3   3    0.0021      0.87    7.1   0.7    97   159   175   237   167   321 0.77 -
GCA_003402215.1|PVP01_0308500|PVP01_0308500.1|unknown -            159 8245at5820           -            276    0.0042   14.7   1.6   1   2     0.051        21    2.6   0.0   150   192     7    52     1    58 0.68 -
GCA_003402215.1|PVP01_0308500|PVP01_0308500.1|unknown -            159 8245at5820           -            276    0.0042   14.7   1.6   2   2   8.6e-05     0.035   11.7   0.5   119   178    59   118    53   151 0.72 -
GCA_003402215.1|PVP01_0946700|PVP01_0946700.1|unknown -            660 8245at5820           -            276    0.0073   13.9   0.1   1   3   1.8e-05    0.0073   13.9   0.1   124   192   120   193    83   211 0.82 -
GCA_003402215.1|PVP01_0946700|PVP01_0946700.1|unknown -            660 8245at5820           -            276    0.0073   13.9   0.1   2   3      0.15        63    1.0   0.6   143   270   388   517   354   522 0.56 -
GCA_003402215.1|PVP01_0946700|PVP01_0946700.1|unknown -            660 8245at5820           -            276    0.0073   13.9   0.1   3   3      0.52   2.1e+02   -0.7   0.1   122   156   533   567   519   581 0.83 -
#
# Program:         hmmsearch
# Version:         3.4 (Aug 2023)
# Pipeline mode:   SEARCH
# Query file:      /v3/work/00_inventory/busco/busco_downloads/lineages/plasmodium_odb10/hmms/8245at5820.hmm
# Target file:     /v3/inputs/annotations/plasmodb-68/PvSY56.proteins.fa
# Option settings: hmmsearch --domtblout /v3/work/00_inventory/busco/PvSY56_proteins/run_plasmodium_odb10/hmmer_output/initial_run_results/8245at5820.out --cpu 1 /v3/work/00_inventory/busco/busco_downloads/lineages/plasmodium_odb10/hmms/8245at5820.hmm /v3/inputs/annotations/plasmodb-68/PvSY56.proteins.fa 
# Current dir:     /v3/work/00_inventory/busco
# Date:            Tue May 19 18:21:46 2026
# [ok]
