#                                                                                                             --- full sequence --- -------------- this domain -------------   hmm coord   ali coord   env coord
# target name                                         accession   tlen query name           accession   qlen   E-value  score  bias   #  of  c-Evalue  i-Evalue  score  bias  from    to  from    to  from    to  acc description of target
#                                 ------------------- ---------- ----- -------------------- ---------- ----- --------- ------ ----- --- --- --------- --------- ------ ----- ----- ----- ----- ----- ----- ----- ---- ---------------------
GCA_003402215.1|PVP01_1142300|PVP01_1142300.1|unknown -           1942 841at5820            -            990         0 1269.9  72.9   1  11  5.9e-154  3.1e-150  500.1   8.3     1   294     1   330     1   337 0.90 -
GCA_003402215.1|PVP01_1142300|PVP01_1142300.1|unknown -           1942 841at5820            -            990         0 1269.9  72.9   2  11   2.1e-87   1.1e-83  279.8   6.4   294   475   377   579   371   584 0.88 -
GCA_003402215.1|PVP01_1142300|PVP01_1142300.1|unknown -           1942 841at5820            -            990         0 1269.9  72.9   3  11   5.3e-17   2.8e-13   46.8   1.6   510   553  1017  1060  1011  1071 0.86 -
GCA_003402215.1|PVP01_1142300|PVP01_1142300.1|unknown -           1942 841at5820            -            990         0 1269.9  72.9   4  11   4.9e-10   2.6e-06   23.7   1.2   544   576  1097  1132  1062  1136 0.72 -
GCA_003402215.1|PVP01_1142300|PVP01_1142300.1|unknown -           1942 841at5820            -            990         0 1269.9  72.9   5  11   1.4e-08   7.4e-05   18.9   0.0   573   601  1246  1274  1241  1284 0.90 -
GCA_003402215.1|PVP01_1142300|PVP01_1142300.1|unknown -           1942 841at5820            -            990         0 1269.9  72.9   6  11   1.9e-13     1e-09   35.0   0.0   599   644  1304  1349  1296  1351 0.92 -
GCA_003402215.1|PVP01_1142300|PVP01_1142300.1|unknown -           1942 841at5820            -            990         0 1269.9  72.9   7  11   4.5e-16   2.4e-12   43.7   0.4   644   711  1376  1448  1373  1452 0.91 -
GCA_003402215.1|PVP01_1142300|PVP01_1142300.1|unknown -           1942 841at5820            -            990         0 1269.9  72.9   8  11   4.7e-20   2.5e-16   56.9   0.2   696   736  1476  1516  1464  1523 0.92 -
GCA_003402215.1|PVP01_1142300|PVP01_1142300.1|unknown -           1942 841at5820            -            990         0 1269.9  72.9   9  11   2.3e-08   0.00012   18.2   0.0   791   819  1574  1602  1565  1606 0.91 -
GCA_003402215.1|PVP01_1142300|PVP01_1142300.1|unknown -           1942 841at5820            -            990         0 1269.9  72.9  10  11     3e-82   1.6e-78  262.7   2.4   818   962  1711  1855  1705  1878 0.92 -
GCA_003402215.1|PVP01_1142300|PVP01_1142300.1|unknown -           1942 841at5820            -            990         0 1269.9  72.9  11  11   4.4e-08   0.00023   17.3   0.3   965   990  1901  1926  1887  1926 0.90 -
#
# Program:         hmmsearch
# Version:         3.4 (Aug 2023)
# Pipeline mode:   SEARCH
# Query file:      /v3/work/00_inventory/busco/busco_downloads/lineages/plasmodium_odb10/hmms/841at5820.hmm
# Target file:     /v3/inputs/annotations/plasmodb-68/PvSY56.proteins.fa
# Option settings: hmmsearch --domtblout /v3/work/00_inventory/busco/PvSY56_proteins/run_plasmodium_odb10/hmmer_output/initial_run_results/841at5820.out --cpu 1 /v3/work/00_inventory/busco/busco_downloads/lineages/plasmodium_odb10/hmms/841at5820.hmm /v3/inputs/annotations/plasmodb-68/PvSY56.proteins.fa 
# Current dir:     /v3/work/00_inventory/busco
# Date:            Tue May 19 18:18:56 2026
# [ok]
