#                                                                                                             --- full sequence --- -------------- this domain -------------   hmm coord   ali coord   env coord
# target name                                         accession   tlen query name           accession   qlen   E-value  score  bias   #  of  c-Evalue  i-Evalue  score  bias  from    to  from    to  from    to  acc description of target
#                                 ------------------- ---------- ----- -------------------- ---------- ----- --------- ------ ----- --- --- --------- --------- ------ ----- ----- ----- ----- ----- ----- ----- ---- ---------------------
GCA_003402215.1|PVP01_1445400|PVP01_1445400.1|unknown -           2014 882at5820            -           1269         0 1840.8 100.3   1   5   1.7e-56     3e-53  179.0  11.6     1   116    66   182    66   197 0.90 -
GCA_003402215.1|PVP01_1445400|PVP01_1445400.1|unknown -           2014 882at5820            -           1269         0 1840.8 100.3   2   5   3.5e-38   6.3e-35  118.4   7.1   111   216   259   379   247   393 0.84 -
GCA_003402215.1|PVP01_1445400|PVP01_1445400.1|unknown -           2014 882at5820            -           1269         0 1840.8 100.3   3   5         0         0 1221.8  46.4   200   798   464  1101   457  1108 0.95 -
GCA_003402215.1|PVP01_1445400|PVP01_1445400.1|unknown -           2014 882at5820            -           1269         0 1840.8 100.3   4   5   7.1e-79   1.3e-75  253.2  10.0   794   920  1233  1360  1218  1364 0.95 -
GCA_003402215.1|PVP01_1445400|PVP01_1445400.1|unknown -           2014 882at5820            -           1269         0 1840.8 100.3   5   5   1.9e-28   3.4e-25   86.1   0.0   917   971  1463  1517  1447  1521 0.91 -
GCA_003402215.1|PVP01_1313400|PVP01_1313400.1|unknown -           1663 882at5820            -           1269   3.7e-38  129.0 103.5   1   4   1.6e-21   2.9e-18   63.2  40.5   264   639   408   790   386   792 0.81 -
GCA_003402215.1|PVP01_1313400|PVP01_1313400.1|unknown -           1663 882at5820            -           1269   3.7e-38  129.0 103.5   2   4   1.5e-05     0.027   10.3   5.8   682   767   760   847   745   854 0.72 -
GCA_003402215.1|PVP01_1313400|PVP01_1313400.1|unknown -           1663 882at5820            -           1269   3.7e-38  129.0 103.5   3   4   5.6e-18     1e-14   51.4  29.4   810  1035   991  1261   955  1343 0.68 -
GCA_003402215.1|PVP01_1313400|PVP01_1313400.1|unknown -           1663 882at5820            -           1269   3.7e-38  129.0 103.5   4   4   4.6e-06    0.0081   12.0  10.8  1119  1268  1518  1652  1484  1653 0.80 -
GCA_003402215.1|PVP01_1241300|PVP01_1241300.1|unknown -           1470 882at5820            -           1269   3.7e-10   36.3  50.7   1   2   6.1e-13   1.1e-09   34.8  39.3   261   532   116   409   105   446 0.71 -
GCA_003402215.1|PVP01_1241300|PVP01_1241300.1|unknown -           1470 882at5820            -           1269   3.7e-10   36.3  50.7   2   2   0.00036      0.64    5.7   4.3   702   754   503   554   429   563 0.79 -
#
# Program:         hmmsearch
# Version:         3.4 (Aug 2023)
# Pipeline mode:   SEARCH
# Query file:      /v3/work/00_inventory/busco/busco_downloads/lineages/plasmodium_odb10/hmms/882at5820.hmm
# Target file:     /v3/inputs/annotations/plasmodb-68/PvSY56.proteins.fa
# Option settings: hmmsearch --domtblout /v3/work/00_inventory/busco/PvSY56_proteins/run_plasmodium_odb10/hmmer_output/initial_run_results/882at5820.out --cpu 1 /v3/work/00_inventory/busco/busco_downloads/lineages/plasmodium_odb10/hmms/882at5820.hmm /v3/inputs/annotations/plasmodb-68/PvSY56.proteins.fa 
# Current dir:     /v3/work/00_inventory/busco
# Date:            Tue May 19 18:20:43 2026
# [ok]
