#                                                                                                             --- full sequence --- -------------- this domain -------------   hmm coord   ali coord   env coord
# target name                                         accession   tlen query name           accession   qlen   E-value  score  bias   #  of  c-Evalue  i-Evalue  score  bias  from    to  from    to  from    to  acc description of target
#                                 ------------------- ---------- ----- -------------------- ---------- ----- --------- ------ ----- --- --- --------- --------- ------ ----- ----- ----- ----- ----- ----- ----- ---- ---------------------
GCA_003402215.1|PVP01_0923700|PVP01_0923700.1|unknown -           2079 898at5820            -           1021         0 1961.5 112.2   1   6   1.9e-94   2.3e-92  308.9   9.0     1   147     1   147     1   162 0.98 -
GCA_003402215.1|PVP01_0923700|PVP01_0923700.1|unknown -           2079 898at5820            -           1021         0 1961.5 112.2   2   6   1.7e-05    0.0021   14.4  16.5   142   209   313   389   309   394 0.61 -
GCA_003402215.1|PVP01_0923700|PVP01_0923700.1|unknown -           2079 898at5820            -           1021         0 1961.5 112.2   3   6   9.9e-12   1.2e-09   35.0  26.7   158   263   382   527   371   536 0.72 -
GCA_003402215.1|PVP01_0923700|PVP01_0923700.1|unknown -           2079 898at5820            -           1021         0 1961.5 112.2   4   6  1.9e-102  2.3e-100  335.3   5.1   234   430   606   804   547   818 0.84 -
GCA_003402215.1|PVP01_0923700|PVP01_0923700.1|unknown -           2079 898at5820            -           1021         0 1961.5 112.2   5   6   7.5e-27     9e-25   85.1   0.6   435   499  1146  1215  1133  1227 0.86 -
GCA_003402215.1|PVP01_0923700|PVP01_0923700.1|unknown -           2079 898at5820            -           1021         0 1961.5 112.2   6   6         0         0 1205.6  24.4   500  1021  1402  1928  1391  1928 0.98 -
GCA_003402215.1|PVP01_0313300|PVP01_0313300.1|unknown -            529 898at5820            -           1021   2.6e-55  186.2   7.5   1   2   2.2e-57   2.6e-55  186.2   7.5   682   983    70   371    57   397 0.85 -
GCA_003402215.1|PVP01_0313300|PVP01_0313300.1|unknown -            529 898at5820            -           1021   2.6e-55  186.2   7.5   2   2       0.2        24    1.0   0.1    72   124   436   488   363   526 0.71 -
GCA_003402215.1|PVP01_0407500|PVP01_0407500.1|unknown -            526 898at5820            -           1021   3.7e-53  179.1   4.2   1   3     3e-55   3.7e-53  179.1   4.2   670   950    43   338    19   343 0.86 -
GCA_003402215.1|PVP01_0407500|PVP01_0407500.1|unknown -            526 898at5820            -           1021   3.7e-53  179.1   4.2   2   3      0.69        84   -0.9   0.3   264   336   379   446   347   455 0.63 -
GCA_003402215.1|PVP01_0407500|PVP01_0407500.1|unknown -            526 898at5820            -           1021   3.7e-53  179.1   4.2   3   3      0.13        16    1.5   0.3   257   321   455   522   444   525 0.61 -
GCA_003402215.1|PVP01_0830100|PVP01_0830100.1|unknown -            609 898at5820            -           1021   1.1e-52  177.6   0.1   1   2   8.8e-55   1.1e-52  177.6   0.1   679   942   160   423   152   481 0.92 -
GCA_003402215.1|PVP01_0830100|PVP01_0830100.1|unknown -            609 898at5820            -           1021   1.1e-52  177.6   0.1   2   2    0.0051      0.61    6.2   0.1    74   127   514   566   498   598 0.86 -
GCA_003402215.1|PVP01_1216900|PVP01_1216900.1|unknown -            598 898at5820            -           1021   1.6e-52  177.0  19.8   1   3   1.4e-50   1.7e-48  163.6   2.6   659   881    97   316    48   322 0.93 -
GCA_003402215.1|PVP01_1216900|PVP01_1216900.1|unknown -            598 898at5820            -           1021   1.6e-52  177.0  19.8   2   3   3.7e-06   0.00045   16.6   1.1   894   948   365   422   348   452 0.72 -
GCA_003402215.1|PVP01_1216900|PVP01_1216900.1|unknown -            598 898at5820            -           1021   1.6e-52  177.0  19.8   3   3    0.0031      0.37    6.9   1.4    71   127   502   558   452   582 0.77 -
GCA_003402215.1|PVP01_1252700|PVP01_1252700.1|unknown -            868 898at5820            -           1021   1.5e-43  147.2   9.5   1   1   2.2e-45   2.7e-43  146.4   9.5   679   940   477   735   462   746 0.91 -
GCA_003402215.1|PVP01_1416000|PVP01_1416000.1|unknown -            372 898at5820            -           1021     4e-39  132.6   4.6   1   1   4.1e-41   4.9e-39  132.3   4.6   666   939    91   361    60   366 0.88 -
GCA_003402215.1|PVP01_1457000|PVP01_1457000.1|unknown -            508 898at5820            -           1021   3.1e-38  129.7  10.7   1   2   2.5e-40   3.1e-38  129.7  10.7   680  1018   108   449    87   452 0.82 -
GCA_003402215.1|PVP01_1457000|PVP01_1457000.1|unknown -            508 898at5820            -           1021   3.1e-38  129.7  10.7   2   2      0.23        28    0.7   3.7   150   245   377   477   364   503 0.63 -
GCA_003402215.1|PVP01_1265700|PVP01_1265700.1|unknown -           2535 898at5820            -           1021   2.1e-37  126.9   1.4   1   1   1.7e-39   2.1e-37  126.9   1.4   667   955    98   417    65   430 0.81 -
GCA_003402215.1|PVP01_1312900|PVP01_1312900.1|unknown -            854 898at5820            -           1021   2.5e-31  106.8   0.1   1   1   3.4e-33   4.1e-31  106.1   0.1   676   906   533   764   523   795 0.89 -
GCA_003402215.1|PVP01_0831000|PVP01_0831000.1|unknown -           1640 898at5820            -           1021   2.5e-30  103.5   0.5   1   2       6.6   7.9e+02   -4.1   0.1   221   264  1232  1274  1231  1275 0.82 -
GCA_003402215.1|PVP01_0831000|PVP01_0831000.1|unknown -           1640 898at5820            -           1021   2.5e-30  103.5   0.5   2   2   2.1e-32   2.5e-30  103.5   0.5   688   931  1377  1625  1356  1628 0.83 -
GCA_003402215.1|PVP01_1424400|PVP01_1424400.1|unknown -            514 898at5820            -           1021   2.7e-30  103.4   4.4   1   2   3.7e-11   4.4e-09   33.2   4.8   722   814   250   341   228   347 0.88 -
GCA_003402215.1|PVP01_1424400|PVP01_1424400.1|unknown -            514 898at5820            -           1021   2.7e-30  103.4   4.4   2   2   1.3e-21   1.6e-19   67.7   0.0   814   940   386   508   376   512 0.89 -
GCA_003402215.1|PVP01_1007900|PVP01_1007900.1|unknown -            288 898at5820            -           1021   5.3e-28   95.8   0.3   1   1   4.9e-30     6e-28   95.6   0.3   683   889    12   219     2   271 0.87 -
GCA_003402215.1|PVP01_1115000|PVP01_1115000.1|unknown -            288 898at5820            -           1021   4.5e-27   92.7   0.1   1   2   4.6e-25   5.5e-23   79.2   0.1   683   889     4   208     1   225 0.86 -
GCA_003402215.1|PVP01_1115000|PVP01_1115000.1|unknown -            288 898at5820            -           1021   4.5e-27   92.7   0.1   2   2    0.0001     0.013   11.8   0.0   906   941   251   286   245   288 0.88 -
GCA_003402215.1|PVP01_1317900|PVP01_1317900.1|unknown -            810 898at5820            -           1021   1.6e-26   90.9   2.9   1   1   9.2e-27   1.1e-24   84.8   2.9   678   948    15   318     5   326 0.73 -
GCA_003402215.1|PVP01_0905700|PVP01_0905700.1|unknown -           1299 898at5820            -           1021     8e-26   88.6   5.5   1   2   6.3e-18   7.6e-16   55.6   2.2   701   820   287   407   259   430 0.87 -
GCA_003402215.1|PVP01_0905700|PVP01_0905700.1|unknown -           1299 898at5820            -           1021     8e-26   88.6   5.5   2   2     2e-11   2.5e-09   34.0   0.1   843   941   534   639   526   655 0.77 -
GCA_003402215.1|PVP01_1446500|PVP01_1446500.1|unknown -           1008 898at5820            -           1021   5.3e-25   85.9   0.3   1   1   6.4e-27   7.8e-25   85.3   0.3   680   941    12   300     7   303 0.80 -
GCA_003402215.1|PVP01_1115100|PVP01_1115100.1|unknown -           4021 898at5820            -           1021   9.8e-25   85.0   0.2   1   1   8.2e-27   9.8e-25   85.0   0.2   689   939  1200  1446  1191  1456 0.85 -
GCA_003402215.1|PVP01_0909200|PVP01_0909200.1|unknown -            335 898at5820            -           1021     2e-24   84.0   1.8   1   2     2e-25   2.4e-23   80.4   0.7   680   885    40   239    24   261 0.87 -
GCA_003402215.1|PVP01_0909200|PVP01_0909200.1|unknown -            335 898at5820            -           1021     2e-24   84.0   1.8   2   2      0.06       7.3    2.7   0.0   912   938   301   327   287   332 0.87 -
GCA_003402215.1|PVP01_0314900|PVP01_0314900.1|unknown -            310 898at5820            -           1021   1.4e-21   74.6   2.2   1   1   1.4e-23   1.7e-21   74.2   2.2   681   887     2   209     1   223 0.86 -
GCA_003402215.1|PVP01_0527200|PVP01_0527200.1|unknown -            625 898at5820            -           1021   2.4e-21   73.8   6.9   1   2   3.7e-21   4.4e-19   66.3   5.1   684   887   281   487   272   500 0.83 -
GCA_003402215.1|PVP01_0527200|PVP01_0527200.1|unknown -            625 898at5820            -           1021   2.4e-21   73.8   6.9   2   2    0.0035      0.43    6.7   0.0   907   941   550   584   510   593 0.76 -
GCA_003402215.1|PVP01_1143600|PVP01_1143600.1|unknown -            354 898at5820            -           1021   6.3e-21   72.4   0.0   1   1   6.7e-23   8.1e-21   72.0   0.0   682   938    31   306    15   315 0.80 -
GCA_003402215.1|PVP01_0422000|PVP01_0422000.1|unknown -           2109 898at5820            -           1021   1.7e-20   71.0   1.0   1   1   2.2e-22   2.6e-20   70.3   1.0   710   941  1694  1926  1685  1978 0.79 -
GCA_003402215.1|PVP01_0413200|PVP01_0413200.1|unknown -           1025 898at5820            -           1021   1.2e-19   68.2   0.2   1   1   2.2e-21   2.7e-19   67.0   0.2   688   883   796   998   783  1004 0.77 -
GCA_003402215.1|PVP01_0922500|PVP01_0922500.1|unknown -            600 898at5820            -           1021   1.6e-19   67.7  11.1   1   2   1.6e-16   1.9e-14   50.9   6.1   658   830    10   184     3   196 0.84 -
GCA_003402215.1|PVP01_0922500|PVP01_0922500.1|unknown -            600 898at5820            -           1021   1.6e-19   67.7  11.1   2   2   1.3e-09   1.5e-07   28.0   0.2   841   996   384   532   375   550 0.82 -
GCA_003402215.1|PVP01_1257000|PVP01_1257000.1|unknown -            388 898at5820            -           1021   4.4e-19   66.3   6.1   1   1   4.8e-21   5.8e-19   65.9   6.1   680   862    39   229     5   234 0.80 -
GCA_003402215.1|PVP01_0945900|PVP01_0945900.1|unknown -           1818 898at5820            -           1021   1.7e-18   64.3   0.4   1   1   2.8e-20   3.4e-18   63.4   0.4   680   941    74   341    63   359 0.82 -
GCA_003402215.1|PVP01_1217600|PVP01_1217600.1|unknown -            208 898at5820            -           1021   6.5e-18   62.4   0.1   1   1   5.6e-19   6.7e-17   59.0   0.1   781   936    22   193     8   206 0.77 -
GCA_003402215.1|PVP01_0915400|PVP01_0915400.1|unknown -            708 898at5820            -           1021     2e-14   50.8   4.4   1   2       1.8   2.2e+02   -2.2   8.8   144   247   234   333   223   355 0.76 -
GCA_003402215.1|PVP01_0915400|PVP01_0915400.1|unknown -            708 898at5820            -           1021     2e-14   50.8   4.4   2   2   1.7e-16     2e-14   50.8   4.4   662   904   350   598   331   611 0.75 -
GCA_003402215.1|PVP01_0521800|PVP01_0521800.1|unknown -           1612 898at5820            -           1021   6.8e-13   45.8   6.6   1   3   0.00078     0.095    8.9   0.8   647   752   624   731   596   733 0.72 -
GCA_003402215.1|PVP01_0521800|PVP01_0521800.1|unknown -           1612 898at5820            -           1021   6.8e-13   45.8   6.6   2   3   2.6e-12   3.2e-10   37.0   0.1   783   889   904  1010   895  1021 0.82 -
GCA_003402215.1|PVP01_0521800|PVP01_0521800.1|unknown -           1612 898at5820            -           1021   6.8e-13   45.8   6.6   3   3      0.16        20    1.2   0.0   912   966  1074  1130  1045  1144 0.78 -
GCA_003402215.1|PVP01_0827800|PVP01_0827800.1|unknown -            372 898at5820            -           1021   8.5e-13   45.5   1.1   1   1   9.2e-15   1.1e-12   45.1   1.1   681   869   116   308    98   310 0.75 -
GCA_003402215.1|PVP01_1416900|PVP01_1416900.1|unknown -            341 898at5820            -           1021   8.5e-13   45.5   1.0   1   1     9e-15   1.1e-12   45.1   1.0   683   878    30   234    23   293 0.75 -
GCA_003402215.1|PVP01_0411500|PVP01_0411500.1|unknown -            344 898at5820            -           1021     2e-12   44.3   0.0   1   1   1.9e-14   2.3e-12   44.0   0.0   722   886    81   252    30   340 0.69 -
GCA_003402215.1|PVP01_0828800|PVP01_0828800.1|unknown -           3037 898at5820            -           1021   7.7e-12   42.3   0.0   1   1   9.1e-14   1.1e-11   41.8   0.0   672   942   146   437   109   449 0.77 -
GCA_003402215.1|PVP01_1264000|PVP01_1264000.1|unknown -           1310 898at5820            -           1021   1.1e-09   35.1   1.8   1   3   7.1e-08   8.6e-06   22.3   1.0   740   827   920  1007   915  1011 0.90 -
GCA_003402215.1|PVP01_1264000|PVP01_1264000.1|unknown -           1310 898at5820            -           1021   1.1e-09   35.1   1.8   2   3   1.7e-07     2e-05   21.0   0.0   820   883  1084  1145  1074  1163 0.87 -
GCA_003402215.1|PVP01_1264000|PVP01_1264000.1|unknown -           1310 898at5820            -           1021   1.1e-09   35.1   1.8   3   3       1.4   1.7e+02   -1.9   0.0   914   941  1276  1303  1271  1305 0.88 -
GCA_003402215.1|PVP01_1202200|PVP01_1202200.1|unknown -            423 898at5820            -           1021   1.6e-09   34.7   8.6   1   4      0.33        40    0.2   0.3   133   178     2    47     1    55 0.87 -
GCA_003402215.1|PVP01_1202200|PVP01_1202200.1|unknown -            423 898at5820            -           1021   1.6e-09   34.7   8.6   2   4   1.3e-11   1.6e-09   34.7   8.6   723   941    63   256    39   260 0.86 -
GCA_003402215.1|PVP01_1202200|PVP01_1202200.1|unknown -            423 898at5820            -           1021   1.6e-09   34.7   8.6   3   4     0.032       3.9    3.6   5.1   557   608   260   309   256   322 0.79 -
GCA_003402215.1|PVP01_1202200|PVP01_1202200.1|unknown -            423 898at5820            -           1021   1.6e-09   34.7   8.6   4   4      0.42        51   -0.1   4.1    68   173   304   409   302   419 0.66 -
GCA_003402215.1|PVP01_1215800|PVP01_1215800.1|unknown -            977 898at5820            -           1021     5e-09   33.0   0.0   1   3       0.5        60   -0.4   0.0   683   718   463   498   453   535 0.76 -
GCA_003402215.1|PVP01_1215800|PVP01_1215800.1|unknown -            977 898at5820            -           1021     5e-09   33.0   0.0   2   3   1.3e-08   1.5e-06   24.7   0.0   785   897   597   718   587   737 0.82 -
GCA_003402215.1|PVP01_1215800|PVP01_1215800.1|unknown -            977 898at5820            -           1021     5e-09   33.0   0.0   3   3     0.021       2.5    4.2   0.0   910   942   945   977   930   977 0.92 -
GCA_003402215.1|PVP01_0818800|PVP01_0818800.1|unknown -            327 898at5820            -           1021   1.7e-06   24.6   0.1   1   1   1.9e-08   2.3e-06   24.2   0.1   753   921    92   262    77   271 0.75 -
GCA_003402215.1|PVP01_1255300|PVP01_1255300.1|unknown -            177 898at5820            -           1021   1.8e-05   21.2   2.0   1   1   1.6e-07     2e-05   21.1   2.0    47   162    43   159     8   174 0.66 -
GCA_003402215.1|PVP01_0513200|PVP01_0513200.1|unknown -            871 898at5820            -           1021   2.2e-05   20.9   4.8   1   2     0.005      0.61    6.2   0.9   682   760    34   109     8   123 0.77 -
GCA_003402215.1|PVP01_0513200|PVP01_0513200.1|unknown -            871 898at5820            -           1021   2.2e-05   20.9   4.8   2   2   4.6e-06   0.00056   16.3   0.2   779   814   234   269   223   277 0.81 -
GCA_003402215.1|PVP01_0937400|PVP01_0937400.1|unknown -            323 898at5820            -           1021   3.4e-05   20.3   0.3   1   2   1.7e-06    0.0002   17.7   0.1   680   883     6   214     2   238 0.73 -
GCA_003402215.1|PVP01_0937400|PVP01_0937400.1|unknown -            323 898at5820            -           1021   3.4e-05   20.3   0.3   2   2      0.74        89   -1.0   0.0   399   439   273   316   266   320 0.72 -
GCA_003402215.1|PVP01_1224800|PVP01_1224800.1|unknown -            455 898at5820            -           1021    0.0006   16.2   0.9   1   1   7.4e-06    0.0009   15.6   0.9    68   147   166   247   154   274 0.84 -
GCA_003402215.1|PVP01_0204500|PVP01_0204500.1|unknown -           1479 898at5820            -           1021    0.0028   14.0   0.2   1   1   3.2e-05    0.0038   13.5   0.2    33   108    30   110    12   134 0.76 -
GCA_003402215.1|PVP01_1315300|PVP01_1315300.1|unknown -            149 898at5820            -           1021     0.015   11.5   0.0   1   1   0.00017      0.02   11.1   0.0    76   128    60   113    50   129 0.85 -
#
# Program:         hmmsearch
# Version:         3.4 (Aug 2023)
# Pipeline mode:   SEARCH
# Query file:      /v3/work/00_inventory/busco/busco_downloads/lineages/plasmodium_odb10/hmms/898at5820.hmm
# Target file:     /v3/inputs/annotations/plasmodb-68/PvSY56.proteins.fa
# Option settings: hmmsearch --domtblout /v3/work/00_inventory/busco/PvSY56_proteins/run_plasmodium_odb10/hmmer_output/initial_run_results/898at5820.out --cpu 1 /v3/work/00_inventory/busco/busco_downloads/lineages/plasmodium_odb10/hmms/898at5820.hmm /v3/inputs/annotations/plasmodb-68/PvSY56.proteins.fa 
# Current dir:     /v3/work/00_inventory/busco
# Date:            Tue May 19 18:21:27 2026
# [ok]
