#                                                                                                             --- full sequence --- -------------- this domain -------------   hmm coord   ali coord   env coord
# target name                                         accession   tlen query name           accession   qlen   E-value  score  bias   #  of  c-Evalue  i-Evalue  score  bias  from    to  from    to  from    to  acc description of target
#                                 ------------------- ---------- ----- -------------------- ---------- ----- --------- ------ ----- --- --- --------- --------- ------ ----- ----- ----- ----- ----- ----- ----- ---- ---------------------
GCA_003402215.1|PVP01_1307200|PVP01_1307200.1|unknown -           4284 92at5820             -           2904         0 1973.7 194.3   1   9  3.2e-189  1.7e-185  617.1  42.7     1   344     1   364     1   372 0.96 -
GCA_003402215.1|PVP01_1307200|PVP01_1307200.1|unknown -           4284 92at5820             -           2904         0 1973.7 194.3   2   9   2.7e-38   1.5e-34  116.4   7.7   345   467   464   615   457   624 0.84 -
GCA_003402215.1|PVP01_1307200|PVP01_1307200.1|unknown -           4284 92at5820             -           2904         0 1973.7 194.3   3   9     0.038     2e+02   -3.6   0.0   467   483   663   679   661   681 0.90 -
GCA_003402215.1|PVP01_1307200|PVP01_1307200.1|unknown -           4284 92at5820             -           2904         0 1973.7 194.3   4   9   1.4e-61   7.3e-58  193.7  19.8   505   747   793  1143   742  1148 0.76 -
GCA_003402215.1|PVP01_1307200|PVP01_1307200.1|unknown -           4284 92at5820             -           2904         0 1973.7 194.3   5   9   1.1e-25   5.9e-22   74.5   1.8   758   830  1228  1302  1195  1305 0.88 -
GCA_003402215.1|PVP01_1307200|PVP01_1307200.1|unknown -           4284 92at5820             -           2904         0 1973.7 194.3   6   9  4.5e-117  2.4e-113  377.8  23.8   827  1074  1324  1598  1317  1600 0.91 -
GCA_003402215.1|PVP01_1307200|PVP01_1307200.1|unknown -           4284 92at5820             -           2904         0 1973.7 194.3   7   9   4.4e-36   2.3e-32  109.0   9.5  2500  2593  3733  3838  3730  3841 0.90 -
GCA_003402215.1|PVP01_1307200|PVP01_1307200.1|unknown -           4284 92at5820             -           2904         0 1973.7 194.3   8   9   1.5e-67     8e-64  213.4   9.5  2592  2708  3893  4009  3890  4019 0.97 -
GCA_003402215.1|PVP01_1307200|PVP01_1307200.1|unknown -           4284 92at5820             -           2904         0 1973.7 194.3   9   9   8.3e-97   4.4e-93  310.5  22.1  2708  2904  4065  4279  4055  4279 0.89 -
#
# Program:         hmmsearch
# Version:         3.4 (Aug 2023)
# Pipeline mode:   SEARCH
# Query file:      /v3/work/00_inventory/busco/busco_downloads/lineages/plasmodium_odb10/hmms/92at5820.hmm
# Target file:     /v3/inputs/annotations/plasmodb-68/PvSY56.proteins.fa
# Option settings: hmmsearch --domtblout /v3/work/00_inventory/busco/PvSY56_proteins/run_plasmodium_odb10/hmmer_output/initial_run_results/92at5820.out --cpu 1 /v3/work/00_inventory/busco/busco_downloads/lineages/plasmodium_odb10/hmms/92at5820.hmm /v3/inputs/annotations/plasmodb-68/PvSY56.proteins.fa 
# Current dir:     /v3/work/00_inventory/busco
# Date:            Tue May 19 18:22:34 2026
# [ok]
