#                                                                                                             --- full sequence --- -------------- this domain -------------   hmm coord   ali coord   env coord
# target name                                         accession   tlen query name           accession   qlen   E-value  score  bias   #  of  c-Evalue  i-Evalue  score  bias  from    to  from    to  from    to  acc description of target
#                                 ------------------- ---------- ----- -------------------- ---------- ----- --------- ------ ----- --- --- --------- --------- ------ ----- ----- ----- ----- ----- ----- ----- ---- ---------------------
GCA_003402215.1|PVP01_0818800|PVP01_0818800.1|unknown -            327 9313at5820           -            273  1.7e-118  393.0   9.2   1   1  9.8e-121  2.2e-118  392.7   9.2     1   244     1   273     1   278 0.92 -
GCA_003402215.1|PVP01_0923700|PVP01_0923700.1|unknown -           2079 9313at5820           -            273   9.9e-17   59.3   5.8   1   1   9.9e-19   2.2e-16   58.1   5.8    33   261  1613  1853  1598  1867 0.81 -
GCA_003402215.1|PVP01_0830100|PVP01_0830100.1|unknown -            609 9313at5820           -            273   1.3e-16   58.9   0.2   1   1   9.9e-19   2.2e-16   58.1   0.2    51   253   208   422   178   428 0.74 -
GCA_003402215.1|PVP01_1007900|PVP01_1007900.1|unknown -            288 9313at5820           -            273   6.9e-16   56.5   0.5   1   1   3.9e-18   8.6e-16   56.2   0.5    76   254    84   272    30   283 0.83 -
GCA_003402215.1|PVP01_0313300|PVP01_0313300.1|unknown -            529 9313at5820           -            273   1.2e-14   52.4   7.7   1   1   8.5e-17   1.9e-14   51.8   7.7    36   253   103   331    67   351 0.79 -
GCA_003402215.1|PVP01_1216900|PVP01_1216900.1|unknown -            598 9313at5820           -            273   4.5e-14   50.6   8.2   1   2   2.7e-13     6e-11   40.3   3.6    33   197   141   315   126   322 0.77 -
GCA_003402215.1|PVP01_1216900|PVP01_1216900.1|unknown -            598 9313at5820           -            273   4.5e-14   50.6   8.2   2   2   9.4e-05     0.021   12.3   0.1   223   260   382   423   351   436 0.78 -
GCA_003402215.1|PVP01_1252700|PVP01_1252700.1|unknown -            868 9313at5820           -            273   4.7e-14   50.5  11.4   1   1   3.7e-16   8.2e-14   49.7  11.4    42   259   515   742   467   753 0.79 -
GCA_003402215.1|PVP01_1143600|PVP01_1143600.1|unknown -            354 9313at5820           -            273   2.6e-13   48.1   0.5   1   1   5.1e-15   1.1e-12   46.0   0.5    25   262    53   315    42   323 0.67 -
GCA_003402215.1|PVP01_1265700|PVP01_1265700.1|unknown -           2535 9313at5820           -            273   6.4e-12   43.5   0.5   1   2   7.5e-06    0.0017   15.9   0.0    64   136   178   255   144   285 0.76 -
GCA_003402215.1|PVP01_1265700|PVP01_1265700.1|unknown -           2535 9313at5820           -            273   6.4e-12   43.5   0.5   2   2   9.2e-09     2e-06   25.5   0.1   178   252   320   402   315   416 0.82 -
GCA_003402215.1|PVP01_0314900|PVP01_0314900.1|unknown -            310 9313at5820           -            273   6.4e-12   43.5   2.8   1   1   3.1e-14   6.8e-12   43.4   1.9    76   261    75   273    37   280 0.78 -
GCA_003402215.1|PVP01_0407500|PVP01_0407500.1|unknown -            526 9313at5820           -            273   8.3e-12   43.1  11.3   1   1   5.8e-14   1.3e-11   42.5  11.3    65   263   129   341   106   351 0.78 -
GCA_003402215.1|PVP01_1457000|PVP01_1457000.1|unknown -            508 9313at5820           -            273   4.3e-08   31.0   5.2   1   2   1.4e-05    0.0032   15.0   1.6    36   126   134   232   107   255 0.81 -
GCA_003402215.1|PVP01_1457000|PVP01_1457000.1|unknown -            508 9313at5820           -            273   4.3e-08   31.0   5.2   2   2   2.9e-06   0.00063   17.3   0.1   178   263   285   376   272   385 0.81 -
GCA_003402215.1|PVP01_0828800|PVP01_0828800.1|unknown -           3037 9313at5820           -            273   3.9e-07   27.8   0.5   1   1   2.9e-09   6.5e-07   27.1   0.5    76   255   236   438   210   447 0.73 -
GCA_003402215.1|PVP01_1416000|PVP01_1416000.1|unknown -            372 9313at5820           -            273   4.8e-07   27.5   9.7   1   1   3.7e-09   8.2e-07   26.8   9.7    55   251   156   361   124   364 0.79 -
GCA_003402215.1|PVP01_1115100|PVP01_1115100.1|unknown -           4021 9313at5820           -            273   8.5e-07   26.7   3.4   1   1   7.3e-09   1.6e-06   25.8   3.4    65   253  1253  1448  1211  1453 0.79 -
GCA_003402215.1|PVP01_1424400|PVP01_1424400.1|unknown -            514 9313at5820           -            273   9.2e-07   26.6   8.2   1   3       3.8   8.3e+02   -2.8   0.1   204   217    78    91    74   100 0.77 -
GCA_003402215.1|PVP01_1424400|PVP01_1424400.1|unknown -            514 9313at5820           -            273   9.2e-07   26.6   8.2   2   3     0.018       3.9    4.8   1.1    74   126   281   334   218   346 0.80 -
GCA_003402215.1|PVP01_1424400|PVP01_1424400.1|unknown -            514 9313at5820           -            273   9.2e-07   26.6   8.2   3   3   6.5e-09   1.4e-06   25.9   0.1   176   255   433   511   400   514 0.86 -
GCA_003402215.1|PVP01_0422000|PVP01_0422000.1|unknown -           2109 9313at5820           -            273   1.1e-06   26.3   0.2   1   1   9.8e-09   2.2e-06   25.4   0.2    78   254  1743  1927  1718  1947 0.79 -
GCA_003402215.1|PVP01_0905700|PVP01_0905700.1|unknown -           1299 9313at5820           -            273   2.9e-06   24.9  13.1   1   3       1.5   3.3e+02   -1.5   0.0   149   176   248   275   244   286 0.83 -
GCA_003402215.1|PVP01_0905700|PVP01_0905700.1|unknown -           1299 9313at5820           -            273   2.9e-06   24.9  13.1   2   3   1.8e-07     4e-05   21.2   7.1    16   139   279   407   267   410 0.80 -
GCA_003402215.1|PVP01_0905700|PVP01_0905700.1|unknown -           1299 9313at5820           -            273   2.9e-06   24.9  13.1   3   3    0.0061       1.3    6.4   0.2   160   223   533   594   526   653 0.56 -
GCA_003402215.1|PVP01_0831000|PVP01_0831000.1|unknown -           1640 9313at5820           -            273   2.6e-05   21.8   0.9   1   1   2.4e-07   5.3e-05   20.8   0.9    43   220  1412  1603  1388  1624 0.71 -
GCA_003402215.1|PVP01_1300900|PVP01_1300900.1|unknown -            296 9313at5820           -            273   0.00011   19.7   9.7   1   1   9.5e-07   0.00021   18.9   9.7    77   240    99   269    12   284 0.79 -
GCA_003402215.1|PVP01_0411500|PVP01_0411500.1|unknown -            344 9313at5820           -            273   0.00035   18.1   0.0   1   1   0.00033     0.073   10.5   0.0   179   252   228   323   220   341 0.56 -
GCA_003402215.1|PVP01_0909200|PVP01_0909200.1|unknown -            335 9313at5820           -            273    0.0068   13.9   5.3   1   2   0.00037     0.081   10.4   1.9    98   201   134   238   122   267 0.71 -
GCA_003402215.1|PVP01_0909200|PVP01_0909200.1|unknown -            335 9313at5820           -            273    0.0068   13.9   5.3   2   2     0.024       5.4    4.4   0.1   216   252   294   329   275   334 0.85 -
GCA_003402215.1|PVP01_1264000|PVP01_1264000.1|unknown -           1310 9313at5820           -            273    0.0096   13.4   5.0   1   3       1.2   2.6e+02   -1.1   0.1    14    55   930   976   926   988 0.71 -
GCA_003402215.1|PVP01_1264000|PVP01_1264000.1|unknown -           1310 9313at5820           -            273    0.0096   13.4   5.0   2   3      0.16        36    1.7   0.4   166   212  1110  1157  1085  1165 0.83 -
GCA_003402215.1|PVP01_1264000|PVP01_1264000.1|unknown -           1310 9313at5820           -            273    0.0096   13.4   5.0   3   3   0.00012     0.027   11.9   0.0   222   257  1272  1307  1251  1309 0.82 -
GCA_003402215.1|PVP01_1446500|PVP01_1446500.1|unknown -           1008 9313at5820           -            273     0.024   12.1   1.1   1   2      0.19        42    1.5   0.3    45   134    57   150    23   163 0.67 -
GCA_003402215.1|PVP01_1446500|PVP01_1446500.1|unknown -           1008 9313at5820           -            273     0.024   12.1   1.1   2   2   0.00091       0.2    9.1   0.0   174   251   218   298   206   301 0.79 -
#
# Program:         hmmsearch
# Version:         3.4 (Aug 2023)
# Pipeline mode:   SEARCH
# Query file:      /v3/work/00_inventory/busco/busco_downloads/lineages/plasmodium_odb10/hmms/9313at5820.hmm
# Target file:     /v3/inputs/annotations/plasmodb-68/PvSY56.proteins.fa
# Option settings: hmmsearch --domtblout /v3/work/00_inventory/busco/PvSY56_proteins/run_plasmodium_odb10/hmmer_output/initial_run_results/9313at5820.out --cpu 1 /v3/work/00_inventory/busco/busco_downloads/lineages/plasmodium_odb10/hmms/9313at5820.hmm /v3/inputs/annotations/plasmodb-68/PvSY56.proteins.fa 
# Current dir:     /v3/work/00_inventory/busco
# Date:            Tue May 19 18:22:36 2026
# [ok]
