#                                                                                                             --- full sequence --- -------------- this domain -------------   hmm coord   ali coord   env coord
# target name                                         accession   tlen query name           accession   qlen   E-value  score  bias   #  of  c-Evalue  i-Evalue  score  bias  from    to  from    to  from    to  acc description of target
#                                 ------------------- ---------- ----- -------------------- ---------- ----- --------- ------ ----- --- --- --------- --------- ------ ----- ----- ----- ----- ----- ----- ----- ---- ---------------------
GCA_003402215.1|PVP01_0407500|PVP01_0407500.1|unknown -            526 9615at5820           -            352   1.2e-13   49.3   9.6   1   2   1.2e-07   2.3e-05   22.0   6.4   102   204   109   204    66   215 0.68 -
GCA_003402215.1|PVP01_0407500|PVP01_0407500.1|unknown -            526 9615at5820           -            352   1.2e-13   49.3   9.6   2   2   1.8e-09   3.5e-07   28.0   0.1   265   348   243   326   204   329 0.71 -
GCA_003402215.1|PVP01_1252700|PVP01_1252700.1|unknown -            868 9615at5820           -            352   2.7e-12   44.8  11.9   1   2   5.3e-05      0.01   13.3   6.3    98   202   517   614   499   620 0.76 -
GCA_003402215.1|PVP01_1252700|PVP01_1252700.1|unknown -            868 9615at5820           -            352   2.7e-12   44.8  11.9   2   2   1.7e-11   3.4e-09   34.6   0.3   236   348   619   733   613   736 0.86 -
GCA_003402215.1|PVP01_0313300|PVP01_0313300.1|unknown -            529 9615at5820           -            352   2.5e-11   41.6   5.8   1   2   1.6e-06   0.00031   18.3   3.9   111   209   119   210   110   217 0.71 -
GCA_003402215.1|PVP01_0313300|PVP01_0313300.1|unknown -            529 9615at5820           -            352   2.5e-11   41.6   5.8   2   2   1.1e-08   2.2e-06   25.4   0.2   231   348   207   328   203   331 0.74 -
GCA_003402215.1|PVP01_0923700|PVP01_0923700.1|unknown -           2079 9615at5820           -            352   5.8e-11   40.4  11.0   1   3       1.2   2.4e+02   -1.1   1.7    67   118   638   691   615   715 0.73 -
GCA_003402215.1|PVP01_0923700|PVP01_0923700.1|unknown -           2079 9615at5820           -            352   5.8e-11   40.4  11.0   2   3   2.4e-05    0.0047   14.4   0.1   171   206  1685  1720  1670  1729 0.88 -
GCA_003402215.1|PVP01_0923700|PVP01_0923700.1|unknown -           2079 9615at5820           -            352   5.8e-11   40.4  11.0   3   3   2.2e-10   4.4e-08   31.0   0.3   276   347  1767  1839  1757  1842 0.84 -
GCA_003402215.1|PVP01_1416000|PVP01_1416000.1|unknown -            372 9615at5820           -            352   9.5e-09   33.1  10.7   1   2    0.0048      0.94    6.8   4.8   106   203   151   243   123   247 0.71 -
GCA_003402215.1|PVP01_1416000|PVP01_1416000.1|unknown -            372 9615at5820           -            352   9.5e-09   33.1  10.7   2   2   2.1e-10   4.2e-08   31.0   0.4   230   347   240   359   239   364 0.83 -
GCA_003402215.1|PVP01_1416900|PVP01_1416900.1|unknown -            341 9615at5820           -            352   8.6e-08   30.0   1.6   1   1   6.3e-10   1.2e-07   29.5   1.6   103   201    63   168    30   173 0.79 -
GCA_003402215.1|PVP01_0830100|PVP01_0830100.1|unknown -            609 9615at5820           -            352   1.1e-07   29.6   0.3   1   2     5e-05    0.0098   13.4   0.7   111   200   210   292   196   308 0.71 -
GCA_003402215.1|PVP01_0830100|PVP01_0830100.1|unknown -            609 9615at5820           -            352   1.1e-07   29.6   0.3   2   2   6.8e-05     0.013   12.9   0.0   276   348   345   419   339   421 0.84 -
GCA_003402215.1|PVP01_1143600|PVP01_1143600.1|unknown -            354 9615at5820           -            352   3.2e-07   28.1   0.9   1   2   6.4e-05     0.013   13.0   0.4   118   210    75   172    54   197 0.71 -
GCA_003402215.1|PVP01_1143600|PVP01_1143600.1|unknown -            354 9615at5820           -            352   3.2e-07   28.1   0.9   2   2   4.9e-05    0.0096   13.4   0.0   275   350   222   308   203   310 0.78 -
GCA_003402215.1|PVP01_1265700|PVP01_1265700.1|unknown -           2535 9615at5820           -            352   5.8e-07   27.3   1.0   1   1   1.7e-08   3.4e-06   24.8   1.0   167   348   221   400   162   402 0.71 -
GCA_003402215.1|PVP01_1424400|PVP01_1424400.1|unknown -            514 9615at5820           -            352   1.2e-06   26.2   6.1   1   1   7.8e-07   0.00015   19.3   6.1   170   349   309   507   244   509 0.72 -
GCA_003402215.1|PVP01_1007900|PVP01_1007900.1|unknown -            288 9615at5820           -            352   1.9e-06   25.6   1.5   1   2   3.6e-06    0.0007   17.1   2.1   107   202    55   147    46   162 0.79 -
GCA_003402215.1|PVP01_1007900|PVP01_1007900.1|unknown -            288 9615at5820           -            352   1.9e-06   25.6   1.5   2   2    0.0083       1.6    6.1   0.0   265   340   184   260   152   270 0.64 -
GCA_003402215.1|PVP01_0831000|PVP01_0831000.1|unknown -           1640 9615at5820           -            352   4.7e-06   24.3   2.2   1   1   8.4e-07   0.00017   19.2   2.2   105   295  1414  1584  1387  1615 0.70 -
GCA_003402215.1|PVP01_0818800|PVP01_0818800.1|unknown -            327 9615at5820           -            352   5.8e-06   24.0   1.9   1   2   0.00012     0.024   12.1   0.1   163   226   115   178   107   188 0.86 -
GCA_003402215.1|PVP01_0818800|PVP01_0818800.1|unknown -            327 9615at5820           -            352   5.8e-06   24.0   1.9   2   2   0.00019     0.038   11.4   0.2   266   340   193   271   184   276 0.74 -
GCA_003402215.1|PVP01_1446500|PVP01_1446500.1|unknown -           1008 9615at5820           -            352   1.1e-05   23.1   0.5   1   1   2.6e-07   5.1e-05   20.9   0.5   109   302    60   252    51   295 0.69 -
GCA_003402215.1|PVP01_0314900|PVP01_0314900.1|unknown -            310 9615at5820           -            352   1.3e-05   22.9   2.7   1   2   3.7e-06   0.00073   17.1   2.3   111   205    50   141    42   157 0.77 -
GCA_003402215.1|PVP01_0314900|PVP01_0314900.1|unknown -            310 9615at5820           -            352   1.3e-05   22.9   2.7   2   2     0.031         6    4.2   0.0   266   346   177   257   143   261 0.86 -
GCA_003402215.1|PVP01_0905700|PVP01_0905700.1|unknown -           1299 9615at5820           -            352   2.1e-05   22.1  13.3   1   2   1.7e-05    0.0033   14.9   9.4    81   208   295   407   273   412 0.70 -
GCA_003402215.1|PVP01_0905700|PVP01_0905700.1|unknown -           1299 9615at5820           -            352   2.1e-05   22.1  13.3   2   2    0.0021      0.42    8.0   0.1   276   339   556   626   534   637 0.77 -
GCA_003402215.1|PVP01_1317900|PVP01_1317900.1|unknown -            810 9615at5820           -            352   3.2e-05   21.6   2.6   1   2   2.2e-05    0.0043   14.5   0.6   168   202   122   152    30   159 0.73 -
GCA_003402215.1|PVP01_1317900|PVP01_1317900.1|unknown -            810 9615at5820           -            352   3.2e-05   21.6   2.6   2   2     0.005      0.99    6.8   0.1   307   349   267   309   227   311 0.80 -
GCA_003402215.1|PVP01_0411500|PVP01_0411500.1|unknown -            344 9615at5820           -            352   4.3e-05   21.1   2.3   1   3      0.26        51    1.2   0.2   200   228    30    59     2    79 0.80 -
GCA_003402215.1|PVP01_0411500|PVP01_0411500.1|unknown -            344 9615at5820           -            352   4.3e-05   21.1   2.3   2   3   0.00042     0.083   10.3   0.2   164   200   143   180    82   184 0.81 -
GCA_003402215.1|PVP01_0411500|PVP01_0411500.1|unknown -            344 9615at5820           -            352   4.3e-05   21.1   2.3   3   3    0.0023      0.44    7.9   0.0   236   296   187   251   181   266 0.82 -
GCA_003402215.1|PVP01_1115000|PVP01_1115000.1|unknown -            288 9615at5820           -            352   4.5e-05   21.1   1.4   1   2    0.0003     0.059   10.8   0.7   172   202   104   134    46   142 0.69 -
GCA_003402215.1|PVP01_1115000|PVP01_1115000.1|unknown -            288 9615at5820           -            352   4.5e-05   21.1   1.4   2   2    0.0041      0.81    7.1   0.0   322   348   257   283   250   285 0.87 -
GCA_003402215.1|PVP01_0527200|PVP01_0527200.1|unknown -            625 9615at5820           -            352   8.3e-05   20.2   5.7   1   2   0.00028     0.056   10.9   2.6    78   203   298   416   273   446 0.74 -
GCA_003402215.1|PVP01_0527200|PVP01_0527200.1|unknown -            625 9615at5820           -            352   8.3e-05   20.2   5.7   2   2    0.0008      0.16    9.4   0.0   317   348   550   581   540   583 0.92 -
GCA_003402215.1|PVP01_1300900|PVP01_1300900.1|unknown -            296 9615at5820           -            352   8.3e-05   20.2   8.9   1   3         2   3.8e+02   -1.7   0.0    12    47    14    49     8    66 0.79 -
GCA_003402215.1|PVP01_1300900|PVP01_1300900.1|unknown -            296 9615at5820           -            352   8.3e-05   20.2   8.9   2   3   4.6e-05     0.009   13.5   0.5   113   203    74   162    48   164 0.72 -
GCA_003402215.1|PVP01_1300900|PVP01_1300900.1|unknown -            296 9615at5820           -            352   8.3e-05   20.2   8.9   3   3   0.00022     0.042   11.3   1.4   235   339   164   270   161   278 0.82 -
GCA_003402215.1|PVP01_1216900|PVP01_1216900.1|unknown -            598 9615at5820           -            352   0.00012   19.7  10.4   1   2   5.2e-06     0.001   16.6   6.1   106   214   161   263   136   277 0.73 -
GCA_003402215.1|PVP01_1216900|PVP01_1216900.1|unknown -            598 9615at5820           -            352   0.00012   19.7  10.4   2   2     0.043       8.4    3.7   0.1   315   347   376   408   348   449 0.82 -
GCA_003402215.1|PVP01_1217600|PVP01_1217600.1|unknown -            208 9615at5820           -            352   0.00077   17.0   0.1   1   2   0.00022     0.044   11.2   0.1   174   203    27    56    10    71 0.85 -
GCA_003402215.1|PVP01_1217600|PVP01_1217600.1|unknown -            208 9615at5820           -            352   0.00077   17.0   0.1   2   2     0.051        10    3.5   0.0   319   347   166   194    60   197 0.67 -
GCA_003402215.1|PVP01_0827800|PVP01_0827800.1|unknown -            372 9615at5820           -            352    0.0023   15.4   3.3   1   1   1.7e-05    0.0033   14.9   3.3   112   202   160   254   150   267 0.77 -
GCA_003402215.1|PVP01_0909200|PVP01_0909200.1|unknown -            335 9615at5820           -            352    0.0027   15.2   8.5   1   3   0.00016     0.031   11.7   5.8    83   206    47   173    14   186 0.74 -
GCA_003402215.1|PVP01_0909200|PVP01_0909200.1|unknown -            335 9615at5820           -            352    0.0027   15.2   8.5   2   3       2.7   5.3e+02   -2.2   0.0    96   123   235   262   230   295 0.72 -
GCA_003402215.1|PVP01_0909200|PVP01_0909200.1|unknown -            335 9615at5820           -            352    0.0027   15.2   8.5   3   3     0.057        11    3.3   0.0   320   348   299   327   286   329 0.89 -
GCA_003402215.1|PVP01_1115100|PVP01_1115100.1|unknown -           4021 9615at5820           -            352    0.0032   15.0   9.3   1   3   4.5e-05    0.0089   13.5   1.4   110   209  1241  1335  1228  1342 0.81 -
GCA_003402215.1|PVP01_1115100|PVP01_1115100.1|unknown -           4021 9615at5820           -            352    0.0032   15.0   9.3   2   3     0.034       6.8    4.0   0.0   276   348  1376  1445  1355  1447 0.85 -
GCA_003402215.1|PVP01_1115100|PVP01_1115100.1|unknown -           4021 9615at5820           -            352    0.0032   15.0   9.3   3   3      0.48        95    0.3   0.4    25    50  2636  2661  2632  2669 0.88 -
GCA_003402215.1|PVP01_0513200|PVP01_0513200.1|unknown -            871 9615at5820           -            352     0.083   10.3   6.9   1   2      0.22        43    1.4   0.2   110   134    75    99    60   123 0.73 -
GCA_003402215.1|PVP01_0513200|PVP01_0513200.1|unknown -            871 9615at5820           -            352     0.083   10.3   6.9   2   2   0.00028     0.054   10.9   2.3   172   224   239   290   222   303 0.78 -
#
# Program:         hmmsearch
# Version:         3.4 (Aug 2023)
# Pipeline mode:   SEARCH
# Query file:      /v3/work/00_inventory/busco/busco_downloads/lineages/plasmodium_odb10/hmms/9615at5820.hmm
# Target file:     /v3/inputs/annotations/plasmodb-68/PvSY56.proteins.fa
# Option settings: hmmsearch --domtblout /v3/work/00_inventory/busco/PvSY56_proteins/run_plasmodium_odb10/hmmer_output/initial_run_results/9615at5820.out --cpu 1 /v3/work/00_inventory/busco/busco_downloads/lineages/plasmodium_odb10/hmms/9615at5820.hmm /v3/inputs/annotations/plasmodb-68/PvSY56.proteins.fa 
# Current dir:     /v3/work/00_inventory/busco
# Date:            Tue May 19 18:23:51 2026
# [ok]
