#                                                                                                             --- full sequence --- -------------- this domain -------------   hmm coord   ali coord   env coord
# target name                                         accession   tlen query name           accession   qlen   E-value  score  bias   #  of  c-Evalue  i-Evalue  score  bias  from    to  from    to  from    to  acc description of target
#                                 ------------------- ---------- ----- -------------------- ---------- ----- --------- ------ ----- --- --- --------- --------- ------ ----- ----- ----- ----- ----- ----- ----- ---- ---------------------
GCA_003402215.1|PVP01_0804500|PVP01_0804500.1|unknown -            341 9722at5820           -            288  3.6e-157  520.6  36.6   1   3  1.4e-117    1e-114  381.3  16.8     1   206     1   215     1   222 0.95 -
GCA_003402215.1|PVP01_0804500|PVP01_0804500.1|unknown -            341 9722at5820           -            288  3.6e-157  520.6  36.6   2   3   7.8e-30   5.9e-27   93.3   1.6   198   256   228   286   225   299 0.93 -
GCA_003402215.1|PVP01_0804500|PVP01_0804500.1|unknown -            341 9722at5820           -            288  3.6e-157  520.6  36.6   3   3   5.6e-19   4.2e-16   57.7   3.5   252   288   305   341   287   341 0.89 -
GCA_003402215.1|PVP01_0621700|PVP01_0621700.1|unknown -            301 9722at5820           -            288   1.3e-18   65.9   3.9   1   3   4.6e-17   3.5e-14   51.4   0.4    14   184     5   188     3   188 0.76 -
GCA_003402215.1|PVP01_0621700|PVP01_0621700.1|unknown -            301 9722at5820           -            288   1.3e-18   65.9   3.9   2   3   3.7e-07   0.00028   18.9   0.3    66   145   160   243   151   259 0.75 -
GCA_003402215.1|PVP01_0621700|PVP01_0621700.1|unknown -            301 9722at5820           -            288   1.3e-18   65.9   3.9   3   3       0.1        77    1.0   0.0    62   105   252   297   247   301 0.74 -
GCA_003402215.1|PVP01_0703600|PVP01_0703600.1|unknown -           1161 9722at5820           -            288   3.6e-07   28.4  14.9   1   5     0.001      0.78    7.6   0.0   203   247    21    64     3    84 0.77 -
GCA_003402215.1|PVP01_0703600|PVP01_0703600.1|unknown -           1161 9722at5820           -            288   3.6e-07   28.4  14.9   2   5     0.058        44    1.9   1.6    44   104   620   688   614   702 0.76 -
GCA_003402215.1|PVP01_0703600|PVP01_0703600.1|unknown -           1161 9722at5820           -            288   3.6e-07   28.4  14.9   3   5      0.07        53    1.6   0.1   162   199   702   739   693   746 0.58 -
GCA_003402215.1|PVP01_0703600|PVP01_0703600.1|unknown -           1161 9722at5820           -            288   3.6e-07   28.4  14.9   4   5     0.001      0.78    7.6   0.4   131   201   800   865   772   872 0.67 -
GCA_003402215.1|PVP01_0703600|PVP01_0703600.1|unknown -           1161 9722at5820           -            288   3.6e-07   28.4  14.9   5   5   5.5e-06    0.0042   15.0   0.0   198   261  1047  1113  1034  1123 0.79 -
GCA_003402215.1|PVP01_1103300|PVP01_1103300.1|unknown -            494 9722at5820           -            288   5.3e-07   27.8  16.3   1   5   0.00039       0.3    9.0   0.0    21    53    17    50     3    54 0.81 -
GCA_003402215.1|PVP01_1103300|PVP01_1103300.1|unknown -            494 9722at5820           -            288   5.3e-07   27.8  16.3   2   5       1.8   1.4e+03   -3.1   0.2   108   108   149   149   115   200 0.49 -
GCA_003402215.1|PVP01_1103300|PVP01_1103300.1|unknown -            494 9722at5820           -            288   5.3e-07   27.8  16.3   3   5       2.9   2.2e+03   -3.7   0.0    62    83   206   230   188   235 0.72 -
GCA_003402215.1|PVP01_1103300|PVP01_1103300.1|unknown -            494 9722at5820           -            288   5.3e-07   27.8  16.3   4   5    0.0021       1.6    6.5   0.1   205   241   281   317   265   335 0.78 -
GCA_003402215.1|PVP01_1103300|PVP01_1103300.1|unknown -            494 9722at5820           -            288   5.3e-07   27.8  16.3   5   5   8.8e-07   0.00067   17.7   5.1    58   195   337   487   320   494 0.72 -
GCA_003402215.1|PVP01_0206600|PVP01_0206600.1|unknown -            332 9722at5820           -            288   9.1e-07   27.1   7.0   1   3     0.015        12    3.7   0.0   115   140    24    49    14    57 0.69 -
GCA_003402215.1|PVP01_0206600|PVP01_0206600.1|unknown -            332 9722at5820           -            288   9.1e-07   27.1   7.0   2   3    0.0066         5    4.9   0.6   256   283    93   120    70   125 0.77 -
GCA_003402215.1|PVP01_0206600|PVP01_0206600.1|unknown -            332 9722at5820           -            288   9.1e-07   27.1   7.0   3   3   3.8e-07   0.00029   18.9   0.5   114   249   146   274   139   287 0.79 -
GCA_003402215.1|PVP01_0707300|PVP01_0707300.1|unknown -            501 9722at5820           -            288   1.8e-05   22.8  14.4   1   4      0.06        46    1.8   0.0    16    49    64    97    56   107 0.79 -
GCA_003402215.1|PVP01_0707300|PVP01_0707300.1|unknown -            501 9722at5820           -            288   1.8e-05   22.8  14.4   2   4   0.00017      0.13   10.2   3.1   114   193   194   272   180   291 0.76 -
GCA_003402215.1|PVP01_0707300|PVP01_0707300.1|unknown -            501 9722at5820           -            288   1.8e-05   22.8  14.4   3   4   9.6e-06    0.0073   14.3   0.1   205   246   389   430   377   435 0.86 -
GCA_003402215.1|PVP01_0707300|PVP01_0707300.1|unknown -            501 9722at5820           -            288   1.8e-05   22.8  14.4   4   4      0.04        30    2.4   0.2   138   188   432   484   429   495 0.70 -
GCA_003402215.1|PVP01_0306800|PVP01_0306800.1|unknown -            380 9722at5820           -            288   1.9e-05   22.7  36.9   1   3    0.0008      0.61    7.9  14.3   122   249    16   145     3   150 0.74 -
GCA_003402215.1|PVP01_0306800|PVP01_0306800.1|unknown -            380 9722at5820           -            288   1.9e-05   22.7  36.9   2   3   3.4e-08   2.6e-05   22.3  22.5    54   280    59   284    49   295 0.74 -
GCA_003402215.1|PVP01_0306800|PVP01_0306800.1|unknown -            380 9722at5820           -            288   1.9e-05   22.7  36.9   3   3      0.76   5.8e+02   -1.8   1.0    59    84   330   357   313   378 0.60 -
#
# Program:         hmmsearch
# Version:         3.4 (Aug 2023)
# Pipeline mode:   SEARCH
# Query file:      /v3/work/00_inventory/busco/busco_downloads/lineages/plasmodium_odb10/hmms/9722at5820.hmm
# Target file:     /v3/inputs/annotations/plasmodb-68/PvSY56.proteins.fa
# Option settings: hmmsearch --domtblout /v3/work/00_inventory/busco/PvSY56_proteins/run_plasmodium_odb10/hmmer_output/initial_run_results/9722at5820.out --cpu 1 /v3/work/00_inventory/busco/busco_downloads/lineages/plasmodium_odb10/hmms/9722at5820.hmm /v3/inputs/annotations/plasmodb-68/PvSY56.proteins.fa 
# Current dir:     /v3/work/00_inventory/busco
# Date:            Tue May 19 18:24:11 2026
# [ok]
