#                                                                            --- full sequence --- -------------- this domain -------------   hmm coord   ali coord   env coord
# target name        accession   tlen query name           accession   qlen   E-value  score  bias   #  of  c-Evalue  i-Evalue  score  bias  from    to  from    to  from    to  acc description of target
#------------------- ---------- ----- -------------------- ---------- ----- --------- ------ ----- --- --- --------- --------- ------ ----- ----- ----- ----- ----- ----- ----- ---- ---------------------
SCO67592.1           -            250 10996at5820          -            217  1.5e-123  409.1  16.9   1   1    1e-125  6.9e-123  406.9  16.9     1   217    15   249    15   249 0.95 CPW-WPC family protein [Plasmodium vivax]
SCO70103.1           -           1118 10996at5820          -            217   1.9e-39  134.2  73.8   1   9   1.2e-09   7.8e-07   27.5   8.2    48   163    76   190    62   192 0.80 CPW-WPC family protein [Plasmodium vivax]
SCO70103.1           -           1118 10996at5820          -            217   1.9e-39  134.2  73.8   2   9     8e-09   5.4e-06   24.8   5.5    89   146   176   232   173   236 0.88 CPW-WPC family protein [Plasmodium vivax]
SCO70103.1           -           1118 10996at5820          -            217   1.9e-39  134.2  73.8   3   9     9e-05     0.061   11.5   0.1    88   132   236   279   233   296 0.89 CPW-WPC family protein [Plasmodium vivax]
SCO70103.1           -           1118 10996at5820          -            217   1.9e-39  134.2  73.8   4   9   9.7e-14   6.5e-11   40.9   5.8    74   186   291   408   285   413 0.83 CPW-WPC family protein [Plasmodium vivax]
SCO70103.1           -           1118 10996at5820          -            217   1.9e-39  134.2  73.8   5   9   2.2e-05     0.015   13.6   0.6   110   149   711   751   703   757 0.83 CPW-WPC family protein [Plasmodium vivax]
SCO70103.1           -           1118 10996at5820          -            217   1.9e-39  134.2  73.8   6   9     2e-06    0.0014   16.9   0.8   101   150   767   817   749   827 0.77 CPW-WPC family protein [Plasmodium vivax]
SCO70103.1           -           1118 10996at5820          -            217   1.9e-39  134.2  73.8   7   9   7.3e-06    0.0049   15.1   4.8   114   150   914   951   903   975 0.79 CPW-WPC family protein [Plasmodium vivax]
SCO70103.1           -           1118 10996at5820          -            217   1.9e-39  134.2  73.8   8   9   0.00011     0.075   11.2   3.7   104   150   966  1013   948  1023 0.79 CPW-WPC family protein [Plasmodium vivax]
SCO70103.1           -           1118 10996at5820          -            217   1.9e-39  134.2  73.8   9   9   9.7e-05     0.066   11.4   0.1    96   138  1037  1079  1023  1088 0.85 CPW-WPC family protein [Plasmodium vivax]
SCO66919.1           -            557 10996at5820          -            217     2e-33  114.4  52.8   1   5   1.6e-10   1.1e-07   30.3   9.9    65   146   209   286   191   293 0.88 CPW-WPC family protein, putative [Plasmodium vivax]
SCO66919.1           -            557 10996at5820          -            217     2e-33  114.4  52.8   2   5     3e-12     2e-09   36.0   4.5    87   146   293   352   287   357 0.88 CPW-WPC family protein, putative [Plasmodium vivax]
SCO66919.1           -            557 10996at5820          -            217     2e-33  114.4  52.8   3   5   6.3e-10   4.2e-07   28.4   3.0    89   148   356   415   352   419 0.89 CPW-WPC family protein, putative [Plasmodium vivax]
SCO66919.1           -            557 10996at5820          -            217     2e-33  114.4  52.8   4   5   1.1e-09   7.5e-07   27.6   6.1    89   149   417   478   414   492 0.86 CPW-WPC family protein, putative [Plasmodium vivax]
SCO66919.1           -            557 10996at5820          -            217     2e-33  114.4  52.8   5   5   1.3e-05    0.0088   14.3   1.0    96   132   485   519   476   528 0.83 CPW-WPC family protein, putative [Plasmodium vivax]
SCO69313.1           -            378 10996at5820          -            217   3.2e-32  110.5  35.8   1   4   8.2e-10   5.5e-07   28.0   5.5    65   146    32   107    22   111 0.80 CPW-WPC family protein, putative [Plasmodium vivax]
SCO69313.1           -            378 10996at5820          -            217   3.2e-32  110.5  35.8   2   4   7.3e-15   4.9e-12   44.5   9.3    87   186   109   209   107   215 0.84 CPW-WPC family protein, putative [Plasmodium vivax]
SCO69313.1           -            378 10996at5820          -            217   3.2e-32  110.5  35.8   3   4   1.5e-06     0.001   17.3   3.4    66   146   155   229   155   235 0.86 CPW-WPC family protein, putative [Plasmodium vivax]
SCO69313.1           -            378 10996at5820          -            217   3.2e-32  110.5  35.8   4   4   3.3e-16   2.2e-13   48.9   6.2    65   187   215   338   211   347 0.89 CPW-WPC family protein, putative [Plasmodium vivax]
SCO68611.1           -            482 10996at5820          -            217   1.3e-30  105.2  50.8   1   4   1.5e-10     1e-07   30.4   5.7    60   136    77   150    31   155 0.85 CPW-WPC family protein, putative [Plasmodium vivax]
SCO68611.1           -            482 10996at5820          -            217   1.3e-30  105.2  50.8   2   4   1.9e-21   1.3e-18   66.0  17.9    67   198   156   286   150   286 0.85 CPW-WPC family protein, putative [Plasmodium vivax]
SCO68611.1           -            482 10996at5820          -            217   1.3e-30  105.2  50.8   3   4   0.00059       0.4    8.9   8.6    89   147   293   353   276   362 0.77 CPW-WPC family protein, putative [Plasmodium vivax]
SCO68611.1           -            482 10996at5820          -            217   1.3e-30  105.2  50.8   4   4   9.4e-05     0.064   11.5   0.4    84   131   366   413   356   419 0.80 CPW-WPC family protein, putative [Plasmodium vivax]
SCO67141.1           -            585 10996at5820          -            217   7.5e-26   89.7  41.7   1   4   7.7e-10   5.2e-07   28.1   1.8   131   189   233   292   206   296 0.88 CPW-WPC family protein, putative [Plasmodium vivax]
SCO67141.1           -            585 10996at5820          -            217   7.5e-26   89.7  41.7   2   4     3e-10     2e-07   29.4   7.7   112   190   274   356   271   359 0.88 CPW-WPC family protein, putative [Plasmodium vivax]
SCO67141.1           -            585 10996at5820          -            217   7.5e-26   89.7  41.7   3   4   1.5e-12     1e-09   37.0  11.8    66   189   360   485   356   489 0.87 CPW-WPC family protein, putative [Plasmodium vivax]
SCO67141.1           -            585 10996at5820          -            217   7.5e-26   89.7  41.7   4   4   6.9e-06    0.0047   15.2   1.2    67   128   490   547   486   553 0.86 CPW-WPC family protein, putative [Plasmodium vivax]
SCO68539.1           -            565 10996at5820          -            217   1.3e-20   72.5  33.1   1   5   1.7e-13   1.2e-10   40.0   3.0    27   155   160   282   134   300 0.79 CPW-WPC family protein, putative [Plasmodium vivax]
SCO68539.1           -            565 10996at5820          -            217   1.3e-20   72.5  33.1   2   5   1.6e-07   0.00011   20.5   3.6    99   170   303   376   296   380 0.82 CPW-WPC family protein, putative [Plasmodium vivax]
SCO68539.1           -            565 10996at5820          -            217   1.3e-20   72.5  33.1   3   5   5.1e-05     0.035   12.3   1.1    90   149   356   419   352   423 0.79 CPW-WPC family protein, putative [Plasmodium vivax]
SCO68539.1           -            565 10996at5820          -            217   1.3e-20   72.5  33.1   4   5   3.5e-08   2.4e-05   22.7   1.5    67   146   404   481   399   487 0.81 CPW-WPC family protein, putative [Plasmodium vivax]
SCO68539.1           -            565 10996at5820          -            217   1.3e-20   72.5  33.1   5   5    0.0024       1.6    6.9   0.8    87   140   484   537   478   544 0.82 CPW-WPC family protein, putative [Plasmodium vivax]
SCO68097.1           -            282 10996at5820          -            217   1.8e-13   49.2  12.4   1   2   0.00033      0.22    9.7   0.3    66   146    57   141    20   144 0.61 CPW-WPC family protein [Plasmodium vivax]
SCO68097.1           -            282 10996at5820          -            217   1.8e-13   49.2  12.4   2   2   1.5e-14     1e-11   43.5   6.6    84   188   142   246   141   248 0.89 CPW-WPC family protein [Plasmodium vivax]
SCO68154.1           -            185 10996at5820          -            217     0.015   13.5   5.6   1   1   3.4e-05     0.023   12.9   5.1   134   188    98   152    68   167 0.85 conserved Plasmodium protein, unknown function [Plasmodium vivax]
#
# Program:         hmmsearch
# Version:         3.4 (Aug 2023)
# Pipeline mode:   SEARCH
# Query file:      /v3/work/00_inventory/busco/busco_downloads/lineages/plasmodium_odb10/hmms/10996at5820.hmm
# Target file:     /v3/inputs/annotations/ncbi-datasets/PvT01.proteins.fa
# Option settings: hmmsearch --domtblout /v3/work/00_inventory/busco/PvT01_proteins/run_plasmodium_odb10/hmmer_output/initial_run_results/10996at5820.out --cpu 1 /v3/work/00_inventory/busco/busco_downloads/lineages/plasmodium_odb10/hmms/10996at5820.hmm /v3/inputs/annotations/ncbi-datasets/PvT01.proteins.fa 
# Current dir:     /v3/work/00_inventory/busco
# Date:            Tue May 19 18:31:26 2026
# [ok]
