#                                                                            --- full sequence --- -------------- this domain -------------   hmm coord   ali coord   env coord
# target name        accession   tlen query name           accession   qlen   E-value  score  bias   #  of  c-Evalue  i-Evalue  score  bias  from    to  from    to  from    to  acc description of target
#------------------- ---------- ----- -------------------- ---------- ----- --------- ------ ----- --- --- --------- --------- ------ ----- ----- ----- ----- ----- ----- ----- ---- ---------------------
SCO68716.1           -            339 11485at5820          -            260  2.2e-131  435.4  32.3   1   2   2.8e-23   9.4e-21   72.8   0.1     1    46     1    46     1    71 0.91 DnaJ protein, putative [Plasmodium vivax]
SCO68716.1           -            339 11485at5820          -            260  2.2e-131  435.4  32.3   2   2  3.3e-112  1.1e-109  364.3  28.8    44   260   104   330    96   330 0.94 DnaJ protein, putative [Plasmodium vivax]
SCO69216.1           -            245 11485at5820          -            260   1.4e-16   59.1   0.5   1   1   6.2e-19   2.1e-16   58.5   0.5     5    94     3    90     1   108 0.80 DnaJ domain containing protein [Plasmodium vivax]
SCO69092.1           -            406 11485at5820          -            260   3.5e-15   54.5   0.2   1   1   1.8e-17   6.2e-15   53.7   0.2     5    85    79   153    76   184 0.86 40 kDa heat shock protein, putative [Plasmodium vivax]
SCO65622.1           -            328 11485at5820          -            260   4.2e-14   51.0   0.7   1   1   2.3e-16   7.8e-14   50.1   0.7     8    84     4    74     2    80 0.91 protein SIS1, putative [Plasmodium vivax]
SCO68105.1           -            380 11485at5820          -            260   4.5e-14   50.9   2.3   1   2   1.3e-16   4.5e-14   50.9   2.3     7    88    45   116    39   126 0.86 DnaJ protein, putative [Plasmodium vivax]
SCO68105.1           -            380 11485at5820          -            260   4.5e-14   50.9   2.3   2   2       1.5   4.9e+02   -1.7   0.9   162   185   241   264   237   298 0.75 DnaJ protein, putative [Plasmodium vivax]
SCO66769.1           -            731 11485at5820          -            260     1e-13   49.8   1.9   1   1   2.9e-16     1e-13   49.8   1.9     9    80     9    76     1    87 0.89 DnaJ protein, putative [Plasmodium vivax]
SCO65219.1           -            420 11485at5820          -            260   5.7e-12   44.0   2.4   1   1   3.1e-14   1.1e-11   43.1   2.4     8    94    85   166    78   218 0.85 heat shock protein, putative [Plasmodium vivax]
SCO68621.1           -            334 11485at5820          -            260   8.6e-12   43.4   0.9   1   2   4.3e-14   1.5e-11   42.7   0.0     8    80    43   107    39   119 0.94 DNAJ like protein, putative [Plasmodium vivax]
SCO68621.1           -            334 11485at5820          -            260   8.6e-12   43.4   0.9   2   2       2.1     7e+02   -2.2   0.2   111   124   244   257   203   272 0.50 DNAJ like protein, putative [Plasmodium vivax]
SCO67192.1           -            549 11485at5820          -            260   6.8e-11   40.5   1.3   1   3     2e-13   6.8e-11   40.5   1.3     6    83    32    97    28   102 0.87 DnaJ domain containing protein [Plasmodium vivax]
SCO67192.1           -            549 11485at5820          -            260   6.8e-11   40.5   1.3   2   3       3.5   1.2e+03   -2.9   1.9   186   186   208   208   170   285 0.58 DnaJ domain containing protein [Plasmodium vivax]
SCO67192.1           -            549 11485at5820          -            260   6.8e-11   40.5   1.3   3   3       1.1   3.7e+02   -1.3   1.0   124   194   349   425   342   464 0.69 DnaJ domain containing protein [Plasmodium vivax]
SCO69775.1           -            720 11485at5820          -            260   2.5e-10   38.6   0.0   1   1   2.7e-12   9.1e-10   36.8   0.0     4    83   125   195   122   203 0.86 translocation protein SEC63, putative [Plasmodium vivax]
SCO65324.1           -            654 11485at5820          -            260   2.7e-10   38.5   0.1   1   1     2e-12   6.8e-10   37.2   0.1     8    90    84   156    78   160 0.88 heat shock protein 40, putative [Plasmodium vivax]
SCO69226.1           -            421 11485at5820          -            260   3.7e-09   34.8   2.4   1   2   1.1e-11   3.7e-09   34.8   2.4     6    85    25    91    20   102 0.85 HSP40, subfamily A, putative, putative [Plasmodium vivax]
SCO69226.1           -            421 11485at5820          -            260   3.7e-09   34.8   2.4   2   2       2.1   7.2e+02   -2.2   0.5   211   228   351   368   333   400 0.58 HSP40, subfamily A, putative, putative [Plasmodium vivax]
SCO64993.1           -            851 11485at5820          -            260   1.4e-08   32.9   0.2   1   1     1e-10   3.5e-08   31.6   0.2     8    98   283   363   279   378 0.82 DnaJ protein, putative [Plasmodium vivax]
SCO69451.1           -            381 11485at5820          -            260     3e-08   31.8   3.9   1   1   2.4e-10   8.1e-08   30.4   3.9     4    97    51   134    49   197 0.81 DnaJ protein, putative [Plasmodium vivax]
SCO66512.1           -            378 11485at5820          -            260   4.7e-08   31.2   0.8   1   3   1.4e-10   4.7e-08   31.2   0.8     8    89    53   124    49   132 0.87 DnaJ protein, putative [Plasmodium vivax]
SCO66512.1           -            378 11485at5820          -            260   4.7e-08   31.2   0.8   2   3       2.5   8.4e+02   -2.4   1.7   191   234   260   302   236   326 0.48 DnaJ protein, putative [Plasmodium vivax]
SCO66512.1           -            378 11485at5820          -            260   4.7e-08   31.2   0.8   3   3       6.3   2.1e+03   -3.8   4.1   192   236   311   355   285   363 0.69 DnaJ protein, putative [Plasmodium vivax]
SCO67886.1           -            177 11485at5820          -            260   3.3e-05   21.8   1.4   1   2   3.3e-07   0.00011   20.1   0.0     1    49     1    49     1    59 0.90 DnaJ protein, putative [Plasmodium vivax]
SCO67886.1           -            177 11485at5820          -            260   3.3e-05   21.8   1.4   2   2      0.35   1.2e+02    0.3   0.6   147   180    94   127    71   135 0.63 DnaJ protein, putative [Plasmodium vivax]
SCO67665.1           -            529 11485at5820          -            260   0.00016   19.6  15.4   1   3      0.65   2.2e+02   -0.5   0.1    63    87   117   142   115   149 0.74 DnaJ protein, putative [Plasmodium vivax]
SCO67665.1           -            529 11485at5820          -            260   0.00016   19.6  15.4   2   3   4.6e-07   0.00016   19.6  15.4     6   132   189   316   185   440 0.71 DnaJ protein, putative [Plasmodium vivax]
SCO67665.1           -            529 11485at5820          -            260   0.00016   19.6  15.4   3   3         4   1.4e+03   -3.1   4.2   180   193   443   456   402   522 0.42 DnaJ protein, putative [Plasmodium vivax]
SCO68055.1           -            201 11485at5820          -            260     0.098   10.4  10.1   1   1   0.00098      0.33    8.7  10.1     8    79     2    65     1   172 0.70 DnaJ protein, putative [Plasmodium vivax]
#
# Program:         hmmsearch
# Version:         3.4 (Aug 2023)
# Pipeline mode:   SEARCH
# Query file:      /v3/work/00_inventory/busco/busco_downloads/lineages/plasmodium_odb10/hmms/11485at5820.hmm
# Target file:     /v3/inputs/annotations/ncbi-datasets/PvT01.proteins.fa
# Option settings: hmmsearch --domtblout /v3/work/00_inventory/busco/PvT01_proteins/run_plasmodium_odb10/hmmer_output/initial_run_results/11485at5820.out --cpu 1 /v3/work/00_inventory/busco/busco_downloads/lineages/plasmodium_odb10/hmms/11485at5820.hmm /v3/inputs/annotations/ncbi-datasets/PvT01.proteins.fa 
# Current dir:     /v3/work/00_inventory/busco
# Date:            Tue May 19 18:33:24 2026
# [ok]
