#                                                                            --- full sequence --- -------------- this domain -------------   hmm coord   ali coord   env coord
# target name        accession   tlen query name           accession   qlen   E-value  score  bias   #  of  c-Evalue  i-Evalue  score  bias  from    to  from    to  from    to  acc description of target
#------------------- ---------- ----- -------------------- ---------- ----- --------- ------ ----- --- --- --------- --------- ------ ----- ----- ----- ----- ----- ----- ----- ---- ---------------------
SCO69216.1           -            245 11733at5820          -            216  6.4e-136  449.4  10.3   1   1    3e-138  8.8e-136  449.0  10.3     1   216     3   237     3   237 0.97 DnaJ domain containing protein [Plasmodium vivax]
SCO69092.1           -            406 11733at5820          -            216   6.4e-27   93.1   4.3   1   1   3.9e-29   1.1e-26   92.3   4.3     3   110    81   194    79   206 0.84 40 kDa heat shock protein, putative [Plasmodium vivax]
SCO65622.1           -            328 11733at5820          -            216   3.1e-21   74.5   1.7   1   1   2.1e-23   6.1e-21   73.6   1.7     4   130     4   143     2   155 0.70 protein SIS1, putative [Plasmodium vivax]
SCO65219.1           -            420 11733at5820          -            216   4.9e-20   70.6   2.2   1   2   6.2e-22   1.8e-19   68.8   0.3     4    69    85   155    82   170 0.89 heat shock protein, putative [Plasmodium vivax]
SCO65219.1           -            420 11733at5820          -            216   4.9e-20   70.6   2.2   2   2      0.29        84    1.2   0.1    29    55   196   222   171   239 0.75 heat shock protein, putative [Plasmodium vivax]
SCO68105.1           -            380 11733at5820          -            216   2.8e-15   55.1   1.8   1   1   1.6e-17   4.6e-15   54.4   1.8     4   105    46   146    43   159 0.87 DnaJ protein, putative [Plasmodium vivax]
SCO68621.1           -            334 11733at5820          -            216   8.2e-14   50.3  12.5   1   1     4e-15   1.1e-12   46.5  12.5     4   203    43   246    40   257 0.58 DNAJ like protein, putative [Plasmodium vivax]
SCO65324.1           -            654 11733at5820          -            216   9.4e-14   50.1   0.2   1   1   7.4e-16   2.1e-13   48.9   0.2     6    96    86   185    82   208 0.79 heat shock protein 40, putative [Plasmodium vivax]
SCO68716.1           -            339 11733at5820          -            216   1.3e-13   49.7   1.8   1   2   8.3e-08   2.4e-05   22.6   0.1     3    67     7    76     5    94 0.79 DnaJ protein, putative [Plasmodium vivax]
SCO68716.1           -            339 11733at5820          -            216   1.3e-13   49.7   1.8   2   2   7.1e-09     2e-06   26.1   0.3    37    81   112   156    98   171 0.86 DnaJ protein, putative [Plasmodium vivax]
SCO67192.1           -            549 11733at5820          -            216   8.5e-13   47.0   2.3   1   2   5.4e-15   1.6e-12   46.1   1.3     3    74    33   101    31   105 0.89 DnaJ domain containing protein [Plasmodium vivax]
SCO67192.1           -            549 11733at5820          -            216   8.5e-13   47.0   2.3   2   2       4.6   1.3e+03   -2.7   0.0   155   192   213   257   205   280 0.59 DnaJ domain containing protein [Plasmodium vivax]
SCO64993.1           -            851 11733at5820          -            216   1.4e-12   46.2   0.7   1   1   1.6e-14   4.7e-12   44.5   0.7     4    68   283   349   280   356 0.86 DnaJ protein, putative [Plasmodium vivax]
SCO69226.1           -            421 11733at5820          -            216   1.8e-12   45.9   1.7   1   2   7.9e-15   2.3e-12   45.6   0.4     3    73    26    94    24   107 0.86 HSP40, subfamily A, putative, putative [Plasmodium vivax]
SCO69226.1           -            421 11733at5820          -            216   1.8e-12   45.9   1.7   2   2       5.5   1.6e+03   -3.0   0.0   161   192   201   232   186   248 0.59 HSP40, subfamily A, putative, putative [Plasmodium vivax]
SCO67665.1           -            529 11733at5820          -            216   2.1e-12   45.7   0.4   1   2       2.6   7.5e+02   -1.9   0.2    55    83   124   153   116   159 0.74 DnaJ protein, putative [Plasmodium vivax]
SCO67665.1           -            529 11733at5820          -            216   2.1e-12   45.7   0.4   2   2   7.3e-15   2.1e-12   45.7   0.4     4    70   191   258   188   278 0.85 DnaJ protein, putative [Plasmodium vivax]
SCO69451.1           -            381 11733at5820          -            216   1.1e-11   43.4   0.3   1   1   6.4e-14   1.8e-11   42.6   0.3     4    69    55   121    52   158 0.83 DnaJ protein, putative [Plasmodium vivax]
SCO66769.1           -            731 11733at5820          -            216   2.5e-11   42.1   0.6   1   1   2.5e-13   7.2e-11   40.7   0.6     4    64     8    75     5    81 0.84 DnaJ protein, putative [Plasmodium vivax]
SCO67467.1           -            381 11733at5820          -            216   1.8e-10   39.3   5.4   1   1   1.2e-12   3.6e-10   38.4   5.4     3   114   111   227   109   250 0.74 DnaJ protein, putative [Plasmodium vivax]
SCO65833.1           -            691 11733at5820          -            216   5.6e-10   37.8   1.1   1   1   4.2e-12   1.2e-09   36.6   1.1     3    65   141   205   139   226 0.88 DnaJ protein, putative [Plasmodium vivax]
SCO69775.1           -            720 11733at5820          -            216   5.9e-10   37.7   0.1   1   1   4.2e-12   1.2e-09   36.7   0.1     8    68   133   195   127   199 0.82 translocation protein SEC63, putative [Plasmodium vivax]
SCO66512.1           -            378 11733at5820          -            216   4.7e-09   34.7   1.1   1   1     3e-11   8.6e-09   33.9   1.1     1    71    50   121    50   134 0.86 DnaJ protein, putative [Plasmodium vivax]
SCO68055.1           -            201 11733at5820          -            216   2.9e-05   22.3   6.4   1   2     1e-07   2.9e-05   22.3   6.4     3    79     1    82     1   106 0.64 DnaJ protein, putative [Plasmodium vivax]
SCO68055.1           -            201 11733at5820          -            216   2.9e-05   22.3   6.4   2   2       3.1   9.1e+02   -2.2   3.7    74    83    88    97    75   152 0.61 DnaJ protein, putative [Plasmodium vivax]
SCO67529.1           -            321 11733at5820          -            216    0.0048   15.1   0.5   1   1     3e-05    0.0086   14.3   0.5     4    69    36    97    33   115 0.75 DnaJ protein, putative [Plasmodium vivax]
SCO69658.1           -            337 11733at5820          -            216     0.012   13.7   0.8   1   2   4.3e-05     0.012   13.7   0.8     9    69   121   183   113   199 0.75 DnaJ protein, putative [Plasmodium vivax]
SCO69658.1           -            337 11733at5820          -            216     0.012   13.7   0.8   2   2      0.45   1.3e+02    0.6   2.0    31    62   304   336   272   337 0.67 DnaJ protein, putative [Plasmodium vivax]
#
# Program:         hmmsearch
# Version:         3.4 (Aug 2023)
# Pipeline mode:   SEARCH
# Query file:      /v3/work/00_inventory/busco/busco_downloads/lineages/plasmodium_odb10/hmms/11733at5820.hmm
# Target file:     /v3/inputs/annotations/ncbi-datasets/PvT01.proteins.fa
# Option settings: hmmsearch --domtblout /v3/work/00_inventory/busco/PvT01_proteins/run_plasmodium_odb10/hmmer_output/initial_run_results/11733at5820.out --cpu 1 /v3/work/00_inventory/busco/busco_downloads/lineages/plasmodium_odb10/hmms/11733at5820.hmm /v3/inputs/annotations/ncbi-datasets/PvT01.proteins.fa 
# Current dir:     /v3/work/00_inventory/busco
# Date:            Tue May 19 18:27:29 2026
# [ok]
