#                                                                            --- full sequence --- -------------- this domain -------------   hmm coord   ali coord   env coord
# target name        accession   tlen query name           accession   qlen   E-value  score  bias   #  of  c-Evalue  i-Evalue  score  bias  from    to  from    to  from    to  acc description of target
#------------------- ---------- ----- -------------------- ---------- ----- --------- ------ ----- --- --- --------- --------- ------ ----- ----- ----- ----- ----- ----- ----- ---- ---------------------
SCO66216.1           -            179 12446at5820          -            172    4e-112  370.5  10.5   1   1  1.3e-114  4.3e-112  370.4  10.5     3   172     9   179     1   179 0.98 centrin-3, putative [Plasmodium vivax]
SCO65130.1           -            168 12446at5820          -            172   5.2e-67  223.6  11.5   1   1   1.7e-69   5.7e-67  223.5  11.5    12   172     7   168     1   168 0.95 centrin-1, putative [Plasmodium vivax]
SCO68985.1           -            168 12446at5820          -            172   8.8e-41  138.2   6.1   1   1     3e-43     1e-40  138.0   6.1    23   170    18   166     3   168 0.92 centrin-2, putative [Plasmodium vivax]
SCO69264.1           -            149 12446at5820          -            172   6.3e-32  109.4   7.9   1   1   2.3e-34   7.6e-32  109.1   7.9    25   166     4   146     2   149 0.97 calmodulin, putative [Plasmodium vivax]
SCO67160.1           -            167 12446at5820          -            172   2.3e-28   97.8   7.7   1   1   8.8e-31     3e-28   97.5   7.7    26   166    11   152     5   157 0.94 centrin-4, putative [Plasmodium vivax]
SCO65367.1           -            529 12446at5820          -            172   1.3e-10   40.0   7.3   1   2    0.0059         2    6.9   0.8    92   150   368   430   350   435 0.80 calcium-dependent protein kinase 4, putative [Plasmodium vivax]
SCO65367.1           -            529 12446at5820          -            172   1.3e-10   40.0   7.3   2   2   6.4e-12   2.2e-09   36.0   1.2    72   166   432   523   424   529 0.83 calcium-dependent protein kinase 4, putative [Plasmodium vivax]
SCO69008.1           -            207 12446at5820          -            172     1e-09   37.1   1.5   1   2   3.1e-12     1e-09   37.1   1.5    83   162    22   104    10   114 0.81 calmodulin-like protein [Plasmodium vivax]
SCO69008.1           -            207 12446at5820          -            172     1e-09   37.1   1.5   2   2      0.15        52    2.3   0.3   109   145   128   165    99   192 0.59 calmodulin-like protein [Plasmodium vivax]
SCO67021.1           -            603 12446at5820          -            172   1.7e-09   36.4   2.2   1   1   1.3e-11   4.2e-09   35.1   2.2    31   169   461   602   450   603 0.82 calcium-dependent protein kinase 3, putative [Plasmodium vivax]
SCO68933.1           -            177 12446at5820          -            172   6.2e-08   31.3   8.2   1   1   5.4e-10   1.8e-07   29.8   8.2    36   166    32   164    10   169 0.82 calcineurin subunit B, putative [Plasmodium vivax]
SCO70211.1           -            209 12446at5820          -            172   8.6e-08   30.8   0.9   1   1   4.1e-10   1.4e-07   30.2   0.9    31   150    76   193    62   208 0.81 myosin A tail domain interacting protein, putative [Plasmodium vivax]
SCO65579.1           -            526 12446at5820          -            172   2.4e-07   29.4  10.4   1   2       2.5   8.5e+02   -1.7   0.1   103   115   127   139    47   142 0.55 calcium-dependent protein kinase 1, putative [Plasmodium vivax]
SCO65579.1           -            526 12446at5820          -            172   2.4e-07   29.4  10.4   2   2     7e-10   2.4e-07   29.4  10.4    27   168   372   519   366   523 0.77 calcium-dependent protein kinase 1, putative [Plasmodium vivax]
SCO66246.1           -            236 12446at5820          -            172   4.3e-07   28.6   7.6   1   2     4e-05     0.014   13.9   0.6    32   149    11    56     1    75 0.59 calmodulin, putative [Plasmodium vivax]
SCO66246.1           -            236 12446at5820          -            172   4.3e-07   28.6   7.6   2   2   1.8e-06   0.00061   18.3   1.4    70   149   136   215   126   229 0.87 calmodulin, putative [Plasmodium vivax]
SCO68125.1           -            140 12446at5820          -            172   4.9e-07   28.4   0.9   1   2   0.00012     0.041   12.4   0.0   115   166    50   102     5   104 0.71 troponin c-like protein, putative [Plasmodium vivax]
SCO68125.1           -            140 12446at5820          -            172   4.9e-07   28.4   0.9   2   2   2.6e-07   8.9e-05   21.0   0.2   101   165    73   136    33   140 0.80 troponin c-like protein, putative [Plasmodium vivax]
SCO68549.1           -            563 12446at5820          -            172   6.3e-07   28.0   5.7   1   2   0.00098      0.33    9.4   0.3   105   166   425   485   411   491 0.80 calcium-dependent protein kinase 5, putative [Plasmodium vivax]
SCO68549.1           -            563 12446at5820          -            172   6.3e-07   28.0   5.7   2   2   8.3e-07   0.00028   19.4   1.2    33    94   496   560   487   563 0.82 calcium-dependent protein kinase 5, putative [Plasmodium vivax]
SCO69813.1           -            244 12446at5820          -            172   0.00035   19.1  14.8   1   2      0.51   1.7e+02    0.6   5.4    26    76    10    60     5   114 0.73 calmodulin, putative [Plasmodium vivax]
SCO69813.1           -            244 12446at5820          -            172   0.00035   19.1  14.8   2   2   1.6e-05    0.0054   15.2  10.3    76   148   142   215    61   243 0.67 calmodulin, putative [Plasmodium vivax]
SCO69406.1           -            136 12446at5820          -            172    0.0013   17.2   1.7   1   1   7.5e-06    0.0025   16.3   1.7    34   162     8   130     3   135 0.82 calmodulin, putative [Plasmodium vivax]
SCO68338.1           -            158 12446at5820          -            172    0.0051   15.3   3.6   1   1   2.1e-05    0.0072   14.8   3.6    81   162    70   151    10   157 0.78 calcium-binding protein, putative [Plasmodium vivax]
SCO64886.1           -            107 12446at5820          -            172     0.008   14.7   0.3   1   1     3e-05      0.01   14.3   0.3    25    90    39   101    22   106 0.84 centrin, putative [Plasmodium vivax]
#
# Program:         hmmsearch
# Version:         3.4 (Aug 2023)
# Pipeline mode:   SEARCH
# Query file:      /v3/work/00_inventory/busco/busco_downloads/lineages/plasmodium_odb10/hmms/12446at5820.hmm
# Target file:     /v3/inputs/annotations/ncbi-datasets/PvT01.proteins.fa
# Option settings: hmmsearch --domtblout /v3/work/00_inventory/busco/PvT01_proteins/run_plasmodium_odb10/hmmer_output/initial_run_results/12446at5820.out --cpu 1 /v3/work/00_inventory/busco/busco_downloads/lineages/plasmodium_odb10/hmms/12446at5820.hmm /v3/inputs/annotations/ncbi-datasets/PvT01.proteins.fa 
# Current dir:     /v3/work/00_inventory/busco
# Date:            Tue May 19 18:29:40 2026
# [ok]
