#                                                                            --- full sequence --- -------------- this domain -------------   hmm coord   ali coord   env coord
# target name        accession   tlen query name           accession   qlen   E-value  score  bias   #  of  c-Evalue  i-Evalue  score  bias  from    to  from    to  from    to  acc description of target
#------------------- ---------- ----- -------------------- ---------- ----- --------- ------ ----- --- --- --------- --------- ------ ----- ----- ----- ----- ----- ----- ----- ---- ---------------------
SCO70204.1           -            408 12492at5820          -            312  9.4e-144  477.0  39.5   1   3  9.3e-147  9.4e-144  477.0  39.5     1   303     1   304     1   311 0.81 epsin, putative [Plasmodium vivax]
SCO70204.1           -            408 12492at5820          -            312  9.4e-144  477.0  39.5   2   3      0.27   2.7e+02   -0.8  31.9   225   297   284   356   281   357 0.68 epsin, putative [Plasmodium vivax]
SCO70204.1           -            408 12492at5820          -            312  9.4e-144  477.0  39.5   3   3     0.067        68    1.1  53.1   229   311   312   393   306   395 0.60 epsin, putative [Plasmodium vivax]
SCO70194.1           -            205 12492at5820          -            312      0.34    8.7  46.3   1   1   0.00043      0.44    8.4  46.3   182   311    58   189    33   191 0.64 conserved Plasmodium protein, unknown function [Plasmodium vivax]
SCA83637.1           -            456 12492at5820          -            312      0.44    8.3  13.4   1   1   0.00083      0.84    7.4  13.4   176   295    21   141     2   157 0.63 VIR protein [Plasmodium vivax]
SCA83437.1           -            328 12492at5820          -            312      0.63    7.8  18.7   1   1   0.00096      0.97    7.2  18.7   254   303    64   112    45   124 0.63 lysophospholipase, putative [Plasmodium vivax]
SCO68576.1           -            384 12492at5820          -            312       2.2    6.0   9.6   1   1    0.0048       4.8    4.9   9.6   209   288   132   211    97   232 0.54 MSP7-like protein [Plasmodium vivax]
SCO67825.1           -            594 12492at5820          -            312       3.4    5.4   8.1   1   1    0.0061       6.2    4.6   8.1   261   286    78   103    62   119 0.72 subtilisin-like protease 3, putative [Plasmodium vivax]
#
# Program:         hmmsearch
# Version:         3.4 (Aug 2023)
# Pipeline mode:   SEARCH
# Query file:      /v3/work/00_inventory/busco/busco_downloads/lineages/plasmodium_odb10/hmms/12492at5820.hmm
# Target file:     /v3/inputs/annotations/ncbi-datasets/PvT01.proteins.fa
# Option settings: hmmsearch --domtblout /v3/work/00_inventory/busco/PvT01_proteins/run_plasmodium_odb10/hmmer_output/initial_run_results/12492at5820.out --cpu 1 /v3/work/00_inventory/busco/busco_downloads/lineages/plasmodium_odb10/hmms/12492at5820.hmm /v3/inputs/annotations/ncbi-datasets/PvT01.proteins.fa 
# Current dir:     /v3/work/00_inventory/busco
# Date:            Tue May 19 18:29:49 2026
# [ok]
