#                                                                            --- full sequence --- -------------- this domain -------------   hmm coord   ali coord   env coord
# target name        accession   tlen query name           accession   qlen   E-value  score  bias   #  of  c-Evalue  i-Evalue  score  bias  from    to  from    to  from    to  acc description of target
#------------------- ---------- ----- -------------------- ---------- ----- --------- ------ ----- --- --- --------- --------- ------ ----- ----- ----- ----- ----- ----- ----- ---- ---------------------
SCO68482.1           -            157 13591at5820          -            132     2e-71  237.0   0.7   1   1   5.4e-74   2.7e-71  236.5   0.7     2   132    13   157    12   157 0.92 thioredoxin 2, putative [Plasmodium vivax]
SCO65793.1           -            482 13591at5820          -            132   3.6e-12   45.3   0.1   1   2   1.9e-10   9.4e-08   31.0   0.0    37   109    39   114    15   120 0.82 protein disulfide isomerase, putative [Plasmodium vivax]
SCO65793.1           -            482 13591at5820          -            132   3.6e-12   45.3   0.1   2   2   0.00018     0.091   11.6   0.0    48   108   374   436   361   442 0.82 protein disulfide isomerase, putative [Plasmodium vivax]
SCO68877.1           -            104 13591at5820          -            132   1.3e-11   43.5   0.1   1   1   2.8e-14   1.4e-11   43.4   0.1    40   112    13    84     6   102 0.89 thioredoxin 1, putative [Plasmodium vivax]
SCO68409.1           -            209 13591at5820          -            132     2e-10   39.6   0.1   1   1   7.5e-13   3.8e-10   38.7   0.1    49   117    49   117    25   130 0.88 thioredoxin-related protein, putative [Plasmodium vivax]
SCO67192.1           -            549 13591at5820          -            132   3.1e-08   32.5   2.4   1   1   1.6e-10   8.3e-08   31.1   2.4    24   128   174   283   168   287 0.77 DnaJ domain containing protein [Plasmodium vivax]
SCO66483.1           -            179 13591at5820          -            132     5e-08   31.9   0.1   1   1   1.6e-10   8.1e-08   31.2   0.1    23   126    65   168    46   174 0.77 thioredoxin 3, putative [Plasmodium vivax]
SCO67439.1           -            424 13591at5820          -            132   3.4e-07   29.2   4.8   1   3   1.1e-05    0.0055   15.5   0.5    44   117    47   117    34   133 0.85 protein disulfide isomerase, putative [Plasmodium vivax]
SCO67439.1           -            424 13591at5820          -            132   3.4e-07   29.2   4.8   2   3       3.2   1.6e+03   -2.2   0.0    77   105   139   169   131   185 0.59 protein disulfide isomerase, putative [Plasmodium vivax]
SCO67439.1           -            424 13591at5820          -            132   3.4e-07   29.2   4.8   3   3   2.6e-05     0.013   14.3   0.0    45   103   184   244   169   274 0.89 protein disulfide isomerase, putative [Plasmodium vivax]
SCO69773.1           -            550 13591at5820          -            132   3.1e-06   26.1   1.5   1   2   1.5e-08   7.5e-06   24.8   0.3    41   111    60   136    45   146 0.85 conserved Plasmodium protein, unknown function [Plasmodium vivax]
SCO69773.1           -            550 13591at5820          -            132   3.1e-06   26.1   1.5   2   2       2.4   1.2e+03   -1.7   0.0    22    45   295   318   278   320 0.76 conserved Plasmodium protein, unknown function [Plasmodium vivax]
SCO66577.1           -            133 13591at5820          -            132   6.4e-06   25.0   0.0   1   1   1.9e-08   9.7e-06   24.5   0.0    45   114    41   109    18   121 0.86 thioredoxin-like protein 2, putative [Plasmodium vivax]
SCO67084.1           -            179 13591at5820          -            132     6e-05   21.9   6.5   1   1   6.3e-05     0.032   13.1   6.5    26   114    29   138    13   160 0.64 plasmoredoxin, putative [Plasmodium vivax]
SCO68828.1           -            121 13591at5820          -            132    0.0005   18.9   1.5   1   1   1.1e-06   0.00056   18.7   1.5    24   116     7   100     2   115 0.71 thioredoxin-like protein [Plasmodium vivax]
SCO67150.1           -            430 13591at5820          -            132    0.0033   16.3   0.3   1   3       1.5   7.4e+02   -1.1   0.1    29    62    43    76    29   110 0.57 conserved Plasmodium protein, unknown function [Plasmodium vivax]
SCO67150.1           -            430 13591at5820          -            132    0.0033   16.3   0.3   2   3   6.5e-06    0.0033   16.3   0.3    67   112   193   237   187   255 0.82 conserved Plasmodium protein, unknown function [Plasmodium vivax]
SCO67150.1           -            430 13591at5820          -            132    0.0033   16.3   0.3   3   3      0.58   2.9e+02    0.2   0.0    80   107   342   369   327   396 0.78 conserved Plasmodium protein, unknown function [Plasmodium vivax]
#
# Program:         hmmsearch
# Version:         3.4 (Aug 2023)
# Pipeline mode:   SEARCH
# Query file:      /v3/work/00_inventory/busco/busco_downloads/lineages/plasmodium_odb10/hmms/13591at5820.hmm
# Target file:     /v3/inputs/annotations/ncbi-datasets/PvT01.proteins.fa
# Option settings: hmmsearch --domtblout /v3/work/00_inventory/busco/PvT01_proteins/run_plasmodium_odb10/hmmer_output/initial_run_results/13591at5820.out --cpu 1 /v3/work/00_inventory/busco/busco_downloads/lineages/plasmodium_odb10/hmms/13591at5820.hmm /v3/inputs/annotations/ncbi-datasets/PvT01.proteins.fa 
# Current dir:     /v3/work/00_inventory/busco
# Date:            Tue May 19 18:32:51 2026
# [ok]
