#                                                                            --- full sequence --- -------------- this domain -------------   hmm coord   ali coord   env coord
# target name        accession   tlen query name           accession   qlen   E-value  score  bias   #  of  c-Evalue  i-Evalue  score  bias  from    to  from    to  from    to  acc description of target
#------------------- ---------- ----- -------------------- ---------- ----- --------- ------ ----- --- --- --------- --------- ------ ----- ----- ----- ----- ----- ----- ----- ---- ---------------------
SCO69643.1           -            196 13890at5820          -            153   2.4e-71  237.0  21.2   1   2   2.3e-73   4.6e-70  232.8  12.1     1   127     1   129     1   150 0.85 conserved Plasmodium protein, unknown function [Plasmodium vivax]
SCO69643.1           -            196 13890at5820          -            153   2.4e-71  237.0  21.2   2   2   0.00018      0.36    9.1   4.0   108   146   144   189   124   196 0.67 conserved Plasmodium protein, unknown function [Plasmodium vivax]
SCA59748.1           -            319 13890at5820          -            153       4.5    5.6  10.1   1   2   5.1e-05       0.1   10.9   3.6    80   145    14    80    10    87 0.80 hypothetical protein PVT01_000040700 [Plasmodium vivax]
SCA59748.1           -            319 13890at5820          -            153       4.5    5.6  10.1   2   2       1.8   3.7e+03   -3.9   0.4   105   120   115   130    99   144 0.44 hypothetical protein PVT01_000040700 [Plasmodium vivax]
SCA59679.1           -            845 13890at5820          -            153       8.3    4.7   9.1   1   3    0.0083        17    3.7   0.1    43   118   159   234   153   248 0.87 duffy binding protein 2 [Plasmodium vivax]
SCA59679.1           -            845 13890at5820          -            153       8.3    4.7   9.1   2   3     0.014        28    3.0   1.8    79   140   249   312   239   325 0.85 duffy binding protein 2 [Plasmodium vivax]
SCA59679.1           -            845 13890at5820          -            153       8.3    4.7   9.1   3   3      0.12   2.4e+02   -0.1   0.1    73   121   445   493   436   512 0.75 duffy binding protein 2 [Plasmodium vivax]
#
# Program:         hmmsearch
# Version:         3.4 (Aug 2023)
# Pipeline mode:   SEARCH
# Query file:      /v3/work/00_inventory/busco/busco_downloads/lineages/plasmodium_odb10/hmms/13890at5820.hmm
# Target file:     /v3/inputs/annotations/ncbi-datasets/PvT01.proteins.fa
# Option settings: hmmsearch --domtblout /v3/work/00_inventory/busco/PvT01_proteins/run_plasmodium_odb10/hmmer_output/initial_run_results/13890at5820.out --cpu 1 /v3/work/00_inventory/busco/busco_downloads/lineages/plasmodium_odb10/hmms/13890at5820.hmm /v3/inputs/annotations/ncbi-datasets/PvT01.proteins.fa 
# Current dir:     /v3/work/00_inventory/busco
# Date:            Tue May 19 18:33:48 2026
# [ok]
