#                                                                            --- full sequence --- -------------- this domain -------------   hmm coord   ali coord   env coord
# target name        accession   tlen query name           accession   qlen   E-value  score  bias   #  of  c-Evalue  i-Evalue  score  bias  from    to  from    to  from    to  acc description of target
#------------------- ---------- ----- -------------------- ---------- ----- --------- ------ ----- --- --- --------- --------- ------ ----- ----- ----- ----- ----- ----- ----- ---- ---------------------
SCO68440.1           -           1703 1427at5820           -            861         0 1622.8  74.4   1   7   2.8e-35   4.5e-33  112.8   9.8     1    81     9    92     9   107 0.94 tyrosine kinase-like protein, putative [Plasmodium vivax]
SCO68440.1           -           1703 1427at5820           -            861         0 1622.8  74.4   2   7   5.4e-39   8.6e-37  125.1   1.6    75   147   258   330   234   344 0.88 tyrosine kinase-like protein, putative [Plasmodium vivax]
SCO68440.1           -           1703 1427at5820           -            861         0 1622.8  74.4   3   7   1.3e-62   2.2e-60  203.2   6.8   143   252   443   552   427   561 0.94 tyrosine kinase-like protein, putative [Plasmodium vivax]
SCO68440.1           -           1703 1427at5820           -            861         0 1622.8  74.4   4   7   6.6e-36   1.1e-33  114.8   6.0   226   331   640   751   629   754 0.86 tyrosine kinase-like protein, putative [Plasmodium vivax]
SCO68440.1           -           1703 1427at5820           -            861         0 1622.8  74.4   5   7   1.4e-18   2.2e-16   57.6   0.3   329   373   988  1033   979  1052 0.83 tyrosine kinase-like protein, putative [Plasmodium vivax]
SCO68440.1           -           1703 1427at5820           -            861         0 1622.8  74.4   6   7  4.5e-141  7.2e-139  462.8   6.6   380   594  1108  1322  1089  1329 0.97 tyrosine kinase-like protein, putative [Plasmodium vivax]
SCO68440.1           -           1703 1427at5820           -            861         0 1622.8  74.4   7   7  3.5e-176  5.6e-174  578.9   0.4   594   861  1431  1703  1425  1703 0.98 tyrosine kinase-like protein, putative [Plasmodium vivax]
SCO68907.1           -            861 1427at5820           -            861   3.8e-23   79.9   0.3   1   1     4e-25   6.3e-23   79.2   0.3   657   831   555   723   519   734 0.88 serine/threonine protein kinase KIN, putative [Plasmodium vivax]
SCO67639.1           -            288 1427at5820           -            861   2.2e-22   77.4   0.0   1   1   1.8e-24   2.9e-22   77.0   0.0   659   837    87   265    76   279 0.86 NIMA related kinase 2, putative [Plasmodium vivax]
SCO68054.1           -           4007 1427at5820           -            861   3.3e-22   76.8   1.3   1   1   3.7e-24   5.9e-22   76.0   1.3   629   830  1235  1427  1210  1441 0.81 aurora-related kinase 3, putative [Plasmodium vivax]
SCO69738.1           -            368 1427at5820           -            861   7.5e-22   75.6   1.1   1   2       3.8     6e+02   -3.4   0.1   523   548   102   127    94   142 0.71 serine/threonine protein kinase, putative [Plasmodium vivax]
SCO69738.1           -            368 1427at5820           -            861   7.5e-22   75.6   1.1   2   2   4.7e-24   7.5e-22   75.6   1.1   640   834   166   353   147   361 0.81 serine/threonine protein kinase, putative [Plasmodium vivax]
SCO65637.1           -           1029 1427at5820           -            861   1.6e-21   74.5  22.1   1   4     0.032       5.1    3.4   1.6   164   199    13    48     7    54 0.87 tyrosine kinase-like protein, putative [Plasmodium vivax]
SCO65637.1           -           1029 1427at5820           -            861   1.6e-21   74.5  22.1   2   4       4.8   7.7e+02   -3.8   0.7   165   193    91   120    67   136 0.72 tyrosine kinase-like protein, putative [Plasmodium vivax]
SCO65637.1           -           1029 1427at5820           -            861   1.6e-21   74.5  22.1   3   4   0.00014     0.023   11.2   4.7   433   551   662   780   648   796 0.82 tyrosine kinase-like protein, putative [Plasmodium vivax]
SCO65637.1           -           1029 1427at5820           -            861   1.6e-21   74.5  22.1   4   4   1.2e-22   1.9e-20   71.0   0.0   657   841   839  1020   807  1026 0.86 tyrosine kinase-like protein, putative [Plasmodium vivax]
SCO65383.1           -            310 1427at5820           -            861   2.1e-21   74.2   0.5   1   1   1.6e-23   2.6e-21   73.9   0.5   641   829    61   251     8   279 0.79 serine/threonine-protein kinase NEK4, putative [Plasmodium vivax]
SCO68950.1           -            377 1427at5820           -            861   4.5e-20   69.7   0.3   1   2     0.081        13    2.1   2.0   528   567    41    81    11   112 0.74 protein kinase, putative [Plasmodium vivax]
SCO68950.1           -            377 1427at5820           -            861   4.5e-20   69.7   0.3   2   2   2.8e-22   4.5e-20   69.7   0.3   657   830   120   297   115   312 0.83 protein kinase, putative [Plasmodium vivax]
SCO65367.1           -            529 1427at5820           -            861   7.8e-19   65.7   1.8   1   2     0.093        15    1.9   0.1   172   200    46    74    17   109 0.88 calcium-dependent protein kinase 4, putative [Plasmodium vivax]
SCO65367.1           -            529 1427at5820           -            861   7.8e-19   65.7   1.8   2   2   2.9e-20   4.7e-18   63.1   0.3   684   830   168   317   141   345 0.80 calcium-dependent protein kinase 4, putative [Plasmodium vivax]
SCO70216.1           -            755 1427at5820           -            861   6.2e-16   56.1   0.0   1   1   3.9e-18   6.2e-16   56.1   0.0   657   830   503   669   445   678 0.88 rac-beta serine/threonine protein kinase, putative [Plasmodium vivax]
SCO65042.1           -            721 1427at5820           -            861   5.6e-14   49.6   0.7   1   2     0.023       3.7    3.9   0.0   503   556   429   485   424   492 0.80 protein kinase, putative [Plasmodium vivax]
SCO65042.1           -            721 1427at5820           -            861   5.6e-14   49.6   0.7   2   2   1.8e-14   2.8e-12   44.0   0.2   639   831   511   702   498   711 0.84 protein kinase, putative [Plasmodium vivax]
SCO69291.1           -            718 1427at5820           -            861     9e-14   48.9   1.0   1   1   1.8e-15   2.8e-13   47.3   1.0   603   799    38   237    18   284 0.78 mitogen-activated protein kinase 1, putative [Plasmodium vivax]
SCO69117.1           -            368 1427at5820           -            861   1.1e-13   48.6   4.0   1   1   8.5e-16   1.4e-13   48.3   3.8   628   741   143   254    93   331 0.82 NIMA related kinase 3, putative [Plasmodium vivax]
SCO67549.1           -           2022 1427at5820           -            861   1.8e-13   47.9   0.1   1   2   7.8e-05     0.013   12.0   0.2   503   570    51   118    24   127 0.75 serine/threonine protein kinase, putative [Plasmodium vivax]
SCO67549.1           -           2022 1427at5820           -            861   1.8e-13   47.9   0.1   2   2   3.1e-11   4.9e-09   33.2   0.0   632   771   130   261   123   285 0.83 serine/threonine protein kinase, putative [Plasmodium vivax]
SCO70146.1           -            508 1427at5820           -            861     2e-13   47.7   0.4   1   2   1.3e-15     2e-13   47.7   0.4   639   797   164   317   139   338 0.85 protein kinase 2, putative [Plasmodium vivax]
SCO70146.1           -            508 1427at5820           -            861     2e-13   47.7   0.4   2   2       3.5   5.6e+02   -3.3   1.8     8    12   424   428   369   473 0.56 protein kinase 2, putative [Plasmodium vivax]
SCO65999.1           -            627 1427at5820           -            861   1.2e-12   45.2   1.3   1   1   3.6e-14   5.8e-12   42.9   1.1   602   800   299   499   274   521 0.74 cdc2-related protein kinase 1, putative [Plasmodium vivax]
SCO67173.1           -           1333 1427at5820           -            861   2.4e-12   44.2   4.1   1   4       1.4   2.3e+02   -2.0   1.1   165   208    15    61    10    69 0.77 protein kinase, putative [Plasmodium vivax]
SCO67173.1           -           1333 1427at5820           -            861   2.4e-12   44.2   4.1   2   4      0.37        60   -0.1   0.0   541   567   791   817   785   821 0.89 protein kinase, putative [Plasmodium vivax]
SCO67173.1           -           1333 1427at5820           -            861   2.4e-12   44.2   4.1   3   4    0.0001     0.017   11.6   0.0   677   749  1080  1154  1076  1163 0.80 protein kinase, putative [Plasmodium vivax]
SCO67173.1           -           1333 1427at5820           -            861   2.4e-12   44.2   4.1   4   4   1.8e-10   2.9e-08   30.7   0.0   743   861  1216  1332  1168  1332 0.81 protein kinase, putative [Plasmodium vivax]
SCO69240.1           -            854 1427at5820           -            861   7.8e-12   42.5   0.0   1   1   1.1e-13   1.8e-11   41.3   0.0   673   806   628   759   616   775 0.87 cGMP-dependent protein kinase, putative [Plasmodium vivax]
SCO69747.1           -            341 1427at5820           -            861   1.1e-10   38.7   0.1   1   1   9.3e-13   1.5e-10   38.3   0.1   630   779    72   231    58   240 0.68 protein kinase, putative [Plasmodium vivax]
SCO69359.1           -            284 1427at5820           -            861   2.6e-10   37.4   7.4   1   1     2e-12   3.2e-10   37.2   7.4   604   828    41   265     8   275 0.72 calcium-dependent protein kinase, putative [Plasmodium vivax]
SCO65725.1           -           2125 1427at5820           -            861   3.7e-10   37.0   0.0   1   1   4.5e-12   7.2e-10   36.0   0.0   677   824  1791  1939  1771  1956 0.76 protein kinase, putative [Plasmodium vivax]
SCO70222.1           -            730 1427at5820           -            861   4.1e-10   36.8   2.0   1   1   4.7e-12   7.6e-10   35.9   2.0   628   739    68   184    59   194 0.83 cyclin g-associated kinase, putative [Plasmodium vivax]
SCO65947.1           -           1626 1427at5820           -            861   4.6e-10   36.6   0.0   1   1   4.7e-12   7.5e-10   35.9   0.0   683   783   887   988   872  1015 0.84 CDK-related kinase 3, putative [Plasmodium vivax]
SCO66862.1           -            325 1427at5820           -            861   5.4e-10   36.4   3.0   1   1   7.6e-12   1.2e-09   35.2   3.0   678   793   104   233     4   240 0.78 MO15-related protein kinase, putative [Plasmodium vivax]
SCO66678.1           -            341 1427at5820           -            861   3.3e-09   33.8   0.1   1   1   3.6e-11   5.8e-09   33.0   0.0   699   830   146   271    76   277 0.84 cAMP-dependent protein kinase catalytic subunit, putative [Plasmodium vivax]
SCO68053.1           -            288 1427at5820           -            861   1.6e-08   31.5   0.0   1   2      0.46        73   -0.4   0.0   532   556     7    32     4    91 0.76 protein kinase 5 [Plasmodium vivax]
SCO68053.1           -            288 1427at5820           -            861   1.6e-08   31.5   0.0   2   2   4.2e-10   6.7e-08   29.5   0.0   692   798   107   213    97   223 0.88 protein kinase 5 [Plasmodium vivax]
SCO68555.1           -            305 1427at5820           -            861   3.2e-08   30.6   0.1   1   2      0.74   1.2e+02   -1.1   0.2   531   570    11    48     5   127 0.65 CDK-related protein kinase 6, putative [Plasmodium vivax]
SCO68555.1           -            305 1427at5820           -            861   3.2e-08   30.6   0.1   2   2   6.4e-10     1e-07   28.9   0.0   698   783   132   213   106   224 0.84 CDK-related protein kinase 6, putative [Plasmodium vivax]
SCO66997.1           -            488 1427at5820           -            861   3.5e-08   30.4   0.6   1   2      0.87   1.4e+02   -1.3   0.0   513   563    97   149    91   163 0.79 glycogen synthase kinase 3, putative [Plasmodium vivax]
SCO66997.1           -            488 1427at5820           -            861   3.5e-08   30.4   0.6   2   2   3.9e-10   6.3e-08   29.6   0.3   624   797   149   327   138   335 0.77 glycogen synthase kinase 3, putative [Plasmodium vivax]
SCO67189.1           -            335 1427at5820           -            861   7.2e-08   29.4   0.9   1   2      0.22        35    0.6   0.1   529   561    43    75    27    81 0.78 casein kinase 2, alpha subunit, putative [Plasmodium vivax]
SCO67189.1           -            335 1427at5820           -            861   7.2e-08   29.4   0.9   2   2   1.7e-09   2.8e-07   27.4   0.2   622   783    76   233    70   253 0.77 casein kinase 2, alpha subunit, putative [Plasmodium vivax]
SCO67031.1           -           1585 1427at5820           -            861     3e-07   27.3   0.1   1   1   2.9e-09   4.6e-07   26.7   0.1   656   816  1390  1555  1359  1564 0.77 aurora-related kinase 2, putative [Plasmodium vivax]
SCO66582.1           -           1169 1427at5820           -            861   5.2e-07   26.5  15.6   1   5      0.03       4.8    3.5   3.5   166   212    41    88     6    91 0.77 protein kinase, putative [Plasmodium vivax]
SCO66582.1           -           1169 1427at5820           -            861   5.2e-07   26.5  15.6   2   5     0.047       7.6    2.8   0.4   170   212    92   135    89   155 0.79 protein kinase, putative [Plasmodium vivax]
SCO66582.1           -           1169 1427at5820           -            861   5.2e-07   26.5  15.6   3   5   0.00025      0.04   10.4   0.2   435   492   533   590   521   657 0.88 protein kinase, putative [Plasmodium vivax]
SCO66582.1           -           1169 1427at5820           -            861   5.2e-07   26.5  15.6   4   5    0.0022      0.35    7.3   0.0   679   721   890   932   885   951 0.90 protein kinase, putative [Plasmodium vivax]
SCO66582.1           -           1169 1427at5820           -            861   5.2e-07   26.5  15.6   5   5    0.0029      0.47    6.8   0.0   752   780  1053  1081  1046  1083 0.94 protein kinase, putative [Plasmodium vivax]
SCO65125.1           -           3308 1427at5820           -            861   1.8e-06   24.7   0.1   1   2   6.9e-08   1.1e-05   22.2   0.2   667   740  3089  3160  3079  3165 0.76 serine/threonine protein kinase, putative [Plasmodium vivax]
SCO65125.1           -           3308 1427at5820           -            861   1.8e-06   24.7   0.1   2   2       0.5        79   -0.5   0.0   748   782  3208  3242  3196  3297 0.86 serine/threonine protein kinase, putative [Plasmodium vivax]
SCO68339.1           -            354 1427at5820           -            861   2.3e-05   21.1   0.1   1   1   2.1e-07   3.3e-05   20.6   0.1   658   758   107   204   101   235 0.75 serine/threonine protein kinase, putative [Plasmodium vivax]
SCO67464.1           -            323 1427at5820           -            861   0.00027   17.6   0.0   1   1   2.1e-06   0.00033   17.3   0.0   682   742   100   163    70   274 0.80 casein kinase 1, putative [Plasmodium vivax]
SCO66583.1           -           3251 1427at5820           -            861    0.0013   15.3   0.8   1   2      0.29        46    0.3   0.1   535   559  2960  2984  2953  2991 0.87 protein kinase, putative [Plasmodium vivax]
SCO66583.1           -           3251 1427at5820           -            861    0.0013   15.3   0.8   2   2   4.3e-05    0.0069   12.9   0.1   637   768  3007  3144  2989  3151 0.77 protein kinase, putative [Plasmodium vivax]
SCO65608.1           -           1637 1427at5820           -            861     0.002   14.7   0.1   1   1   2.6e-05    0.0042   13.6   0.1   658   722  1202  1264  1176  1277 0.85 serine/threonine protein kinase, putative [Plasmodium vivax]
SCO67007.1           -           2985 1427at5820           -            861    0.0059   13.1   0.0   1   1   5.7e-05    0.0092   12.5   0.0   678   783   264   379   251   400 0.77 protein kinase, putative [Plasmodium vivax]
SCO68538.1           -            897 1427at5820           -            861     0.024   11.1   0.0   1   1   0.00023     0.037   10.5   0.0   678   739   523   586   505   592 0.81 serine/threonine protein kinase, putative [Plasmodium vivax]
#
# Program:         hmmsearch
# Version:         3.4 (Aug 2023)
# Pipeline mode:   SEARCH
# Query file:      /v3/work/00_inventory/busco/busco_downloads/lineages/plasmodium_odb10/hmms/1427at5820.hmm
# Target file:     /v3/inputs/annotations/ncbi-datasets/PvT01.proteins.fa
# Option settings: hmmsearch --domtblout /v3/work/00_inventory/busco/PvT01_proteins/run_plasmodium_odb10/hmmer_output/initial_run_results/1427at5820.out --cpu 1 /v3/work/00_inventory/busco/busco_downloads/lineages/plasmodium_odb10/hmms/1427at5820.hmm /v3/inputs/annotations/ncbi-datasets/PvT01.proteins.fa 
# Current dir:     /v3/work/00_inventory/busco
# Date:            Tue May 19 18:34:50 2026
# [ok]
