#                                                                            --- full sequence --- -------------- this domain -------------   hmm coord   ali coord   env coord
# target name        accession   tlen query name           accession   qlen   E-value  score  bias   #  of  c-Evalue  i-Evalue  score  bias  from    to  from    to  from    to  acc description of target
#------------------- ---------- ----- -------------------- ---------- ----- --------- ------ ----- --- --- --------- --------- ------ ----- ----- ----- ----- ----- ----- ----- ---- ---------------------
SCO69001.1           -            188 14515at5820          -            111   6.2e-45  150.8   7.8   1   2   5.3e-12   8.1e-09   34.5   0.1     1    49     1    51     1    80 0.77 conserved Plasmodium protein, unknown function [Plasmodium vivax]
SCO69001.1           -            188 14515at5820          -            111   6.2e-45  150.8   7.8   2   2   8.2e-38   1.2e-34  117.6   4.2    49   111   126   188   114   188 0.93 conserved Plasmodium protein, unknown function [Plasmodium vivax]
SCO66150.1           -           1607 14515at5820          -            111      0.15   11.2   6.2   1   2     0.069     1e+02    2.0   0.6    40    77   457   494   415   510 0.83 conserved Plasmodium protein, unknown function [Plasmodium vivax]
SCO66150.1           -           1607 14515at5820          -            111      0.15   11.2   6.2   2   2    0.0002       0.3   10.2   0.7    13    72  1301  1353  1293  1356 0.81 conserved Plasmodium protein, unknown function [Plasmodium vivax]
SCO69705.1           -           1097 14515at5820          -            111      0.24   10.5   4.1   1   3       0.8   1.2e+03   -1.4   0.0    13    61    36    79    29    87 0.59 M1-family alanyl aminopeptidase, putative [Plasmodium vivax]
SCO69705.1           -           1097 14515at5820          -            111      0.24   10.5   4.1   2   3       1.9   2.9e+03   -2.6   0.1    68    91   598   621   572   641 0.69 M1-family alanyl aminopeptidase, putative [Plasmodium vivax]
SCO69705.1           -           1097 14515at5820          -            111      0.24   10.5   4.1   3   3   0.00017      0.26   10.4   0.4    42    83   949   994   940  1003 0.75 M1-family alanyl aminopeptidase, putative [Plasmodium vivax]
SCO70243.1           -            701 14515at5820          -            111       3.3    6.8   9.5   1   2      0.14   2.1e+02    1.0   1.7    11    62   183   234   175   243 0.84 leucine-rich repeat protein [Plasmodium vivax]
SCO70243.1           -            701 14515at5820          -            111       3.3    6.8   9.5   2   2   0.00039       0.6    9.2   1.1     7    64   339   396   334   403 0.89 leucine-rich repeat protein [Plasmodium vivax]
#
# Program:         hmmsearch
# Version:         3.4 (Aug 2023)
# Pipeline mode:   SEARCH
# Query file:      /v3/work/00_inventory/busco/busco_downloads/lineages/plasmodium_odb10/hmms/14515at5820.hmm
# Target file:     /v3/inputs/annotations/ncbi-datasets/PvT01.proteins.fa
# Option settings: hmmsearch --domtblout /v3/work/00_inventory/busco/PvT01_proteins/run_plasmodium_odb10/hmmer_output/initial_run_results/14515at5820.out --cpu 1 /v3/work/00_inventory/busco/busco_downloads/lineages/plasmodium_odb10/hmms/14515at5820.hmm /v3/inputs/annotations/ncbi-datasets/PvT01.proteins.fa 
# Current dir:     /v3/work/00_inventory/busco
# Date:            Tue May 19 18:35:29 2026
# [ok]
