#                                                                            --- full sequence --- -------------- this domain -------------   hmm coord   ali coord   env coord
# target name        accession   tlen query name           accession   qlen   E-value  score  bias   #  of  c-Evalue  i-Evalue  score  bias  from    to  from    to  from    to  acc description of target
#------------------- ---------- ----- -------------------- ---------- ----- --------- ------ ----- --- --- --------- --------- ------ ----- ----- ----- ----- ----- ----- ----- ---- ---------------------
SCO68676.1           -             77 15158at5820          -             65     5e-45  149.7   2.8   1   1   3.9e-46     4e-43  143.6   2.8     1    65     1    74     1    74 0.94 U6 snRNA-associated Sm-like protein LSm6, putative [Plasmodium vivax]
SCO67369.1           -             86 15158at5820          -             65   3.8e-13   47.5   0.1   1   1   1.3e-15   1.3e-12   45.8   0.1     5    63     9    76     5    77 0.85 U6 snRNA-associated Sm-like protein LSm6, putative [Plasmodium vivax]
SCO67175.1           -            127 15158at5820          -             65   6.8e-05   21.1   1.5   1   2   2.8e-07   0.00029   19.1   0.2    15    63    13    71     4    73 0.73 U6 snRNA-associated Sm-like protein LSm4, putative [Plasmodium vivax]
SCO67175.1           -            127 15158at5820          -             65   6.8e-05   21.1   1.5   2   2       2.1   2.2e+03   -2.9   0.1    39    49    77    87    74    92 0.66 U6 snRNA-associated Sm-like protein LSm4, putative [Plasmodium vivax]
SCO67355.1           -            127 15158at5820          -             65    0.0014   16.9   2.0   1   2   4.9e-05      0.05   11.9   0.2     9    44     6    41     4    52 0.89 small nuclear ribonucleoprotein Sm D1, putative [Plasmodium vivax]
SCO67355.1           -            127 15158at5820          -             65    0.0014   16.9   2.0   2   2     0.011        11    4.4   0.1    40    61    56    77    52    80 0.79 small nuclear ribonucleoprotein Sm D1, putative [Plasmodium vivax]
SCO67696.1           -            103 15158at5820          -             65     0.033   12.5   0.0   1   1    0.0001       0.1   10.9   0.0    14    61    13    71     5    73 0.65 U6 snRNA-associated Sm-like protein LSm2, putative [Plasmodium vivax]
SCO69193.1           -            107 15158at5820          -             65     0.038   12.3   0.1   1   1   5.1e-05     0.052   11.9   0.1    15    54    25    68     9    76 0.80 U6 snRNA-associated Sm-like protein LSm7, putative [Plasmodium vivax]
#
# Program:         hmmsearch
# Version:         3.4 (Aug 2023)
# Pipeline mode:   SEARCH
# Query file:      /v3/work/00_inventory/busco/busco_downloads/lineages/plasmodium_odb10/hmms/15158at5820.hmm
# Target file:     /v3/inputs/annotations/ncbi-datasets/PvT01.proteins.fa
# Option settings: hmmsearch --domtblout /v3/work/00_inventory/busco/PvT01_proteins/run_plasmodium_odb10/hmmer_output/initial_run_results/15158at5820.out --cpu 1 /v3/work/00_inventory/busco/busco_downloads/lineages/plasmodium_odb10/hmms/15158at5820.hmm /v3/inputs/annotations/ncbi-datasets/PvT01.proteins.fa 
# Current dir:     /v3/work/00_inventory/busco
# Date:            Tue May 19 18:36:59 2026
# [ok]
