#                                                                            --- full sequence --- -------------- this domain -------------   hmm coord   ali coord   env coord
# target name        accession   tlen query name           accession   qlen   E-value  score  bias   #  of  c-Evalue  i-Evalue  score  bias  from    to  from    to  from    to  acc description of target
#------------------- ---------- ----- -------------------- ---------- ----- --------- ------ ----- --- --- --------- --------- ------ ----- ----- ----- ----- ----- ----- ----- ---- ---------------------
SCO66633.1           -           1401 2092at5820           -            853         0 1282.3 132.3   1   8   1.1e-37   6.6e-34  115.6   8.7     1    74     1    74     1    98 0.88 diacylglycerol kinase, putative [Plasmodium vivax]
SCO66633.1           -           1401 2092at5820           -            853         0 1282.3 132.3   2   8  3.8e-103   2.3e-99  332.1  33.8    75   266   105   313    93   319 0.91 diacylglycerol kinase, putative [Plasmodium vivax]
SCO66633.1           -           1401 2092at5820           -            853         0 1282.3 132.3   3   8   7.2e-66   4.4e-62  208.8   6.8   273   383   386   496   383   517 0.93 diacylglycerol kinase, putative [Plasmodium vivax]
SCO66633.1           -           1401 2092at5820           -            853         0 1282.3 132.3   4   8   2.9e-12   1.7e-08   31.5   4.6   379   432   520   573   512   610 0.83 diacylglycerol kinase, putative [Plasmodium vivax]
SCO66633.1           -           1401 2092at5820           -            853         0 1282.3 132.3   5   8   7.2e-13   4.4e-09   33.4   8.4   436   529   745   851   709   867 0.73 diacylglycerol kinase, putative [Plasmodium vivax]
SCO66633.1           -           1401 2092at5820           -            853         0 1282.3 132.3   6   8   0.00014      0.87    6.0   0.1   501   554   902   952   893   958 0.66 diacylglycerol kinase, putative [Plasmodium vivax]
SCO66633.1           -           1401 2092at5820           -            853         0 1282.3 132.3   7   8  4.2e-117  2.6e-113  378.3   9.8   547   738   970  1160   967  1176 0.97 diacylglycerol kinase, putative [Plasmodium vivax]
SCO66633.1           -           1401 2092at5820           -            853         0 1282.3 132.3   8   8   6.5e-68   3.9e-64  215.6   8.5   744   853  1292  1401  1281  1401 0.97 diacylglycerol kinase, putative [Plasmodium vivax]
#
# Program:         hmmsearch
# Version:         3.4 (Aug 2023)
# Pipeline mode:   SEARCH
# Query file:      /v3/work/00_inventory/busco/busco_downloads/lineages/plasmodium_odb10/hmms/2092at5820.hmm
# Target file:     /v3/inputs/annotations/ncbi-datasets/PvT01.proteins.fa
# Option settings: hmmsearch --domtblout /v3/work/00_inventory/busco/PvT01_proteins/run_plasmodium_odb10/hmmer_output/initial_run_results/2092at5820.out --cpu 1 /v3/work/00_inventory/busco/busco_downloads/lineages/plasmodium_odb10/hmms/2092at5820.hmm /v3/inputs/annotations/ncbi-datasets/PvT01.proteins.fa 
# Current dir:     /v3/work/00_inventory/busco
# Date:            Tue May 19 18:37:47 2026
# [ok]
