#                                                                            --- full sequence --- -------------- this domain -------------   hmm coord   ali coord   env coord
# target name        accession   tlen query name           accession   qlen   E-value  score  bias   #  of  c-Evalue  i-Evalue  score  bias  from    to  from    to  from    to  acc description of target
#------------------- ---------- ----- -------------------- ---------- ----- --------- ------ ----- --- --- --------- --------- ------ ----- ----- ----- ----- ----- ----- ----- ---- ---------------------
SCO65021.1           -           1083 2167at5820           -            898         0 1745.6 116.6   1   3         0         0 1680.2  56.2     1   824     1   869     1   871 0.93 DNA repair and recombination protein RAD54, putative [Plasmodium vivax]
SCO65021.1           -           1083 2167at5820           -            898         0 1745.6 116.6   2   3   3.9e-07   6.1e-05   19.6  47.1   765   850   860   947   858   955 0.50 DNA repair and recombination protein RAD54, putative [Plasmodium vivax]
SCO65021.1           -           1083 2167at5820           -            898         0 1745.6 116.6   3   3   8.2e-19   1.3e-16   58.2  10.9   776   898   959  1083   942  1083 0.52 DNA repair and recombination protein RAD54, putative [Plasmodium vivax]
SCO65871.1           -           1741 2167at5820           -            898   6.7e-62  208.1  22.3   1   4       2.7   4.2e+02   -3.0   4.3   720   769    82   132    31   199 0.69 helicase SRCAP, putative [Plasmodium vivax]
SCO65871.1           -           1741 2167at5820           -            898   6.7e-62  208.1  22.3   2   4   1.6e-36   2.6e-34  116.8   9.5    89   440   454   790   451   793 0.87 helicase SRCAP, putative [Plasmodium vivax]
SCO65871.1           -           1741 2167at5820           -            898   6.7e-62  208.1  22.3   3   4   1.4e-33   2.2e-31  107.1   4.8   492   649  1344  1500  1337  1505 0.95 helicase SRCAP, putative [Plasmodium vivax]
SCO65871.1           -           1741 2167at5820           -            898   6.7e-62  208.1  22.3   4   4       3.2   4.9e+02   -3.3  23.8   678   812  1578  1721  1554  1738 0.50 helicase SRCAP, putative [Plasmodium vivax]
SCO67148.1           -           1396 2167at5820           -            898   2.3e-59  199.7  24.9   1   5       2.3   3.5e+02   -2.8  15.3   750   880   170   305   167   313 0.41 chromatin remodeling protein, putative [Plasmodium vivax]
SCO67148.1           -           1396 2167at5820           -            898   2.3e-59  199.7  24.9   2   5   2.7e-36   4.2e-34  116.1  12.8   138   436   322   600   298   616 0.82 chromatin remodeling protein, putative [Plasmodium vivax]
SCO67148.1           -           1396 2167at5820           -            898   2.3e-59  199.7  24.9   3   5   3.7e-31   5.8e-29   99.1   4.2   490   673   615   800   610   831 0.91 chromatin remodeling protein, putative [Plasmodium vivax]
SCO67148.1           -           1396 2167at5820           -            898   2.3e-59  199.7  24.9   4   5      0.86   1.3e+02   -1.4  13.2   755   859   849   925   797   960 0.40 chromatin remodeling protein, putative [Plasmodium vivax]
SCO67148.1           -           1396 2167at5820           -            898   2.3e-59  199.7  24.9   5   5       2.5   3.9e+02   -2.9   0.3   631   672  1089  1130  1043  1161 0.67 chromatin remodeling protein, putative [Plasmodium vivax]
SCO66179.1           -           3266 2167at5820           -            898   3.5e-57  192.5  11.6   1   5   6.2e-36   9.7e-34  114.9   2.9   154   435  1405  1685  1386  1696 0.82 chromodomain-helicase-DNA-binding protein 1 homolog, putative [Plasmodium vivax]
SCO66179.1           -           3266 2167at5820           -            898   3.5e-57  192.5  11.6   2   5   1.8e-29   2.8e-27   93.5   1.5   482   648  1691  1858  1685  1866 0.88 chromodomain-helicase-DNA-binding protein 1 homolog, putative [Plasmodium vivax]
SCO66179.1           -           3266 2167at5820           -            898   3.5e-57  192.5  11.6   3   5       1.9   2.9e+02   -2.5   3.3   787   821  2338  2365  2326  2390 0.41 chromodomain-helicase-DNA-binding protein 1 homolog, putative [Plasmodium vivax]
SCO66179.1           -           3266 2167at5820           -            898   3.5e-57  192.5  11.6   4   5       5.4   8.4e+02   -4.0   7.0   788   864  2949  3026  2938  3050 0.35 chromodomain-helicase-DNA-binding protein 1 homolog, putative [Plasmodium vivax]
SCO66179.1           -           3266 2167at5820           -            898   3.5e-57  192.5  11.6   5   5       5.3   8.2e+02   -4.0   6.7   804   835  3192  3223  3135  3255 0.60 chromodomain-helicase-DNA-binding protein 1 homolog, putative [Plasmodium vivax]
SCO65894.1           -           1121 2167at5820           -            898   3.6e-46  156.0  16.3   1   5       6.1   9.5e+02   -4.2   5.1   752   805     5    69     3    94 0.40 DNA helicase, putative [Plasmodium vivax]
SCO65894.1           -           1121 2167at5820           -            898   3.6e-46  156.0  16.3   2   5   2.7e-20   4.2e-18   63.2   8.7    98   325   188   416   180   431 0.75 DNA helicase, putative [Plasmodium vivax]
SCO65894.1           -           1121 2167at5820           -            898   3.6e-46  156.0  16.3   3   5      0.97   1.5e+02   -1.6   1.6   356   417   540   597   519   657 0.75 DNA helicase, putative [Plasmodium vivax]
SCO65894.1           -           1121 2167at5820           -            898   3.6e-46  156.0  16.3   4   5    0.0014      0.22    7.8  10.8   422   527   741   859   726   875 0.67 DNA helicase, putative [Plasmodium vivax]
SCO65894.1           -           1121 2167at5820           -            898   3.6e-46  156.0  16.3   5   5   1.6e-33   2.5e-31  106.9   0.8   534   639   992  1097   966  1120 0.84 DNA helicase, putative [Plasmodium vivax]
SCO68151.1           -           2940 2167at5820           -            898   1.1e-45  154.4   3.3   1   6     3e-26   4.6e-24   82.9   0.1   108   333   327   543   302   574 0.81 SNF2 helicase, putative [Plasmodium vivax]
SCO68151.1           -           2940 2167at5820           -            898   1.1e-45  154.4   3.3   2   6         2   3.2e+02   -2.6   0.1   349   433   604   685   599   690 0.85 SNF2 helicase, putative [Plasmodium vivax]
SCO68151.1           -           2940 2167at5820           -            898   1.1e-45  154.4   3.3   3   6       1.3     2e+02   -2.0  24.0   772   856  1028  1117  1017  1124 0.48 SNF2 helicase, putative [Plasmodium vivax]
SCO68151.1           -           2940 2167at5820           -            898   1.1e-45  154.4   3.3   4   6   3.3e-26   5.2e-24   82.7   0.7   511   661  1218  1375  1209  1395 0.87 SNF2 helicase, putative [Plasmodium vivax]
SCO68151.1           -           2940 2167at5820           -            898   1.1e-45  154.4   3.3   5   6       1.7   2.6e+02   -2.4   3.8   760   786  1933  1959  1920  1985 0.54 SNF2 helicase, putative [Plasmodium vivax]
SCO68151.1           -           2940 2167at5820           -            898   1.1e-45  154.4   3.3   6   6       1.5   2.3e+02   -2.2   3.7   812   850  2174  2212  2167  2228 0.74 SNF2 helicase, putative [Plasmodium vivax]
SCO65594.1           -           1570 2167at5820           -            898   1.6e-43  147.2   3.1   1   3   7.7e-34   1.2e-31  108.0   0.6   125   435   683   998   644  1008 0.78 DEAD/DEAH box helicase, putative [Plasmodium vivax]
SCO65594.1           -           1570 2167at5820           -            898   1.6e-43  147.2   3.1   2   3   0.00086      0.13    8.5   0.1   490   558  1010  1077  1000  1081 0.78 DEAD/DEAH box helicase, putative [Plasmodium vivax]
SCO65594.1           -           1570 2167at5820           -            898   1.6e-43  147.2   3.1   3   3   3.8e-16   5.9e-14   49.4   0.1   560   656  1114  1209  1110  1255 0.88 DEAD/DEAH box helicase, putative [Plasmodium vivax]
SCO70255.1           -           1589 2167at5820           -            898   2.7e-39  133.2  14.1   1   4   5.3e-07   8.2e-05   19.2   0.1   118   175   214   267   167   279 0.73 DNA repair protein rhp16, putative [Plasmodium vivax]
SCO70255.1           -           1589 2167at5820           -            898   2.7e-39  133.2  14.1   2   4      0.12        19    1.4   0.1   190   253   373   431   365   449 0.75 DNA repair protein rhp16, putative [Plasmodium vivax]
SCO70255.1           -           1589 2167at5820           -            898   2.7e-39  133.2  14.1   3   4   2.6e-11   4.1e-09   33.4   0.0   258   314   960  1017   950  1039 0.87 DNA repair protein rhp16, putative [Plasmodium vivax]
SCO70255.1           -           1589 2167at5820           -            898   2.7e-39  133.2  14.1   4   4   1.3e-26     2e-24   84.1   3.3   484   661  1410  1587  1379  1589 0.91 DNA repair protein rhp16, putative [Plasmodium vivax]
SCO68047.1           -            877 2167at5820           -            898   5.8e-27   92.5  16.0   1   2     3e-18   4.6e-16   56.4   5.9   113   393   298   551   193   574 0.73 DNA helicase, putative [Plasmodium vivax]
SCO68047.1           -            877 2167at5820           -            898   5.8e-27   92.5  16.0   2   2   8.7e-14   1.4e-11   41.6   2.4   516   702   638   823   612   831 0.84 DNA helicase, putative [Plasmodium vivax]
SCO68499.1           -           1529 2167at5820           -            898   2.5e-18   63.9  14.0   1   4       8.9   1.4e+03   -4.7   1.2   779   811   653   666   638   695 0.50 DNA repair protein RAD5, putative [Plasmodium vivax]
SCO68499.1           -           1529 2167at5820           -            898   2.5e-18   63.9  14.0   2   4   0.00033     0.051    9.9   0.1   154   174   723   743   718   806 0.86 DNA repair protein RAD5, putative [Plasmodium vivax]
SCO68499.1           -           1529 2167at5820           -            898   2.5e-18   63.9  14.0   3   4   8.4e-07   0.00013   18.5   0.2   265   334   965  1034   958  1143 0.65 DNA repair protein RAD5, putative [Plasmodium vivax]
SCO68499.1           -           1529 2167at5820           -            898   2.5e-18   63.9  14.0   4   4   3.9e-14   6.1e-12   42.8   0.0   564   643  1417  1496  1410  1506 0.93 DNA repair protein RAD5, putative [Plasmodium vivax]
SCO67152.1           -            630 2167at5820           -            898   3.6e-05   20.4  31.3   1   2   1.7e-06   0.00026   17.5   9.4   761   821   206   272   137   311 0.55 radial spoke head protein, putative [Plasmodium vivax]
SCO67152.1           -            630 2167at5820           -            898   3.6e-05   20.4  31.3   2   2   0.00067       0.1    8.9  13.8   770   835   404   462   349   491 0.44 radial spoke head protein, putative [Plasmodium vivax]
SCO67121.1           -            340 2167at5820           -            898   4.6e-05   20.0   4.0   1   1   3.6e-07   5.6e-05   19.7   4.0   758   832   124   180    61   207 0.51 hypothetical protein, conserved [Plasmodium vivax]
SCO67008.1           -           1047 2167at5820           -            898   0.00074   16.0  24.6   1   1   4.7e-06   0.00074   16.0  24.6   767   817   906   949   894   994 0.45 phosphatidylinositol 3-and 4-kinase, putative [Plasmodium vivax]
SCO69813.1           -            244 2167at5820           -            898    0.0066   12.9  17.9   1   1   5.4e-05    0.0084   12.5  17.9   752   847    56   148    15   169 0.57 calmodulin, putative [Plasmodium vivax]
SCO66839.1           -            250 2167at5820           -            898     0.026   10.9  16.4   1   1   0.00021     0.033   10.6  16.4   777   880    59   159     8   180 0.62 conserved Plasmodium protein, unknown function [Plasmodium vivax]
SCO67340.1           -           1489 2167at5820           -            898     0.031   10.6  16.4   1   1   0.00039     0.061    9.7  16.4   772   812   826   866   785   875 0.39 beige/BEACH domain protein, putative [Plasmodium vivax]
SCO69694.1           -            158 2167at5820           -            898      0.04   10.3  15.9   1   1   0.00025     0.039   10.3  15.9   762   821    90   154    17   158 0.43 RNA-binding protein, putative [Plasmodium vivax]
SCO69036.1           -            502 2167at5820           -            898     0.042   10.2  23.4   1   1   0.00047     0.073    9.4  23.4   745   811   430   500   390   502 0.47 FACT complex subunit SSRP1, putative [Plasmodium vivax]
SCO68097.1           -            282 2167at5820           -            898     0.049   10.0   5.2   1   1   0.00039     0.061    9.7   5.2   770   830    42   108     2   131 0.40 CPW-WPC family protein [Plasmodium vivax]
SCO66902.1           -            129 2167at5820           -            898     0.059    9.7  12.0   1   1   0.00042     0.066    9.6  12.0   761   844    26   107     8   125 0.44 hypothetical protein PVT01_080023500 [Plasmodium vivax]
SCO70238.1           -            406 2167at5820           -            898     0.087    9.2  30.7   1   2      0.02       3.1    4.0   5.6   762   824    73   135    43   183 0.46 conserved Plasmodium protein, unknown function [Plasmodium vivax]
SCO70238.1           -            406 2167at5820           -            898     0.087    9.2  30.7   2   2   0.00013     0.021   11.2  17.1   757   840   232   321   204   365 0.42 conserved Plasmodium protein, unknown function [Plasmodium vivax]
SCO69675.1           -            467 2167at5820           -            898      0.11    8.8   8.5   1   1    0.0011      0.17    8.2   8.5   778   844    72   136    58   156 0.35 tyrosine recombinase, putative [Plasmodium vivax]
SCO69253.1           -           3088 2167at5820           -            898      0.12    8.7  29.6   1   1    0.0017      0.26    7.6  29.6   768   876  1646  1754  1633  1772 0.45 NAD(P)H-dependent glutamate synthase, putative [Plasmodium vivax]
SCO65662.1           -            731 2167at5820           -            898      0.12    8.7  18.6   1   1    0.0014      0.21    7.9  18.6   764   869   183   289   170   354 0.63 phospholipase A2, putative [Plasmodium vivax]
SCO67619.1           -            667 2167at5820           -            898      0.23    7.8  23.4   1   1    0.0024      0.38    7.0  23.4   760   882    49   178    31   185 0.43 RNA helicase 1, putative [Plasmodium vivax]
SCO66657.1           -            226 2167at5820           -            898      0.25    7.6   8.3   1   1    0.0022      0.34    7.2   8.3   800   887    78   165    65   174 0.66 conserved Plasmodium protein, unknown function [Plasmodium vivax]
SCO65990.1           -           2193 2167at5820           -            898      0.57    6.4  14.0   1   1    0.0091       1.4    5.1  14.0   770   815   103   143    79   203 0.53 conserved Plasmodium protein, unknown function [Plasmodium vivax]
SCO69293.1           -            780 2167at5820           -            898       1.4    5.2  31.1   1   1     0.014       2.2    4.5  31.1   772   822   203   252   184   307 0.47 large ribosomal subunit associated GTPase, putative [Plasmodium vivax]
SCO65633.1           -           1626 2167at5820           -            898       1.5    5.0  18.3   1   1     0.015       2.4    4.4  18.3   765   809  1332  1370  1302  1392 0.43 conserved Plasmodium protein, unknown function [Plasmodium vivax]
SCO67804.1           -            143 2167at5820           -            898       2.1    4.6  18.8   1   1     0.017       2.6    4.3  18.8   759   832    55   127    42   135 0.42 conserved Plasmodium protein, unknown function [Plasmodium vivax]
SCO70087.1           -            166 2167at5820           -            898       2.2    4.5  11.3   1   1     0.016       2.5    4.3  11.3   758   857    36   134    22   159 0.63 conserved Plasmodium protein, unknown function [Plasmodium vivax]
SCO64920.1           -            162 2167at5820           -            898       2.4    4.4  10.2   1   1     0.017       2.6    4.3  10.2   772   842     6    76     1   103 0.36 conserved Plasmodium protein, unknown function [Plasmodium vivax]
SCO67626.1           -            971 2167at5820           -            898       2.4    4.4  29.2   1   1     3e-05    0.0047   13.3  19.0   771   860   792   871   718   911 0.45 DNA replication licensing factor MCM3, putative [Plasmodium vivax]
SCO65295.1           -            841 2167at5820           -            898       2.7    4.2  40.1   1   3      0.48        74   -0.5   1.0   775   790    14    29     2    72 0.57 conserved Plasmodium protein, unknown function [Plasmodium vivax]
SCO65295.1           -            841 2167at5820           -            898       2.7    4.2  40.1   2   3   1.5e-05    0.0023   14.4  24.9   770   812   359   402   337   462 0.52 conserved Plasmodium protein, unknown function [Plasmodium vivax]
SCO65295.1           -            841 2167at5820           -            898       2.7    4.2  40.1   3   3      0.54        84   -0.7   0.6   327   410   656   735   628   758 0.75 conserved Plasmodium protein, unknown function [Plasmodium vivax]
SCO70141.1           -            308 2167at5820           -            898       5.3    3.3  20.8   1   1     0.033       5.2    3.3  20.2   767   876    84   201    60   222 0.45 conserved Plasmodium protein, unknown function [Plasmodium vivax]
SCO68665.1           -            812 2167at5820           -            898         7    2.8   8.9   1   1     0.067        10    2.3   8.9   762   791   495   524   473   546 0.47 conserved Plasmodium protein, unknown function [Plasmodium vivax]
SCO68736.1           -            273 2167at5820           -            898       7.1    2.8  17.1   1   2     0.018       2.8    4.2   0.2   460   513    94   149     5   173 0.71 exported protein 2, putative [Plasmodium vivax]
SCO68736.1           -            273 2167at5820           -            898       7.1    2.8  17.1   2   2      0.07        11    2.2  11.8   772   814   228   269   185   273 0.35 exported protein 2, putative [Plasmodium vivax]
SCO67515.1           -            426 2167at5820           -            898       7.4    2.8  49.1   1   2       1.9   2.9e+02   -2.5   0.1   826   850   130   154   111   179 0.61 phd finger protein, putative [Plasmodium vivax]
SCO67515.1           -            426 2167at5820           -            898       7.4    2.8  49.1   2   2    0.0075       1.2    5.4  44.9   758   821   354   418   321   425 0.49 phd finger protein, putative [Plasmodium vivax]
SCO65956.1           -            428 2167at5820           -            898       9.6    2.4  32.9   1   1   2.4e-05    0.0038   13.7  20.3   763   806   129   172   112   244 0.53 RAD protein (Pv-fam-e) [Plasmodium vivax]
#
# Program:         hmmsearch
# Version:         3.4 (Aug 2023)
# Pipeline mode:   SEARCH
# Query file:      /v3/work/00_inventory/busco/busco_downloads/lineages/plasmodium_odb10/hmms/2167at5820.hmm
# Target file:     /v3/inputs/annotations/ncbi-datasets/PvT01.proteins.fa
# Option settings: hmmsearch --domtblout /v3/work/00_inventory/busco/PvT01_proteins/run_plasmodium_odb10/hmmer_output/initial_run_results/2167at5820.out --cpu 1 /v3/work/00_inventory/busco/busco_downloads/lineages/plasmodium_odb10/hmms/2167at5820.hmm /v3/inputs/annotations/ncbi-datasets/PvT01.proteins.fa 
# Current dir:     /v3/work/00_inventory/busco
# Date:            Tue May 19 18:38:13 2026
# [ok]
