#                                                                            --- full sequence --- -------------- this domain -------------   hmm coord   ali coord   env coord
# target name        accession   tlen query name           accession   qlen   E-value  score  bias   #  of  c-Evalue  i-Evalue  score  bias  from    to  from    to  from    to  acc description of target
#------------------- ---------- ----- -------------------- ---------- ----- --------- ------ ----- --- --- --------- --------- ------ ----- ----- ----- ----- ----- ----- ----- ---- ---------------------
SCO69066.1           -            931 2819at5820           -            673         0 1306.7  39.1   1   5   3.6e-81   1.1e-77  260.2   2.6     1   123     1   127     1   135 0.92 cleavage and polyadenylation specificity factor, putative [Plasmodium vivax]
SCO69066.1           -            931 2819at5820           -            673         0 1306.7  39.1   2   5  3.6e-243  1.1e-239  795.6   4.2   120   488   167   535   162   541 0.99 cleavage and polyadenylation specificity factor, putative [Plasmodium vivax]
SCO69066.1           -            931 2819at5820           -            673         0 1306.7  39.1   3   5   2.2e-26   6.8e-23   79.2   0.1   484   541   601   661   592   665 0.92 cleavage and polyadenylation specificity factor, putative [Plasmodium vivax]
SCO69066.1           -            931 2819at5820           -            673         0 1306.7  39.1   4   5   1.4e-33   4.1e-30  103.0   1.0   541   613   685   767   681   776 0.90 cleavage and polyadenylation specificity factor, putative [Plasmodium vivax]
SCO69066.1           -            931 2819at5820           -            673         0 1306.7  39.1   5   5   2.9e-29   8.7e-26   88.8   3.9   614   673   872   931   857   931 0.93 cleavage and polyadenylation specificity factor, putative [Plasmodium vivax]
SCO66935.1           -            911 2819at5820           -            673     2e-71  239.6   1.4   1   2   2.9e-06    0.0089   12.7   0.0     3    35     8    43     6    54 0.83 cleavage and polyadenylation specificity factor, putative [Plasmodium vivax]
SCO66935.1           -            911 2819at5820           -            673     2e-71  239.6   1.4   2   2   1.4e-70   4.4e-67  225.2   0.8    53   496   110   560   101   583 0.83 cleavage and polyadenylation specificity factor, putative [Plasmodium vivax]
#
# Program:         hmmsearch
# Version:         3.4 (Aug 2023)
# Pipeline mode:   SEARCH
# Query file:      /v3/work/00_inventory/busco/busco_downloads/lineages/plasmodium_odb10/hmms/2819at5820.hmm
# Target file:     /v3/inputs/annotations/ncbi-datasets/PvT01.proteins.fa
# Option settings: hmmsearch --domtblout /v3/work/00_inventory/busco/PvT01_proteins/run_plasmodium_odb10/hmmer_output/initial_run_results/2819at5820.out --cpu 1 /v3/work/00_inventory/busco/busco_downloads/lineages/plasmodium_odb10/hmms/2819at5820.hmm /v3/inputs/annotations/ncbi-datasets/PvT01.proteins.fa 
# Current dir:     /v3/work/00_inventory/busco
# Date:            Tue May 19 18:45:43 2026
# [ok]
