#                                                                            --- full sequence --- -------------- this domain -------------   hmm coord   ali coord   env coord
# target name        accession   tlen query name           accession   qlen   E-value  score  bias   #  of  c-Evalue  i-Evalue  score  bias  from    to  from    to  from    to  acc description of target
#------------------- ---------- ----- -------------------- ---------- ----- --------- ------ ----- --- --- --------- --------- ------ ----- ----- ----- ----- ----- ----- ----- ---- ---------------------
SCO69623.1           -            926 2893at5820           -            683         0 1166.7  88.0   1   4    4e-162  6.1e-159  529.2  27.8     1   294     1   327     1   338 0.90 conserved Plasmodium protein, unknown function [Plasmodium vivax]
SCO69623.1           -            926 2893at5820           -            683         0 1166.7  88.0   2   4   6.6e-67     1e-63  214.5   0.8   282   418   391   540   378   565 0.90 conserved Plasmodium protein, unknown function [Plasmodium vivax]
SCO69623.1           -            926 2893at5820           -            683         0 1166.7  88.0   3   4   1.7e-22   2.6e-19   67.7   4.7   415   490   596   685   579   703 0.79 conserved Plasmodium protein, unknown function [Plasmodium vivax]
SCO69623.1           -            926 2893at5820           -            683         0 1166.7  88.0   4   4  1.3e-111  1.9e-108  362.3  34.3   454   683   687   926   680   926 0.93 conserved Plasmodium protein, unknown function [Plasmodium vivax]
SCO70221.1           -            302 2893at5820           -            683   4.8e-07   27.2   7.6   1   2      0.59     9e+02   -3.4   0.0   205   229    11    37     8    47 0.72 FK506-binding protein (FKBP)-type peptidyl-prolyl isomerase, putative [Plasmodium vivax]
SCO70221.1           -            302 2893at5820           -            683   4.8e-07   27.2   7.6   2   2   3.2e-10   4.8e-07   27.2   7.6   503   681   116   289   111   291 0.80 FK506-binding protein (FKBP)-type peptidyl-prolyl isomerase, putative [Plasmodium vivax]
SCO69887.1           -            386 2893at5820           -            683   7.3e-07   26.6   1.0   1   1   7.7e-10   1.2e-06   25.9   1.0   581   671   230   318   207   341 0.81 conserved Plasmodium protein, unknown function [Plasmodium vivax]
SCO67218.1           -            426 2893at5820           -            683   7.5e-06   23.3   7.0   1   1   6.4e-09   9.7e-06   22.9   7.0   514   642   104   225    54   265 0.83 peptidyl-prolyl cis-trans isomerase, putative [Plasmodium vivax]
#
# Program:         hmmsearch
# Version:         3.4 (Aug 2023)
# Pipeline mode:   SEARCH
# Query file:      /v3/work/00_inventory/busco/busco_downloads/lineages/plasmodium_odb10/hmms/2893at5820.hmm
# Target file:     /v3/inputs/annotations/ncbi-datasets/PvT01.proteins.fa
# Option settings: hmmsearch --domtblout /v3/work/00_inventory/busco/PvT01_proteins/run_plasmodium_odb10/hmmer_output/initial_run_results/2893at5820.out --cpu 1 /v3/work/00_inventory/busco/busco_downloads/lineages/plasmodium_odb10/hmms/2893at5820.hmm /v3/inputs/annotations/ncbi-datasets/PvT01.proteins.fa 
# Current dir:     /v3/work/00_inventory/busco
# Date:            Tue May 19 18:46:40 2026
# [ok]
