#                                                                            --- full sequence --- -------------- this domain -------------   hmm coord   ali coord   env coord
# target name        accession   tlen query name           accession   qlen   E-value  score  bias   #  of  c-Evalue  i-Evalue  score  bias  from    to  from    to  from    to  acc description of target
#------------------- ---------- ----- -------------------- ---------- ----- --------- ------ ----- --- --- --------- --------- ------ ----- ----- ----- ----- ----- ----- ----- ---- ---------------------
SCO70003.1           -           1278 2964at5820           -            481  2.9e-191  634.9  44.1   1   7   6.8e-62   4.1e-58  195.8   7.1     8   121    32   149    24   161 0.83 conserved Plasmodium protein, unknown function [Plasmodium vivax]
SCO70003.1           -           1278 2964at5820           -            481  2.9e-191  634.9  44.1   2   7   7.6e-42   4.6e-38  129.7   0.3   128   210   223   308   199   314 0.90 conserved Plasmodium protein, unknown function [Plasmodium vivax]
SCO70003.1           -           1278 2964at5820           -            481  2.9e-191  634.9  44.1   3   7   3.5e-25   2.1e-21   74.7   1.3   209   260   350   401   345   419 0.86 conserved Plasmodium protein, unknown function [Plasmodium vivax]
SCO70003.1           -           1278 2964at5820           -            481  2.9e-191  634.9  44.1   4   7   1.2e-11   7.6e-08   30.0   0.2   259   336   424   504   414   518 0.75 conserved Plasmodium protein, unknown function [Plasmodium vivax]
SCO70003.1           -           1278 2964at5820           -            481  2.9e-191  634.9  44.1   5   7      0.15   8.9e+02   -3.2   0.0   320   334   907   921   905   925 0.84 conserved Plasmodium protein, unknown function [Plasmodium vivax]
SCO70003.1           -           1278 2964at5820           -            481  2.9e-191  634.9  44.1   6   7     2e-30   1.2e-26   92.0   0.1   330   393  1003  1066   990  1080 0.91 conserved Plasmodium protein, unknown function [Plasmodium vivax]
SCO70003.1           -           1278 2964at5820           -            481  2.9e-191  634.9  44.1   7   7   1.4e-43   8.5e-40  135.4   2.5   393   481  1184  1275  1164  1275 0.93 conserved Plasmodium protein, unknown function [Plasmodium vivax]
#
# Program:         hmmsearch
# Version:         3.4 (Aug 2023)
# Pipeline mode:   SEARCH
# Query file:      /v3/work/00_inventory/busco/busco_downloads/lineages/plasmodium_odb10/hmms/2964at5820.hmm
# Target file:     /v3/inputs/annotations/ncbi-datasets/PvT01.proteins.fa
# Option settings: hmmsearch --domtblout /v3/work/00_inventory/busco/PvT01_proteins/run_plasmodium_odb10/hmmer_output/initial_run_results/2964at5820.out --cpu 1 /v3/work/00_inventory/busco/busco_downloads/lineages/plasmodium_odb10/hmms/2964at5820.hmm /v3/inputs/annotations/ncbi-datasets/PvT01.proteins.fa 
# Current dir:     /v3/work/00_inventory/busco
# Date:            Tue May 19 18:47:12 2026
# [ok]
