#                                                                            --- full sequence --- -------------- this domain -------------   hmm coord   ali coord   env coord
# target name        accession   tlen query name           accession   qlen   E-value  score  bias   #  of  c-Evalue  i-Evalue  score  bias  from    to  from    to  from    to  acc description of target
#------------------- ---------- ----- -------------------- ---------- ----- --------- ------ ----- --- --- --------- --------- ------ ----- ----- ----- ----- ----- ----- ----- ---- ---------------------
SCO68115.1           -           2593 352at5820            -           1432         0 2315.9 207.1   1   9   2.1e-17   7.9e-15   52.0   0.8     9    71    80   142    76   184 0.87 eukaryotic translation initiation factor 2-alpha kinase, putative [Plasmodium vivax]
SCO68115.1           -           2593 352at5820            -           1432         0 2315.9 207.1   2   9   1.8e-87   6.9e-85  284.1  35.9    69   314   419   720   403   736 0.76 eukaryotic translation initiation factor 2-alpha kinase, putative [Plasmodium vivax]
SCO68115.1           -           2593 352at5820            -           1432         0 2315.9 207.1   3   9    0.0018      0.66    5.8   3.4   285   328   852   896   848   910 0.85 eukaryotic translation initiation factor 2-alpha kinase, putative [Plasmodium vivax]
SCO68115.1           -           2593 352at5820            -           1432         0 2315.9 207.1   4   9     1e-42   3.8e-40  135.8  12.2   315   411   916  1012   900  1019 0.87 eukaryotic translation initiation factor 2-alpha kinase, putative [Plasmodium vivax]
SCO68115.1           -           2593 352at5820            -           1432         0 2315.9 207.1   5   9   2.6e-79   9.9e-77  257.1   7.4   396   562  1062  1239  1043  1243 0.90 eukaryotic translation initiation factor 2-alpha kinase, putative [Plasmodium vivax]
SCO68115.1           -           2593 352at5820            -           1432         0 2315.9 207.1   6   9  8.8e-154  3.4e-151  503.9  49.9   560   918  1302  1714  1301  1729 0.86 eukaryotic translation initiation factor 2-alpha kinase, putative [Plasmodium vivax]
SCO68115.1           -           2593 352at5820            -           1432         0 2315.9 207.1   7   9      0.33   1.3e+02   -1.7   0.7   887   910  1733  1756  1720  1767 0.87 eukaryotic translation initiation factor 2-alpha kinase, putative [Plasmodium vivax]
SCO68115.1           -           2593 352at5820            -           1432         0 2315.9 207.1   8   9  1.6e-147  6.2e-145  483.1  28.3   896  1170  1767  2077  1761  2088 0.87 eukaryotic translation initiation factor 2-alpha kinase, putative [Plasmodium vivax]
SCO68115.1           -           2593 352at5820            -           1432         0 2315.9 207.1   9   9  8.2e-193  3.1e-190  633.2   8.4  1162  1432  2230  2504  2144  2504 0.89 eukaryotic translation initiation factor 2-alpha kinase, putative [Plasmodium vivax]
SCO69005.1           -           1524 352at5820            -           1432   1.8e-13   47.5  26.9   1   4     0.008       3.1    3.6  10.5   873  1046   391   565   354   583 0.59 serine/threonine protein kinase, putative [Plasmodium vivax]
SCO69005.1           -           1524 352at5820            -           1432   1.8e-13   47.5  26.9   2   4   7.2e-13   2.7e-10   36.9   4.5  1172  1283   569   673   551   681 0.76 serine/threonine protein kinase, putative [Plasmodium vivax]
SCO69005.1           -           1524 352at5820            -           1432   1.8e-13   47.5  26.9   3   4   1.3e-06   0.00051   16.1   0.0  1321  1406   683   768   678   792 0.79 serine/threonine protein kinase, putative [Plasmodium vivax]
SCO69005.1           -           1524 352at5820            -           1432   1.8e-13   47.5  26.9   4   4       1.5   5.5e+02   -3.9   0.9  1059  1118   831   893   798   927 0.58 serine/threonine protein kinase, putative [Plasmodium vivax]
SCO69738.1           -            368 352at5820            -           1432   9.4e-10   35.1   4.9   1   2   0.00038      0.14    8.0   0.1   954  1047   112   204    93   210 0.79 serine/threonine protein kinase, putative [Plasmodium vivax]
SCO69738.1           -            368 352at5820            -           1432   9.4e-10   35.1   4.9   2   2   1.5e-10   5.8e-08   29.2   1.1  1233  1284   210   260   204   285 0.88 serine/threonine protein kinase, putative [Plasmodium vivax]
SCO65125.1           -           3308 352at5820            -           1432   4.8e-09   32.8   1.0   1   1   2.7e-11     1e-08   31.7   1.0  1228  1384  3101  3272  3053  3299 0.70 serine/threonine protein kinase, putative [Plasmodium vivax]
SCO69291.1           -            718 352at5820            -           1432   7.5e-09   32.1   2.1   1   3     0.023       8.9    2.1   0.0   946  1003    16    69    12    78 0.83 mitogen-activated protein kinase 1, putative [Plasmodium vivax]
SCO69291.1           -            718 352at5820            -           1432   7.5e-09   32.1   2.1   2   3   1.4e-10   5.4e-08   29.3   0.2  1236  1289   124   176    81   190 0.77 mitogen-activated protein kinase 1, putative [Plasmodium vivax]
SCO69291.1           -            718 352at5820            -           1432   7.5e-09   32.1   2.1   3   3      0.65   2.5e+02   -2.7   0.0   398   444   232   276   178   281 0.63 mitogen-activated protein kinase 1, putative [Plasmodium vivax]
SCO67639.1           -            288 352at5820            -           1432   2.3e-08   30.5   3.8   1   2     3e-09   1.1e-06   24.9   1.7  1237  1284   120   166    71   172 0.85 NIMA related kinase 2, putative [Plasmodium vivax]
SCO67639.1           -            288 352at5820            -           1432   2.3e-08   30.5   3.8   2   2    0.0014      0.54    6.1   0.0  1318  1408   171   265   165   277 0.69 NIMA related kinase 2, putative [Plasmodium vivax]
SCO69117.1           -            368 352at5820            -           1432   1.8e-07   27.6   0.5   1   2   4.7e-10   1.8e-07   27.6   0.5  1232  1277   201   244   177   252 0.87 NIMA related kinase 3, putative [Plasmodium vivax]
SCO69117.1           -            368 352at5820            -           1432   1.8e-07   27.6   0.5   2   2     0.068        26    0.5   3.2    13    59   303   351   293   364 0.67 NIMA related kinase 3, putative [Plasmodium vivax]
SCO68538.1           -            897 352at5820            -           1432   1.9e-07   27.5   0.0   1   1   7.8e-10     3e-07   26.9   0.0  1233  1276   533   577   515   584 0.89 serine/threonine protein kinase, putative [Plasmodium vivax]
SCO66997.1           -            488 352at5820            -           1432     2e-07   27.4   0.7   1   2       0.8     3e+02   -3.0   0.1   135   139   128   132   108   192 0.55 glycogen synthase kinase 3, putative [Plasmodium vivax]
SCO66997.1           -            488 352at5820            -           1432     2e-07   27.4   0.7   2   2   6.8e-10   2.6e-07   27.0   0.1  1227  1278   208   263   194   273 0.81 glycogen synthase kinase 3, putative [Plasmodium vivax]
SCO69747.1           -            341 352at5820            -           1432   1.6e-06   24.5   0.5   1   2      0.57   2.2e+02   -2.5   0.0   952   966    32    46    29    63 0.87 protein kinase, putative [Plasmodium vivax]
SCO69747.1           -            341 352at5820            -           1432   1.6e-06   24.5   0.5   2   2   4.1e-09   1.6e-06   24.5   0.5  1236  1283   141   190   114   193 0.84 protein kinase, putative [Plasmodium vivax]
SCO67239.1           -            575 352at5820            -           1432   3.2e-06   23.4   1.2   1   2      0.55   2.1e+02   -2.5   0.1   950  1015   172   233   162   242 0.69 mitogen-activated protein kinase 2, putative [Plasmodium vivax]
SCO67239.1           -            575 352at5820            -           1432   3.2e-06   23.4   1.2   2   2   1.1e-08     4e-06   23.1   0.1  1238  1351   281   393   272   401 0.66 mitogen-activated protein kinase 2, putative [Plasmodium vivax]
SCO68555.1           -            305 352at5820            -           1432   2.6e-05   20.4   0.3   1   2     0.027        10    1.9   0.0   947   973     6    32     3    80 0.72 CDK-related protein kinase 6, putative [Plasmodium vivax]
SCO68555.1           -            305 352at5820            -           1432   2.6e-05   20.4   0.3   2   2   8.8e-07   0.00033   16.7   0.1  1242  1278   130   165    99   172 0.81 CDK-related protein kinase 6, putative [Plasmodium vivax]
SCO65042.1           -            721 352at5820            -           1432   0.00011   18.4   2.9   1   2    0.0019      0.74    5.7   0.2   948  1023   456   524   434   538 0.79 protein kinase, putative [Plasmodium vivax]
SCO65042.1           -            721 352at5820            -           1432   0.00011   18.4   2.9   2   2   1.4e-05    0.0055   12.7   0.1  1234  1281   557   604   546   610 0.83 protein kinase, putative [Plasmodium vivax]
SCO68053.1           -            288 352at5820            -           1432   0.00016   17.8   0.0   1   2      0.15        56   -0.6   0.0   950  1017     4    66     1    90 0.70 protein kinase 5 [Plasmodium vivax]
SCO68053.1           -            288 352at5820            -           1432   0.00016   17.8   0.0   2   2   1.4e-06   0.00054   16.1   0.0  1236  1280   106   149    93   160 0.90 protein kinase 5 [Plasmodium vivax]
SCO65383.1           -            310 352at5820            -           1432   0.00023   17.3   2.1   1   1     6e-07   0.00023   17.3   2.1  1199  1283    70   156    37   162 0.79 serine/threonine-protein kinase NEK4, putative [Plasmodium vivax]
SCO68339.1           -            354 352at5820            -           1432    0.0038   13.2   0.1   1   1   1.5e-05    0.0057   12.7   0.1  1238  1292   138   191   117   200 0.85 serine/threonine protein kinase, putative [Plasmodium vivax]
#
# Program:         hmmsearch
# Version:         3.4 (Aug 2023)
# Pipeline mode:   SEARCH
# Query file:      /v3/work/00_inventory/busco/busco_downloads/lineages/plasmodium_odb10/hmms/352at5820.hmm
# Target file:     /v3/inputs/annotations/ncbi-datasets/PvT01.proteins.fa
# Option settings: hmmsearch --domtblout /v3/work/00_inventory/busco/PvT01_proteins/run_plasmodium_odb10/hmmer_output/initial_run_results/352at5820.out --cpu 1 /v3/work/00_inventory/busco/busco_downloads/lineages/plasmodium_odb10/hmms/352at5820.hmm /v3/inputs/annotations/ncbi-datasets/PvT01.proteins.fa 
# Current dir:     /v3/work/00_inventory/busco
# Date:            Tue May 19 18:39:25 2026
# [ok]
