#                                                                            --- full sequence --- -------------- this domain -------------   hmm coord   ali coord   env coord
# target name        accession   tlen query name           accession   qlen   E-value  score  bias   #  of  c-Evalue  i-Evalue  score  bias  from    to  from    to  from    to  acc description of target
#------------------- ---------- ----- -------------------- ---------- ----- --------- ------ ----- --- --- --------- --------- ------ ----- ----- ----- ----- ----- ----- ----- ---- ---------------------
SCO69959.1           -           2755 377at5820            -           1679         0 2626.6 263.1   1   9   2.7e-35   1.8e-32  110.1  10.2     1    75   116   193   116   204 0.92 cell cycle associated protein, putative [Plasmodium vivax]
SCO69959.1           -           2755 377at5820            -           1679         0 2626.6 263.1   2   9   8.4e-07   0.00057   15.7   0.8    75   116   235   289   215   293 0.73 cell cycle associated protein, putative [Plasmodium vivax]
SCO69959.1           -           2755 377at5820            -           1679         0 2626.6 263.1   3   9   2.9e-44     2e-41  139.9   8.7   115   210   407   507   392   509 0.93 cell cycle associated protein, putative [Plasmodium vivax]
SCO69959.1           -           2755 377at5820            -           1679         0 2626.6 263.1   4   9   7.9e-55   5.4e-52  174.9  17.5   210   351   601   768   595   778 0.87 cell cycle associated protein, putative [Plasmodium vivax]
SCO69959.1           -           2755 377at5820            -           1679         0 2626.6 263.1   5   9   4.1e-62   2.7e-59  199.0  13.2   346   524   852  1084   835  1096 0.78 cell cycle associated protein, putative [Plasmodium vivax]
SCO69959.1           -           2755 377at5820            -           1679         0 2626.6 263.1   6   9   3.1e-50   2.1e-47  159.6   5.8   538   643  1180  1290  1175  1296 0.93 cell cycle associated protein, putative [Plasmodium vivax]
SCO69959.1           -           2755 377at5820            -           1679         0 2626.6 263.1   7   9   3.8e-36   2.6e-33  112.9   4.2   642   718  1351  1427  1339  1434 0.94 cell cycle associated protein, putative [Plasmodium vivax]
SCO69959.1           -           2755 377at5820            -           1679         0 2626.6 263.1   8   9  8.9e-283    6e-280  930.5 104.4   717  1229  1559  2102  1555  2118 0.95 cell cycle associated protein, putative [Plasmodium vivax]
SCO69959.1           -           2755 377at5820            -           1679         0 2626.6 263.1   9   9  9.4e-251  6.3e-248  824.4  35.7  1222  1679  2239  2753  2236  2753 0.91 cell cycle associated protein, putative [Plasmodium vivax]
SCO67473.1           -            453 377at5820            -           1679   7.6e-22   74.9  19.4   1   3   1.5e-07    0.0001   18.2   1.4  1267  1318   133   188    71   215 0.66 UVB-resistance protein UVR8 homologue [Plasmodium vivax]
SCO67473.1           -            453 377at5820            -           1679   7.6e-22   74.9  19.4   2   3   2.9e-11   1.9e-08   30.5   0.2  1286  1355   213   281   197   283 0.84 UVB-resistance protein UVR8 homologue [Plasmodium vivax]
SCO67473.1           -            453 377at5820            -           1679   7.6e-22   74.9  19.4   3   3     1e-14     7e-12   41.9   8.5  1286  1433   267   420   264   445 0.83 UVB-resistance protein UVR8 homologue [Plasmodium vivax]
SCO68056.1           -            479 377at5820            -           1679   2.2e-19   66.8  22.1   1   5   1.9e-05     0.013   11.2   0.3  1282  1323    67   106    29   115 0.80 regulator of chromosome condensation, putative [Plasmodium vivax]
SCO68056.1           -            479 377at5820            -           1679   2.2e-19   66.8  22.1   2   5   9.5e-08   6.4e-05   18.8   0.7  1284  1338   118   178   114   193 0.80 regulator of chromosome condensation, putative [Plasmodium vivax]
SCO68056.1           -            479 377at5820            -           1679   2.2e-19   66.8  22.1   3   5      0.01         7    2.1   0.9  1393  1422   200   229   194   234 0.90 regulator of chromosome condensation, putative [Plasmodium vivax]
SCO68056.1           -            479 377at5820            -           1679   2.2e-19   66.8  22.1   4   5   7.6e-05     0.052    9.2   0.1  1287  1322   242   278   231   284 0.89 regulator of chromosome condensation, putative [Plasmodium vivax]
SCO68056.1           -            479 377at5820            -           1679   2.2e-19   66.8  22.1   5   5   1.2e-13   7.8e-11   38.4   0.3  1290  1371   307   387   298   429 0.90 regulator of chromosome condensation, putative [Plasmodium vivax]
SCO67812.1           -           2251 377at5820            -           1679   1.7e-17   60.5   7.2   1   5   6.1e-09   4.1e-06   22.8   0.0  1286  1326   234   274   214   283 0.87 guanidine nucleotide exchange factor, putative [Plasmodium vivax]
SCO67812.1           -           2251 377at5820            -           1679   1.7e-17   60.5   7.2   2   5   3.3e-08   2.2e-05   20.4   0.9  1291  1421   322   455   315   466 0.76 guanidine nucleotide exchange factor, putative [Plasmodium vivax]
SCO67812.1           -           2251 377at5820            -           1679   1.7e-17   60.5   7.2   3   5     4e-06    0.0027   13.4   0.0  1289  1322   684   717   678   730 0.89 guanidine nucleotide exchange factor, putative [Plasmodium vivax]
SCO67812.1           -           2251 377at5820            -           1679   1.7e-17   60.5   7.2   4   5    0.0068       4.6    2.7   0.0  1306  1370   775   837   765   840 0.85 guanidine nucleotide exchange factor, putative [Plasmodium vivax]
SCO67812.1           -           2251 377at5820            -           1679   1.7e-17   60.5   7.2   5   5      0.37   2.5e+02   -3.1   0.0  1291  1343   932   986   925   992 0.81 guanidine nucleotide exchange factor, putative [Plasmodium vivax]
SCO64970.1           -            686 377at5820            -           1679   1.5e-14   50.8   8.7   1   5   7.6e-09   5.1e-06   22.5   0.0  1281  1371    31   123    25   125 0.88 regulator of chromosome condensation, putative [Plasmodium vivax]
SCO64970.1           -            686 377at5820            -           1679   1.5e-14   50.8   8.7   2   5     0.087        59   -0.9   0.2  1290  1327   178   217   172   242 0.75 regulator of chromosome condensation, putative [Plasmodium vivax]
SCO64970.1           -            686 377at5820            -           1679   1.5e-14   50.8   8.7   3   5   1.7e-08   1.2e-05   21.3   0.5  1288  1371   241   323   233   340 0.78 regulator of chromosome condensation, putative [Plasmodium vivax]
SCO64970.1           -            686 377at5820            -           1679   1.5e-14   50.8   8.7   4   5   6.7e-08   4.5e-05   19.3   0.2  1278  1366   284   370   279   381 0.81 regulator of chromosome condensation, putative [Plasmodium vivax]
SCO64970.1           -            686 377at5820            -           1679   1.5e-14   50.8   8.7   5   5   7.5e-05     0.051    9.2   0.1  1282  1319   341   380   338   441 0.63 regulator of chromosome condensation, putative [Plasmodium vivax]
SCO67450.1           -            957 377at5820            -           1679   2.7e-11   39.9  14.6   1   2   3.9e-12   2.7e-09   33.3   1.0  1287  1364    85   158    19   171 0.86 conserved Plasmodium protein, unknown function [Plasmodium vivax]
SCO67450.1           -            957 377at5820            -           1679   2.7e-11   39.9  14.6   2   2   3.9e-05     0.027   10.1   6.3  1395  1494   285   376   260   411 0.68 conserved Plasmodium protein, unknown function [Plasmodium vivax]
SCO65260.1           -            585 377at5820            -           1679   7.3e-11   38.5  30.3   1   5    0.0023       1.5    4.3   0.3  1338  1370    58    90    51    93 0.76 regulator of chromosome condensation, putative [Plasmodium vivax]
SCO65260.1           -            585 377at5820            -           1679   7.3e-11   38.5  30.3   2   5   1.5e-05      0.01   11.5   4.6  1233  1323   108   198    91   210 0.75 regulator of chromosome condensation, putative [Plasmodium vivax]
SCO65260.1           -            585 377at5820            -           1679   7.3e-11   38.5  30.3   3   5   3.5e-07   0.00023   16.9   0.1  1274  1317   344   388   308   398 0.79 regulator of chromosome condensation, putative [Plasmodium vivax]
SCO65260.1           -            585 377at5820            -           1679   7.3e-11   38.5  30.3   4   5     0.005       3.4    3.2   0.3  1276  1327   439   493   409   503 0.72 regulator of chromosome condensation, putative [Plasmodium vivax]
SCO65260.1           -            585 377at5820            -           1679   7.3e-11   38.5  30.3   5   5   2.2e-07   0.00015   17.6   2.7  1288  1358   505   576   497   582 0.81 regulator of chromosome condensation, putative [Plasmodium vivax]
SCO67532.1           -            985 377at5820            -           1679   5.4e-07   25.7  11.9   1   3   1.7e-09   1.1e-06   24.6   3.7  1280  1370   230   327   214   327 0.80 conserved Plasmodium protein, unknown function [Plasmodium vivax]
SCO67532.1           -            985 377at5820            -           1679   5.4e-07   25.7  11.9   2   3   1.2e-06   0.00081   15.2   1.2  1265  1347   271   363   269   373 0.69 conserved Plasmodium protein, unknown function [Plasmodium vivax]
SCO67532.1           -            985 377at5820            -           1679   5.4e-07   25.7  11.9   3   3     0.063        43   -0.5   1.6  1447  1475   445   473   418   516 0.64 conserved Plasmodium protein, unknown function [Plasmodium vivax]
SCO66007.1           -           1729 377at5820            -           1679   1.2e-05   21.3   9.5   1   5      0.23   1.6e+02   -2.4   0.1  1187  1219    95   127    90   135 0.78 regulator of chromosome condensation, putative [Plasmodium vivax]
SCO66007.1           -           1729 377at5820            -           1679   1.2e-05   21.3   9.5   2   5   0.00015       0.1    8.2   0.2  1294  1329   489   524   485   540 0.88 regulator of chromosome condensation, putative [Plasmodium vivax]
SCO66007.1           -           1729 377at5820            -           1679   1.2e-05   21.3   9.5   3   5     0.002       1.3    4.5   0.0  1287  1322   593   628   577   641 0.85 regulator of chromosome condensation, putative [Plasmodium vivax]
SCO66007.1           -           1729 377at5820            -           1679   1.2e-05   21.3   9.5   4   5   0.00066      0.44    6.1   0.2  1290  1326   682   718   672   726 0.88 regulator of chromosome condensation, putative [Plasmodium vivax]
SCO66007.1           -           1729 377at5820            -           1679   1.2e-05   21.3   9.5   5   5    0.0018       1.2    4.7   0.1  1272  1314   788   831   763   840 0.87 regulator of chromosome condensation, putative [Plasmodium vivax]
#
# Program:         hmmsearch
# Version:         3.4 (Aug 2023)
# Pipeline mode:   SEARCH
# Query file:      /v3/work/00_inventory/busco/busco_downloads/lineages/plasmodium_odb10/hmms/377at5820.hmm
# Target file:     /v3/inputs/annotations/ncbi-datasets/PvT01.proteins.fa
# Option settings: hmmsearch --domtblout /v3/work/00_inventory/busco/PvT01_proteins/run_plasmodium_odb10/hmmer_output/initial_run_results/377at5820.out --cpu 1 /v3/work/00_inventory/busco/busco_downloads/lineages/plasmodium_odb10/hmms/377at5820.hmm /v3/inputs/annotations/ncbi-datasets/PvT01.proteins.fa 
# Current dir:     /v3/work/00_inventory/busco
# Date:            Tue May 19 18:40:37 2026
# [ok]
