#                                                                            --- full sequence --- -------------- this domain -------------   hmm coord   ali coord   env coord
# target name        accession   tlen query name           accession   qlen   E-value  score  bias   #  of  c-Evalue  i-Evalue  score  bias  from    to  from    to  from    to  acc description of target
#------------------- ---------- ----- -------------------- ---------- ----- --------- ------ ----- --- --- --------- --------- ------ ----- ----- ----- ----- ----- ----- ----- ---- ---------------------
SCO69802.1           -            783 3852at5820           -            646         0 1194.8  84.0   1   3  4.5e-176  6.8e-173  574.9  48.3     1   322    11   365    11   374 0.94 3',5'-cyclic nucleotide phosphodiesterase, putative [Plasmodium vivax]
SCO69802.1           -            783 3852at5820           -            646         0 1194.8  84.0   2   3    0.0012       1.8    5.2   0.3   319   337   389   407   384   419 0.87 3',5'-cyclic nucleotide phosphodiesterase, putative [Plasmodium vivax]
SCO69802.1           -            783 3852at5820           -            646         0 1194.8  84.0   3   3  1.2e-190  1.8e-187  623.1  21.8   334   646   443   778   421   778 0.96 3',5'-cyclic nucleotide phosphodiesterase, putative [Plasmodium vivax]
SCO69801.1           -           1164 3852at5820           -            646   1.4e-63  213.7  22.3   1   4       2.5   3.8e+03   -5.8   9.6   244   397   241   388   223   396 0.72 3',5'-cyclic nucleotide phosphodiesterase, putative [Plasmodium vivax]
SCO69801.1           -           1164 3852at5820           -            646   1.4e-63  213.7  22.3   2   4   2.7e-05     0.042   10.6  33.3    12   275   415   695   406   767 0.67 3',5'-cyclic nucleotide phosphodiesterase, putative [Plasmodium vivax]
SCO69801.1           -           1164 3852at5820           -            646   1.4e-63  213.7  22.3   3   4   9.1e-67   1.4e-63  213.7  22.3   323   623   815  1124   757  1132 0.87 3',5'-cyclic nucleotide phosphodiesterase, putative [Plasmodium vivax]
SCO69801.1           -           1164 3852at5820           -            646   1.4e-63  213.7  22.3   4   4      0.15   2.4e+02   -1.8   0.6   607   629  1133  1155  1122  1162 0.83 3',5'-cyclic nucleotide phosphodiesterase, putative [Plasmodium vivax]
SCO69196.1           -           1005 3852at5820           -            646   4.4e-45  152.6  29.7   1   4       0.7   1.1e+03   -4.0   0.4   606   628    91   113    78   115 0.86 3',5'-cyclic nucleotide phosphodiesterase, putative [Plasmodium vivax]
SCO69196.1           -           1005 3852at5820           -            646   4.4e-45  152.6  29.7   2   4         4   6.1e+03   -9.7   6.6    74   108   285   320   256   341 0.50 3',5'-cyclic nucleotide phosphodiesterase, putative [Plasmodium vivax]
SCO69196.1           -           1005 3852at5820           -            646   4.4e-45  152.6  29.7   3   4         4   6.1e+03  -13.2  10.6    77   103   406   429   377   458 0.35 3',5'-cyclic nucleotide phosphodiesterase, putative [Plasmodium vivax]
SCO69196.1           -           1005 3852at5820           -            646   4.4e-45  152.6  29.7   4   4   2.9e-48   4.4e-45  152.6  29.7   236   623   582   982   563   995 0.78 3',5'-cyclic nucleotide phosphodiesterase, putative [Plasmodium vivax]
SCO68743.1           -            803 3852at5820           -            646   1.5e-31  107.9  19.4   1   3         4   6.1e+03  -18.8  24.9    29   254    34   268    24   339 0.64 cyclic nucleotide phosphodiesterase, putative [Plasmodium vivax]
SCO68743.1           -            803 3852at5820           -            646   1.5e-31  107.9  19.4   2   3   9.7e-35   1.5e-31  107.9  19.4   287   568   339   643   322   652 0.74 cyclic nucleotide phosphodiesterase, putative [Plasmodium vivax]
SCO68743.1           -            803 3852at5820           -            646   1.5e-31  107.9  19.4   3   3   1.3e-05      0.02   11.7   3.2   575   635   691   753   669   762 0.78 cyclic nucleotide phosphodiesterase, putative [Plasmodium vivax]
#
# Program:         hmmsearch
# Version:         3.4 (Aug 2023)
# Pipeline mode:   SEARCH
# Query file:      /v3/work/00_inventory/busco/busco_downloads/lineages/plasmodium_odb10/hmms/3852at5820.hmm
# Target file:     /v3/inputs/annotations/ncbi-datasets/PvT01.proteins.fa
# Option settings: hmmsearch --domtblout /v3/work/00_inventory/busco/PvT01_proteins/run_plasmodium_odb10/hmmer_output/initial_run_results/3852at5820.out --cpu 1 /v3/work/00_inventory/busco/busco_downloads/lineages/plasmodium_odb10/hmms/3852at5820.hmm /v3/inputs/annotations/ncbi-datasets/PvT01.proteins.fa 
# Current dir:     /v3/work/00_inventory/busco
# Date:            Tue May 19 18:41:01 2026
# [ok]
