#                                                                            --- full sequence --- -------------- this domain -------------   hmm coord   ali coord   env coord
# target name        accession   tlen query name           accession   qlen   E-value  score  bias   #  of  c-Evalue  i-Evalue  score  bias  from    to  from    to  from    to  acc description of target
#------------------- ---------- ----- -------------------- ---------- ----- --------- ------ ----- --- --- --------- --------- ------ ----- ----- ----- ----- ----- ----- ----- ---- ---------------------
SCO64927.1           -            665 4067at5820           -            547         0 1138.6  49.4   1   2  1.7e-187    5e-185  614.3  35.5     1   301     1   305     1   315 0.97 AAA family ATPase, putative [Plasmodium vivax]
SCO64927.1           -            665 4067at5820           -            547         0 1138.6  49.4   2   2  4.9e-162  1.4e-159  530.3   6.5   291   542   315   567   308   571 0.99 AAA family ATPase, putative [Plasmodium vivax]
SCO64965.1           -           1089 4067at5820           -            547     4e-31  106.3   2.8   1   2   6.3e-15   1.8e-12   44.7   0.1   320   510   511   689   509   717 0.75 AAA family ATPase, CDC48 subfamily, putative [Plasmodium vivax]
SCO64965.1           -           1089 4067at5820           -            547     4e-31  106.3   2.8   2   2     8e-20   2.3e-17   60.9   0.3   295   513   805  1013   800  1026 0.76 AAA family ATPase, CDC48 subfamily, putative [Plasmodium vivax]
SCO68200.1           -            822 4067at5820           -            547     5e-20   69.7   0.0   1   2   3.3e-11   9.4e-09   32.5   0.0   321   450   243   371   241   448 0.80 AAA family ATPase, CDC48 subfamily, putative [Plasmodium vivax]
SCO68200.1           -            822 4067at5820           -            547     5e-20   69.7   0.0   2   2   9.2e-12   2.7e-09   34.3   0.0   295   508   489   694   464   708 0.72 AAA family ATPase, CDC48 subfamily, putative [Plasmodium vivax]
SCO69463.1           -           1188 4067at5820           -            547   3.2e-15   53.9   9.9   1   3    0.0015      0.43    7.2   0.0   320   338   402   420   373   425 0.79 AAA family ATPase, putative [Plasmodium vivax]
SCO69463.1           -           1188 4067at5820           -            547   3.2e-15   53.9   9.9   2   3    0.0033      0.96    6.1   1.6   375   442   514   576   496   650 0.73 AAA family ATPase, putative [Plasmodium vivax]
SCO69463.1           -           1188 4067at5820           -            547   3.2e-15   53.9   9.9   3   3   9.3e-15   2.7e-12   44.2   0.6   308   444   803   937   751   973 0.74 AAA family ATPase, putative [Plasmodium vivax]
SCO70236.1           -            424 4067at5820           -            547   1.6e-14   51.5   0.8   1   2       1.2   3.6e+02   -2.4   1.2    62   115    42    91    29   117 0.62 26S protease regulatory subunit 8, putative [Plasmodium vivax]
SCO70236.1           -            424 4067at5820           -            547   1.6e-14   51.5   0.8   2   2   1.1e-16   3.1e-14   50.6   0.0   320   460   203   344   199   371 0.84 26S protease regulatory subunit 8, putative [Plasmodium vivax]
SCO69650.1           -            393 4067at5820           -            547   5.7e-14   49.7   0.0   1   2       4.6   1.3e+03   -4.3   1.8   159   184    14    40     4    71 0.49 26S protease regulatory subunit 10B, putative [Plasmodium vivax]
SCO69650.1           -            393 4067at5820           -            547   5.7e-14   49.7   0.0   2   2     2e-16   5.7e-14   49.7   0.0   320   467   172   322   128   330 0.76 26S protease regulatory subunit 10B, putative [Plasmodium vivax]
SCO68799.1           -            702 4067at5820           -            547   9.9e-14   48.9   0.1   1   2   3.4e-16   9.9e-14   48.9   0.1   295   505   255   457   235   482 0.70 ATP-dependent zinc metalloprotease FTSH, putative [Plasmodium vivax]
SCO68799.1           -            702 4067at5820           -            547   9.9e-14   48.9   0.1   2   2      0.91   2.6e+02   -2.0   3.6    72   166   587   690   583   699 0.56 ATP-dependent zinc metalloprotease FTSH, putative [Plasmodium vivax]
SCO69702.1           -            420 4067at5820           -            547   1.3e-13   48.5   0.0   1   1   6.5e-16   1.9e-13   48.0   0.0   320   457   197   336   189   354 0.82 26S protease regulatory subunit 7, putative [Plasmodium vivax]
SCO65930.1           -            392 4067at5820           -            547     7e-13   46.1   2.1   1   2      0.05        14    2.2   2.7   117   150    21    53     5    59 0.67 26S protease regulatory subunit 6B, putative [Plasmodium vivax]
SCO65930.1           -            392 4067at5820           -            547     7e-13   46.1   2.1   2   2   7.1e-14     2e-11   41.3   0.0   321   462   174   317   149   347 0.81 26S protease regulatory subunit 6B, putative [Plasmodium vivax]
SCO69835.1           -           1070 4067at5820           -            547   1.1e-11   42.2   0.2   1   2   3.8e-14   1.1e-11   42.2   0.2   321   443   609   729   561   749 0.83 AAA family ATPase, putative [Plasmodium vivax]
SCO69835.1           -           1070 4067at5820           -            547   1.1e-11   42.2   0.2   2   2      0.59   1.7e+02   -1.4   0.3   139   179   979  1021   844  1066 0.63 AAA family ATPase, putative [Plasmodium vivax]
SCO67295.1           -            950 4067at5820           -            547   1.4e-11   41.8   0.0   1   1   7.6e-14   2.2e-11   41.2   0.0   296   464   408   586   375   607 0.75 ATP-dependent zinc metalloprotease FTSH, putative [Plasmodium vivax]
SCO70154.1           -            896 4067at5820           -            547   1.6e-10   38.3   0.0   1   1   1.2e-12   3.5e-10   37.2   0.0   305   478   176   358   157   378 0.77 ATP-dependent zinc metalloprotease FTSH 1, putative [Plasmodium vivax]
SCO67402.1           -            441 4067at5820           -            547   4.4e-10   36.9   0.9   1   2       2.9   8.5e+02   -3.7   2.5   165   193    39    66    11    72 0.54 26S protease regulatory subunit 6A, putative [Plasmodium vivax]
SCO67402.1           -            441 4067at5820           -            547   4.4e-10   36.9   0.9   2   2   2.8e-12   8.2e-10   36.0   0.0   320   462   223   368   198   392 0.78 26S protease regulatory subunit 6A, putative [Plasmodium vivax]
SCO65309.1           -            700 4067at5820           -            547   6.4e-10   36.4   0.2   1   2      0.62   1.8e+02   -1.4   1.1   368   409   306   348   294   363 0.72 AAA family ATPase, putative [Plasmodium vivax]
SCO65309.1           -            700 4067at5820           -            547   6.4e-10   36.4   0.2   2   2   2.2e-12   6.4e-10   36.4   0.2   319   516   457   646   452   656 0.76 AAA family ATPase, putative [Plasmodium vivax]
SCO66797.1           -            447 4067at5820           -            547   1.1e-09   35.6   0.0   1   1   6.7e-12   1.9e-09   34.8   0.0   320   461   227   370   220   395 0.82 26S protease regulatory subunit 4, putative [Plasmodium vivax]
SCO68874.1           -            439 4067at5820           -            547     4e-08   30.4   2.0   1   1   2.2e-10   6.4e-08   29.8   2.0   309   448   143   278    19   299 0.69 vacuolar protein sorting-associated protein 4, putative [Plasmodium vivax]
SCO67491.1           -            627 4067at5820           -            547   1.7e-06   25.1   0.6   1   1     1e-08   2.9e-06   24.3   0.6   311   459   333   503   306   510 0.62 AAA family ATPase, putative [Plasmodium vivax]
SCO68360.1           -            483 4067at5820           -            547   1.1e-05   22.4   0.2   1   1     5e-08   1.5e-05   22.0   0.2   290   355   220   290   100   295 0.81 mitochondrial chaperone BCS1, putative [Plasmodium vivax]
SCO64998.1           -            994 4067at5820           -            547     6e-05   19.9   0.1   1   1   3.2e-07   9.3e-05   19.3   0.1   322   406   755   839   753   878 0.83 AAA family ATPase, putative [Plasmodium vivax]
SCO65020.1           -           1174 4067at5820           -            547    0.0016   15.2   0.2   1   2   5.7e-06    0.0016   15.2   0.2   320   391   599   670   558   700 0.75 AAA family ATPase, putative [Plasmodium vivax]
SCO65020.1           -           1174 4067at5820           -            547    0.0016   15.2   0.2   2   2     0.064        19    1.8   0.0   425   470   793   841   772   848 0.82 AAA family ATPase, putative [Plasmodium vivax]
SCO65175.1           -            169 4067at5820           -            547     0.025   11.3   6.0   1   1    0.0001      0.03   11.0   6.0   140   218    65   147    50   165 0.70 conserved Plasmodium protein, unknown function [Plasmodium vivax]
#
# Program:         hmmsearch
# Version:         3.4 (Aug 2023)
# Pipeline mode:   SEARCH
# Query file:      /v3/work/00_inventory/busco/busco_downloads/lineages/plasmodium_odb10/hmms/4067at5820.hmm
# Target file:     /v3/inputs/annotations/ncbi-datasets/PvT01.proteins.fa
# Option settings: hmmsearch --domtblout /v3/work/00_inventory/busco/PvT01_proteins/run_plasmodium_odb10/hmmer_output/initial_run_results/4067at5820.out --cpu 1 /v3/work/00_inventory/busco/busco_downloads/lineages/plasmodium_odb10/hmms/4067at5820.hmm /v3/inputs/annotations/ncbi-datasets/PvT01.proteins.fa 
# Current dir:     /v3/work/00_inventory/busco
# Date:            Tue May 19 18:43:51 2026
# [ok]
