#                                                                            --- full sequence --- -------------- this domain -------------   hmm coord   ali coord   env coord
# target name        accession   tlen query name           accession   qlen   E-value  score  bias   #  of  c-Evalue  i-Evalue  score  bias  from    to  from    to  from    to  acc description of target
#------------------- ---------- ----- -------------------- ---------- ----- --------- ------ ----- --- --- --------- --------- ------ ----- ----- ----- ----- ----- ----- ----- ---- ---------------------
SCO66874.1           -            580 4457at5820           -            537         0 1213.3  26.6   1   1         0         0 1213.1  26.6     1   537    33   580    33   580 0.99 heat shock protein 60, putative [Plasmodium vivax]
SCO70077.1           -            710 4457at5820           -            537  1.6e-107  358.7  25.4   1   2   2.6e-95   2.2e-92  308.8  12.9     1   419    71   498    71   511 0.97 60 kDa chaperonin, putative [Plasmodium vivax]
SCO70077.1           -            710 4457at5820           -            537  1.6e-107  358.7  25.4   2   2     1e-18     9e-16   55.9   4.6   434   526   541   634   525   642 0.90 60 kDa chaperonin, putative [Plasmodium vivax]
SCO68044.1           -            529 4457at5820           -            537   2.6e-15   54.4   6.6   1   2   1.3e-10   1.1e-07   29.2   2.2     7   103    20   111    16   164 0.87 T-complex protein 1, delta subunit, putative [Plasmodium vivax]
SCO68044.1           -            529 4457at5820           -            537   2.6e-15   54.4   6.6   2   2   5.5e-10   4.8e-07   27.1   0.1   385   510   386   516   360   528 0.79 T-complex protein 1, delta subunit, putative [Plasmodium vivax]
SCO66918.1           -            535 4457at5820           -            537   2.5e-13   47.9  14.2   1   2   4.1e-10   3.6e-07   27.6   5.8     6   210    25   243    20   268 0.72 T-complex protein 1 subunit epsilon, putative [Plasmodium vivax]
SCO66918.1           -            535 4457at5820           -            537   2.5e-13   47.9  14.2   2   2   1.7e-09   1.5e-06   25.5   1.3   381   508   384   517   371   533 0.71 T-complex protein 1 subunit epsilon, putative [Plasmodium vivax]
SCO67040.1           -            540 4457at5820           -            537   3.4e-12   44.1   5.9   1   2   1.5e-08   1.3e-05   22.4   1.5    14   132    29   142    17   190 0.86 T-complex protein 1, eta subunit, putative [Plasmodium vivax]
SCO67040.1           -            540 4457at5820           -            537   3.4e-12   44.1   5.9   2   2   5.1e-09   4.4e-06   23.9   0.2   371   519   369   523   356   533 0.81 T-complex protein 1, eta subunit, putative [Plasmodium vivax]
SCO67420.1           -            543 4457at5820           -            537   5.3e-11   40.2   3.4   1   2   4.8e-12   4.2e-09   33.9   1.6     6   145    12   150     8   207 0.83 T-complex protein 1, alpha subunit, putative [Plasmodium vivax]
SCO67420.1           -            543 4457at5820           -            537   5.3e-11   40.2   3.4   2   2    0.0017       1.5    5.7   0.0   379   417   375   414   365   436 0.78 T-complex protein 1, alpha subunit, putative [Plasmodium vivax]
SCO68305.1           -            529 4457at5820           -            537   1.5e-07   28.8   0.7   1   2   8.8e-09   7.6e-06   23.2   0.2    19   148    28   159    13   210 0.78 T-complex protein 1 subunit zeta, putative [Plasmodium vivax]
SCO68305.1           -            529 4457at5820           -            537   1.5e-07   28.8   0.7   2   2    0.0069         6    3.7   0.0   386   420   393   428   382   466 0.82 T-complex protein 1 subunit zeta, putative [Plasmodium vivax]
#
# Program:         hmmsearch
# Version:         3.4 (Aug 2023)
# Pipeline mode:   SEARCH
# Query file:      /v3/work/00_inventory/busco/busco_downloads/lineages/plasmodium_odb10/hmms/4457at5820.hmm
# Target file:     /v3/inputs/annotations/ncbi-datasets/PvT01.proteins.fa
# Option settings: hmmsearch --domtblout /v3/work/00_inventory/busco/PvT01_proteins/run_plasmodium_odb10/hmmer_output/initial_run_results/4457at5820.out --cpu 1 /v3/work/00_inventory/busco/busco_downloads/lineages/plasmodium_odb10/hmms/4457at5820.hmm /v3/inputs/annotations/ncbi-datasets/PvT01.proteins.fa 
# Current dir:     /v3/work/00_inventory/busco
# Date:            Tue May 19 18:48:22 2026
# [ok]
