#                                                                            --- full sequence --- -------------- this domain -------------   hmm coord   ali coord   env coord
# target name        accession   tlen query name           accession   qlen   E-value  score  bias   #  of  c-Evalue  i-Evalue  score  bias  from    to  from    to  from    to  acc description of target
#------------------- ---------- ----- -------------------- ---------- ----- --------- ------ ----- --- --- --------- --------- ------ ----- ----- ----- ----- ----- ----- ----- ---- ---------------------
SCO65309.1           -            700 4671at5820           -            475  7.2e-271  897.1  39.3   1   4   3.1e-29   9.3e-27   92.1   0.1     1    90    11   130    11   153 0.86 AAA family ATPase, putative [Plasmodium vivax]
SCO65309.1           -            700 4671at5820           -            475  7.2e-271  897.1  39.3   2   4   6.8e-06    0.0021   15.2   1.0    86   111   184   209   180   261 0.85 AAA family ATPase, putative [Plasmodium vivax]
SCO65309.1           -            700 4671at5820           -            475  7.2e-271  897.1  39.3   3   4   8.1e-17   2.5e-14   51.2   9.2   106   159   297   350   292   357 0.82 AAA family ATPase, putative [Plasmodium vivax]
SCO65309.1           -            700 4671at5820           -            475  7.2e-271  897.1  39.3   4   4  6.4e-229    2e-226  750.6  11.6   139   475   363   700   348   700 0.97 AAA family ATPase, putative [Plasmodium vivax]
SCO64965.1           -           1089 4671at5820           -            475   2.7e-77  258.8   5.6   1   3       1.6   4.7e+02   -2.5   0.1   185   212   331   358   291   379 0.69 AAA family ATPase, CDC48 subfamily, putative [Plasmodium vivax]
SCO64965.1           -           1089 4671at5820           -            475   2.7e-77  258.8   5.6   2   3   2.7e-36   8.2e-34  115.4   0.1   200   414   477   688   428   700 0.85 AAA family ATPase, CDC48 subfamily, putative [Plasmodium vivax]
SCO64965.1           -           1089 4671at5820           -            475   2.7e-77  258.8   5.6   3   3   2.8e-45   8.6e-43  145.0   0.2   196   416   793  1011   788  1023 0.91 AAA family ATPase, CDC48 subfamily, putative [Plasmodium vivax]
SCO68200.1           -            822 4671at5820           -            475   4.5e-74  248.2   0.0   1   2     2e-35     6e-33  112.5   0.0   192   416   197   421   184   465 0.84 AAA family ATPase, CDC48 subfamily, putative [Plasmodium vivax]
SCO68200.1           -            822 4671at5820           -            475   4.5e-74  248.2   0.0   2   2   8.9e-42   2.7e-39  133.5   0.0   195   425   476   706   465   722 0.89 AAA family ATPase, CDC48 subfamily, putative [Plasmodium vivax]
SCO69463.1           -           1188 4671at5820           -            475   3.8e-51  172.5  14.4   1   3   1.7e-05    0.0052   13.8   0.0   210   274   374   446   351   452 0.67 AAA family ATPase, putative [Plasmodium vivax]
SCO69463.1           -           1188 4671at5820           -            475   3.8e-51  172.5  14.4   2   3   3.5e-09   1.1e-06   26.0   3.0   282   422   509   644   497   653 0.74 AAA family ATPase, putative [Plasmodium vivax]
SCO69463.1           -           1188 4671at5820           -            475   3.8e-51  172.5  14.4   3   3   2.7e-43   8.1e-41  138.5   1.3   199   377   781   960   770   969 0.93 AAA family ATPase, putative [Plasmodium vivax]
SCO68874.1           -            439 4671at5820           -            475   1.3e-50  170.8   0.2   1   1   7.7e-53   2.3e-50  170.0   0.2   188   375   107   293    44   351 0.91 vacuolar protein sorting-associated protein 4, putative [Plasmodium vivax]
SCO69835.1           -           1070 4671at5820           -            475   1.9e-42  143.9  14.0   1   2   4.4e-08   1.3e-05   22.4   3.6   150   377   167   379   131   387 0.66 AAA family ATPase, putative [Plasmodium vivax]
SCO69835.1           -           1070 4671at5820           -            475   1.9e-42  143.9  14.0   2   2   9.8e-40     3e-37  126.7   2.8   158   410   536   782   500   790 0.78 AAA family ATPase, putative [Plasmodium vivax]
SCO69650.1           -            393 4671at5820           -            475   5.5e-38  129.2   0.1   1   2       2.3     7e+02   -3.1   1.1    24    54    20    47     2    64 0.44 26S protease regulatory subunit 10B, putative [Plasmodium vivax]
SCO69650.1           -            393 4671at5820           -            475   5.5e-38  129.2   0.1   2   2   1.8e-40   5.5e-38  129.2   0.1   191   416   129   354   114   384 0.87 26S protease regulatory subunit 10B, putative [Plasmodium vivax]
SCO70236.1           -            424 4671at5820           -            475   3.6e-36  123.2   1.7   1   2      0.38   1.2e+02   -0.5   1.3   129   170    44    83    15    97 0.62 26S protease regulatory subunit 8, putative [Plasmodium vivax]
SCO70236.1           -            424 4671at5820           -            475   3.6e-36  123.2   1.7   2   2   3.1e-38   9.4e-36  121.8   0.0   201   416   170   384   153   392 0.87 26S protease regulatory subunit 8, putative [Plasmodium vivax]
SCO66797.1           -            447 4671at5820           -            475   1.2e-31  108.2   0.0   1   1   6.6e-34     2e-31  107.5   0.0   188   415   181   408   173   412 0.84 26S protease regulatory subunit 4, putative [Plasmodium vivax]
SCO67090.1           -            785 4671at5820           -            475     1e-30  105.2   5.2   1   2   8.2e-29   2.5e-26   90.7   0.5   230   455   287   522   238   533 0.81 N-ethylmaleimide-sensitive fusion protein, putative [Plasmodium vivax]
SCO67090.1           -            785 4671at5820           -            475     1e-30  105.2   5.2   2   2   2.6e-06   0.00078   16.5   0.5   230   397   568   733   552   741 0.77 N-ethylmaleimide-sensitive fusion protein, putative [Plasmodium vivax]
SCO65930.1           -            392 4671at5820           -            475   3.5e-30  103.4   0.0   1   1   1.9e-32   5.7e-30  102.7   0.0   190   385   129   328   120   353 0.86 26S protease regulatory subunit 6B, putative [Plasmodium vivax]
SCO70154.1           -            896 4671at5820           -            475   6.1e-30  102.6   0.0   1   1     2e-32   6.1e-30  102.6   0.0   229   410   191   374   157   381 0.82 ATP-dependent zinc metalloprotease FTSH 1, putative [Plasmodium vivax]
SCO69702.1           -            420 4671at5820           -            475   8.7e-30  102.1   0.0   1   1   4.6e-32   1.4e-29  101.4   0.0   188   415   151   378   137   385 0.83 26S protease regulatory subunit 7, putative [Plasmodium vivax]
SCO68799.1           -            702 4671at5820           -            475   2.4e-28   97.4   0.3   1   2       3.6   1.1e+03   -3.7   0.4   424   441    76    93    46   120 0.60 ATP-dependent zinc metalloprotease FTSH, putative [Plasmodium vivax]
SCO68799.1           -            702 4671at5820           -            475   2.4e-28   97.4   0.3   2   2     8e-31   2.4e-28   97.4   0.3   193   382   244   433   219   469 0.87 ATP-dependent zinc metalloprotease FTSH, putative [Plasmodium vivax]
SCO67402.1           -            441 4671at5820           -            475   2.1e-26   91.0   0.3   1   2       4.9   1.5e+03   -4.2   0.3     4    24    50    70    36   101 0.58 26S protease regulatory subunit 6A, putative [Plasmodium vivax]
SCO67402.1           -            441 4671at5820           -            475   2.1e-26   91.0   0.3   2   2   1.1e-28   3.4e-26   90.3   0.0   199   414   188   403   172   409 0.80 26S protease regulatory subunit 6A, putative [Plasmodium vivax]
SCO67295.1           -            950 4671at5820           -            475     3e-25   87.2   0.0   1   1   1.7e-27     5e-25   86.4   0.0   193   376   396   585   377   610 0.87 ATP-dependent zinc metalloprotease FTSH, putative [Plasmodium vivax]
SCO67491.1           -            627 4671at5820           -            475   2.8e-16   57.6   0.2   1   1   1.5e-18   4.6e-16   56.9   0.2   234   384   347   516   333   595 0.80 AAA family ATPase, putative [Plasmodium vivax]
SCO65020.1           -           1174 4671at5820           -            475   5.3e-12   43.5   7.7   1   2   5.1e-11   1.5e-08   32.1   0.0   232   307   598   674   553   704 0.77 AAA family ATPase, putative [Plasmodium vivax]
SCO65020.1           -           1174 4671at5820           -            475   5.3e-12   43.5   7.7   2   2   5.2e-06    0.0016   15.5   0.0   336   384   792   842   774   850 0.88 AAA family ATPase, putative [Plasmodium vivax]
SCO64998.1           -            994 4671at5820           -            475   1.6e-10   38.6   0.0   1   1   9.5e-13   2.9e-10   37.8   0.0   233   331   753   856   744   877 0.82 AAA family ATPase, putative [Plasmodium vivax]
SCO64927.1           -            665 4671at5820           -            475   5.9e-09   33.4   0.4   1   1     2e-11   5.9e-09   33.4   0.4   233   421   344   541   322   550 0.73 AAA family ATPase, putative [Plasmodium vivax]
#
# Program:         hmmsearch
# Version:         3.4 (Aug 2023)
# Pipeline mode:   SEARCH
# Query file:      /v3/work/00_inventory/busco/busco_downloads/lineages/plasmodium_odb10/hmms/4671at5820.hmm
# Target file:     /v3/inputs/annotations/ncbi-datasets/PvT01.proteins.fa
# Option settings: hmmsearch --domtblout /v3/work/00_inventory/busco/PvT01_proteins/run_plasmodium_odb10/hmmer_output/initial_run_results/4671at5820.out --cpu 1 /v3/work/00_inventory/busco/busco_downloads/lineages/plasmodium_odb10/hmms/4671at5820.hmm /v3/inputs/annotations/ncbi-datasets/PvT01.proteins.fa 
# Current dir:     /v3/work/00_inventory/busco
# Date:            Tue May 19 18:49:32 2026
# [ok]
