#                                                                            --- full sequence --- -------------- this domain -------------   hmm coord   ali coord   env coord
# target name        accession   tlen query name           accession   qlen   E-value  score  bias   #  of  c-Evalue  i-Evalue  score  bias  from    to  from    to  from    to  acc description of target
#------------------- ---------- ----- -------------------- ---------- ----- --------- ------ ----- --- --- --------- --------- ------ ----- ----- ----- ----- ----- ----- ----- ---- ---------------------
SCO70027.1           -            717 4744at5820           -            548  2.6e-292  968.7  19.5   1   4     0.089        14    2.4   0.0     1    48     1    67     1    80 0.60 DNA helicase 60, putative [Plasmodium vivax]
SCO70027.1           -            717 4744at5820           -            548  2.6e-292  968.7  19.5   2   4   0.00047     0.076    9.9   3.8    47    85   118   159   116   168 0.79 DNA helicase 60, putative [Plasmodium vivax]
SCO70027.1           -            717 4744at5820           -            548  2.6e-292  968.7  19.5   3   4   5.4e-73   8.6e-71  237.5   0.2    54   225   177   350   163   362 0.86 DNA helicase 60, putative [Plasmodium vivax]
SCO70027.1           -            717 4744at5820           -            548  2.6e-292  968.7  19.5   4   4  3.9e-221  6.2e-219  726.5   2.6   223   548   391   716   384   716 0.99 DNA helicase 60, putative [Plasmodium vivax]
SCO68991.1           -            528 4744at5820           -            548  1.8e-127  424.6   0.1   1   1  1.3e-129    2e-127  424.4   0.1    52   547     4   496     1   497 0.90 ATP-dependent RNA helicase DDX5, putative [Plasmodium vivax]
SCO69871.1           -            923 4744at5820           -            548   7.8e-82  273.9  10.7   1   3         2   3.2e+02   -2.1   0.4    80   107    23    50     5    72 0.67 DEAD/DEAH box helicase, putative [Plasmodium vivax]
SCO69871.1           -            923 4744at5820           -            548   7.8e-82  273.9  10.7   2   3         3   4.8e+02   -2.6   1.0    59    97   104   144    67   153 0.75 DEAD/DEAH box helicase, putative [Plasmodium vivax]
SCO69871.1           -            923 4744at5820           -            548   7.8e-82  273.9  10.7   3   3   4.9e-84   7.8e-82  273.9  10.7   152   540   337   752   324   759 0.85 DEAD/DEAH box helicase, putative [Plasmodium vivax]
SCO67810.1           -           1450 4744at5820           -            548   3.6e-80  268.4   5.2   1   2   2.3e-82   3.6e-80  268.4   5.2    79   545   590  1054   557  1057 0.84 pre-mRNA-processing ATP-dependent RNA helicase PRP5, putative [Plasmodium vivax]
SCO67810.1           -           1450 4744at5820           -            548   3.6e-80  268.4   5.2   2   2       6.2     1e+03   -3.7   7.5    78   152  1254  1331  1216  1340 0.60 pre-mRNA-processing ATP-dependent RNA helicase PRP5, putative [Plasmodium vivax]
SCO67714.1           -           1006 4744at5820           -            548   6.5e-79  264.3   1.2   1   2   4.1e-46   6.5e-44  148.8   0.0    96   335   524   759   510   766 0.89 ATP-dependent RNA helicase DDX23, putative [Plasmodium vivax]
SCO67714.1           -           1006 4744at5820           -            548   6.5e-79  264.3   1.2   2   2   1.7e-35   2.7e-33  113.7   0.0   343   542   791   981   774   987 0.90 ATP-dependent RNA helicase DDX23, putative [Plasmodium vivax]
SCO67619.1           -            667 4744at5820           -            548   2.2e-78  262.6   0.2   1   1   1.3e-80   2.2e-78  262.6   0.2   141   539   205   598   184   606 0.88 RNA helicase 1, putative [Plasmodium vivax]
SCO67853.1           -            720 4744at5820           -            548   6.3e-66  221.4   0.3   1   1   1.4e-67   2.2e-65  219.6   0.3   151   512   123   505   116   513 0.88 ATP-dependent helicase, putative [Plasmodium vivax]
SCO65570.1           -            536 4744at5820           -            548   9.7e-65  217.5  10.0   1   1   1.9e-66     3e-64  215.9   9.9   149   526   125   486     5   503 0.87 ATP-dependent rRNA helicase RRP3, putative [Plasmodium vivax]
SCO68760.1           -            398 4744at5820           -            548   1.2e-60  204.0   2.4   1   1     2e-62   3.2e-60  202.6   2.4   147   515    17   371     4   380 0.90 eukaryotic initiation factor 4a, putative [Plasmodium vivax]
SCO70262.1           -            731 4744at5820           -            548   1.6e-60  203.5   9.2   1   1     1e-62   1.6e-60  203.5   9.2   155   533   106   501    94   514 0.85 DEAD/DEAH box ATP-dependent RNA helicase, putative [Plasmodium vivax]
SCO66253.1           -           1015 4744at5820           -            548   5.7e-59  198.5  12.6   1   1   9.5e-61   1.5e-58  197.1  12.4    99   541   569  1011   492  1014 0.78 DEAD/DEAH box helicase, putative [Plasmodium vivax]
SCO66912.1           -            433 4744at5820           -            548   2.3e-58  196.4   0.7   1   1   2.2e-60   3.6e-58  195.8   0.7   153   513    60   404    19   414 0.90 ATP-dependent RNA helicase DDX6, putative [Plasmodium vivax]
SCO66039.1           -            388 4744at5820           -            548   9.7e-57  191.1   2.6   1   1   1.1e-58   1.8e-56  190.2   2.6   149   513    11   361     4   372 0.90 eukaryotic initiation factor 4A-III, putative [Plasmodium vivax]
SCO68088.1           -            599 4744at5820           -            548   2.9e-54  182.9   7.8   1   1   1.8e-56   2.9e-54  182.9   7.8   153   511   146   495   136   536 0.86 ATP-dependent RNA helicase HAS1, putative [Plasmodium vivax]
SCO66904.1           -            761 4744at5820           -            548   2.4e-51  173.3  20.8   1   2     1e-14   1.7e-12   45.1   2.9    49   228   149   330    45   336 0.84 ATP-dependent RNA helicase, putative [Plasmodium vivax]
SCO66904.1           -            761 4744at5820           -            548   2.4e-51  173.3  20.8   2   2   1.4e-41   2.2e-39  133.8  10.1   229   544   373   682   366   686 0.89 ATP-dependent RNA helicase, putative [Plasmodium vivax]
SCO65655.1           -            473 4744at5820           -            548   1.8e-48  163.8   5.5   1   1   5.1e-50   8.2e-48  161.6   5.5   131   511    31   439    11   446 0.82 ATP-dependent RNA helicase UAP56, putative [Plasmodium vivax]
SCO68599.1           -            489 4744at5820           -            548   5.9e-46  155.5   0.1   1   1   1.6e-47   2.6e-45  153.4   0.1   171   510    77   421    59   428 0.87 ATP-dependent RNA helicase DBP8, putative [Plasmodium vivax]
SCO66154.1           -            623 4744at5820           -            548   2.4e-43  146.9   0.1   1   2   1.8e-10     3e-08   31.1   0.0   164   229   142   209   137   219 0.79 ATP-dependent RNA helicase ROK1, putative [Plasmodium vivax]
SCO66154.1           -            623 4744at5820           -            548   2.4e-43  146.9   0.1   2   2   1.8e-35   2.9e-33  113.6   0.0   225   543   241   558   229   561 0.84 ATP-dependent RNA helicase ROK1, putative [Plasmodium vivax]
SCO69659.1           -            626 4744at5820           -            548   6.7e-40  135.5  11.2   1   1   6.5e-42     1e-39  134.9  11.2   171   511   166   508   153   535 0.83 DEAD box helicase, putative [Plasmodium vivax]
SCO65404.1           -            850 4744at5820           -            548   1.3e-39  134.6   0.8   1   3   1.4e-27   2.2e-25   87.6   0.1   160   337   143   319   132   322 0.86 ATP-dependent RNA helicase DBP7, putative [Plasmodium vivax]
SCO65404.1           -            850 4744at5820           -            548   1.3e-39  134.6   0.8   2   3       3.5   5.6e+02   -2.9   0.0   337   357   367   387   365   394 0.86 ATP-dependent RNA helicase DBP7, putative [Plasmodium vivax]
SCO65404.1           -            850 4744at5820           -            548   1.3e-39  134.6   0.8   3   3   1.5e-14   2.4e-12   44.6   0.0   449   510   628   688   599   704 0.83 ATP-dependent RNA helicase DBP7, putative [Plasmodium vivax]
SCO65802.1           -           1193 4744at5820           -            548   7.4e-38  128.8   6.8   1   2   4.6e-40   7.4e-38  128.8   6.8   155   501   168   508   137   543 0.83 ATP-dependent RNA helicase DBP10, putative [Plasmodium vivax]
SCO65802.1           -           1193 4744at5820           -            548   7.4e-38  128.8   6.8   2   2      0.25        41    0.9   4.3    44    85  1026  1067  1016  1174 0.87 ATP-dependent RNA helicase DBP10, putative [Plasmodium vivax]
SCO69405.1           -            877 4744at5820           -            548   8.5e-38  128.6  26.3   1   2   5.3e-40   8.5e-38  128.6  26.3    87   512    76   491     3   504 0.74 ATP-dependent RNA helicase DBP4, putative [Plasmodium vivax]
SCO69405.1           -            877 4744at5820           -            548   8.5e-38  128.6  26.3   2   2       1.5   2.4e+02   -1.7   0.9    76   125   682   728   652   738 0.72 ATP-dependent RNA helicase DBP4, putative [Plasmodium vivax]
SCO68859.1           -            787 4744at5820           -            548   9.3e-38  128.4  17.4   1   2       7.3   1.2e+03   -3.9   0.0   162   196   100   132    97   139 0.72 ATP-dependent RNA helicase DBP5, putative [Plasmodium vivax]
SCO68859.1           -            787 4744at5820           -            548   9.3e-38  128.4  17.4   2   2   3.5e-38   5.5e-36  122.6  17.2    69   519   283   760   268   776 0.79 ATP-dependent RNA helicase DBP5, putative [Plasmodium vivax]
SCO68998.1           -            791 4744at5820           -            548   5.6e-32  109.4  10.1   1   2   1.5e-24   2.5e-22   77.5   2.2   158   337   245   429   210   447 0.85 ATP-dependent RNA helicase MAK5, putative [Plasmodium vivax]
SCO68998.1           -            791 4744at5820           -            548   5.6e-32  109.4  10.1   2   2   4.9e-12   7.8e-10   36.3   0.7   429   518   595   685   544   708 0.83 ATP-dependent RNA helicase MAK5, putative [Plasmodium vivax]
SCO67682.1           -            816 4744at5820           -            548   3.9e-29  100.0  19.4   1   3   7.4e-09   1.2e-06   25.8   0.0   153   212     2    62     1    80 0.88 DEAD/DEAH box ATP-dependent RNA helicase, putative [Plasmodium vivax]
SCO67682.1           -            816 4744at5820           -            548   3.9e-29  100.0  19.4   2   3   2.9e-12   4.6e-10   37.0   0.6   228   369   324   470   313   483 0.84 DEAD/DEAH box ATP-dependent RNA helicase, putative [Plasmodium vivax]
SCO67682.1           -            816 4744at5820           -            548   3.9e-29  100.0  19.4   3   3   4.5e-13   7.2e-11   39.7  11.6   374   508   534   683   490   687 0.77 DEAD/DEAH box ATP-dependent RNA helicase, putative [Plasmodium vivax]
SCO67855.1           -            522 4744at5820           -            548   2.3e-23   80.9   8.6   1   1   2.1e-25   3.3e-23   80.4   8.6   190   525   134   476    60   490 0.73 ATP-dependent helicase, putative [Plasmodium vivax]
SCO64986.1           -           1262 4744at5820           -            548   2.5e-23   80.8   9.7   1   5   0.00046     0.073   10.0   0.0   152   236    26   112    16   114 0.83 RNA helicase, putative [Plasmodium vivax]
SCO64986.1           -           1262 4744at5820           -            548   2.5e-23   80.8   9.7   2   5     0.002      0.32    7.8   0.0   235   257   137   159   130   165 0.88 RNA helicase, putative [Plasmodium vivax]
SCO64986.1           -           1262 4744at5820           -            548   2.5e-23   80.8   9.7   3   5       4.6   7.4e+02   -3.3   0.0   261   298   217   255   212   258 0.80 RNA helicase, putative [Plasmodium vivax]
SCO64986.1           -           1262 4744at5820           -            548   2.5e-23   80.8   9.7   4   5   0.00025      0.04   10.8   0.0   310   348   289   328   277   338 0.80 RNA helicase, putative [Plasmodium vivax]
SCO64986.1           -           1262 4744at5820           -            548   2.5e-23   80.8   9.7   5   5   1.4e-16   2.2e-14   51.3   4.0   409   515   605   711   578   723 0.84 RNA helicase, putative [Plasmodium vivax]
SCO70166.1           -            850 4744at5820           -            548   1.9e-21   74.6  14.0   1   3   2.9e-17   4.7e-15   53.5   0.5   155   328    97   262    83   296 0.72 ATP-dependent RNA helicase DBP9, putative [Plasmodium vivax]
SCO70166.1           -            850 4744at5820           -            548   1.9e-21   74.6  14.0   2   3     4e-10   6.4e-08   30.0   0.1   467   513   516   562   512   597 0.79 ATP-dependent RNA helicase DBP9, putative [Plasmodium vivax]
SCO70166.1           -            850 4744at5820           -            548   1.9e-21   74.6  14.0   3   3       6.5     1e+03   -3.8   2.7    22    86   642   708   620   724 0.53 ATP-dependent RNA helicase DBP9, putative [Plasmodium vivax]
SCO69403.1           -            995 4744at5820           -            548   2.6e-21   74.1  34.4   1   3   6.8e-07   0.00011   19.3   0.0   153   220    48   116    41   127 0.88 ATP-dependent rRNA helicase SPB4, putative [Plasmodium vivax]
SCO69403.1           -            995 4744at5820           -            548   2.6e-21   74.1  34.4   2   3   1.2e-07   1.9e-05   21.8   0.9   222   335   229   370   215   392 0.63 ATP-dependent rRNA helicase SPB4, putative [Plasmodium vivax]
SCO69403.1           -            995 4744at5820           -            548   2.6e-21   74.1  34.4   3   3   6.3e-15     1e-12   45.8   4.9   419   511   539   637   521   660 0.79 ATP-dependent rRNA helicase SPB4, putative [Plasmodium vivax]
SCO69121.1           -            869 4744at5820           -            548   6.6e-20   69.5   7.1   1   3   0.00012     0.019   11.9   0.4   158   247   162   261   114   353 0.69 ATP-dependent RNA helicase, putative [Plasmodium vivax]
SCO69121.1           -            869 4744at5820           -            548   6.6e-20   69.5   7.1   2   3       4.1   6.5e+02   -3.1   0.1   337   379   388   431   384   444 0.72 ATP-dependent RNA helicase, putative [Plasmodium vivax]
SCO69121.1           -            869 4744at5820           -            548   6.6e-20   69.5   7.1   3   3   1.5e-19   2.4e-17   61.1   0.2   407   525   535   654   522   664 0.86 ATP-dependent RNA helicase, putative [Plasmodium vivax]
SCO66507.1           -            742 4744at5820           -            548   1.5e-17   61.8   2.5   1   3       5.2   8.4e+02   -3.4   0.4   378   408   105   135    97   145 0.44 ATP-dependent DNA helicase Q1, putative [Plasmodium vivax]
SCO66507.1           -            742 4744at5820           -            548   1.5e-17   61.8   2.5   2   3       1.7   2.7e+02   -1.8   3.5    44    87   247   283   199   308 0.55 ATP-dependent DNA helicase Q1, putative [Plasmodium vivax]
SCO66507.1           -            742 4744at5820           -            548   1.5e-17   61.8   2.5   3   3   9.2e-20   1.5e-17   61.8   2.5   382   511   358   490   349   500 0.87 ATP-dependent DNA helicase Q1, putative [Plasmodium vivax]
SCO67171.1           -           1329 4744at5820           -            548   2.7e-15   54.3   1.7   1   3    0.0044       0.7    6.7   0.0   155   215   144   205   132   221 0.81 DEAD/DEAH box helicase, putative [Plasmodium vivax]
SCO67171.1           -           1329 4744at5820           -            548   2.7e-15   54.3   1.7   2   3       2.2   3.6e+02   -2.2   0.0   280   321   500   541   479   558 0.77 DEAD/DEAH box helicase, putative [Plasmodium vivax]
SCO67171.1           -           1329 4744at5820           -            548   2.7e-15   54.3   1.7   3   3     1e-14   1.6e-12   45.1   0.3   400   501   879   980   873   988 0.96 DEAD/DEAH box helicase, putative [Plasmodium vivax]
SCO65281.1           -            548 4744at5820           -            548     8e-15   52.7  10.7   1   2   4.8e-05    0.0077   13.2   1.6   145   321    97   263    58   280 0.63 ATP-dependent RNA helicase protein, putative [Plasmodium vivax]
SCO65281.1           -            548 4744at5820           -            548     8e-15   52.7  10.7   2   2   1.7e-14   2.8e-12   44.4   2.1   406   507   362   470   354   524 0.84 ATP-dependent RNA helicase protein, putative [Plasmodium vivax]
SCO64913.1           -           1051 4744at5820           -            548     6e-13   46.5   8.4   1   6      0.71   1.1e+02   -0.6   0.0   154   200    75   119    64   132 0.80 RNA helicase, putative [Plasmodium vivax]
SCO64913.1           -           1051 4744at5820           -            548     6e-13   46.5   8.4   2   6       3.9   6.2e+02   -3.0   0.0   198   222   212   236   207   249 0.74 RNA helicase, putative [Plasmodium vivax]
SCO64913.1           -           1051 4744at5820           -            548     6e-13   46.5   8.4   3   6      0.67   1.1e+02   -0.5   0.0   224   262   316   354   301   363 0.73 RNA helicase, putative [Plasmodium vivax]
SCO64913.1           -           1051 4744at5820           -            548     6e-13   46.5   8.4   4   6     0.044         7    3.4   0.1   279   343   430   498   420   504 0.77 RNA helicase, putative [Plasmodium vivax]
SCO64913.1           -           1051 4744at5820           -            548     6e-13   46.5   8.4   5   6   3.8e-15     6e-13   46.5   8.4   408   497   762   850   758   902 0.89 RNA helicase, putative [Plasmodium vivax]
SCO64913.1           -           1051 4744at5820           -            548     6e-13   46.5   8.4   6   6       1.8   2.9e+02   -1.9   0.8    16    89   946  1025   927  1044 0.58 RNA helicase, putative [Plasmodium vivax]
SCO65342.1           -           1189 4744at5820           -            548   7.7e-13   46.2   2.6   1   2   3.1e-11   4.9e-09   33.6   2.3   157   365   235   452   213   461 0.79 DEAD box ATP-dependent RNA helicase, putative [Plasmodium vivax]
SCO65342.1           -           1189 4744at5820           -            548   7.7e-13   46.2   2.6   2   2   0.00032     0.051   10.5   0.0   439   510   855   925   836   934 0.86 DEAD box ATP-dependent RNA helicase, putative [Plasmodium vivax]
SCO69307.1           -           1249 4744at5820           -            548     5e-11   40.2   3.3   1   2      0.09        14    2.4   0.0   190   218    64    92    47    99 0.86 ADP-dependent DNA helicase RecQ, putative [Plasmodium vivax]
SCO69307.1           -           1249 4744at5820           -            548     5e-11   40.2   3.3   2   2     3e-12   4.8e-10   37.0   1.6   387   513   263   388   248   417 0.88 ADP-dependent DNA helicase RecQ, putative [Plasmodium vivax]
SCO65162.1           -           1408 4744at5820           -            548   1.9e-06   25.1   3.3   1   3       6.8   1.1e+03   -3.8   0.0   198   214   622   638   620   640 0.89 ATP-dependent RNA helicase, putative [Plasmodium vivax]
SCO65162.1           -           1408 4744at5820           -            548   1.9e-06   25.1   3.3   2   3      0.22        36    1.1   0.0   284   318   901   936   897   944 0.76 ATP-dependent RNA helicase, putative [Plasmodium vivax]
SCO65162.1           -           1408 4744at5820           -            548   1.9e-06   25.1   3.3   3   3   1.2e-08   1.9e-06   25.1   3.3   407   514  1142  1265  1129  1277 0.73 ATP-dependent RNA helicase, putative [Plasmodium vivax]
SCO69721.1           -            790 4744at5820           -            548   0.00023   18.2   4.2   1   3       2.8   4.4e+02   -2.5   0.3    17    59    97   139    88   207 0.62 DEAD box helicase, putative [Plasmodium vivax]
SCO69721.1           -            790 4744at5820           -            548   0.00023   18.2   4.2   2   3     0.079        13    2.6   0.0   216   253   233   270   221   283 0.75 DEAD box helicase, putative [Plasmodium vivax]
SCO69721.1           -            790 4744at5820           -            548   0.00023   18.2   4.2   3   3   5.8e-06   0.00094   16.2   0.1   459   509   663   713   634   718 0.87 DEAD box helicase, putative [Plasmodium vivax]
#
# Program:         hmmsearch
# Version:         3.4 (Aug 2023)
# Pipeline mode:   SEARCH
# Query file:      /v3/work/00_inventory/busco/busco_downloads/lineages/plasmodium_odb10/hmms/4744at5820.hmm
# Target file:     /v3/inputs/annotations/ncbi-datasets/PvT01.proteins.fa
# Option settings: hmmsearch --domtblout /v3/work/00_inventory/busco/PvT01_proteins/run_plasmodium_odb10/hmmer_output/initial_run_results/4744at5820.out --cpu 1 /v3/work/00_inventory/busco/busco_downloads/lineages/plasmodium_odb10/hmms/4744at5820.hmm /v3/inputs/annotations/ncbi-datasets/PvT01.proteins.fa 
# Current dir:     /v3/work/00_inventory/busco
# Date:            Tue May 19 18:49:59 2026
# [ok]
