#                                                                            --- full sequence --- -------------- this domain -------------   hmm coord   ali coord   env coord
# target name        accession   tlen query name           accession   qlen   E-value  score  bias   #  of  c-Evalue  i-Evalue  score  bias  from    to  from    to  from    to  acc description of target
#------------------- ---------- ----- -------------------- ---------- ----- --------- ------ ----- --- --- --------- --------- ------ ----- ----- ----- ----- ----- ----- ----- ---- ---------------------
SCO67053.1           -            532 4796at5820           -            494         0 1064.1  12.5   1   1         0         0 1063.9  12.5     1   494     8   529     8   529 0.98 T-complex protein 1 subunit beta, putative [Plasmodium vivax]
SCO67420.1           -            543 4796at5820           -            494   5.4e-84  281.0   6.6   1   1   1.1e-86   7.1e-84  280.6   6.6    14   494    15   538     6   538 0.84 T-complex protein 1, alpha subunit, putative [Plasmodium vivax]
SCO66918.1           -            535 4796at5820           -            494   1.7e-76  256.3  18.6   1   1   3.1e-79   2.1e-76  256.0  18.6     9   488    23   530    14   533 0.84 T-complex protein 1 subunit epsilon, putative [Plasmodium vivax]
SCO67040.1           -            540 4796at5820           -            494   1.2e-70  237.0  12.7   1   1   2.9e-73     2e-70  236.3  12.7     2   489    12   526    11   530 0.84 T-complex protein 1, eta subunit, putative [Plasmodium vivax]
SCO68044.1           -            529 4796at5820           -            494   9.4e-66  220.8  17.6   1   1   1.9e-68   1.3e-65  220.4  17.6    10   489    18   528    11   529 0.83 T-complex protein 1, delta subunit, putative [Plasmodium vivax]
SCO70050.1           -            544 4796at5820           -            494     7e-54  181.7  15.2   1   1   1.3e-56     9e-54  181.3  15.2     3   488    12   527    10   532 0.81 T-complex protein 1 subunit gamma, putative [Plasmodium vivax]
SCO65614.1           -            544 4796at5820           -            494   3.7e-36  123.2  22.6   1   1   6.9e-39   4.7e-36  122.9  22.6     2   491    12   527    11   529 0.80 T-complex protein 1 subunit theta, putative [Plasmodium vivax]
SCO68305.1           -            529 4796at5820           -            494     2e-17   61.4  10.1   1   1   3.1e-19   2.1e-16   58.1  10.1    25   427    29   472    16   486 0.76 T-complex protein 1 subunit zeta, putative [Plasmodium vivax]
SCO69995.1           -            244 4796at5820           -            494    0.0015   15.7   0.2   1   2   0.00013     0.091    9.8   0.1    22    70    55    99    48   119 0.86 50S ribosomal protein L24, putative [Plasmodium vivax]
SCO69995.1           -            244 4796at5820           -            494    0.0015   15.7   0.2   2   2    0.0076       5.2    4.0   0.0   172   209   161   201   152   208 0.82 50S ribosomal protein L24, putative [Plasmodium vivax]
#
# Program:         hmmsearch
# Version:         3.4 (Aug 2023)
# Pipeline mode:   SEARCH
# Query file:      /v3/work/00_inventory/busco/busco_downloads/lineages/plasmodium_odb10/hmms/4796at5820.hmm
# Target file:     /v3/inputs/annotations/ncbi-datasets/PvT01.proteins.fa
# Option settings: hmmsearch --domtblout /v3/work/00_inventory/busco/PvT01_proteins/run_plasmodium_odb10/hmmer_output/initial_run_results/4796at5820.out --cpu 1 /v3/work/00_inventory/busco/busco_downloads/lineages/plasmodium_odb10/hmms/4796at5820.hmm /v3/inputs/annotations/ncbi-datasets/PvT01.proteins.fa 
# Current dir:     /v3/work/00_inventory/busco
# Date:            Tue May 19 18:47:45 2026
# [ok]
