#                                                                            --- full sequence --- -------------- this domain -------------   hmm coord   ali coord   env coord
# target name        accession   tlen query name           accession   qlen   E-value  score  bias   #  of  c-Evalue  i-Evalue  score  bias  from    to  from    to  from    to  acc description of target
#------------------- ---------- ----- -------------------- ---------- ----- --------- ------ ----- --- --- --------- --------- ------ ----- ----- ----- ----- ----- ----- ----- ---- ---------------------
SCO65366.1           -            715 4834at5820           -            479  1.5e-263  873.1  19.9   1   5   3.1e-18   9.5e-15   52.6   0.0     1    44    61   104    61   128 0.85 queuine tRNA-ribosyltransferase, putative [Plasmodium vivax]
SCO65366.1           -            715 4834at5820           -            479  1.5e-263  873.1  19.9   2   5     1e-11     3e-08   31.1   0.2    49    80   142   173   137   177 0.92 queuine tRNA-ribosyltransferase, putative [Plasmodium vivax]
SCO65366.1           -            715 4834at5820           -            479  1.5e-263  873.1  19.9   3   5   5.8e-64   1.8e-60  203.4   0.7    80   186   216   322   214   334 0.98 queuine tRNA-ribosyltransferase, putative [Plasmodium vivax]
SCO65366.1           -            715 4834at5820           -            479  1.5e-263  873.1  19.9   4   5  3.1e-173  9.4e-170  563.7   2.2   185   452   362   635   342   649 0.96 queuine tRNA-ribosyltransferase, putative [Plasmodium vivax]
SCO65366.1           -            715 4834at5820           -            479  1.5e-263  873.1  19.9   5   5   5.8e-12   1.8e-08   31.9   0.0   449   479   685   715   679   715 0.95 queuine tRNA-ribosyltransferase, putative [Plasmodium vivax]
SCO70170.1           -            635 4834at5820           -            479   3.9e-35  119.8   7.7   1   3   2.1e-10   6.4e-07   26.8   0.0    86   159   170   243   160   253 0.91 queuine tRNA-ribosyltransferase, putative [Plasmodium vivax]
SCO70170.1           -            635 4834at5820           -            479   3.9e-35  119.8   7.7   2   3   2.2e-08   6.7e-05   20.1   0.0   190   240   328   382   308   387 0.81 queuine tRNA-ribosyltransferase, putative [Plasmodium vivax]
SCO70170.1           -            635 4834at5820           -            479   3.9e-35  119.8   7.7   3   3   1.5e-23   4.5e-20   70.1   5.4   237   411   409   613   393   628 0.72 queuine tRNA-ribosyltransferase, putative [Plasmodium vivax]
#
# Program:         hmmsearch
# Version:         3.4 (Aug 2023)
# Pipeline mode:   SEARCH
# Query file:      /v3/work/00_inventory/busco/busco_downloads/lineages/plasmodium_odb10/hmms/4834at5820.hmm
# Target file:     /v3/inputs/annotations/ncbi-datasets/PvT01.proteins.fa
# Option settings: hmmsearch --domtblout /v3/work/00_inventory/busco/PvT01_proteins/run_plasmodium_odb10/hmmer_output/initial_run_results/4834at5820.out --cpu 1 /v3/work/00_inventory/busco/busco_downloads/lineages/plasmodium_odb10/hmms/4834at5820.hmm /v3/inputs/annotations/ncbi-datasets/PvT01.proteins.fa 
# Current dir:     /v3/work/00_inventory/busco
# Date:            Tue May 19 18:47:57 2026
# [ok]
