#                                                                            --- full sequence --- -------------- this domain -------------   hmm coord   ali coord   env coord
# target name        accession   tlen query name           accession   qlen   E-value  score  bias   #  of  c-Evalue  i-Evalue  score  bias  from    to  from    to  from    to  acc description of target
#------------------- ---------- ----- -------------------- ---------- ----- --------- ------ ----- --- --- --------- --------- ------ ----- ----- ----- ----- ----- ----- ----- ---- ---------------------
SCO68539.1           -            565 5037at5820           -            422    1e-218  724.7  34.1   1   3    0.0021       1.3    6.3   0.0     7    55    28    75    24    95 0.73 CPW-WPC family protein, putative [Plasmodium vivax]
SCO68539.1           -            565 5037at5820           -            422    1e-218  724.7  34.1   2   3   2.5e-96   1.5e-93  312.4   5.8    22   197    95   282    88   299 0.91 CPW-WPC family protein, putative [Plasmodium vivax]
SCO68539.1           -            565 5037at5820           -            422    1e-218  724.7  34.1   3   3  1.3e-126  7.9e-124  412.1  18.8   193   419   305   544   297   547 0.95 CPW-WPC family protein, putative [Plasmodium vivax]
SCO70103.1           -           1118 5037at5820           -            422   2.2e-44  150.4  60.7   1   6   2.1e-17   1.3e-14   52.3  15.4   224   405    97   280    93   290 0.84 CPW-WPC family protein [Plasmodium vivax]
SCO70103.1           -           1118 5037at5820           -            422   2.2e-44  150.4  60.7   2   6   9.5e-12   5.8e-09   33.7   3.8   236   339   308   409   285   417 0.83 CPW-WPC family protein [Plasmodium vivax]
SCO70103.1           -           1118 5037at5820           -            422   2.2e-44  150.4  60.7   3   6   5.3e-05     0.032   11.5   0.1   284   356   658   727   651   729 0.77 CPW-WPC family protein [Plasmodium vivax]
SCO70103.1           -           1118 5037at5820           -            422   2.2e-44  150.4  60.7   4   6   4.6e-14   2.8e-11   41.4   2.2   259   358   715   812   712   820 0.88 CPW-WPC family protein [Plasmodium vivax]
SCO70103.1           -           1118 5037at5820           -            422   2.2e-44  150.4  60.7   5   6     4e-10   2.4e-07   28.4   9.4   257   363   912  1013   899  1035 0.85 CPW-WPC family protein [Plasmodium vivax]
SCO70103.1           -           1118 5037at5820           -            422   2.2e-44  150.4  60.7   6   6    0.0057       3.5    4.8   0.0   186   221  1035  1074  1025  1087 0.64 CPW-WPC family protein [Plasmodium vivax]
SCO67141.1           -            585 5037at5820           -            422   6.2e-38  129.2  50.3   1   4     2e-12   1.2e-09   36.0  10.5    39   191   153   317   111   317 0.65 CPW-WPC family protein, putative [Plasmodium vivax]
SCO67141.1           -            585 5037at5820           -            422   6.2e-38  129.2  50.3   2   4   6.8e-28   4.1e-25   86.9  15.5   236   405   254   423   249   427 0.90 CPW-WPC family protein, putative [Plasmodium vivax]
SCO67141.1           -            585 5037at5820           -            422   6.2e-38  129.2  50.3   3   4   6.8e-11   4.1e-08   30.9   3.0   288   355   431   497   421   507 0.87 CPW-WPC family protein, putative [Plasmodium vivax]
SCO67141.1           -            585 5037at5820           -            422   6.2e-38  129.2  50.3   4   4   3.5e-06    0.0021   15.4   0.2   128   168   511   550   495   574 0.84 CPW-WPC family protein, putative [Plasmodium vivax]
SCO66919.1           -            557 5037at5820           -            422   1.9e-37  127.5  62.4   1   3   1.9e-07   0.00011   19.6   3.1   344   403   208   269   187   270 0.80 CPW-WPC family protein, putative [Plasmodium vivax]
SCO66919.1           -            557 5037at5820           -            422   1.9e-37  127.5  62.4   2   3   1.3e-23   7.9e-21   72.8  24.2   227   404   214   398   209   401 0.86 CPW-WPC family protein, putative [Plasmodium vivax]
SCO66919.1           -            557 5037at5820           -            422   1.9e-37  127.5  62.4   3   3   8.8e-21   5.4e-18   63.5  19.2   237   404   359   519   356   532 0.89 CPW-WPC family protein, putative [Plasmodium vivax]
SCO69313.1           -            378 5037at5820           -            422   4.7e-32  109.8  26.0   1   4     5e-08     3e-05   21.5   0.5   345   403    32    91    26    93 0.76 CPW-WPC family protein, putative [Plasmodium vivax]
SCO69313.1           -            378 5037at5820           -            422   4.7e-32  109.8  26.0   2   4   4.4e-10   2.7e-07   28.2   4.3   109   169    93   153    91   157 0.64 CPW-WPC family protein, putative [Plasmodium vivax]
SCO69313.1           -            378 5037at5820           -            422   4.7e-32  109.8  26.0   3   4     5e-11     3e-08   31.4   1.2   283   362   156   232   153   239 0.91 CPW-WPC family protein, putative [Plasmodium vivax]
SCO69313.1           -            378 5037at5820           -            422   4.7e-32  109.8  26.0   4   4   9.7e-15   5.9e-12   43.6   0.8   236   350   240   349   233   359 0.92 CPW-WPC family protein, putative [Plasmodium vivax]
SCO68611.1           -            482 5037at5820           -            422   5.6e-20   70.0  45.3   1   3   2.9e-08   1.8e-05   22.3   9.8   106   194    79   175    23   178 0.56 CPW-WPC family protein, putative [Plasmodium vivax]
SCO68611.1           -            482 5037at5820           -            422   5.6e-20   70.0  45.3   2   3   2.5e-08   1.5e-05   22.5   8.0   104   194   149   236   145   237 0.81 CPW-WPC family protein, putative [Plasmodium vivax]
SCO68611.1           -            482 5037at5820           -            422   5.6e-20   70.0  45.3   3   3   1.9e-13   1.2e-10   39.3  21.6   229   362   222   355   216   420 0.79 CPW-WPC family protein, putative [Plasmodium vivax]
SCO68097.1           -            282 5037at5820           -            422   1.5e-11   42.2  13.8   1   2   3.2e-09     2e-06   25.4  10.1    13   168    29   187    20   194 0.77 CPW-WPC family protein [Plasmodium vivax]
SCO68097.1           -            282 5037at5820           -            422   1.5e-11   42.2  13.8   2   2   5.7e-07   0.00034   18.0   0.1   289   339   197   245   191   252 0.93 CPW-WPC family protein [Plasmodium vivax]
SCO67592.1           -            250 5037at5820           -            422   1.8e-09   35.4  13.5   1   1   2.3e-11   1.4e-08   32.5  13.5    99   221    83   223    70   231 0.73 CPW-WPC family protein [Plasmodium vivax]
SCO68154.1           -            185 5037at5820           -            422   3.1e-05   21.4   5.8   1   1   9.4e-08   5.7e-05   20.6   5.4   197   277    70   154    64   184 0.71 conserved Plasmodium protein, unknown function [Plasmodium vivax]
SCO66611.1           -            144 5037at5820           -            422     0.045   11.0   1.3   1   1   9.8e-05     0.059   10.6   1.3    21   107    10    97     2   103 0.85 conserved Plasmodium protein, unknown function [Plasmodium vivax]
#
# Program:         hmmsearch
# Version:         3.4 (Aug 2023)
# Pipeline mode:   SEARCH
# Query file:      /v3/work/00_inventory/busco/busco_downloads/lineages/plasmodium_odb10/hmms/5037at5820.hmm
# Target file:     /v3/inputs/annotations/ncbi-datasets/PvT01.proteins.fa
# Option settings: hmmsearch --domtblout /v3/work/00_inventory/busco/PvT01_proteins/run_plasmodium_odb10/hmmer_output/initial_run_results/5037at5820.out --cpu 1 /v3/work/00_inventory/busco/busco_downloads/lineages/plasmodium_odb10/hmms/5037at5820.hmm /v3/inputs/annotations/ncbi-datasets/PvT01.proteins.fa 
# Current dir:     /v3/work/00_inventory/busco
# Date:            Tue May 19 18:49:25 2026
# [ok]
