#                                                                            --- full sequence --- -------------- this domain -------------   hmm coord   ali coord   env coord
# target name        accession   tlen query name           accession   qlen   E-value  score  bias   #  of  c-Evalue  i-Evalue  score  bias  from    to  from    to  from    to  acc description of target
#------------------- ---------- ----- -------------------- ---------- ----- --------- ------ ----- --- --- --------- --------- ------ ----- ----- ----- ----- ----- ----- ----- ---- ---------------------
SCO68072.1           -            681 5442at5820           -            422  4.1e-211  699.7  21.8   1   3   9.2e-65   1.4e-61  207.1   6.3     1   150     1   165     1   177 0.90 metacaspase 1, putative [Plasmodium vivax]
SCO68072.1           -            681 5442at5820           -            422  4.1e-211  699.7  21.8   2   3  5.7e-131  8.7e-128  425.2   1.3   144   360   346   564   341   569 0.96 metacaspase 1, putative [Plasmodium vivax]
SCO68072.1           -            681 5442at5820           -            422  4.1e-211  699.7  21.8   3   3   2.1e-25   3.2e-22   77.4   0.6   365   420   600   656   596   658 0.94 metacaspase 1, putative [Plasmodium vivax]
SCO69067.1           -           1926 5442at5820           -            422   2.3e-13   48.2   5.9   1   4      0.91   1.4e+03   -3.8   6.5   120   186   797   865   785   895 0.78 metacaspase 2, putative [Plasmodium vivax]
SCO69067.1           -           1926 5442at5820           -            422   2.3e-13   48.2   5.9   2   4     0.025        38    1.4   2.7   314   387  1164  1239  1159  1252 0.77 metacaspase 2, putative [Plasmodium vivax]
SCO69067.1           -           1926 5442at5820           -            422   2.3e-13   48.2   5.9   3   4   1.5e-16   2.3e-13   48.2   5.9   144   314  1419  1588  1406  1651 0.81 metacaspase 2, putative [Plasmodium vivax]
SCO69067.1           -           1926 5442at5820           -            422   2.3e-13   48.2   5.9   4   4       3.9   5.9e+03   -5.8   6.2    21    96  1786  1864  1778  1918 0.70 metacaspase 2, putative [Plasmodium vivax]
SCO69427.1           -           1917 5442at5820           -            422     3e-13   47.9   0.5   1   2   1.6e-05     0.024   11.9   0.0   169   218  1291  1340  1227  1352 0.76 metacaspase-like protein [Plasmodium vivax]
SCO69427.1           -           1917 5442at5820           -            422     3e-13   47.9   0.5   2   2   3.8e-12   5.8e-09   33.7   0.1   222   354  1421  1568  1403  1604 0.69 metacaspase-like protein [Plasmodium vivax]
SCO68073.1           -            501 5442at5820           -            422   5.3e-07   27.2   7.0   1   1   5.3e-10   8.1e-07   26.7   7.0    14   110    26   128    15   210 0.84 conserved Plasmodium protein, unknown function [Plasmodium vivax]
#
# Program:         hmmsearch
# Version:         3.4 (Aug 2023)
# Pipeline mode:   SEARCH
# Query file:      /v3/work/00_inventory/busco/busco_downloads/lineages/plasmodium_odb10/hmms/5442at5820.hmm
# Target file:     /v3/inputs/annotations/ncbi-datasets/PvT01.proteins.fa
# Option settings: hmmsearch --domtblout /v3/work/00_inventory/busco/PvT01_proteins/run_plasmodium_odb10/hmmer_output/initial_run_results/5442at5820.out --cpu 1 /v3/work/00_inventory/busco/busco_downloads/lineages/plasmodium_odb10/hmms/5442at5820.hmm /v3/inputs/annotations/ncbi-datasets/PvT01.proteins.fa 
# Current dir:     /v3/work/00_inventory/busco
# Date:            Tue May 19 18:52:05 2026
# [ok]
