#                                                                            --- full sequence --- -------------- this domain -------------   hmm coord   ali coord   env coord
# target name        accession   tlen query name           accession   qlen   E-value  score  bias   #  of  c-Evalue  i-Evalue  score  bias  from    to  from    to  from    to  acc description of target
#------------------- ---------- ----- -------------------- ---------- ----- --------- ------ ----- --- --- --------- --------- ------ ----- ----- ----- ----- ----- ----- ----- ---- ---------------------
SCO65795.1           -            781 5465at5820           -            308  2.9e-160  530.8  37.9   1   2   5.4e-90   1.1e-86  289.1  14.1     1   163     1   169     1   195 0.88 magnesium transporter, putative [Plasmodium vivax]
SCO65795.1           -            781 5465at5820           -            308  2.9e-160  530.8  37.9   2   2   2.2e-77   4.4e-74  247.7  15.8   162   308   635   780   622   780 0.94 magnesium transporter, putative [Plasmodium vivax]
SCO67673.1           -            489 5465at5820           -            308   1.3e-08   32.7  25.9   1   2   2.8e-09   5.7e-06   24.0  10.2     5   147    19   174    14   200 0.76 inner membrane complex protein, putative [Plasmodium vivax]
SCO67673.1           -            489 5465at5820           -            308   1.3e-08   32.7  25.9   2   2   2.2e-06    0.0044   14.5   7.8   181   295   246   362   222   374 0.81 inner membrane complex protein, putative [Plasmodium vivax]
SCO68777.1           -            792 5465at5820           -            308   2.8e-06   25.0  18.8   1   3      0.08   1.6e+02   -0.5   0.0     5    34     8    37     1    42 0.82 conserved Plasmodium protein, unknown function [Plasmodium vivax]
SCO68777.1           -            792 5465at5820           -            308   2.8e-06   25.0  18.8   2   3   4.2e-07   0.00084   16.9   2.0    33   141   482   590   473   603 0.85 conserved Plasmodium protein, unknown function [Plasmodium vivax]
SCO68777.1           -            792 5465at5820           -            308   2.8e-06   25.0  18.8   3   3   1.9e-06    0.0038   14.7   6.3   178   298   654   775   640   786 0.80 conserved Plasmodium protein, unknown function [Plasmodium vivax]
#
# Program:         hmmsearch
# Version:         3.4 (Aug 2023)
# Pipeline mode:   SEARCH
# Query file:      /v3/work/00_inventory/busco/busco_downloads/lineages/plasmodium_odb10/hmms/5465at5820.hmm
# Target file:     /v3/inputs/annotations/ncbi-datasets/PvT01.proteins.fa
# Option settings: hmmsearch --domtblout /v3/work/00_inventory/busco/PvT01_proteins/run_plasmodium_odb10/hmmer_output/initial_run_results/5465at5820.out --cpu 1 /v3/work/00_inventory/busco/busco_downloads/lineages/plasmodium_odb10/hmms/5465at5820.hmm /v3/inputs/annotations/ncbi-datasets/PvT01.proteins.fa 
# Current dir:     /v3/work/00_inventory/busco
# Date:            Tue May 19 18:52:23 2026
# [ok]
