#                                                                            --- full sequence --- -------------- this domain -------------   hmm coord   ali coord   env coord
# target name        accession   tlen query name           accession   qlen   E-value  score  bias   #  of  c-Evalue  i-Evalue  score  bias  from    to  from    to  from    to  acc description of target
#------------------- ---------- ----- -------------------- ---------- ----- --------- ------ ----- --- --- --------- --------- ------ ----- ----- ----- ----- ----- ----- ----- ---- ---------------------
SCO70146.1           -            508 5526at5820           -            425  2.7e-282  934.4  23.6   1   2  4.1e-267  4.6e-265  877.6  11.0     1   385     1   390     1   419 0.97 protein kinase 2, putative [Plasmodium vivax]
SCO70146.1           -            508 5526at5820           -            425  2.7e-282  934.4  23.6   2   2     8e-20     9e-18   62.9   4.7   374   425   427   483   419   483 0.88 protein kinase 2, putative [Plasmodium vivax]
SCO67021.1           -            603 5526at5820           -            425   1.7e-53  180.6   0.8   1   1   2.2e-55   2.5e-53  180.0   0.8   104   403   155   458   134   467 0.87 calcium-dependent protein kinase 3, putative [Plasmodium vivax]
SCO65579.1           -            526 5526at5820           -            425   8.3e-51  171.7   5.1   1   1   1.2e-52   1.3e-50  171.1   5.1   145   367   112   334    97   353 0.93 calcium-dependent protein kinase 1, putative [Plasmodium vivax]
SCO68549.1           -            563 5526at5820           -            425   8.7e-51  171.7  12.2   1   1   1.1e-52   1.3e-50  171.1  12.2   103   388   116   406    97   441 0.88 calcium-dependent protein kinase 5, putative [Plasmodium vivax]
SCO65367.1           -            529 5526at5820           -            425   1.2e-44  151.4   5.4   1   1   1.6e-46   1.8e-44  150.9   5.4   102   360    66   329    43   347 0.90 calcium-dependent protein kinase 4, putative [Plasmodium vivax]
SCO67330.1           -           1967 5526at5820           -            425   1.9e-39  134.3   3.9   1   1   3.6e-41   4.1e-39  133.2   3.9   102   361  1508  1770  1437  1785 0.87 calcium-dependent protein kinase 7, putative [Plasmodium vivax]
SCO69359.1           -            284 5526at5820           -            425   3.1e-39  133.6  13.0   1   1   3.2e-41   3.6e-39  133.4  13.0   104   362    19   281     8   284 0.89 calcium-dependent protein kinase, putative [Plasmodium vivax]
SCO68907.1           -            861 5526at5820           -            425   1.8e-38  131.1   7.0   1   1   2.8e-40   3.2e-38  130.3   7.0   101   362   475   736   443   755 0.88 serine/threonine protein kinase KIN, putative [Plasmodium vivax]
SCO68950.1           -            377 5526at5820           -            425   6.3e-37  126.0  17.7   1   1   7.3e-39   8.2e-37  125.6  17.7   101   412    36   368    15   373 0.82 protein kinase, putative [Plasmodium vivax]
SCO69738.1           -            368 5526at5820           -            425   1.9e-36  124.4   5.6   1   1   2.8e-38   3.1e-36  123.7   5.6   105   360   106   361    94   365 0.87 serine/threonine protein kinase, putative [Plasmodium vivax]
SCO66678.1           -            341 5526at5820           -            425   7.3e-34  115.9   0.6   1   1   8.2e-36   9.2e-34  115.6   0.6   111   360    37   288    29   330 0.83 cAMP-dependent protein kinase catalytic subunit, putative [Plasmodium vivax]
SCO67327.1           -           1594 5526at5820           -            425   2.1e-33  114.4   8.9   1   1   3.1e-35   3.5e-33  113.7   8.9   104   370  1152  1417  1139  1447 0.85 calcium-dependent protein kinase 6, putative [Plasmodium vivax]
SCO67639.1           -            288 5526at5820           -            425   5.1e-31  106.5   0.4   1   1   6.1e-33   6.8e-31  106.1   0.4   107   359    12   268     9   277 0.84 NIMA related kinase 2, putative [Plasmodium vivax]
SCO70216.1           -            755 5526at5820           -            425   1.3e-29  101.9   0.1   1   1   2.1e-31   2.4e-29  101.1   0.1   109   311   431   636   424   662 0.89 rac-beta serine/threonine protein kinase, putative [Plasmodium vivax]
SCO69240.1           -            854 5526at5820           -            425   3.8e-29  100.4   0.0   1   1   6.2e-31   6.9e-29   99.5   0.0   111   321   546   758   539   785 0.89 cGMP-dependent protein kinase, putative [Plasmodium vivax]
SCO67031.1           -           1585 5526at5820           -            425   1.1e-27   95.6   0.2   1   1   1.3e-29   1.5e-27   95.1   0.2   129   360  1343  1581  1308  1585 0.81 aurora-related kinase 2, putative [Plasmodium vivax]
SCO69037.1           -           2425 5526at5820           -            425   1.2e-23   82.3   3.1   1   1   2.5e-25   2.9e-23   81.0   3.1   104   361   117   402   105   419 0.82 serine/threonine protein kinase, putative [Plasmodium vivax]
SCO65383.1           -            310 5526at5820           -            425   4.2e-23   80.5   2.4   1   1   4.2e-25   4.7e-23   80.3   2.4   107   356     4   256     1   283 0.78 serine/threonine-protein kinase NEK4, putative [Plasmodium vivax]
SCO69819.1           -            517 5526at5820           -            425   2.6e-22   77.9   7.6   1   2   1.3e-10   1.5e-08   32.5   2.8   148   236   258   345   238   353 0.88 calcium-dependent protein kinase 3, putative [Plasmodium vivax]
SCO69819.1           -            517 5526at5820           -            425   2.6e-22   77.9   7.6   2   2   3.1e-15   3.5e-13   47.8   0.2   240   360   394   510   366   516 0.83 calcium-dependent protein kinase 3, putative [Plasmodium vivax]
SCO68054.1           -           4007 5526at5820           -            425   1.1e-21   75.8   1.4   1   1   1.7e-23   1.9e-21   75.0   1.4   135   320  1215  1403  1187  1418 0.81 aurora-related kinase 3, putative [Plasmodium vivax]
SCO68339.1           -            354 5526at5820           -            425   1.5e-21   75.4   0.0   1   1   1.7e-23   1.9e-21   75.0   0.0   113   360    38   307    12   314 0.76 serine/threonine protein kinase, putative [Plasmodium vivax]
SCO65725.1           -           2125 5526at5820           -            425   1.7e-19   68.6   1.4   1   1   2.7e-21   3.1e-19   67.7   1.4   147   362  1744  1959  1725  1981 0.82 protein kinase, putative [Plasmodium vivax]
SCO67189.1           -            335 5526at5820           -            425   4.9e-19   67.1   1.6   1   1   6.3e-21     7e-19   66.5   1.6   105   304    41   239    25   266 0.82 casein kinase 2, alpha subunit, putative [Plasmodium vivax]
SCO68053.1           -            288 5526at5820           -            425   6.2e-19   66.7   0.0   1   2     1e-19   1.2e-17   62.5   0.0   111   327     8   226     2   235 0.84 protein kinase 5 [Plasmodium vivax]
SCO68053.1           -            288 5526at5820           -            425   6.2e-19   66.7   0.0   2   2      0.21        24    2.2   0.0   339   360   263   284   251   287 0.85 protein kinase 5 [Plasmodium vivax]
SCO65042.1           -            721 5526at5820           -            425   1.9e-18   65.2   1.4   1   1   2.4e-20   2.7e-18   64.6   1.4   107   309   458   663   428   679 0.77 protein kinase, putative [Plasmodium vivax]
SCO67155.1           -           1313 5526at5820           -            425   3.4e-18   64.3   4.7   1   2   5.8e-15   6.6e-13   46.9   1.2   135   258   306   440   299   450 0.80 calcium/calmodulin-dependent protein kinase, putative [Plasmodium vivax]
SCO67155.1           -           1313 5526at5820           -            425   3.4e-18   64.3   4.7   2   2   2.3e-06   0.00026   18.6   0.1   263   320   543   606   532   647 0.78 calcium/calmodulin-dependent protein kinase, putative [Plasmodium vivax]
SCO65608.1           -           1637 5526at5820           -            425   2.1e-17   61.7   3.3   1   2   2.9e-15   3.3e-13   47.9   1.7   103   236  1124  1262  1109  1271 0.86 serine/threonine protein kinase, putative [Plasmodium vivax]
SCO65608.1           -           1637 5526at5820           -            425   2.1e-17   61.7   3.3   2   2   0.00012     0.014   12.9   0.0   259   357  1530  1630  1498  1636 0.75 serine/threonine protein kinase, putative [Plasmodium vivax]
SCO66997.1           -            488 5526at5820           -            425   3.1e-17   61.1   1.8   1   1   3.9e-19   4.4e-17   60.6   1.8   106   306   112   320    99   330 0.81 glycogen synthase kinase 3, putative [Plasmodium vivax]
SCO65999.1           -            627 5526at5820           -            425   3.4e-17   61.0   4.8   1   2   1.7e-18   1.9e-16   58.5   3.3   104   312   280   496   272   499 0.80 cdc2-related protein kinase 1, putative [Plasmodium vivax]
SCO65999.1           -            627 5526at5820           -            425   3.4e-17   61.0   4.8   2   2       0.3        34    1.7   0.0   330   364   554   590   513   616 0.68 cdc2-related protein kinase 1, putative [Plasmodium vivax]
SCO69005.1           -           1524 5526at5820           -            425   3.6e-17   60.9   9.8   1   1   7.8e-19   8.8e-17   59.6   9.8   157   408   573   828   528   842 0.77 serine/threonine protein kinase, putative [Plasmodium vivax]
SCO69291.1           -            718 5526at5820           -            425     5e-17   60.5   0.4   1   1   6.6e-19   7.4e-17   59.9   0.4   107   314    20   236    15   255 0.79 mitogen-activated protein kinase 1, putative [Plasmodium vivax]
SCO69747.1           -            341 5526at5820           -            425   7.6e-17   59.8   0.4   1   1   9.2e-19     1e-16   59.4   0.4   107   309    30   245    17   257 0.79 protein kinase, putative [Plasmodium vivax]
SCO70039.1           -            994 5526at5820           -            425   1.1e-16   59.4   0.7   1   1   1.7e-18   1.9e-16   58.5   0.7   105   358    13   296    10   301 0.77 NIMA related kinase 1, putative [Plasmodium vivax]
SCO67318.1           -            561 5526at5820           -            425   1.9e-16   58.5   8.9   1   2   2.7e-15     3e-13   48.0   2.0   110   256    38   189    31   216 0.74 3-phosphoinositide dependent protein kinase-1, putative [Plasmodium vivax]
SCO67318.1           -            561 5526at5820           -            425   1.9e-16   58.5   8.9   2   2   3.5e-05    0.0039   14.7   0.7   262   380   346   464   301   542 0.78 3-phosphoinositide dependent protein kinase-1, putative [Plasmodium vivax]
SCO65947.1           -           1626 5526at5820           -            425   1.4e-15   55.7   5.8   1   3    0.0064      0.72    7.2   1.3   109   168   636   698   597   703 0.81 CDK-related kinase 3, putative [Plasmodium vivax]
SCO65947.1           -           1626 5526at5820           -            425   1.4e-15   55.7   5.8   2   3   1.1e-13   1.2e-11   42.7   0.0   203   312   891  1001   874  1014 0.85 CDK-related kinase 3, putative [Plasmodium vivax]
SCO65947.1           -           1626 5526at5820           -            425   1.4e-15   55.7   5.8   3   3     0.013       1.4    6.2   0.0   331   381  1060  1110  1023  1127 0.69 CDK-related kinase 3, putative [Plasmodium vivax]
SCO65637.1           -           1029 5526at5820           -            425   3.2e-14   51.2   1.0   1   1   5.4e-16   6.1e-14   50.3   1.0   104   303   756   965   709   969 0.70 tyrosine kinase-like protein, putative [Plasmodium vivax]
SCO68440.1           -           1703 5526at5820           -            425   3.5e-14   51.1   0.2   1   1   5.4e-16   6.1e-14   50.3   0.2   162   313  1478  1639  1462  1647 0.82 tyrosine kinase-like protein, putative [Plasmodium vivax]
SCO67007.1           -           2985 5526at5820           -            425   1.1e-13   49.4   0.1   1   1   1.5e-15   1.7e-13   48.8   0.1   160   372   229   455   198   462 0.79 protein kinase, putative [Plasmodium vivax]
SCO68555.1           -            305 5526at5820           -            425   3.2e-13   47.9   2.2   1   2   8.6e-15   9.7e-13   46.3   1.9   113   307    15   221     7   229 0.76 CDK-related protein kinase 6, putative [Plasmodium vivax]
SCO68555.1           -            305 5526at5820           -            425   3.2e-13   47.9   2.2   2   2       2.4   2.7e+02   -1.3   0.0   322   360   255   293   244   298 0.81 CDK-related protein kinase 6, putative [Plasmodium vivax]
SCO67246.1           -            708 5526at5820           -            425   1.8e-12   45.5   3.5   1   1   2.8e-14   3.2e-12   44.6   3.5   108   323   375   596   350   603 0.83 serine/threonine-protein kinase PRP4K, putative [Plasmodium vivax]
SCO67464.1           -            323 5526at5820           -            425   2.1e-12   45.2   0.5   1   1   2.8e-14   3.1e-12   44.7   0.5   104   322     6   236     3   264 0.79 casein kinase 1, putative [Plasmodium vivax]
SCO64902.1           -           1251 5526at5820           -            425   3.9e-12   44.3   5.8   1   3   3.4e-14   3.9e-12   44.3   5.8   114   254   740   882   711   887 0.82 serine/threonine protein kinase, putative [Plasmodium vivax]
SCO64902.1           -           1251 5526at5820           -            425   3.9e-12   44.3   5.8   2   3     0.011       1.2    6.5   2.4   262   322  1095  1160  1081  1187 0.74 serine/threonine protein kinase, putative [Plasmodium vivax]
SCO64902.1           -           1251 5526at5820           -            425   3.9e-12   44.3   5.8   3   3       2.2   2.5e+02   -1.2   0.3   290   351  1179  1240  1165  1248 0.73 serine/threonine protein kinase, putative [Plasmodium vivax]
SCO67239.1           -            575 5526at5820           -            425   6.6e-12   43.6   1.9   1   2   2.1e-12   2.4e-10   38.4   2.3   106   256   171   325   155   330 0.84 mitogen-activated protein kinase 2, putative [Plasmodium vivax]
SCO67239.1           -            575 5526at5820           -            425   6.6e-12   43.6   1.9   2   2       0.3        34    1.7   0.0   267   297   363   394   354   411 0.81 mitogen-activated protein kinase 2, putative [Plasmodium vivax]
SCO69020.1           -           1309 5526at5820           -            425   2.7e-11   41.5   4.8   1   3       3.1   3.5e+02   -1.7   0.0   102   132   767   797   750   806 0.84 serine/threonine protein kinase, putative [Plasmodium vivax]
SCO69020.1           -           1309 5526at5820           -            425   2.7e-11   41.5   4.8   2   3     3e-05    0.0033   14.9   0.4   159   249   917  1007   912  1023 0.84 serine/threonine protein kinase, putative [Plasmodium vivax]
SCO69020.1           -           1309 5526at5820           -            425   2.7e-11   41.5   4.8   3   3   6.3e-09   7.1e-07   27.0   0.0   242   307  1084  1148  1076  1156 0.89 serine/threonine protein kinase, putative [Plasmodium vivax]
SCO68237.1           -            785 5526at5820           -            425   6.2e-11   40.4   7.8   1   4      0.37        42    1.4   0.5   102   133    12    46     5    90 0.80 cdc2-related protein kinase 5, putative [Plasmodium vivax]
SCO68237.1           -            785 5526at5820           -            425   6.2e-11   40.4   7.8   2   4   1.5e-07   1.7e-05   22.5   0.0   172   255   155   245   119   270 0.76 cdc2-related protein kinase 5, putative [Plasmodium vivax]
SCO68237.1           -            785 5526at5820           -            425   6.2e-11   40.4   7.8   3   4     0.017       1.9    5.8   0.1   278   305   458   485   451   496 0.89 cdc2-related protein kinase 5, putative [Plasmodium vivax]
SCO68237.1           -            785 5526at5820           -            425   6.2e-11   40.4   7.8   4   4   0.00021     0.024   12.1   0.1   335   382   547   596   522   627 0.73 cdc2-related protein kinase 5, putative [Plasmodium vivax]
SCO66862.1           -            325 5526at5820           -            425   1.6e-10   39.0   8.8   1   2   2.7e-12     3e-10   38.1   7.0   113   307    16   231     6   240 0.79 MO15-related protein kinase, putative [Plasmodium vivax]
SCO66862.1           -            325 5526at5820           -            425   1.6e-10   39.0   8.8   2   2       1.7   1.9e+02   -0.8   0.0   336   361   284   309   263   315 0.73 MO15-related protein kinase, putative [Plasmodium vivax]
SCO69117.1           -            368 5526at5820           -            425     2e-10   38.7   4.2   1   1   2.3e-12   2.6e-10   38.3   4.2   147   352   139   344    94   351 0.77 NIMA related kinase 3, putative [Plasmodium vivax]
SCO68408.1           -            423 5526at5820           -            425   2.1e-08   32.0  10.5   1   1   1.2e-07   1.3e-05   22.8  10.5   142   328    61   232    34   304 0.73 protein kinase, putative [Plasmodium vivax]
SCO65125.1           -           3308 5526at5820           -            425     9e-07   26.6   0.9   1   3        10   1.1e+03   -3.3   0.0    91   131  1635  1675  1631  1678 0.90 serine/threonine protein kinase, putative [Plasmodium vivax]
SCO65125.1           -           3308 5526at5820           -            425     9e-07   26.6   0.9   2   3   4.8e-06   0.00054   17.5   0.1   177   253  3080  3152  3069  3161 0.83 serine/threonine protein kinase, putative [Plasmodium vivax]
SCO65125.1           -           3308 5526at5820           -            425     9e-07   26.6   0.9   3   3    0.0081      0.92    6.9   0.0   260   296  3204  3240  3195  3250 0.87 serine/threonine protein kinase, putative [Plasmodium vivax]
SCO66582.1           -           1169 5526at5820           -            425     2e-05   22.2   0.0   1   2      0.47        53    1.1   0.0   208   253   903   946   889   958 0.82 protein kinase, putative [Plasmodium vivax]
SCO66582.1           -           1169 5526at5820           -            425     2e-05   22.2   0.0   2   2   2.6e-06    0.0003   18.4   0.0   260   307  1046  1092  1029  1108 0.88 protein kinase, putative [Plasmodium vivax]
SCO68538.1           -            897 5526at5820           -            425   2.1e-05   22.1   0.1   1   2   6.4e-07   7.2e-05   20.4   0.0   201   274   530   606   502   671 0.73 serine/threonine protein kinase, putative [Plasmodium vivax]
SCO68538.1           -            897 5526at5820           -            425   2.1e-05   22.1   0.1   2   2       4.8   5.4e+02   -2.3   0.0   346   360   880   894   866   896 0.82 serine/threonine protein kinase, putative [Plasmodium vivax]
SCO66583.1           -           3251 5526at5820           -            425    0.0048   14.4   0.0   1   1   7.3e-05    0.0082   13.6   0.0   113   274  2960  3134  2952  3178 0.71 protein kinase, putative [Plasmodium vivax]
SCO66906.1           -            327 5526at5820           -            425    0.0068   13.9   0.6   1   1   0.00019     0.022   12.2   0.5   159   379    77   298    68   326 0.66 protein kinase, putative [Plasmodium vivax]
SCO67173.1           -           1333 5526at5820           -            425     0.017   12.6   0.1   1   2    0.0022      0.25    8.7   0.1   142   203   811   873   785   878 0.73 protein kinase, putative [Plasmodium vivax]
SCO67173.1           -           1333 5526at5820           -            425     0.017   12.6   0.1   2   2      0.39        44    1.3   0.0   252   303  1208  1259  1148  1267 0.71 protein kinase, putative [Plasmodium vivax]
#
# Program:         hmmsearch
# Version:         3.4 (Aug 2023)
# Pipeline mode:   SEARCH
# Query file:      /v3/work/00_inventory/busco/busco_downloads/lineages/plasmodium_odb10/hmms/5526at5820.hmm
# Target file:     /v3/inputs/annotations/ncbi-datasets/PvT01.proteins.fa
# Option settings: hmmsearch --domtblout /v3/work/00_inventory/busco/PvT01_proteins/run_plasmodium_odb10/hmmer_output/initial_run_results/5526at5820.out --cpu 1 /v3/work/00_inventory/busco/busco_downloads/lineages/plasmodium_odb10/hmms/5526at5820.hmm /v3/inputs/annotations/ncbi-datasets/PvT01.proteins.fa 
# Current dir:     /v3/work/00_inventory/busco
# Date:            Tue May 19 18:53:35 2026
# [ok]
