#                                                                            --- full sequence --- -------------- this domain -------------   hmm coord   ali coord   env coord
# target name        accession   tlen query name           accession   qlen   E-value  score  bias   #  of  c-Evalue  i-Evalue  score  bias  from    to  from    to  from    to  acc description of target
#------------------- ---------- ----- -------------------- ---------- ----- --------- ------ ----- --- --- --------- --------- ------ ----- ----- ----- ----- ----- ----- ----- ---- ---------------------
SCO65861.1           -            519 5855at5820           -            435  5.2e-257  850.8  51.6   1   3   0.00035      0.71    6.8   0.0     1    19     9    27     9    43 0.78 conserved Plasmodium protein, unknown function [Plasmodium vivax]
SCO65861.1           -            519 5855at5820           -            435  5.2e-257  850.8  51.6   2   3  1.7e-218  3.5e-215  713.0  37.0    14   362    44   404    32   413 0.96 conserved Plasmodium protein, unknown function [Plasmodium vivax]
SCO65861.1           -            519 5855at5820           -            435  5.2e-257  850.8  51.6   3   3   3.6e-44   7.3e-41  138.6   4.0   357   435   437   518   423   518 0.94 conserved Plasmodium protein, unknown function [Plasmodium vivax]
SCO66893.1           -           1398 5855at5820           -            435   8.6e-14   49.4  24.2   1   4         3   6.1e+03   -8.1   6.1    14    49    30    66    19    75 0.67 conserved Plasmodium protein, unknown function [Plasmodium vivax]
SCO66893.1           -           1398 5855at5820           -            435   8.6e-14   49.4  24.2   2   4   2.4e-10   4.9e-07   27.1   8.1    32   128   329   424   297   454 0.78 conserved Plasmodium protein, unknown function [Plasmodium vivax]
SCO66893.1           -           1398 5855at5820           -            435   8.6e-14   49.4  24.2   3   4   1.4e-13   2.8e-10   37.8   8.1   131   246   503   618   494   640 0.82 conserved Plasmodium protein, unknown function [Plasmodium vivax]
SCO66893.1           -           1398 5855at5820           -            435   8.6e-14   49.4  24.2   4   4     0.077   1.6e+02   -0.9   4.1   288   373  1171  1256  1162  1316 0.78 conserved Plasmodium protein, unknown function [Plasmodium vivax]
SCO67078.1           -            529 5855at5820           -            435   3.5e-11   40.8   1.7   1   1   1.7e-14   3.5e-11   40.8   1.7    31   248     9   224     2   281 0.84 EH domain-containing protein, putative [Plasmodium vivax]
#
# Program:         hmmsearch
# Version:         3.4 (Aug 2023)
# Pipeline mode:   SEARCH
# Query file:      /v3/work/00_inventory/busco/busco_downloads/lineages/plasmodium_odb10/hmms/5855at5820.hmm
# Target file:     /v3/inputs/annotations/ncbi-datasets/PvT01.proteins.fa
# Option settings: hmmsearch --domtblout /v3/work/00_inventory/busco/PvT01_proteins/run_plasmodium_odb10/hmmer_output/initial_run_results/5855at5820.out --cpu 1 /v3/work/00_inventory/busco/busco_downloads/lineages/plasmodium_odb10/hmms/5855at5820.hmm /v3/inputs/annotations/ncbi-datasets/PvT01.proteins.fa 
# Current dir:     /v3/work/00_inventory/busco
# Date:            Tue May 19 18:57:23 2026
# [ok]
