#                                                                            --- full sequence --- -------------- this domain -------------   hmm coord   ali coord   env coord
# target name        accession   tlen query name           accession   qlen   E-value  score  bias   #  of  c-Evalue  i-Evalue  score  bias  from    to  from    to  from    to  acc description of target
#------------------- ---------- ----- -------------------- ---------- ----- --------- ------ ----- --- --- --------- --------- ------ ----- ----- ----- ----- ----- ----- ----- ---- ---------------------
SCO69904.1           -            570 5965at5820           -            428  5.4e-222  735.8  14.8   1   2   4.4e-52   8.9e-49  165.1   1.6     1   110     1   114     1   120 0.95 geranylgeranyl transferase type2 beta subunit, putative [Plasmodium vivax]
SCO69904.1           -            570 5965at5820           -            428  5.4e-222  735.8  14.8   2   2  7.5e-177  1.5e-173  576.2   5.8   111   428   237   566   228   566 0.95 geranylgeranyl transferase type2 beta subunit, putative [Plasmodium vivax]
SCO68367.1           -            353 5965at5820           -            428   2.3e-32  111.0   8.6   1   3     3e-09     6e-06   24.0   0.2   223   267    54    98    27   107 0.84 geranylgeranyltransferase, putative [Plasmodium vivax]
SCO68367.1           -            353 5965at5820           -            428   2.3e-32  111.0   8.6   2   3   9.3e-28   1.9e-24   84.9   2.2   196   347   151   290   126   294 0.89 geranylgeranyltransferase, putative [Plasmodium vivax]
SCO68367.1           -            353 5965at5820           -            428   2.3e-32  111.0   8.6   3   3    0.0025       5.1    4.5   0.0   373   389   298   314   295   339 0.88 geranylgeranyltransferase, putative [Plasmodium vivax]
SCO67571.1           -            985 5965at5820           -            428     2e-12   45.3   7.4   1   3     0.011        22    2.4   0.6   226   274   557   606   483   624 0.75 farnesyltransferase beta subunit, putative [Plasmodium vivax]
SCO67571.1           -            985 5965at5820           -            428     2e-12   45.3   7.4   2   3     1e-15     2e-12   45.3   7.4   169   313   601   741   596   785 0.81 farnesyltransferase beta subunit, putative [Plasmodium vivax]
SCO67571.1           -            985 5965at5820           -            428     2e-12   45.3   7.4   3   3    0.0063        13    3.1   1.0   369   392   896   919   862   952 0.60 farnesyltransferase beta subunit, putative [Plasmodium vivax]
#
# Program:         hmmsearch
# Version:         3.4 (Aug 2023)
# Pipeline mode:   SEARCH
# Query file:      /v3/work/00_inventory/busco/busco_downloads/lineages/plasmodium_odb10/hmms/5965at5820.hmm
# Target file:     /v3/inputs/annotations/ncbi-datasets/PvT01.proteins.fa
# Option settings: hmmsearch --domtblout /v3/work/00_inventory/busco/PvT01_proteins/run_plasmodium_odb10/hmmer_output/initial_run_results/5965at5820.out --cpu 1 /v3/work/00_inventory/busco/busco_downloads/lineages/plasmodium_odb10/hmms/5965at5820.hmm /v3/inputs/annotations/ncbi-datasets/PvT01.proteins.fa 
# Current dir:     /v3/work/00_inventory/busco
# Date:            Tue May 19 18:58:00 2026
# [ok]
