#                                                                            --- full sequence --- -------------- this domain -------------   hmm coord   ali coord   env coord
# target name        accession   tlen query name           accession   qlen   E-value  score  bias   #  of  c-Evalue  i-Evalue  score  bias  from    to  from    to  from    to  acc description of target
#------------------- ---------- ----- -------------------- ---------- ----- --------- ------ ----- --- --- --------- --------- ------ ----- ----- ----- ----- ----- ----- ----- ---- ---------------------
SCO69484.1           -            465 6012at5820           -            105     1e-71  236.2   0.6   1   1   2.2e-74   1.9e-71  235.3   0.6     1   105     1   105     1   105 1.00 eukaryotic translation initiation factor 2 gamma subunit, putative [Plasmodium vivax]
SCA83526.1           -            404 6012at5820           -            105   5.8e-06   24.8   1.2   1   1   3.2e-08   2.8e-05   22.7   1.2    32    58     5    31     2    85 0.87 elongation factor Tu, putative, partial [Plasmodium vivax]
SCO68618.1           -            456 6012at5820           -            105   5.6e-05   21.7   0.1   1   1   1.6e-07   0.00013   20.4   0.1    33    60    70    97    62   114 0.85 elongation factor Tu, mitochondrial precursor, putative [Plasmodium vivax]
SCO65100.1           -            784 6012at5820           -            105    0.0025   16.4   0.0   1   1   5.3e-06    0.0046   15.5   0.0    35    79     3    51     1    62 0.80 selenocysteine-specific elongation factor selB homologue, putative [Plasmodium vivax]
SCO69822.1           -            771 6012at5820           -            105     0.031   12.9   0.1   1   1   0.00012       0.1   11.2   0.1    29    56   103   130    93   166 0.70 GTP-binding translation elongation factor tu family protein, putative [Plasmodium vivax]
SCO68939.1           -            832 6012at5820           -            105     0.039   12.5   0.1   1   1   0.00014      0.12   11.0   0.1    34    66    18    51     6    76 0.65 elongation factor 2, putative [Plasmodium vivax]
SCO68051.1           -            443 6012at5820           -            105     0.066   11.8   1.1   1   2   0.00045      0.39    9.3   0.5    33    55     5    28     2    57 0.71 elongation factor 1-alpha, putative [Plasmodium vivax]
SCO68051.1           -            443 6012at5820           -            105     0.066   11.8   1.1   2   2      0.81     7e+02   -1.2   0.0    62    75    62    75    59    80 0.85 elongation factor 1-alpha, putative [Plasmodium vivax]
#
# Program:         hmmsearch
# Version:         3.4 (Aug 2023)
# Pipeline mode:   SEARCH
# Query file:      /v3/work/00_inventory/busco/busco_downloads/lineages/plasmodium_odb10/hmms/6012at5820.hmm
# Target file:     /v3/inputs/annotations/ncbi-datasets/PvT01.proteins.fa
# Option settings: hmmsearch --domtblout /v3/work/00_inventory/busco/PvT01_proteins/run_plasmodium_odb10/hmmer_output/initial_run_results/6012at5820.out --cpu 1 /v3/work/00_inventory/busco/busco_downloads/lineages/plasmodium_odb10/hmms/6012at5820.hmm /v3/inputs/annotations/ncbi-datasets/PvT01.proteins.fa 
# Current dir:     /v3/work/00_inventory/busco
# Date:            Tue May 19 18:58:30 2026
# [ok]
