#                                                                            --- full sequence --- -------------- this domain -------------   hmm coord   ali coord   env coord
# target name        accession   tlen query name           accession   qlen   E-value  score  bias   #  of  c-Evalue  i-Evalue  score  bias  from    to  from    to  from    to  acc description of target
#------------------- ---------- ----- -------------------- ---------- ----- --------- ------ ----- --- --- --------- --------- ------ ----- ----- ----- ----- ----- ----- ----- ---- ---------------------
SCO68722.1           -            543 6066at5820           -            462  1.2e-233  774.3  54.0   1   2   4.8e-76   3.6e-73  245.2  19.0     1   189    26   243    26   249 0.89 protein disulfide-isomerase, putative [Plasmodium vivax]
SCO68722.1           -            543 6066at5820           -            462  1.2e-233  774.3  54.0   2   2  5.5e-164  4.2e-161  535.2  27.3   176   462   251   543   240   543 0.96 protein disulfide-isomerase, putative [Plasmodium vivax]
SCO65793.1           -            482 6066at5820           -            462   3.6e-38  129.9   5.2   1   3   8.5e-17   6.5e-14   49.9   0.1   316   437    22   137    16   157 0.81 protein disulfide isomerase, putative [Plasmodium vivax]
SCO65793.1           -            482 6066at5820           -            462   3.6e-38  129.9   5.2   2   3   3.6e-08   2.8e-05   21.5   1.1    44   195    78   228    73   264 0.75 protein disulfide isomerase, putative [Plasmodium vivax]
SCO65793.1           -            482 6066at5820           -            462   3.6e-38  129.9   5.2   3   3   2.8e-24   2.2e-21   74.6   0.0   289   432   318   454   309   478 0.83 protein disulfide isomerase, putative [Plasmodium vivax]
SCO67439.1           -            424 6066at5820           -            462   1.6e-14   51.9  11.0   1   2   4.6e-06    0.0035   14.5   3.8   341   452    46   149    31   158 0.63 protein disulfide isomerase, putative [Plasmodium vivax]
SCO67439.1           -            424 6066at5820           -            462   1.6e-14   51.9  11.0   2   2   4.1e-14   3.1e-11   41.1   1.4   315   460   155   296   149   298 0.75 protein disulfide isomerase, putative [Plasmodium vivax]
SCO66515.1           -            518 6066at5820           -            462   1.9e-10   38.5   0.3   1   2      0.92     7e+02   -2.9   0.1    90    95   142   147    83   192 0.48 protein disulfide isomerase, putative [Plasmodium vivax]
SCO66515.1           -            518 6066at5820           -            462   1.9e-10   38.5   0.3   2   2   2.5e-13   1.9e-10   38.5   0.3   279   416   354   487   346   517 0.87 protein disulfide isomerase, putative [Plasmodium vivax]
SCO68877.1           -            104 6066at5820           -            462   1.4e-06   25.7   0.0   1   1     2e-09   1.5e-06   25.6   0.0   327   377     2    49     1   100 0.77 thioredoxin 1, putative [Plasmodium vivax]
SCO67192.1           -            549 6066at5820           -            462   3.9e-06   24.2  18.3   1   3   2.8e-06    0.0022   15.2   3.3   316   378   174   235   167   243 0.82 DnaJ domain containing protein [Plasmodium vivax]
SCO67192.1           -            549 6066at5820           -            462   3.9e-06   24.2  18.3   2   3   1.2e-06   0.00091   16.4   6.6    44   151   228   338   223   360 0.84 DnaJ domain containing protein [Plasmodium vivax]
SCO67192.1           -            549 6066at5820           -            462   3.9e-06   24.2  18.3   3   3      0.88   6.7e+02   -2.9   0.0    29    63   362   396   358   449 0.58 DnaJ domain containing protein [Plasmodium vivax]
SCO68409.1           -            209 6066at5820           -            462    0.0001   19.6   1.1   1   2   1.7e-07   0.00013   19.3   0.1   348   417    50   111    43   140 0.75 thioredoxin-related protein, putative [Plasmodium vivax]
SCO68409.1           -            209 6066at5820           -            462    0.0001   19.6   1.1   2   2      0.89   6.8e+02   -2.9   0.1    59    76   158   175   144   176 0.73 thioredoxin-related protein, putative [Plasmodium vivax]
SCO66577.1           -            133 6066at5820           -            462    0.0037   14.5   0.0   1   1   4.9e-06    0.0037   14.4   0.0   335   371    31    69    23   119 0.84 thioredoxin-like protein 2, putative [Plasmodium vivax]
#
# Program:         hmmsearch
# Version:         3.4 (Aug 2023)
# Pipeline mode:   SEARCH
# Query file:      /v3/work/00_inventory/busco/busco_downloads/lineages/plasmodium_odb10/hmms/6066at5820.hmm
# Target file:     /v3/inputs/annotations/ncbi-datasets/PvT01.proteins.fa
# Option settings: hmmsearch --domtblout /v3/work/00_inventory/busco/PvT01_proteins/run_plasmodium_odb10/hmmer_output/initial_run_results/6066at5820.out --cpu 1 /v3/work/00_inventory/busco/busco_downloads/lineages/plasmodium_odb10/hmms/6066at5820.hmm /v3/inputs/annotations/ncbi-datasets/PvT01.proteins.fa 
# Current dir:     /v3/work/00_inventory/busco
# Date:            Tue May 19 18:59:04 2026
# [ok]
