#                                                                            --- full sequence --- -------------- this domain -------------   hmm coord   ali coord   env coord
# target name        accession   tlen query name           accession   qlen   E-value  score  bias   #  of  c-Evalue  i-Evalue  score  bias  from    to  from    to  from    to  acc description of target
#------------------- ---------- ----- -------------------- ---------- ----- --------- ------ ----- --- --- --------- --------- ------ ----- ----- ----- ----- ----- ----- ----- ---- ---------------------
SCO66629.1           -            635 6365at5820           -            498  2.9e-230  763.4  66.3   1   3   2.5e-82   1.4e-79  266.4  25.8     1   183    23   226    23   232 0.93 leucine-rich repeat protein [Plasmodium vivax]
SCO66629.1           -            635 6365at5820           -            498  2.9e-230  763.4  66.3   2   3   1.5e-60     8e-58  194.6   1.4   179   324   264   418   258   427 0.94 leucine-rich repeat protein [Plasmodium vivax]
SCO66629.1           -            635 6365at5820           -            498  2.9e-230  763.4  66.3   3   3   8.6e-97   4.7e-94  314.1  23.8   322   498   457   633   453   633 0.99 leucine-rich repeat protein [Plasmodium vivax]
SCO66266.1           -            317 6365at5820           -            498   2.5e-32  110.5  65.4   1   4   8.6e-11   4.7e-08   30.4  12.8    76   151     7    80     2    81 0.88 protein phosphatases PP1 regulatory subunit sds22, putative [Plasmodium vivax]
SCO66266.1           -            317 6365at5820           -            498   2.5e-32  110.5  65.4   2   4   1.7e-19   9.2e-17   59.1  18.8    65   151    60   146    59   147 0.97 protein phosphatases PP1 regulatory subunit sds22, putative [Plasmodium vivax]
SCO66266.1           -            317 6365at5820           -            498   2.5e-32  110.5  65.4   3   4   5.8e-08   3.2e-05   21.1   4.9    57   123   140   207   139   208 0.91 protein phosphatases PP1 regulatory subunit sds22, putative [Plasmodium vivax]
SCO66266.1           -            317 6365at5820           -            498   2.5e-32  110.5  65.4   4   4   4.3e-12   2.4e-09   34.7  16.6    64   146   192   278   184   307 0.78 protein phosphatases PP1 regulatory subunit sds22, putative [Plasmodium vivax]
SCO69282.1           -           1487 6365at5820           -            498     8e-28   95.6  87.6   1   8   2.6e-10   1.4e-07   28.8  10.1    55   146    40   132    19   137 0.88 leucine-rich repeat protein [Plasmodium vivax]
SCO69282.1           -           1487 6365at5820           -            498     8e-28   95.6  87.6   2   8   1.1e-08   6.2e-06   23.4   4.7    84   163   114   193   111   222 0.90 leucine-rich repeat protein [Plasmodium vivax]
SCO69282.1           -           1487 6365at5820           -            498     8e-28   95.6  87.6   3   8    0.0048       2.7    4.8   0.1    83   165   795   884   773   898 0.53 leucine-rich repeat protein [Plasmodium vivax]
SCO69282.1           -           1487 6365at5820           -            498     8e-28   95.6  87.6   4   8   7.6e-06    0.0042   14.1   7.2    85   152   973  1041   967  1042 0.91 leucine-rich repeat protein [Plasmodium vivax]
SCO69282.1           -           1487 6365at5820           -            498     8e-28   95.6  87.6   5   8   2.1e-08   1.2e-05   22.5  13.3    66   161  1021  1119  1020  1144 0.81 leucine-rich repeat protein [Plasmodium vivax]
SCO69282.1           -           1487 6365at5820           -            498     8e-28   95.6  87.6   6   8    0.0002      0.11    9.4   2.9    52    97  1166  1211  1152  1217 0.69 leucine-rich repeat protein [Plasmodium vivax]
SCO69282.1           -           1487 6365at5820           -            498     8e-28   95.6  87.6   7   8   2.4e-08   1.3e-05   22.3   2.2    60   123  1227  1293  1224  1297 0.84 leucine-rich repeat protein [Plasmodium vivax]
SCO69282.1           -           1487 6365at5820           -            498     8e-28   95.6  87.6   8   8     3e-07   0.00016   18.7   3.3    88   147  1302  1365  1300  1378 0.79 leucine-rich repeat protein [Plasmodium vivax]
SCO68455.1           -            310 6365at5820           -            498   2.4e-19   67.6  39.3   1   2   6.9e-12   3.8e-09   34.0   8.9    68   137    29    98    14   100 0.93 leucine-rich repeat protein [Plasmodium vivax]
SCO68455.1           -            310 6365at5820           -            498   2.4e-19   67.6  39.3   2   2   7.7e-16   4.2e-13   47.1  22.4    65   175    70   184    70   195 0.89 leucine-rich repeat protein [Plasmodium vivax]
SCO65846.1           -            198 6365at5820           -            498   2.2e-15   54.6   8.6   1   1   6.1e-18   3.4e-15   54.0   8.6    59   169    47   158    36   189 0.91 dynein light chain 1, putative [Plasmodium vivax]
SCO68929.1           -            361 6365at5820           -            498   1.5e-13   48.5  82.6   1   3   5.4e-10     3e-07   27.7  25.6    56   157    28   128    19   135 0.91 leucine-rich repeat protein [Plasmodium vivax]
SCO68929.1           -            361 6365at5820           -            498   1.5e-13   48.5  82.6   2   3   6.7e-11   3.7e-08   30.8  20.3    61   145    76   160    72   167 0.94 leucine-rich repeat protein [Plasmodium vivax]
SCO68929.1           -            361 6365at5820           -            498   1.5e-13   48.5  82.6   3   3     8e-07   0.00044   17.3  20.7    52   182   133   264   128   291 0.67 leucine-rich repeat protein [Plasmodium vivax]
SCO70037.1           -            438 6365at5820           -            498   2.2e-12   44.7  16.5   1   1   5.9e-15   3.2e-12   44.1  16.5    59   179    15   138     8   203 0.88 leucine-rich repeat protein [Plasmodium vivax]
SCO67561.1           -            340 6365at5820           -            498   2.2e-11   41.4  37.1   1   2   7.9e-11   4.4e-08   30.5  15.8    44   145   105   208    93   210 0.88 leucine-rich repeat protein [Plasmodium vivax]
SCO67561.1           -            340 6365at5820           -            498   2.2e-11   41.4  37.1   2   2     2e-06    0.0011   16.0  19.1    63   165   192   293   190   319 0.88 leucine-rich repeat protein [Plasmodium vivax]
SCO67926.1           -            176 6365at5820           -            498   6.5e-09   33.2  18.2   1   1   1.4e-11   7.5e-09   33.0  18.2    42   162    18   146     2   164 0.78 U2 small nuclear ribonucleoprotein A', putative [Plasmodium vivax]
SCO69326.1           -            281 6365at5820           -            498   1.9e-06   25.1   8.5   1   1   4.8e-09   2.6e-06   24.6   8.5    59   169    25   144    22   199 0.87 conserved Plasmodium protein, unknown function [Plasmodium vivax]
SCA83372.1           -             93 6365at5820           -            498     0.067   10.1   3.6   1   1   0.00013      0.07   10.0   3.6    75   118    23    65    11    87 0.84 hypothetical protein PVT01_000015900 [Plasmodium vivax]
#
# Program:         hmmsearch
# Version:         3.4 (Aug 2023)
# Pipeline mode:   SEARCH
# Query file:      /v3/work/00_inventory/busco/busco_downloads/lineages/plasmodium_odb10/hmms/6365at5820.hmm
# Target file:     /v3/inputs/annotations/ncbi-datasets/PvT01.proteins.fa
# Option settings: hmmsearch --domtblout /v3/work/00_inventory/busco/PvT01_proteins/run_plasmodium_odb10/hmmer_output/initial_run_results/6365at5820.out --cpu 1 /v3/work/00_inventory/busco/busco_downloads/lineages/plasmodium_odb10/hmms/6365at5820.hmm /v3/inputs/annotations/ncbi-datasets/PvT01.proteins.fa 
# Current dir:     /v3/work/00_inventory/busco
# Date:            Tue May 19 19:03:26 2026
# [ok]
