#                                                                            --- full sequence --- -------------- this domain -------------   hmm coord   ali coord   env coord
# target name        accession   tlen query name           accession   qlen   E-value  score  bias   #  of  c-Evalue  i-Evalue  score  bias  from    to  from    to  from    to  acc description of target
#------------------- ---------- ----- -------------------- ---------- ----- --------- ------ ----- --- --- --------- --------- ------ ----- ----- ----- ----- ----- ----- ----- ---- ---------------------
SCO67000.1           -            746 6388at5820           -            540  2.8e-276  915.7  25.2   1   5   1.6e-21   9.6e-19   65.8   0.0     5    53    10    58     6    62 0.94 E3 ubiquitin-protein ligase, putative [Plasmodium vivax]
SCO67000.1           -            746 6388at5820           -            540  2.8e-276  915.7  25.2   2   5   5.5e-07   0.00033   17.8   0.0    58    84    89   115    82   122 0.87 E3 ubiquitin-protein ligase, putative [Plasmodium vivax]
SCO67000.1           -            746 6388at5820           -            540  2.8e-276  915.7  25.2   3   5   1.3e-11   8.2e-09   33.0   0.0    84   112   180   208   176   235 0.91 E3 ubiquitin-protein ligase, putative [Plasmodium vivax]
SCO67000.1           -            746 6388at5820           -            540  2.8e-276  915.7  25.2   4   5   7.7e-40   4.7e-37  126.2   0.2   110   204   245   343   244   351 0.93 E3 ubiquitin-protein ligase, putative [Plasmodium vivax]
SCO67000.1           -            746 6388at5820           -            540  2.8e-276  915.7  25.2   5   5    3e-204  1.9e-201  668.8  22.1   204   540   409   746   405   746 1.00 E3 ubiquitin-protein ligase, putative [Plasmodium vivax]
SCO68321.1           -            403 6388at5820           -            540    0.0001   19.4   3.7   1   3       5.8   3.5e+03   -5.4   5.4   239   301    67   125    55   148 0.62 RING zinc finger protein, putative [Plasmodium vivax]
SCO68321.1           -            403 6388at5820           -            540    0.0001   19.4   3.7   2   3        10   6.1e+03  -11.1  12.0   341   363   136   158    99   183 0.48 RING zinc finger protein, putative [Plasmodium vivax]
SCO68321.1           -            403 6388at5820           -            540    0.0001   19.4   3.7   3   3   1.7e-07    0.0001   19.4   3.7   482   536   337   392   328   395 0.82 RING zinc finger protein, putative [Plasmodium vivax]
SCO66786.1           -            614 6388at5820           -            540   0.00012   19.2   2.4   1   2      0.55   3.3e+02   -2.0   0.3   175   193   238   256   212   261 0.77 RING zinc finger protein, putative [Plasmodium vivax]
SCO66786.1           -            614 6388at5820           -            540   0.00012   19.2   2.4   2   2     2e-07   0.00012   19.2   2.4   488   536   565   612   528   613 0.80 RING zinc finger protein, putative [Plasmodium vivax]
SCO67602.1           -            284 6388at5820           -            540   0.00016   18.8   0.9   1   2        10   6.1e+03   -6.6   9.6   359   464    66   172    18   203 0.60 RING zinc finger protein, putative [Plasmodium vivax]
SCO67602.1           -            284 6388at5820           -            540   0.00016   18.8   0.9   2   2   2.6e-07   0.00016   18.8   0.9   489   534   234   278   223   283 0.85 RING zinc finger protein, putative [Plasmodium vivax]
SCO66975.1           -           1201 6388at5820           -            540   0.00028   18.0   6.5   1   2       3.3     2e+03   -4.6   0.8   224   273   260   310   222   313 0.60 zinc finger protein, putative [Plasmodium vivax]
SCO66975.1           -           1201 6388at5820           -            540   0.00028   18.0   6.5   2   2   4.6e-07   0.00028   18.0   6.5   480   539  1143  1201  1134  1201 0.89 zinc finger protein, putative [Plasmodium vivax]
SCO66756.1           -           1167 6388at5820           -            540   0.00051   17.1   1.8   1   2       0.7   4.2e+02   -2.4   0.2   193   227    15    49     4    56 0.75 E3 ubiquitin-protein ligase, putative [Plasmodium vivax]
SCO66756.1           -           1167 6388at5820           -            540   0.00051   17.1   1.8   2   2   8.5e-07   0.00051   17.1   1.8   487   537   373   426   360   428 0.89 E3 ubiquitin-protein ligase, putative [Plasmodium vivax]
SCO68152.1           -             89 6388at5820           -            540      0.02   11.9   5.0   1   1   3.4e-05     0.021   11.9   5.0   508   534    52    79    16    82 0.84 anaphase-promoting complex subunit 11, putative [Plasmodium vivax]
SCO68124.1           -            519 6388at5820           -            540     0.042   10.8   2.9   1   1   0.00011     0.067   10.2   2.9   488   535   361   404   347   408 0.85 E3 ubiquitin-protein ligase RNF5, putative [Plasmodium vivax]
SCO66221.1           -            272 6388at5820           -            540     0.058   10.4  19.3   1   1   0.00014     0.083    9.9  19.3   353   536    88   263    46   266 0.74 zinc finger, C3HC4 type, putative [Plasmodium vivax]
SCO68586.1           -            456 6388at5820           -            540       5.4    3.9  32.1   1   3     1e-05    0.0063   13.6  11.2   488   535     4    49     2    54 0.84 conserved Plasmodium protein, unknown function [Plasmodium vivax]
SCO68586.1           -            456 6388at5820           -            540       5.4    3.9  32.1   2   3      0.16     1e+02   -0.3   4.1   136   205   105   173    91   184 0.64 conserved Plasmodium protein, unknown function [Plasmodium vivax]
SCO68586.1           -            456 6388at5820           -            540       5.4    3.9  32.1   3   3     0.037        23    1.8   1.3   117   191   189   258   181   279 0.74 conserved Plasmodium protein, unknown function [Plasmodium vivax]
#
# Program:         hmmsearch
# Version:         3.4 (Aug 2023)
# Pipeline mode:   SEARCH
# Query file:      /v3/work/00_inventory/busco/busco_downloads/lineages/plasmodium_odb10/hmms/6388at5820.hmm
# Target file:     /v3/inputs/annotations/ncbi-datasets/PvT01.proteins.fa
# Option settings: hmmsearch --domtblout /v3/work/00_inventory/busco/PvT01_proteins/run_plasmodium_odb10/hmmer_output/initial_run_results/6388at5820.out --cpu 1 /v3/work/00_inventory/busco/busco_downloads/lineages/plasmodium_odb10/hmms/6388at5820.hmm /v3/inputs/annotations/ncbi-datasets/PvT01.proteins.fa 
# Current dir:     /v3/work/00_inventory/busco
# Date:            Tue May 19 19:03:50 2026
# [ok]
