#                                                                            --- full sequence --- -------------- this domain -------------   hmm coord   ali coord   env coord
# target name        accession   tlen query name           accession   qlen   E-value  score  bias   #  of  c-Evalue  i-Evalue  score  bias  from    to  from    to  from    to  acc description of target
#------------------- ---------- ----- -------------------- ---------- ----- --------- ------ ----- --- --- --------- --------- ------ ----- ----- ----- ----- ----- ----- ----- ---- ---------------------
SCO69456.1           -            604 6739at5820           -            409  3.6e-217  719.5  64.1   1   4   0.00051         1    6.6   0.4     1    18     1    20     1    31 0.76 30S ribosomal protein S9, putative [Plasmodium vivax]
SCO69456.1           -            604 6739at5820           -            409  3.6e-217  719.5  64.1   2   4   3.8e-18   7.8e-15   53.1   9.4    21    67   104   152   100   159 0.91 30S ribosomal protein S9, putative [Plasmodium vivax]
SCO69456.1           -            604 6739at5820           -            409  3.6e-217  719.5  64.1   3   4   2.4e-83   4.8e-80  267.9  19.3    33   202   169   341   162   360 0.90 30S ribosomal protein S9, putative [Plasmodium vivax]
SCO69456.1           -            604 6739at5820           -            409  3.6e-217  719.5  64.1   4   4  3.7e-126  7.4e-123  408.9  12.9   206   409   391   604   375   604 0.92 30S ribosomal protein S9, putative [Plasmodium vivax]
SCO67469.1           -            304 6739at5820           -            409     9e-08   29.8   0.8   1   2      0.17   3.5e+02   -1.7   0.1   227   243   145   156   106   183 0.57 30S ribosomal protein S9, putative [Plasmodium vivax]
SCO67469.1           -            304 6739at5820           -            409     9e-08   29.8   0.8   2   2   6.6e-11   1.3e-07   29.3   0.1   287   409   183   304   166   304 0.87 30S ribosomal protein S9, putative [Plasmodium vivax]
SCO69839.1           -            144 6739at5820           -            409   3.5e-06   24.6   1.3   1   1   2.1e-09   4.2e-06   24.3   1.3   285   409    10   144     1   144 0.69 40S ribosomal protein S16, putative [Plasmodium vivax]
#
# Program:         hmmsearch
# Version:         3.4 (Aug 2023)
# Pipeline mode:   SEARCH
# Query file:      /v3/work/00_inventory/busco/busco_downloads/lineages/plasmodium_odb10/hmms/6739at5820.hmm
# Target file:     /v3/inputs/annotations/ncbi-datasets/PvT01.proteins.fa
# Option settings: hmmsearch --domtblout /v3/work/00_inventory/busco/PvT01_proteins/run_plasmodium_odb10/hmmer_output/initial_run_results/6739at5820.out --cpu 1 /v3/work/00_inventory/busco/busco_downloads/lineages/plasmodium_odb10/hmms/6739at5820.hmm /v3/inputs/annotations/ncbi-datasets/PvT01.proteins.fa 
# Current dir:     /v3/work/00_inventory/busco
# Date:            Tue May 19 18:52:32 2026
# [ok]
