#                                                                            --- full sequence --- -------------- this domain -------------   hmm coord   ali coord   env coord
# target name        accession   tlen query name           accession   qlen   E-value  score  bias   #  of  c-Evalue  i-Evalue  score  bias  from    to  from    to  from    to  acc description of target
#------------------- ---------- ----- -------------------- ---------- ----- --------- ------ ----- --- --- --------- --------- ------ ----- ----- ----- ----- ----- ----- ----- ---- ---------------------
SCO66854.1           -           2040 711at5820            -           1690         0 2518.7 203.1   1   1         0         0 2507.9 203.1     1  1690     1  2040     1  2040 0.88 conserved Plasmodium protein, unknown function [Plasmodium vivax]
SCO66902.1           -            129 711at5820            -           1690      0.63    5.6  20.5   1   1   0.00098      0.75    5.4  20.5  1409  1497    22   111     2   128 0.43 hypothetical protein PVT01_080023500 [Plasmodium vivax]
SCO64920.1           -            162 711at5820            -           1690       1.3    4.6   5.9   1   1    0.0019       1.4    4.4   5.9   653   793     7   156     1   161 0.38 conserved Plasmodium protein, unknown function [Plasmodium vivax]
SCO67619.1           -            667 711at5820            -           1690       2.2    3.8  21.2   1   1    0.0042       3.2    3.3  21.2   607   706    33   146    26   169 0.55 RNA helicase 1, putative [Plasmodium vivax]
SCO66657.1           -            226 711at5820            -           1690       4.2    2.9  12.8   1   1    0.0065         5    2.6  12.8  1417  1497    78   161    67   193 0.45 conserved Plasmodium protein, unknown function [Plasmodium vivax]
SCO69059.1           -            332 711at5820            -           1690       6.8    2.2   9.0   1   1     0.011       8.1    1.9   9.0  1432  1550    30   150    19   222 0.45 copper transporter, putative [Plasmodium vivax]
SCO67533.1           -            325 711at5820            -           1690       8.1    1.9  20.7   1   1     0.013       9.9    1.6  20.7  1452  1570   143   262    94   281 0.64 conserved Plasmodium protein, unknown function [Plasmodium vivax]
SCO69086.1           -            369 711at5820            -           1690       9.4    1.7  12.9   1   1     0.017        13    1.2  12.9   643   700   278   339   212   354 0.50 conserved Plasmodium protein, unknown function [Plasmodium vivax]
#
# Program:         hmmsearch
# Version:         3.4 (Aug 2023)
# Pipeline mode:   SEARCH
# Query file:      /v3/work/00_inventory/busco/busco_downloads/lineages/plasmodium_odb10/hmms/711at5820.hmm
# Target file:     /v3/inputs/annotations/ncbi-datasets/PvT01.proteins.fa
# Option settings: hmmsearch --domtblout /v3/work/00_inventory/busco/PvT01_proteins/run_plasmodium_odb10/hmmer_output/initial_run_results/711at5820.out --cpu 1 /v3/work/00_inventory/busco/busco_downloads/lineages/plasmodium_odb10/hmms/711at5820.hmm /v3/inputs/annotations/ncbi-datasets/PvT01.proteins.fa 
# Current dir:     /v3/work/00_inventory/busco
# Date:            Tue May 19 18:56:51 2026
# [ok]
