#                                                                            --- full sequence --- -------------- this domain -------------   hmm coord   ali coord   env coord
# target name        accession   tlen query name           accession   qlen   E-value  score  bias   #  of  c-Evalue  i-Evalue  score  bias  from    to  from    to  from    to  acc description of target
#------------------- ---------- ----- -------------------- ---------- ----- --------- ------ ----- --- --- --------- --------- ------ ----- ----- ----- ----- ----- ----- ----- ---- ---------------------
SCO65694.1           -           2125 755at5820            -           1177         0 1410.7  37.3   1   8     0.001       6.1    2.8   0.0     1    30    11    42    11    65 0.80 pentafunctional AROM polypeptide, putative [Plasmodium vivax]
SCO65694.1           -           2125 755at5820            -           1177         0 1410.7  37.3   2   8  2.3e-160  1.4e-156  521.5  11.8    68   450   295   758   290   759 0.84 pentafunctional AROM polypeptide, putative [Plasmodium vivax]
SCO65694.1           -           2125 755at5820            -           1177         0 1410.7  37.3   3   8   1.6e-15   9.6e-12   41.8   0.1   441   480   821   862   815   868 0.88 pentafunctional AROM polypeptide, putative [Plasmodium vivax]
SCO65694.1           -           2125 755at5820            -           1177         0 1410.7  37.3   4   8   3.4e-12   2.1e-08   30.8   0.1   480   514   950   985   945   988 0.91 pentafunctional AROM polypeptide, putative [Plasmodium vivax]
SCO65694.1           -           2125 755at5820            -           1177         0 1410.7  37.3   5   8  4.4e-104  2.7e-100  335.1   0.5   515   761  1021  1320  1017  1329 0.84 pentafunctional AROM polypeptide, putative [Plasmodium vivax]
SCO65694.1           -           2125 755at5820            -           1177         0 1410.7  37.3   6   8   3.7e-58   2.2e-54  183.0   0.2   769   870  1542  1645  1531  1649 0.97 pentafunctional AROM polypeptide, putative [Plasmodium vivax]
SCO65694.1           -           2125 755at5820            -           1177         0 1410.7  37.3   7   8   3.6e-82   2.2e-78  262.6   0.0   866  1065  1679  1917  1676  1924 0.87 pentafunctional AROM polypeptide, putative [Plasmodium vivax]
SCO65694.1           -           2125 755at5820            -           1177         0 1410.7  37.3   8   8   1.2e-14   7.1e-11   39.0   0.2  1064  1142  1940  2036  1936  2121 0.81 pentafunctional AROM polypeptide, putative [Plasmodium vivax]
#
# Program:         hmmsearch
# Version:         3.4 (Aug 2023)
# Pipeline mode:   SEARCH
# Query file:      /v3/work/00_inventory/busco/busco_downloads/lineages/plasmodium_odb10/hmms/755at5820.hmm
# Target file:     /v3/inputs/annotations/ncbi-datasets/PvT01.proteins.fa
# Option settings: hmmsearch --domtblout /v3/work/00_inventory/busco/PvT01_proteins/run_plasmodium_odb10/hmmer_output/initial_run_results/755at5820.out --cpu 1 /v3/work/00_inventory/busco/busco_downloads/lineages/plasmodium_odb10/hmms/755at5820.hmm /v3/inputs/annotations/ncbi-datasets/PvT01.proteins.fa 
# Current dir:     /v3/work/00_inventory/busco
# Date:            Tue May 19 19:01:04 2026
# [ok]
