#                                                                            --- full sequence --- -------------- this domain -------------   hmm coord   ali coord   env coord
# target name        accession   tlen query name           accession   qlen   E-value  score  bias   #  of  c-Evalue  i-Evalue  score  bias  from    to  from    to  from    to  acc description of target
#------------------- ---------- ----- -------------------- ---------- ----- --------- ------ ----- --- --- --------- --------- ------ ----- ----- ----- ----- ----- ----- ----- ---- ---------------------
SCO69738.1           -            368 7744at5820           -            303  1.1e-176  584.8  26.9   1   1  3.2e-177  3.2e-175  580.0  26.9     2   302    13   361    12   362 0.94 serine/threonine protein kinase, putative [Plasmodium vivax]
SCO68907.1           -            861 7744at5820           -            303   1.1e-40  138.1   9.3   1   1   4.8e-42   4.9e-40  136.1   9.3    63   303   479   735   466   735 0.90 serine/threonine protein kinase KIN, putative [Plasmodium vivax]
SCO68549.1           -            563 7744at5820           -            303   2.6e-37  127.1   7.7   1   2   2.4e-34   2.4e-32  110.8   4.8    68   276   124   330   102   332 0.86 calcium-dependent protein kinase 5, putative [Plasmodium vivax]
SCO68549.1           -            563 7744at5820           -            303   2.6e-37  127.1   7.7   2   2   5.8e-06   0.00059   17.6   0.1   259   302   332   375   325   376 0.88 calcium-dependent protein kinase 5, putative [Plasmodium vivax]
SCO65579.1           -            526 7744at5820           -            303   1.4e-35  121.4  10.2   1   1   8.8e-35   8.9e-33  112.2  10.2    63   302    54   327    47   328 0.80 calcium-dependent protein kinase 1, putative [Plasmodium vivax]
SCO70146.1           -            508 7744at5820           -            303   1.6e-32  111.4   3.3   1   1   5.2e-33   5.3e-31  106.4   3.3    63   273   109   316   104   365 0.82 protein kinase 2, putative [Plasmodium vivax]
SCO68339.1           -            354 7744at5820           -            303   3.1e-32  110.4   0.0   1   2   2.5e-32   2.5e-30  104.1   0.0    60   264    27   241     4   257 0.87 serine/threonine protein kinase, putative [Plasmodium vivax]
SCO68339.1           -            354 7744at5820           -            303   3.1e-32  110.4   0.0   2   2     0.053       5.3    4.6   0.0   268   300   273   305   250   308 0.83 serine/threonine protein kinase, putative [Plasmodium vivax]
SCO65367.1           -            529 7744at5820           -            303   1.7e-31  108.0   8.5   1   1   8.4e-32   8.5e-30  102.4   8.5    64   271    70   279    60   330 0.81 calcium-dependent protein kinase 4, putative [Plasmodium vivax]
SCO67330.1           -           1967 7744at5820           -            303   2.2e-31  107.7   3.2   1   1   1.5e-32   1.5e-30  104.9   3.2    61   302  1509  1769  1501  1770 0.83 calcium-dependent protein kinase 7, putative [Plasmodium vivax]
SCO67021.1           -            603 7744at5820           -            303   2.5e-31  107.5   0.1   1   1   2.5e-31   2.5e-29  100.9   0.1    68   303   162   415   153   415 0.83 calcium-dependent protein kinase 3, putative [Plasmodium vivax]
SCO67639.1           -            288 7744at5820           -            303   7.7e-29   99.3   1.5   1   2   1.7e-30   1.7e-28   98.1   0.9    64   274    11   223     6   227 0.80 NIMA related kinase 2, putative [Plasmodium vivax]
SCO67639.1           -            288 7744at5820           -            303   7.7e-29   99.3   1.5   2   2       2.7   2.7e+02   -1.0   0.0   271   300   238   267   233   270 0.85 NIMA related kinase 2, putative [Plasmodium vivax]
SCO68053.1           -            288 7744at5820           -            303   1.9e-28   98.0   0.0   1   2   1.2e-27   1.3e-25   88.7   0.0    68   263     7   201     1   212 0.85 protein kinase 5 [Plasmodium vivax]
SCO68053.1           -            288 7744at5820           -            303   1.9e-28   98.0   0.0   2   2     0.007       0.7    7.5   0.0   271   302   253   284   241   285 0.87 protein kinase 5 [Plasmodium vivax]
SCO68950.1           -            377 7744at5820           -            303   5.1e-27   93.3  14.9   1   1   3.8e-26   3.8e-24   83.9  14.9    60   302    38   309    19   310 0.72 protein kinase, putative [Plasmodium vivax]
SCO67031.1           -           1585 7744at5820           -            303   1.1e-26   92.2   2.3   1   1   1.6e-28   1.6e-26   91.6   2.3    63   278  1314  1542  1309  1563 0.87 aurora-related kinase 2, putative [Plasmodium vivax]
SCO69359.1           -            284 7744at5820           -            303   1.1e-26   92.2  10.4   1   1   1.5e-28   1.6e-26   91.7  10.4    64   276    21   234     3   280 0.87 calcium-dependent protein kinase, putative [Plasmodium vivax]
SCO68054.1           -           4007 7744at5820           -            303   2.7e-26   90.9   2.9   1   1   4.6e-28   4.7e-26   90.1   2.9    70   301  1192  1438  1177  1440 0.84 aurora-related kinase 3, putative [Plasmodium vivax]
SCO69037.1           -           2425 7744at5820           -            303   3.7e-26   90.5   5.8   1   1     1e-25   1.1e-23   82.4   5.8    58   302   112   401   104   402 0.76 serine/threonine protein kinase, putative [Plasmodium vivax]
SCO70216.1           -            755 7744at5820           -            303   3.8e-26   90.4   0.2   1   1   8.8e-28   8.9e-26   89.2   0.2    65   265   429   629   423   687 0.89 rac-beta serine/threonine protein kinase, putative [Plasmodium vivax]
SCO66678.1           -            341 7744at5820           -            303     1e-25   89.0   1.7   1   1   1.4e-27   1.4e-25   88.6   1.7    62   299    30   266    24   270 0.88 cAMP-dependent protein kinase catalytic subunit, putative [Plasmodium vivax]
SCO69291.1           -            718 7744at5820           -            303   1.6e-23   81.8   2.6   1   1   2.8e-25   2.8e-23   81.0   2.6    62   264    17   225    12   267 0.82 mitogen-activated protein kinase 1, putative [Plasmodium vivax]
SCO67327.1           -           1594 7744at5820           -            303   2.2e-23   81.4  17.0   1   2       2.5   2.5e+02   -0.9   0.0    17    44   113   141   103   148 0.83 calcium-dependent protein kinase 6, putative [Plasmodium vivax]
SCO67327.1           -           1594 7744at5820           -            303   2.2e-23   81.4  17.0   2   2   4.4e-25   4.4e-23   80.4  14.1    61   303  1151  1408  1110  1408 0.77 calcium-dependent protein kinase 6, putative [Plasmodium vivax]
SCO67189.1           -            335 7744at5820           -            303   1.2e-22   79.0   6.4   1   2   3.9e-24   3.9e-22   77.3   2.7    49   267    26   240    11   257 0.82 casein kinase 2, alpha subunit, putative [Plasmodium vivax]
SCO67189.1           -            335 7744at5820           -            303   1.2e-22   79.0   6.4   2   2      0.12        12    3.4   0.1   257   302   282   328   259   329 0.77 casein kinase 2, alpha subunit, putative [Plasmodium vivax]
SCO65999.1           -            627 7744at5820           -            303     1e-21   75.9   3.1   1   1   1.9e-23   1.9e-21   75.0   3.1    62   263   279   485   272   510 0.81 cdc2-related protein kinase 1, putative [Plasmodium vivax]
SCO66997.1           -            488 7744at5820           -            303     4e-21   73.9   1.5   1   1     6e-23     6e-21   73.4   1.5    66   268   114   321   108   334 0.85 glycogen synthase kinase 3, putative [Plasmodium vivax]
SCO69240.1           -            854 7744at5820           -            303   6.3e-21   73.3   2.4   1   3       1.9     2e+02   -0.6   0.2    24    82    66   124    47   140 0.69 cGMP-dependent protein kinase, putative [Plasmodium vivax]
SCO69240.1           -            854 7744at5820           -            303   6.3e-21   73.3   2.4   2   3      0.25        25    2.4   0.0   158   192   505   540   494   547 0.79 cGMP-dependent protein kinase, putative [Plasmodium vivax]
SCO69240.1           -            854 7744at5820           -            303   6.3e-21   73.3   2.4   3   3   1.1e-21   1.1e-19   69.3   0.1    67   266   544   740   536   753 0.87 cGMP-dependent protein kinase, putative [Plasmodium vivax]
SCO70039.1           -            994 7744at5820           -            303     9e-21   72.8   2.4   1   1   5.6e-22   5.7e-20   70.2   2.4    62   271    12   249     9   265 0.79 NIMA related kinase 1, putative [Plasmodium vivax]
SCO65042.1           -            721 7744at5820           -            303   1.5e-19   68.7   2.8   1   1   2.6e-21   2.6e-19   68.0   2.8    69   271   462   665   451   674 0.80 protein kinase, putative [Plasmodium vivax]
SCO69819.1           -            517 7744at5820           -            303   2.2e-19   68.2   7.7   1   2   2.9e-09     3e-07   28.4   5.5    91   194   239   343   231   356 0.88 calcium-dependent protein kinase 3, putative [Plasmodium vivax]
SCO69819.1           -            517 7744at5820           -            303   2.2e-19   68.2   7.7   2   2   1.3e-12   1.3e-10   39.4   0.0   199   302   396   510   382   511 0.82 calcium-dependent protein kinase 3, putative [Plasmodium vivax]
SCO67239.1           -            575 7744at5820           -            303   1.2e-18   65.8   8.7   1   2   3.7e-19   3.7e-17   60.9   6.5    63   218   170   330   155   336 0.84 mitogen-activated protein kinase 2, putative [Plasmodium vivax]
SCO67239.1           -            575 7744at5820           -            303   1.2e-18   65.8   8.7   2   2     0.051       5.2    4.6   0.0   212   253   350   389   347   402 0.82 mitogen-activated protein kinase 2, putative [Plasmodium vivax]
SCO67318.1           -            561 7744at5820           -            303   3.4e-18   64.3   8.5   1   2     4e-16     4e-14   50.9   7.7    46   219    18   197     6   219 0.83 3-phosphoinositide dependent protein kinase-1, putative [Plasmodium vivax]
SCO67318.1           -            561 7744at5820           -            303   3.4e-18   64.3   8.5   2   2   0.00069     0.069   10.8   0.0   219   302   345   444   333   445 0.73 3-phosphoinositide dependent protein kinase-1, putative [Plasmodium vivax]
SCO65947.1           -           1626 7744at5820           -            303   2.9e-17   61.3   2.4   1   2   0.00074     0.075   10.7   0.5    39   131   608   699   586   703 0.81 CDK-related kinase 3, putative [Plasmodium vivax]
SCO65947.1           -           1626 7744at5820           -            303   2.9e-17   61.3   2.4   2   2   7.8e-16   7.9e-14   50.0   0.1   163   271   891   999   878  1013 0.81 CDK-related kinase 3, putative [Plasmodium vivax]
SCO65383.1           -            310 7744at5820           -            303   3.2e-17   61.1   2.8   1   1   4.2e-19   4.2e-17   60.7   2.8    65   264     4   205     1   261 0.84 serine/threonine-protein kinase NEK4, putative [Plasmodium vivax]
SCO68555.1           -            305 7744at5820           -            303   6.9e-17   60.0   4.9   1   2   8.8e-18   8.9e-16   56.4   3.2    70   264    14   217     6   235 0.81 CDK-related protein kinase 6, putative [Plasmodium vivax]
SCO68555.1           -            305 7744at5820           -            303   6.9e-17   60.0   4.9   2   2      0.14        14    3.2   0.0   265   302   255   293   246   294 0.74 CDK-related protein kinase 6, putative [Plasmodium vivax]
SCO66862.1           -            325 7744at5820           -            303   2.4e-16   58.3  11.4   1   1   6.8e-18   6.9e-16   56.8  11.4    70   223    15   173     5   227 0.73 MO15-related protein kinase, putative [Plasmodium vivax]
SCO69747.1           -            341 7744at5820           -            303   1.2e-15   56.0   0.3   1   1   1.8e-17   1.8e-15   55.4   0.3    65   282    30   258    21   268 0.77 protein kinase, putative [Plasmodium vivax]
SCO68440.1           -           1703 7744at5820           -            303   2.1e-15   55.2   0.0   1   1   6.5e-17   6.6e-15   53.5   0.0   125   255  1479  1620  1466  1682 0.70 tyrosine kinase-like protein, putative [Plasmodium vivax]
SCO67549.1           -           2022 7744at5820           -            303   8.6e-14   49.9   0.3   1   1   1.5e-15   1.5e-13   49.1   0.3    63   257    75   270    66   282 0.80 serine/threonine protein kinase, putative [Plasmodium vivax]
SCO65725.1           -           2125 7744at5820           -            303   9.1e-13   46.5   1.0   1   1   1.5e-14   1.6e-12   45.7   1.0    91   263  1726  1900  1719  1919 0.79 protein kinase, putative [Plasmodium vivax]
SCO67312.1           -           1575 7744at5820           -            303   8.8e-12   43.3  12.6   1   2   8.3e-05    0.0084   13.8   3.2    62   160   187   278   168   286 0.82 tyrosine kinase-like protein, putative [Plasmodium vivax]
SCO67312.1           -           1575 7744at5820           -            303   8.8e-12   43.3  12.6   2   2     2e-11     2e-09   35.5   0.3   164   259   358   453   348   470 0.83 tyrosine kinase-like protein, putative [Plasmodium vivax]
SCO64902.1           -           1251 7744at5820           -            303   1.2e-11   42.8   9.8   1   2   1.2e-13   1.2e-11   42.8   9.8    74   211   742   882   726   892 0.85 serine/threonine protein kinase, putative [Plasmodium vivax]
SCO64902.1           -           1251 7744at5820           -            303   1.2e-11   42.8   9.8   2   2      0.45        46    1.5   0.7   221   263  1096  1134  1080  1162 0.66 serine/threonine protein kinase, putative [Plasmodium vivax]
SCO68159.1           -           2236 7744at5820           -            303   1.4e-11   42.6   4.5   1   2     0.034       3.5    5.2   0.2    55    95   920   964   880   979 0.74 tyrosine kinase-like protein, putative [Plasmodium vivax]
SCO68159.1           -           2236 7744at5820           -            303   1.4e-11   42.6   4.5   2   2   1.4e-13   1.4e-11   42.6   4.5    88   272  2002  2184  1995  2194 0.80 tyrosine kinase-like protein, putative [Plasmodium vivax]
SCO69020.1           -           1309 7744at5820           -            303   1.5e-11   42.5   9.3   1   3   1.2e-09   1.2e-07   29.7   3.4   122   197   918   995   912  1005 0.85 serine/threonine protein kinase, putative [Plasmodium vivax]
SCO69020.1           -           1309 7744at5820           -            303   1.5e-11   42.5   9.3   2   3   0.00088     0.089   10.4   0.1   200   255  1085  1135  1075  1146 0.77 serine/threonine protein kinase, putative [Plasmodium vivax]
SCO69020.1           -           1309 7744at5820           -            303   1.5e-11   42.5   9.3   3   3      0.09       9.2    3.8   0.0   270   302  1267  1300  1255  1301 0.77 serine/threonine protein kinase, putative [Plasmodium vivax]
SCO70222.1           -            730 7744at5820           -            303   2.2e-11   41.9   8.8   1   1   2.2e-13   2.2e-11   41.9   8.8    70   266    29   245    16   293 0.74 cyclin g-associated kinase, putative [Plasmodium vivax]
SCO65608.1           -           1637 7744at5820           -            303   4.4e-11   41.0   6.9   1   2   5.8e-11   5.9e-09   34.0   5.2    71   197  1134  1263  1123  1277 0.85 serine/threonine protein kinase, putative [Plasmodium vivax]
SCO65608.1           -           1637 7744at5820           -            303   4.4e-11   41.0   6.9   2   2     0.016       1.6    6.3   0.0   222   291  1535  1596  1509  1602 0.72 serine/threonine protein kinase, putative [Plasmodium vivax]
SCO67576.1           -           1407 7744at5820           -            303   5.7e-11   40.6   2.3   1   3       1.8   1.8e+02   -0.5   0.1   133   167  1060  1093  1048  1103 0.82 serine/threonine protein kinase, putative [Plasmodium vivax]
SCO67576.1           -           1407 7744at5820           -            303   5.7e-11   40.6   2.3   2   3   5.6e-13   5.7e-11   40.6   2.3    71   275  1137  1352  1123  1358 0.72 serine/threonine protein kinase, putative [Plasmodium vivax]
SCO67576.1           -           1407 7744at5820           -            303   5.7e-11   40.6   2.3   3   3       3.8   3.9e+02   -1.5   0.0   268   301  1367  1400  1352  1402 0.82 serine/threonine protein kinase, putative [Plasmodium vivax]
SCO69117.1           -            368 7744at5820           -            303   1.6e-10   39.2   8.7   1   1   3.7e-12   3.7e-10   37.9   8.7   105   272   136   301   110   341 0.81 NIMA related kinase 3, putative [Plasmodium vivax]
SCO68115.1           -           2593 7744at5820           -            303   1.6e-10   39.1   0.6   1   2     0.009      0.91    7.1   0.0    71   130  1827  1889  1816  1926 0.81 eukaryotic translation initiation factor 2-alpha kinase, putative [Plasmodium vivax]
SCO68115.1           -           2593 7744at5820           -            303   1.6e-10   39.1   0.6   2   2   1.8e-09   1.9e-07   29.1   0.2   153   214  2294  2356  2289  2378 0.88 eukaryotic translation initiation factor 2-alpha kinase, putative [Plasmodium vivax]
SCO67155.1           -           1313 7744at5820           -            303   3.1e-10   38.2  15.2   1   2   1.1e-06   0.00011   19.9   9.0   106   197   320   412   291   425 0.78 calcium/calmodulin-dependent protein kinase, putative [Plasmodium vivax]
SCO67155.1           -           1313 7744at5820           -            303   3.1e-10   38.2  15.2   2   2   3.7e-07   3.8e-05   21.5   0.4   221   266   543   585   537   607 0.80 calcium/calmodulin-dependent protein kinase, putative [Plasmodium vivax]
SCO68996.1           -            877 7744at5820           -            303     5e-10   37.5  16.9   1   3   4.6e-11   4.6e-09   34.3   5.2    61   196   544   683   531   690 0.82 protein serine/threonine kinase-1, putative [Plasmodium vivax]
SCO68996.1           -            877 7744at5820           -            303     5e-10   37.5  16.9   2   3    0.0056      0.57    7.8   0.0   188   259   700   766   685   779 0.81 protein serine/threonine kinase-1, putative [Plasmodium vivax]
SCO68996.1           -            877 7744at5820           -            303     5e-10   37.5  16.9   3   3       0.3        30    2.1   0.0   276   302   844   870   829   871 0.84 protein serine/threonine kinase-1, putative [Plasmodium vivax]
SCO66949.1           -           1399 7744at5820           -            303     1e-09   36.5   2.1   1   4       4.1   4.2e+02   -1.7   0.1   150   215   673   734   664   757 0.64 cdc2-related protein kinase 4, putative [Plasmodium vivax]
SCO66949.1           -           1399 7744at5820           -            303     1e-09   36.5   2.1   2   4      0.96        97    0.4   0.2    61   134   802   879   751   889 0.70 cdc2-related protein kinase 4, putative [Plasmodium vivax]
SCO66949.1           -           1399 7744at5820           -            303     1e-09   36.5   2.1   3   4       3.3   3.3e+02   -1.3   0.1   149   173  1077  1101  1074  1131 0.75 cdc2-related protein kinase 4, putative [Plasmodium vivax]
SCO66949.1           -           1399 7744at5820           -            303     1e-09   36.5   2.1   4   4   9.9e-12     1e-09   36.5   2.1   162   270  1173  1293  1114  1299 0.73 cdc2-related protein kinase 4, putative [Plasmodium vivax]
SCO68538.1           -            897 7744at5820           -            303   1.3e-09   36.1   0.0   1   3      0.42        43    1.6   0.0    64    88   400   424   394   441 0.81 serine/threonine protein kinase, putative [Plasmodium vivax]
SCO68538.1           -            897 7744at5820           -            303   1.3e-09   36.1   0.0   2   3   4.5e-10   4.6e-08   31.1   0.0   159   259   528   635   516   652 0.78 serine/threonine protein kinase, putative [Plasmodium vivax]
SCO68538.1           -            897 7744at5820           -            303   1.3e-09   36.1   0.0   3   3       4.3   4.4e+02   -1.7   0.0   275   302   867   894   864   895 0.89 serine/threonine protein kinase, putative [Plasmodium vivax]
SCO65125.1           -           3308 7744at5820           -            303   4.6e-09   34.3   1.8   1   2   2.7e-10   2.7e-08   31.8   1.2   139   216  3080  3158  3067  3166 0.85 serine/threonine protein kinase, putative [Plasmodium vivax]
SCO65125.1           -           3308 7744at5820           -            303   4.6e-09   34.3   1.8   2   2       1.6   1.6e+02   -0.3   0.0   221   253  3207  3236  3203  3250 0.83 serine/threonine protein kinase, putative [Plasmodium vivax]
SCO68237.1           -            785 7744at5820           -            303   5.1e-09   34.2   2.8   1   3       1.1   1.2e+02    0.2   0.1    56   102    11    57     6    73 0.81 cdc2-related protein kinase 5, putative [Plasmodium vivax]
SCO68237.1           -            785 7744at5820           -            303   5.1e-09   34.2   2.8   2   3   1.2e-09   1.2e-07   29.6   0.1   121   231   142   264    90   270 0.77 cdc2-related protein kinase 5, putative [Plasmodium vivax]
SCO68237.1           -            785 7744at5820           -            303   5.1e-09   34.2   2.8   3   3      0.24        24    2.4   0.0   273   302   542   572   532   573 0.84 cdc2-related protein kinase 5, putative [Plasmodium vivax]
SCO67007.1           -           2985 7744at5820           -            303   7.9e-09   33.6   0.2   1   1   1.2e-10   1.2e-08   32.9   0.2   122   263   229   382   130   397 0.66 protein kinase, putative [Plasmodium vivax]
SCO65637.1           -           1029 7744at5820           -            303   9.1e-08   30.1   0.1   1   1   2.1e-09   2.1e-07   28.9   0.1   140   264   840   965   762   977 0.74 tyrosine kinase-like protein, putative [Plasmodium vivax]
SCO66583.1           -           3251 7744at5820           -            303   9.6e-08   30.0   2.7   1   2   4.6e-09   4.7e-07   27.7   1.1    71   274  2960  3188  2944  3203 0.67 protein kinase, putative [Plasmodium vivax]
SCO66583.1           -           3251 7744at5820           -            303   9.6e-08   30.0   2.7   2   2       0.5        50    1.4   0.0   275   297  3214  3236  3196  3241 0.83 protein kinase, putative [Plasmodium vivax]
SCO65860.1           -            800 7744at5820           -            303   4.8e-07   27.7  14.7   1   4   0.00044     0.044   11.4   3.0    64   151    34   118     8   129 0.79 protein kinase 1, putative [Plasmodium vivax]
SCO65860.1           -            800 7744at5820           -            303   4.8e-07   27.7  14.7   2   4   6.3e-05    0.0064   14.2   0.3   123   194   199   268   187   277 0.76 protein kinase 1, putative [Plasmodium vivax]
SCO65860.1           -            800 7744at5820           -            303   4.8e-07   27.7  14.7   3   4     0.017       1.7    6.2   0.1   201   279   574   647   554   656 0.71 protein kinase 1, putative [Plasmodium vivax]
SCO65860.1           -            800 7744at5820           -            303   4.8e-07   27.7  14.7   4   4      0.41        42    1.6   0.0   261   302   674   717   669   718 0.87 protein kinase 1, putative [Plasmodium vivax]
SCO67464.1           -            323 7744at5820           -            303   1.2e-06   26.5   0.1   1   2    0.0095      0.97    7.0   0.0    61    95     5    39     2    59 0.91 casein kinase 1, putative [Plasmodium vivax]
SCO67464.1           -            323 7744at5820           -            303   1.2e-06   26.5   0.1   2   2   5.4e-06   0.00054   17.7   0.0   169   209   111   154    67   220 0.85 casein kinase 1, putative [Plasmodium vivax]
SCO67095.1           -           1393 7744at5820           -            303   1.5e-06   26.1   2.0   1   3     0.089         9    3.8   0.1   137   194   152   213   114   220 0.80 serine/threonine protein kinase, putative [Plasmodium vivax]
SCO67095.1           -           1393 7744at5820           -            303   1.5e-06   26.1   2.0   2   3   2.8e-05    0.0028   15.3   0.0   194   293   694   787   686   799 0.78 serine/threonine protein kinase, putative [Plasmodium vivax]
SCO67095.1           -           1393 7744at5820           -            303   1.5e-06   26.1   2.0   3   3     0.062       6.3    4.3   0.0   274   302   833   861   805   862 0.72 serine/threonine protein kinase, putative [Plasmodium vivax]
SCO66615.1           -            598 7744at5820           -            303   3.4e-05   21.6   3.9   1   4      0.44        45    1.5   0.0   110   140   275   305   246   313 0.81 serine/threonine protein kinase, putative [Plasmodium vivax]
SCO66615.1           -            598 7744at5820           -            303   3.4e-05   21.6   3.9   2   4     0.026       2.7    5.6   0.4   165   196   397   428   382   440 0.82 serine/threonine protein kinase, putative [Plasmodium vivax]
SCO66615.1           -            598 7744at5820           -            303   3.4e-05   21.6   3.9   3   4    0.0028      0.29    8.8   0.1   194   264   455   522   432   531 0.61 serine/threonine protein kinase, putative [Plasmodium vivax]
SCO66615.1           -            598 7744at5820           -            303   3.4e-05   21.6   3.9   4   4     0.095       9.6    3.7   0.0   271   299   551   579   530   583 0.86 serine/threonine protein kinase, putative [Plasmodium vivax]
SCO67173.1           -           1333 7744at5820           -            303   0.00012   19.8   6.0   1   4         3   3.1e+02   -1.2   0.1   123   152    53    82    50    94 0.88 protein kinase, putative [Plasmodium vivax]
SCO67173.1           -           1333 7744at5820           -            303   0.00012   19.8   6.0   2   4    0.0069       0.7    7.5   0.1    91   162   803   870   793   874 0.86 protein kinase, putative [Plasmodium vivax]
SCO67173.1           -           1333 7744at5820           -            303   0.00012   19.8   6.0   3   4   0.00027     0.028   12.1   0.1   179   210  1105  1137  1077  1153 0.79 protein kinase, putative [Plasmodium vivax]
SCO67173.1           -           1333 7744at5820           -            303   0.00012   19.8   6.0   4   4       1.4   1.4e+02   -0.1   0.0   242   268  1237  1263  1221  1274 0.81 protein kinase, putative [Plasmodium vivax]
#
# Program:         hmmsearch
# Version:         3.4 (Aug 2023)
# Pipeline mode:   SEARCH
# Query file:      /v3/work/00_inventory/busco/busco_downloads/lineages/plasmodium_odb10/hmms/7744at5820.hmm
# Target file:     /v3/inputs/annotations/ncbi-datasets/PvT01.proteins.fa
# Option settings: hmmsearch --domtblout /v3/work/00_inventory/busco/PvT01_proteins/run_plasmodium_odb10/hmmer_output/initial_run_results/7744at5820.out --cpu 1 /v3/work/00_inventory/busco/busco_downloads/lineages/plasmodium_odb10/hmms/7744at5820.hmm /v3/inputs/annotations/ncbi-datasets/PvT01.proteins.fa 
# Current dir:     /v3/work/00_inventory/busco
# Date:            Tue May 19 19:03:40 2026
# [ok]
