#                                                                            --- full sequence --- -------------- this domain -------------   hmm coord   ali coord   env coord
# target name        accession   tlen query name           accession   qlen   E-value  score  bias   #  of  c-Evalue  i-Evalue  score  bias  from    to  from    to  from    to  acc description of target
#------------------- ---------- ----- -------------------- ---------- ----- --------- ------ ----- --- --- --------- --------- ------ ----- ----- ----- ----- ----- ----- ----- ---- ---------------------
SCO66678.1           -            341 7756at5820           -            296  6.4e-196  647.9   8.5   1   1  6.5e-198  8.1e-196  647.6   8.5     1   296    27   339    27   339 0.97 cAMP-dependent protein kinase catalytic subunit, putative [Plasmodium vivax]
SCO70216.1           -            755 7756at5820           -            296   1.4e-64  216.7   5.8   1   2       0.1        13    3.5   0.2    33    69   132   168   114   219 0.77 rac-beta serine/threonine protein kinase, putative [Plasmodium vivax]
SCO70216.1           -            755 7756at5820           -            296   1.4e-64  216.7   5.8   2   2   3.6e-66   4.4e-64  215.1   1.4     4   277   426   718   423   733 0.92 rac-beta serine/threonine protein kinase, putative [Plasmodium vivax]
SCO69240.1           -            854 7756at5820           -            296   3.5e-52  176.0   0.2   1   1   7.1e-54   8.8e-52  174.7   0.2     4   257   539   808   536   836 0.89 cGMP-dependent protein kinase, putative [Plasmodium vivax]
SCO68907.1           -            861 7756at5820           -            296     2e-36  124.3   7.4   1   1   1.6e-38     2e-36  124.3   7.4    11   252   485   738   477   749 0.85 serine/threonine protein kinase KIN, putative [Plasmodium vivax]
SCO68054.1           -           4007 7756at5820           -            296   2.1e-29  101.3   1.0   1   2      0.02       2.5    5.8   0.0    39   121   969  1062   953  1075 0.75 aurora-related kinase 3, putative [Plasmodium vivax]
SCO68054.1           -           4007 7756at5820           -            296   2.1e-29  101.3   1.0   2   2   5.4e-29   6.7e-27   93.0   0.7     7   233  1187  1429  1183  1459 0.85 aurora-related kinase 3, putative [Plasmodium vivax]
SCO65367.1           -            529 7756at5820           -            296   5.3e-29   99.9   3.7   1   1   7.1e-31   8.8e-29   99.2   3.7     5   250    69   331    66   358 0.83 calcium-dependent protein kinase 4, putative [Plasmodium vivax]
SCO70146.1           -            508 7756at5820           -            296   7.7e-28   96.1   2.5   1   1     1e-29   1.3e-27   95.4   2.5    11   248   115   364   107   396 0.78 protein kinase 2, putative [Plasmodium vivax]
SCO67021.1           -            603 7756at5820           -            296   1.2e-27   95.5   2.3   1   1   1.6e-29     2e-27   94.8   2.3    12   270   164   438   153   460 0.78 calcium-dependent protein kinase 3, putative [Plasmodium vivax]
SCO67318.1           -            561 7756at5820           -            296   6.9e-27   93.0  10.5   1   2   8.1e-22     1e-19   69.5   2.3     2   154    30   188    29   199 0.88 3-phosphoinositide dependent protein kinase-1, putative [Plasmodium vivax]
SCO67318.1           -            561 7756at5820           -            296   6.9e-27   93.0  10.5   2   2   2.8e-09   3.4e-07   28.3   0.4   160   280   346   475   335   489 0.82 3-phosphoinositide dependent protein kinase-1, putative [Plasmodium vivax]
SCO65579.1           -            526 7756at5820           -            296   9.1e-27   92.6   8.6   1   1     2e-28   2.4e-26   91.2   8.6     7   234    56   318    51   340 0.77 calcium-dependent protein kinase 1, putative [Plasmodium vivax]
SCO68549.1           -            563 7756at5820           -            296   3.1e-26   90.9   8.0   1   1   4.6e-28   5.7e-26   90.0   8.0    12   254   126   381   118   411 0.84 calcium-dependent protein kinase 5, putative [Plasmodium vivax]
SCO67031.1           -           1585 7756at5820           -            296   4.8e-26   90.2   1.1   1   1   6.4e-28     8e-26   89.5   1.1    12   249  1322  1582  1310  1584 0.82 aurora-related kinase 2, putative [Plasmodium vivax]
SCO69359.1           -            284 7756at5820           -            296   3.8e-25   87.3   7.9   1   1   4.2e-27   5.3e-25   86.8   7.9     3   233    18   269    16   282 0.74 calcium-dependent protein kinase, putative [Plasmodium vivax]
SCO67639.1           -            288 7756at5820           -            296     4e-23   80.6   0.7   1   1   4.5e-25   5.6e-23   80.2   0.7     7   177    12   189     7   203 0.87 NIMA related kinase 2, putative [Plasmodium vivax]
SCO65383.1           -            310 7756at5820           -            296   3.8e-22   77.4   0.8   1   1   4.9e-24   6.1e-22   76.8   0.8     6   172     3   176     1   183 0.85 serine/threonine-protein kinase NEK4, putative [Plasmodium vivax]
SCO69738.1           -            368 7756at5820           -            296   7.1e-21   73.2   5.1   1   1     8e-23     1e-20   72.8   5.1     5   176   106   282   102   363 0.85 serine/threonine protein kinase, putative [Plasmodium vivax]
SCO67330.1           -           1967 7756at5820           -            296   7.3e-21   73.2   2.2   1   1     1e-22   1.3e-20   72.4   2.2     4   265  1510  1785  1507  1803 0.77 calcium-dependent protein kinase 7, putative [Plasmodium vivax]
SCO67327.1           -           1594 7756at5820           -            296     9e-19   66.4   7.8   1   1   7.2e-21     9e-19   66.4   7.8     4   183  1152  1334  1149  1457 0.79 calcium-dependent protein kinase 6, putative [Plasmodium vivax]
SCO65042.1           -            721 7756at5820           -            296   1.1e-18   66.0   0.6   1   1   1.4e-20   1.8e-18   65.4   0.6     5   174   456   629   453   676 0.86 protein kinase, putative [Plasmodium vivax]
SCO68950.1           -            377 7756at5820           -            296   1.6e-16   59.0   7.7   1   1   1.8e-18   2.3e-16   58.5   7.7     6   233    41   299    37   361 0.77 protein kinase, putative [Plasmodium vivax]
SCO65725.1           -           2125 7756at5820           -            296   4.9e-16   57.4   0.7   1   1   6.9e-18   8.6e-16   56.6   0.7    33   173  1728  1873  1719  1888 0.87 protein kinase, putative [Plasmodium vivax]
SCO68339.1           -            354 7756at5820           -            296   7.7e-16   56.7   0.0   1   1   8.6e-18   1.1e-15   56.3   0.0     4   170    29   202    26   214 0.87 serine/threonine protein kinase, putative [Plasmodium vivax]
SCO69037.1           -           2425 7756at5820           -            296   5.1e-12   44.2   1.3   1   1   9.5e-13   1.2e-10   39.7   1.3     6   252   118   405   114   425 0.71 serine/threonine protein kinase, putative [Plasmodium vivax]
SCO66997.1           -            488 7756at5820           -            296   1.1e-11   43.1   0.6   1   1   1.3e-13   1.7e-11   42.5   0.6    11   177   117   292   110   343 0.75 glycogen synthase kinase 3, putative [Plasmodium vivax]
SCO68159.1           -           2236 7756at5820           -            296   3.7e-11   41.4   1.3   1   2       8.2     1e+03   -2.8   1.4   165   194  1476  1505  1419  1554 0.48 tyrosine kinase-like protein, putative [Plasmodium vivax]
SCO68159.1           -           2236 7756at5820           -            296   3.7e-11   41.4   1.3   2   2     3e-13   3.7e-11   41.4   1.3    30   172  2004  2145  1998  2170 0.90 tyrosine kinase-like protein, putative [Plasmodium vivax]
SCO67155.1           -           1313 7756at5820           -            296   4.6e-11   41.1   4.2   1   2   3.7e-13   4.6e-11   41.1   4.2    39   137   306   410   287   426 0.84 calcium/calmodulin-dependent protein kinase, putative [Plasmodium vivax]
SCO67155.1           -           1313 7756at5820           -            296   4.6e-11   41.1   4.2   2   2       1.9   2.3e+02   -0.7   0.2   159   173   541   555   535   655 0.66 calcium/calmodulin-dependent protein kinase, putative [Plasmodium vivax]
SCO68996.1           -            877 7756at5820           -            296     5e-11   40.9   3.4   1   2   4.6e-09   5.7e-07   27.6   2.6     7   143   548   688   542   695 0.72 protein serine/threonine kinase-1, putative [Plasmodium vivax]
SCO68996.1           -            877 7756at5820           -            296     5e-11   40.9   3.4   2   2   0.00034     0.042   11.6   0.0   132   178   702   748   688   780 0.86 protein serine/threonine kinase-1, putative [Plasmodium vivax]
SCO66583.1           -           3251 7756at5820           -            296   3.1e-10   38.3   0.0   1   1   4.1e-12   5.1e-10   37.6   0.0    13   172  2960  3134  2953  3140 0.76 protein kinase, putative [Plasmodium vivax]
SCO68053.1           -            288 7756at5820           -            296   5.7e-10   37.5   0.0   1   1   7.2e-12   8.9e-10   36.8   0.0    10   174     7   174     1   200 0.77 protein kinase 5 [Plasmodium vivax]
SCO68555.1           -            305 7756at5820           -            296     7e-10   37.2   3.0   1   1   1.6e-11     2e-09   35.7   3.0     5   181     7   196     4   206 0.69 CDK-related protein kinase 6, putative [Plasmodium vivax]
SCO69291.1           -            718 7756at5820           -            296   1.1e-09   36.6   0.5   1   1   1.6e-11     2e-09   35.7   0.5     7   202    20   237    16   269 0.71 mitogen-activated protein kinase 1, putative [Plasmodium vivax]
SCO69747.1           -            341 7756at5820           -            296   2.1e-09   35.6   0.2   1   1   2.4e-11     3e-09   35.1   0.2     7   173    30   210    24   226 0.77 protein kinase, putative [Plasmodium vivax]
SCO67239.1           -            575 7756at5820           -            296   6.7e-09   33.9   1.4   1   1     1e-10   1.3e-08   33.0   1.4     6   155   171   325   165   331 0.76 mitogen-activated protein kinase 2, putative [Plasmodium vivax]
SCO66862.1           -            325 7756at5820           -            296   2.7e-08   31.9   4.8   1   1   3.3e-10   4.1e-08   31.4   4.8    12   151    15   159     7   182 0.86 MO15-related protein kinase, putative [Plasmodium vivax]
SCO65947.1           -           1626 7756at5820           -            296   2.9e-08   31.9   0.6   1   2    0.0029      0.35    8.6   0.2     1    71   628   699   628   703 0.84 CDK-related kinase 3, putative [Plasmodium vivax]
SCO65947.1           -           1626 7756at5820           -            296   2.9e-08   31.9   0.6   2   2     4e-07     5e-05   21.2   0.0   111   156   897   942   878  1006 0.79 CDK-related kinase 3, putative [Plasmodium vivax]
SCO65637.1           -           1029 7756at5820           -            296   3.2e-08   31.7   0.4   1   1   5.1e-10   6.3e-08   30.8   0.4    40   177   801   941   755   950 0.81 tyrosine kinase-like protein, putative [Plasmodium vivax]
SCO65999.1           -            627 7756at5820           -            296   3.3e-08   31.7   0.8   1   1   4.1e-10     5e-08   31.1   0.8    10   186   285   473   278   504 0.69 cdc2-related protein kinase 1, putative [Plasmodium vivax]
SCO67189.1           -            335 7756at5820           -            296   1.6e-07   29.5   5.6   1   2   2.5e-09   3.1e-07   28.5   5.0     6   177    42   212    38   298 0.70 casein kinase 2, alpha subunit, putative [Plasmodium vivax]
SCO67189.1           -            335 7756at5820           -            296   1.6e-07   29.5   5.6   2   2       6.2   7.7e+02   -2.4   0.0   218   251   303   331   295   332 0.69 casein kinase 2, alpha subunit, putative [Plasmodium vivax]
SCO67464.1           -            323 7756at5820           -            296   1.7e-07   29.3   0.1   1   1   2.4e-09     3e-07   28.5   0.1    10   159    12   163     5   190 0.70 casein kinase 1, putative [Plasmodium vivax]
SCO70222.1           -            730 7756at5820           -            296   3.5e-07   28.3   1.2   1   1   4.9e-09   6.1e-07   27.5   1.2    14   152    31   176    22   183 0.69 cyclin g-associated kinase, putative [Plasmodium vivax]
SCO67549.1           -           2022 7756at5820           -            296   4.1e-07   28.1   0.0   1   1   6.6e-09   8.2e-07   27.1   0.0     5   178    75   253    72   360 0.72 serine/threonine protein kinase, putative [Plasmodium vivax]
SCO67007.1           -           2985 7756at5820           -            296   6.7e-07   27.4   0.2   1   1   8.9e-09   1.1e-06   26.7   0.2    30   137   194   305   160   323 0.73 protein kinase, putative [Plasmodium vivax]
SCO64902.1           -           1251 7756at5820           -            296   1.2e-05   23.3   6.6   1   2   9.4e-08   1.2e-05   23.3   6.6     7   149   733   876   729   883 0.85 serine/threonine protein kinase, putative [Plasmodium vivax]
SCO64902.1           -           1251 7756at5820           -            296   1.2e-05   23.3   6.6   2   2       4.1   5.1e+02   -1.8   0.5    62    98  1103  1139  1083  1208 0.65 serine/threonine protein kinase, putative [Plasmodium vivax]
SCO67312.1           -           1575 7756at5820           -            296   1.8e-05   22.7   2.0   1   2     0.086        11    3.7   1.3    41    96   219   274   201   282 0.80 tyrosine kinase-like protein, putative [Plasmodium vivax]
SCO67312.1           -           1575 7756at5820           -            296   1.8e-05   22.7   2.0   2   2   7.8e-06   0.00097   17.0   0.0   109   170   361   427   296   442 0.83 tyrosine kinase-like protein, putative [Plasmodium vivax]
SCO70039.1           -            994 7756at5820           -            296   3.6e-05   21.7   0.6   1   1   2.4e-06   0.00029   18.7   0.6     4   174    12   215     9   231 0.73 NIMA related kinase 1, putative [Plasmodium vivax]
SCO65608.1           -           1637 7756at5820           -            296   0.00017   19.5   3.4   1   2     3e-06   0.00037   18.4   3.0    25   138  1142  1262  1124  1276 0.79 serine/threonine protein kinase, putative [Plasmodium vivax]
SCO65608.1           -           1637 7756at5820           -            296   0.00017   19.5   3.4   2   2       6.5   8.1e+02   -2.4   0.0   157   175  1530  1548  1508  1564 0.79 serine/threonine protein kinase, putative [Plasmodium vivax]
SCO69819.1           -            517 7756at5820           -            296   0.00031   18.6   2.0   1   1   4.9e-06    0.0006   17.7   2.0    34   136   242   343   231   353 0.88 calcium-dependent protein kinase 3, putative [Plasmodium vivax]
SCO65125.1           -           3308 7756at5820           -            296   0.00037   18.4   0.1   1   1   6.1e-06   0.00076   17.4   0.1   111   151  3111  3151  3076  3157 0.86 serine/threonine protein kinase, putative [Plasmodium vivax]
SCO68615.1           -            522 7756at5820           -            296    0.0019   16.0   0.5   1   1   2.5e-05     0.003   15.4   0.5   102   187   346   436   300   468 0.69 protein kinase, putative [Plasmodium vivax]
#
# Program:         hmmsearch
# Version:         3.4 (Aug 2023)
# Pipeline mode:   SEARCH
# Query file:      /v3/work/00_inventory/busco/busco_downloads/lineages/plasmodium_odb10/hmms/7756at5820.hmm
# Target file:     /v3/inputs/annotations/ncbi-datasets/PvT01.proteins.fa
# Option settings: hmmsearch --domtblout /v3/work/00_inventory/busco/PvT01_proteins/run_plasmodium_odb10/hmmer_output/initial_run_results/7756at5820.out --cpu 1 /v3/work/00_inventory/busco/busco_downloads/lineages/plasmodium_odb10/hmms/7756at5820.hmm /v3/inputs/annotations/ncbi-datasets/PvT01.proteins.fa 
# Current dir:     /v3/work/00_inventory/busco
# Date:            Tue May 19 19:03:56 2026
# [ok]
