#                                                                            --- full sequence --- -------------- this domain -------------   hmm coord   ali coord   env coord
# target name        accession   tlen query name           accession   qlen   E-value  score  bias   #  of  c-Evalue  i-Evalue  score  bias  from    to  from    to  from    to  acc description of target
#------------------- ---------- ----- -------------------- ---------- ----- --------- ------ ----- --- --- --------- --------- ------ ----- ----- ----- ----- ----- ----- ----- ---- ---------------------
SCO67242.1           -            372 7992at5820           -            328  8.3e-196  648.0  30.1   1   1  1.4e-198  1.4e-195  647.3  30.1     1   328     1   368     1   368 0.94 GTPase-activating protein, putative [Plasmodium vivax]
SCO68662.1           -            547 7992at5820           -            328   3.8e-25   87.2   9.8   1   1   8.6e-28   8.8e-25   85.9   9.8    56   301   250   512   240   518 0.73 TBC domain containing protein [Plasmodium vivax]
SCO66393.1           -           1226 7992at5820           -            328   2.1e-16   58.4  17.0   1   5   2.1e-19   2.1e-16   58.4  17.0    42   299   193   459   180   471 0.77 GTPase-activating protein, putative [Plasmodium vivax]
SCO66393.1           -           1226 7992at5820           -            328   2.1e-16   58.4  17.0   2   5       5.1   5.2e+03   -5.3   2.0    14    33   700   719   690   732 0.61 GTPase-activating protein, putative [Plasmodium vivax]
SCO66393.1           -           1226 7992at5820           -            328   2.1e-16   58.4  17.0   3   5       2.5   2.5e+03   -4.3   1.1    17    52  1073  1108  1064  1118 0.65 GTPase-activating protein, putative [Plasmodium vivax]
SCO66393.1           -           1226 7992at5820           -            328   2.1e-16   58.4  17.0   4   5       4.8   4.8e+03   -5.2   2.5     7    44  1099  1135  1093  1155 0.58 GTPase-activating protein, putative [Plasmodium vivax]
SCO66393.1           -           1226 7992at5820           -            328   2.1e-16   58.4  17.0   5   5      0.46   4.7e+02   -1.9   0.1   171   195  1136  1160  1133  1165 0.83 GTPase-activating protein, putative [Plasmodium vivax]
SCO67830.1           -            740 7992at5820           -            328   4.1e-11   41.0   5.7   1   1   8.4e-14   8.5e-11   40.0   5.7   138   291   336   493   331   510 0.84 GTPase-activating protein, putative [Plasmodium vivax]
SCO69539.1           -            975 7992at5820           -            328   4.3e-08   31.1  15.8   1   1   1.3e-10   1.3e-07   29.5  15.8   136   319   777   955   770   964 0.73 GTPase-activating protein, putative [Plasmodium vivax]
SCO65983.1           -            218 7992at5820           -            328       1.5    6.3  10.7   1   1    0.0022       2.2    5.7  10.7     7    78    32   108    28   120 0.80 conserved protein, unknown function [Plasmodium vivax]
#
# Program:         hmmsearch
# Version:         3.4 (Aug 2023)
# Pipeline mode:   SEARCH
# Query file:      /v3/work/00_inventory/busco/busco_downloads/lineages/plasmodium_odb10/hmms/7992at5820.hmm
# Target file:     /v3/inputs/annotations/ncbi-datasets/PvT01.proteins.fa
# Option settings: hmmsearch --domtblout /v3/work/00_inventory/busco/PvT01_proteins/run_plasmodium_odb10/hmmer_output/initial_run_results/7992at5820.out --cpu 1 /v3/work/00_inventory/busco/busco_downloads/lineages/plasmodium_odb10/hmms/7992at5820.hmm /v3/inputs/annotations/ncbi-datasets/PvT01.proteins.fa 
# Current dir:     /v3/work/00_inventory/busco
# Date:            Tue May 19 19:05:48 2026
# [ok]
