#                                                                            --- full sequence --- -------------- this domain -------------   hmm coord   ali coord   env coord
# target name        accession   tlen query name           accession   qlen   E-value  score  bias   #  of  c-Evalue  i-Evalue  score  bias  from    to  from    to  from    to  acc description of target
#------------------- ---------- ----- -------------------- ---------- ----- --------- ------ ----- --- --- --------- --------- ------ ----- ----- ----- ----- ----- ----- ----- ---- ---------------------
SCO68910.1           -            602 8778at5820           -            422  4.1e-186  617.7  72.4   1   2   2.2e-47   3.4e-44  150.2  33.9     1   129     1   181     1   197 0.84 RNA-binding protein, putative [Plasmodium vivax]
SCO68910.1           -            602 8778at5820           -            422  4.1e-186  617.7  72.4   2   2  4.6e-143    7e-140  465.4  35.4    92   422   176   597   170   597 0.87 RNA-binding protein, putative [Plasmodium vivax]
SCO67292.1           -            316 8778at5820           -            422   0.00082   17.1   0.2   1   2   5.4e-07   0.00082   17.1   0.2   349   414    81   144    63   151 0.88 splicing factor U2AF small subunit, putative [Plasmodium vivax]
SCO67292.1           -            316 8778at5820           -            422   0.00082   17.1   0.2   2   2         4   6.1e+03  -11.0  14.6   195   214   236   255   177   308 0.40 splicing factor U2AF small subunit, putative [Plasmodium vivax]
SCO66658.1           -            725 8778at5820           -            422    0.0018   16.0   0.1   1   1   2.7e-06    0.0041   14.8   0.1   352   418    21    86    16    90 0.89 mRNA processing protein, putative [Plasmodium vivax]
SCO67202.1           -            235 8778at5820           -            422    0.0048   14.6   0.5   1   2   3.2e-06    0.0048   14.6   0.5   254   286    14    46     2    56 0.85 conserved Plasmodium protein, unknown function [Plasmodium vivax]
SCO67202.1           -            235 8778at5820           -            422    0.0048   14.6   0.5   2   2         4   6.1e+03   -7.8  10.6   162   282    87   219    50   228 0.44 conserved Plasmodium protein, unknown function [Plasmodium vivax]
#
# Program:         hmmsearch
# Version:         3.4 (Aug 2023)
# Pipeline mode:   SEARCH
# Query file:      /v3/work/00_inventory/busco/busco_downloads/lineages/plasmodium_odb10/hmms/8778at5820.hmm
# Target file:     /v3/inputs/annotations/ncbi-datasets/PvT01.proteins.fa
# Option settings: hmmsearch --domtblout /v3/work/00_inventory/busco/PvT01_proteins/run_plasmodium_odb10/hmmer_output/initial_run_results/8778at5820.out --cpu 1 /v3/work/00_inventory/busco/busco_downloads/lineages/plasmodium_odb10/hmms/8778at5820.hmm /v3/inputs/annotations/ncbi-datasets/PvT01.proteins.fa 
# Current dir:     /v3/work/00_inventory/busco
# Date:            Tue May 19 19:07:15 2026
# [ok]
