#                                                                            --- full sequence --- -------------- this domain -------------   hmm coord   ali coord   env coord
# target name        accession   tlen query name           accession   qlen   E-value  score  bias   #  of  c-Evalue  i-Evalue  score  bias  from    to  from    to  from    to  acc description of target
#------------------- ---------- ----- -------------------- ---------- ----- --------- ------ ----- --- --- --------- --------- ------ ----- ----- ----- ----- ----- ----- ----- ---- ---------------------
SCO66210.1           -            692 9118at5820           -            445  9.2e-164  544.2  85.7   1   6   0.00078       2.4    5.6   0.0     1    19     1    19     1    23 0.91 U3 small nucleolar ribonucleoprotein protein MPP10, putative [Plasmodium vivax]
SCO66210.1           -            692 9118at5820           -            445  9.2e-164  544.2  85.7   2   6     2e-29   6.1e-26   89.9   3.9    17    82    42   110    37   131 0.92 U3 small nucleolar ribonucleoprotein protein MPP10, putative [Plasmodium vivax]
SCO66210.1           -            692 9118at5820           -            445  9.2e-164  544.2  85.7   3   6   7.9e-17   2.4e-13   48.4  28.7    81   161   190   281   184   290 0.81 U3 small nucleolar ribonucleoprotein protein MPP10, putative [Plasmodium vivax]
SCO66210.1           -            692 9118at5820           -            445  9.2e-164  544.2  85.7   4   6     0.012        36    1.7  18.6   122   168   281   327   268   329 0.66 U3 small nucleolar ribonucleoprotein protein MPP10, putative [Plasmodium vivax]
SCO66210.1           -            692 9118at5820           -            445  9.2e-164  544.2  85.7   5   6   1.5e-27   4.6e-24   83.7   0.2   165   226   352   415   346   426 0.89 U3 small nucleolar ribonucleoprotein protein MPP10, putative [Plasmodium vivax]
SCO66210.1           -            692 9118at5820           -            445  9.2e-164  544.2  85.7   6   6  2.6e-101     8e-98  326.9  14.8   220   443   438   688   433   690 0.89 U3 small nucleolar ribonucleoprotein protein MPP10, putative [Plasmodium vivax]
SCO66796.1           -            220 9118at5820           -            445    0.0022   15.6   9.4   1   2   7.3e-07    0.0022   15.6   9.4   119   177    15    73     7    95 0.70 AP-5 complex subunit sigma-1, putative [Plasmodium vivax]
SCO66796.1           -            220 9118at5820           -            445    0.0022   15.6   9.4   2   2      0.14   4.2e+02   -1.8   0.0   320   349   180   209   131   217 0.63 AP-5 complex subunit sigma-1, putative [Plasmodium vivax]
#
# Program:         hmmsearch
# Version:         3.4 (Aug 2023)
# Pipeline mode:   SEARCH
# Query file:      /v3/work/00_inventory/busco/busco_downloads/lineages/plasmodium_odb10/hmms/9118at5820.hmm
# Target file:     /v3/inputs/annotations/ncbi-datasets/PvT01.proteins.fa
# Option settings: hmmsearch --domtblout /v3/work/00_inventory/busco/PvT01_proteins/run_plasmodium_odb10/hmmer_output/initial_run_results/9118at5820.out --cpu 1 /v3/work/00_inventory/busco/busco_downloads/lineages/plasmodium_odb10/hmms/9118at5820.hmm /v3/inputs/annotations/ncbi-datasets/PvT01.proteins.fa 
# Current dir:     /v3/work/00_inventory/busco
# Date:            Tue May 19 19:08:39 2026
# [ok]
