#                                                                            --- full sequence --- -------------- this domain -------------   hmm coord   ali coord   env coord
# target name        accession   tlen query name           accession   qlen   E-value  score  bias   #  of  c-Evalue  i-Evalue  score  bias  from    to  from    to  from    to  acc description of target
#------------------- ---------- ----- -------------------- ---------- ----- --------- ------ ----- --- --- --------- --------- ------ ----- ----- ----- ----- ----- ----- ----- ---- ---------------------
SCO68410.1           -           1517 952at5820            -           1041         0 1789.8 185.7   1   7  7.8e-158  4.7e-154  513.1  42.6     1   299     1   341     1   344 0.90 conserved Plasmodium protein, unknown function [Plasmodium vivax]
SCO68410.1           -           1517 952at5820            -           1041         0 1789.8 185.7   2   7     3e-69   1.8e-65  219.8  14.3   305   422   404   521   399   532 0.97 conserved Plasmodium protein, unknown function [Plasmodium vivax]
SCO68410.1           -           1517 952at5820            -           1041         0 1789.8 185.7   3   7  4.5e-151  2.8e-147  490.7  45.1   404   660   541   809   530   813 0.94 conserved Plasmodium protein, unknown function [Plasmodium vivax]
SCO68410.1           -           1517 952at5820            -           1041         0 1789.8 185.7   4   7  4.7e-167  2.8e-163  543.6  35.8   660   946   837  1145   831  1164 0.93 conserved Plasmodium protein, unknown function [Plasmodium vivax]
SCO68410.1           -           1517 952at5820            -           1041         0 1789.8 185.7   5   7   1.1e-08   6.8e-05   19.3   2.2   947   989  1216  1277  1213  1285 0.79 conserved Plasmodium protein, unknown function [Plasmodium vivax]
SCO68410.1           -           1517 952at5820            -           1041         0 1789.8 185.7   6   7   2.5e-08   0.00015   18.1   3.7   983  1018  1296  1331  1288  1350 0.82 conserved Plasmodium protein, unknown function [Plasmodium vivax]
SCO68410.1           -           1517 952at5820            -           1041         0 1789.8 185.7   7   7   1.7e-07     0.001   15.4   0.1  1004  1033  1351  1381  1325  1387 0.88 conserved Plasmodium protein, unknown function [Plasmodium vivax]
#
# Program:         hmmsearch
# Version:         3.4 (Aug 2023)
# Pipeline mode:   SEARCH
# Query file:      /v3/work/00_inventory/busco/busco_downloads/lineages/plasmodium_odb10/hmms/952at5820.hmm
# Target file:     /v3/inputs/annotations/ncbi-datasets/PvT01.proteins.fa
# Option settings: hmmsearch --domtblout /v3/work/00_inventory/busco/PvT01_proteins/run_plasmodium_odb10/hmmer_output/initial_run_results/952at5820.out --cpu 1 /v3/work/00_inventory/busco/busco_downloads/lineages/plasmodium_odb10/hmms/952at5820.hmm /v3/inputs/annotations/ncbi-datasets/PvT01.proteins.fa 
# Current dir:     /v3/work/00_inventory/busco
# Date:            Tue May 19 19:12:03 2026
# [ok]
