	Command being timed: "pggb -i cactus_2way/input/pggb_2way.fa.gz -o cactus_2way/pggb_out -n 2 -s 5000 -p 90 -t 8 -Y #"
	User time (seconds): 1253.44
	System time (seconds): 598.55
	Percent of CPU this job got: 611%
	Elapsed (wall clock) time (h:mm:ss or m:ss): 5:02.73
	Average shared text size (kbytes): 0
	Average unshared data size (kbytes): 0
	Average stack size (kbytes): 0
	Average total size (kbytes): 0
	Maximum resident set size (kbytes): 2342636
	Average resident set size (kbytes): 0
	Major (requiring I/O) page faults: 150
	Minor (reclaiming a frame) page faults: 384436549
	Voluntary context switches: 4372591
	Involuntary context switches: 37233
	Swaps: 0
	File system inputs: 19232
	File system outputs: 2294488
	Socket messages sent: 0
	Socket messages received: 0
	Signals delivered: 0
	Page size (bytes): 4096
	Exit status: 0
