#                                                                            --- full sequence --- -------------- this domain -------------   hmm coord   ali coord   env coord
# target name        accession   tlen query name           accession   qlen   E-value  score  bias   #  of  c-Evalue  i-Evalue  score  bias  from    to  from    to  from    to  acc description of target
#------------------- ---------- ----- -------------------- ---------- ----- --------- ------ ----- --- --- --------- --------- ------ ----- ----- ----- ----- ----- ----- ----- ---- ---------------------
CAI7721309.1         -            256 12251at5820          -            205     2e-95  316.8  34.8   1   2     8e-06     0.013   13.7   5.4     1    20    23    42    23    51 0.87 | transcript=PVPAM_110021200_t1 | gene=PVPAM_110021200 | organism=Plasmodium_vivax_PAM | gene_product=60S ribosomal protein L7-2, putative | transcript_product=60S ribosomal protein L7-2, putative | location=CASCJQ010000011:685340-686765(+) | protein_length=256 | sequence_SO=supercontig | SO=protein_coding_gene | is_pseudo=false
CAI7721309.1         -            256 12251at5820          -            205     2e-95  316.8  34.8   2   2     4e-96   6.5e-93  308.6  22.3    10   205    49   256    45   256 0.94 | transcript=PVPAM_110021200_t1 | gene=PVPAM_110021200 | organism=Plasmodium_vivax_PAM | gene_product=60S ribosomal protein L7-2, putative | transcript_product=60S ribosomal protein L7-2, putative | location=CASCJQ010000011:685340-686765(+) | protein_length=256 | sequence_SO=supercontig | SO=protein_coding_gene | is_pseudo=false
CAI7720231.1         -            256 12251at5820          -            205   6.3e-07   27.8  15.4   1   2       0.3   4.9e+02   -1.2   3.9    28    53    17    42     4    46 0.68 | transcript=PVPAM_080045400_t1 | gene=PVPAM_080045400 | organism=Plasmodium_vivax_PAM | gene_product=60S ribosomal protein L7, putative | transcript_product=60S ribosomal protein L7, putative | location=CASCJQ010000008:1774482-1775656(+) | protein_length=256 | sequence_SO=supercontig | SO=protein_coding_gene | is_pseudo=false
CAI7720231.1         -            256 12251at5820          -            205   6.3e-07   27.8  15.4   2   2   3.9e-10   6.3e-07   27.8  15.4     4   159    37   205    33   220 0.79 | transcript=PVPAM_080045400_t1 | gene=PVPAM_080045400 | organism=Plasmodium_vivax_PAM | gene_product=60S ribosomal protein L7, putative | transcript_product=60S ribosomal protein L7, putative | location=CASCJQ010000008:1774482-1775656(+) | protein_length=256 | sequence_SO=supercontig | SO=protein_coding_gene | is_pseudo=false
CAI7718321.1         -            493 12251at5820          -            205   0.00033   18.9   1.5   1   1   3.9e-07   0.00063   18.0   1.5   118   168    55   107    21   112 0.82 | transcript=PVPAM_040006700_t1 | gene=PVPAM_040006700 | organism=Plasmodium_vivax_PAM | gene_product=PIR protein | transcript_product=PIR protein | location=CASCJQ010000004:72666-74240(+) | protein_length=493 | sequence_SO=supercontig | SO=protein_coding_gene | is_pseudo=false
CAI7719370.1         -            541 12251at5820          -            205   0.00079   17.7   2.0   1   2   4.9e-07   0.00079   17.7   2.0   118   167    55   105    32   109 0.82 | transcript=PVPAM_060037800_t1 | gene=PVPAM_060037800 | organism=Plasmodium_vivax_PAM | gene_product=PIR protein | transcript_product=PIR protein | location=CASCJQ010000006:1369718-1371437(-) | protein_length=541 | sequence_SO=supercontig | SO=protein_coding_gene | is_pseudo=false
CAI7719370.1         -            541 12251at5820          -            205   0.00079   17.7   2.0   2   2       1.5   2.5e+03   -3.5   0.0   149   180   453   482   449   485 0.69 | transcript=PVPAM_060037800_t1 | gene=PVPAM_060037800 | organism=Plasmodium_vivax_PAM | gene_product=PIR protein | transcript_product=PIR protein | location=CASCJQ010000006:1369718-1371437(-) | protein_length=541 | sequence_SO=supercontig | SO=protein_coding_gene | is_pseudo=false
#
# Program:         hmmsearch
# Version:         3.4 (Aug 2023)
# Pipeline mode:   SEARCH
# Query file:      /v3/work/00_inventory/busco/busco_downloads/lineages/plasmodium_odb10/hmms/12251at5820.hmm
# Target file:     /v3/inputs/annotations/plasmodb-68/PAM.proteins.fa
# Option settings: hmmsearch --domtblout /v3/work/00_inventory/busco/PAM_proteins/run_plasmodium_odb10/hmmer_output/initial_run_results/12251at5820.out --cpu 1 /v3/work/00_inventory/busco/busco_downloads/lineages/plasmodium_odb10/hmms/12251at5820.hmm /v3/inputs/annotations/plasmodb-68/PAM.proteins.fa 
# Current dir:     /v3/work/00_inventory/busco
# Date:            Tue May 19 17:26:20 2026
# [ok]
