#                                                                            --- full sequence --- -------------- this domain -------------   hmm coord   ali coord   env coord
# target name        accession   tlen query name           accession   qlen   E-value  score  bias   #  of  c-Evalue  i-Evalue  score  bias  from    to  from    to  from    to  acc description of target
#------------------- ---------- ----- -------------------- ---------- ----- --------- ------ ----- --- --- --------- --------- ------ ----- ----- ----- ----- ----- ----- ----- ---- ---------------------
CAI7719315.1         -            211 12365at5820          -            182    4e-108  357.5  19.1   1   2   1.3e-13   1.7e-10   39.3   1.0     1    35     1    35     1    51 0.86 | transcript=PVPAM_060032200_t1 | gene=PVPAM_060032200 | organism=Plasmodium_vivax_PAM | gene_product=phosducin-like protein 2, putative | transcript_product=phosducin-like protein 2, putative | location=CASCJQ010000006:1102174-1103936(-) | protein_length=211 | sequence_SO=supercontig | SO=protein_coding_gene | is_pseudo=false
CAI7719315.1         -            211 12365at5820          -            182    4e-108  357.5  19.1   2   2  9.5e-101   1.2e-97  323.4  11.4    29   182    57   210    40   210 0.96 | transcript=PVPAM_060032200_t1 | gene=PVPAM_060032200 | organism=Plasmodium_vivax_PAM | gene_product=phosducin-like protein 2, putative | transcript_product=phosducin-like protein 2, putative | location=CASCJQ010000006:1102174-1103936(-) | protein_length=211 | sequence_SO=supercontig | SO=protein_coding_gene | is_pseudo=false
CAI7719961.1         -            193 12365at5820          -            182   6.8e-23   79.8  11.7   1   1   6.2e-26     8e-23   79.5  11.7    21   177    32   192    10   193 0.88 | transcript=PVPAM_080018400_t1 | gene=PVPAM_080018400 | organism=Plasmodium_vivax_PAM | gene_product=phosducin-like protein 3, putative | transcript_product=phosducin-like protein 3, putative | location=CASCJQ010000008:631518-632099(-) | protein_length=193 | sequence_SO=supercontig | SO=protein_coding_gene | is_pseudo=false
CAI7722312.1         -            104 12365at5820          -            182   0.00027   19.2   0.1   1   1   2.5e-07   0.00032   18.9   0.1    65   151     8    94     2   101 0.92 | transcript=PVPAM_120054900_t1 | gene=PVPAM_120054900 | organism=Plasmodium_vivax_PAM | gene_product=thioredoxin 1, putative | transcript_product=thioredoxin 1, putative | location=CASCJQ010000012:2015654-2016102(+) | protein_length=104 | sequence_SO=supercontig | SO=protein_coding_gene | is_pseudo=false
CAI7720972.1         -            358 12365at5820          -            182    0.0074   14.5   0.9   1   2      0.16   2.1e+02   -0.0   1.2    29    72    60   108    28   113 0.74 | transcript=PVPAM_100024000_t1 | gene=PVPAM_100024000 | organism=Plasmodium_vivax_PAM | gene_product=phosducin-like protein 1, putative | transcript_product=phosducin-like protein 1, putative | location=CASCJQ010000010:843191-844267(+) | protein_length=358 | sequence_SO=supercontig | SO=protein_coding_gene | is_pseudo=false
CAI7720972.1         -            358 12365at5820          -            182    0.0074   14.5   0.9   2   2   5.7e-06    0.0074   14.5   0.9    76   145   161   227   157   257 0.71 | transcript=PVPAM_100024000_t1 | gene=PVPAM_100024000 | organism=Plasmodium_vivax_PAM | gene_product=phosducin-like protein 1, putative | transcript_product=phosducin-like protein 1, putative | location=CASCJQ010000010:843191-844267(+) | protein_length=358 | sequence_SO=supercontig | SO=protein_coding_gene | is_pseudo=false
CAI7720611.1         -            404 12365at5820          -            182       2.8    6.1  13.2   1   2      0.15   1.9e+02    0.1   0.0    98   130   132   163   115   198 0.69 | transcript=PVPAM_090037500_t1 | gene=PVPAM_090037500 | organism=Plasmodium_vivax_PAM | gene_product=pre-mRNA-splicing factor 38A, putative | transcript_product=pre-mRNA-splicing factor 38A, putative | location=CASCJQ010000009:1439359-1440739(-) | protein_length=404 | sequence_SO=supercontig | SO=protein_coding_gene | is_pseudo=false
CAI7720611.1         -            404 12365at5820          -            182       2.8    6.1  13.2   2   2    0.0026       3.4    5.8  10.3    26    70   342   387   327   394 0.79 | transcript=PVPAM_090037500_t1 | gene=PVPAM_090037500 | organism=Plasmodium_vivax_PAM | gene_product=pre-mRNA-splicing factor 38A, putative | transcript_product=pre-mRNA-splicing factor 38A, putative | location=CASCJQ010000009:1439359-1440739(-) | protein_length=404 | sequence_SO=supercontig | SO=protein_coding_gene | is_pseudo=false
#
# Program:         hmmsearch
# Version:         3.4 (Aug 2023)
# Pipeline mode:   SEARCH
# Query file:      /v3/work/00_inventory/busco/busco_downloads/lineages/plasmodium_odb10/hmms/12365at5820.hmm
# Target file:     /v3/inputs/annotations/plasmodb-68/PAM.proteins.fa
# Option settings: hmmsearch --domtblout /v3/work/00_inventory/busco/PAM_proteins/run_plasmodium_odb10/hmmer_output/initial_run_results/12365at5820.out --cpu 1 /v3/work/00_inventory/busco/busco_downloads/lineages/plasmodium_odb10/hmms/12365at5820.hmm /v3/inputs/annotations/plasmodb-68/PAM.proteins.fa 
# Current dir:     /v3/work/00_inventory/busco
# Date:            Tue May 19 17:26:37 2026
# [ok]
