#                                                                            --- full sequence --- -------------- this domain -------------   hmm coord   ali coord   env coord
# target name        accession   tlen query name           accession   qlen   E-value  score  bias   #  of  c-Evalue  i-Evalue  score  bias  from    to  from    to  from    to  acc description of target
#------------------- ---------- ----- -------------------- ---------- ----- --------- ------ ----- --- --- --------- --------- ------ ----- ----- ----- ----- ----- ----- ----- ---- ---------------------
CAI7723792.1         -            408 12492at5820          -            312    1e-143  477.0  39.5   1   3  7.8e-147    1e-143  477.0  39.5     1   303     1   304     1   311 0.81 | transcript=PVPAM_140071500_t1 | gene=PVPAM_140071500 | organism=Plasmodium_vivax_PAM | gene_product=epsin-like protein, putative | transcript_product=epsin-like protein, putative | location=CASCJQ010000014:2827986-2829565(+) | protein_length=408 | sequence_SO=supercontig | SO=protein_coding_gene | is_pseudo=false
CAI7723792.1         -            408 12492at5820          -            312    1e-143  477.0  39.5   2   3      0.22   2.9e+02   -0.8  31.9   225   297   284   356   281   357 0.68 | transcript=PVPAM_140071500_t1 | gene=PVPAM_140071500 | organism=Plasmodium_vivax_PAM | gene_product=epsin-like protein, putative | transcript_product=epsin-like protein, putative | location=CASCJQ010000014:2827986-2829565(+) | protein_length=408 | sequence_SO=supercontig | SO=protein_coding_gene | is_pseudo=false
CAI7723792.1         -            408 12492at5820          -            312    1e-143  477.0  39.5   3   3     0.056        73    1.1  53.1   229   311   312   393   306   395 0.60 | transcript=PVPAM_140071500_t1 | gene=PVPAM_140071500 | organism=Plasmodium_vivax_PAM | gene_product=epsin-like protein, putative | transcript_product=epsin-like protein, putative | location=CASCJQ010000014:2827986-2829565(+) | protein_length=408 | sequence_SO=supercontig | SO=protein_coding_gene | is_pseudo=false
CAI7723781.1         -            205 12492at5820          -            312      0.37    8.7  46.3   1   1   0.00036      0.46    8.4  46.3   182   311    58   189    33   191 0.64 | transcript=PVPAM_140070400_t1 | gene=PVPAM_140070400 | organism=Plasmodium_vivax_PAM | gene_product=(malaria parasite P. vivax) hypothetical protein [Source:UniProtKB/TrEMBL;Acc:A0A1G4H5X8] | transcript_product=(malaria parasite P. vivax) hypothetical protein [Source:UniProtKB/TrEMBL;Acc:A0A1G4H5X8] | location=CASCJQ010000014:2791558-2792523(+) | protein_length=205 | sequence_SO=supercontig | SO=protein_coding_gene | is_pseudo=false
CAI7722567.1         -            403 12492at5820          -            312      0.45    8.4  15.4   1   1   0.00053      0.68    7.8  15.4   254   307   143   196   121   201 0.68 | transcript=PVPAM_130007000_t1 | gene=PVPAM_130007000 | organism=Plasmodium_vivax_PAM | gene_product=lysophospholipase, putative | transcript_product=lysophospholipase, putative | location=CASCJQ010000013:92823-94034(+) | protein_length=403 | sequence_SO=supercontig | SO=protein_coding_gene | is_pseudo=false
CAI7719107.1         -            647 12492at5820          -            312       3.2    5.6  21.6   1   1    0.0078        10    4.0  21.6   207   309   536   638   516   641 0.50 | transcript=PVPAM_060011400_t1 | gene=PVPAM_060011400 | organism=Plasmodium_vivax_PAM | gene_product=PIR protein | transcript_product=PIR protein | location=CASCJQ010000006:282993-285186(-) | protein_length=647 | sequence_SO=supercontig | SO=protein_coding_gene | is_pseudo=false
CAI7721064.1         -            598 12492at5820          -            312       3.7    5.4   8.1   1   1    0.0052       6.7    4.5   8.1   261   286    78   103    62   119 0.72 | transcript=PVPAM_100033200_t1 | gene=PVPAM_100033200 | organism=Plasmodium_vivax_PAM | gene_product=subtilisin-like protease 3, putative | transcript_product=subtilisin-like protease 3, putative | location=CASCJQ010000010:1220685-1222481(+) | protein_length=598 | sequence_SO=supercontig | SO=protein_coding_gene | is_pseudo=false
#
# Program:         hmmsearch
# Version:         3.4 (Aug 2023)
# Pipeline mode:   SEARCH
# Query file:      /v3/work/00_inventory/busco/busco_downloads/lineages/plasmodium_odb10/hmms/12492at5820.hmm
# Target file:     /v3/inputs/annotations/plasmodb-68/PAM.proteins.fa
# Option settings: hmmsearch --domtblout /v3/work/00_inventory/busco/PAM_proteins/run_plasmodium_odb10/hmmer_output/initial_run_results/12492at5820.out --cpu 1 /v3/work/00_inventory/busco/busco_downloads/lineages/plasmodium_odb10/hmms/12492at5820.hmm /v3/inputs/annotations/plasmodb-68/PAM.proteins.fa 
# Current dir:     /v3/work/00_inventory/busco
# Date:            Tue May 19 17:27:03 2026
# [ok]
