#                                                                            --- full sequence --- -------------- this domain -------------   hmm coord   ali coord   env coord
# target name        accession   tlen query name           accession   qlen   E-value  score  bias   #  of  c-Evalue  i-Evalue  score  bias  from    to  from    to  from    to  acc description of target
#------------------- ---------- ----- -------------------- ---------- ----- --------- ------ ----- --- --- --------- --------- ------ ----- ----- ----- ----- ----- ----- ----- ---- ---------------------
CAI7723718.1         -            210 13234at5820          -             33   6.1e-24   82.1   5.2   1   3       2.5   5.3e+03   -4.0   0.9    14    20    16    22    16    25 0.49 | transcript=PVPAM_140064200_t1 | gene=PVPAM_140064200 | organism=Plasmodium_vivax_PAM | gene_product=DUF4149 domain-containing protein [Source:UniProtKB/TrEMBL;Acc:A0A1G4H5J4] | transcript_product=DUF4149 domain-containing protein [Source:UniProtKB/TrEMBL;Acc:A0A1G4H5J4] | location=CASCJQ010000014:2545029-2546266(+) | protein_length=210 | sequence_SO=supercontig | SO=protein_coding_gene | is_pseudo=false
CAI7723718.1         -            210 13234at5820          -             33   6.1e-24   82.1   5.2   2   3     0.089   1.9e+02    0.6   0.0     5    18    98   111    94   118 0.82 | transcript=PVPAM_140064200_t1 | gene=PVPAM_140064200 | organism=Plasmodium_vivax_PAM | gene_product=DUF4149 domain-containing protein [Source:UniProtKB/TrEMBL;Acc:A0A1G4H5J4] | transcript_product=DUF4149 domain-containing protein [Source:UniProtKB/TrEMBL;Acc:A0A1G4H5J4] | location=CASCJQ010000014:2545029-2546266(+) | protein_length=210 | sequence_SO=supercontig | SO=protein_coding_gene | is_pseudo=false
CAI7723718.1         -            210 13234at5820          -             33   6.1e-24   82.1   5.2   3   3   2.8e-27   6.1e-24   82.1   5.2     1    33   178   210   178   210 0.99 | transcript=PVPAM_140064200_t1 | gene=PVPAM_140064200 | organism=Plasmodium_vivax_PAM | gene_product=DUF4149 domain-containing protein [Source:UniProtKB/TrEMBL;Acc:A0A1G4H5J4] | transcript_product=DUF4149 domain-containing protein [Source:UniProtKB/TrEMBL;Acc:A0A1G4H5J4] | location=CASCJQ010000014:2545029-2546266(+) | protein_length=210 | sequence_SO=supercontig | SO=protein_coding_gene | is_pseudo=false
CAI7722139.1         -            260 13234at5820          -             33     0.029   12.8   3.5   1   2   4.9e-05      0.11   11.0   2.0     5    27   117   139   115   145 0.84 | transcript=PVPAM_120037700_t1 | gene=PVPAM_120037700 | organism=Plasmodium_vivax_PAM | gene_product=protein transport protein SFT2, putative | transcript_product=protein transport protein SFT2, putative | location=CASCJQ010000012:1303218-1304454(-) | protein_length=260 | sequence_SO=supercontig | SO=protein_coding_gene | is_pseudo=false
CAI7722139.1         -            260 13234at5820          -             33     0.029   12.8   3.5   2   2      0.17   3.8e+02   -0.4   0.0     4    21   180   198   178   202 0.70 | transcript=PVPAM_120037700_t1 | gene=PVPAM_120037700 | organism=Plasmodium_vivax_PAM | gene_product=protein transport protein SFT2, putative | transcript_product=protein transport protein SFT2, putative | location=CASCJQ010000012:1303218-1304454(-) | protein_length=260 | sequence_SO=supercontig | SO=protein_coding_gene | is_pseudo=false
CAI7721608.1         -            353 13234at5820          -             33     0.096   11.1   3.2   1   2   0.00013      0.29    9.6   1.1    12    31    86   106    75   107 0.83 | transcript=PVPAM_110051200_t1 | gene=PVPAM_110051200 | organism=Plasmodium_vivax_PAM | gene_product=geranylgeranyl transferase type-2 subunit beta, putative | transcript_product=geranylgeranyl transferase type-2 subunit beta, putative | location=CASCJQ010000011:1930230-1931291(-) | protein_length=353 | sequence_SO=supercontig | SO=protein_coding_gene | is_pseudo=false
CAI7721608.1         -            353 13234at5820          -             33     0.096   11.1   3.2   2   2       0.1   2.2e+02    0.4   0.0    10    20   301   311   300   313 0.84 | transcript=PVPAM_110051200_t1 | gene=PVPAM_110051200 | organism=Plasmodium_vivax_PAM | gene_product=geranylgeranyl transferase type-2 subunit beta, putative | transcript_product=geranylgeranyl transferase type-2 subunit beta, putative | location=CASCJQ010000011:1930230-1931291(-) | protein_length=353 | sequence_SO=supercontig | SO=protein_coding_gene | is_pseudo=false
#
# Program:         hmmsearch
# Version:         3.4 (Aug 2023)
# Pipeline mode:   SEARCH
# Query file:      /v3/work/00_inventory/busco/busco_downloads/lineages/plasmodium_odb10/hmms/13234at5820.hmm
# Target file:     /v3/inputs/annotations/plasmodb-68/PAM.proteins.fa
# Option settings: hmmsearch --domtblout /v3/work/00_inventory/busco/PAM_proteins/run_plasmodium_odb10/hmmer_output/initial_run_results/13234at5820.out --cpu 1 /v3/work/00_inventory/busco/busco_downloads/lineages/plasmodium_odb10/hmms/13234at5820.hmm /v3/inputs/annotations/plasmodb-68/PAM.proteins.fa 
# Current dir:     /v3/work/00_inventory/busco
# Date:            Tue May 19 17:29:08 2026
# [ok]
