#                                                                            --- full sequence --- -------------- this domain -------------   hmm coord   ali coord   env coord
# target name        accession   tlen query name           accession   qlen   E-value  score  bias   #  of  c-Evalue  i-Evalue  score  bias  from    to  from    to  from    to  acc description of target
#------------------- ---------- ----- -------------------- ---------- ----- --------- ------ ----- --- --- --------- --------- ------ ----- ----- ----- ----- ----- ----- ----- ---- ---------------------
CAI7722919.1         -            161 13951at5820          -            105   3.7e-48  160.9  19.6   1   2     2e-30   3.2e-27   93.6   3.2     3    60    31    88    25    92 0.93 | transcript=PVPAM_130042100_t1 | gene=PVPAM_130042100 | organism=Plasmodium_vivax_PAM | gene_product=copper transporter, putative | transcript_product=copper transporter, putative | location=CASCJQ010000013:1631869-1632354(+) | protein_length=161 | sequence_SO=supercontig | SO=protein_coding_gene | is_pseudo=false
CAI7722919.1         -            161 13951at5820          -            105   3.7e-48  160.9  19.6   2   2     4e-24   6.5e-21   73.3   8.7    47   105   101   159    99   159 0.97 | transcript=PVPAM_130042100_t1 | gene=PVPAM_130042100 | organism=Plasmodium_vivax_PAM | gene_product=copper transporter, putative | transcript_product=copper transporter, putative | location=CASCJQ010000013:1631869-1632354(+) | protein_length=161 | sequence_SO=supercontig | SO=protein_coding_gene | is_pseudo=false
CAI7722495.1         -            324 13951at5820          -            105   2.5e-19   68.2   8.7   1   2   6.4e-09     1e-05   24.4   0.0     8    58   176   226   169   233 0.91 | transcript=PVPAM_120073200_t1 | gene=PVPAM_120073200 | organism=Plasmodium_vivax_PAM | gene_product=copper transporter, putative | transcript_product=copper transporter, putative | location=CASCJQ010000012:2832431-2833581(-) | protein_length=324 | sequence_SO=supercontig | SO=protein_coding_gene | is_pseudo=false
CAI7722495.1         -            324 13951at5820          -            105   2.5e-19   68.2   8.7   2   2   4.6e-15   7.4e-12   44.2   5.8    62   104   255   297   245   298 0.92 | transcript=PVPAM_120073200_t1 | gene=PVPAM_120073200 | organism=Plasmodium_vivax_PAM | gene_product=copper transporter, putative | transcript_product=copper transporter, putative | location=CASCJQ010000012:2832431-2833581(-) | protein_length=324 | sequence_SO=supercontig | SO=protein_coding_gene | is_pseudo=false
CAI7719082.1         -            456 13951at5820          -            105     0.064   12.2   1.6   1   1   0.00014      0.22   10.5   1.6     3    77   126   202   124   207 0.74 | transcript=PVPAM_060008900_t1 | gene=PVPAM_060008900 | organism=Plasmodium_vivax_PAM | gene_product=PIR protein | transcript_product=PIR protein | location=CASCJQ010000006:170861-172528(+) | protein_length=456 | sequence_SO=supercontig | SO=protein_coding_gene | is_pseudo=false
CAI7722353.1         -             76 13951at5820          -            105       1.4    7.9  12.7   1   2      0.13   2.1e+02    0.9   1.5    34    60     3    30     1    41 0.61 | transcript=PVPAM_120058900_t1 | gene=PVPAM_120058900 | organism=Plasmodium_vivax_PAM | gene_product=Yos1-like protein, putative | transcript_product=Yos1-like protein, putative | location=CASCJQ010000012:2182568-2182798(-) | protein_length=76 | sequence_SO=supercontig | SO=protein_coding_gene | is_pseudo=false
CAI7722353.1         -             76 13951at5820          -            105       1.4    7.9  12.7   2   2   3.8e-05     0.061   12.3   4.6    20    50    44    74    32    75 0.87 | transcript=PVPAM_120058900_t1 | gene=PVPAM_120058900 | organism=Plasmodium_vivax_PAM | gene_product=Yos1-like protein, putative | transcript_product=Yos1-like protein, putative | location=CASCJQ010000012:2182568-2182798(-) | protein_length=76 | sequence_SO=supercontig | SO=protein_coding_gene | is_pseudo=false
#
# Program:         hmmsearch
# Version:         3.4 (Aug 2023)
# Pipeline mode:   SEARCH
# Query file:      /v3/work/00_inventory/busco/busco_downloads/lineages/plasmodium_odb10/hmms/13951at5820.hmm
# Target file:     /v3/inputs/annotations/plasmodb-68/PAM.proteins.fa
# Option settings: hmmsearch --domtblout /v3/work/00_inventory/busco/PAM_proteins/run_plasmodium_odb10/hmmer_output/initial_run_results/13951at5820.out --cpu 1 /v3/work/00_inventory/busco/busco_downloads/lineages/plasmodium_odb10/hmms/13951at5820.hmm /v3/inputs/annotations/plasmodb-68/PAM.proteins.fa 
# Current dir:     /v3/work/00_inventory/busco
# Date:            Tue May 19 17:31:57 2026
# [ok]
