#                                                                            --- full sequence --- -------------- this domain -------------   hmm coord   ali coord   env coord
# target name        accession   tlen query name           accession   qlen   E-value  score  bias   #  of  c-Evalue  i-Evalue  score  bias  from    to  from    to  from    to  acc description of target
#------------------- ---------- ----- -------------------- ---------- ----- --------- ------ ----- --- --- --------- --------- ------ ----- ----- ----- ----- ----- ----- ----- ---- ---------------------
CAI7718437.1         -            141 14548at5820          -             78     4e-49  163.7  15.7   1   1     7e-52   7.5e-49  162.8  15.7     1    78    59   139    59   139 0.98 | transcript=PVPAM_040018300_t1 | gene=PVPAM_040018300 | organism=Plasmodium_vivax_PAM | gene_product=AP-2 complex subunit sigma, putative | transcript_product=AP-2 complex subunit sigma, putative | location=CASCJQ010000004:574039-574973(+) | protein_length=141 | sequence_SO=supercontig | SO=protein_coding_gene | is_pseudo=false
CAI7720464.1         -            155 14548at5820          -             78   1.5e-18   65.8   3.2   1   1     2e-21   2.2e-18   65.2   3.2     2    73    60   135    59   139 0.89 | transcript=PVPAM_090022900_t1 | gene=PVPAM_090022900 | organism=Plasmodium_vivax_PAM | gene_product=AP-1 complex subunit sigma, putative | transcript_product=AP-1 complex subunit sigma, putative | location=CASCJQ010000009:834776-835387(+) | protein_length=155 | sequence_SO=supercontig | SO=protein_coding_gene | is_pseudo=false
CAI7723841.1         -            157 14548at5820          -             78   7.1e-18   63.6   6.1   1   1   1.1e-20   1.2e-17   62.9   6.1     1    78    65   146    65   146 0.94 | transcript=PVPAM_140076400_t1 | gene=PVPAM_140076400 | organism=Plasmodium_vivax_PAM | gene_product=AP-3 complex subunit sigma, putative | transcript_product=AP-3 complex subunit sigma, putative | location=CASCJQ010000014:3004919-3006249(+) | protein_length=157 | sequence_SO=supercontig | SO=protein_coding_gene | is_pseudo=false
CAI7719001.1         -            146 14548at5820          -             78     7e-15   54.0   4.7   1   1     1e-17   1.1e-14   53.4   4.7     1    73    59   136    59   141 0.90 | transcript=PVPAM_050039300_t1 | gene=PVPAM_050039300 | organism=Plasmodium_vivax_PAM | gene_product=AP-4 complex subunit sigma, putative | transcript_product=AP-4 complex subunit sigma, putative | location=CASCJQ010000005:1455070-1455723(-) | protein_length=146 | sequence_SO=supercontig | SO=protein_coding_gene | is_pseudo=false
CAI7718903.1         -            208 14548at5820          -             78   0.00013   21.1   1.1   1   1   3.5e-07   0.00038   19.6   1.1    11    73   113   176    92   179 0.88 | transcript=PVPAM_050029500_t1 | gene=PVPAM_050029500 | organism=Plasmodium_vivax_PAM | gene_product=coatomer subunit zeta, putative | transcript_product=coatomer subunit zeta, putative | location=CASCJQ010000005:1021248-1021874(-) | protein_length=208 | sequence_SO=supercontig | SO=protein_coding_gene | is_pseudo=false
CAI7720478.1         -            478 14548at5820          -             78      0.33   10.2   9.2   1   3   1.8e-05      0.02   14.1   2.2    10    66    71   127    58   139 0.83 | transcript=PVPAM_090024300_t1 | gene=PVPAM_090024300 | organism=Plasmodium_vivax_PAM | gene_product=AP-4 complex subunit mu, putative | transcript_product=AP-4 complex subunit mu, putative | location=CASCJQ010000009:882560-884344(+) | protein_length=478 | sequence_SO=supercontig | SO=protein_coding_gene | is_pseudo=false
CAI7720478.1         -            478 14548at5820          -             78      0.33   10.2   9.2   2   3       4.2   4.5e+03   -3.1   0.0    37    56   227   248   215   254 0.49 | transcript=PVPAM_090024300_t1 | gene=PVPAM_090024300 | organism=Plasmodium_vivax_PAM | gene_product=AP-4 complex subunit mu, putative | transcript_product=AP-4 complex subunit mu, putative | location=CASCJQ010000009:882560-884344(+) | protein_length=478 | sequence_SO=supercontig | SO=protein_coding_gene | is_pseudo=false
CAI7720478.1         -            478 14548at5820          -             78      0.33   10.2   9.2   3   3      0.99   1.1e+03   -1.1   0.1     1    48   327   376   327   403 0.62 | transcript=PVPAM_090024300_t1 | gene=PVPAM_090024300 | organism=Plasmodium_vivax_PAM | gene_product=AP-4 complex subunit mu, putative | transcript_product=AP-4 complex subunit mu, putative | location=CASCJQ010000009:882560-884344(+) | protein_length=478 | sequence_SO=supercontig | SO=protein_coding_gene | is_pseudo=false
#
# Program:         hmmsearch
# Version:         3.4 (Aug 2023)
# Pipeline mode:   SEARCH
# Query file:      /v3/work/00_inventory/busco/busco_downloads/lineages/plasmodium_odb10/hmms/14548at5820.hmm
# Target file:     /v3/inputs/annotations/plasmodb-68/PAM.proteins.fa
# Option settings: hmmsearch --domtblout /v3/work/00_inventory/busco/PAM_proteins/run_plasmodium_odb10/hmmer_output/initial_run_results/14548at5820.out --cpu 1 /v3/work/00_inventory/busco/busco_downloads/lineages/plasmodium_odb10/hmms/14548at5820.hmm /v3/inputs/annotations/plasmodb-68/PAM.proteins.fa 
# Current dir:     /v3/work/00_inventory/busco
# Date:            Tue May 19 17:33:47 2026
# [ok]
