#                                                                            --- full sequence --- -------------- this domain -------------   hmm coord   ali coord   env coord
# target name        accession   tlen query name           accession   qlen   E-value  score  bias   #  of  c-Evalue  i-Evalue  score  bias  from    to  from    to  from    to  acc description of target
#------------------- ---------- ----- -------------------- ---------- ----- --------- ------ ----- --- --- --------- --------- ------ ----- ----- ----- ----- ----- ----- ----- ---- ---------------------
CAI7723263.1         -           1533 1459at5820           -           1002         0 1717.6 170.1   1   8  9.7e-110  6.3e-106  354.2  22.7     1   197     1   215     1   224 0.93 | transcript=PVPAM_140018200_t1 | gene=PVPAM_140018200 | organism=Plasmodium_vivax_PAM | gene_product=vacuolar protein sorting-associated protein 18, putative | transcript_product=vacuolar protein sorting-associated protein 18, putative | location=CASCJQ010000014:616760-621361(+) | protein_length=1533 | sequence_SO=supercontig | SO=protein_coding_gene | is_pseudo=false
CAI7723263.1         -           1533 1459at5820           -           1002         0 1717.6 170.1   2   8   1.1e-25   6.9e-22   76.0   0.3   197   241   241   285   228   294 0.92 | transcript=PVPAM_140018200_t1 | gene=PVPAM_140018200 | organism=Plasmodium_vivax_PAM | gene_product=vacuolar protein sorting-associated protein 18, putative | transcript_product=vacuolar protein sorting-associated protein 18, putative | location=CASCJQ010000014:616760-621361(+) | protein_length=1533 | sequence_SO=supercontig | SO=protein_coding_gene | is_pseudo=false
CAI7723263.1         -           1533 1459at5820           -           1002         0 1717.6 170.1   3   8   2.9e-11   1.8e-07   28.2   0.8   250   282   413   453   399   464 0.81 | transcript=PVPAM_140018200_t1 | gene=PVPAM_140018200 | organism=Plasmodium_vivax_PAM | gene_product=vacuolar protein sorting-associated protein 18, putative | transcript_product=vacuolar protein sorting-associated protein 18, putative | location=CASCJQ010000014:616760-621361(+) | protein_length=1533 | sequence_SO=supercontig | SO=protein_coding_gene | is_pseudo=false
CAI7723263.1         -           1533 1459at5820           -           1002         0 1717.6 170.1   4   8   1.4e-42   8.9e-39  131.9   3.8   278   375   485   582   480   596 0.91 | transcript=PVPAM_140018200_t1 | gene=PVPAM_140018200 | organism=Plasmodium_vivax_PAM | gene_product=vacuolar protein sorting-associated protein 18, putative | transcript_product=vacuolar protein sorting-associated protein 18, putative | location=CASCJQ010000014:616760-621361(+) | protein_length=1533 | sequence_SO=supercontig | SO=protein_coding_gene | is_pseudo=false
CAI7723263.1         -           1533 1459at5820           -           1002         0 1717.6 170.1   5   8   2.5e-43   1.6e-39  134.3  15.0   346   442   594   690   590   696 0.96 | transcript=PVPAM_140018200_t1 | gene=PVPAM_140018200 | organism=Plasmodium_vivax_PAM | gene_product=vacuolar protein sorting-associated protein 18, putative | transcript_product=vacuolar protein sorting-associated protein 18, putative | location=CASCJQ010000014:616760-621361(+) | protein_length=1533 | sequence_SO=supercontig | SO=protein_coding_gene | is_pseudo=false
CAI7723263.1         -           1533 1459at5820           -           1002         0 1717.6 170.1   6   8   3.5e-40   2.2e-36  124.0   7.8   438   522   839   923   832   928 0.96 | transcript=PVPAM_140018200_t1 | gene=PVPAM_140018200 | organism=Plasmodium_vivax_PAM | gene_product=vacuolar protein sorting-associated protein 18, putative | transcript_product=vacuolar protein sorting-associated protein 18, putative | location=CASCJQ010000014:616760-621361(+) | protein_length=1533 | sequence_SO=supercontig | SO=protein_coding_gene | is_pseudo=false
CAI7723263.1         -           1533 1459at5820           -           1002         0 1717.6 170.1   7   8   1.1e-79     7e-76  254.7  23.3   523   664   996  1137   992  1141 0.98 | transcript=PVPAM_140018200_t1 | gene=PVPAM_140018200 | organism=Plasmodium_vivax_PAM | gene_product=vacuolar protein sorting-associated protein 18, putative | transcript_product=vacuolar protein sorting-associated protein 18, putative | location=CASCJQ010000014:616760-621361(+) | protein_length=1533 | sequence_SO=supercontig | SO=protein_coding_gene | is_pseudo=false
CAI7723263.1         -           1533 1459at5820           -           1002         0 1717.6 170.1   8   8  4.2e-200  2.7e-196  653.3  45.5   662  1002  1191  1533  1189  1533 0.99 | transcript=PVPAM_140018200_t1 | gene=PVPAM_140018200 | organism=Plasmodium_vivax_PAM | gene_product=vacuolar protein sorting-associated protein 18, putative | transcript_product=vacuolar protein sorting-associated protein 18, putative | location=CASCJQ010000014:616760-621361(+) | protein_length=1533 | sequence_SO=supercontig | SO=protein_coding_gene | is_pseudo=false
#
# Program:         hmmsearch
# Version:         3.4 (Aug 2023)
# Pipeline mode:   SEARCH
# Query file:      /v3/work/00_inventory/busco/busco_downloads/lineages/plasmodium_odb10/hmms/1459at5820.hmm
# Target file:     /v3/inputs/annotations/plasmodb-68/PAM.proteins.fa
# Option settings: hmmsearch --domtblout /v3/work/00_inventory/busco/PAM_proteins/run_plasmodium_odb10/hmmer_output/initial_run_results/1459at5820.out --cpu 1 /v3/work/00_inventory/busco/busco_downloads/lineages/plasmodium_odb10/hmms/1459at5820.hmm /v3/inputs/annotations/plasmodb-68/PAM.proteins.fa 
# Current dir:     /v3/work/00_inventory/busco
# Date:            Tue May 19 17:33:54 2026
# [ok]
