#                                                                            --- full sequence --- -------------- this domain -------------   hmm coord   ali coord   env coord
# target name        accession   tlen query name           accession   qlen   E-value  score  bias   #  of  c-Evalue  i-Evalue  score  bias  from    to  from    to  from    to  acc description of target
#------------------- ---------- ----- -------------------- ---------- ----- --------- ------ ----- --- --- --------- --------- ------ ----- ----- ----- ----- ----- ----- ----- ---- ---------------------
CAI7718006.1         -            902 2503at5820           -            737         0 1537.2  74.6   1   3         0         0 1289.9  57.3     1   602     5   607     5   634 0.97 | transcript=PVPAM_020023700_t1 | gene=PVPAM_020023700 | organism=Plasmodium_vivax_PAM | gene_product=AP-4 complex subunit beta, putative | transcript_product=AP-4 complex subunit beta, putative | location=CASCJQ010000002:796447-799745(-) | protein_length=902 | sequence_SO=supercontig | SO=protein_coding_gene | is_pseudo=false
CAI7718006.1         -            902 2503at5820           -            737         0 1537.2  74.6   2   3    0.0068        15    2.6   0.0   588   608   659   679   650   687 0.83 | transcript=PVPAM_020023700_t1 | gene=PVPAM_020023700 | organism=Plasmodium_vivax_PAM | gene_product=AP-4 complex subunit beta, putative | transcript_product=AP-4 complex subunit beta, putative | location=CASCJQ010000002:796447-799745(-) | protein_length=902 | sequence_SO=supercontig | SO=protein_coding_gene | is_pseudo=false
CAI7718006.1         -            902 2503at5820           -            737         0 1537.2  74.6   3   3   5.3e-78   1.1e-74  250.9   7.4   608   737   773   902   745   902 0.94 | transcript=PVPAM_020023700_t1 | gene=PVPAM_020023700 | organism=Plasmodium_vivax_PAM | gene_product=AP-4 complex subunit beta, putative | transcript_product=AP-4 complex subunit beta, putative | location=CASCJQ010000002:796447-799745(-) | protein_length=902 | sequence_SO=supercontig | SO=protein_coding_gene | is_pseudo=false
CAI7720853.1         -            934 2503at5820           -            737   4.6e-85  285.3  45.4   1   2   2.1e-88   4.6e-85  285.3  45.4     3   598    14   609    12   633 0.89 | transcript=PVPAM_100011900_t1 | gene=PVPAM_100011900 | organism=Plasmodium_vivax_PAM | gene_product=AP-1/2 complex subunit beta, putative | transcript_product=AP-1/2 complex subunit beta, putative | location=CASCJQ010000010:315130-318983(+) | protein_length=934 | sequence_SO=supercontig | SO=protein_coding_gene | is_pseudo=false
CAI7720853.1         -            934 2503at5820           -            737   4.6e-85  285.3  45.4   2   2      0.21   4.5e+02   -2.3   2.1   621   701   816   897   806   920 0.73 | transcript=PVPAM_100011900_t1 | gene=PVPAM_100011900 | organism=Plasmodium_vivax_PAM | gene_product=AP-1/2 complex subunit beta, putative | transcript_product=AP-1/2 complex subunit beta, putative | location=CASCJQ010000010:315130-318983(+) | protein_length=934 | sequence_SO=supercontig | SO=protein_coding_gene | is_pseudo=false
CAI7721497.1         -           1004 2503at5820           -            737   7.9e-13   46.4   2.7   1   2   3.7e-16   7.9e-13   46.4   2.7     8   134    43   168    38   196 0.86 | transcript=PVPAM_110040200_t1 | gene=PVPAM_110040200 | organism=Plasmodium_vivax_PAM | gene_product=AP-3 complex subunit beta, putative | transcript_product=AP-3 complex subunit beta, putative | location=CASCJQ010000011:1482984-1485998(+) | protein_length=1004 | sequence_SO=supercontig | SO=protein_coding_gene | is_pseudo=false
CAI7721497.1         -           1004 2503at5820           -            737   7.9e-13   46.4   2.7   2   2     0.015        33    1.4   6.4   293   448   426   588   376   596 0.62 | transcript=PVPAM_110040200_t1 | gene=PVPAM_110040200 | organism=Plasmodium_vivax_PAM | gene_product=AP-3 complex subunit beta, putative | transcript_product=AP-3 complex subunit beta, putative | location=CASCJQ010000011:1482984-1485998(+) | protein_length=1004 | sequence_SO=supercontig | SO=protein_coding_gene | is_pseudo=false
#
# Program:         hmmsearch
# Version:         3.4 (Aug 2023)
# Pipeline mode:   SEARCH
# Query file:      /v3/work/00_inventory/busco/busco_downloads/lineages/plasmodium_odb10/hmms/2503at5820.hmm
# Target file:     /v3/inputs/annotations/plasmodb-68/PAM.proteins.fa
# Option settings: hmmsearch --domtblout /v3/work/00_inventory/busco/PAM_proteins/run_plasmodium_odb10/hmmer_output/initial_run_results/2503at5820.out --cpu 1 /v3/work/00_inventory/busco/busco_downloads/lineages/plasmodium_odb10/hmms/2503at5820.hmm /v3/inputs/annotations/plasmodb-68/PAM.proteins.fa 
# Current dir:     /v3/work/00_inventory/busco
# Date:            Tue May 19 17:36:27 2026
# [ok]
