#                                                                            --- full sequence --- -------------- this domain -------------   hmm coord   ali coord   env coord
# target name        accession   tlen query name           accession   qlen   E-value  score  bias   #  of  c-Evalue  i-Evalue  score  bias  from    to  from    to  from    to  acc description of target
#------------------- ---------- ----- -------------------- ---------- ----- --------- ------ ----- --- --- --------- --------- ------ ----- ----- ----- ----- ----- ----- ----- ---- ---------------------
CAI7720549.1         -           1297 2825at5820           -            845         0 1302.8  51.7   1   7   5.3e-92   3.4e-88  295.3  15.9     1   180    20   203    20   210 0.98 | transcript=PVPAM_090031500_t1 | gene=PVPAM_090031500 | organism=Plasmodium_vivax_PAM | gene_product=WD repeat-containing protein, putative | transcript_product=WD repeat-containing protein, putative | location=CASCJQ010000009:1201733-1205626(+) | protein_length=1297 | sequence_SO=supercontig | SO=protein_coding_gene | is_pseudo=false
CAI7720549.1         -           1297 2825at5820           -            845         0 1302.8  51.7   2   7   3.2e-08   0.00021   18.1   0.0   181   207   226   252   217   255 0.90 | transcript=PVPAM_090031500_t1 | gene=PVPAM_090031500 | organism=Plasmodium_vivax_PAM | gene_product=WD repeat-containing protein, putative | transcript_product=WD repeat-containing protein, putative | location=CASCJQ010000009:1201733-1205626(+) | protein_length=1297 | sequence_SO=supercontig | SO=protein_coding_gene | is_pseudo=false
CAI7720549.1         -           1297 2825at5820           -            845         0 1302.8  51.7   3   7   8.3e-45   5.4e-41  139.1   1.3   206   291   336   421   326   430 0.96 | transcript=PVPAM_090031500_t1 | gene=PVPAM_090031500 | organism=Plasmodium_vivax_PAM | gene_product=WD repeat-containing protein, putative | transcript_product=WD repeat-containing protein, putative | location=CASCJQ010000009:1201733-1205626(+) | protein_length=1297 | sequence_SO=supercontig | SO=protein_coding_gene | is_pseudo=false
CAI7720549.1         -           1297 2825at5820           -            845         0 1302.8  51.7   4   7   8.5e-76   5.5e-72  241.7   1.9   304   447   507   653   504   666 0.97 | transcript=PVPAM_090031500_t1 | gene=PVPAM_090031500 | organism=Plasmodium_vivax_PAM | gene_product=WD repeat-containing protein, putative | transcript_product=WD repeat-containing protein, putative | location=CASCJQ010000009:1201733-1205626(+) | protein_length=1297 | sequence_SO=supercontig | SO=protein_coding_gene | is_pseudo=false
CAI7720549.1         -           1297 2825at5820           -            845         0 1302.8  51.7   5   7   1.9e-67   1.2e-63  214.0   4.1   450   587   756   907   746   911 0.93 | transcript=PVPAM_090031500_t1 | gene=PVPAM_090031500 | organism=Plasmodium_vivax_PAM | gene_product=WD repeat-containing protein, putative | transcript_product=WD repeat-containing protein, putative | location=CASCJQ010000009:1201733-1205626(+) | protein_length=1297 | sequence_SO=supercontig | SO=protein_coding_gene | is_pseudo=false
CAI7720549.1         -           1297 2825at5820           -            845         0 1302.8  51.7   6   7   1.2e-25     8e-22   75.7   0.0   587   644   955  1012   951  1031 0.91 | transcript=PVPAM_090031500_t1 | gene=PVPAM_090031500 | organism=Plasmodium_vivax_PAM | gene_product=WD repeat-containing protein, putative | transcript_product=WD repeat-containing protein, putative | location=CASCJQ010000009:1201733-1205626(+) | protein_length=1297 | sequence_SO=supercontig | SO=protein_coding_gene | is_pseudo=false
CAI7720549.1         -           1297 2825at5820           -            845         0 1302.8  51.7   7   7  1.9e-104  1.2e-100  336.4   0.0   643   845  1064  1297  1055  1297 0.93 | transcript=PVPAM_090031500_t1 | gene=PVPAM_090031500 | organism=Plasmodium_vivax_PAM | gene_product=WD repeat-containing protein, putative | transcript_product=WD repeat-containing protein, putative | location=CASCJQ010000009:1201733-1205626(+) | protein_length=1297 | sequence_SO=supercontig | SO=protein_coding_gene | is_pseudo=false
#
# Program:         hmmsearch
# Version:         3.4 (Aug 2023)
# Pipeline mode:   SEARCH
# Query file:      /v3/work/00_inventory/busco/busco_downloads/lineages/plasmodium_odb10/hmms/2825at5820.hmm
# Target file:     /v3/inputs/annotations/plasmodb-68/PAM.proteins.fa
# Option settings: hmmsearch --domtblout /v3/work/00_inventory/busco/PAM_proteins/run_plasmodium_odb10/hmmer_output/initial_run_results/2825at5820.out --cpu 1 /v3/work/00_inventory/busco/busco_downloads/lineages/plasmodium_odb10/hmms/2825at5820.hmm /v3/inputs/annotations/plasmodb-68/PAM.proteins.fa 
# Current dir:     /v3/work/00_inventory/busco
# Date:            Tue May 19 17:38:04 2026
# [ok]
