#                                                                            --- full sequence --- -------------- this domain -------------   hmm coord   ali coord   env coord
# target name        accession   tlen query name           accession   qlen   E-value  score  bias   #  of  c-Evalue  i-Evalue  score  bias  from    to  from    to  from    to  acc description of target
#------------------- ---------- ----- -------------------- ---------- ----- --------- ------ ----- --- --- --------- --------- ------ ----- ----- ----- ----- ----- ----- ----- ---- ---------------------
CAI7723737.1         -            996 2837at5820           -            761         0 1461.9  30.9   1   4    0.0069        22    1.7   0.0     1    26     2    28     2    37 0.76 | transcript=PVPAM_140066100_t1 | gene=PVPAM_140066100 | organism=Plasmodium_vivax_PAM | gene_product=DNA gyrase subunit B, putative | transcript_product=DNA gyrase subunit B, putative | location=CASCJQ010000014:2622770-2625760(+) | protein_length=996 | sequence_SO=supercontig | SO=protein_coding_gene | is_pseudo=false
CAI7723737.1         -            996 2837at5820           -            761         0 1461.9  30.9   2   4   4.9e-76   1.6e-72  243.5   0.8    37   149   106   218    72   232 0.86 | transcript=PVPAM_140066100_t1 | gene=PVPAM_140066100 | organism=Plasmodium_vivax_PAM | gene_product=DNA gyrase subunit B, putative | transcript_product=DNA gyrase subunit B, putative | location=CASCJQ010000014:2622770-2625760(+) | protein_length=996 | sequence_SO=supercontig | SO=protein_coding_gene | is_pseudo=false
CAI7723737.1         -            996 2837at5820           -            761         0 1461.9  30.9   3   4         0         0 1080.7  17.6   137   683   260   854   237   861 0.95 | transcript=PVPAM_140066100_t1 | gene=PVPAM_140066100 | organism=Plasmodium_vivax_PAM | gene_product=DNA gyrase subunit B, putative | transcript_product=DNA gyrase subunit B, putative | location=CASCJQ010000014:2622770-2625760(+) | protein_length=996 | sequence_SO=supercontig | SO=protein_coding_gene | is_pseudo=false
CAI7723737.1         -            996 2837at5820           -            761         0 1461.9  30.9   4   4   1.4e-45   4.4e-42  142.9   0.1   682   760   915   993   893   994 0.91 | transcript=PVPAM_140066100_t1 | gene=PVPAM_140066100 | organism=Plasmodium_vivax_PAM | gene_product=DNA gyrase subunit B, putative | transcript_product=DNA gyrase subunit B, putative | location=CASCJQ010000014:2622770-2625760(+) | protein_length=996 | sequence_SO=supercontig | SO=protein_coding_gene | is_pseudo=false
CAI7722814.1         -           1502 2837at5820           -            761   1.3e-17   62.0  25.8   1   4   3.7e-06     0.012   12.5   0.7    69   133    54   125    41   258 0.69 | transcript=PVPAM_130031500_t1 | gene=PVPAM_130031500 | organism=Plasmodium_vivax_PAM | gene_product=DNA topoisomerase 2, putative | transcript_product=DNA topoisomerase 2, putative | location=CASCJQ010000013:1202567-1207761(+) | protein_length=1502 | sequence_SO=supercontig | SO=protein_coding_gene | is_pseudo=false
CAI7722814.1         -           1502 2837at5820           -            761   1.3e-17   62.0  25.8   2   4   2.3e-16   7.3e-13   46.2   4.6   327   548   355   574   317   578 0.77 | transcript=PVPAM_130031500_t1 | gene=PVPAM_130031500 | organism=Plasmodium_vivax_PAM | gene_product=DNA topoisomerase 2, putative | transcript_product=DNA topoisomerase 2, putative | location=CASCJQ010000013:1202567-1207761(+) | protein_length=1502 | sequence_SO=supercontig | SO=protein_coding_gene | is_pseudo=false
CAI7722814.1         -           1502 2837at5820           -            761   1.3e-17   62.0  25.8   3   4   1.1e-08   3.4e-05   20.9   0.2   579   630   576   628   567   703 0.81 | transcript=PVPAM_130031500_t1 | gene=PVPAM_130031500 | organism=Plasmodium_vivax_PAM | gene_product=DNA topoisomerase 2, putative | transcript_product=DNA topoisomerase 2, putative | location=CASCJQ010000013:1202567-1207761(+) | protein_length=1502 | sequence_SO=supercontig | SO=protein_coding_gene | is_pseudo=false
CAI7722814.1         -           1502 2837at5820           -            761   1.3e-17   62.0  25.8   4   4         2   6.5e+03   -6.9   2.9   547   582  1075  1111  1069  1131 0.62 | transcript=PVPAM_130031500_t1 | gene=PVPAM_130031500 | organism=Plasmodium_vivax_PAM | gene_product=DNA topoisomerase 2, putative | transcript_product=DNA topoisomerase 2, putative | location=CASCJQ010000013:1202567-1207761(+) | protein_length=1502 | sequence_SO=supercontig | SO=protein_coding_gene | is_pseudo=false
#
# Program:         hmmsearch
# Version:         3.4 (Aug 2023)
# Pipeline mode:   SEARCH
# Query file:      /v3/work/00_inventory/busco/busco_downloads/lineages/plasmodium_odb10/hmms/2837at5820.hmm
# Target file:     /v3/inputs/annotations/plasmodb-68/PAM.proteins.fa
# Option settings: hmmsearch --domtblout /v3/work/00_inventory/busco/PAM_proteins/run_plasmodium_odb10/hmmer_output/initial_run_results/2837at5820.out --cpu 1 /v3/work/00_inventory/busco/busco_downloads/lineages/plasmodium_odb10/hmms/2837at5820.hmm /v3/inputs/annotations/plasmodb-68/PAM.proteins.fa 
# Current dir:     /v3/work/00_inventory/busco
# Date:            Tue May 19 17:38:07 2026
# [ok]
