#                                                                            --- full sequence --- -------------- this domain -------------   hmm coord   ali coord   env coord
# target name        accession   tlen query name           accession   qlen   E-value  score  bias   #  of  c-Evalue  i-Evalue  score  bias  from    to  from    to  from    to  acc description of target
#------------------- ---------- ----- -------------------- ---------- ----- --------- ------ ----- --- --- --------- --------- ------ ----- ----- ----- ----- ----- ----- ----- ---- ---------------------
CAI7717712.1         -           1271 2847at5820           -            755         0 1074.0  71.5   1   8   2.1e-54   1.4e-50  170.7   8.2     1   105     1   107     1   109 0.96 | transcript=PVPAM_010022600_t1 | gene=PVPAM_010022600 | organism=Plasmodium_vivax_PAM | gene_product=cloroquine resistance asscociatd protein Cg7, putative | transcript_product=cloroquine resistance asscociatd protein Cg7, putative | location=CASCJQ010000001:821216-825155(-) | protein_length=1271 | sequence_SO=supercontig | SO=protein_coding_gene | is_pseudo=false
CAI7717712.1         -           1271 2847at5820           -            755         0 1074.0  71.5   2   8   3.2e-43   2.1e-39  133.8   0.4   103   186   144   228   135   233 0.92 | transcript=PVPAM_010022600_t1 | gene=PVPAM_010022600 | organism=Plasmodium_vivax_PAM | gene_product=cloroquine resistance asscociatd protein Cg7, putative | transcript_product=cloroquine resistance asscociatd protein Cg7, putative | location=CASCJQ010000001:821216-825155(-) | protein_length=1271 | sequence_SO=supercontig | SO=protein_coding_gene | is_pseudo=false
CAI7717712.1         -           1271 2847at5820           -            755         0 1074.0  71.5   3   8   2.9e-23   1.8e-19   67.8   0.0   182   236   270   324   262   326 0.95 | transcript=PVPAM_010022600_t1 | gene=PVPAM_010022600 | organism=Plasmodium_vivax_PAM | gene_product=cloroquine resistance asscociatd protein Cg7, putative | transcript_product=cloroquine resistance asscociatd protein Cg7, putative | location=CASCJQ010000001:821216-825155(-) | protein_length=1271 | sequence_SO=supercontig | SO=protein_coding_gene | is_pseudo=false
CAI7717712.1         -           1271 2847at5820           -            755         0 1074.0  71.5   4   8   2.1e-31   1.4e-27   94.6   0.0   236   314   388   475   382   478 0.90 | transcript=PVPAM_010022600_t1 | gene=PVPAM_010022600 | organism=Plasmodium_vivax_PAM | gene_product=cloroquine resistance asscociatd protein Cg7, putative | transcript_product=cloroquine resistance asscociatd protein Cg7, putative | location=CASCJQ010000001:821216-825155(-) | protein_length=1271 | sequence_SO=supercontig | SO=protein_coding_gene | is_pseudo=false
CAI7717712.1         -           1271 2847at5820           -            755         0 1074.0  71.5   5   8   5.1e-68   3.3e-64  215.8   0.0   313   467   551   730   549   733 0.90 | transcript=PVPAM_010022600_t1 | gene=PVPAM_010022600 | organism=Plasmodium_vivax_PAM | gene_product=cloroquine resistance asscociatd protein Cg7, putative | transcript_product=cloroquine resistance asscociatd protein Cg7, putative | location=CASCJQ010000001:821216-825155(-) | protein_length=1271 | sequence_SO=supercontig | SO=protein_coding_gene | is_pseudo=false
CAI7717712.1         -           1271 2847at5820           -            755         0 1074.0  71.5   6   8   4.2e-83   2.7e-79  265.6  41.1   464   646   762   949   752   962 0.93 | transcript=PVPAM_010022600_t1 | gene=PVPAM_010022600 | organism=Plasmodium_vivax_PAM | gene_product=cloroquine resistance asscociatd protein Cg7, putative | transcript_product=cloroquine resistance asscociatd protein Cg7, putative | location=CASCJQ010000001:821216-825155(-) | protein_length=1271 | sequence_SO=supercontig | SO=protein_coding_gene | is_pseudo=false
CAI7717712.1         -           1271 2847at5820           -            755         0 1074.0  71.5   7   8   8.1e-26   5.2e-22   76.2   0.0   644   709   991  1056   987  1064 0.94 | transcript=PVPAM_010022600_t1 | gene=PVPAM_010022600 | organism=Plasmodium_vivax_PAM | gene_product=cloroquine resistance asscociatd protein Cg7, putative | transcript_product=cloroquine resistance asscociatd protein Cg7, putative | location=CASCJQ010000001:821216-825155(-) | protein_length=1271 | sequence_SO=supercontig | SO=protein_coding_gene | is_pseudo=false
CAI7717712.1         -           1271 2847at5820           -            755         0 1074.0  71.5   8   8   1.8e-20   1.1e-16   58.6   0.5   709   755  1225  1271  1219  1271 0.92 | transcript=PVPAM_010022600_t1 | gene=PVPAM_010022600 | organism=Plasmodium_vivax_PAM | gene_product=cloroquine resistance asscociatd protein Cg7, putative | transcript_product=cloroquine resistance asscociatd protein Cg7, putative | location=CASCJQ010000001:821216-825155(-) | protein_length=1271 | sequence_SO=supercontig | SO=protein_coding_gene | is_pseudo=false
#
# Program:         hmmsearch
# Version:         3.4 (Aug 2023)
# Pipeline mode:   SEARCH
# Query file:      /v3/work/00_inventory/busco/busco_downloads/lineages/plasmodium_odb10/hmms/2847at5820.hmm
# Target file:     /v3/inputs/annotations/plasmodb-68/PAM.proteins.fa
# Option settings: hmmsearch --domtblout /v3/work/00_inventory/busco/PAM_proteins/run_plasmodium_odb10/hmmer_output/initial_run_results/2847at5820.out --cpu 1 /v3/work/00_inventory/busco/busco_downloads/lineages/plasmodium_odb10/hmms/2847at5820.hmm /v3/inputs/annotations/plasmodb-68/PAM.proteins.fa 
# Current dir:     /v3/work/00_inventory/busco
# Date:            Tue May 19 17:38:11 2026
# [ok]
