#                                                                            --- full sequence --- -------------- this domain -------------   hmm coord   ali coord   env coord
# target name        accession   tlen query name           accession   qlen   E-value  score  bias   #  of  c-Evalue  i-Evalue  score  bias  from    to  from    to  from    to  acc description of target
#------------------- ---------- ----- -------------------- ---------- ----- --------- ------ ----- --- --- --------- --------- ------ ----- ----- ----- ----- ----- ----- ----- ---- ---------------------
CAI7722859.1         -           1132 2886at5820           -            775         0 1300.9  72.1   1   7   7.4e-51   4.8e-47  159.2   4.6     3   109    19   137    17   143 0.90 | transcript=PVPAM_130036100_t1 | gene=PVPAM_130036100 | organism=Plasmodium_vivax_PAM | gene_product=conserved Plasmodium protein, unknown function | transcript_product=conserved Plasmodium protein, unknown function | location=CASCJQ010000013:1391697-1395095(+) | protein_length=1132 | sequence_SO=supercontig | SO=protein_coding_gene | is_pseudo=false
CAI7722859.1         -           1132 2886at5820           -            775         0 1300.9  72.1   2   7   3.4e-33   2.2e-29  100.8   5.5   110   176   233   300   226   304 0.93 | transcript=PVPAM_130036100_t1 | gene=PVPAM_130036100 | organism=Plasmodium_vivax_PAM | gene_product=conserved Plasmodium protein, unknown function | transcript_product=conserved Plasmodium protein, unknown function | location=CASCJQ010000013:1391697-1395095(+) | protein_length=1132 | sequence_SO=supercontig | SO=protein_coding_gene | is_pseudo=false
CAI7722859.1         -           1132 2886at5820           -            775         0 1300.9  72.1   3   7   3.5e-99   2.3e-95  319.0  11.3   178   349   333   510   330   518 0.97 | transcript=PVPAM_130036100_t1 | gene=PVPAM_130036100 | organism=Plasmodium_vivax_PAM | gene_product=conserved Plasmodium protein, unknown function | transcript_product=conserved Plasmodium protein, unknown function | location=CASCJQ010000013:1391697-1395095(+) | protein_length=1132 | sequence_SO=supercontig | SO=protein_coding_gene | is_pseudo=false
CAI7722859.1         -           1132 2886at5820           -            775         0 1300.9  72.1   4   7   9.4e-84   6.1e-80  268.0   4.0   350   482   555   687   545   692 0.97 | transcript=PVPAM_130036100_t1 | gene=PVPAM_130036100 | organism=Plasmodium_vivax_PAM | gene_product=conserved Plasmodium protein, unknown function | transcript_product=conserved Plasmodium protein, unknown function | location=CASCJQ010000013:1391697-1395095(+) | protein_length=1132 | sequence_SO=supercontig | SO=protein_coding_gene | is_pseudo=false
CAI7722859.1         -           1132 2886at5820           -            775         0 1300.9  72.1   5   7   5.1e-82   3.3e-78  262.2   0.1   481   635   769   923   766   927 0.98 | transcript=PVPAM_130036100_t1 | gene=PVPAM_130036100 | organism=Plasmodium_vivax_PAM | gene_product=conserved Plasmodium protein, unknown function | transcript_product=conserved Plasmodium protein, unknown function | location=CASCJQ010000013:1391697-1395095(+) | protein_length=1132 | sequence_SO=supercontig | SO=protein_coding_gene | is_pseudo=false
CAI7722859.1         -           1132 2886at5820           -            775         0 1300.9  72.1   6   7   1.3e-71   8.5e-68  227.8   0.2   635   771   962  1098   956  1102 0.95 | transcript=PVPAM_130036100_t1 | gene=PVPAM_130036100 | organism=Plasmodium_vivax_PAM | gene_product=conserved Plasmodium protein, unknown function | transcript_product=conserved Plasmodium protein, unknown function | location=CASCJQ010000013:1391697-1395095(+) | protein_length=1132 | sequence_SO=supercontig | SO=protein_coding_gene | is_pseudo=false
CAI7722859.1         -           1132 2886at5820           -            775         0 1300.9  72.1   7   7       0.6   3.9e+03   -5.9   4.9   754   774  1110  1130  1108  1131 0.88 | transcript=PVPAM_130036100_t1 | gene=PVPAM_130036100 | organism=Plasmodium_vivax_PAM | gene_product=conserved Plasmodium protein, unknown function | transcript_product=conserved Plasmodium protein, unknown function | location=CASCJQ010000013:1391697-1395095(+) | protein_length=1132 | sequence_SO=supercontig | SO=protein_coding_gene | is_pseudo=false
#
# Program:         hmmsearch
# Version:         3.4 (Aug 2023)
# Pipeline mode:   SEARCH
# Query file:      /v3/work/00_inventory/busco/busco_downloads/lineages/plasmodium_odb10/hmms/2886at5820.hmm
# Target file:     /v3/inputs/annotations/plasmodb-68/PAM.proteins.fa
# Option settings: hmmsearch --domtblout /v3/work/00_inventory/busco/PAM_proteins/run_plasmodium_odb10/hmmer_output/initial_run_results/2886at5820.out --cpu 1 /v3/work/00_inventory/busco/busco_downloads/lineages/plasmodium_odb10/hmms/2886at5820.hmm /v3/inputs/annotations/plasmodb-68/PAM.proteins.fa 
# Current dir:     /v3/work/00_inventory/busco
# Date:            Tue May 19 17:38:21 2026
# [ok]
