#                                                                            --- full sequence --- -------------- this domain -------------   hmm coord   ali coord   env coord
# target name        accession   tlen query name           accession   qlen   E-value  score  bias   #  of  c-Evalue  i-Evalue  score  bias  from    to  from    to  from    to  acc description of target
#------------------- ---------- ----- -------------------- ---------- ----- --------- ------ ----- --- --- --------- --------- ------ ----- ----- ----- ----- ----- ----- ----- ---- ---------------------
CAI7723202.1         -            926 2893at5820           -            683         0 1166.1  87.3   1   4    4e-162  6.5e-159  529.2  27.9     1   294     1   327     1   338 0.90 | transcript=PVPAM_140012100_t1 | gene=PVPAM_140012100 | organism=Plasmodium_vivax_PAM | gene_product=tetratricopeptide repeat protein, putative | transcript_product=tetratricopeptide repeat protein, putative | location=CASCJQ010000014:327609-331086(+) | protein_length=926 | sequence_SO=supercontig | SO=protein_coding_gene | is_pseudo=false
CAI7723202.1         -            926 2893at5820           -            683         0 1166.1  87.3   2   4   6.6e-67   1.1e-63  214.5   0.8   282   418   391   540   378   565 0.90 | transcript=PVPAM_140012100_t1 | gene=PVPAM_140012100 | organism=Plasmodium_vivax_PAM | gene_product=tetratricopeptide repeat protein, putative | transcript_product=tetratricopeptide repeat protein, putative | location=CASCJQ010000014:327609-331086(+) | protein_length=926 | sequence_SO=supercontig | SO=protein_coding_gene | is_pseudo=false
CAI7723202.1         -            926 2893at5820           -            683         0 1166.1  87.3   3   4   1.7e-22   2.8e-19   67.7   4.7   415   490   596   685   579   703 0.79 | transcript=PVPAM_140012100_t1 | gene=PVPAM_140012100 | organism=Plasmodium_vivax_PAM | gene_product=tetratricopeptide repeat protein, putative | transcript_product=tetratricopeptide repeat protein, putative | location=CASCJQ010000014:327609-331086(+) | protein_length=926 | sequence_SO=supercontig | SO=protein_coding_gene | is_pseudo=false
CAI7723202.1         -            926 2893at5820           -            683         0 1166.1  87.3   4   4    2e-111  3.3e-108  361.7  33.5   454   683   687   926   680   926 0.93 | transcript=PVPAM_140012100_t1 | gene=PVPAM_140012100 | organism=Plasmodium_vivax_PAM | gene_product=tetratricopeptide repeat protein, putative | transcript_product=tetratricopeptide repeat protein, putative | location=CASCJQ010000014:327609-331086(+) | protein_length=926 | sequence_SO=supercontig | SO=protein_coding_gene | is_pseudo=false
CAI7723809.1         -            302 2893at5820           -            683   5.1e-07   27.2   7.6   1   2      0.59   9.6e+02   -3.4   0.0   205   229    11    37     8    47 0.72 | transcript=PVPAM_140073200_t1 | gene=PVPAM_140073200 | organism=Plasmodium_vivax_PAM | gene_product=peptidyl-prolyl cis-trans isomerase FKBP35, putative | transcript_product=peptidyl-prolyl cis-trans isomerase FKBP35, putative | location=CASCJQ010000014:2882921-2883829(-) | protein_length=302 | sequence_SO=supercontig | SO=protein_coding_gene | is_pseudo=false
CAI7723809.1         -            302 2893at5820           -            683   5.1e-07   27.2   7.6   2   2   3.2e-10   5.1e-07   27.2   7.6   503   681   116   289   111   291 0.80 | transcript=PVPAM_140073200_t1 | gene=PVPAM_140073200 | organism=Plasmodium_vivax_PAM | gene_product=peptidyl-prolyl cis-trans isomerase FKBP35, putative | transcript_product=peptidyl-prolyl cis-trans isomerase FKBP35, putative | location=CASCJQ010000014:2882921-2883829(-) | protein_length=302 | sequence_SO=supercontig | SO=protein_coding_gene | is_pseudo=false
CAI7723470.1         -            371 2893at5820           -            683   7.3e-07   26.7   1.0   1   1   7.1e-10   1.2e-06   26.0   1.0   581   671   215   303   192   326 0.81 | transcript=PVPAM_140039200_t1 | gene=PVPAM_140039200 | organism=Plasmodium_vivax_PAM | gene_product=tetratricopeptide repeat protein, putative | transcript_product=tetratricopeptide repeat protein, putative | location=CASCJQ010000014:1484743-1485858(+) | protein_length=371 | sequence_SO=supercontig | SO=protein_coding_gene | is_pseudo=false
CAI7720402.1         -            426 2893at5820           -            683   1.7e-05   22.2   8.1   1   1   1.4e-08   2.2e-05   21.8   8.1   514   642   104   225    48   265 0.84 | transcript=PVPAM_090016700_t1 | gene=PVPAM_090016700 | organism=Plasmodium_vivax_PAM | gene_product=peptidyl-prolyl cis-trans isomerase, putative | transcript_product=peptidyl-prolyl cis-trans isomerase, putative | location=CASCJQ010000009:593770-595217(+) | protein_length=426 | sequence_SO=supercontig | SO=protein_coding_gene | is_pseudo=false
#
# Program:         hmmsearch
# Version:         3.4 (Aug 2023)
# Pipeline mode:   SEARCH
# Query file:      /v3/work/00_inventory/busco/busco_downloads/lineages/plasmodium_odb10/hmms/2893at5820.hmm
# Target file:     /v3/inputs/annotations/plasmodb-68/PAM.proteins.fa
# Option settings: hmmsearch --domtblout /v3/work/00_inventory/busco/PAM_proteins/run_plasmodium_odb10/hmmer_output/initial_run_results/2893at5820.out --cpu 1 /v3/work/00_inventory/busco/busco_downloads/lineages/plasmodium_odb10/hmms/2893at5820.hmm /v3/inputs/annotations/plasmodb-68/PAM.proteins.fa 
# Current dir:     /v3/work/00_inventory/busco
# Date:            Tue May 19 17:38:23 2026
# [ok]
