#                                                                            --- full sequence --- -------------- this domain -------------   hmm coord   ali coord   env coord
# target name        accession   tlen query name           accession   qlen   E-value  score  bias   #  of  c-Evalue  i-Evalue  score  bias  from    to  from    to  from    to  acc description of target
#------------------- ---------- ----- -------------------- ---------- ----- --------- ------ ----- --- --- --------- --------- ------ ----- ----- ----- ----- ----- ----- ----- ---- ---------------------
CAI7723467.1         -           1324 3550at5820           -            599  2.4e-278  923.3 129.2   1   7   5.2e-86   1.7e-82  276.5   8.2     1   152    27   178    27   193 0.95 | transcript=PVPAM_140038900_t1 | gene=PVPAM_140038900 | organism=Plasmodium_vivax_PAM | gene_product=conserved Plasmodium protein, unknown function | transcript_product=conserved Plasmodium protein, unknown function | location=CASCJQ010000014:1469618-1473592(+) | protein_length=1324 | sequence_SO=supercontig | SO=protein_coding_gene | is_pseudo=false
CAI7723467.1         -           1324 3550at5820           -            599  2.4e-278  923.3 129.2   2   7   1.1e-43   3.5e-40  136.8   7.2   131   234   260   366   243   397 0.87 | transcript=PVPAM_140038900_t1 | gene=PVPAM_140038900 | organism=Plasmodium_vivax_PAM | gene_product=conserved Plasmodium protein, unknown function | transcript_product=conserved Plasmodium protein, unknown function | location=CASCJQ010000014:1469618-1473592(+) | protein_length=1324 | sequence_SO=supercontig | SO=protein_coding_gene | is_pseudo=false
CAI7723467.1         -           1324 3550at5820           -            599  2.4e-278  923.3 129.2   3   7      0.16     5e+02   -2.5   1.5   187   250   528   589   507   607 0.62 | transcript=PVPAM_140038900_t1 | gene=PVPAM_140038900 | organism=Plasmodium_vivax_PAM | gene_product=conserved Plasmodium protein, unknown function | transcript_product=conserved Plasmodium protein, unknown function | location=CASCJQ010000014:1469618-1473592(+) | protein_length=1324 | sequence_SO=supercontig | SO=protein_coding_gene | is_pseudo=false
CAI7723467.1         -           1324 3550at5820           -            599  2.4e-278  923.3 129.2   4   7   2.1e-44   6.8e-41  139.1  25.3   228   345   664   794   654   819 0.85 | transcript=PVPAM_140038900_t1 | gene=PVPAM_140038900 | organism=Plasmodium_vivax_PAM | gene_product=conserved Plasmodium protein, unknown function | transcript_product=conserved Plasmodium protein, unknown function | location=CASCJQ010000014:1469618-1473592(+) | protein_length=1324 | sequence_SO=supercontig | SO=protein_coding_gene | is_pseudo=false
CAI7723467.1         -           1324 3550at5820           -            599  2.4e-278  923.3 129.2   5   7   2.9e-66   9.5e-63  211.3  21.7   328   471   851  1004   807  1012 0.86 | transcript=PVPAM_140038900_t1 | gene=PVPAM_140038900 | organism=Plasmodium_vivax_PAM | gene_product=conserved Plasmodium protein, unknown function | transcript_product=conserved Plasmodium protein, unknown function | location=CASCJQ010000014:1469618-1473592(+) | protein_length=1324 | sequence_SO=supercontig | SO=protein_coding_gene | is_pseudo=false
CAI7723467.1         -           1324 3550at5820           -            599  2.4e-278  923.3 129.2   6   7   1.4e-19   4.4e-16   57.2   1.5   461   510  1146  1195  1126  1200 0.82 | transcript=PVPAM_140038900_t1 | gene=PVPAM_140038900 | organism=Plasmodium_vivax_PAM | gene_product=conserved Plasmodium protein, unknown function | transcript_product=conserved Plasmodium protein, unknown function | location=CASCJQ010000014:1469618-1473592(+) | protein_length=1324 | sequence_SO=supercontig | SO=protein_coding_gene | is_pseudo=false
CAI7723467.1         -           1324 3550at5820           -            599  2.4e-278  923.3 129.2   7   7   3.2e-44     1e-40  138.5  19.0   511   599  1229  1324  1222  1324 0.92 | transcript=PVPAM_140038900_t1 | gene=PVPAM_140038900 | organism=Plasmodium_vivax_PAM | gene_product=conserved Plasmodium protein, unknown function | transcript_product=conserved Plasmodium protein, unknown function | location=CASCJQ010000014:1469618-1473592(+) | protein_length=1324 | sequence_SO=supercontig | SO=protein_coding_gene | is_pseudo=false
CAI7723397.1         -             98 3550at5820           -            599     0.037   11.2   1.0   1   1   1.4e-05     0.046   10.9   1.0   190   258     8    85     5    89 0.77 | transcript=PVPAM_140031900_t1 | gene=PVPAM_140031900 | organism=Plasmodium_vivax_PAM | gene_product=C-Myc-binding protein, putative | transcript_product=C-Myc-binding protein, putative | location=CASCJQ010000014:1167550-1168027(-) | protein_length=98 | sequence_SO=supercontig | SO=protein_coding_gene | is_pseudo=false
#
# Program:         hmmsearch
# Version:         3.4 (Aug 2023)
# Pipeline mode:   SEARCH
# Query file:      /v3/work/00_inventory/busco/busco_downloads/lineages/plasmodium_odb10/hmms/3550at5820.hmm
# Target file:     /v3/inputs/annotations/plasmodb-68/PAM.proteins.fa
# Option settings: hmmsearch --domtblout /v3/work/00_inventory/busco/PAM_proteins/run_plasmodium_odb10/hmmer_output/initial_run_results/3550at5820.out --cpu 1 /v3/work/00_inventory/busco/busco_downloads/lineages/plasmodium_odb10/hmms/3550at5820.hmm /v3/inputs/annotations/plasmodb-68/PAM.proteins.fa 
# Current dir:     /v3/work/00_inventory/busco
# Date:            Tue May 19 17:37:21 2026
# [ok]
