#                                                                            --- full sequence --- -------------- this domain -------------   hmm coord   ali coord   env coord
# target name        accession   tlen query name           accession   qlen   E-value  score  bias   #  of  c-Evalue  i-Evalue  score  bias  from    to  from    to  from    to  acc description of target
#------------------- ---------- ----- -------------------- ---------- ----- --------- ------ ----- --- --- --------- --------- ------ ----- ----- ----- ----- ----- ----- ----- ---- ---------------------
CAI7719516.1         -            866 3584at5820           -            670         0 1121.2  37.2   1   2  1.5e-151  1.9e-148  494.3   9.8     1   304     1   345     1   372 0.84 | transcript=PVPAM_070013000_t1 | gene=PVPAM_070013000 | organism=Plasmodium_vivax_PAM | gene_product=translation initiation factor SUI1, putative | transcript_product=translation initiation factor SUI1, putative | location=CASCJQ010000007:435584-438363(+) | protein_length=866 | sequence_SO=supercontig | SO=protein_coding_gene | is_pseudo=false
CAI7719516.1         -            866 3584at5820           -            670         0 1121.2  37.2   2   2  2.3e-192    3e-189  629.2  20.5   214   670   369   866   359   866 0.85 | transcript=PVPAM_070013000_t1 | gene=PVPAM_070013000 | organism=Plasmodium_vivax_PAM | gene_product=translation initiation factor SUI1, putative | transcript_product=translation initiation factor SUI1, putative | location=CASCJQ010000007:435584-438363(+) | protein_length=866 | sequence_SO=supercontig | SO=protein_coding_gene | is_pseudo=false
CAI7720841.1         -            179 3584at5820           -            670   1.3e-08   32.2   1.3   1   1   1.3e-11   1.6e-08   31.9   1.3    35   175    35   174     8   178 0.83 | transcript=PVPAM_100010700_t1 | gene=PVPAM_100010700 | organism=Plasmodium_vivax_PAM | gene_product=cell cycle regulator protein, putative | transcript_product=cell cycle regulator protein, putative | location=CASCJQ010000010:269495-271026(-) | protein_length=179 | sequence_SO=supercontig | SO=protein_coding_gene | is_pseudo=false
CAI7723422.1         -            270 3584at5820           -            670    0.0017   15.3   0.1   1   2       1.2   1.5e+03   -4.3  25.2   236   337     8   109     1   117 0.68 | transcript=PVPAM_140034400_t1 | gene=PVPAM_140034400 | organism=Plasmodium_vivax_PAM | gene_product=translation initiation factor SUI1, putative | transcript_product=translation initiation factor SUI1, putative | location=CASCJQ010000014:1252253-1253636(-) | protein_length=270 | sequence_SO=supercontig | SO=protein_coding_gene | is_pseudo=false
CAI7723422.1         -            270 3584at5820           -            670    0.0017   15.3   0.1   2   2   1.3e-06    0.0017   15.3   0.1   585   658   185   256   141   266 0.87 | transcript=PVPAM_140034400_t1 | gene=PVPAM_140034400 | organism=Plasmodium_vivax_PAM | gene_product=translation initiation factor SUI1, putative | transcript_product=translation initiation factor SUI1, putative | location=CASCJQ010000014:1252253-1253636(-) | protein_length=270 | sequence_SO=supercontig | SO=protein_coding_gene | is_pseudo=false
CAI7719007.1         -            294 3584at5820           -            670     0.054   10.3  12.8   1   1   5.1e-05     0.066   10.1  12.8   215   357    67   216    51   238 0.56 | transcript=PVPAM_050039900_t1 | gene=PVPAM_050039900 | organism=Plasmodium_vivax_PAM | gene_product=conserved Plasmodium protein, unknown function | transcript_product=conserved Plasmodium protein, unknown function | location=CASCJQ010000005:1474687-1475707(-) | protein_length=294 | sequence_SO=supercontig | SO=protein_coding_gene | is_pseudo=false
CAI7718911.1         -            421 3584at5820           -            670      0.36    7.6   4.7   1   1    0.0004      0.52    7.1   4.7   206   252   118   164   110   272 0.63 | transcript=PVPAM_050030300_t1 | gene=PVPAM_050030300 | organism=Plasmodium_vivax_PAM | gene_product=Plasmodium exported protein (PHIST), unknown function | transcript_product=Plasmodium exported protein (PHIST), unknown function | location=CASCJQ010000005:1046207-1047662(-) | protein_length=421 | sequence_SO=supercontig | SO=protein_coding_gene | is_pseudo=false
#
# Program:         hmmsearch
# Version:         3.4 (Aug 2023)
# Pipeline mode:   SEARCH
# Query file:      /v3/work/00_inventory/busco/busco_downloads/lineages/plasmodium_odb10/hmms/3584at5820.hmm
# Target file:     /v3/inputs/annotations/plasmodb-68/PAM.proteins.fa
# Option settings: hmmsearch --domtblout /v3/work/00_inventory/busco/PAM_proteins/run_plasmodium_odb10/hmmer_output/initial_run_results/3584at5820.out --cpu 1 /v3/work/00_inventory/busco/busco_downloads/lineages/plasmodium_odb10/hmms/3584at5820.hmm /v3/inputs/annotations/plasmodb-68/PAM.proteins.fa 
# Current dir:     /v3/work/00_inventory/busco
# Date:            Tue May 19 17:37:34 2026
# [ok]
