#                                                                            --- full sequence --- -------------- this domain -------------   hmm coord   ali coord   env coord
# target name        accession   tlen query name           accession   qlen   E-value  score  bias   #  of  c-Evalue  i-Evalue  score  bias  from    to  from    to  from    to  acc description of target
#------------------- ---------- ----- -------------------- ---------- ----- --------- ------ ----- --- --- --------- --------- ------ ----- ----- ----- ----- ----- ----- ----- ---- ---------------------
CAI7719802.1         -           1011 3884at5820           -            651         0 1156.7  41.6   1   5   6.1e-39     2e-35  120.9   2.7     2    87     7   100     6   103 0.93 | transcript=PVPAM_070041600_t1 | gene=PVPAM_070041600 | organism=Plasmodium_vivax_PAM | gene_product=vacuolar protein sorting-associated protein 33, putative | transcript_product=vacuolar protein sorting-associated protein 33, putative | location=CASCJQ010000007:1482498-1485533(-) | protein_length=1011 | sequence_SO=supercontig | SO=protein_coding_gene | is_pseudo=false
CAI7719802.1         -           1011 3884at5820           -            651         0 1156.7  41.6   2   5   2.8e-93     9e-90  300.5   0.0    88   267   128   308   125   320 0.95 | transcript=PVPAM_070041600_t1 | gene=PVPAM_070041600 | organism=Plasmodium_vivax_PAM | gene_product=vacuolar protein sorting-associated protein 33, putative | transcript_product=vacuolar protein sorting-associated protein 33, putative | location=CASCJQ010000007:1482498-1485533(-) | protein_length=1011 | sequence_SO=supercontig | SO=protein_coding_gene | is_pseudo=false
CAI7719802.1         -           1011 3884at5820           -            651         0 1156.7  41.6   3   5   4.3e-52   1.4e-48  164.4   0.2   253   348   555   651   550   659 0.95 | transcript=PVPAM_070041600_t1 | gene=PVPAM_070041600 | organism=Plasmodium_vivax_PAM | gene_product=vacuolar protein sorting-associated protein 33, putative | transcript_product=vacuolar protein sorting-associated protein 33, putative | location=CASCJQ010000007:1482498-1485533(-) | protein_length=1011 | sequence_SO=supercontig | SO=protein_coding_gene | is_pseudo=false
CAI7719802.1         -           1011 3884at5820           -            651         0 1156.7  41.6   4   5  3.9e-155  1.3e-151  504.8  20.9   344   603   678   937   673   941 0.99 | transcript=PVPAM_070041600_t1 | gene=PVPAM_070041600 | organism=Plasmodium_vivax_PAM | gene_product=vacuolar protein sorting-associated protein 33, putative | transcript_product=vacuolar protein sorting-associated protein 33, putative | location=CASCJQ010000007:1482498-1485533(-) | protein_length=1011 | sequence_SO=supercontig | SO=protein_coding_gene | is_pseudo=false
CAI7719802.1         -           1011 3884at5820           -            651         0 1156.7  41.6   5   5   1.3e-25   4.1e-22   76.9   0.0   602   651   959  1008   956  1008 0.97 | transcript=PVPAM_070041600_t1 | gene=PVPAM_070041600 | organism=Plasmodium_vivax_PAM | gene_product=vacuolar protein sorting-associated protein 33, putative | transcript_product=vacuolar protein sorting-associated protein 33, putative | location=CASCJQ010000007:1482498-1485533(-) | protein_length=1011 | sequence_SO=supercontig | SO=protein_coding_gene | is_pseudo=false
CAI7718446.1         -            715 3884at5820           -            651   1.1e-07   29.2  18.7   1   3      0.27   8.8e+02   -3.5  11.7    55   139    87   171    13   185 0.79 | transcript=PVPAM_040019200_t1 | gene=PVPAM_040019200 | organism=Plasmodium_vivax_PAM | gene_product=vacuolar protein sorting-associated protein 45, putative | transcript_product=vacuolar protein sorting-associated protein 45, putative | location=CASCJQ010000004:610690-612837(-) | protein_length=715 | sequence_SO=supercontig | SO=protein_coding_gene | is_pseudo=false
CAI7718446.1         -            715 3884at5820           -            651   1.1e-07   29.2  18.7   2   3     0.037   1.2e+02   -0.6   0.1   146   196   261   312   249   324 0.79 | transcript=PVPAM_040019200_t1 | gene=PVPAM_040019200 | organism=Plasmodium_vivax_PAM | gene_product=vacuolar protein sorting-associated protein 45, putative | transcript_product=vacuolar protein sorting-associated protein 45, putative | location=CASCJQ010000004:610690-612837(-) | protein_length=715 | sequence_SO=supercontig | SO=protein_coding_gene | is_pseudo=false
CAI7718446.1         -            715 3884at5820           -            651   1.1e-07   29.2  18.7   3   3   3.5e-11   1.1e-07   29.2  18.7   296   648   369   706   272   709 0.73 | transcript=PVPAM_040019200_t1 | gene=PVPAM_040019200 | organism=Plasmodium_vivax_PAM | gene_product=vacuolar protein sorting-associated protein 45, putative | transcript_product=vacuolar protein sorting-associated protein 45, putative | location=CASCJQ010000004:610690-612837(-) | protein_length=715 | sequence_SO=supercontig | SO=protein_coding_gene | is_pseudo=false
#
# Program:         hmmsearch
# Version:         3.4 (Aug 2023)
# Pipeline mode:   SEARCH
# Query file:      /v3/work/00_inventory/busco/busco_downloads/lineages/plasmodium_odb10/hmms/3884at5820.hmm
# Target file:     /v3/inputs/annotations/plasmodb-68/PAM.proteins.fa
# Option settings: hmmsearch --domtblout /v3/work/00_inventory/busco/PAM_proteins/run_plasmodium_odb10/hmmer_output/initial_run_results/3884at5820.out --cpu 1 /v3/work/00_inventory/busco/busco_downloads/lineages/plasmodium_odb10/hmms/3884at5820.hmm /v3/inputs/annotations/plasmodb-68/PAM.proteins.fa 
# Current dir:     /v3/work/00_inventory/busco
# Date:            Tue May 19 17:39:12 2026
# [ok]
