#                                                                            --- full sequence --- -------------- this domain -------------   hmm coord   ali coord   env coord
# target name        accession   tlen query name           accession   qlen   E-value  score  bias   #  of  c-Evalue  i-Evalue  score  bias  from    to  from    to  from    to  acc description of target
#------------------- ---------- ----- -------------------- ---------- ----- --------- ------ ----- --- --- --------- --------- ------ ----- ----- ----- ----- ----- ----- ----- ---- ---------------------
CAI7720551.1         -            946 3923at5820           -            600  6.7e-257  852.0  99.3   1   5   3.5e-76   7.5e-73  244.2  47.2     1   204    25   248    25   250 0.90 | transcript=PVPAM_090031700_t1 | gene=PVPAM_090031700 | organism=Plasmodium_vivax_PAM | gene_product=conserved Plasmodium protein, unknown function | transcript_product=conserved Plasmodium protein, unknown function | location=CASCJQ010000009:1211679-1217047(-) | protein_length=946 | sequence_SO=supercontig | SO=protein_coding_gene | is_pseudo=false
CAI7720551.1         -            946 3923at5820           -            600  6.7e-257  852.0  99.3   2   5   4.1e-13   8.8e-10   35.9  14.5   167   238   234   312   231   330 0.73 | transcript=PVPAM_090031700_t1 | gene=PVPAM_090031700 | organism=Plasmodium_vivax_PAM | gene_product=conserved Plasmodium protein, unknown function | transcript_product=conserved Plasmodium protein, unknown function | location=CASCJQ010000009:1211679-1217047(-) | protein_length=946 | sequence_SO=supercontig | SO=protein_coding_gene | is_pseudo=false
CAI7720551.1         -            946 3923at5820           -            600  6.7e-257  852.0  99.3   3   5  9.5e-141    2e-137  457.4  18.9   198   505   308   646   303   675 0.88 | transcript=PVPAM_090031700_t1 | gene=PVPAM_090031700 | organism=Plasmodium_vivax_PAM | gene_product=conserved Plasmodium protein, unknown function | transcript_product=conserved Plasmodium protein, unknown function | location=CASCJQ010000009:1211679-1217047(-) | protein_length=946 | sequence_SO=supercontig | SO=protein_coding_gene | is_pseudo=false
CAI7720551.1         -            946 3923at5820           -            600  6.7e-257  852.0  99.3   4   5   5.2e-10   1.1e-06   25.6   0.0   503   529   724   750   714   754 0.87 | transcript=PVPAM_090031700_t1 | gene=PVPAM_090031700 | organism=Plasmodium_vivax_PAM | gene_product=conserved Plasmodium protein, unknown function | transcript_product=conserved Plasmodium protein, unknown function | location=CASCJQ010000009:1211679-1217047(-) | protein_length=946 | sequence_SO=supercontig | SO=protein_coding_gene | is_pseudo=false
CAI7720551.1         -            946 3923at5820           -            600  6.7e-257  852.0  99.3   5   5     2e-34   4.2e-31  106.3   1.8   526   600   854   943   849   943 0.89 | transcript=PVPAM_090031700_t1 | gene=PVPAM_090031700 | organism=Plasmodium_vivax_PAM | gene_product=conserved Plasmodium protein, unknown function | transcript_product=conserved Plasmodium protein, unknown function | location=CASCJQ010000009:1211679-1217047(-) | protein_length=946 | sequence_SO=supercontig | SO=protein_coding_gene | is_pseudo=false
CAI7721079.1         -            553 3923at5820           -            600      0.81    6.3  19.3   1   1   0.00054       1.2    5.8  19.3   116   253   100   236    87   244 0.83 | transcript=PVPAM_100034700_t1 | gene=PVPAM_100034700 | organism=Plasmodium_vivax_PAM | gene_product=conserved Plasmodium protein, unknown function | transcript_product=conserved Plasmodium protein, unknown function | location=CASCJQ010000010:1268296-1269957(+) | protein_length=553 | sequence_SO=supercontig | SO=protein_coding_gene | is_pseudo=false
CAI7722358.1         -            256 3923at5820           -            600       2.8    4.5  51.0   1   1    0.0035       7.6    3.1  50.9    56   255    29   238    16   248 0.69 | transcript=PVPAM_120059400_t1 | gene=PVPAM_120059400 | organism=Plasmodium_vivax_PAM | gene_product=conserved Plasmodium protein, unknown function | transcript_product=conserved Plasmodium protein, unknown function | location=CASCJQ010000012:2198975-2200226(-) | protein_length=256 | sequence_SO=supercontig | SO=protein_coding_gene | is_pseudo=false
#
# Program:         hmmsearch
# Version:         3.4 (Aug 2023)
# Pipeline mode:   SEARCH
# Query file:      /v3/work/00_inventory/busco/busco_downloads/lineages/plasmodium_odb10/hmms/3923at5820.hmm
# Target file:     /v3/inputs/annotations/plasmodb-68/PAM.proteins.fa
# Option settings: hmmsearch --domtblout /v3/work/00_inventory/busco/PAM_proteins/run_plasmodium_odb10/hmmer_output/initial_run_results/3923at5820.out --cpu 1 /v3/work/00_inventory/busco/busco_downloads/lineages/plasmodium_odb10/hmms/3923at5820.hmm /v3/inputs/annotations/plasmodb-68/PAM.proteins.fa 
# Current dir:     /v3/work/00_inventory/busco
# Date:            Tue May 19 17:39:19 2026
# [ok]
