#                                                                            --- full sequence --- -------------- this domain -------------   hmm coord   ali coord   env coord
# target name        accession   tlen query name           accession   qlen   E-value  score  bias   #  of  c-Evalue  i-Evalue  score  bias  from    to  from    to  from    to  acc description of target
#------------------- ---------- ----- -------------------- ---------- ----- --------- ------ ----- --- --- --------- --------- ------ ----- ----- ----- ----- ----- ----- ----- ---- ---------------------
CAI7723434.1         -            545 4924at5820           -            497         0 1116.5  26.1   1   2   1.1e-27   2.4e-24   84.0   4.2     1    48     1    48     1    72 0.93 | transcript=PVPAM_140035600_t1 | gene=PVPAM_140035600 | organism=Plasmodium_vivax_PAM | gene_product=karyopherin alpha, putative | transcript_product=karyopherin alpha, putative | location=CASCJQ010000014:1303755-1305392(+) | protein_length=545 | sequence_SO=supercontig | SO=protein_coding_gene | is_pseudo=false
CAI7723434.1         -            545 4924at5820           -            497         0 1116.5  26.1   2   2         0         0 1038.8  14.1    44   497    84   545    75   545 0.98 | transcript=PVPAM_140035600_t1 | gene=PVPAM_140035600 | organism=Plasmodium_vivax_PAM | gene_product=karyopherin alpha, putative | transcript_product=karyopherin alpha, putative | location=CASCJQ010000014:1303755-1305392(+) | protein_length=545 | sequence_SO=supercontig | SO=protein_coding_gene | is_pseudo=false
CAI7720593.1         -            509 4924at5820           -            497   9.7e-21   72.1   7.2   1   3   9.5e-07    0.0021   14.9   0.2    89   177    34   122    26   136 0.86 | transcript=PVPAM_090035700_t1 | gene=PVPAM_090035700 | organism=Plasmodium_vivax_PAM | gene_product=armadillo repeat protein PF16, putative | transcript_product=armadillo repeat protein PF16, putative | location=CASCJQ010000009:1364886-1366519(+) | protein_length=509 | sequence_SO=supercontig | SO=protein_coding_gene | is_pseudo=false
CAI7720593.1         -            509 4924at5820           -            497   9.7e-21   72.1   7.2   2   3   5.6e-12   1.2e-08   32.2   0.7    89   207   162   278   135   287 0.87 | transcript=PVPAM_090035700_t1 | gene=PVPAM_090035700 | organism=Plasmodium_vivax_PAM | gene_product=armadillo repeat protein PF16, putative | transcript_product=armadillo repeat protein PF16, putative | location=CASCJQ010000009:1364886-1366519(+) | protein_length=509 | sequence_SO=supercontig | SO=protein_coding_gene | is_pseudo=false
CAI7720593.1         -            509 4924at5820           -            497   9.7e-21   72.1   7.2   3   3     1e-10   2.3e-07   28.0   0.2    88   188   287   388   266   401 0.85 | transcript=PVPAM_090035700_t1 | gene=PVPAM_090035700 | organism=Plasmodium_vivax_PAM | gene_product=armadillo repeat protein PF16, putative | transcript_product=armadillo repeat protein PF16, putative | location=CASCJQ010000009:1364886-1366519(+) | protein_length=509 | sequence_SO=supercontig | SO=protein_coding_gene | is_pseudo=false
CAI7722317.1         -            710 4924at5820           -            497   3.2e-16   57.2  10.3   1   2      0.52   1.1e+03   -4.0   0.1   246   292    43    92    37   102 0.64 | transcript=PVPAM_120055400_t1 | gene=PVPAM_120055400 | organism=Plasmodium_vivax_PAM | gene_product=conserved Plasmodium protein, unknown function | transcript_product=conserved Plasmodium protein, unknown function | location=CASCJQ010000012:2035906-2038038(+) | protein_length=710 | sequence_SO=supercontig | SO=protein_coding_gene | is_pseudo=false
CAI7722317.1         -            710 4924at5820           -            497   3.2e-16   57.2  10.3   2   2   1.5e-19   3.2e-16   57.2  10.3   230   473   437   702   423   709 0.75 | transcript=PVPAM_120055400_t1 | gene=PVPAM_120055400 | organism=Plasmodium_vivax_PAM | gene_product=conserved Plasmodium protein, unknown function | transcript_product=conserved Plasmodium protein, unknown function | location=CASCJQ010000012:2035906-2038038(+) | protein_length=710 | sequence_SO=supercontig | SO=protein_coding_gene | is_pseudo=false
#
# Program:         hmmsearch
# Version:         3.4 (Aug 2023)
# Pipeline mode:   SEARCH
# Query file:      /v3/work/00_inventory/busco/busco_downloads/lineages/plasmodium_odb10/hmms/4924at5820.hmm
# Target file:     /v3/inputs/annotations/plasmodb-68/PAM.proteins.fa
# Option settings: hmmsearch --domtblout /v3/work/00_inventory/busco/PAM_proteins/run_plasmodium_odb10/hmmer_output/initial_run_results/4924at5820.out --cpu 1 /v3/work/00_inventory/busco/busco_downloads/lineages/plasmodium_odb10/hmms/4924at5820.hmm /v3/inputs/annotations/plasmodb-68/PAM.proteins.fa 
# Current dir:     /v3/work/00_inventory/busco
# Date:            Tue May 19 17:39:40 2026
# [ok]
