#                                                                            --- full sequence --- -------------- this domain -------------   hmm coord   ali coord   env coord
# target name        accession   tlen query name           accession   qlen   E-value  score  bias   #  of  c-Evalue  i-Evalue  score  bias  from    to  from    to  from    to  acc description of target
#------------------- ---------- ----- -------------------- ---------- ----- --------- ------ ----- --- --- --------- --------- ------ ----- ----- ----- ----- ----- ----- ----- ---- ---------------------
CAI7722845.1         -           2244 553at5820            -           1244         0 2545.3  94.2   1   8         0         0 1017.7  12.0     1   445     2   446     2   453 0.99 | transcript=PVPAM_130034700_t1 | gene=PVPAM_130034700 | organism=Plasmodium_vivax_PAM | gene_product=acid phosphatase, putative | transcript_product=acid phosphatase, putative | location=CASCJQ010000013:1334442-1341176(+) | protein_length=2244 | sequence_SO=supercontig | SO=protein_coding_gene | is_pseudo=false
CAI7722845.1         -           2244 553at5820            -           1244         0 2545.3  94.2   2   8   2.9e-25   1.9e-21   74.0   0.4   428   495   530   597   509   604 0.82 | transcript=PVPAM_130034700_t1 | gene=PVPAM_130034700 | organism=Plasmodium_vivax_PAM | gene_product=acid phosphatase, putative | transcript_product=acid phosphatase, putative | location=CASCJQ010000013:1334442-1341176(+) | protein_length=2244 | sequence_SO=supercontig | SO=protein_coding_gene | is_pseudo=false
CAI7722845.1         -           2244 553at5820            -           1244         0 2545.3  94.2   3   8  3.6e-249  2.3e-245  815.7   8.5   487   861   666  1044   660  1072 0.96 | transcript=PVPAM_130034700_t1 | gene=PVPAM_130034700 | organism=Plasmodium_vivax_PAM | gene_product=acid phosphatase, putative | transcript_product=acid phosphatase, putative | location=CASCJQ010000013:1334442-1341176(+) | protein_length=2244 | sequence_SO=supercontig | SO=protein_coding_gene | is_pseudo=false
CAI7722845.1         -           2244 553at5820            -           1244         0 2545.3  94.2   4   8   1.1e-06    0.0071   12.5   0.1   855   880  1079  1104  1053  1120 0.80 | transcript=PVPAM_130034700_t1 | gene=PVPAM_130034700 | organism=Plasmodium_vivax_PAM | gene_product=acid phosphatase, putative | transcript_product=acid phosphatase, putative | location=CASCJQ010000013:1334442-1341176(+) | protein_length=2244 | sequence_SO=supercontig | SO=protein_coding_gene | is_pseudo=false
CAI7722845.1         -           2244 553at5820            -           1244         0 2545.3  94.2   5   8   1.1e-26   7.4e-23   78.7   3.2   875   934  1368  1427  1354  1437 0.90 | transcript=PVPAM_130034700_t1 | gene=PVPAM_130034700 | organism=Plasmodium_vivax_PAM | gene_product=acid phosphatase, putative | transcript_product=acid phosphatase, putative | location=CASCJQ010000013:1334442-1341176(+) | protein_length=2244 | sequence_SO=supercontig | SO=protein_coding_gene | is_pseudo=false
CAI7722845.1         -           2244 553at5820            -           1244         0 2545.3  94.2   6   8  8.4e-101   5.5e-97  324.2   9.1   907  1080  1551  1723  1536  1748 0.92 | transcript=PVPAM_130034700_t1 | gene=PVPAM_130034700 | organism=Plasmodium_vivax_PAM | gene_product=acid phosphatase, putative | transcript_product=acid phosphatase, putative | location=CASCJQ010000013:1334442-1341176(+) | protein_length=2244 | sequence_SO=supercontig | SO=protein_coding_gene | is_pseudo=false
CAI7722845.1         -           2244 553at5820            -           1244         0 2545.3  94.2   7   8   3.5e-27   2.2e-23   80.4   5.1  1028  1158  1919  2067  1910  2085 0.79 | transcript=PVPAM_130034700_t1 | gene=PVPAM_130034700 | organism=Plasmodium_vivax_PAM | gene_product=acid phosphatase, putative | transcript_product=acid phosphatase, putative | location=CASCJQ010000013:1334442-1341176(+) | protein_length=2244 | sequence_SO=supercontig | SO=protein_coding_gene | is_pseudo=false
CAI7722845.1         -           2244 553at5820            -           1244         0 2545.3  94.2   8   8   5.1e-57   3.3e-53  179.2   6.6  1147  1244  2137  2235  2117  2235 0.91 | transcript=PVPAM_130034700_t1 | gene=PVPAM_130034700 | organism=Plasmodium_vivax_PAM | gene_product=acid phosphatase, putative | transcript_product=acid phosphatase, putative | location=CASCJQ010000013:1334442-1341176(+) | protein_length=2244 | sequence_SO=supercontig | SO=protein_coding_gene | is_pseudo=false
#
# Program:         hmmsearch
# Version:         3.4 (Aug 2023)
# Pipeline mode:   SEARCH
# Query file:      /v3/work/00_inventory/busco/busco_downloads/lineages/plasmodium_odb10/hmms/553at5820.hmm
# Target file:     /v3/inputs/annotations/plasmodb-68/PAM.proteins.fa
# Option settings: hmmsearch --domtblout /v3/work/00_inventory/busco/PAM_proteins/run_plasmodium_odb10/hmmer_output/initial_run_results/553at5820.out --cpu 1 /v3/work/00_inventory/busco/busco_downloads/lineages/plasmodium_odb10/hmms/553at5820.hmm /v3/inputs/annotations/plasmodb-68/PAM.proteins.fa 
# Current dir:     /v3/work/00_inventory/busco
# Date:            Tue May 19 17:42:15 2026
# [ok]
