#                                                                            --- full sequence --- -------------- this domain -------------   hmm coord   ali coord   env coord
# target name        accession   tlen query name           accession   qlen   E-value  score  bias   #  of  c-Evalue  i-Evalue  score  bias  from    to  from    to  from    to  acc description of target
#------------------- ---------- ----- -------------------- ---------- ----- --------- ------ ----- --- --- --------- --------- ------ ----- ----- ----- ----- ----- ----- ----- ---- ---------------------
CAI7722331.1         -            624 5801at5820           -            479  6.4e-188  623.9  64.9   1   3    1e-154  1.7e-151  503.8  26.9     3   324     3   369     1   378 0.90 | transcript=PVPAM_120056800_t1 | gene=PVPAM_120056800 | organism=Plasmodium_vivax_PAM | gene_product=Pv-fam-g protein [Source:UniProtKB/TrEMBL;Acc:A0A1G4HHG2] | transcript_product=Pv-fam-g protein [Source:UniProtKB/TrEMBL;Acc:A0A1G4HHG2] | location=CASCJQ010000012:2101748-2103622(-) | protein_length=624 | sequence_SO=supercontig | SO=protein_coding_gene | is_pseudo=false
CAI7722331.1         -            624 5801at5820           -            479  6.4e-188  623.9  64.9   2   3   3.8e-05     0.062   10.6   9.0   296   355   377   440   362   445 0.78 | transcript=PVPAM_120056800_t1 | gene=PVPAM_120056800 | organism=Plasmodium_vivax_PAM | gene_product=Pv-fam-g protein [Source:UniProtKB/TrEMBL;Acc:A0A1G4HHG2] | transcript_product=Pv-fam-g protein [Source:UniProtKB/TrEMBL;Acc:A0A1G4HHG2] | location=CASCJQ010000012:2101748-2103622(-) | protein_length=624 | sequence_SO=supercontig | SO=protein_coding_gene | is_pseudo=false
CAI7722331.1         -            624 5801at5820           -            479  6.4e-188  623.9  64.9   3   3   4.9e-38   7.9e-35  119.1  17.9   331   476   443   624   435   624 0.80 | transcript=PVPAM_120056800_t1 | gene=PVPAM_120056800 | organism=Plasmodium_vivax_PAM | gene_product=Pv-fam-g protein [Source:UniProtKB/TrEMBL;Acc:A0A1G4HHG2] | transcript_product=Pv-fam-g protein [Source:UniProtKB/TrEMBL;Acc:A0A1G4HHG2] | location=CASCJQ010000012:2101748-2103622(-) | protein_length=624 | sequence_SO=supercontig | SO=protein_coding_gene | is_pseudo=false
CAI7722337.1         -            152 5801at5820           -            479     1e-14   52.7  23.6   1   1     8e-18   1.3e-14   52.4  23.6   102   210    13   121     4   148 0.86 | transcript=PVPAM_120057300_t1 | gene=PVPAM_120057300 | organism=Plasmodium_vivax_PAM | gene_product=Pv-fam-g protein [Source:UniProtKB/TrEMBL;Acc:A0A1G4HHG4] | transcript_product=Pv-fam-g protein [Source:UniProtKB/TrEMBL;Acc:A0A1G4HHG4] | location=CASCJQ010000012:2122188-2122646(+) | protein_length=152 | sequence_SO=supercontig | SO=protein_coding_gene | is_pseudo=false
CAI7722338.1         -            189 5801at5820           -            479   3.5e-10   37.8  20.0   1   2   2.1e-13   3.5e-10   37.8  20.0   157   207    18    68     7    95 0.89 | transcript=PVPAM_120057400_t1 | gene=PVPAM_120057400 | organism=Plasmodium_vivax_PAM | gene_product=conserved Plasmodium protein, unknown function | transcript_product=conserved Plasmodium protein, unknown function | location=CASCJQ010000012:2123968-2124537(-) | protein_length=189 | sequence_SO=supercontig | SO=protein_coding_gene | is_pseudo=false
CAI7722338.1         -            189 5801at5820           -            479   3.5e-10   37.8  20.0   2   2     0.092   1.5e+02   -0.6   0.9   373   410   135   172    67   184 0.51 | transcript=PVPAM_120057400_t1 | gene=PVPAM_120057400 | organism=Plasmodium_vivax_PAM | gene_product=conserved Plasmodium protein, unknown function | transcript_product=conserved Plasmodium protein, unknown function | location=CASCJQ010000012:2123968-2124537(-) | protein_length=189 | sequence_SO=supercontig | SO=protein_coding_gene | is_pseudo=false
CAI7718593.1         -            263 5801at5820           -            479      0.19    9.0   8.2   1   1   0.00019      0.31    8.3   8.2    55   145   116   210    77   224 0.59 | transcript=PVPAM_040033800_t1 | gene=PVPAM_040033800 | organism=Plasmodium_vivax_PAM | gene_product=Plasmodium exported protein, unknown function | transcript_product=Plasmodium exported protein, unknown function | location=CASCJQ010000004:1191535-1192596(-) | protein_length=263 | sequence_SO=supercontig | SO=protein_coding_gene | is_pseudo=false
#
# Program:         hmmsearch
# Version:         3.4 (Aug 2023)
# Pipeline mode:   SEARCH
# Query file:      /v3/work/00_inventory/busco/busco_downloads/lineages/plasmodium_odb10/hmms/5801at5820.hmm
# Target file:     /v3/inputs/annotations/plasmodb-68/PAM.proteins.fa
# Option settings: hmmsearch --domtblout /v3/work/00_inventory/busco/PAM_proteins/run_plasmodium_odb10/hmmer_output/initial_run_results/5801at5820.out --cpu 1 /v3/work/00_inventory/busco/busco_downloads/lineages/plasmodium_odb10/hmms/5801at5820.hmm /v3/inputs/annotations/plasmodb-68/PAM.proteins.fa 
# Current dir:     /v3/work/00_inventory/busco
# Date:            Tue May 19 17:43:25 2026
# [ok]
