#                                                                            --- full sequence --- -------------- this domain -------------   hmm coord   ali coord   env coord
# target name        accession   tlen query name           accession   qlen   E-value  score  bias   #  of  c-Evalue  i-Evalue  score  bias  from    to  from    to  from    to  acc description of target
#------------------- ---------- ----- -------------------- ---------- ----- --------- ------ ----- --- --- --------- --------- ------ ----- ----- ----- ----- ----- ----- ----- ---- ---------------------
CAI7722012.1         -            522 6981at5820           -            460  3.2e-243  806.0  87.1   1   2  1.4e-109  2.2e-106  354.9  47.0     1   229    16   252    16   258 0.93 | transcript=PVPAM_120025100_t1 | gene=PVPAM_120025100 | organism=Plasmodium_vivax_PAM | gene_product=chaperone binding protein, putative | transcript_product=chaperone binding protein, putative | location=CASCJQ010000012:804556-806124(-) | protein_length=522 | sequence_SO=supercontig | SO=protein_coding_gene | is_pseudo=false
CAI7722012.1         -            522 6981at5820           -            460  3.2e-243  806.0  87.1   2   2  3.4e-140  5.6e-137  455.8  36.9   199   460   246   522   242   522 0.90 | transcript=PVPAM_120025100_t1 | gene=PVPAM_120025100 | organism=Plasmodium_vivax_PAM | gene_product=chaperone binding protein, putative | transcript_product=chaperone binding protein, putative | location=CASCJQ010000012:804556-806124(-) | protein_length=522 | sequence_SO=supercontig | SO=protein_coding_gene | is_pseudo=false
CAI7723809.1         -            302 6981at5820           -            460   6.4e-17   59.9  13.4   1   1   5.3e-20   8.5e-17   59.5  13.4     7   168   128   297   123   301 0.85 | transcript=PVPAM_140073200_t1 | gene=PVPAM_140073200 | organism=Plasmodium_vivax_PAM | gene_product=peptidyl-prolyl cis-trans isomerase FKBP35, putative | transcript_product=peptidyl-prolyl cis-trans isomerase FKBP35, putative | location=CASCJQ010000014:2882921-2883829(-) | protein_length=302 | sequence_SO=supercontig | SO=protein_coding_gene | is_pseudo=false
CAI7720402.1         -            426 6981at5820           -            460   1.5e-05   22.5  10.0   1   2      0.36   5.9e+02   -2.6  21.7   160   246    18   107     3   115 0.56 | transcript=PVPAM_090016700_t1 | gene=PVPAM_090016700 | organism=Plasmodium_vivax_PAM | gene_product=peptidyl-prolyl cis-trans isomerase, putative | transcript_product=peptidyl-prolyl cis-trans isomerase, putative | location=CASCJQ010000009:593770-595217(+) | protein_length=426 | sequence_SO=supercontig | SO=protein_coding_gene | is_pseudo=false
CAI7720402.1         -            426 6981at5820           -            460   1.5e-05   22.5  10.0   2   2   9.1e-09   1.5e-05   22.5  10.0     9   162   107   268    99   320 0.82 | transcript=PVPAM_090016700_t1 | gene=PVPAM_090016700 | organism=Plasmodium_vivax_PAM | gene_product=peptidyl-prolyl cis-trans isomerase, putative | transcript_product=peptidyl-prolyl cis-trans isomerase, putative | location=CASCJQ010000009:593770-595217(+) | protein_length=426 | sequence_SO=supercontig | SO=protein_coding_gene | is_pseudo=false
CAI7722068.1         -           1013 6981at5820           -            460       3.6    4.7  19.7   1   2   6.5e-05      0.11    9.8  13.3   201   268   308   385   293   389 0.62 | transcript=PVPAM_120030600_t1 | gene=PVPAM_120030600 | organism=Plasmodium_vivax_PAM | gene_product=alpha/beta-hydrolase, putative | transcript_product=alpha/beta-hydrolase, putative | location=CASCJQ010000012:995850-998891(+) | protein_length=1013 | sequence_SO=supercontig | SO=protein_coding_gene | is_pseudo=false
CAI7722068.1         -           1013 6981at5820           -            460       3.6    4.7  19.7   2   2      0.76   1.2e+03   -3.6   0.4   203   220   887   902   879   915 0.59 | transcript=PVPAM_120030600_t1 | gene=PVPAM_120030600 | organism=Plasmodium_vivax_PAM | gene_product=alpha/beta-hydrolase, putative | transcript_product=alpha/beta-hydrolase, putative | location=CASCJQ010000012:995850-998891(+) | protein_length=1013 | sequence_SO=supercontig | SO=protein_coding_gene | is_pseudo=false
#
# Program:         hmmsearch
# Version:         3.4 (Aug 2023)
# Pipeline mode:   SEARCH
# Query file:      /v3/work/00_inventory/busco/busco_downloads/lineages/plasmodium_odb10/hmms/6981at5820.hmm
# Target file:     /v3/inputs/annotations/plasmodb-68/PAM.proteins.fa
# Option settings: hmmsearch --domtblout /v3/work/00_inventory/busco/PAM_proteins/run_plasmodium_odb10/hmmer_output/initial_run_results/6981at5820.out --cpu 1 /v3/work/00_inventory/busco/busco_downloads/lineages/plasmodium_odb10/hmms/6981at5820.hmm /v3/inputs/annotations/plasmodb-68/PAM.proteins.fa 
# Current dir:     /v3/work/00_inventory/busco
# Date:            Tue May 19 17:45:28 2026
# [ok]
