#                                                                            --- full sequence --- -------------- this domain -------------   hmm coord   ali coord   env coord
# target name        accession   tlen query name           accession   qlen   E-value  score  bias   #  of  c-Evalue  i-Evalue  score  bias  from    to  from    to  from    to  acc description of target
#------------------- ---------- ----- -------------------- ---------- ----- --------- ------ ----- --- --- --------- --------- ------ ----- ----- ----- ----- ----- ----- ----- ---- ---------------------
CAI7723043.1         -            510 7291at5820           -            381  6.8e-182  603.1  33.7   1   3   1.8e-61   3.8e-58  195.8  11.8     1   117    23   149    23   156 0.92 | transcript=PVPAM_130054900_t1 | gene=PVPAM_130054900 | organism=Plasmodium_vivax_PAM | gene_product=WD repeat-containing protein, putative | transcript_product=WD repeat-containing protein, putative | location=CASCJQ010000013:2208043-2209749(+) | protein_length=510 | sequence_SO=supercontig | SO=protein_coding_gene | is_pseudo=false
CAI7723043.1         -            510 7291at5820           -            381  6.8e-182  603.1  33.7   2   3   2.6e-13   5.5e-10   37.3   0.4   116   148   176   208   172   221 0.89 | transcript=PVPAM_130054900_t1 | gene=PVPAM_130054900 | organism=Plasmodium_vivax_PAM | gene_product=WD repeat-containing protein, putative | transcript_product=WD repeat-containing protein, putative | location=CASCJQ010000013:2208043-2209749(+) | protein_length=510 | sequence_SO=supercontig | SO=protein_coding_gene | is_pseudo=false
CAI7723043.1         -            510 7291at5820           -            381  6.8e-182  603.1  33.7   3   3  1.5e-117  3.3e-114  380.4   7.7   145   381   247   507   243   507 0.91 | transcript=PVPAM_130054900_t1 | gene=PVPAM_130054900 | organism=Plasmodium_vivax_PAM | gene_product=WD repeat-containing protein, putative | transcript_product=WD repeat-containing protein, putative | location=CASCJQ010000013:2208043-2209749(+) | protein_length=510 | sequence_SO=supercontig | SO=protein_coding_gene | is_pseudo=false
CAI7718796.1         -            324 7291at5820           -            381   5.5e-05   20.8   7.3   1   4    0.0062        13    3.1   0.1   227   246    93   112    76   119 0.84 | transcript=PVPAM_050019000_t1 | gene=PVPAM_050019000 | organism=Plasmodium_vivax_PAM | gene_product=U5 small nuclear ribonucleoprotein 40 kDa protein, putative | transcript_product=U5 small nuclear ribonucleoprotein 40 kDa protein, putative | location=CASCJQ010000005:627988-628962(-) | protein_length=324 | sequence_SO=supercontig | SO=protein_coding_gene | is_pseudo=false
CAI7718796.1         -            324 7291at5820           -            381   5.5e-05   20.8   7.3   2   4   1.7e-06    0.0037   14.8   0.6   213   261   120   168   108   192 0.88 | transcript=PVPAM_050019000_t1 | gene=PVPAM_050019000 | organism=Plasmodium_vivax_PAM | gene_product=U5 small nuclear ribonucleoprotein 40 kDa protein, putative | transcript_product=U5 small nuclear ribonucleoprotein 40 kDa protein, putative | location=CASCJQ010000005:627988-628962(-) | protein_length=324 | sequence_SO=supercontig | SO=protein_coding_gene | is_pseudo=false
CAI7718796.1         -            324 7291at5820           -            381   5.5e-05   20.8   7.3   3   4    0.0014       2.9    5.3   0.1   211   245   200   235   174   269 0.80 | transcript=PVPAM_050019000_t1 | gene=PVPAM_050019000 | organism=Plasmodium_vivax_PAM | gene_product=U5 small nuclear ribonucleoprotein 40 kDa protein, putative | transcript_product=U5 small nuclear ribonucleoprotein 40 kDa protein, putative | location=CASCJQ010000005:627988-628962(-) | protein_length=324 | sequence_SO=supercontig | SO=protein_coding_gene | is_pseudo=false
CAI7718796.1         -            324 7291at5820           -            381   5.5e-05   20.8   7.3   4   4     0.089   1.9e+02   -0.7   0.0   116   246   256   285   251   313 0.66 | transcript=PVPAM_050019000_t1 | gene=PVPAM_050019000 | organism=Plasmodium_vivax_PAM | gene_product=U5 small nuclear ribonucleoprotein 40 kDa protein, putative | transcript_product=U5 small nuclear ribonucleoprotein 40 kDa protein, putative | location=CASCJQ010000005:627988-628962(-) | protein_length=324 | sequence_SO=supercontig | SO=protein_coding_gene | is_pseudo=false
CAI7718757.1         -            322 7291at5820           -            381     0.062   10.8   5.5   1   4      0.21   4.6e+02   -2.0   0.0   226   244    34    52    19    56 0.78 | transcript=PVPAM_050015100_t1 | gene=PVPAM_050015100 | organism=Plasmodium_vivax_PAM | gene_product=receptor for activated c kinase, putative | transcript_product=receptor for activated c kinase, putative | location=CASCJQ010000005:464459-465869(+) | protein_length=322 | sequence_SO=supercontig | SO=protein_coding_gene | is_pseudo=false
CAI7718757.1         -            322 7291at5820           -            381     0.062   10.8   5.5   2   4   0.00034      0.73    7.2   0.0   174   251   115   195   100   209 0.79 | transcript=PVPAM_050015100_t1 | gene=PVPAM_050015100 | organism=Plasmodium_vivax_PAM | gene_product=receptor for activated c kinase, putative | transcript_product=receptor for activated c kinase, putative | location=CASCJQ010000005:464459-465869(+) | protein_length=322 | sequence_SO=supercontig | SO=protein_coding_gene | is_pseudo=false
CAI7718757.1         -            322 7291at5820           -            381     0.062   10.8   5.5   3   4    0.0025       5.4    4.4   0.1   217   253   243   279   218   285 0.80 | transcript=PVPAM_050015100_t1 | gene=PVPAM_050015100 | organism=Plasmodium_vivax_PAM | gene_product=receptor for activated c kinase, putative | transcript_product=receptor for activated c kinase, putative | location=CASCJQ010000005:464459-465869(+) | protein_length=322 | sequence_SO=supercontig | SO=protein_coding_gene | is_pseudo=false
CAI7718757.1         -            322 7291at5820           -            381     0.062   10.8   5.5   4   4      0.12   2.5e+02   -1.1   0.1   226   248   300   322   290   322 0.71 | transcript=PVPAM_050015100_t1 | gene=PVPAM_050015100 | organism=Plasmodium_vivax_PAM | gene_product=receptor for activated c kinase, putative | transcript_product=receptor for activated c kinase, putative | location=CASCJQ010000005:464459-465869(+) | protein_length=322 | sequence_SO=supercontig | SO=protein_coding_gene | is_pseudo=false
#
# Program:         hmmsearch
# Version:         3.4 (Aug 2023)
# Pipeline mode:   SEARCH
# Query file:      /v3/work/00_inventory/busco/busco_downloads/lineages/plasmodium_odb10/hmms/7291at5820.hmm
# Target file:     /v3/inputs/annotations/plasmodb-68/PAM.proteins.fa
# Option settings: hmmsearch --domtblout /v3/work/00_inventory/busco/PAM_proteins/run_plasmodium_odb10/hmmer_output/initial_run_results/7291at5820.out --cpu 1 /v3/work/00_inventory/busco/busco_downloads/lineages/plasmodium_odb10/hmms/7291at5820.hmm /v3/inputs/annotations/plasmodb-68/PAM.proteins.fa 
# Current dir:     /v3/work/00_inventory/busco
# Date:            Tue May 19 17:46:56 2026
# [ok]
