#                                                                            --- full sequence --- -------------- this domain -------------   hmm coord   ali coord   env coord
# target name        accession   tlen query name           accession   qlen   E-value  score  bias   #  of  c-Evalue  i-Evalue  score  bias  from    to  from    to  from    to  acc description of target
#------------------- ---------- ----- -------------------- ---------- ----- --------- ------ ----- --- --- --------- --------- ------ ----- ----- ----- ----- ----- ----- ----- ---- ---------------------
CAI7719641.1         -            552 7401at5820           -            457  5.8e-255  844.9  57.0   1   2  4.6e-219  7.5e-216  716.0  38.9     1   372     1   376     1   385 0.99 | transcript=PVPAM_070025500_t1 | gene=PVPAM_070025500 | organism=Plasmodium_vivax_PAM | gene_product=elongation of fatty acids protein, putative | transcript_product=elongation of fatty acids protein, putative | location=CASCJQ010000007:913766-915424(+) | protein_length=552 | sequence_SO=supercontig | SO=protein_coding_gene | is_pseudo=false
CAI7719641.1         -            552 7401at5820           -            457  5.8e-255  844.9  57.0   2   2   5.4e-41   8.7e-38  129.0  10.1   372   457   446   548   436   548 0.85 | transcript=PVPAM_070025500_t1 | gene=PVPAM_070025500 | organism=Plasmodium_vivax_PAM | gene_product=elongation of fatty acids protein, putative | transcript_product=elongation of fatty acids protein, putative | location=CASCJQ010000007:913766-915424(+) | protein_length=552 | sequence_SO=supercontig | SO=protein_coding_gene | is_pseudo=false
CAI7717902.1         -            317 7401at5820           -            457   5.9e-26   90.0  20.2   1   2   3.7e-29   5.9e-26   90.0  20.2    28   203    65   247    51   254 0.84 | transcript=PVPAM_020013400_t1 | gene=PVPAM_020013400 | organism=Plasmodium_vivax_PAM | gene_product=elongation of fatty acids protein, putative | transcript_product=elongation of fatty acids protein, putative | location=CASCJQ010000002:367168-368271(+) | protein_length=317 | sequence_SO=supercontig | SO=protein_coding_gene | is_pseudo=false
CAI7717902.1         -            317 7401at5820           -            457   5.9e-26   90.0  20.2   2   2      0.06        97    0.2   2.9   213   238   282   307   268   310 0.83 | transcript=PVPAM_020013400_t1 | gene=PVPAM_020013400 | organism=Plasmodium_vivax_PAM | gene_product=elongation of fatty acids protein, putative | transcript_product=elongation of fatty acids protein, putative | location=CASCJQ010000002:367168-368271(+) | protein_length=317 | sequence_SO=supercontig | SO=protein_coding_gene | is_pseudo=false
CAI7721573.1         -            291 7401at5820           -            457   4.8e-12   44.1  28.6   1   2      0.23   3.7e+02   -1.7   1.0   205   239    28    63    24    75 0.73 | transcript=PVPAM_110047800_t1 | gene=PVPAM_110047800 | organism=Plasmodium_vivax_PAM | gene_product=elongation of fatty acids protein, putative | transcript_product=elongation of fatty acids protein, putative | location=CASCJQ010000011:1781014-1782528(-) | protein_length=291 | sequence_SO=supercontig | SO=protein_coding_gene | is_pseudo=false
CAI7721573.1         -            291 7401at5820           -            457   4.8e-12   44.1  28.6   2   2   2.9e-15   4.8e-12   44.1  28.6    57   241    98   287    81   291 0.78 | transcript=PVPAM_110047800_t1 | gene=PVPAM_110047800 | organism=Plasmodium_vivax_PAM | gene_product=elongation of fatty acids protein, putative | transcript_product=elongation of fatty acids protein, putative | location=CASCJQ010000011:1781014-1782528(-) | protein_length=291 | sequence_SO=supercontig | SO=protein_coding_gene | is_pseudo=false
CAI7723847.1         -            134 7401at5820           -            457     0.014   12.9   3.6   1   1   1.1e-05     0.018   12.5   3.6   180   235    64   124    57   130 0.83 | transcript=PVPAM_140077000_t1 | gene=PVPAM_140077000 | organism=Plasmodium_vivax_PAM | gene_product=conserved Plasmodium protein, unknown function | transcript_product=conserved Plasmodium protein, unknown function | location=CASCJQ010000014:3026736-3027728(+) | protein_length=134 | sequence_SO=supercontig | SO=protein_coding_gene | is_pseudo=false
#
# Program:         hmmsearch
# Version:         3.4 (Aug 2023)
# Pipeline mode:   SEARCH
# Query file:      /v3/work/00_inventory/busco/busco_downloads/lineages/plasmodium_odb10/hmms/7401at5820.hmm
# Target file:     /v3/inputs/annotations/plasmodb-68/PAM.proteins.fa
# Option settings: hmmsearch --domtblout /v3/work/00_inventory/busco/PAM_proteins/run_plasmodium_odb10/hmmer_output/initial_run_results/7401at5820.out --cpu 1 /v3/work/00_inventory/busco/busco_downloads/lineages/plasmodium_odb10/hmms/7401at5820.hmm /v3/inputs/annotations/plasmodb-68/PAM.proteins.fa 
# Current dir:     /v3/work/00_inventory/busco
# Date:            Tue May 19 17:47:20 2026
# [ok]
