#                                                                            --- full sequence --- -------------- this domain -------------   hmm coord   ali coord   env coord
# target name        accession   tlen query name           accession   qlen   E-value  score  bias   #  of  c-Evalue  i-Evalue  score  bias  from    to  from    to  from    to  acc description of target
#------------------- ---------- ----- -------------------- ---------- ----- --------- ------ ----- --- --- --------- --------- ------ ----- ----- ----- ----- ----- ----- ----- ---- ---------------------
CAI7720159.1         -            308 8615at5820           -            302  2.5e-218  721.4   3.1   1   1  3.9e-221  2.8e-218  721.3   3.1     1   302     6   308     6   308 0.99 | transcript=PVPAM_080038100_t1 | gene=PVPAM_080038100 | organism=Plasmodium_vivax_PAM | gene_product=serine/threonine protein phosphatase 6, putative | transcript_product=serine/threonine protein phosphatase 6, putative | location=CASCJQ010000008:1509355-1510281(+) | protein_length=308 | sequence_SO=supercontig | SO=protein_coding_gene | is_pseudo=false
CAI7719719.1         -            307 8615at5820           -            302  1.6e-114  380.5   0.7   1   1  2.8e-117    2e-114  380.2   0.7     6   275    11   278     6   297 0.96 | transcript=PVPAM_070033300_t1 | gene=PVPAM_070033300 | organism=Plasmodium_vivax_PAM | gene_product=serine/threonine protein phosphatase 4, putative | transcript_product=serine/threonine protein phosphatase 4, putative | location=CASCJQ010000007:1222988-1223911(-) | protein_length=307 | sequence_SO=supercontig | SO=protein_coding_gene | is_pseudo=false
CAI7719695.1         -            510 8615at5820           -            302   1.2e-97  325.1   0.7   1   1  2.2e-100   1.6e-97  324.8   0.7     4   300   208   508   205   510 0.93 | transcript=PVPAM_070030900_t1 | gene=PVPAM_070030900 | organism=Plasmodium_vivax_PAM | gene_product=protein phosphatase-beta, putative | transcript_product=protein phosphatase-beta, putative | location=CASCJQ010000007:1119834-1121534(-) | protein_length=510 | sequence_SO=supercontig | SO=protein_coding_gene | is_pseudo=false
CAI7722988.1         -            304 8615at5820           -            302   5.6e-78  260.6   0.1   1   1   9.8e-81   7.1e-78  260.2   0.1    11   284    21   296    12   303 0.93 | transcript=PVPAM_130049400_t1 | gene=PVPAM_130049400 | organism=Plasmodium_vivax_PAM | gene_product=serine/threonine protein phosphatase PP1, putative | transcript_product=serine/threonine protein phosphatase PP1, putative | location=CASCJQ010000013:1956130-1958285(-) | protein_length=304 | sequence_SO=supercontig | SO=protein_coding_gene | is_pseudo=false
CAI7717793.1         -            564 8615at5820           -            302   1.3e-57  193.7   0.4   1   1   2.6e-60   1.9e-57  193.2   0.4    19   283    56   336    43   348 0.86 | transcript=PVPAM_010030700_t1 | gene=PVPAM_010030700 | organism=Plasmodium_vivax_PAM | gene_product=serine/threonine protein phosphatase 2B catalytic subunit A, putative | transcript_product=serine/threonine protein phosphatase 2B catalytic subunit A, putative | location=CASCJQ010000001:1141578-1143819(-) | protein_length=564 | sequence_SO=supercontig | SO=protein_coding_gene | is_pseudo=false
CAI7721302.1         -            692 8615at5820           -            302   9.5e-52  174.4   0.1   1   1   2.2e-54   1.6e-51  173.7   0.1    37   271   425   659   387   677 0.90 | transcript=PVPAM_110020400_t1 | gene=PVPAM_110020400 | organism=Plasmodium_vivax_PAM | gene_product=serine/threonine protein phosphatase 5, putative | transcript_product=serine/threonine protein phosphatase 5, putative | location=CASCJQ010000011:658207-660285(-) | protein_length=692 | sequence_SO=supercontig | SO=protein_coding_gene | is_pseudo=false
CAI7722220.1         -            878 8615at5820           -            302   3.1e-50  169.5   0.5   1   1   3.1e-52   2.2e-49  166.7   0.5    20   275   541   831   532   849 0.83 | transcript=PVPAM_120045800_t1 | gene=PVPAM_120045800 | organism=Plasmodium_vivax_PAM | gene_product=protein phosphatase containing kelch-like domains, putative | transcript_product=protein phosphatase containing kelch-like domains, putative | location=CASCJQ010000012:1628851-1631615(-) | protein_length=878 | sequence_SO=supercontig | SO=protein_coding_gene | is_pseudo=false
CAI7722905.1         -            956 8615at5820           -            302   1.2e-40  138.0   3.4   1   1   2.3e-43   1.6e-40  137.6   2.8    33   274   230   480   203   512 0.79 | transcript=PVPAM_130040700_t1 | gene=PVPAM_130040700 | organism=Plasmodium_vivax_PAM | gene_product=serine/threonine protein phosphatase 7, putative | transcript_product=serine/threonine protein phosphatase 7, putative | location=CASCJQ010000013:1580920-1586294(-) | protein_length=956 | sequence_SO=supercontig | SO=protein_coding_gene | is_pseudo=false
CAI7719134.1         -           2062 8615at5820           -            302   1.8e-29  101.3   2.2   1   2   1.5e-05     0.011   13.4   0.0    17    85  1134  1206  1119  1212 0.77 | transcript=PVPAM_060014100_t1 | gene=PVPAM_060014100 | organism=Plasmodium_vivax_PAM | gene_product=serine/threonine protein phosphatase 8, putative | transcript_product=serine/threonine protein phosphatase 8, putative | location=CASCJQ010000006:378525-384867(-) | protein_length=2062 | sequence_SO=supercontig | SO=protein_coding_gene | is_pseudo=false
CAI7719134.1         -           2062 8615at5820           -            302   1.8e-29  101.3   2.2   2   2     3e-27   2.2e-24   84.6   0.7    71   271  1259  1506  1252  1525 0.71 | transcript=PVPAM_060014100_t1 | gene=PVPAM_060014100 | organism=Plasmodium_vivax_PAM | gene_product=serine/threonine protein phosphatase 8, putative | transcript_product=serine/threonine protein phosphatase 8, putative | location=CASCJQ010000006:378525-384867(-) | protein_length=2062 | sequence_SO=supercontig | SO=protein_coding_gene | is_pseudo=false
#
# Program:         hmmsearch
# Version:         3.4 (Aug 2023)
# Pipeline mode:   SEARCH
# Query file:      /v3/work/00_inventory/busco/busco_downloads/lineages/plasmodium_odb10/hmms/8615at5820.hmm
# Target file:     /v3/inputs/annotations/plasmodb-68/PAM.proteins.fa
# Option settings: hmmsearch --domtblout /v3/work/00_inventory/busco/PAM_proteins/run_plasmodium_odb10/hmmer_output/initial_run_results/8615at5820.out --cpu 1 /v3/work/00_inventory/busco/busco_downloads/lineages/plasmodium_odb10/hmms/8615at5820.hmm /v3/inputs/annotations/plasmodb-68/PAM.proteins.fa 
# Current dir:     /v3/work/00_inventory/busco
# Date:            Tue May 19 17:47:49 2026
# [ok]
