#                                                                            --- full sequence --- -------------- this domain -------------   hmm coord   ali coord   env coord
# target name        accession   tlen query name           accession   qlen   E-value  score  bias   #  of  c-Evalue  i-Evalue  score  bias  from    to  from    to  from    to  acc description of target
#------------------- ---------- ----- -------------------- ---------- ----- --------- ------ ----- --- --- --------- --------- ------ ----- ----- ----- ----- ----- ----- ----- ---- ---------------------
CAI7721836.1         -           1518 952at5820            -           1041         0 1788.6 185.6   1   7  7.8e-158    5e-154  513.1  42.6     1   299     1   341     1   344 0.90 | transcript=PVPAM_120007000_t1 | gene=PVPAM_120007000 | organism=Plasmodium_vivax_PAM | gene_product=conserved Plasmodium protein, unknown function | transcript_product=conserved Plasmodium protein, unknown function | location=CASCJQ010000012:85440-89996(-) | protein_length=1518 | sequence_SO=supercontig | SO=protein_coding_gene | is_pseudo=false
CAI7721836.1         -           1518 952at5820            -           1041         0 1788.6 185.6   2   7   2.5e-69   1.6e-65  220.1  14.1   305   422   404   521   399   536 0.97 | transcript=PVPAM_120007000_t1 | gene=PVPAM_120007000 | organism=Plasmodium_vivax_PAM | gene_product=conserved Plasmodium protein, unknown function | transcript_product=conserved Plasmodium protein, unknown function | location=CASCJQ010000012:85440-89996(-) | protein_length=1518 | sequence_SO=supercontig | SO=protein_coding_gene | is_pseudo=false
CAI7721836.1         -           1518 952at5820            -           1041         0 1788.6 185.6   3   7  1.2e-150  8.1e-147  489.3  45.5   404   660   541   810   531   814 0.94 | transcript=PVPAM_120007000_t1 | gene=PVPAM_120007000 | organism=Plasmodium_vivax_PAM | gene_product=conserved Plasmodium protein, unknown function | transcript_product=conserved Plasmodium protein, unknown function | location=CASCJQ010000012:85440-89996(-) | protein_length=1518 | sequence_SO=supercontig | SO=protein_coding_gene | is_pseudo=false
CAI7721836.1         -           1518 952at5820            -           1041         0 1788.6 185.6   4   7    5e-167  3.2e-163  543.5  35.6   660   946   838  1146   832  1165 0.93 | transcript=PVPAM_120007000_t1 | gene=PVPAM_120007000 | organism=Plasmodium_vivax_PAM | gene_product=conserved Plasmodium protein, unknown function | transcript_product=conserved Plasmodium protein, unknown function | location=CASCJQ010000012:85440-89996(-) | protein_length=1518 | sequence_SO=supercontig | SO=protein_coding_gene | is_pseudo=false
CAI7721836.1         -           1518 952at5820            -           1041         0 1788.6 185.6   5   7     1e-08   6.7e-05   19.4   2.0   947   989  1217  1278  1214  1286 0.79 | transcript=PVPAM_120007000_t1 | gene=PVPAM_120007000 | organism=Plasmodium_vivax_PAM | gene_product=conserved Plasmodium protein, unknown function | transcript_product=conserved Plasmodium protein, unknown function | location=CASCJQ010000012:85440-89996(-) | protein_length=1518 | sequence_SO=supercontig | SO=protein_coding_gene | is_pseudo=false
CAI7721836.1         -           1518 952at5820            -           1041         0 1788.6 185.6   6   7   2.5e-08   0.00016   18.1   3.7   983  1018  1297  1332  1289  1351 0.82 | transcript=PVPAM_120007000_t1 | gene=PVPAM_120007000 | organism=Plasmodium_vivax_PAM | gene_product=conserved Plasmodium protein, unknown function | transcript_product=conserved Plasmodium protein, unknown function | location=CASCJQ010000012:85440-89996(-) | protein_length=1518 | sequence_SO=supercontig | SO=protein_coding_gene | is_pseudo=false
CAI7721836.1         -           1518 952at5820            -           1041         0 1788.6 185.6   7   7   1.7e-07    0.0011   15.4   0.1  1004  1033  1352  1382  1326  1388 0.88 | transcript=PVPAM_120007000_t1 | gene=PVPAM_120007000 | organism=Plasmodium_vivax_PAM | gene_product=conserved Plasmodium protein, unknown function | transcript_product=conserved Plasmodium protein, unknown function | location=CASCJQ010000012:85440-89996(-) | protein_length=1518 | sequence_SO=supercontig | SO=protein_coding_gene | is_pseudo=false
#
# Program:         hmmsearch
# Version:         3.4 (Aug 2023)
# Pipeline mode:   SEARCH
# Query file:      /v3/work/00_inventory/busco/busco_downloads/lineages/plasmodium_odb10/hmms/952at5820.hmm
# Target file:     /v3/inputs/annotations/plasmodb-68/PAM.proteins.fa
# Option settings: hmmsearch --domtblout /v3/work/00_inventory/busco/PAM_proteins/run_plasmodium_odb10/hmmer_output/initial_run_results/952at5820.out --cpu 1 /v3/work/00_inventory/busco/busco_downloads/lineages/plasmodium_odb10/hmms/952at5820.hmm /v3/inputs/annotations/plasmodb-68/PAM.proteins.fa 
# Current dir:     /v3/work/00_inventory/busco
# Date:            Tue May 19 17:51:39 2026
# [ok]
