#                                                                                                             --- full sequence --- -------------- this domain -------------   hmm coord   ali coord   env coord
# target name                                         accession   tlen query name           accession   qlen   E-value  score  bias   #  of  c-Evalue  i-Evalue  score  bias  from    to  from    to  from    to  acc description of target
#                                 ------------------- ---------- ----- -------------------- ---------- ----- --------- ------ ----- --- --- --------- --------- ------ ----- ----- ----- ----- ----- ----- ----- ---- ---------------------
GCA_040114635.1|PVP01_0213100|PVP01_0213100.1|unknown -            256 10067at5820          -            223  1.2e-143  474.8   3.2   1   1  3.8e-144    2e-141  467.5   3.2     1   223     6   253     6   253 0.94 -
GCA_040114635.1|PVP01_1117900|PVP01_1117900.1|unknown -            246 10067at5820          -            223   3.5e-34  116.8   0.0   1   1   8.5e-37   4.5e-34  116.4   0.0     2   185     4   183     3   212 0.89 -
GCA_040114635.1|PVP01_1140400|PVP01_1140400.1|unknown -            235 10067at5820          -            223   3.7e-31  106.9   0.1   1   1   9.4e-34   4.9e-31  106.5   0.1     2   186     5   183     4   213 0.91 -
GCA_040114635.1|PVP01_1117800|PVP01_1117800.1|unknown -            241 10067at5820          -            223   3.8e-31  106.9   0.0   1   1   1.1e-33   5.5e-31  106.3   0.0     2   205     2   205     1   216 0.83 -
GCA_040114635.1|PVP01_1269700|PVP01_1269700.1|unknown -            269 10067at5820          -            223   4.5e-30  103.4   0.2   1   1   1.1e-32   5.8e-30  103.0   0.2     3   181     6   175     4   213 0.82 -
GCA_040114635.1|PVP01_0112900|PVP01_0112900.1|unknown -            260 10067at5820          -            223   1.3e-18   65.9   0.8   1   1   3.9e-21   2.1e-18   65.2   0.7     1   176     7   185     7   220 0.79 -
GCA_040114635.1|PVP01_0823100|PVP01_0823100.1|unknown -            253 10067at5820          -            223     5e-16   57.4   0.2   1   1   1.2e-18   6.5e-16   57.0   0.2     2   108     7   116     6   128 0.89 -
GCA_040114635.1|PVP01_1226300|PVP01_1226300.1|unknown -            270 10067at5820          -            223   2.9e-06   25.5   0.1   1   1   1.3e-07   6.9e-05   21.0   0.1    27   184    39   186    35   199 0.77 -
GCA_040114635.1|PVP01_0811500|PVP01_0811500.1|unknown -            273 10067at5820          -            223   2.4e-05   22.5   0.9   1   1   3.5e-07   0.00019   19.6   0.9    29   177    62   201    52   221 0.75 -
GCA_040114635.1|PVP01_0730500|PVP01_0730500.1|unknown -            282 10067at5820          -            223   4.5e-05   21.6   0.2   1   2   5.1e-06    0.0027   15.8   0.1    26    93    26    95    19   133 0.86 -
GCA_040114635.1|PVP01_0730500|PVP01_0730500.1|unknown -            282 10067at5820          -            223   4.5e-05   21.6   0.2   2   2     0.021        11    4.0   0.0   133   185   177   231   148   266 0.70 -
GCA_040114635.1|PVP01_0206900|PVP01_0206900.1|unknown -            218 10067at5820          -            223    0.0099   13.9   0.0   1   1   2.8e-05     0.015   13.4   0.0    38   113    19    96     6   105 0.79 -
GCA_040114635.1|PVP01_1419400|PVP01_1419400.1|unknown -            218 10067at5820          -            223     0.013   13.5   0.9   1   1   5.9e-05     0.031   12.3   0.9    45   125    60   140    36   147 0.81 -
#
# Program:         hmmsearch
# Version:         3.4 (Aug 2023)
# Pipeline mode:   SEARCH
# Query file:      /v3/work/00_inventory/busco/busco_downloads/lineages/plasmodium_odb10/hmms/10067at5820.hmm
# Target file:     /v3/inputs/annotations/ncbi-datasets/MHC087.proteins.fa
# Option settings: hmmsearch --domtblout /v3/work/00_inventory/busco/MHC087_proteins/run_plasmodium_odb10/hmmer_output/initial_run_results/10067at5820.out --cpu 1 /v3/work/00_inventory/busco/busco_downloads/lineages/plasmodium_odb10/hmms/10067at5820.hmm /v3/inputs/annotations/ncbi-datasets/MHC087.proteins.fa 
# Current dir:     /v3/work/00_inventory/busco
# Date:            Tue May 19 17:54:41 2026
# [ok]
