#                                                                                                             --- full sequence --- -------------- this domain -------------   hmm coord   ali coord   env coord
# target name                                         accession   tlen query name           accession   qlen   E-value  score  bias   #  of  c-Evalue  i-Evalue  score  bias  from    to  from    to  from    to  acc description of target
#                                 ------------------- ---------- ----- -------------------- ---------- ----- --------- ------ ----- --- --- --------- --------- ------ ----- ----- ----- ----- ----- ----- ----- ---- ---------------------
GCA_040114635.1|PVP01_1119100|PVP01_1119100.1|unknown -            396 10208at5820          -            317  6.3e-154  510.4  39.5   1   2  5.4e-127  1.7e-123  410.4  28.1     3   243     6   262     1   271 0.93 -
GCA_040114635.1|PVP01_1119100|PVP01_1119100.1|unknown -            396 10208at5820          -            317  6.3e-154  510.4  39.5   2   2   2.4e-34   7.6e-31  106.0   3.5   230   317   296   396   290   396 0.82 -
GCA_040114635.1|PVP01_1311000|PVP01_1311000.1|unknown -            381 10208at5820          -            317    0.0099   13.7   0.0   1   5     0.012        37    1.9   0.0   202   259    24    81    16    99 0.84 -
GCA_040114635.1|PVP01_1311000|PVP01_1311000.1|unknown -            381 10208at5820          -            317    0.0099   13.7   0.0   2   5     0.014        43    1.7   0.0   202   259   100   157    90   173 0.84 -
GCA_040114635.1|PVP01_1311000|PVP01_1311000.1|unknown -            381 10208at5820          -            317    0.0099   13.7   0.0   3   5     0.013        39    1.8   0.0   202   259   176   233   164   251 0.84 -
GCA_040114635.1|PVP01_1311000|PVP01_1311000.1|unknown -            381 10208at5820          -            317    0.0099   13.7   0.0   4   5     0.013        41    1.8   0.0   202   259   252   309   243   327 0.84 -
GCA_040114635.1|PVP01_1311000|PVP01_1311000.1|unknown -            381 10208at5820          -            317    0.0099   13.7   0.0   5   5     0.085   2.7e+02   -0.9   0.0   202   250   328   376   319   381 0.84 -
#
# Program:         hmmsearch
# Version:         3.4 (Aug 2023)
# Pipeline mode:   SEARCH
# Query file:      /v3/work/00_inventory/busco/busco_downloads/lineages/plasmodium_odb10/hmms/10208at5820.hmm
# Target file:     /v3/inputs/annotations/ncbi-datasets/MHC087.proteins.fa
# Option settings: hmmsearch --domtblout /v3/work/00_inventory/busco/MHC087_proteins/run_plasmodium_odb10/hmmer_output/initial_run_results/10208at5820.out --cpu 1 /v3/work/00_inventory/busco/busco_downloads/lineages/plasmodium_odb10/hmms/10208at5820.hmm /v3/inputs/annotations/ncbi-datasets/MHC087.proteins.fa 
# Current dir:     /v3/work/00_inventory/busco
# Date:            Tue May 19 17:55:18 2026
# [ok]
