#                                                                                                             --- full sequence --- -------------- this domain -------------   hmm coord   ali coord   env coord
# target name                                         accession   tlen query name           accession   qlen   E-value  score  bias   #  of  c-Evalue  i-Evalue  score  bias  from    to  from    to  from    to  acc description of target
#                                 ------------------- ---------- ----- -------------------- ---------- ----- --------- ------ ----- --- --- --------- --------- ------ ----- ----- ----- ----- ----- ----- ----- ---- ---------------------
GCA_040114635.1|PVP01_0112900|PVP01_0112900.1|unknown -            260 10640at5820          -            173  3.6e-111  366.9   4.1   1   1  5.4e-114  4.9e-111  366.5   4.1     1   173    56   236    56   236 0.98 -
GCA_040114635.1|PVP01_1140400|PVP01_1140400.1|unknown -            235 10640at5820          -            173   4.3e-15   54.1   0.2   1   1   5.9e-18   5.3e-15   53.8   0.2     2   126    47   177    46   213 0.88 -
GCA_040114635.1|PVP01_1117900|PVP01_1117900.1|unknown -            246 10640at5820          -            173     5e-14   50.7   0.1   1   1   7.8e-17     7e-14   50.2   0.1     9   129    53   181    46   216 0.85 -
GCA_040114635.1|PVP01_1269700|PVP01_1269700.1|unknown -            269 10640at5820          -            173   2.7e-07   28.7   0.2   1   1   5.6e-10     5e-07   27.9   0.1    19   127    62   175    55   216 0.82 -
GCA_040114635.1|PVP01_0213100|PVP01_0213100.1|unknown -            256 10640at5820          -            173   1.3e-06   26.6   0.5   1   1   6.7e-09     6e-06   24.4   0.5    11   172    58   223    49   224 0.71 -
GCA_040114635.1|PVP01_1117800|PVP01_1117800.1|unknown -            241 10640at5820          -            173   3.9e-05   21.7   0.1   1   1     7e-08   6.3e-05   21.0   0.1    25   170    66   208    51   211 0.72 -
GCA_040114635.1|PVP01_0823100|PVP01_0823100.1|unknown -            253 10640at5820          -            173     0.018   13.1   0.1   1   1   3.2e-05     0.029   12.4   0.1     8    80    57   130    51   150 0.79 -
#
# Program:         hmmsearch
# Version:         3.4 (Aug 2023)
# Pipeline mode:   SEARCH
# Query file:      /v3/work/00_inventory/busco/busco_downloads/lineages/plasmodium_odb10/hmms/10640at5820.hmm
# Target file:     /v3/inputs/annotations/ncbi-datasets/MHC087.proteins.fa
# Option settings: hmmsearch --domtblout /v3/work/00_inventory/busco/MHC087_proteins/run_plasmodium_odb10/hmmer_output/initial_run_results/10640at5820.out --cpu 1 /v3/work/00_inventory/busco/busco_downloads/lineages/plasmodium_odb10/hmms/10640at5820.hmm /v3/inputs/annotations/ncbi-datasets/MHC087.proteins.fa 
# Current dir:     /v3/work/00_inventory/busco
# Date:            Tue May 19 17:57:03 2026
# [ok]
