#                                                                                                             --- full sequence --- -------------- this domain -------------   hmm coord   ali coord   env coord
# target name                                         accession   tlen query name           accession   qlen   E-value  score  bias   #  of  c-Evalue  i-Evalue  score  bias  from    to  from    to  from    to  acc description of target
#                                 ------------------- ---------- ----- -------------------- ---------- ----- --------- ------ ----- --- --- --------- --------- ------ ----- ----- ----- ----- ----- ----- ----- ---- ---------------------
GCA_040114635.1|PVP01_0822600|PVP01_0822600.1|unknown -           1383 1087at5820           -            852   1.1e-67  227.3  44.4   1   3   4.2e-24   3.3e-21   73.5   3.1   192   311    10   121     3   126 0.92 -
GCA_040114635.1|PVP01_0822600|PVP01_0822600.1|unknown -           1383 1087at5820           -            852   1.1e-67  227.3  44.4   2   3   9.9e-52   7.8e-49  164.9  17.9   338   631   239   522   234   566 0.80 -
GCA_040114635.1|PVP01_0822600|PVP01_0822600.1|unknown -           1383 1087at5820           -            852   1.1e-67  227.3  44.4   3   3     0.042        33    0.7   7.6   695   808   803   924   779   944 0.64 -
GCA_040114635.1|PVP01_1310200|PVP01_1310200.1|unknown -           1665 1087at5820           -            852   1.7e-56  190.2  20.5   1   2   2.2e-59   1.7e-56  190.2  20.5   253   734    93   610    26   625 0.78 -
GCA_040114635.1|PVP01_1310200|PVP01_1310200.1|unknown -           1665 1087at5820           -            852   1.7e-56  190.2  20.5   2   2       1.9   1.5e+03   -4.8   3.6   139   190   657   713   589   739 0.48 -
GCA_040114635.1|PVP01_0320600|PVP01_0320600.1|unknown -           2294 1087at5820           -            852   2.9e-38  129.9  24.1   1   3   1.1e-11     9e-09   32.4   5.6   156   322   207   362    93   371 0.66 -
GCA_040114635.1|PVP01_0320600|PVP01_0320600.1|unknown -           2294 1087at5820           -            852   2.9e-38  129.9  24.1   2   3   1.5e-34   1.2e-31  108.1   4.2   331   547   642   854   636   880 0.89 -
GCA_040114635.1|PVP01_0320600|PVP01_0320600.1|unknown -           2294 1087at5820           -            852   2.9e-38  129.9  24.1   3   3      0.36   2.8e+02   -2.4   0.4   701   725  1759  1783  1746  1786 0.83 -
GCA_040114635.1|PVP01_1462700|PVP01_1462700.1|unknown -           1504 1087at5820           -            852   1.6e-34  117.6  47.8   1   5   5.4e-12   4.2e-09   33.4   7.9   165   312    62   207    31   220 0.84 -
GCA_040114635.1|PVP01_1462700|PVP01_1462700.1|unknown -           1504 1087at5820           -            852   1.6e-34  117.6  47.8   2   5     4e-21   3.1e-18   63.6   3.8   337   484   280   425   262   434 0.88 -
GCA_040114635.1|PVP01_1462700|PVP01_1462700.1|unknown -           1504 1087at5820           -            852   1.6e-34  117.6  47.8   3   5   5.8e-16   4.5e-13   46.6   0.2   494   547   508   561   501   608 0.80 -
GCA_040114635.1|PVP01_1462700|PVP01_1462700.1|unknown -           1504 1087at5820           -            852   1.6e-34  117.6  47.8   4   5     0.036        28    0.9   1.2   563   609   636   684   631   695 0.72 -
GCA_040114635.1|PVP01_1462700|PVP01_1462700.1|unknown -           1504 1087at5820           -            852   1.6e-34  117.6  47.8   5   5         8   6.3e+03   -7.7   6.8   627   681  1444  1498  1395  1503 0.71 -
GCA_040114635.1|PVP01_0204100|PVP01_0204100.1|unknown -           1474 1087at5820           -            852   6.5e-29   99.0  10.1   1   4   0.00019      0.15    8.5   0.0     7    36    40    73    36    85 0.79 -
GCA_040114635.1|PVP01_0204100|PVP01_0204100.1|unknown -           1474 1087at5820           -            852   6.5e-29   99.0  10.1   2   4      0.12        93   -0.8   0.0    36    51   171   186   166   202 0.87 -
GCA_040114635.1|PVP01_0204100|PVP01_0204100.1|unknown -           1474 1087at5820           -            852   6.5e-29   99.0  10.1   3   4   1.1e-17     9e-15   52.2   3.0    45    99   227   282   201   289 0.86 -
GCA_040114635.1|PVP01_0204100|PVP01_0204100.1|unknown -           1474 1087at5820           -            852   6.5e-29   99.0  10.1   4   4   6.3e-14   4.9e-11   39.8   0.1    89   135   336   387   316   408 0.80 -
GCA_040114635.1|PVP01_0113900|PVP01_0113900.1|unknown -            787 1087at5820           -            852   4.2e-20   69.8   3.6   1   2   5.4e-23   4.2e-20   69.8   3.6   249   546    91   391    57   402 0.75 -
GCA_040114635.1|PVP01_0113900|PVP01_0113900.1|unknown -            787 1087at5820           -            852   4.2e-20   69.8   3.6   2   2       1.1     9e+02   -4.0   3.4   608   675   479   547   470   554 0.68 -
GCA_040114635.1|PVP01_0809900|PVP01_0809900.1|unknown -           3267 1087at5820           -            852   2.5e-19   67.3   6.3   1   4   3.2e-22   2.5e-19   67.3   6.3   255   362   212   324    64   331 0.81 -
GCA_040114635.1|PVP01_0809900|PVP01_0809900.1|unknown -           3267 1087at5820           -            852   2.5e-19   67.3   6.3   2   4         8   6.3e+03  -11.8  27.3   697   797  1429  1530  1395  1539 0.65 -
GCA_040114635.1|PVP01_0809900|PVP01_0809900.1|unknown -           3267 1087at5820           -            852   2.5e-19   67.3   6.3   3   4       1.6   1.2e+03   -4.5   4.5   655   717  1699  1760  1690  1773 0.77 -
GCA_040114635.1|PVP01_0809900|PVP01_0809900.1|unknown -           3267 1087at5820           -            852   2.5e-19   67.3   6.3   4   4         8   6.3e+03   -9.5   6.7   629   692  1860  1929  1854  1943 0.44 -
GCA_040114635.1|PVP01_1105900|PVP01_1105900.1|unknown -            128 1087at5820           -            852    0.0016   15.0   7.2   1   1   2.1e-06    0.0017   14.9   7.2   611   701    11   106     1   125 0.82 -
#
# Program:         hmmsearch
# Version:         3.4 (Aug 2023)
# Pipeline mode:   SEARCH
# Query file:      /v3/work/00_inventory/busco/busco_downloads/lineages/plasmodium_odb10/hmms/1087at5820.hmm
# Target file:     /v3/inputs/annotations/ncbi-datasets/MHC087.proteins.fa
# Option settings: hmmsearch --domtblout /v3/work/00_inventory/busco/MHC087_proteins/run_plasmodium_odb10/hmmer_output/initial_run_results/1087at5820.out --cpu 1 /v3/work/00_inventory/busco/busco_downloads/lineages/plasmodium_odb10/hmms/1087at5820.hmm /v3/inputs/annotations/ncbi-datasets/MHC087.proteins.fa 
# Current dir:     /v3/work/00_inventory/busco
# Date:            Tue May 19 17:58:08 2026
# [ok]
