#                                                                                                             --- full sequence --- -------------- this domain -------------   hmm coord   ali coord   env coord
# target name                                         accession   tlen query name           accession   qlen   E-value  score  bias   #  of  c-Evalue  i-Evalue  score  bias  from    to  from    to  from    to  acc description of target
#                                 ------------------- ---------- ----- -------------------- ---------- ----- --------- ------ ----- --- --- --------- --------- ------ ----- ----- ----- ----- ----- ----- ----- ---- ---------------------
GCA_040114635.1|PVP01_0103700|PVP01_0103700.1|unknown -           2329 1130at5820           -           1077   4.5e-74  248.4   0.3   1   5         5   6.3e+03   -8.8  12.4   963  1033    63   132    38   152 0.58 -
GCA_040114635.1|PVP01_0103700|PVP01_0103700.1|unknown -           2329 1130at5820           -           1077   4.5e-74  248.4   0.3   2   5         5   6.3e+03  -10.0  12.3    33   102   346   420   322   448 0.41 -
GCA_040114635.1|PVP01_0103700|PVP01_0103700.1|unknown -           2329 1130at5820           -           1077   4.5e-74  248.4   0.3   3   5      0.72     9e+02   -4.2   8.6    19   106   728   818   699   857 0.40 -
GCA_040114635.1|PVP01_0103700|PVP01_0103700.1|unknown -           2329 1130at5820           -           1077   4.5e-74  248.4   0.3   4   5      0.15   1.9e+02   -1.9   0.4   985  1029  1330  1374  1297  1402 0.75 -
GCA_040114635.1|PVP01_0103700|PVP01_0103700.1|unknown -           2329 1130at5820           -           1077   4.5e-74  248.4   0.3   5   5   3.6e-77   4.5e-74  248.4   0.3   484   902  1811  2217  1786  2222 0.86 -
GCA_040114635.1|PVP01_0907500|PVP01_0907500.1|unknown -           1088 1130at5820           -           1077   2.6e-39  133.3  21.8   1   3      0.21   2.6e+02   -2.4   2.0   200   264   108   178    56   203 0.61 -
GCA_040114635.1|PVP01_0907500|PVP01_0907500.1|unknown -           1088 1130at5820           -           1077   2.6e-39  133.3  21.8   2   3   2.3e-20   2.9e-17   60.3   4.5   494   687   399   621   393   624 0.67 -
GCA_040114635.1|PVP01_0907500|PVP01_0907500.1|unknown -           1088 1130at5820           -           1077   2.6e-39  133.3  21.8   3   3   2.2e-27   2.7e-24   83.6   0.9   789   909   933  1059   925  1077 0.87 -
GCA_040114635.1|PVP01_0810300|PVP01_0810300.1|unknown -           1761 1130at5820           -           1077   3.7e-25   86.5  38.0   1   6      0.75   9.4e+02   -4.3   5.9    38   123   243   328   206   351 0.54 -
GCA_040114635.1|PVP01_0810300|PVP01_0810300.1|unknown -           1761 1130at5820           -           1077   3.7e-25   86.5  38.0   2   6   1.6e-06     0.002   14.5   0.0   493   534   631   673   623   686 0.81 -
GCA_040114635.1|PVP01_0810300|PVP01_0810300.1|unknown -           1761 1130at5820           -           1077   3.7e-25   86.5  38.0   3   6         5   6.3e+03   -7.5  12.2     5   106   726   849   722   856 0.51 -
GCA_040114635.1|PVP01_0810300|PVP01_0810300.1|unknown -           1761 1130at5820           -           1077   3.7e-25   86.5  38.0   4   6   1.9e-19   2.4e-16   57.3   0.1   595   744   967  1114   907  1120 0.74 -
GCA_040114635.1|PVP01_0810300|PVP01_0810300.1|unknown -           1761 1130at5820           -           1077   3.7e-25   86.5  38.0   5   6   9.2e-09   1.2e-05   21.9   0.1   813   869  1249  1310  1205  1317 0.75 -
GCA_040114635.1|PVP01_0810300|PVP01_0810300.1|unknown -           1761 1130at5820           -           1077   3.7e-25   86.5  38.0   6   6   3.4e-06    0.0042   13.4   0.1   876   905  1367  1396  1364  1418 0.82 -
GCA_040114635.1|PVP01_1220800|PVP01_1220800.1|unknown -           1255 1130at5820           -           1077   6.9e-22   75.6   4.3   1   4     0.016        21    1.2   0.0   511   557   657   703   653   717 0.86 -
GCA_040114635.1|PVP01_1220800|PVP01_1220800.1|unknown -           1255 1130at5820           -           1077   6.9e-22   75.6   4.3   2   4    0.0039       4.9    3.3   0.0   650   747   736   835   722   841 0.80 -
GCA_040114635.1|PVP01_1220800|PVP01_1220800.1|unknown -           1255 1130at5820           -           1077   6.9e-22   75.6   4.3   3   4   6.7e-05     0.085    9.1   0.1   788   834   932   976   905   982 0.84 -
GCA_040114635.1|PVP01_1220800|PVP01_1220800.1|unknown -           1255 1130at5820           -           1077   6.9e-22   75.6   4.3   4   4     3e-20   3.8e-17   59.9   0.1   843   910  1163  1229  1158  1239 0.89 -
GCA_040114635.1|PVP01_0805200|PVP01_0805200.1|unknown -           1546 1130at5820           -           1077   4.8e-08   29.8   1.3   1   1   4.9e-11   6.2e-08   29.4   1.3     1    71     1    77     1   123 0.47 -
#
# Program:         hmmsearch
# Version:         3.4 (Aug 2023)
# Pipeline mode:   SEARCH
# Query file:      /v3/work/00_inventory/busco/busco_downloads/lineages/plasmodium_odb10/hmms/1130at5820.hmm
# Target file:     /v3/inputs/annotations/ncbi-datasets/MHC087.proteins.fa
# Option settings: hmmsearch --domtblout /v3/work/00_inventory/busco/MHC087_proteins/run_plasmodium_odb10/hmmer_output/initial_run_results/1130at5820.out --cpu 1 /v3/work/00_inventory/busco/busco_downloads/lineages/plasmodium_odb10/hmms/1130at5820.hmm /v3/inputs/annotations/ncbi-datasets/MHC087.proteins.fa 
# Current dir:     /v3/work/00_inventory/busco
# Date:            Tue May 19 17:59:51 2026
# [ok]
