#                                                                                                             --- full sequence --- -------------- this domain -------------   hmm coord   ali coord   env coord
# target name                                         accession   tlen query name           accession   qlen   E-value  score  bias   #  of  c-Evalue  i-Evalue  score  bias  from    to  from    to  from    to  acc description of target
#                                 ------------------- ---------- ----- -------------------- ---------- ----- --------- ------ ----- --- --- --------- --------- ------ ----- ----- ----- ----- ----- ----- ----- ---- ---------------------
GCA_040114635.1|PVP01_0522100|PVP01_0522100.1|unknown -            231 11576at5820          -            205   9.4e-78  259.1   1.3   1   1   1.1e-80   1.1e-77  258.8   1.3     1   150     7   166     7   181 0.94 -
GCA_040114635.1|PVP01_0808900|PVP01_0808900.1|unknown -            242 11576at5820          -            205   1.4e-34  118.1   1.3   1   1   1.9e-37     2e-34  117.5   1.3     3   193    31   225    30   235 0.84 -
GCA_040114635.1|PVP01_0518400|PVP01_0518400.1|unknown -            259 11576at5820          -            205   4.4e-11   41.3   0.5   1   1   2.9e-13     3e-10   38.6   0.5     4   174    11   218     9   236 0.72 -
GCA_040114635.1|PVP01_0203700|PVP01_0203700.1|unknown -            373 11576at5820          -            205   3.7e-08   31.8   9.3   1   3   8.4e-08   8.8e-05   20.7   0.4     3    72   107   182   105   191 0.75 -
GCA_040114635.1|PVP01_0203700|PVP01_0203700.1|unknown -            373 11576at5820          -            205   3.7e-08   31.8   9.3   2   3   1.2e-05     0.012   13.7   1.4    58   137   244   331   217   335 0.69 -
GCA_040114635.1|PVP01_0203700|PVP01_0203700.1|unknown -            373 11576at5820          -            205   3.7e-08   31.8   9.3   3   3    0.0022       2.3    6.3   0.3   149   189   308   353   304   364 0.73 -
GCA_040114635.1|PVP01_0730600|PVP01_0730600.1|unknown -            270 11576at5820          -            205    0.0012   17.0   0.0   1   1   1.9e-06     0.002   16.3   0.0    53    95   109   156    94   254 0.84 -
GCA_040114635.1|PVP01_1331600|PVP01_1331600.1|unknown -            999 11576at5820          -            205     0.024   12.8   0.1   1   1     4e-05     0.042   12.0   0.1   145   188    57    99    47   109 0.85 -
#
# Program:         hmmsearch
# Version:         3.4 (Aug 2023)
# Pipeline mode:   SEARCH
# Query file:      /v3/work/00_inventory/busco/busco_downloads/lineages/plasmodium_odb10/hmms/11576at5820.hmm
# Target file:     /v3/inputs/annotations/ncbi-datasets/MHC087.proteins.fa
# Option settings: hmmsearch --domtblout /v3/work/00_inventory/busco/MHC087_proteins/run_plasmodium_odb10/hmmer_output/initial_run_results/11576at5820.out --cpu 1 /v3/work/00_inventory/busco/busco_downloads/lineages/plasmodium_odb10/hmms/11576at5820.hmm /v3/inputs/annotations/ncbi-datasets/MHC087.proteins.fa 
# Current dir:     /v3/work/00_inventory/busco
# Date:            Tue May 19 18:00:50 2026
# [ok]
