#                                                                                                             --- full sequence --- -------------- this domain -------------   hmm coord   ali coord   env coord
# target name                                         accession   tlen query name           accession   qlen   E-value  score  bias   #  of  c-Evalue  i-Evalue  score  bias  from    to  from    to  from    to  acc description of target
#                                 ------------------- ---------- ----- -------------------- ---------- ----- --------- ------ ----- --- --- --------- --------- ------ ----- ----- ----- ----- ----- ----- ----- ---- ---------------------
GCA_040114635.1|PVP01_1411600|PVP01_1411600.1|unknown -            205 11745at5820          -            167  5.8e-108  356.5   1.3   1   2         4   1.6e+03   -2.8   0.1     1     9     1     9     1    14 0.85 -
GCA_040114635.1|PVP01_1411600|PVP01_1411600.1|unknown -            205 11745at5820          -            167  5.8e-108  356.5   1.3   2   2  1.5e-110  5.8e-108  356.5   1.3     6   167    28   194    23   194 0.98 -
GCA_040114635.1|PVP01_0208000|PVP01_0208000.1|unknown -            194 11745at5820          -            167   1.5e-38  130.7   0.1   1   1   4.9e-41   1.9e-38  130.3   0.1    17   165    14   168     8   170 0.92 -
GCA_040114635.1|PVP01_0945600|PVP01_0945600.1|unknown -            207 11745at5820          -            167   4.7e-36  122.6   0.0   1   1   1.6e-38   6.2e-36  122.2   0.0     6   165     7   172     4   174 0.91 -
GCA_040114635.1|PVP01_1421400|PVP01_1421400.1|unknown -            216 11745at5820          -            167   1.7e-35  120.7   0.3   1   1   5.9e-38   2.3e-35  120.3   0.3     9   166    10   174     5   175 0.92 -
GCA_040114635.1|PVP01_1449300|PVP01_1449300.1|unknown -            213 11745at5820          -            167   4.1e-34  116.2   0.0   1   1   1.6e-36   6.1e-34  115.7   0.0    11   166     8   168     2   169 0.91 -
GCA_040114635.1|PVP01_1021300|PVP01_1021300.1|unknown -            200 11745at5820          -            167     5e-34  115.9   0.9   1   1   1.5e-36   6.1e-34  115.7   0.9     6   165     4   169     1   171 0.90 -
GCA_040114635.1|PVP01_1020100|PVP01_1020100.1|unknown -            207 11745at5820          -            167   7.8e-34  115.3   0.2   1   1   2.6e-36     1e-33  114.9   0.2     8   163    10   171     4   175 0.87 -
GCA_040114635.1|PVP01_0413800|PVP01_0413800.1|unknown -            245 11745at5820          -            167   7.9e-34  115.3   5.2   1   2   1.4e-10   5.5e-08   31.2   0.1    11    56     7    52     2    63 0.88 -
GCA_040114635.1|PVP01_0413800|PVP01_0413800.1|unknown -            245 11745at5820          -            167   7.9e-34  115.3   5.2   2   2     4e-27   1.6e-24   85.0   2.0    50   166    89   212    58   213 0.83 -
GCA_040114635.1|PVP01_1214100|PVP01_1214100.1|unknown -            229 11745at5820          -            167   2.3e-29  100.8   0.1   1   1   8.9e-32   3.5e-29  100.2   0.1     7   166     6   176     1   177 0.87 -
GCA_040114635.1|PVP01_0701600|PVP01_0701600.1|unknown -            206 11745at5820          -            167   1.3e-27   95.0   0.2   1   1     4e-30   1.6e-27   94.8   0.2     8   164     6   173     1   176 0.85 -
GCA_040114635.1|PVP01_0918300|PVP01_0918300.1|unknown -            214 11745at5820          -            167   1.8e-12   45.8   0.0   1   1   5.4e-15   2.1e-12   45.6   0.0    11   164    10   166     3   169 0.80 -
GCA_040114635.1|PVP01_0606100|PVP01_0606100.1|unknown -            181 11745at5820          -            167   1.3e-11   43.0   0.0   1   1   4.5e-14   1.8e-11   42.6   0.0     9   136    16   139    12   158 0.79 -
GCA_040114635.1|PVP01_0619800|PVP01_0619800.1|unknown -            178 11745at5820          -            167   8.4e-11   40.4   0.0   1   1   2.9e-13   1.2e-10   39.9   0.0     7   132    14   135    10   147 0.82 -
GCA_040114635.1|PVP01_1265000|PVP01_1265000.1|unknown -            185 11745at5820          -            167   7.2e-08   30.8   0.5   1   1   3.2e-10   1.3e-07   30.0   0.5     9   138    15   140    10   178 0.75 -
GCA_040114635.1|PVP01_1132400|PVP01_1132400.1|unknown -            453 11745at5820          -            167   1.5e-07   29.8   0.0   1   2   0.00016     0.065   11.5   0.0    11    49     4    41     2    53 0.82 -
GCA_040114635.1|PVP01_1132400|PVP01_1132400.1|unknown -            453 11745at5820          -            167   1.5e-07   29.8   0.0   2   2   8.6e-06    0.0034   15.6   0.0    60   109   157   207   143   226 0.85 -
GCA_040114635.1|PVP01_0837200|PVP01_0837200.1|unknown -            785 11745at5820          -            167    0.0074   14.5   0.0   1   2    0.0079       3.1    6.0   0.0    12    37    49    74    39    86 0.86 -
GCA_040114635.1|PVP01_0837200|PVP01_0837200.1|unknown -            785 11745at5820          -            167    0.0074   14.5   0.0   2   2     0.014       5.4    5.2   0.0     8    32   568   592   562   603 0.80 -
#
# Program:         hmmsearch
# Version:         3.4 (Aug 2023)
# Pipeline mode:   SEARCH
# Query file:      /v3/work/00_inventory/busco/busco_downloads/lineages/plasmodium_odb10/hmms/11745at5820.hmm
# Target file:     /v3/inputs/annotations/ncbi-datasets/MHC087.proteins.fa
# Option settings: hmmsearch --domtblout /v3/work/00_inventory/busco/MHC087_proteins/run_plasmodium_odb10/hmmer_output/initial_run_results/11745at5820.out --cpu 1 /v3/work/00_inventory/busco/busco_downloads/lineages/plasmodium_odb10/hmms/11745at5820.hmm /v3/inputs/annotations/ncbi-datasets/MHC087.proteins.fa 
# Current dir:     /v3/work/00_inventory/busco
# Date:            Tue May 19 17:54:43 2026
# [ok]
