#                                                                                                             --- full sequence --- -------------- this domain -------------   hmm coord   ali coord   env coord
# target name                                         accession   tlen query name           accession   qlen   E-value  score  bias   #  of  c-Evalue  i-Evalue  score  bias  from    to  from    to  from    to  acc description of target
#                                 ------------------- ---------- ----- -------------------- ---------- ----- --------- ------ ----- --- --- --------- --------- ------ ----- ----- ----- ----- ----- ----- ----- ---- ---------------------
GCA_040114635.1|PVP01_0837500|PVP01_0837500.1|unknown -            152 12356at5820          -            125   4.4e-73  241.7  11.2   1   2     1e-69   1.6e-66  220.5   4.5     1   106     1   106     1   115 0.96 -
GCA_040114635.1|PVP01_0837500|PVP01_0837500.1|unknown -            152 12356at5820          -            125   4.4e-73  241.7  11.2   2   2   1.9e-09     3e-06   25.8   0.7   101   125   121   145   110   145 0.93 -
GCA_040114635.1|PVP01_0526100|PVP01_0526100.1|unknown -             87 12356at5820          -            125   7.3e-10   37.4   0.1   1   1   5.2e-13   8.2e-10   37.3   0.1    25    70    31    76    15    84 0.86 -
GCA_040114635.1|PVP01_0608100|PVP01_0608100.1|unknown -            118 12356at5820          -            125    0.0012   17.4   0.1   1   1   1.2e-06    0.0018   16.8   0.1    31   100    24    94    13   117 0.66 -
GCA_040114635.1|PVP01_1421200|PVP01_1421200.1|unknown -            316 12356at5820          -            125       1.1    7.7   8.2   1   3       1.8   2.9e+03   -3.2   0.0    93   119     7    34     5    39 0.64 -
GCA_040114635.1|PVP01_1421200|PVP01_1421200.1|unknown -            316 12356at5820          -            125       1.1    7.7   8.2   2   3    0.0001      0.16   10.5   3.1    84   113    99   128    84   135 0.85 -
GCA_040114635.1|PVP01_1421200|PVP01_1421200.1|unknown -            316 12356at5820          -            125       1.1    7.7   8.2   3   3       1.8   2.9e+03   -3.3   0.1    77    93   206   222   195   231 0.64 -
#
# Program:         hmmsearch
# Version:         3.4 (Aug 2023)
# Pipeline mode:   SEARCH
# Query file:      /v3/work/00_inventory/busco/busco_downloads/lineages/plasmodium_odb10/hmms/12356at5820.hmm
# Target file:     /v3/inputs/annotations/ncbi-datasets/MHC087.proteins.fa
# Option settings: hmmsearch --domtblout /v3/work/00_inventory/busco/MHC087_proteins/run_plasmodium_odb10/hmmer_output/initial_run_results/12356at5820.out --cpu 1 /v3/work/00_inventory/busco/busco_downloads/lineages/plasmodium_odb10/hmms/12356at5820.hmm /v3/inputs/annotations/ncbi-datasets/MHC087.proteins.fa 
# Current dir:     /v3/work/00_inventory/busco
# Date:            Tue May 19 17:56:47 2026
# [ok]
