#                                                                                                             --- full sequence --- -------------- this domain -------------   hmm coord   ali coord   env coord
# target name                                         accession   tlen query name           accession   qlen   E-value  score  bias   #  of  c-Evalue  i-Evalue  score  bias  from    to  from    to  from    to  acc description of target
#                                 ------------------- ---------- ----- -------------------- ---------- ----- --------- ------ ----- --- --- --------- --------- ------ ----- ----- ----- ----- ----- ----- ----- ---- ---------------------
GCA_040114635.1|PVP01_1142700|PVP01_1142700.1|unknown -            152 12951at5820          -            133     5e-88  290.4   0.1   1   1   1.2e-90   5.7e-88  290.2   0.1     1   133     1   138     1   138 0.98 -
GCA_040114635.1|PVP01_1303100|PVP01_1303100.1|unknown -            147 12951at5820          -            133   2.5e-30  103.7   1.2   1   2     0.024        12    4.4   0.1   109   127    10    28     2    32 0.84 -
GCA_040114635.1|PVP01_1303100|PVP01_1303100.1|unknown -            147 12951at5820          -            133   2.5e-30  103.7   1.2   2   2   1.1e-31   5.2e-29   99.4   0.2    27   121    29   122    27   133 0.94 -
GCA_040114635.1|PVP01_1115600|PVP01_1115600.1|unknown -            202 12951at5820          -            133   1.9e-27   94.3   0.1   1   1   7.5e-30   3.6e-27   93.4   0.1    12   123    22   133    11   139 0.91 -
GCA_040114635.1|PVP01_1427600|PVP01_1427600.1|unknown -            164 12951at5820          -            133   2.4e-26   90.8   0.0   1   1   6.1e-29   2.9e-26   90.5   0.0     3   124     6   128     4   135 0.86 -
GCA_040114635.1|PVP01_0820900|PVP01_0820900.1|unknown -            160 12951at5820          -            133   3.6e-25   86.9   0.3   1   1   8.8e-28   4.3e-25   86.7   0.3    26   124    31   128     4   138 0.89 -
GCA_040114635.1|PVP01_1006700|PVP01_1006700.1|unknown -            152 12951at5820          -            133   2.6e-23   80.9   0.0   1   1   6.5e-26   3.2e-23   80.7   0.0    26   121    29   123     5   133 0.89 -
GCA_040114635.1|PVP01_0619000|PVP01_0619000.1|unknown -            191 12951at5820          -            133   7.1e-21   73.0   0.0   1   1     2e-23   9.9e-21   72.6   0.0    20   125    23   129     9   136 0.93 -
GCA_040114635.1|PVP01_1462400|PVP01_1462400.1|unknown -            150 12951at5820          -            133   9.2e-20   69.5   0.0   1   1   2.2e-22   1.1e-19   69.2   0.0    26   125    37   134    26   144 0.87 -
GCA_040114635.1|PVP01_0719400|PVP01_0719400.1|unknown -            163 12951at5820          -            133   1.6e-17   62.2   0.2   1   1   2.9e-19   1.4e-16   59.2   0.2    23   123    29   142     9   153 0.85 -
GCA_040114635.1|PVP01_1336000|PVP01_1336000.1|unknown -            301 12951at5820          -            133   2.1e-14   52.1   0.2   1   1     8e-17   3.9e-14   51.2   0.2     2   113   158   269   157   292 0.87 -
GCA_040114635.1|PVP01_0713500|PVP01_0713500.1|unknown -            159 12951at5820          -            133   3.2e-14   51.5   0.0   1   1   7.6e-17   3.7e-14   51.3   0.0    27   120    37   131     3   139 0.89 -
GCA_040114635.1|PVP01_1460800|PVP01_1460800.1|unknown -            629 12951at5820          -            133   2.6e-07   29.2   0.0   1   1     1e-09   4.9e-07   28.2   0.0    27   122   196   294   183   301 0.85 -
GCA_040114635.1|PVP01_0834500|PVP01_0834500.1|unknown -            139 12951at5820          -            133    0.0013   17.2   0.0   1   1   3.3e-06    0.0016   16.9   0.0    25    75    37    87    16    93 0.91 -
#
# Program:         hmmsearch
# Version:         3.4 (Aug 2023)
# Pipeline mode:   SEARCH
# Query file:      /v3/work/00_inventory/busco/busco_downloads/lineages/plasmodium_odb10/hmms/12951at5820.hmm
# Target file:     /v3/inputs/annotations/ncbi-datasets/MHC087.proteins.fa
# Option settings: hmmsearch --domtblout /v3/work/00_inventory/busco/MHC087_proteins/run_plasmodium_odb10/hmmer_output/initial_run_results/12951at5820.out --cpu 1 /v3/work/00_inventory/busco/busco_downloads/lineages/plasmodium_odb10/hmms/12951at5820.hmm /v3/inputs/annotations/ncbi-datasets/MHC087.proteins.fa 
# Current dir:     /v3/work/00_inventory/busco
# Date:            Tue May 19 17:58:37 2026
# [ok]
