#                                                                                                             --- full sequence --- -------------- this domain -------------   hmm coord   ali coord   env coord
# target name                                         accession   tlen query name           accession   qlen   E-value  score  bias   #  of  c-Evalue  i-Evalue  score  bias  from    to  from    to  from    to  acc description of target
#                                 ------------------- ---------- ----- -------------------- ---------- ----- --------- ------ ----- --- --- --------- --------- ------ ----- ----- ----- ----- ----- ----- ----- ---- ---------------------
GCA_040114635.1|PVP01_0708400|PVP01_0708400.1|unknown -           1374 1394at5820           -           1113         0 2229.4  83.2   1   4   3.6e-36   5.7e-33  112.2   7.5     1   116     1   192     1   197 0.89 -
GCA_040114635.1|PVP01_0708400|PVP01_0708400.1|unknown -           1374 1394at5820           -           1113         0 2229.4  83.2   2   4  7.5e-173  1.2e-169  564.8  11.1   116   368   265   517   261   524 0.98 -
GCA_040114635.1|PVP01_0708400|PVP01_0708400.1|unknown -           1374 1394at5820           -           1113         0 2229.4  83.2   3   4  1.8e-249  2.9e-246  818.5  21.9   370   755   568   961   561   969 0.97 -
GCA_040114635.1|PVP01_0708400|PVP01_0708400.1|unknown -           1374 1394at5820           -           1113         0 2229.4  83.2   4   4  2.1e-229  3.3e-226  752.1  18.6   754  1113  1013  1374  1009  1374 0.99 -
GCA_040114635.1|PVP01_1146800|PVP01_1146800.1|unknown -           1390 1394at5820           -           1113  1.9e-135  451.5  11.2   1   2  1.2e-138  1.9e-135  451.5  11.2   148   645   256   742   212   768 0.92 -
GCA_040114635.1|PVP01_1146800|PVP01_1146800.1|unknown -           1390 1394at5820           -           1113  1.9e-135  451.5  11.2   2   2     0.089   1.4e+02   -1.7   2.2   574   648  1074  1143  1064  1153 0.79 -
GCA_040114635.1|PVP01_0531000|PVP01_0531000.1|unknown -           2658 1394at5820           -           1113   1.5e-20   71.0  13.6   1   6         4   6.3e+03  -15.7  14.5    18    42   258   279   240   292 0.42 -
GCA_040114635.1|PVP01_0531000|PVP01_0531000.1|unknown -           2658 1394at5820           -           1113   1.5e-20   71.0  13.6   2   6   2.1e-09   3.4e-06   23.5   0.9   169   289   719   859   699   867 0.68 -
GCA_040114635.1|PVP01_0531000|PVP01_0531000.1|unknown -           2658 1394at5820           -           1113   1.5e-20   71.0  13.6   3   6   6.1e-18   9.6e-15   51.8   0.7   402   567   983  1148   919  1189 0.86 -
GCA_040114635.1|PVP01_0531000|PVP01_0531000.1|unknown -           2658 1394at5820           -           1113   1.5e-20   71.0  13.6   4   6      0.13   2.1e+02   -2.3   0.4   197   282  1735  1829  1714  1837 0.69 -
GCA_040114635.1|PVP01_0531000|PVP01_0531000.1|unknown -           2658 1394at5820           -           1113   1.5e-20   71.0  13.6   5   6     0.022        34    0.3   0.1   292   366  1920  1988  1913  2004 0.77 -
GCA_040114635.1|PVP01_0531000|PVP01_0531000.1|unknown -           2658 1394at5820           -           1113   1.5e-20   71.0  13.6   6   6   1.3e-09     2e-06   24.2   0.4   465   566  2036  2138  2028  2146 0.90 -
GCA_040114635.1|PVP01_1118600|PVP01_1118600.1|unknown -            599 1394at5820           -           1113     0.031   10.4   0.0   1   2      0.78   1.2e+03   -4.8   2.4    15    58    24    62    11    75 0.60 -
GCA_040114635.1|PVP01_1118600|PVP01_1118600.1|unknown -            599 1394at5820           -           1113     0.031   10.4   0.0   2   2     2e-05     0.031   10.4   0.0   151   239   167   266   130   268 0.76 -
#
# Program:         hmmsearch
# Version:         3.4 (Aug 2023)
# Pipeline mode:   SEARCH
# Query file:      /v3/work/00_inventory/busco/busco_downloads/lineages/plasmodium_odb10/hmms/1394at5820.hmm
# Target file:     /v3/inputs/annotations/ncbi-datasets/MHC087.proteins.fa
# Option settings: hmmsearch --domtblout /v3/work/00_inventory/busco/MHC087_proteins/run_plasmodium_odb10/hmmer_output/initial_run_results/1394at5820.out --cpu 1 /v3/work/00_inventory/busco/busco_downloads/lineages/plasmodium_odb10/hmms/1394at5820.hmm /v3/inputs/annotations/ncbi-datasets/MHC087.proteins.fa 
# Current dir:     /v3/work/00_inventory/busco
# Date:            Tue May 19 18:01:40 2026
# [ok]
