#                                                                                                             --- full sequence --- -------------- this domain -------------   hmm coord   ali coord   env coord
# target name                                         accession   tlen query name           accession   qlen   E-value  score  bias   #  of  c-Evalue  i-Evalue  score  bias  from    to  from    to  from    to  acc description of target
#                                 ------------------- ---------- ----- -------------------- ---------- ----- --------- ------ ----- --- --- --------- --------- ------ ----- ----- ----- ----- ----- ----- ----- ---- ---------------------
GCA_040114635.1|PVP01_1252800|PVP01_1252800.1|unknown -           1395 1529at5820           -           1040         0 1520.0 176.7   1   6   1.1e-39   3.5e-36  122.9   7.5     2    85    20   109    19   112 0.95 -
GCA_040114635.1|PVP01_1252800|PVP01_1252800.1|unknown -           1395 1529at5820           -           1040         0 1520.0 176.7   2   6     6e-21   1.9e-17   61.0   3.7    86   132   159   205   156   212 0.90 -
GCA_040114635.1|PVP01_1252800|PVP01_1252800.1|unknown -           1395 1529at5820           -           1040         0 1520.0 176.7   3   6  3.3e-129  1.1e-125  419.3  61.6   124   414   247   587   231   623 0.86 -
GCA_040114635.1|PVP01_1252800|PVP01_1252800.1|unknown -           1395 1529at5820           -           1040         0 1520.0 176.7   4   6   7.3e-14   2.3e-10   37.5   1.9   421   465   645   692   631   702 0.84 -
GCA_040114635.1|PVP01_1252800|PVP01_1252800.1|unknown -           1395 1529at5820           -           1040         0 1520.0 176.7   5   6   1.1e-63   3.6e-60  202.4  15.9   460   600   713   869   697   873 0.89 -
GCA_040114635.1|PVP01_1252800|PVP01_1252800.1|unknown -           1395 1529at5820           -           1040         0 1520.0 176.7   6   6  2.4e-214  7.6e-211  701.2  46.7   591  1039   893  1394   876  1395 0.92 -
GCA_040114635.1|PVP01_0826700|PVP01_0826700.1|unknown -            749 1529at5820           -           1040     0.012   11.9   0.3   1   1   5.3e-06     0.017   11.5   0.3    38    92    91   145    62   174 0.87 -
#
# Program:         hmmsearch
# Version:         3.4 (Aug 2023)
# Pipeline mode:   SEARCH
# Query file:      /v3/work/00_inventory/busco/busco_downloads/lineages/plasmodium_odb10/hmms/1529at5820.hmm
# Target file:     /v3/inputs/annotations/ncbi-datasets/MHC087.proteins.fa
# Option settings: hmmsearch --domtblout /v3/work/00_inventory/busco/MHC087_proteins/run_plasmodium_odb10/hmmer_output/initial_run_results/1529at5820.out --cpu 1 /v3/work/00_inventory/busco/busco_downloads/lineages/plasmodium_odb10/hmms/1529at5820.hmm /v3/inputs/annotations/ncbi-datasets/MHC087.proteins.fa 
# Current dir:     /v3/work/00_inventory/busco
# Date:            Tue May 19 18:01:18 2026
# [ok]
