#                                                                                                             --- full sequence --- -------------- this domain -------------   hmm coord   ali coord   env coord
# target name                                         accession   tlen query name           accession   qlen   E-value  score  bias   #  of  c-Evalue  i-Evalue  score  bias  from    to  from    to  from    to  acc description of target
#                                 ------------------- ---------- ----- -------------------- ---------- ----- --------- ------ ----- --- --- --------- --------- ------ ----- ----- ----- ----- ----- ----- ----- ---- ---------------------
GCA_040114635.1|PVP01_0703000|PVP01_0703000.1|unknown -           1600 1668at5820           -            781         0 1182.9 231.0   1   6     2e-08   2.6e-05   21.3   3.0     1    78     1    82     1   137 0.72 -
GCA_040114635.1|PVP01_0703000|PVP01_0703000.1|unknown -           1600 1668at5820           -            781         0 1182.9 231.0   2   6   2.2e-85   2.8e-82  275.8  19.5    65   220   416   588   399   595 0.89 -
GCA_040114635.1|PVP01_0703000|PVP01_0703000.1|unknown -           1600 1668at5820           -            781         0 1182.9 231.0   3   6   4.1e-10   5.1e-07   26.9  38.1   216   411   638   845   633   847 0.64 -
GCA_040114635.1|PVP01_0703000|PVP01_0703000.1|unknown -           1600 1668at5820           -            781         0 1182.9 231.0   4   6         5   6.3e+03  -29.0  76.7   268   319   830   881   810   925 0.50 -
GCA_040114635.1|PVP01_0703000|PVP01_0703000.1|unknown -           1600 1668at5820           -            781         0 1182.9 231.0   5   6   2.5e-21   3.1e-18   64.0  26.4   278   376   945  1046   895  1080 0.64 -
GCA_040114635.1|PVP01_0703000|PVP01_0703000.1|unknown -           1600 1668at5820           -            781         0 1182.9 231.0   6   6  1.9e-250  2.4e-247  821.7  70.0   262   781  1054  1598  1040  1598 0.84 -
GCA_040114635.1|PVP01_1017300|PVP01_1017300.1|unknown -           1346 1668at5820           -            781   7.3e-08   29.7   2.8   1   5   5.7e-05     0.072    9.9   0.0   382   454   284   356   246   374 0.75 -
GCA_040114635.1|PVP01_1017300|PVP01_1017300.1|unknown -           1346 1668at5820           -            781   7.3e-08   29.7   2.8   2   5   6.7e-05     0.085    9.6   0.4   540   629   412   516   356   523 0.63 -
GCA_040114635.1|PVP01_1017300|PVP01_1017300.1|unknown -           1346 1668at5820           -            781   7.3e-08   29.7   2.8   3   5      0.17   2.1e+02   -1.6   3.4   228   257   618   649   554   716 0.57 -
GCA_040114635.1|PVP01_1017300|PVP01_1017300.1|unknown -           1346 1668at5820           -            781   7.3e-08   29.7   2.8   4   5         2   2.6e+03   -5.2   1.9   289   332   796   839   738   901 0.57 -
GCA_040114635.1|PVP01_1017300|PVP01_1017300.1|unknown -           1346 1668at5820           -            781   7.3e-08   29.7   2.8   5   5   1.3e-10   1.7e-07   28.5   1.6   652   780  1178  1313  1159  1314 0.77 -
GCA_040114635.1|PVP01_1006600|PVP01_1006600.1|unknown -            590 1668at5820           -            781   8.7e-07   26.1   3.7   1   3   9.1e-05      0.11    9.2   0.0   428   453   108   133    72   154 0.80 -
GCA_040114635.1|PVP01_1006600|PVP01_1006600.1|unknown -            590 1668at5820           -            781   8.7e-07   26.1   3.7   2   3     0.043        54    0.4   1.0   262   398   420   441   316   472 0.57 -
GCA_040114635.1|PVP01_1006600|PVP01_1006600.1|unknown -            590 1668at5820           -            781   8.7e-07   26.1   3.7   3   3   1.7e-06    0.0021   14.9   0.1   718   752   487   521   478   557 0.86 -
GCA_040114635.1|PVP01_0000190|PVP01_0000190.1|unknown -            403 1668at5820           -            781    0.0018   15.2   5.8   1   1   2.1e-06    0.0026   14.6   5.8   366   436   143   212   121   242 0.81 -
GCA_040114635.1|PVP01_1030800|PVP01_1030800.1|unknown -            433 1668at5820           -            781       7.2    3.3  14.9   1   1    0.0099        12    2.5  14.9   226   312   267   354   232   403 0.56 -
#
# Program:         hmmsearch
# Version:         3.4 (Aug 2023)
# Pipeline mode:   SEARCH
# Query file:      /v3/work/00_inventory/busco/busco_downloads/lineages/plasmodium_odb10/hmms/1668at5820.hmm
# Target file:     /v3/inputs/annotations/ncbi-datasets/MHC087.proteins.fa
# Option settings: hmmsearch --domtblout /v3/work/00_inventory/busco/MHC087_proteins/run_plasmodium_odb10/hmmer_output/initial_run_results/1668at5820.out --cpu 1 /v3/work/00_inventory/busco/busco_downloads/lineages/plasmodium_odb10/hmms/1668at5820.hmm /v3/inputs/annotations/ncbi-datasets/MHC087.proteins.fa 
# Current dir:     /v3/work/00_inventory/busco
# Date:            Tue May 19 18:02:24 2026
# [ok]
