#                                                                                                             --- full sequence --- -------------- this domain -------------   hmm coord   ali coord   env coord
# target name                                         accession   tlen query name           accession   qlen   E-value  score  bias   #  of  c-Evalue  i-Evalue  score  bias  from    to  from    to  from    to  acc description of target
#                                 ------------------- ---------- ----- -------------------- ---------- ----- --------- ------ ----- --- --- --------- --------- ------ ----- ----- ----- ----- ----- ----- ----- ---- ---------------------
GCA_040114635.1|PVP01_0117900|PVP01_0117900.1|unknown -           1071 1849at5820           -            886         0 1634.3  51.4   1   5  1.7e-141  8.8e-139  462.6   2.9     1   235     1   240     1   246 0.97 -
GCA_040114635.1|PVP01_0117900|PVP01_0117900.1|unknown -           1071 1849at5820           -            886         0 1634.3  51.4   2   5  1.2e-116  6.3e-114  380.4   3.1   232   428   279   491   276   495 0.95 -
GCA_040114635.1|PVP01_0117900|PVP01_0117900.1|unknown -           1071 1849at5820           -            886         0 1634.3  51.4   3   5  8.8e-179  4.6e-176  586.0  11.7   427   742   521   862   518   869 0.95 -
GCA_040114635.1|PVP01_0117900|PVP01_0117900.1|unknown -           1071 1849at5820           -            886         0 1634.3  51.4   4   5   1.4e-61   7.4e-59  198.2   4.9   742   854   885   999   882  1005 0.98 -
GCA_040114635.1|PVP01_0117900|PVP01_0117900.1|unknown -           1071 1849at5820           -            886         0 1634.3  51.4   5   5   1.2e-09   6.4e-07   26.3   0.2   854   886  1031  1066  1028  1066 0.87 -
GCA_040114635.1|PVP01_0831600|PVP01_0831600.1|unknown -            498 1849at5820           -            886   5.9e-13   46.3   1.6   1   2   2.9e-12   1.5e-09   35.0   0.2   361   534   270   439   245   461 0.82 -
GCA_040114635.1|PVP01_0831600|PVP01_0831600.1|unknown -            498 1849at5820           -            886   5.9e-13   46.3   1.6   2   2   4.5e-05     0.024   11.2   0.3   355   414   436   496   431   498 0.73 -
GCA_040114635.1|PVP01_1023200|PVP01_1023200.1|unknown -            646 1849at5820           -            886   1.8e-12   44.7   2.0   1   2   2.1e-05     0.011   12.3   0.0   359   419   378   438   350   442 0.90 -
GCA_040114635.1|PVP01_1023200|PVP01_1023200.1|unknown -            646 1849at5820           -            886   1.8e-12   44.7   2.0   2   2     1e-12   5.4e-10   36.5   2.3   360   511   421   567   421   628 0.77 -
GCA_040114635.1|PVP01_0511500|PVP01_0511500.1|unknown -            324 1849at5820           -            886   5.3e-12   43.1   3.6   1   3   4.1e-06    0.0022   14.6   0.0   159   213    34    88    29    98 0.90 -
GCA_040114635.1|PVP01_0511500|PVP01_0511500.1|unknown -            324 1849at5820           -            886   5.3e-12   43.1   3.6   2   3   2.5e-05     0.013   12.0   0.5   452   577   100   217    93   228 0.82 -
GCA_040114635.1|PVP01_0511500|PVP01_0511500.1|unknown -            324 1849at5820           -            886   5.3e-12   43.1   3.6   3   3   1.8e-06   0.00093   15.9   0.0   357   412   264   319   256   324 0.92 -
GCA_040114635.1|PVP01_0946700|PVP01_0946700.1|unknown -            660 1849at5820           -            886   1.1e-11   42.0   4.0   1   4   5.2e-08   2.7e-05   20.9   0.1   383   483   117   215    69   229 0.84 -
GCA_040114635.1|PVP01_0946700|PVP01_0946700.1|unknown -            660 1849at5820           -            886   1.1e-11   42.0   4.0   2   4     0.013       6.8    3.1   0.0   361   416   341   399   332   427 0.76 -
GCA_040114635.1|PVP01_0946700|PVP01_0946700.1|unknown -            660 1849at5820           -            886   1.1e-11   42.0   4.0   3   4   8.2e-07   0.00043   17.0   0.3   338   428   437   535   401   567 0.73 -
GCA_040114635.1|PVP01_0946700|PVP01_0946700.1|unknown -            660 1849at5820           -            886   1.1e-11   42.0   4.0   4   4       1.1   5.7e+02   -3.3   0.0   155   187   624   656   611   658 0.73 -
GCA_040114635.1|PVP01_0837800|PVP01_0837800.1|unknown -            595 1849at5820           -            886   1.5e-11   41.7   0.8   1   3       2.4   1.3e+03   -4.4   1.3   625   665    63   101    50   160 0.51 -
GCA_040114635.1|PVP01_0837800|PVP01_0837800.1|unknown -            595 1849at5820           -            886   1.5e-11   41.7   0.8   2   3   2.8e-14   1.5e-11   41.7   0.8   361   510   296   440   280   475 0.90 -
GCA_040114635.1|PVP01_0837800|PVP01_0837800.1|unknown -            595 1849at5820           -            886   1.5e-11   41.7   0.8   3   3      0.19        97   -0.7   0.1   351   386   500   535   484   544 0.77 -
GCA_040114635.1|PVP01_0507600|PVP01_0507600.1|unknown -            322 1849at5820           -            886   1.5e-08   31.8   0.5   1   2     0.015       7.6    2.9   0.0   154   189    63    98    19   105 0.65 -
GCA_040114635.1|PVP01_0507600|PVP01_0507600.1|unknown -            322 1849at5820           -            886   1.5e-08   31.8   0.5   2   2   7.3e-10   3.8e-07   27.1   0.1   344   483   106   250    99   285 0.81 -
GCA_040114635.1|PVP01_0312600|PVP01_0312600.1|unknown -            327 1849at5820           -            886   3.1e-08   30.7   0.3   1   2      0.12        60   -0.1   0.0   435   508    15    82     6    95 0.73 -
GCA_040114635.1|PVP01_0312600|PVP01_0312600.1|unknown -            327 1849at5820           -            886   3.1e-08   30.7   0.3   2   2   2.7e-10   1.4e-07   28.5   0.1   254   416   154   316   111   322 0.82 -
GCA_040114635.1|PVP01_0308500|PVP01_0308500.1|unknown -            504 1849at5820           -            886   3.3e-08   30.6   4.1   1   2     0.044        23    1.3   0.2   449   504    85   136    66   146 0.72 -
GCA_040114635.1|PVP01_0308500|PVP01_0308500.1|unknown -            504 1849at5820           -            886   3.3e-08   30.6   4.1   2   2     8e-11   4.2e-08   30.2   0.6   356   459   310   412   232   419 0.84 -
GCA_040114635.1|PVP01_1142200|PVP01_1142200.1|unknown -           1401 1849at5820           -            886   6.6e-08   29.6  13.1   1   4    0.0015       0.8    6.2   0.1   452   483    71   102    61   107 0.91 -
GCA_040114635.1|PVP01_1142200|PVP01_1142200.1|unknown -           1401 1849at5820           -            886   6.6e-08   29.6  13.1   2   4   2.2e-06    0.0011   15.6   0.0   361   423   108   172   103   180 0.86 -
GCA_040114635.1|PVP01_1142200|PVP01_1142200.1|unknown -           1401 1849at5820           -            886   6.6e-08   29.6  13.1   3   4   3.2e-05     0.017   11.7   0.1   360   455   265   362   226   389 0.59 -
GCA_040114635.1|PVP01_1142200|PVP01_1142200.1|unknown -           1401 1849at5820           -            886   6.6e-08   29.6  13.1   4   4      0.65   3.4e+02   -2.5   4.8    64   249   526   725   516   734 0.61 -
GCA_040114635.1|PVP01_1455700|PVP01_1455700.1|unknown -            506 1849at5820           -            886   5.3e-05   20.0   1.1   1   3      0.13        68   -0.2   0.0   768   810   134   177   104   181 0.79 -
GCA_040114635.1|PVP01_1455700|PVP01_1455700.1|unknown -            506 1849at5820           -            886   5.3e-05   20.0   1.1   2   3      0.01       5.2    3.5   0.0   533   569   182   221   179   227 0.74 -
GCA_040114635.1|PVP01_1455700|PVP01_1455700.1|unknown -            506 1849at5820           -            886   5.3e-05   20.0   1.1   3   3   8.9e-06    0.0047   13.5   0.0   361   418   299   357   287   363 0.88 -
GCA_040114635.1|PVP01_1259000|PVP01_1259000.1|unknown -           1228 1849at5820           -            886   0.00054   16.7   0.5   1   1   1.4e-06   0.00073   16.2   0.5   348   421    69   142    51   160 0.86 -
#
# Program:         hmmsearch
# Version:         3.4 (Aug 2023)
# Pipeline mode:   SEARCH
# Query file:      /v3/work/00_inventory/busco/busco_downloads/lineages/plasmodium_odb10/hmms/1849at5820.hmm
# Target file:     /v3/inputs/annotations/ncbi-datasets/MHC087.proteins.fa
# Option settings: hmmsearch --domtblout /v3/work/00_inventory/busco/MHC087_proteins/run_plasmodium_odb10/hmmer_output/initial_run_results/1849at5820.out --cpu 1 /v3/work/00_inventory/busco/busco_downloads/lineages/plasmodium_odb10/hmms/1849at5820.hmm /v3/inputs/annotations/ncbi-datasets/MHC087.proteins.fa 
# Current dir:     /v3/work/00_inventory/busco
# Date:            Tue May 19 18:03:32 2026
# [ok]
