#                                                                                                             --- full sequence --- -------------- this domain -------------   hmm coord   ali coord   env coord
# target name                                         accession   tlen query name           accession   qlen   E-value  score  bias   #  of  c-Evalue  i-Evalue  score  bias  from    to  from    to  from    to  acc description of target
#                                 ------------------- ---------- ----- -------------------- ---------- ----- --------- ------ ----- --- --- --------- --------- ------ ----- ----- ----- ----- ----- ----- ----- ---- ---------------------
GCA_040114635.1|PVP01_0112300|PVP01_0112300.1|unknown -           1410 1889at5820           -            910  3.5e-291  967.2  40.0   1   7   9.7e-79   6.1e-75  251.7   0.7     1   155     1   161     1   172 0.94 -
GCA_040114635.1|PVP01_0112300|PVP01_0112300.1|unknown -           1410 1889at5820           -            910  3.5e-291  967.2  40.0   2   7   3.9e-48   2.4e-44  150.4   2.6   260   359   345   448   344   450 0.91 -
GCA_040114635.1|PVP01_0112300|PVP01_0112300.1|unknown -           1410 1889at5820           -            910  3.5e-291  967.2  40.0   3   7   1.2e-80   7.6e-77  258.0   1.8   361   538   497   680   495   685 0.95 -
GCA_040114635.1|PVP01_0112300|PVP01_0112300.1|unknown -           1410 1889at5820           -            910  3.5e-291  967.2  40.0   4   7   1.6e-53     1e-49  168.2   6.4   544   679   771   919   754   922 0.88 -
GCA_040114635.1|PVP01_0112300|PVP01_0112300.1|unknown -           1410 1889at5820           -            910  3.5e-291  967.2  40.0   5   7     2e-05      0.13    9.0   0.1   685   703   970   988   955   994 0.87 -
GCA_040114635.1|PVP01_0112300|PVP01_0112300.1|unknown -           1410 1889at5820           -            910  3.5e-291  967.2  40.0   6   7   1.6e-08    0.0001   19.3   0.1   704   761  1075  1147  1071  1160 0.72 -
GCA_040114635.1|PVP01_0112300|PVP01_0112300.1|unknown -           1410 1889at5820           -            910  3.5e-291  967.2  40.0   7   7   1.2e-41   7.8e-38  128.9   0.0   759   910  1200  1400  1189  1400 0.83 -
#
# Program:         hmmsearch
# Version:         3.4 (Aug 2023)
# Pipeline mode:   SEARCH
# Query file:      /v3/work/00_inventory/busco/busco_downloads/lineages/plasmodium_odb10/hmms/1889at5820.hmm
# Target file:     /v3/inputs/annotations/ncbi-datasets/MHC087.proteins.fa
# Option settings: hmmsearch --domtblout /v3/work/00_inventory/busco/MHC087_proteins/run_plasmodium_odb10/hmmer_output/initial_run_results/1889at5820.out --cpu 1 /v3/work/00_inventory/busco/busco_downloads/lineages/plasmodium_odb10/hmms/1889at5820.hmm /v3/inputs/annotations/ncbi-datasets/MHC087.proteins.fa 
# Current dir:     /v3/work/00_inventory/busco
# Date:            Tue May 19 18:03:46 2026
# [ok]
