#                                                                                                             --- full sequence --- -------------- this domain -------------   hmm coord   ali coord   env coord
# target name                                         accession   tlen query name           accession   qlen   E-value  score  bias   #  of  c-Evalue  i-Evalue  score  bias  from    to  from    to  from    to  acc description of target
#                                 ------------------- ---------- ----- -------------------- ---------- ----- --------- ------ ----- --- --- --------- --------- ------ ----- ----- ----- ----- ----- ----- ----- ---- ---------------------
GCA_040114635.1|PVP01_1211000|PVP01_1211000.1|unknown -           7238 18at5820             -           4644         0 3911.5 238.3   1  12  2.1e-164  6.5e-161  535.4  19.6     1   249     1   249     1   285 0.96 -
GCA_040114635.1|PVP01_1211000|PVP01_1211000.1|unknown -           7238 18at5820             -           4644         0 3911.5 238.3   2  12   2.5e-10   7.8e-07   24.0  11.4   238   286   288   341   273   348 0.85 -
GCA_040114635.1|PVP01_1211000|PVP01_1211000.1|unknown -           7238 18at5820             -           4644         0 3911.5 238.3   3  12   1.9e-30   6.1e-27   90.7   0.1   278   354   374   452   361   456 0.91 -
GCA_040114635.1|PVP01_1211000|PVP01_1211000.1|unknown -           7238 18at5820             -           4644         0 3911.5 238.3   4  12    0.0016       5.1    1.3   0.0   347   368   477   498   470   515 0.87 -
GCA_040114635.1|PVP01_1211000|PVP01_1211000.1|unknown -           7238 18at5820             -           4644         0 3911.5 238.3   5  12  9.2e-147  2.9e-143  476.8  16.0   417   646   651   880   634   890 0.97 -
GCA_040114635.1|PVP01_1211000|PVP01_1211000.1|unknown -           7238 18at5820             -           4644         0 3911.5 238.3   6  12  7.6e-243  2.4e-239  795.8  29.5   647  1066   939  1384   936  1452 0.90 -
GCA_040114635.1|PVP01_1211000|PVP01_1211000.1|unknown -           7238 18at5820             -           4644         0 3911.5 238.3   7  12   4.8e-93   1.5e-89  298.5  14.8  2228  2393  3705  3877  3691  3882 0.91 -
GCA_040114635.1|PVP01_1211000|PVP01_1211000.1|unknown -           7238 18at5820             -           4644         0 3911.5 238.3   8  12  2.8e-133  8.8e-130  432.1  19.0  2396  2628  3961  4197  3952  4205 0.93 -
GCA_040114635.1|PVP01_1211000|PVP01_1211000.1|unknown -           7238 18at5820             -           4644         0 3911.5 238.3   9  12  5.4e-106  1.7e-102  341.5  16.0  3403  3624  5428  5659  5423  5667 0.85 -
GCA_040114635.1|PVP01_1211000|PVP01_1211000.1|unknown -           7238 18at5820             -           4644         0 3911.5 238.3  10  12   1.3e-50   4.1e-47  157.6   4.9  3953  4041  6168  6256  6165  6280 0.95 -
GCA_040114635.1|PVP01_1211000|PVP01_1211000.1|unknown -           7238 18at5820             -           4644         0 3911.5 238.3  11  12   1.8e-05     0.055    7.9   0.0  4035  4061  6301  6327  6295  6333 0.91 -
GCA_040114635.1|PVP01_1211000|PVP01_1211000.1|unknown -           7238 18at5820             -           4644         0 3911.5 238.3  12  12    8e-244  2.5e-240  799.0  37.4  4058  4439  6446  6830  6434  6846 0.95 -
GCA_040114635.1|PVP01_1208400|PVP01_1208400.1|unknown -           5525 18at5820             -           4644   5.5e-05   17.8   7.5   1   1   2.2e-08   6.8e-05   17.5   7.5     1   166     1   172     1   185 0.79 -
#
# Program:         hmmsearch
# Version:         3.4 (Aug 2023)
# Pipeline mode:   SEARCH
# Query file:      /v3/work/00_inventory/busco/busco_downloads/lineages/plasmodium_odb10/hmms/18at5820.hmm
# Target file:     /v3/inputs/annotations/ncbi-datasets/MHC087.proteins.fa
# Option settings: hmmsearch --domtblout /v3/work/00_inventory/busco/MHC087_proteins/run_plasmodium_odb10/hmmer_output/initial_run_results/18at5820.out --cpu 1 /v3/work/00_inventory/busco/busco_downloads/lineages/plasmodium_odb10/hmms/18at5820.hmm /v3/inputs/annotations/ncbi-datasets/MHC087.proteins.fa 
# Current dir:     /v3/work/00_inventory/busco
# Date:            Tue May 19 18:03:54 2026
# [ok]
