#                                                                                                             --- full sequence --- -------------- this domain -------------   hmm coord   ali coord   env coord
# target name                                         accession   tlen query name           accession   qlen   E-value  score  bias   #  of  c-Evalue  i-Evalue  score  bias  from    to  from    to  from    to  acc description of target
#                                 ------------------- ---------- ----- -------------------- ---------- ----- --------- ------ ----- --- --- --------- --------- ------ ----- ----- ----- ----- ----- ----- ----- ---- ---------------------
GCA_040114635.1|PVP01_1310500|PVP01_1310500.1|unknown -           1326 1998at5820           -            769  1.2e-290  964.5  47.4   1   4   1.6e-54   1.4e-51  173.9   7.9     1   104     1   104     1   111 0.93 -
GCA_040114635.1|PVP01_1310500|PVP01_1310500.1|unknown -           1326 1998at5820           -            769  1.2e-290  964.5  47.4   2   4  8.6e-136  7.7e-133  442.6  18.3    99   346   216   474   212   477 0.95 -
GCA_040114635.1|PVP01_1310500|PVP01_1310500.1|unknown -           1326 1998at5820           -            769  1.2e-290  964.5  47.4   3   4      0.56   5.1e+02   -3.2   0.1   337   351   662   676   660   679 0.78 -
GCA_040114635.1|PVP01_1310500|PVP01_1310500.1|unknown -           1326 1998at5820           -            769  1.2e-290  964.5  47.4   4   4    1e-111  9.2e-109  363.0   1.9   577   769  1129  1326  1112  1326 0.96 -
GCA_040114635.1|PVP01_1116800|PVP01_1116800.1|unknown -            944 1998at5820           -            769   1.2e-74  250.2   7.4   1   1   1.3e-76   1.1e-73  247.0   7.3   134   691   207   775   184   831 0.83 -
GCA_040114635.1|PVP01_1418000|PVP01_1418000.1|unknown -            955 1998at5820           -            769   2.1e-70  236.2  22.6   1   3      0.19   1.7e+02   -1.6   0.2   106   160   175   231   135   248 0.56 -
GCA_040114635.1|PVP01_1418000|PVP01_1418000.1|unknown -            955 1998at5820           -            769   2.1e-70  236.2  22.6   2   3   8.1e-61   7.3e-58  194.7  14.3   120   573   238   698   192   706 0.80 -
GCA_040114635.1|PVP01_1418000|PVP01_1418000.1|unknown -            955 1998at5820           -            769   2.1e-70  236.2  22.6   3   3   6.2e-16   5.6e-13   46.3   0.4   570   681   754   862   741   927 0.77 -
GCA_040114635.1|PVP01_1310900|PVP01_1310900.1|unknown -            758 1998at5820           -            769   1.9e-63  213.2   0.9   1   2       0.4   3.6e+02   -2.7   0.0   156   216   174   236   165   243 0.78 -
GCA_040114635.1|PVP01_1310900|PVP01_1310900.1|unknown -            758 1998at5820           -            769   1.9e-63  213.2   0.9   2   2   4.4e-66   3.9e-63  212.1   0.4   383   674   383   674   356   704 0.88 -
GCA_040114635.1|PVP01_1331100|PVP01_1331100.1|unknown -            972 1998at5820           -            769   9.6e-63  210.8   7.5   1   2   2.4e-07   0.00022   17.9   1.1    96   273   255   435   205   445 0.76 -
GCA_040114635.1|PVP01_1331100|PVP01_1331100.1|unknown -            972 1998at5820           -            769   9.6e-63  210.8   7.5   2   2   6.1e-61   5.4e-58  195.1   0.7   406   745   551   914   536   930 0.75 -
GCA_040114635.1|PVP01_1006800|PVP01_1006800.1|unknown -            971 1998at5820           -            769   8.2e-52  174.7   0.3   1   3      0.24   2.1e+02   -2.0   0.0   150   184   199   233   195   239 0.83 -
GCA_040114635.1|PVP01_1006800|PVP01_1006800.1|unknown -            971 1998at5820           -            769   8.2e-52  174.7   0.3   2   3   9.9e-49   8.9e-46  154.7   0.0   362   582   389   608   355   620 0.91 -
GCA_040114635.1|PVP01_1006800|PVP01_1006800.1|unknown -            971 1998at5820           -            769   8.2e-52  174.7   0.3   3   3   4.5e-07   0.00041   17.0   0.0   605   666   709   772   703   795 0.84 -
GCA_040114635.1|PVP01_0525700|PVP01_0525700.1|unknown -           1314 1998at5820           -            769   1.3e-31  107.9  11.9   1   6      0.63   5.6e+02   -3.3   2.1     4    30    43    69    10   150 0.57 -
GCA_040114635.1|PVP01_0525700|PVP01_0525700.1|unknown -           1314 1998at5820           -            769   1.3e-31  107.9  11.9   2   6    0.0059       5.3    3.4   2.7   142   196   332   386   293   405 0.81 -
GCA_040114635.1|PVP01_0525700|PVP01_0525700.1|unknown -           1314 1998at5820           -            769   1.3e-31  107.9  11.9   3   6     0.048        43    0.3   0.1   201   233   494   525   486   555 0.81 -
GCA_040114635.1|PVP01_0525700|PVP01_0525700.1|unknown -           1314 1998at5820           -            769   1.3e-31  107.9  11.9   4   6     0.052        46    0.2   0.0   369   399   725   757   706   775 0.78 -
GCA_040114635.1|PVP01_0525700|PVP01_0525700.1|unknown -           1314 1998at5820           -            769   1.3e-31  107.9  11.9   5   6   2.5e-34   2.3e-31  107.1   8.6   403   576   874  1048   867  1054 0.85 -
GCA_040114635.1|PVP01_0525700|PVP01_0525700.1|unknown -           1314 1998at5820           -            769   1.3e-31  107.9  11.9   6   6     2e-05     0.018   11.6   0.1   591   664  1155  1224  1140  1246 0.83 -
#
# Program:         hmmsearch
# Version:         3.4 (Aug 2023)
# Pipeline mode:   SEARCH
# Query file:      /v3/work/00_inventory/busco/busco_downloads/lineages/plasmodium_odb10/hmms/1998at5820.hmm
# Target file:     /v3/inputs/annotations/ncbi-datasets/MHC087.proteins.fa
# Option settings: hmmsearch --domtblout /v3/work/00_inventory/busco/MHC087_proteins/run_plasmodium_odb10/hmmer_output/initial_run_results/1998at5820.out --cpu 1 /v3/work/00_inventory/busco/busco_downloads/lineages/plasmodium_odb10/hmms/1998at5820.hmm /v3/inputs/annotations/ncbi-datasets/MHC087.proteins.fa 
# Current dir:     /v3/work/00_inventory/busco
# Date:            Tue May 19 18:04:26 2026
# [ok]
