#                                                                                                             --- full sequence --- -------------- this domain -------------   hmm coord   ali coord   env coord
# target name                                         accession   tlen query name           accession   qlen   E-value  score  bias   #  of  c-Evalue  i-Evalue  score  bias  from    to  from    to  from    to  acc description of target
#                                 ------------------- ---------- ----- -------------------- ---------- ----- --------- ------ ----- --- --- --------- --------- ------ ----- ----- ----- ----- ----- ----- ----- ---- ---------------------
GCA_040114635.1|PVP01_0406400|PVP01_0406400.1|unknown -           2030 2029at5820           -            894         0 1292.4  78.5   1   9     0.033   2.1e+02   -1.9   0.5     1    17     1    17     1    23 0.87 -
GCA_040114635.1|PVP01_0406400|PVP01_0406400.1|unknown -           2030 2029at5820           -            894         0 1292.4  78.5   2   9   1.9e-13   1.2e-09   35.3   0.1    11    51    43    83    35    97 0.82 -
GCA_040114635.1|PVP01_0406400|PVP01_0406400.1|unknown -           2030 2029at5820           -            894         0 1292.4  78.5   3   9   1.1e-45   6.7e-42  142.1   1.8    46   143   107   213   101   232 0.87 -
GCA_040114635.1|PVP01_0406400|PVP01_0406400.1|unknown -           2030 2029at5820           -            894         0 1292.4  78.5   4   9    3e-182  1.9e-178  593.9  27.1   152   443   371   684   363   685 0.95 -
GCA_040114635.1|PVP01_0406400|PVP01_0406400.1|unknown -           2030 2029at5820           -            894         0 1292.4  78.5   5   9   1.3e-16     8e-13   45.8   0.1   447   492   740   785   730   793 0.94 -
GCA_040114635.1|PVP01_0406400|PVP01_0406400.1|unknown -           2030 2029at5820           -            894         0 1292.4  78.5   6   9   1.6e-30     1e-26   91.8   1.3   492   573   843   925   839   928 0.96 -
GCA_040114635.1|PVP01_0406400|PVP01_0406400.1|unknown -           2030 2029at5820           -            894         0 1292.4  78.5   7   9   6.5e-37   4.1e-33  113.0   1.4   574   647  1000  1073   998  1077 0.98 -
GCA_040114635.1|PVP01_0406400|PVP01_0406400.1|unknown -           2030 2029at5820           -            894         0 1292.4  78.5   8   9   4.2e-23   2.7e-19   67.3   0.1   659   726  1365  1443  1357  1449 0.90 -
GCA_040114635.1|PVP01_0406400|PVP01_0406400.1|unknown -           2030 2029at5820           -            894         0 1292.4  78.5   9   9   1.5e-72   9.4e-69  230.9   1.0   734   890  1559  1717  1547  1719 0.91 -
#
# Program:         hmmsearch
# Version:         3.4 (Aug 2023)
# Pipeline mode:   SEARCH
# Query file:      /v3/work/00_inventory/busco/busco_downloads/lineages/plasmodium_odb10/hmms/2029at5820.hmm
# Target file:     /v3/inputs/annotations/ncbi-datasets/MHC087.proteins.fa
# Option settings: hmmsearch --domtblout /v3/work/00_inventory/busco/MHC087_proteins/run_plasmodium_odb10/hmmer_output/initial_run_results/2029at5820.out --cpu 1 /v3/work/00_inventory/busco/busco_downloads/lineages/plasmodium_odb10/hmms/2029at5820.hmm /v3/inputs/annotations/ncbi-datasets/MHC087.proteins.fa 
# Current dir:     /v3/work/00_inventory/busco
# Date:            Tue May 19 18:04:35 2026
# [ok]
