#                                                                                                             --- full sequence --- -------------- this domain -------------   hmm coord   ali coord   env coord
# target name                                         accession   tlen query name           accession   qlen   E-value  score  bias   #  of  c-Evalue  i-Evalue  score  bias  from    to  from    to  from    to  acc description of target
#                                 ------------------- ---------- ----- -------------------- ---------- ----- --------- ------ ----- --- --- --------- --------- ------ ----- ----- ----- ----- ----- ----- ----- ---- ---------------------
GCA_040114635.1|PVP01_1133200|PVP01_1133200.1|unknown -           1386 2198at5820           -            663  2.6e-168  559.9  56.7   1   8   8.9e-10   1.9e-06   25.1   0.1     2    33   188   219   187   227 0.90 -
GCA_040114635.1|PVP01_1133200|PVP01_1133200.1|unknown -           1386 2198at5820           -            663  2.6e-168  559.9  56.7   2   8   4.6e-27   9.6e-24   82.2   2.6    39   104   259   327   253   331 0.91 -
GCA_040114635.1|PVP01_1133200|PVP01_1133200.1|unknown -           1386 2198at5820           -            663  2.6e-168  559.9  56.7   3   8     0.012        25    1.5   0.3   108   131   388   411   387   439 0.67 -
GCA_040114635.1|PVP01_1133200|PVP01_1133200.1|unknown -           1386 2198at5820           -            663  2.6e-168  559.9  56.7   4   8   6.3e-08   0.00013   19.0   0.7   125   171   449   502   429   512 0.66 -
GCA_040114635.1|PVP01_1133200|PVP01_1133200.1|unknown -           1386 2198at5820           -            663  2.6e-168  559.9  56.7   5   8     0.053   1.1e+02   -0.6   0.1   220   243   684   709   681   721 0.77 -
GCA_040114635.1|PVP01_1133200|PVP01_1133200.1|unknown -           1386 2198at5820           -            663  2.6e-168  559.9  56.7   6   8   3.2e-66   6.7e-63  211.6   4.0   241   368   770   897   724   903 0.81 -
GCA_040114635.1|PVP01_1133200|PVP01_1133200.1|unknown -           1386 2198at5820           -            663  2.6e-168  559.9  56.7   7   8     1e-21   2.2e-18   64.5   3.3   363   408   943   988   937   998 0.88 -
GCA_040114635.1|PVP01_1133200|PVP01_1133200.1|unknown -           1386 2198at5820           -            663  2.6e-168  559.9  56.7   8   8   2.6e-58   5.5e-55  185.4   4.1   406   530  1042  1174  1030  1180 0.90 -
GCA_040114635.1|PVP01_0935900|PVP01_0935900.1|unknown -            855 2198at5820           -            663   2.8e-07   27.8   2.4   1   2   4.6e-09   9.6e-06   22.7   0.1   319   351   618   650   518   669 0.75 -
GCA_040114635.1|PVP01_0935900|PVP01_0935900.1|unknown -            855 2198at5820           -            663   2.8e-07   27.8   2.4   2   2    0.0017       3.7    4.3   0.3   575   628   776   829   719   837 0.85 -
GCA_040114635.1|PVP01_1429800|PVP01_1429800.1|unknown -            303 2198at5820           -            663      0.13    9.1  12.6   1   3     8e-06     0.017   12.0   4.0   247   353    42   155    13   164 0.80 -
GCA_040114635.1|PVP01_1429800|PVP01_1429800.1|unknown -            303 2198at5820           -            663      0.13    9.1  12.6   2   3      0.19   4.1e+02   -2.5   0.0   449   476   187   214   160   224 0.74 -
GCA_040114635.1|PVP01_1429800|PVP01_1429800.1|unknown -            303 2198at5820           -            663      0.13    9.1  12.6   3   3     0.023        49    0.6   0.6   576   631   229   290   225   303 0.63 -
#
# Program:         hmmsearch
# Version:         3.4 (Aug 2023)
# Pipeline mode:   SEARCH
# Query file:      /v3/work/00_inventory/busco/busco_downloads/lineages/plasmodium_odb10/hmms/2198at5820.hmm
# Target file:     /v3/inputs/annotations/ncbi-datasets/MHC087.proteins.fa
# Option settings: hmmsearch --domtblout /v3/work/00_inventory/busco/MHC087_proteins/run_plasmodium_odb10/hmmer_output/initial_run_results/2198at5820.out --cpu 1 /v3/work/00_inventory/busco/busco_downloads/lineages/plasmodium_odb10/hmms/2198at5820.hmm /v3/inputs/annotations/ncbi-datasets/MHC087.proteins.fa 
# Current dir:     /v3/work/00_inventory/busco
# Date:            Tue May 19 18:05:22 2026
# [ok]
