#                                                                                                             --- full sequence --- -------------- this domain -------------   hmm coord   ali coord   env coord
# target name                                         accession   tlen query name           accession   qlen   E-value  score  bias   #  of  c-Evalue  i-Evalue  score  bias  from    to  from    to  from    to  acc description of target
#                                 ------------------- ---------- ----- -------------------- ---------- ----- --------- ------ ----- --- --- --------- --------- ------ ----- ----- ----- ----- ----- ----- ----- ---- ---------------------
GCA_040114635.1|PVP01_0907600|PVP01_0907600.1|unknown -           1318 2411at5820           -            715   6.3e-40  135.6   0.7   1   3   1.5e-42   6.3e-40  135.6   0.7     1   101     1   107     1   121 0.93 -
GCA_040114635.1|PVP01_0907600|PVP01_0907600.1|unknown -           1318 2411at5820           -            715   6.3e-40  135.6   0.7   2   3       2.1   8.8e+02   -3.7   0.1   415   428   930   943   923   946 0.79 -
GCA_040114635.1|PVP01_0907600|PVP01_0907600.1|unknown -           1318 2411at5820           -            715   6.3e-40  135.6   0.7   3   3    0.0025         1    5.9   3.1   429   476  1015  1060   991  1068 0.78 -
GCA_040114635.1|PVP01_0413200|PVP01_0413200.1|unknown -           1029 2411at5820           -            715   2.1e-16   57.8  28.6   1   6     0.008       3.4    4.3   2.2    13    53    15    54     1    62 0.80 -
GCA_040114635.1|PVP01_0413200|PVP01_0413200.1|unknown -           1029 2411at5820           -            715   2.1e-16   57.8  28.6   2   6    0.0023      0.96    6.1   2.5    10    61    65   116    60   133 0.82 -
GCA_040114635.1|PVP01_0413200|PVP01_0413200.1|unknown -           1029 2411at5820           -            715   2.1e-16   57.8  28.6   3   6     0.022       9.3    2.8   0.5   111   169   648   707   640   758 0.77 -
GCA_040114635.1|PVP01_0413200|PVP01_0413200.1|unknown -           1029 2411at5820           -            715   2.1e-16   57.8  28.6   4   6    0.0054       2.3    4.8   1.5   297   404   751   860   748   862 0.78 -
GCA_040114635.1|PVP01_0413200|PVP01_0413200.1|unknown -           1029 2411at5820           -            715   2.1e-16   57.8  28.6   5   6   6.6e-05     0.028   11.2   0.2   461   529   839   911   833   915 0.81 -
GCA_040114635.1|PVP01_0413200|PVP01_0413200.1|unknown -           1029 2411at5820           -            715   2.1e-16   57.8  28.6   6   6   2.8e-15   1.2e-12   45.5   0.0   603   662   928   987   924   992 0.87 -
GCA_040114635.1|PVP01_1252700|PVP01_1252700.1|unknown -            860 2411at5820           -            715   1.9e-11   41.5   9.7   1   3     0.088        37    0.8   2.0    55    89   511   546   470   566 0.76 -
GCA_040114635.1|PVP01_1252700|PVP01_1252700.1|unknown -            860 2411at5820           -            715   1.9e-11   41.5   9.7   2   3   9.4e-06    0.0039   14.0   6.6   425   531   523   629   494   640 0.75 -
GCA_040114635.1|PVP01_1252700|PVP01_1252700.1|unknown -            860 2411at5820           -            715   1.9e-11   41.5   9.7   3   3   2.2e-09   9.4e-07   25.9   0.0   603   688   643   727   629   732 0.89 -
GCA_040114635.1|PVP01_1245400|PVP01_1245400.1|unknown -            326 2411at5820           -            715     1e-08   32.4  21.6   1   3   9.3e-09   3.9e-06   23.9   1.5    18    65    50    96    44   103 0.87 -
GCA_040114635.1|PVP01_1245400|PVP01_1245400.1|unknown -            326 2411at5820           -            715     1e-08   32.4  21.6   2   3   4.6e-07   0.00019   18.3   0.8    15    74    93   151    91   176 0.81 -
GCA_040114635.1|PVP01_1245400|PVP01_1245400.1|unknown -            326 2411at5820           -            715     1e-08   32.4  21.6   3   3     0.091        38    0.8   6.8    16    60   186   232   171   271 0.75 -
GCA_040114635.1|PVP01_0616300|PVP01_0616300.1|unknown -            369 2411at5820           -            715   8.9e-07   26.0  49.3   1   7     5e-05     0.021   11.5   4.6    14    65    10    60     3    76 0.79 -
GCA_040114635.1|PVP01_0616300|PVP01_0616300.1|unknown -            369 2411at5820           -            715   8.9e-07   26.0  49.3   2   7    0.0033       1.4    5.5   2.6    17    56    59    97    50   108 0.84 -
GCA_040114635.1|PVP01_0616300|PVP01_0616300.1|unknown -            369 2411at5820           -            715   8.9e-07   26.0  49.3   3   7   0.00039      0.16    8.6   1.4    24    55   111   142    98   154 0.84 -
GCA_040114635.1|PVP01_0616300|PVP01_0616300.1|unknown -            369 2411at5820           -            715   8.9e-07   26.0  49.3   4   7    0.0055       2.3    4.8   4.4    24    60   162   198   143   205 0.81 -
GCA_040114635.1|PVP01_0616300|PVP01_0616300.1|unknown -            369 2411at5820           -            715   8.9e-07   26.0  49.3   5   7   0.00026      0.11    9.2   3.6    15    71   200   255   195   258 0.86 -
GCA_040114635.1|PVP01_0616300|PVP01_0616300.1|unknown -            369 2411at5820           -            715   8.9e-07   26.0  49.3   6   7     2e-05    0.0085   12.9   1.9    15    64   246   294   239   300 0.88 -
GCA_040114635.1|PVP01_0616300|PVP01_0616300.1|unknown -            369 2411at5820           -            715   8.9e-07   26.0  49.3   7   7     0.064        27    1.3   0.4    16    58   293   337   288   355 0.73 -
GCA_040114635.1|PVP01_0314900|PVP01_0314900.1|unknown -            310 2411at5820           -            715   9.9e-06   22.5   7.0   1   2   1.6e-06   0.00068   16.5   2.8   470   537    89   160    43   167 0.76 -
GCA_040114635.1|PVP01_0314900|PVP01_0314900.1|unknown -            310 2411at5820           -            715   9.9e-06   22.5   7.0   2   2   0.00042      0.18    8.5   0.1   604   691   169   256   160   271 0.81 -
GCA_040114635.1|PVP01_0930300|PVP01_0930300.1|unknown -           1001 2411at5820           -            715   7.8e-05   19.6  21.8   1   3   0.00045      0.19    8.4   0.2    16    65   158   207   151   215 0.91 -
GCA_040114635.1|PVP01_0930300|PVP01_0930300.1|unknown -           1001 2411at5820           -            715   7.8e-05   19.6  21.8   2   3   0.00074      0.31    7.7   5.8    20    98   231   312   213   317 0.83 -
GCA_040114635.1|PVP01_0930300|PVP01_0930300.1|unknown -           1001 2411at5820           -            715   7.8e-05   19.6  21.8   3   3   3.7e-05     0.015   12.0   3.1    14    59   318   363   310   375 0.85 -
GCA_040114635.1|PVP01_1022700|PVP01_1022700.1|unknown -           1378 2411at5820           -            715   0.00028   17.7  30.5   1   4     0.039        16    2.0   0.1   426   464   166   201   154   216 0.70 -
GCA_040114635.1|PVP01_1022700|PVP01_1022700.1|unknown -           1378 2411at5820           -            715   0.00028   17.7  30.5   2   4   0.00048       0.2    8.3   9.4    13   100   858   946   851   950 0.81 -
GCA_040114635.1|PVP01_1022700|PVP01_1022700.1|unknown -           1378 2411at5820           -            715   0.00028   17.7  30.5   3   4   1.3e-05    0.0054   13.5   2.5    17    55   953   990   948  1002 0.88 -
GCA_040114635.1|PVP01_1022700|PVP01_1022700.1|unknown -           1378 2411at5820           -            715   0.00028   17.7  30.5   4   4    0.0068       2.8    4.5   0.9    25    78  1279  1334  1260  1344 0.75 -
GCA_040114635.1|PVP01_0419900|PVP01_0419900.1|unknown -            191 2411at5820           -            715    0.0013   15.5   3.1   1   2     0.038        16    2.0   0.6    24    60    31    67    19    74 0.82 -
GCA_040114635.1|PVP01_0419900|PVP01_0419900.1|unknown -            191 2411at5820           -            715    0.0013   15.5   3.1   2   2   3.2e-06    0.0013   15.5   3.1    17    64    71   117    62   145 0.85 -
GCA_040114635.1|PVP01_1143600|PVP01_1143600.1|unknown -            354 2411at5820           -            715    0.0017   15.1   3.1   1   3     0.016       6.6    3.3   0.6   363   399    86   122    73   135 0.88 -
GCA_040114635.1|PVP01_1143600|PVP01_1143600.1|unknown -            354 2411at5820           -            715    0.0017   15.1   3.1   2   3    0.0002     0.084    9.6   0.1   464   529   118   177   117   183 0.71 -
GCA_040114635.1|PVP01_1143600|PVP01_1143600.1|unknown -            354 2411at5820           -            715    0.0017   15.1   3.1   3   3     0.032        13    2.3   0.0   604   690   198   302   183   314 0.60 -
GCA_040114635.1|PVP01_1317900|PVP01_1317900.1|unknown -            706 2411at5820           -            715    0.0073   13.1   1.7   1   3      0.15        61    0.1   0.1   336   390    43   103    34   107 0.67 -
GCA_040114635.1|PVP01_1317900|PVP01_1317900.1|unknown -            706 2411at5820           -            715    0.0073   13.1   1.7   2   3   0.00042      0.18    8.5   0.3   457   529    92   165    82   175 0.70 -
GCA_040114635.1|PVP01_1317900|PVP01_1317900.1|unknown -            706 2411at5820           -            715    0.0073   13.1   1.7   3   3     0.025        10    2.7   0.0   599   634   183   218   172   279 0.87 -
GCA_040114635.1|PVP01_1446500|PVP01_1446500.1|unknown -           1003 2411at5820           -            715    0.0077   13.0   0.0   1   1   3.7e-05     0.016   12.0   0.0   597   685   200   288   189   297 0.74 -
GCA_040114635.1|PVP01_1115000|PVP01_1115000.1|unknown -            288 2411at5820           -            715     0.021   11.5   0.2   1   3      0.72     3e+02   -2.2   0.0   361   390    54    83    50    95 0.82 -
GCA_040114635.1|PVP01_1115000|PVP01_1115000.1|unknown -            288 2411at5820           -            715     0.021   11.5   0.2   2   3    0.0064       2.7    4.6   0.0   507   529   125   147   106   150 0.83 -
GCA_040114635.1|PVP01_1115000|PVP01_1115000.1|unknown -            288 2411at5820           -            715     0.021   11.5   0.2   3   3    0.0082       3.4    4.2   0.0   600   635   161   196   151   201 0.83 -
GCA_040114635.1|PVP01_0724500|PVP01_0724500.1|unknown -           1167 2411at5820           -            715     0.078    9.7  10.8   1   3     0.019       7.8    3.1   1.2    31    62    35    66    10    79 0.81 -
GCA_040114635.1|PVP01_0724500|PVP01_0724500.1|unknown -           1167 2411at5820           -            715     0.078    9.7  10.8   2   3     0.034        14    2.2   3.2    18    93    93   166    74   187 0.85 -
GCA_040114635.1|PVP01_0724500|PVP01_0724500.1|unknown -           1167 2411at5820           -            715     0.078    9.7  10.8   3   3    0.0011      0.45    7.2   0.0   605   639  1051  1084  1045  1106 0.82 -
GCA_040114635.1|PVP01_0810500|PVP01_0810500.1|unknown -            381 2411at5820           -            715      0.54    6.9  23.1   1   3    0.0047         2    5.0   7.9    14    57    44    86    33    91 0.85 -
GCA_040114635.1|PVP01_0810500|PVP01_0810500.1|unknown -            381 2411at5820           -            715      0.54    6.9  23.1   2   3   0.00027      0.12    9.1   3.1    17    60   251   293   236   301 0.84 -
GCA_040114635.1|PVP01_0810500|PVP01_0810500.1|unknown -            381 2411at5820           -            715      0.54    6.9  23.1   3   3       0.1        43    0.6   0.2    31    63   310   342   290   361 0.70 -
#
# Program:         hmmsearch
# Version:         3.4 (Aug 2023)
# Pipeline mode:   SEARCH
# Query file:      /v3/work/00_inventory/busco/busco_downloads/lineages/plasmodium_odb10/hmms/2411at5820.hmm
# Target file:     /v3/inputs/annotations/ncbi-datasets/MHC087.proteins.fa
# Option settings: hmmsearch --domtblout /v3/work/00_inventory/busco/MHC087_proteins/run_plasmodium_odb10/hmmer_output/initial_run_results/2411at5820.out --cpu 1 /v3/work/00_inventory/busco/busco_downloads/lineages/plasmodium_odb10/hmms/2411at5820.hmm /v3/inputs/annotations/ncbi-datasets/MHC087.proteins.fa 
# Current dir:     /v3/work/00_inventory/busco
# Date:            Tue May 19 18:06:41 2026
# [ok]
