#                                                                                                             --- full sequence --- -------------- this domain -------------   hmm coord   ali coord   env coord
# target name                                         accession   tlen query name           accession   qlen   E-value  score  bias   #  of  c-Evalue  i-Evalue  score  bias  from    to  from    to  from    to  acc description of target
#                                 ------------------- ---------- ----- -------------------- ---------- ----- --------- ------ ----- --- --- --------- --------- ------ ----- ----- ----- ----- ----- ----- ----- ---- ---------------------
GCA_040114635.1|PVP01_1449800|PVP01_1449800.1|unknown -           1081 2430at5820           -            789         0 1584.1  61.9   1   4   2.4e-42   2.6e-39  133.5  13.1     8   103    41   142    35   149 0.92 -
GCA_040114635.1|PVP01_1449800|PVP01_1449800.1|unknown -           1081 2430at5820           -            789         0 1584.1  61.9   2   4   9.9e-09     1e-05   22.3   0.7   102   159   164   226   158   233 0.65 -
GCA_040114635.1|PVP01_1449800|PVP01_1449800.1|unknown -           1081 2430at5820           -            789         0 1584.1  61.9   3   4  2.4e-209  2.5e-206  685.8   9.6   125   437   349   663   343   665 0.99 -
GCA_040114635.1|PVP01_1449800|PVP01_1449800.1|unknown -           1081 2430at5820           -            789         0 1584.1  61.9   4   4  1.1e-231  1.1e-228  759.7  15.9   435   789   714  1077   703  1077 0.97 -
GCA_040114635.1|PVP01_0716000|PVP01_0716000.1|unknown -            839 2430at5820           -            789  1.2e-166  554.6   0.9   1   1  1.5e-169  1.5e-166  554.2   0.9   155   787   173   817   157   819 0.91 -
GCA_040114635.1|PVP01_0615200|PVP01_0615200.1|unknown -           1224 2430at5820           -            789  2.7e-164  546.8   8.4   1   1  4.3e-167  4.5e-164  546.1   8.4   163   775   558  1173   541  1188 0.94 -
GCA_040114635.1|PVP01_1107700|PVP01_1107700.1|unknown -           1127 2430at5820           -            789  2.1e-145  484.3  40.3   1   3      0.29   3.1e+02   -2.4   3.0    64   114   154   206   150   269 0.81 -
GCA_040114635.1|PVP01_1107700|PVP01_1107700.1|unknown -           1127 2430at5820           -            789  2.1e-145  484.3  40.3   2   3   2.2e-71   2.3e-68  229.5  12.6    82   409   342   676   257   679 0.77 -
GCA_040114635.1|PVP01_1107700|PVP01_1107700.1|unknown -           1127 2430at5820           -            789  2.1e-145  484.3  40.3   3   3   2.7e-83   2.8e-80  268.9   9.0   412   777   748  1110   735  1123 0.90 -
GCA_040114635.1|PVP01_0513000|PVP01_0513000.1|unknown -            834 2430at5820           -            789   1.1e-48  164.4   2.4   1   3   3.8e-08     4e-05   20.4   0.1   169   208     3    42     1    53 0.89 -
GCA_040114635.1|PVP01_0513000|PVP01_0513000.1|unknown -            834 2430at5820           -            789   1.1e-48  164.4   2.4   2   3   6.4e-42   6.7e-39  132.1   0.1   219   378    76   236    67   243 0.97 -
GCA_040114635.1|PVP01_0513000|PVP01_0513000.1|unknown -            834 2430at5820           -            789   1.1e-48  164.4   2.4   3   3   3.3e-05     0.035   10.7   0.0   379   403   274   298   269   310 0.90 -
GCA_040114635.1|PVP01_0829700|PVP01_0829700.1|unknown -           2082 2430at5820           -            789   2.4e-41  140.2  16.9   1   2     3e-31   3.1e-28   96.8   3.6   164   354   413   616   403   622 0.85 -
GCA_040114635.1|PVP01_0829700|PVP01_0829700.1|unknown -           2082 2430at5820           -            789   2.4e-41  140.2  16.9   2   2   9.4e-17   9.9e-14   48.8   5.4   378   538   743   905   699   912 0.81 -
#
# Program:         hmmsearch
# Version:         3.4 (Aug 2023)
# Pipeline mode:   SEARCH
# Query file:      /v3/work/00_inventory/busco/busco_downloads/lineages/plasmodium_odb10/hmms/2430at5820.hmm
# Target file:     /v3/inputs/annotations/ncbi-datasets/MHC087.proteins.fa
# Option settings: hmmsearch --domtblout /v3/work/00_inventory/busco/MHC087_proteins/run_plasmodium_odb10/hmmer_output/initial_run_results/2430at5820.out --cpu 1 /v3/work/00_inventory/busco/busco_downloads/lineages/plasmodium_odb10/hmms/2430at5820.hmm /v3/inputs/annotations/ncbi-datasets/MHC087.proteins.fa 
# Current dir:     /v3/work/00_inventory/busco
# Date:            Tue May 19 18:06:46 2026
# [ok]
