#                                                                                                             --- full sequence --- -------------- this domain -------------   hmm coord   ali coord   env coord
# target name                                         accession   tlen query name           accession   qlen   E-value  score  bias   #  of  c-Evalue  i-Evalue  score  bias  from    to  from    to  from    to  acc description of target
#                                 ------------------- ---------- ----- -------------------- ---------- ----- --------- ------ ----- --- --- --------- --------- ------ ----- ----- ----- ----- ----- ----- ----- ---- ---------------------
GCA_040114635.1|PVP01_1451200|PVP01_1451200.1|unknown -            763 2619at5820           -            622   1.5e-36  124.4  12.5   1   4   2.9e-30   1.3e-27   94.9   0.1     2   137    39   184    38   214 0.84 -
GCA_040114635.1|PVP01_1451200|PVP01_1451200.1|unknown -            763 2619at5820           -            622   1.5e-36  124.4  12.5   2   4     0.077        35    1.0   0.1   189   252   382   446   372   451 0.82 -
GCA_040114635.1|PVP01_1451200|PVP01_1451200.1|unknown -            763 2619at5820           -            622   1.5e-36  124.4  12.5   3   4   3.7e-06    0.0017   15.3   0.2   293   379   470   553   461   569 0.80 -
GCA_040114635.1|PVP01_1451200|PVP01_1451200.1|unknown -            763 2619at5820           -            622   1.5e-36  124.4  12.5   4   4   2.8e-07   0.00012   19.0   0.6   420   497   667   744   632   760 0.78 -
GCA_040114635.1|PVP01_1424700|PVP01_1424700.1|unknown -            771 2619at5820           -            622   3.4e-27   93.5   2.6   1   3   7.6e-30   3.4e-27   93.5   2.6     2   148   107   253   106   305 0.83 -
GCA_040114635.1|PVP01_1424700|PVP01_1424700.1|unknown -            771 2619at5820           -            622   3.4e-27   93.5   2.6   2   3     0.075        34    1.1   1.5   199   254   381   441   367   556 0.71 -
GCA_040114635.1|PVP01_1424700|PVP01_1424700.1|unknown -            771 2619at5820           -            622   3.4e-27   93.5   2.6   3   3         1   4.6e+02   -2.7   0.6   172   273   592   698   567   752 0.52 -
GCA_040114635.1|PVP01_1453500|PVP01_1453500.1|unknown -           1101 2619at5820           -            622   9.8e-26   88.7   1.8   1   3   2.2e-28   9.8e-26   88.7   1.8     3   142    24   165    22   188 0.88 -
GCA_040114635.1|PVP01_1453500|PVP01_1453500.1|unknown -           1101 2619at5820           -            622   9.8e-26   88.7   1.8   2   3      0.17        75   -0.1   0.1   198   231   463   496   446   518 0.82 -
GCA_040114635.1|PVP01_1453500|PVP01_1453500.1|unknown -           1101 2619at5820           -            622   9.8e-26   88.7   1.8   3   3      0.03        13    2.4   1.4   297   391   648   741   620   755 0.68 -
GCA_040114635.1|PVP01_1146500|PVP01_1146500.1|unknown -            975 2619at5820           -            622   9.7e-25   85.4   1.0   1   2   2.2e-27   9.7e-25   85.4   1.0     2   147    97   252    96   301 0.84 -
GCA_040114635.1|PVP01_1146500|PVP01_1146500.1|unknown -            975 2619at5820           -            622   9.7e-25   85.4   1.0   2   2      0.13        60    0.2   0.1   151   191   348   389   330   395 0.73 -
GCA_040114635.1|PVP01_1255900|PVP01_1255900.1|unknown -            832 2619at5820           -            622   2.3e-24   84.2   2.0   1   2   3.3e-25   1.5e-22   78.2   0.1     2   163    17   189    16   197 0.90 -
GCA_040114635.1|PVP01_1255900|PVP01_1255900.1|unknown -            832 2619at5820           -            622   2.3e-24   84.2   2.0   2   2    0.0037       1.7    5.4   0.1   284   384   464   560   418   581 0.69 -
GCA_040114635.1|PVP01_0803600|PVP01_0803600.1|unknown -           1250 2619at5820           -            622   1.9e-12   44.8   7.5   1   2   4.2e-15   1.9e-12   44.8   7.5    51   195   308   452   295   460 0.93 -
GCA_040114635.1|PVP01_0803600|PVP01_0803600.1|unknown -           1250 2619at5820           -            622   1.9e-12   44.8   7.5   2   2      0.25   1.1e+02   -0.6   0.0   296   332   455   492   452   495 0.86 -
GCA_040114635.1|PVP01_1223900|PVP01_1223900.1|unknown -            456 2619at5820           -            622   1.8e-10   38.4   0.2   1   1   5.2e-13   2.3e-10   37.9   0.2     6   131    74   201    69   238 0.86 -
GCA_040114635.1|PVP01_1142000|PVP01_1142000.1|unknown -           1001 2619at5820           -            622     3e-10   37.6   0.4   1   2   6.6e-13     3e-10   37.6   0.4     7   130   420   544   415   571 0.76 -
GCA_040114635.1|PVP01_1142000|PVP01_1142000.1|unknown -           1001 2619at5820           -            622     3e-10   37.6   0.4   2   2     0.028        13    2.5   1.2   186   250   879   941   796   976 0.84 -
GCA_040114635.1|PVP01_1114800|PVP01_1114800.1|unknown -            443 2619at5820           -            622   4.1e-09   33.8   0.1   1   1   1.5e-11   6.8e-09   33.1   0.1     5   140     8   170     4   200 0.63 -
GCA_040114635.1|PVP01_1114900|PVP01_1114900.1|unknown -            443 2619at5820           -            622   4.1e-09   33.8   0.1   1   1   1.5e-11   6.8e-09   33.1   0.1     5   140     8   170     4   200 0.63 -
GCA_040114635.1|PVP01_0204900|PVP01_0204900.1|unknown -            767 2619at5820           -            622   1.8e-06   25.1   1.1   1   2     0.048        22    1.7   0.0     6    36     5    35     2    50 0.72 -
GCA_040114635.1|PVP01_0204900|PVP01_0204900.1|unknown -            767 2619at5820           -            622   1.8e-06   25.1   1.1   2   2   4.1e-08   1.8e-05   21.8   0.4    69   131   123   185   118   204 0.91 -
GCA_040114635.1|PVP01_0924000|PVP01_0924000.1|unknown -            547 2619at5820           -            622   3.6e-05   20.8   0.9   1   2   1.2e-07   5.3e-05   20.2   0.1     6   145   113   276   109   290 0.72 -
GCA_040114635.1|PVP01_0924000|PVP01_0924000.1|unknown -            547 2619at5820           -            622   3.6e-05   20.8   0.9   2   2      0.81   3.6e+02   -2.3   0.1    17    42   474   499   462   514 0.52 -
GCA_040114635.1|PVP01_1411600|PVP01_1411600.1|unknown -            205 2619at5820           -            622    0.0028   14.6   0.0   1   1   7.1e-06    0.0032   14.4   0.0    92   183   108   200    75   204 0.74 -
GCA_040114635.1|PVP01_0945600|PVP01_0945600.1|unknown -            207 2619at5820           -            622    0.0033   14.3   0.1   1   1   8.1e-06    0.0036   14.2   0.1    69   185    63   182    24   192 0.73 -
#
# Program:         hmmsearch
# Version:         3.4 (Aug 2023)
# Pipeline mode:   SEARCH
# Query file:      /v3/work/00_inventory/busco/busco_downloads/lineages/plasmodium_odb10/hmms/2619at5820.hmm
# Target file:     /v3/inputs/annotations/ncbi-datasets/MHC087.proteins.fa
# Option settings: hmmsearch --domtblout /v3/work/00_inventory/busco/MHC087_proteins/run_plasmodium_odb10/hmmer_output/initial_run_results/2619at5820.out --cpu 1 /v3/work/00_inventory/busco/busco_downloads/lineages/plasmodium_odb10/hmms/2619at5820.hmm /v3/inputs/annotations/ncbi-datasets/MHC087.proteins.fa 
# Current dir:     /v3/work/00_inventory/busco
# Date:            Tue May 19 18:07:42 2026
# [ok]
