#                                                                                                             --- full sequence --- -------------- this domain -------------   hmm coord   ali coord   env coord
# target name                                         accession   tlen query name           accession   qlen   E-value  score  bias   #  of  c-Evalue  i-Evalue  score  bias  from    to  from    to  from    to  acc description of target
#                                 ------------------- ---------- ----- -------------------- ---------- ----- --------- ------ ----- --- --- --------- --------- ------ ----- ----- ----- ----- ----- ----- ----- ---- ---------------------
GCA_040114635.1|PVP01_0701800|PVP01_0701800.1|unknown -           2479 289at5820            -           1989         0 3739.9 199.9   1   4  6.6e-219  1.4e-215  717.2  56.7     1   452     1   572     1   583 0.92 -
GCA_040114635.1|PVP01_0701800|PVP01_0701800.1|unknown -           2479 289at5820            -           1989         0 3739.9 199.9   2   4  6.7e-174  1.4e-170  568.0  36.7   452   792   633  1037   629  1054 0.94 -
GCA_040114635.1|PVP01_0701800|PVP01_0701800.1|unknown -           2479 289at5820            -           1989         0 3739.9 199.9   3   4         0         0 2054.7  65.8   789  1756  1116  2202  1091  2208 0.98 -
GCA_040114635.1|PVP01_0701800|PVP01_0701800.1|unknown -           2479 289at5820            -           1989         0 3739.9 199.9   4   4  8.3e-129  1.7e-125  418.4  16.7  1754  1989  2233  2473  2227  2473 0.98 -
GCA_040114635.1|PVP01_1146800|PVP01_1146800.1|unknown -           1390 289at5820            -           1989   1.6e-19   67.1  11.8   1   3   9.8e-14   2.1e-10   36.9   0.2   846  1032   257   420   218   442 0.85 -
GCA_040114635.1|PVP01_1146800|PVP01_1146800.1|unknown -           1390 289at5820            -           1989   1.6e-19   67.1  11.8   2   3   6.3e-14   1.3e-10   37.5   0.1  1396  1481   573   665   544   704 0.82 -
GCA_040114635.1|PVP01_1146800|PVP01_1146800.1|unknown -           1390 289at5820            -           1989   1.6e-19   67.1  11.8   3   3      0.18   3.7e+02   -3.8   2.4  1942  1971  1065  1095  1011  1140 0.60 -
GCA_040114635.1|PVP01_0708400|PVP01_0708400.1|unknown -           1374 289at5820            -           1989   4.5e-16   55.6  14.5   1   4   2.7e-09   5.6e-06   22.1   6.2   848  1031   300   460   288   513 0.81 -
GCA_040114635.1|PVP01_0708400|PVP01_0708400.1|unknown -           1374 289at5820            -           1989   4.5e-16   55.6  14.5   2   4    0.0033       6.8    2.0   0.3  1236  1267   594   625   573   645 0.81 -
GCA_040114635.1|PVP01_0708400|PVP01_0708400.1|unknown -           1374 289at5820            -           1989   4.5e-16   55.6  14.5   3   4   3.9e-17   8.1e-14   48.2   1.2  1392  1483   666   764   640   809 0.80 -
GCA_040114635.1|PVP01_0708400|PVP01_0708400.1|unknown -           1374 289at5820            -           1989   4.5e-16   55.6  14.5   4   4      0.65   1.4e+03   -5.7   3.2  1575  1683  1123  1229  1118  1244 0.63 -
#
# Program:         hmmsearch
# Version:         3.4 (Aug 2023)
# Pipeline mode:   SEARCH
# Query file:      /v3/work/00_inventory/busco/busco_downloads/lineages/plasmodium_odb10/hmms/289at5820.hmm
# Target file:     /v3/inputs/annotations/ncbi-datasets/MHC087.proteins.fa
# Option settings: hmmsearch --domtblout /v3/work/00_inventory/busco/MHC087_proteins/run_plasmodium_odb10/hmmer_output/initial_run_results/289at5820.out --cpu 1 /v3/work/00_inventory/busco/busco_downloads/lineages/plasmodium_odb10/hmms/289at5820.hmm /v3/inputs/annotations/ncbi-datasets/MHC087.proteins.fa 
# Current dir:     /v3/work/00_inventory/busco
# Date:            Tue May 19 18:09:08 2026
# [ok]
