#                                                                                                             --- full sequence --- -------------- this domain -------------   hmm coord   ali coord   env coord
# target name                                         accession   tlen query name           accession   qlen   E-value  score  bias   #  of  c-Evalue  i-Evalue  score  bias  from    to  from    to  from    to  acc description of target
#                                 ------------------- ---------- ----- -------------------- ---------- ----- --------- ------ ----- --- --- --------- --------- ------ ----- ----- ----- ----- ----- ----- ----- ---- ---------------------
GCA_040114635.1|PVP01_1264100|PVP01_1264100.1|unknown -           3018 303at5820            -           2020         0 3406.9 397.4   1  12    1e-135  6.5e-132  439.9  58.5     6   274    41   341    38   355 0.88 -
GCA_040114635.1|PVP01_1264100|PVP01_1264100.1|unknown -           3018 303at5820            -           2020         0 3406.9 397.4   2  12  6.9e-124  4.3e-120  400.7  32.3   275   487   406   618   399   630 0.98 -
GCA_040114635.1|PVP01_1264100|PVP01_1264100.1|unknown -           3018 303at5820            -           2020         0 3406.9 397.4   3  12   3.2e-06      0.02   10.5   0.0   486   510   649   674   645   680 0.86 -
GCA_040114635.1|PVP01_1264100|PVP01_1264100.1|unknown -           3018 303at5820            -           2020         0 3406.9 397.4   4  12   8.2e-51   5.2e-47  158.4  12.7   512   626   760   875   755   888 0.92 -
GCA_040114635.1|PVP01_1264100|PVP01_1264100.1|unknown -           3018 303at5820            -           2020         0 3406.9 397.4   5  12     2e-86   1.2e-82  276.5   2.4   620   758  1078  1216  1057  1226 0.93 -
GCA_040114635.1|PVP01_1264100|PVP01_1264100.1|unknown -           3018 303at5820            -           2020         0 3406.9 397.4   6  12  1.3e-225  8.1e-222  738.1  71.3   751  1134  1261  1657  1251  1658 0.94 -
GCA_040114635.1|PVP01_1264100|PVP01_1264100.1|unknown -           3018 303at5820            -           2020         0 3406.9 397.4   7  12   1.7e-69   1.1e-65  220.3  28.5  1106  1279  1644  1845  1633  1852 0.79 -
GCA_040114635.1|PVP01_1264100|PVP01_1264100.1|unknown -           3018 303at5820            -           2020         0 3406.9 397.4   8  12   3.8e-15   2.4e-11   40.1   4.7  1275  1317  1887  1932  1883  1937 0.90 -
GCA_040114635.1|PVP01_1264100|PVP01_1264100.1|unknown -           3018 303at5820            -           2020         0 3406.9 397.4   9  12  6.6e-182  4.1e-178  593.1  66.1  1326  1646  2052  2399  2048  2405 0.95 -
GCA_040114635.1|PVP01_1264100|PVP01_1264100.1|unknown -           3018 303at5820            -           2020         0 3406.9 397.4  10  12   2.6e-62   1.7e-58  196.5  10.1  1642  1751  2421  2538  2410  2543 0.91 -
GCA_040114635.1|PVP01_1264100|PVP01_1264100.1|unknown -           3018 303at5820            -           2020         0 3406.9 397.4  11  12   2.9e-65   1.8e-61  206.3  20.2  1750  1861  2598  2715  2595  2719 0.94 -
GCA_040114635.1|PVP01_1264100|PVP01_1264100.1|unknown -           3018 303at5820            -           2020         0 3406.9 397.4  12  12   2.9e-57   1.8e-53  179.8  13.6  1861  1970  2752  2866  2748  2873 0.95 -
#
# Program:         hmmsearch
# Version:         3.4 (Aug 2023)
# Pipeline mode:   SEARCH
# Query file:      /v3/work/00_inventory/busco/busco_downloads/lineages/plasmodium_odb10/hmms/303at5820.hmm
# Target file:     /v3/inputs/annotations/ncbi-datasets/MHC087.proteins.fa
# Option settings: hmmsearch --domtblout /v3/work/00_inventory/busco/MHC087_proteins/run_plasmodium_odb10/hmmer_output/initial_run_results/303at5820.out --cpu 1 /v3/work/00_inventory/busco/busco_downloads/lineages/plasmodium_odb10/hmms/303at5820.hmm /v3/inputs/annotations/ncbi-datasets/MHC087.proteins.fa 
# Current dir:     /v3/work/00_inventory/busco
# Date:            Tue May 19 18:09:47 2026
# [ok]
