#                                                                                                             --- full sequence --- -------------- this domain -------------   hmm coord   ali coord   env coord
# target name                                         accession   tlen query name           accession   qlen   E-value  score  bias   #  of  c-Evalue  i-Evalue  score  bias  from    to  from    to  from    to  acc description of target
#                                 ------------------- ---------- ----- -------------------- ---------- ----- --------- ------ ----- --- --- --------- --------- ------ ----- ----- ----- ----- ----- ----- ----- ---- ---------------------
GCA_040114635.1|PVP01_0315000|PVP01_0315000.1|unknown -            866 3221at5820           -            511  1.5e-203  675.8  17.6   1   3    2e-109  1.8e-106  355.6   1.6     1   164     1   169     1   173 0.97 -
GCA_040114635.1|PVP01_0315000|PVP01_0315000.1|unknown -            866 3221at5820           -            511  1.5e-203  675.8  17.6   2   3   2.4e-23   2.1e-20   71.6   0.3   334   390   613   671   605   676 0.89 -
GCA_040114635.1|PVP01_0315000|PVP01_0315000.1|unknown -            866 3221at5820           -            511  1.5e-203  675.8  17.6   3   3   7.8e-80     7e-77  257.9   2.8   385   511   737   863   728   863 0.98 -
GCA_040114635.1|PVP01_1336400|PVP01_1336400.1|unknown -            376 3221at5820           -            511   1.3e-22   78.8   0.1   1   3     6e-06    0.0054   14.2   0.0    11   146     7   142     3   152 0.75 -
GCA_040114635.1|PVP01_1336400|PVP01_1336400.1|unknown -            376 3221at5820           -            511   1.3e-22   78.8   0.1   2   3   3.6e-07   0.00032   18.2   0.1   248   330   154   238   146   243 0.75 -
GCA_040114635.1|PVP01_1336400|PVP01_1336400.1|unknown -            376 3221at5820           -            511   1.3e-22   78.8   0.1   3   3   9.2e-15   8.2e-12   43.2   0.0   390   510   247   366   240   367 0.94 -
GCA_040114635.1|PVP01_0210900|PVP01_0210900.1|unknown -            379 3221at5820           -            511   1.4e-22   78.8   0.7   1   3   5.8e-05     0.052   10.9   0.0    12   148    14   149     9   160 0.71 -
GCA_040114635.1|PVP01_0210900|PVP01_0210900.1|unknown -            379 3221at5820           -            511   1.4e-22   78.8   0.7   2   3   8.1e-07   0.00073   17.0   0.2   258   326   169   239   152   243 0.75 -
GCA_040114635.1|PVP01_0210900|PVP01_0210900.1|unknown -            379 3221at5820           -            511   1.4e-22   78.8   0.7   3   3   4.4e-16     4e-13   47.6   0.0   394   504   254   363   249   372 0.88 -
GCA_040114635.1|PVP01_0911500|PVP01_0911500.1|unknown -            378 3221at5820           -            511   4.1e-21   73.9   0.0   1   3   7.4e-09   6.7e-06   23.7   0.0     9   145     3   133     1   143 0.83 -
GCA_040114635.1|PVP01_0911500|PVP01_0911500.1|unknown -            378 3221at5820           -            511   4.1e-21   73.9   0.0   2   3    0.0034         3    5.1   0.0   245   319   142   218   137   228 0.83 -
GCA_040114635.1|PVP01_0911500|PVP01_0911500.1|unknown -            378 3221at5820           -            511   4.1e-21   73.9   0.0   3   3   1.5e-14   1.3e-11   42.6   0.0   380   489   230   341   216   361 0.85 -
GCA_040114635.1|PVP01_1463200|PVP01_1463200.1|unknown -            376 3221at5820           -            511   8.2e-19   66.3   0.0   1   3   0.00025      0.23    8.8   0.0     9   145     6   142     3   153 0.77 -
GCA_040114635.1|PVP01_1463200|PVP01_1463200.1|unknown -            376 3221at5820           -            511   8.2e-19   66.3   0.0   2   3   2.5e-06    0.0022   15.4   0.0   248   324   155   233   145   246 0.78 -
GCA_040114635.1|PVP01_1463200|PVP01_1463200.1|unknown -            376 3221at5820           -            511   8.2e-19   66.3   0.0   3   3   1.3e-13   1.2e-10   39.4   0.0   389   510   246   366   233   367 0.91 -
GCA_040114635.1|PVP01_0309200|PVP01_0309200.1|unknown -            414 3221at5820           -            511   3.5e-07   28.0   8.5   1   2   4.5e-06     0.004   14.6   2.8   225   324   155   251   106   270 0.77 -
GCA_040114635.1|PVP01_0309200|PVP01_0309200.1|unknown -            414 3221at5820           -            511   3.5e-07   28.0   8.5   2   2   1.1e-06     0.001   16.6   0.4   415   508   298   396   263   399 0.74 -
GCA_040114635.1|PVP01_0709200|PVP01_0709200.1|unknown -            573 3221at5820           -            511   3.3e-05   21.4   2.0   1   2      0.54   4.8e+02   -2.2   0.0   235   302   263   335   253   385 0.66 -
GCA_040114635.1|PVP01_0709200|PVP01_0709200.1|unknown -            573 3221at5820           -            511   3.3e-05   21.4   2.0   2   2   3.9e-08   3.5e-05   21.4   0.6   417   509   457   556   448   558 0.83 -
#
# Program:         hmmsearch
# Version:         3.4 (Aug 2023)
# Pipeline mode:   SEARCH
# Query file:      /v3/work/00_inventory/busco/busco_downloads/lineages/plasmodium_odb10/hmms/3221at5820.hmm
# Target file:     /v3/inputs/annotations/ncbi-datasets/MHC087.proteins.fa
# Option settings: hmmsearch --domtblout /v3/work/00_inventory/busco/MHC087_proteins/run_plasmodium_odb10/hmmer_output/initial_run_results/3221at5820.out --cpu 1 /v3/work/00_inventory/busco/busco_downloads/lineages/plasmodium_odb10/hmms/3221at5820.hmm /v3/inputs/annotations/ncbi-datasets/MHC087.proteins.fa 
# Current dir:     /v3/work/00_inventory/busco
# Date:            Tue May 19 18:06:12 2026
# [ok]
