#                                                                                                             --- full sequence --- -------------- this domain -------------   hmm coord   ali coord   env coord
# target name                                         accession   tlen query name           accession   qlen   E-value  score  bias   #  of  c-Evalue  i-Evalue  score  bias  from    to  from    to  from    to  acc description of target
#                                 ------------------- ---------- ----- -------------------- ---------- ----- --------- ------ ----- --- --- --------- --------- ------ ----- ----- ----- ----- ----- ----- ----- ---- ---------------------
GCA_040114635.1|PVP01_1140700|PVP01_1140700.1|unknown -           1217 3276at5820           -            743  4.3e-193  642.1  31.4   1   5   3.2e-35   2.8e-32  110.3   0.5     1    74    71   144    71   150 0.98 -
GCA_040114635.1|PVP01_1140700|PVP01_1140700.1|unknown -           1217 3276at5820           -            743  4.3e-193  642.1  31.4   2   5   1.9e-29   1.7e-26   91.2   0.0    71   135   182   246   175   252 0.93 -
GCA_040114635.1|PVP01_1140700|PVP01_1140700.1|unknown -           1217 3276at5820           -            743  4.3e-193  642.1  31.4   3   5   1.3e-08   1.2e-05   22.3   0.0   134   164   268   298   264   306 0.90 -
GCA_040114635.1|PVP01_1140700|PVP01_1140700.1|unknown -           1217 3276at5820           -            743  4.3e-193  642.1  31.4   4   5   1.2e-87     1e-84  283.7  13.6   164   332   339   508   336   511 0.98 -
GCA_040114635.1|PVP01_1140700|PVP01_1140700.1|unknown -           1217 3276at5820           -            743  4.3e-193  642.1  31.4   5   5     4e-45   3.6e-42  143.1   1.6   332   433   544   658   540   662 0.89 -
GCA_040114635.1|PVP01_1439800|PVP01_1439800.1|unknown -            836 3276at5820           -            743     1e-12   45.7  46.7   1   4   8.6e-07   0.00078   16.3   5.3   173   269   113   205   101   218 0.53 -
GCA_040114635.1|PVP01_1439800|PVP01_1439800.1|unknown -            836 3276at5820           -            743     1e-12   45.7  46.7   2   4    0.0017       1.6    5.4   0.2   455   496   191   232   185   232 0.77 -
GCA_040114635.1|PVP01_1439800|PVP01_1439800.1|unknown -            836 3276at5820           -            743     1e-12   45.7  46.7   3   4   9.7e-07   0.00087   16.1  13.2   336   480   224   375   219   384 0.77 -
GCA_040114635.1|PVP01_1439800|PVP01_1439800.1|unknown -            836 3276at5820           -            743     1e-12   45.7  46.7   4   4   9.5e-09   8.5e-06   22.8  13.2   166   279   379   489   370   506 0.89 -
GCA_040114635.1|PVP01_1312800|PVP01_1312800.1|unknown -            857 3276at5820           -            743     3e-07   27.6   5.9   1   5      0.59   5.3e+02   -3.0   0.1   449   480   200   231   198   246 0.71 -
GCA_040114635.1|PVP01_1312800|PVP01_1312800.1|unknown -            857 3276at5820           -            743     3e-07   27.6   5.9   2   5     0.018        16    2.0   2.7   334   392   277   340   268   359 0.79 -
GCA_040114635.1|PVP01_1312800|PVP01_1312800.1|unknown -            857 3276at5820           -            743     3e-07   27.6   5.9   3   5      0.75   6.7e+02   -3.3   4.3    60   120   569   631   518   652 0.49 -
GCA_040114635.1|PVP01_1312800|PVP01_1312800.1|unknown -            857 3276at5820           -            743     3e-07   27.6   5.9   4   5      0.28   2.6e+02   -1.9   5.2   313   388   639   716   633   738 0.75 -
GCA_040114635.1|PVP01_1312800|PVP01_1312800.1|unknown -            857 3276at5820           -            743     3e-07   27.6   5.9   5   5   3.4e-10     3e-07   27.6   5.9   342   409   774   841   752   847 0.91 -
GCA_040114635.1|PVP01_0713700|PVP01_0713700.1|unknown -            718 3276at5820           -            743   0.00019   18.4   2.5   1   4   2.1e-07   0.00019   18.4   2.5   331   408    70   148    60   190 0.87 -
GCA_040114635.1|PVP01_0713700|PVP01_0713700.1|unknown -            718 3276at5820           -            743   0.00019   18.4   2.5   2   4      0.01       9.3    2.8   0.1   166   193   385   412   378   433 0.74 -
GCA_040114635.1|PVP01_0713700|PVP01_0713700.1|unknown -            718 3276at5820           -            743   0.00019   18.4   2.5   3   4     0.064        57    0.2   0.0   452   500   431   479   416   487 0.79 -
GCA_040114635.1|PVP01_0713700|PVP01_0713700.1|unknown -            718 3276at5820           -            743   0.00019   18.4   2.5   4   4    0.0097       8.7    2.9   3.9   441   530   525   615   522   632 0.85 -
GCA_040114635.1|PVP01_1224700|PVP01_1224700.1|unknown -           1038 3276at5820           -            743    0.0041   13.9   4.4   1   4      0.15   1.4e+02   -1.0   0.2   471   525    89   145    82   160 0.79 -
GCA_040114635.1|PVP01_1224700|PVP01_1224700.1|unknown -           1038 3276at5820           -            743    0.0041   13.9   4.4   2   4     0.079        71   -0.1   0.0    79   114   145   180   124   184 0.83 -
GCA_040114635.1|PVP01_1224700|PVP01_1224700.1|unknown -           1038 3276at5820           -            743    0.0041   13.9   4.4   3   4   0.00025      0.22    8.2   0.0   344   392   267   316   248   325 0.86 -
GCA_040114635.1|PVP01_1224700|PVP01_1224700.1|unknown -           1038 3276at5820           -            743    0.0041   13.9   4.4   4   4    0.0034       3.1    4.4   0.2   206   286   444   524   430   531 0.82 -
GCA_040114635.1|PVP01_0603000|PVP01_0603000.1|unknown -            950 3276at5820           -            743      0.12    9.1   0.3   1   2   0.00076      0.69    6.6   0.0    34    63    87   117    71   143 0.75 -
GCA_040114635.1|PVP01_0603000|PVP01_0603000.1|unknown -            950 3276at5820           -            743      0.12    9.1   0.3   2   2     0.069        62    0.1   0.1    24    51   200   227   184   241 0.65 -
GCA_040114635.1|PVP01_1444700|PVP01_1444700.1|unknown -           1233 3276at5820           -            743      0.15    8.8  10.2   1   2     0.076        69   -0.0   0.1   234   281   273   320   249   327 0.58 -
GCA_040114635.1|PVP01_1444700|PVP01_1444700.1|unknown -           1233 3276at5820           -            743      0.15    8.8  10.2   2   2   0.00013      0.12    9.1   6.8   342   442   405   507   403   559 0.70 -
#
# Program:         hmmsearch
# Version:         3.4 (Aug 2023)
# Pipeline mode:   SEARCH
# Query file:      /v3/work/00_inventory/busco/busco_downloads/lineages/plasmodium_odb10/hmms/3276at5820.hmm
# Target file:     /v3/inputs/annotations/ncbi-datasets/MHC087.proteins.fa
# Option settings: hmmsearch --domtblout /v3/work/00_inventory/busco/MHC087_proteins/run_plasmodium_odb10/hmmer_output/initial_run_results/3276at5820.out --cpu 1 /v3/work/00_inventory/busco/busco_downloads/lineages/plasmodium_odb10/hmms/3276at5820.hmm /v3/inputs/annotations/ncbi-datasets/MHC087.proteins.fa 
# Current dir:     /v3/work/00_inventory/busco
# Date:            Tue May 19 18:06:23 2026
# [ok]
