#                                                                                                             --- full sequence --- -------------- this domain -------------   hmm coord   ali coord   env coord
# target name                                         accession   tlen query name           accession   qlen   E-value  score  bias   #  of  c-Evalue  i-Evalue  score  bias  from    to  from    to  from    to  acc description of target
#                                 ------------------- ---------- ----- -------------------- ---------- ----- --------- ------ ----- --- --- --------- --------- ------ ----- ----- ----- ----- ----- ----- ----- ---- ---------------------
GCA_040114635.1|PVP01_1336200|PVP01_1336200.1|unknown -           1159 3420at5820           -            717  7.3e-195  647.6  33.7   1   4   2.4e-17   7.7e-15   52.5   0.6     1    64    22    98    22   104 0.90 -
GCA_040114635.1|PVP01_1336200|PVP01_1336200.1|unknown -           1159 3420at5820           -            717  7.3e-195  647.6  33.7   2   4   7.4e-35   2.3e-32  110.4   0.0    62   171   140   274   132   278 0.81 -
GCA_040114635.1|PVP01_1336200|PVP01_1336200.1|unknown -           1159 3420at5820           -            717  7.3e-195  647.6  33.7   3   4   7.1e-44   2.2e-41  140.2   5.1   162   242   341   421   332   426 0.96 -
GCA_040114635.1|PVP01_1336200|PVP01_1336200.1|unknown -           1159 3420at5820           -            717  7.3e-195  647.6  33.7   4   4  1.2e-108  3.9e-106  354.3  12.5   234   418   451   636   445   639 0.97 -
GCA_040114635.1|PVP01_1130100|PVP01_1130100.1|unknown -            822 3420at5820           -            717  2.5e-126  421.1   0.0   1   2   1.4e-53   4.4e-51  172.3   0.0   448   677   206   430   200   435 0.95 -
GCA_040114635.1|PVP01_1130100|PVP01_1130100.1|unknown -            822 3420at5820           -            717  2.5e-126  421.1   0.0   2   2   3.8e-76   1.2e-73  246.9   0.0   405   687   436   714   430   732 0.92 -
GCA_040114635.1|PVP01_0111400|PVP01_0111400.1|unknown -           1087 3420at5820           -            717   5.7e-63  211.6   0.3   1   1   2.3e-65   7.1e-63  211.3   0.3   490   678   835  1019   830  1026 0.93 -
GCA_040114635.1|PVP01_0520100|PVP01_0520100.1|unknown -            392 3420at5820           -            717   3.7e-55  185.8   0.1   1   1   3.4e-57   1.1e-54  184.3   0.0   437   676   125   363    94   382 0.89 -
GCA_040114635.1|PVP01_1407300|PVP01_1407300.1|unknown -            393 3420at5820           -            717   2.7e-54  182.9   0.5   1   2       1.2   3.9e+02   -2.7   1.4    66   114    15    67     5    71 0.63 -
GCA_040114635.1|PVP01_1407300|PVP01_1407300.1|unknown -            393 3420at5820           -            717   2.7e-54  182.9   0.5   2   2   8.7e-57   2.7e-54  182.9   0.5   445   676   133   362   122   383 0.89 -
GCA_040114635.1|PVP01_1466000|PVP01_1466000.1|unknown -            424 3420at5820           -            717   8.3e-53  178.0   0.0   1   1   3.6e-55   1.1e-52  177.6   0.0   442   704   161   416   116   424 0.87 -
GCA_040114635.1|PVP01_0808100|PVP01_0808100.1|unknown -            447 3420at5820           -            717   1.1e-49  167.6   0.0   1   1   5.4e-52   1.7e-49  167.1   0.0   445   687   188   429   174   440 0.90 -
GCA_040114635.1|PVP01_0931200|PVP01_0931200.1|unknown -            441 3420at5820           -            717   4.5e-49  165.7   0.1   1   2       1.1   3.4e+02   -2.5   0.8    59    98    30    69    10    86 0.47 -
GCA_040114635.1|PVP01_0931200|PVP01_0931200.1|unknown -            441 3420at5820           -            717   4.5e-49  165.7   0.1   2   2   3.7e-51   1.2e-48  164.3   0.0   441   676   180   413   172   439 0.90 -
GCA_040114635.1|PVP01_1457800|PVP01_1457800.1|unknown -            896 3420at5820           -            717   5.8e-48  162.0   0.0   1   1   3.3e-50     1e-47  161.2   0.0   448   682   160   392   142   401 0.84 -
GCA_040114635.1|PVP01_1412500|PVP01_1412500.1|unknown -            420 3420at5820           -            717   6.3e-46  155.3   0.0   1   1   2.7e-48   8.3e-46  154.9   0.0   444   679   157   390   135   412 0.88 -
GCA_040114635.1|PVP01_1241900|PVP01_1241900.1|unknown -            702 3420at5820           -            717   3.9e-45  152.7   0.2   1   1   3.1e-47   9.9e-45  151.3   0.2   440   678   241   473   227   513 0.88 -
GCA_040114635.1|PVP01_0920200|PVP01_0920200.1|unknown -            950 3420at5820           -            717   1.3e-42  144.3   0.1   1   1   5.8e-45   1.8e-42  143.8   0.1   433   696   389   650   311   672 0.80 -
GCA_040114635.1|PVP01_0307200|PVP01_0307200.1|unknown -            700 3420at5820           -            717   1.8e-41  140.5   2.1   1   1   8.4e-44   2.6e-41  140.0   2.1   444   666   419   639   375   651 0.82 -
GCA_040114635.1|PVP01_0837200|PVP01_0837200.1|unknown -            785 3420at5820           -            717   3.4e-40  136.3  12.4   1   3       1.9   5.9e+02   -3.3   0.2   287   349    61   119    54   150 0.63 -
GCA_040114635.1|PVP01_0837200|PVP01_0837200.1|unknown -            785 3420at5820           -            717   3.4e-40  136.3  12.4   2   3   4.3e-42   1.4e-39  134.3   0.4   467   675   276   492   262   534 0.80 -
GCA_040114635.1|PVP01_0837200|PVP01_0837200.1|unknown -            785 3420at5820           -            717   3.4e-40  136.3  12.4   3   3   0.00019     0.059    9.9   1.5   472   617   560   705   509   720 0.76 -
GCA_040114635.1|PVP01_1249400|PVP01_1249400.1|unknown -            442 3420at5820           -            717   1.1e-34  118.2   2.6   1   1   4.4e-37   1.4e-34  117.8   2.6   369   609    30   276     4   284 0.79 -
GCA_040114635.1|PVP01_1426000|PVP01_1426000.1|unknown -           1064 3420at5820           -            717   1.1e-30  104.8   1.0   1   1   4.8e-33   1.5e-30  104.4   1.0   531   626   650   746   648   746 0.95 -
GCA_040114635.1|PVP01_0116700|PVP01_0116700.1|unknown -           1204 3420at5820           -            717   2.1e-21   74.2   2.1   1   3      0.91   2.9e+02   -2.3   1.0    42   120   507   544   449   572 0.61 -
GCA_040114635.1|PVP01_0116700|PVP01_0116700.1|unknown -           1204 3420at5820           -            717   2.1e-21   74.2   2.1   2   3   8.6e-17   2.7e-14   50.7   0.0   458   581   604   735   592   749 0.78 -
GCA_040114635.1|PVP01_0116700|PVP01_0116700.1|unknown -           1204 3420at5820           -            717   2.1e-21   74.2   2.1   3   3   3.8e-08   1.2e-05   22.1   0.0   565   626   799   863   791   873 0.56 -
GCA_040114635.1|PVP01_0940200|PVP01_0940200.1|unknown -            627 3420at5820           -            717   4.1e-14   50.1   0.3   1   1   1.9e-16   6.1e-14   49.5   0.3   479   631   341   512   325   558 0.80 -
GCA_040114635.1|PVP01_0107600|PVP01_0107600.1|unknown -            665 3420at5820           -            717   9.6e-13   45.6   0.1   1   2   3.1e-15   9.6e-13   45.6   0.1   484   604   344   467   334   483 0.76 -
GCA_040114635.1|PVP01_0107600|PVP01_0107600.1|unknown -            665 3420at5820           -            717   9.6e-13   45.6   0.1   2   2    0.0049       1.6    5.2   0.2   411   465   484   540   478   553 0.85 -
GCA_040114635.1|PVP01_1145700|PVP01_1145700.1|unknown -            483 3420at5820           -            717   1.5e-09   35.0   0.0   1   2   7.1e-05     0.022   11.3   0.0   192   221   245   274   225   304 0.68 -
GCA_040114635.1|PVP01_1145700|PVP01_1145700.1|unknown -            483 3420at5820           -            717   1.5e-09   35.0   0.0   2   2   6.1e-08   1.9e-05   21.5   0.0   571   642   367   436   348   446 0.81 -
#
# Program:         hmmsearch
# Version:         3.4 (Aug 2023)
# Pipeline mode:   SEARCH
# Query file:      /v3/work/00_inventory/busco/busco_downloads/lineages/plasmodium_odb10/hmms/3420at5820.hmm
# Target file:     /v3/inputs/annotations/ncbi-datasets/MHC087.proteins.fa
# Option settings: hmmsearch --domtblout /v3/work/00_inventory/busco/MHC087_proteins/run_plasmodium_odb10/hmmer_output/initial_run_results/3420at5820.out --cpu 1 /v3/work/00_inventory/busco/busco_downloads/lineages/plasmodium_odb10/hmms/3420at5820.hmm /v3/inputs/annotations/ncbi-datasets/MHC087.proteins.fa 
# Current dir:     /v3/work/00_inventory/busco
# Date:            Tue May 19 18:06:59 2026
# [ok]
