#                                                                                                             --- full sequence --- -------------- this domain -------------   hmm coord   ali coord   env coord
# target name                                         accession   tlen query name           accession   qlen   E-value  score  bias   #  of  c-Evalue  i-Evalue  score  bias  from    to  from    to  from    to  acc description of target
#                                 ------------------- ---------- ----- -------------------- ---------- ----- --------- ------ ----- --- --- --------- --------- ------ ----- ----- ----- ----- ----- ----- ----- ---- ---------------------
GCA_040114635.1|PVP01_1263600|PVP01_1263600.1|unknown -            839 3489at5820           -            618         0 1072.9  99.0   1   6   2.3e-88   1.8e-85  286.2  18.3     1   157     1   165     1   171 0.95 -
GCA_040114635.1|PVP01_1263600|PVP01_1263600.1|unknown -            839 3489at5820           -            618         0 1072.9  99.0   2   6   1.7e-81   1.3e-78  263.5   2.4   156   306   197   358   190   366 0.93 -
GCA_040114635.1|PVP01_1263600|PVP01_1263600.1|unknown -            839 3489at5820           -            618         0 1072.9  99.0   3   6   5.7e-66   4.5e-63  212.2  25.7   300   416   400   516   383   537 0.91 -
GCA_040114635.1|PVP01_1263600|PVP01_1263600.1|unknown -            839 3489at5820           -            618         0 1072.9  99.0   4   6     1e-11     8e-09   33.0   6.3   414   468   540   599   524   614 0.76 -
GCA_040114635.1|PVP01_1263600|PVP01_1263600.1|unknown -            839 3489at5820           -            618         0 1072.9  99.0   5   6   3.3e-35   2.6e-32  110.6   4.3   448   519   621   691   602   703 0.90 -
GCA_040114635.1|PVP01_1263600|PVP01_1263600.1|unknown -            839 3489at5820           -            618         0 1072.9  99.0   6   6   3.4e-61   2.7e-58  196.5   4.6   512   618   720   839   705   839 0.87 -
GCA_040114635.1|PVP01_0507600|PVP01_0507600.1|unknown -            322 3489at5820           -            618   9.1e-07   26.3   2.0   1   4   5.6e-05     0.044   10.8   0.0   334   388    87   142    49   153 0.80 -
GCA_040114635.1|PVP01_0507600|PVP01_0507600.1|unknown -            322 3489at5820           -            618   9.1e-07   26.3   2.0   2   4     0.036        28    1.5   0.0   217   253   152   189   143   199 0.69 -
GCA_040114635.1|PVP01_0507600|PVP01_0507600.1|unknown -            322 3489at5820           -            618   9.1e-07   26.3   2.0   3   4   5.9e-05     0.046   10.7   0.0    64   134   203   271   191   289 0.84 -
GCA_040114635.1|PVP01_0507600|PVP01_0507600.1|unknown -            322 3489at5820           -            618   9.1e-07   26.3   2.0   4   4      0.19   1.5e+02   -0.9   0.0    67    90   294   317   284   321 0.84 -
GCA_040114635.1|PVP01_1023200|PVP01_1023200.1|unknown -            646 3489at5820           -            618   1.2e-06   25.9   3.8   1   3         8   6.3e+03  -25.6  29.8   304   331    65    94    16   320 0.48 -
GCA_040114635.1|PVP01_1023200|PVP01_1023200.1|unknown -            646 3489at5820           -            618   1.2e-06   25.9   3.8   2   3   4.3e-06    0.0034   14.5   0.1   301   393   390   483   358   507 0.77 -
GCA_040114635.1|PVP01_1023200|PVP01_1023200.1|unknown -            646 3489at5820           -            618   1.2e-06   25.9   3.8   3   3   5.3e-08   4.2e-05   20.8   0.8    54   142   526   614   508   631 0.88 -
GCA_040114635.1|PVP01_0837800|PVP01_0837800.1|unknown -            595 3489at5820           -            618   1.3e-06   25.8   0.4   1   5         8   6.3e+03   -8.2  12.1   324   467    46   187    38   209 0.52 -
GCA_040114635.1|PVP01_0837800|PVP01_0837800.1|unknown -            595 3489at5820           -            618   1.3e-06   25.8   0.4   2   5   1.6e-09   1.3e-06   25.8   0.4    74   140   294   360   279   366 0.86 -
GCA_040114635.1|PVP01_0837800|PVP01_0837800.1|unknown -            595 3489at5820           -            618   1.3e-06   25.8   0.4   3   5    0.0013         1    6.3   0.1   224   254   368   397   356   416 0.68 -
GCA_040114635.1|PVP01_0837800|PVP01_0837800.1|unknown -            595 3489at5820           -            618   1.3e-06   25.8   0.4   4   5     0.043        34    1.3   0.1    77   156   423   501   407   512 0.71 -
GCA_040114635.1|PVP01_0837800|PVP01_0837800.1|unknown -            595 3489at5820           -            618   1.3e-06   25.8   0.4   5   5      0.71   5.6e+02   -2.8   0.0   543   572   511   540   503   557 0.80 -
GCA_040114635.1|PVP01_0946700|PVP01_0946700.1|unknown -            660 3489at5820           -            618     4e-06   24.1   9.7   1   5    0.0057       4.5    4.2   0.3   184   253    81   153    46   164 0.66 -
GCA_040114635.1|PVP01_0946700|PVP01_0946700.1|unknown -            660 3489at5820           -            618     4e-06   24.1   9.7   2   5   0.00052      0.41    7.6   0.0    59   107   162   210   153   215 0.85 -
GCA_040114635.1|PVP01_0946700|PVP01_0946700.1|unknown -            660 3489at5820           -            618     4e-06   24.1   9.7   3   5     0.014        11    2.9   1.4   333   456   341   471   335   488 0.72 -
GCA_040114635.1|PVP01_0946700|PVP01_0946700.1|unknown -            660 3489at5820           -            618     4e-06   24.1   9.7   4   5   5.6e-05     0.044   10.8   0.0    64   131   498   565   484   576 0.91 -
GCA_040114635.1|PVP01_0946700|PVP01_0946700.1|unknown -            660 3489at5820           -            618     4e-06   24.1   9.7   5   5       0.2   1.5e+02   -0.9   0.0   236   249   645   658   614   659 0.69 -
GCA_040114635.1|PVP01_1259000|PVP01_1259000.1|unknown -           1228 3489at5820           -            618   9.8e-06   22.9   1.8   1   1   1.7e-08   1.4e-05   22.4   1.8    55   136    60   142    47   154 0.89 -
GCA_040114635.1|PVP01_0308500|PVP01_0308500.1|unknown -            504 3489at5820           -            618   5.5e-05   20.4   8.5   1   3   2.2e-05     0.017   12.1   0.3   201   252    46    97    31   107 0.88 -
GCA_040114635.1|PVP01_0308500|PVP01_0308500.1|unknown -            504 3489at5820           -            618   5.5e-05   20.4   8.5   2   3     2e-07   0.00016   18.8   0.4    79   129    85   135    68   142 0.86 -
GCA_040114635.1|PVP01_0308500|PVP01_0308500.1|unknown -            504 3489at5820           -            618   5.5e-05   20.4   8.5   3   3     0.013        11    2.9   1.8   327   442   351   466   308   485 0.68 -
GCA_040114635.1|PVP01_0519300|PVP01_0519300.1|unknown -            458 3489at5820           -            618   6.3e-05   20.2   0.3   1   2      0.54   4.2e+02   -2.4   0.0   327   351   158   182   149   186 0.66 -
GCA_040114635.1|PVP01_0519300|PVP01_0519300.1|unknown -            458 3489at5820           -            618   6.3e-05   20.2   0.3   2   2   1.7e-07   0.00013   19.1   0.1   194   255   299   361   291   412 0.75 -
#
# Program:         hmmsearch
# Version:         3.4 (Aug 2023)
# Pipeline mode:   SEARCH
# Query file:      /v3/work/00_inventory/busco/busco_downloads/lineages/plasmodium_odb10/hmms/3489at5820.hmm
# Target file:     /v3/inputs/annotations/ncbi-datasets/MHC087.proteins.fa
# Option settings: hmmsearch --domtblout /v3/work/00_inventory/busco/MHC087_proteins/run_plasmodium_odb10/hmmer_output/initial_run_results/3489at5820.out --cpu 1 /v3/work/00_inventory/busco/busco_downloads/lineages/plasmodium_odb10/hmms/3489at5820.hmm /v3/inputs/annotations/ncbi-datasets/MHC087.proteins.fa 
# Current dir:     /v3/work/00_inventory/busco
# Date:            Tue May 19 18:07:11 2026
# [ok]
