#                                                                                                             --- full sequence --- -------------- this domain -------------   hmm coord   ali coord   env coord
# target name                                         accession   tlen query name           accession   qlen   E-value  score  bias   #  of  c-Evalue  i-Evalue  score  bias  from    to  from    to  from    to  acc description of target
#                                 ------------------- ---------- ----- -------------------- ---------- ----- --------- ------ ----- --- --- --------- --------- ------ ----- ----- ----- ----- ----- ----- ----- ---- ---------------------
GCA_040114635.1|PVP01_1241900|PVP01_1241900.1|unknown -            702 3507at5820           -            595         0 1300.5  28.7   1   2   2.1e-40   6.2e-38  129.0   8.8     9    79    42   117    36   124 0.93 -
GCA_040114635.1|PVP01_1241900|PVP01_1241900.1|unknown -            702 3507at5820           -            595         0 1300.5  28.7   2   2         0         0 1177.5  11.9    79   595   178   702   157   702 0.98 -
GCA_040114635.1|PVP01_1457800|PVP01_1457800.1|unknown -            896 3507at5820           -            595    8e-110  366.4   0.1   1   1  2.7e-112    8e-110  366.4   0.1   141   570   159   601   148   608 0.91 -
GCA_040114635.1|PVP01_1130100|PVP01_1130100.1|unknown -            822 3507at5820           -            595   8.1e-97  323.5   0.0   1   2   1.9e-48   5.5e-46  155.6   0.0   140   371   204   436   199   452 0.96 -
GCA_040114635.1|PVP01_1130100|PVP01_1130100.1|unknown -            822 3507at5820           -            595   8.1e-97  323.5   0.0   2   2   1.6e-51   4.7e-49  165.7   0.0   132   371   471   712   450   759 0.88 -
GCA_040114635.1|PVP01_0920200|PVP01_0920200.1|unknown -            950 3507at5820           -            595   1.7e-94  315.8   0.0   1   1     1e-96   3.1e-94  314.9   0.0   138   566   397   841   324   854 0.87 -
GCA_040114635.1|PVP01_1412500|PVP01_1412500.1|unknown -            420 3507at5820           -            595   2.4e-56  189.8   0.0   1   1   1.3e-58   3.8e-56  189.1   0.0   136   386   155   409   146   415 0.93 -
GCA_040114635.1|PVP01_1407300|PVP01_1407300.1|unknown -            393 3507at5820           -            595   2.6e-54  183.1   0.1   1   1   1.4e-56   4.1e-54  182.5   0.1   138   356   132   354   115   367 0.94 -
GCA_040114635.1|PVP01_1466000|PVP01_1466000.1|unknown -            424 3507at5820           -            595   4.5e-54  182.3   0.3   1   1   2.2e-56   6.7e-54  181.7   0.3   133   381   157   409   149   417 0.93 -
GCA_040114635.1|PVP01_0931200|PVP01_0931200.1|unknown -            441 3507at5820           -            595   1.6e-53  180.5   0.1   1   1   9.4e-56   2.8e-53  179.7   0.1   140   369   185   418   172   438 0.89 -
GCA_040114635.1|PVP01_0808100|PVP01_0808100.1|unknown -            447 3507at5820           -            595   8.7e-52  174.8   0.1   1   1   4.1e-54   1.2e-51  174.3   0.1   141   368   190   421   155   442 0.89 -
GCA_040114635.1|PVP01_0520100|PVP01_0520100.1|unknown -            392 3507at5820           -            595     3e-50  169.7   0.1   1   1   1.7e-52   5.2e-50  168.9   0.1   136   379   131   378    97   387 0.93 -
GCA_040114635.1|PVP01_0111400|PVP01_0111400.1|unknown -           1087 3507at5820           -            595   5.4e-45  152.3   0.0   1   1   2.3e-47   6.9e-45  152.0   0.0   184   357   836  1010   830  1022 0.94 -
GCA_040114635.1|PVP01_0837200|PVP01_0837200.1|unknown -            785 3507at5820           -            595   2.7e-30  103.8   0.3   1   2   8.4e-28   2.5e-25   87.4   0.1   169   353   282   482   238   501 0.85 -
GCA_040114635.1|PVP01_0837200|PVP01_0837200.1|unknown -            785 3507at5820           -            595   2.7e-30  103.8   0.3   2   2   1.1e-05    0.0034   14.3   0.0   178   291   572   687   556   715 0.82 -
GCA_040114635.1|PVP01_1249400|PVP01_1249400.1|unknown -            442 3507at5820           -            595   3.8e-29  100.0   0.4   1   1   1.7e-31     5e-29   99.6   0.4    54   297    30   273     7   282 0.76 -
GCA_040114635.1|PVP01_0307200|PVP01_0307200.1|unknown -            700 3507at5820           -            595   9.5e-28   95.4   0.2   1   2       4.4   1.3e+03   -4.2   0.0   155   175    74    94    71    97 0.87 -
GCA_040114635.1|PVP01_0307200|PVP01_0307200.1|unknown -            700 3507at5820           -            595   9.5e-28   95.4   0.2   2   2   6.2e-30   1.9e-27   94.4   0.1   137   325   418   606   398   639 0.87 -
GCA_040114635.1|PVP01_0116700|PVP01_0116700.1|unknown -           1204 3507at5820           -            595   5.7e-27   92.8   0.0   1   2   1.8e-24   5.3e-22   76.4   0.0   141   275   593   736   584   745 0.84 -
GCA_040114635.1|PVP01_0116700|PVP01_0116700.1|unknown -           1204 3507at5820           -            595   5.7e-27   92.8   0.0   2   2   1.4e-05    0.0041   14.0   0.0   275   325   819   869   802   876 0.86 -
GCA_040114635.1|PVP01_1426000|PVP01_1426000.1|unknown -           1064 3507at5820           -            595   3.1e-20   70.6   0.1   1   1   1.4e-22   4.1e-20   70.2   0.1   223   318   649   745   648   746 0.93 -
GCA_040114635.1|PVP01_1336200|PVP01_1336200.1|unknown -           1159 3507at5820           -            595   1.6e-17   61.6   3.3   1   2   0.00012     0.037   10.9   0.1   145   199   348   403   335   427 0.77 -
GCA_040114635.1|PVP01_1336200|PVP01_1336200.1|unknown -           1159 3507at5820           -            595   1.6e-17   61.6   3.3   2   2   9.4e-17   2.8e-14   50.9   0.8   224   356   481   616   473   628 0.82 -
GCA_040114635.1|PVP01_0107600|PVP01_0107600.1|unknown -            665 3507at5820           -            595     1e-14   52.3   0.1   1   1   3.4e-17     1e-14   52.3   0.1   152   357   319   538   311   557 0.71 -
GCA_040114635.1|PVP01_0940200|PVP01_0940200.1|unknown -            627 3507at5820           -            595   7.9e-06   23.0   0.0   1   1   4.3e-08   1.3e-05   22.3   0.0   164   321   333   509   294   521 0.71 -
GCA_040114635.1|PVP01_1145700|PVP01_1145700.1|unknown -            483 3507at5820           -            595   1.7e-05   21.9   0.0   1   2    0.0057       1.7    5.4   0.0   155   201   233   279   225   297 0.85 -
GCA_040114635.1|PVP01_1145700|PVP01_1145700.1|unknown -            483 3507at5820           -            595   1.7e-05   21.9   0.0   2   2   1.3e-05     0.004   14.1   0.0   262   322   365   422   349   433 0.87 -
GCA_040114635.1|PVP01_1109800|PVP01_1109800.1|unknown -            483 3507at5820           -            595   0.00023   18.2   0.8   1   1   1.6e-06   0.00047   17.1   0.1   172   213    59   102    52   117 0.82 -
#
# Program:         hmmsearch
# Version:         3.4 (Aug 2023)
# Pipeline mode:   SEARCH
# Query file:      /v3/work/00_inventory/busco/busco_downloads/lineages/plasmodium_odb10/hmms/3507at5820.hmm
# Target file:     /v3/inputs/annotations/ncbi-datasets/MHC087.proteins.fa
# Option settings: hmmsearch --domtblout /v3/work/00_inventory/busco/MHC087_proteins/run_plasmodium_odb10/hmmer_output/initial_run_results/3507at5820.out --cpu 1 /v3/work/00_inventory/busco/busco_downloads/lineages/plasmodium_odb10/hmms/3507at5820.hmm /v3/inputs/annotations/ncbi-datasets/MHC087.proteins.fa 
# Current dir:     /v3/work/00_inventory/busco
# Date:            Tue May 19 18:07:20 2026
# [ok]
