#                                                                                                             --- full sequence --- -------------- this domain -------------   hmm coord   ali coord   env coord
# target name                                         accession   tlen query name           accession   qlen   E-value  score  bias   #  of  c-Evalue  i-Evalue  score  bias  from    to  from    to  from    to  acc description of target
#                                 ------------------- ---------- ----- -------------------- ---------- ----- --------- ------ ----- --- --- --------- --------- ------ ----- ----- ----- ----- ----- ----- ----- ---- ---------------------
GCA_040114635.1|PVP01_1121300|PVP01_1121300.1|unknown -           2584 352at5820            -           1432  1.8e-101  339.1  54.3   1   3   2.7e-17   1.4e-14   51.2   0.6     9    69    77   137    73   180 0.89 -
GCA_040114635.1|PVP01_1121300|PVP01_1121300.1|unknown -           2584 352at5820            -           1432  1.8e-101  339.1  54.3   2   3   1.4e-87   7.2e-85  284.1  35.9    69   314   420   721   404   737 0.76 -
GCA_040114635.1|PVP01_1121300|PVP01_1121300.1|unknown -           2584 352at5820            -           1432  1.8e-101  339.1  54.3   3   3    0.0012      0.63    5.9   3.4   285   328   853   897   849   917 0.83 -
GCA_040114635.1|PVP01_1416000|PVP01_1416000.1|unknown -            368 352at5820            -           1432   9.8e-10   35.1   4.9   1   2   0.00029      0.15    8.0   0.1   954  1047   112   204    93   210 0.79 -
GCA_040114635.1|PVP01_1416000|PVP01_1416000.1|unknown -            368 352at5820            -           1432   9.8e-10   35.1   4.9   2   2   1.2e-10     6e-08   29.2   1.1  1233  1284   210   260   204   285 0.88 -
GCA_040114635.1|PVP01_1317900|PVP01_1317900.1|unknown -            706 352at5820            -           1432   7.1e-09   32.3   2.1   1   3     0.017         9    2.1   0.0   946  1003    16    69    12    78 0.83 -
GCA_040114635.1|PVP01_1317900|PVP01_1317900.1|unknown -            706 352at5820            -           1432   7.1e-09   32.3   2.1   2   3     1e-10   5.5e-08   29.3   0.2  1236  1289   124   176    81   190 0.77 -
GCA_040114635.1|PVP01_1317900|PVP01_1317900.1|unknown -            706 352at5820            -           1432   7.1e-09   32.3   2.1   3   3      0.48   2.5e+02   -2.7   0.0   398   444   232   276   178   281 0.63 -
GCA_040114635.1|PVP01_1300900|PVP01_1300900.1|unknown -            296 352at5820            -           1432   1.3e-07   28.1   0.5   1   2   2.5e-10   1.3e-07   28.1   0.5  1232  1277   129   172   105   179 0.87 -
GCA_040114635.1|PVP01_1300900|PVP01_1300900.1|unknown -            296 352at5820            -           1432   1.3e-07   28.1   0.5   2   2     0.037        19    1.0   3.2    13    59   231   279   221   292 0.67 -
GCA_040114635.1|PVP01_0827800|PVP01_0827800.1|unknown -            494 352at5820            -           1432   2.1e-07   27.4   0.7   1   2      0.62   3.3e+02   -3.1   0.1   964   966   133   135   114   197 0.55 -
GCA_040114635.1|PVP01_0827800|PVP01_0827800.1|unknown -            494 352at5820            -           1432   2.1e-07   27.4   0.7   2   2   5.2e-10   2.7e-07   27.0   0.1  1227  1278   214   269   200   279 0.81 -
GCA_040114635.1|PVP01_1133600|PVP01_1133600.1|unknown -            801 352at5820            -           1432   4.4e-07   26.3   0.0   1   1   2.2e-09   1.1e-06   25.0   0.0  1237  1281   197   244   187   253 0.86 -
GCA_040114635.1|PVP01_1416900|PVP01_1416900.1|unknown -            341 352at5820            -           1432   1.6e-06   24.5   0.5   1   2      0.43   2.2e+02   -2.5   0.0   952   966    32    46    29    63 0.87 -
GCA_040114635.1|PVP01_1416900|PVP01_1416900.1|unknown -            341 352at5820            -           1432   1.6e-06   24.5   0.5   2   2   3.1e-09   1.6e-06   24.5   0.5  1236  1283   141   190   114   193 0.84 -
GCA_040114635.1|PVP01_0207300|PVP01_0207300.1|unknown -           3304 352at5820            -           1432   3.4e-06   23.4   0.4   1   1   1.1e-08   5.7e-06   22.6   0.4  1228  1280  3098  3149  3050  3169 0.86 -
GCA_040114635.1|PVP01_1217600|PVP01_1217600.1|unknown -            305 352at5820            -           1432   2.6e-05   20.4   0.3   1   2      0.02        11    1.9   0.0   947   973     6    32     3    80 0.72 -
GCA_040114635.1|PVP01_1217600|PVP01_1217600.1|unknown -            305 352at5820            -           1432   2.6e-05   20.4   0.3   2   2   6.6e-07   0.00035   16.7   0.1  1242  1278   130   165    99   172 0.81 -
GCA_040114635.1|PVP01_1115000|PVP01_1115000.1|unknown -            288 352at5820            -           1432   0.00016   17.8   0.0   1   2      0.11        58   -0.6   0.0   950  1017     4    66     1    90 0.70 -
GCA_040114635.1|PVP01_1115000|PVP01_1115000.1|unknown -            288 352at5820            -           1432   0.00016   17.8   0.0   2   2   1.1e-06   0.00056   16.1   0.0  1236  1280   106   149    93   160 0.90 -
GCA_040114635.1|PVP01_0314900|PVP01_0314900.1|unknown -            310 352at5820            -           1432   0.00024   17.3   2.1   1   1   4.5e-07   0.00024   17.3   2.1  1199  1283    70   156    37   162 0.79 -
GCA_040114635.1|PVP01_1143600|PVP01_1143600.1|unknown -            354 352at5820            -           1432     0.004   13.2   0.1   1   1   1.1e-05    0.0059   12.7   0.1  1238  1292   138   191   117   200 0.85 -
#
# Program:         hmmsearch
# Version:         3.4 (Aug 2023)
# Pipeline mode:   SEARCH
# Query file:      /v3/work/00_inventory/busco/busco_downloads/lineages/plasmodium_odb10/hmms/352at5820.hmm
# Target file:     /v3/inputs/annotations/ncbi-datasets/MHC087.proteins.fa
# Option settings: hmmsearch --domtblout /v3/work/00_inventory/busco/MHC087_proteins/run_plasmodium_odb10/hmmer_output/initial_run_results/352at5820.out --cpu 1 /v3/work/00_inventory/busco/busco_downloads/lineages/plasmodium_odb10/hmms/352at5820.hmm /v3/inputs/annotations/ncbi-datasets/MHC087.proteins.fa 
# Current dir:     /v3/work/00_inventory/busco
# Date:            Tue May 19 18:07:28 2026
# [ok]
