#                                                                                                             --- full sequence --- -------------- this domain -------------   hmm coord   ali coord   env coord
# target name                                         accession   tlen query name           accession   qlen   E-value  score  bias   #  of  c-Evalue  i-Evalue  score  bias  from    to  from    to  from    to  acc description of target
#                                 ------------------- ---------- ----- -------------------- ---------- ----- --------- ------ ----- --- --- --------- --------- ------ ----- ----- ----- ----- ----- ----- ----- ---- ---------------------
GCA_040114635.1|PVP01_1308600|PVP01_1308600.1|unknown -           1009 3536at5820           -            688   2.9e-59  199.6  38.3   1   3   4.3e-18   9.1e-15   52.5   2.7    18    69    67   121    51   124 0.85 -
GCA_040114635.1|PVP01_1308600|PVP01_1308600.1|unknown -           1009 3536at5820           -            688   2.9e-59  199.6  38.3   2   3   4.6e-40   9.5e-37  125.2  13.1    72   181   229   346   223   352 0.92 -
GCA_040114635.1|PVP01_1308600|PVP01_1308600.1|unknown -           1009 3536at5820           -            688   2.9e-59  199.6  38.3   3   3   1.9e-12     4e-09   33.9   6.8   177   215   382   420   378   430 0.86 -
GCA_040114635.1|PVP01_1422400|PVP01_1422400.1|unknown -            783 3536at5820           -            688   6.3e-48  162.1  20.5   1   3    0.0084        18    2.0   0.9   312   351    29    73     4    77 0.68 -
GCA_040114635.1|PVP01_1422400|PVP01_1422400.1|unknown -            783 3536at5820           -            688   6.3e-48  162.1  20.5   2   3         3   6.3e+03   -6.5  30.6   105   331   129   365   121   379 0.70 -
GCA_040114635.1|PVP01_1422400|PVP01_1422400.1|unknown -            783 3536at5820           -            688   6.3e-48  162.1  20.5   3   3     3e-51   6.3e-48  162.1  20.5   376   676   459   753   453   762 0.92 -
GCA_040114635.1|PVP01_1236300|PVP01_1236300.1|unknown -            500 3536at5820           -            688   1.5e-23   81.6  20.8   1   2     1e-26   2.1e-23   81.0  12.0   467   607   182   327   175   374 0.82 -
GCA_040114635.1|PVP01_1236300|PVP01_1236300.1|unknown -            500 3536at5820           -            688   1.5e-23   81.6  20.8   2   2    0.0009       1.9    5.2   1.6   615   668   383   437   371   460 0.74 -
#
# Program:         hmmsearch
# Version:         3.4 (Aug 2023)
# Pipeline mode:   SEARCH
# Query file:      /v3/work/00_inventory/busco/busco_downloads/lineages/plasmodium_odb10/hmms/3536at5820.hmm
# Target file:     /v3/inputs/annotations/ncbi-datasets/MHC087.proteins.fa
# Option settings: hmmsearch --domtblout /v3/work/00_inventory/busco/MHC087_proteins/run_plasmodium_odb10/hmmer_output/initial_run_results/3536at5820.out --cpu 1 /v3/work/00_inventory/busco/busco_downloads/lineages/plasmodium_odb10/hmms/3536at5820.hmm /v3/inputs/annotations/ncbi-datasets/MHC087.proteins.fa 
# Current dir:     /v3/work/00_inventory/busco
# Date:            Tue May 19 18:07:30 2026
# [ok]
