#                                                                                                             --- full sequence --- -------------- this domain -------------   hmm coord   ali coord   env coord
# target name                                         accession   tlen query name           accession   qlen   E-value  score  bias   #  of  c-Evalue  i-Evalue  score  bias  from    to  from    to  from    to  acc description of target
#                                 ------------------- ---------- ----- -------------------- ---------- ----- --------- ------ ----- --- --- --------- --------- ------ ----- ----- ----- ----- ----- ----- ----- ---- ---------------------
GCA_040114635.1|PVP01_0507400|PVP01_0507400.1|unknown -           1173 3824at5820           -            858  4.4e-222  738.2  20.5   1   2    0.0072       2.1    4.8   0.1    19    39    75    95    62   104 0.72 -
GCA_040114635.1|PVP01_0507400|PVP01_0507400.1|unknown -           1173 3824at5820           -            858  4.4e-222  738.2  20.5   2   2  1.3e-223  3.7e-221  735.1  16.5    32   391   133   496   112   505 0.96 -
GCA_040114635.1|PVP01_0406600|PVP01_0406600.1|unknown -            533 3824at5820           -            858   6.6e-47  158.6  12.3   1   1   3.7e-49   1.1e-46  158.0  12.3    62   434   126   495   114   528 0.87 -
GCA_040114635.1|PVP01_1238100|PVP01_1238100.1|unknown -            398 3824at5820           -            858   2.4e-46  156.8   0.2   1   1   1.1e-48     3e-46  156.5   0.2    54   412    15   370     3   372 0.90 -
GCA_040114635.1|PVP01_1408200|PVP01_1408200.1|unknown -            626 3824at5820           -            858   7.4e-44  148.6  19.3   1   1   3.5e-46     1e-43  148.1  19.3    74   415   158   514   151   544 0.87 -
GCA_040114635.1|PVP01_0531200|PVP01_0531200.1|unknown -            388 3824at5820           -            858   4.7e-43  145.9   4.0   1   1   2.1e-45   5.9e-43  145.6   4.0    53   414     6   364     2   377 0.90 -
GCA_040114635.1|PVP01_1429700|PVP01_1429700.1|unknown -            923 3824at5820           -            858   2.1e-41  140.4  12.0   1   1     1e-42   2.9e-40  136.6  12.0    61   403   337   719   289   745 0.81 -
GCA_040114635.1|PVP01_1445300|PVP01_1445300.1|unknown -            717 3824at5820           -            858   6.5e-41  138.8   1.7   1   2   5.4e-09   1.5e-06   25.1   0.0    58   127   274   342   221   346 0.79 -
GCA_040114635.1|PVP01_1445300|PVP01_1445300.1|unknown -            717 3824at5820           -            858   6.5e-41  138.8   1.7   2   2   2.3e-35   6.5e-33  112.3   1.0   133   403   401   670   394   684 0.87 -
GCA_040114635.1|PVP01_0415000|PVP01_0415000.1|unknown -            473 3824at5820           -            858   5.8e-40  135.7   1.7   1   2     2e-06   0.00058   16.6   0.0    63   126    60   122    43   127 0.87 -
GCA_040114635.1|PVP01_0415000|PVP01_0415000.1|unknown -            473 3824at5820           -            858   5.8e-40  135.7   1.7   2   2   2.7e-36   7.6e-34  115.4   3.3   133   411   159   441   152   451 0.88 -
GCA_040114635.1|PVP01_1029600|PVP01_1029600.1|unknown -            719 3824at5820           -            858   1.2e-39  134.6   6.7   1   2    0.0001      0.03   10.9   0.0    83   125   145   187   130   192 0.86 -
GCA_040114635.1|PVP01_1029600|PVP01_1029600.1|unknown -            719 3824at5820           -            858   1.2e-39  134.6   6.7   2   2   6.2e-39   1.8e-36  124.1   3.5   137   410   227   502   224   521 0.89 -
GCA_040114635.1|PVP01_1261100|PVP01_1261100.1|unknown -            528 3824at5820           -            858   1.6e-38  130.9   0.0   1   1   7.3e-41   2.1e-38  130.5   0.0    62   403   113   456    73   468 0.87 -
GCA_040114635.1|PVP01_1261800|PVP01_1261800.1|unknown -            791 3824at5820           -            858   8.6e-34  115.2  15.5   1   2   3.6e-31     1e-28   98.5   9.3    80   260   257   461   203   476 0.77 -
GCA_040114635.1|PVP01_1261800|PVP01_1261800.1|unknown -            791 3824at5820           -            858   8.6e-34  115.2  15.5   2   2   2.7e-10   7.7e-08   29.4   0.4   344   413   610   682   594   705 0.87 -
GCA_040114635.1|PVP01_1458900|PVP01_1458900.1|unknown -            850 3824at5820           -            858   1.2e-25   88.3   7.3   1   3   2.4e-24     7e-22   75.9   3.6    64   265    93   304    79   312 0.79 -
GCA_040114635.1|PVP01_1458900|PVP01_1458900.1|unknown -            850 3824at5820           -            858   1.2e-25   88.3   7.3   2   3       4.4   1.2e+03   -4.4   2.5   301   354   391   444   373   459 0.54 -
GCA_040114635.1|PVP01_1458900|PVP01_1458900.1|unknown -            850 3824at5820           -            858   1.2e-25   88.3   7.3   3   3   2.4e-08     7e-06   22.9   0.1   368   407   516   558   512   565 0.85 -
GCA_040114635.1|PVP01_0818600|PVP01_0818600.1|unknown -            761 3824at5820           -            858   1.4e-25   88.0  29.1   1   2   2.3e-06   0.00067   16.4   0.1    45   128   232   319   192   323 0.77 -
GCA_040114635.1|PVP01_0818600|PVP01_0818600.1|unknown -            761 3824at5820           -            858   1.4e-25   88.0  29.1   2   2   8.1e-26   2.3e-23   80.7  15.7   136   402   380   644   376   665 0.87 -
GCA_040114635.1|PVP01_1012200|PVP01_1012200.1|unknown -            816 3824at5820           -            858   1.3e-18   65.0  23.6   1   4   2.4e-08     7e-06   22.9   0.0    62   128     2    67     1    74 0.91 -
GCA_040114635.1|PVP01_1012200|PVP01_1012200.1|unknown -            816 3824at5820           -            858   1.3e-18   65.0  23.6   2   4   9.2e-09   2.6e-06   24.3   5.9   136   268   332   470   325   489 0.78 -
GCA_040114635.1|PVP01_1012200|PVP01_1012200.1|unknown -            816 3824at5820           -            858   1.3e-18   65.0  23.6   3   4       6.9     2e+03   -5.0   6.1   441   522   488   572   469   587 0.69 -
GCA_040114635.1|PVP01_1012200|PVP01_1012200.1|unknown -            816 3824at5820           -            858   1.3e-18   65.0  23.6   4   4   4.5e-10   1.3e-07   28.7   0.1   330   403   605   677   596   686 0.87 -
GCA_040114635.1|PVP01_1118600|PVP01_1118600.1|unknown -            599 3824at5820           -            858   9.5e-17   58.9   1.6   1   2         1   2.9e+02   -2.3   2.4   613   648    23    58     8    74 0.64 -
GCA_040114635.1|PVP01_1118600|PVP01_1118600.1|unknown -            599 3824at5820           -            858   9.5e-17   58.9   1.6   2   2   3.3e-19   9.5e-17   58.9   1.6    64   175   148   259   134   265 0.83 -
GCA_040114635.1|PVP01_1247900|PVP01_1247900.1|unknown -            787 3824at5820           -            858   9.6e-16   55.5  16.1   1   1   3.4e-18   9.6e-16   55.5  16.1    64   404   374   722   337   782 0.71 -
GCA_040114635.1|PVP01_1222000|PVP01_1222000.1|unknown -            487 3824at5820           -            858   1.3e-15   55.1   0.0   1   2   4.6e-17   1.3e-14   51.8   0.0    63   150    59   143    41   146 0.89 -
GCA_040114635.1|PVP01_1222000|PVP01_1222000.1|unknown -            487 3824at5820           -            858   1.3e-15   55.1   0.0   2   2       0.1        29    1.0   0.0   392   413   400   424   397   439 0.82 -
GCA_040114635.1|PVP01_0304400|PVP01_0304400.1|unknown -            548 3824at5820           -            858   6.8e-11   39.5  26.9   1   1   2.4e-13   6.8e-11   39.5  26.9   104   401   139   463   131   471 0.71 -
GCA_040114635.1|PVP01_0317000|PVP01_0317000.1|unknown -            837 3824at5820           -            858   1.6e-09   34.9   0.0   1   2   2.4e-06   0.00068   16.3   0.0   180   235   243   299   237   304 0.86 -
GCA_040114635.1|PVP01_0317000|PVP01_0317000.1|unknown -            837 3824at5820           -            858   1.6e-09   34.9   0.0   2   2   3.1e-06   0.00089   15.9   0.0   335   400   593   660   585   669 0.86 -
GCA_040114635.1|PVP01_0606700|PVP01_0606700.1|unknown -            637 3824at5820           -            858   7.8e-09   32.7   0.3   1   1   3.7e-11     1e-08   32.3   0.3    72   121   136   185   131   192 0.88 -
GCA_040114635.1|PVP01_0907400|PVP01_0907400.1|unknown -           1318 3824at5820           -            858   8.2e-07   26.0   7.3   1   2      0.02       5.6    3.4   0.2   176   237   496   557   461   564 0.79 -
GCA_040114635.1|PVP01_0907400|PVP01_0907400.1|unknown -           1318 3824at5820           -            858   8.2e-07   26.0   7.3   2   2     9e-09   2.6e-06   24.3   2.6   300   402   868   969   865   972 0.82 -
GCA_040114635.1|PVP01_0819400|PVP01_0819400.1|unknown -            433 3824at5820           -            858     0.051   10.1   0.0   1   1   0.00023     0.066    9.8   0.0    82   131    79   128    27   130 0.81 -
#
# Program:         hmmsearch
# Version:         3.4 (Aug 2023)
# Pipeline mode:   SEARCH
# Query file:      /v3/work/00_inventory/busco/busco_downloads/lineages/plasmodium_odb10/hmms/3824at5820.hmm
# Target file:     /v3/inputs/annotations/ncbi-datasets/MHC087.proteins.fa
# Option settings: hmmsearch --domtblout /v3/work/00_inventory/busco/MHC087_proteins/run_plasmodium_odb10/hmmer_output/initial_run_results/3824at5820.out --cpu 1 /v3/work/00_inventory/busco/busco_downloads/lineages/plasmodium_odb10/hmms/3824at5820.hmm /v3/inputs/annotations/ncbi-datasets/MHC087.proteins.fa 
# Current dir:     /v3/work/00_inventory/busco
# Date:            Tue May 19 18:09:00 2026
# [ok]
