#                                                                                                             --- full sequence --- -------------- this domain -------------   hmm coord   ali coord   env coord
# target name                                         accession   tlen query name           accession   qlen   E-value  score  bias   #  of  c-Evalue  i-Evalue  score  bias  from    to  from    to  from    to  acc description of target
#                                 ------------------- ---------- ----- -------------------- ---------- ----- --------- ------ ----- --- --- --------- --------- ------ ----- ----- ----- ----- ----- ----- ----- ---- ---------------------
GCA_040114635.1|PVP01_0112800|PVP01_0112800.1|unknown -           1388 3833at5820           -            544  1.6e-185  616.3  87.9   1   9   1.7e-27   5.3e-24   83.2   0.0     1    58    47   104    47   116 0.94 -
GCA_040114635.1|PVP01_0112800|PVP01_0112800.1|unknown -           1388 3833at5820           -            544  1.6e-185  616.3  87.9   2   9     3e-63   9.3e-60  201.2   7.6    55   191   136   290   133   306 0.86 -
GCA_040114635.1|PVP01_0112800|PVP01_0112800.1|unknown -           1388 3833at5820           -            544  1.6e-185  616.3  87.9   3   9      0.15   4.9e+02   -2.5   5.9   182   210   450   478   447   482 0.84 -
GCA_040114635.1|PVP01_0112800|PVP01_0112800.1|unknown -           1388 3833at5820           -            544  1.6e-185  616.3  87.9   4   9   4.3e-09   1.3e-05   22.5   0.0   215   239   518   542   510   546 0.87 -
GCA_040114635.1|PVP01_0112800|PVP01_0112800.1|unknown -           1388 3833at5820           -            544  1.6e-185  616.3  87.9   5   9   9.9e-47   3.1e-43  146.7   2.1   240   346   581   707   575   709 0.89 -
GCA_040114635.1|PVP01_0112800|PVP01_0112800.1|unknown -           1388 3833at5820           -            544  1.6e-185  616.3  87.9   6   9   6.2e-15     2e-11   41.7   0.3   343   385   828   870   822   898 0.80 -
GCA_040114635.1|PVP01_0112800|PVP01_0112800.1|unknown -           1388 3833at5820           -            544  1.6e-185  616.3  87.9   7   9   3.4e-06     0.011   12.9   0.5   383   408   906   931   887   941 0.86 -
GCA_040114635.1|PVP01_0112800|PVP01_0112800.1|unknown -           1388 3833at5820           -            544  1.6e-185  616.3  87.9   8   9   1.6e-09   4.9e-06   23.9   4.7   406   444  1077  1120  1072  1126 0.85 -
GCA_040114635.1|PVP01_0112800|PVP01_0112800.1|unknown -           1388 3833at5820           -            544  1.6e-185  616.3  87.9   9   9   9.1e-37   2.9e-33  113.8  19.6   432   544  1220  1355  1198  1355 0.86 -
GCA_040114635.1|PVP01_1426900|PVP01_1426900.1|unknown -            699 3833at5820           -            544   2.2e-06   25.1   0.3   1   5     7e-10   2.2e-06   25.1   0.3     9   149     3   128     1   136 0.79 -
GCA_040114635.1|PVP01_1426900|PVP01_1426900.1|unknown -            699 3833at5820           -            544   2.2e-06   25.1   0.3   2   5      0.12   3.8e+02   -2.1   0.0   238   268   226   258   216   263 0.76 -
GCA_040114635.1|PVP01_1426900|PVP01_1426900.1|unknown -            699 3833at5820           -            544   2.2e-06   25.1   0.3   3   5         2   6.3e+03  -11.2  13.1   458   508   308   357   260   377 0.44 -
GCA_040114635.1|PVP01_1426900|PVP01_1426900.1|unknown -            699 3833at5820           -            544   2.2e-06   25.1   0.3   4   5         2   6.3e+03  -11.4  19.3   429   527   433   517   413   535 0.52 -
GCA_040114635.1|PVP01_1426900|PVP01_1426900.1|unknown -            699 3833at5820           -            544   2.2e-06   25.1   0.3   5   5         2   6.3e+03   -9.6  18.8   361   443   580   662   545   695 0.43 -
#
# Program:         hmmsearch
# Version:         3.4 (Aug 2023)
# Pipeline mode:   SEARCH
# Query file:      /v3/work/00_inventory/busco/busco_downloads/lineages/plasmodium_odb10/hmms/3833at5820.hmm
# Target file:     /v3/inputs/annotations/ncbi-datasets/MHC087.proteins.fa
# Option settings: hmmsearch --domtblout /v3/work/00_inventory/busco/MHC087_proteins/run_plasmodium_odb10/hmmer_output/initial_run_results/3833at5820.out --cpu 1 /v3/work/00_inventory/busco/busco_downloads/lineages/plasmodium_odb10/hmms/3833at5820.hmm /v3/inputs/annotations/ncbi-datasets/MHC087.proteins.fa 
# Current dir:     /v3/work/00_inventory/busco
# Date:            Tue May 19 18:09:05 2026
# [ok]
