#                                                                                                             --- full sequence --- -------------- this domain -------------   hmm coord   ali coord   env coord
# target name                                         accession   tlen query name           accession   qlen   E-value  score  bias   #  of  c-Evalue  i-Evalue  score  bias  from    to  from    to  from    to  acc description of target
#                                 ------------------- ---------- ----- -------------------- ---------- ----- --------- ------ ----- --- --- --------- --------- ------ ----- ----- ----- ----- ----- ----- ----- ---- ---------------------
GCA_040114635.1|PVP01_1304500|PVP01_1304500.1|unknown -            930 3859at5820           -            494  1.3e-245  814.3  78.3   1   4   2.2e-24   1.9e-21   74.9  10.0     1    61     1    65     1    69 0.90 -
GCA_040114635.1|PVP01_1304500|PVP01_1304500.1|unknown -            930 3859at5820           -            494  1.3e-245  814.3  78.3   2   4   2.8e-68   2.6e-65  219.6  27.6    59   201   127   290   121   302 0.88 -
GCA_040114635.1|PVP01_1304500|PVP01_1304500.1|unknown -            930 3859at5820           -            494  1.3e-245  814.3  78.3   3   4   3.9e-44   3.5e-41  140.0   1.5   182   276   397   494   388   502 0.93 -
GCA_040114635.1|PVP01_1304500|PVP01_1304500.1|unknown -            930 3859at5820           -            494  1.3e-245  814.3  78.3   4   4  4.2e-120  3.7e-117  390.6  15.8   294   493   727   925   670   926 0.91 -
GCA_040114635.1|PVP01_0932400|PVP01_0932400.1|unknown -           2383 3859at5820           -            494   3.1e-14   51.1   1.1   1   2   1.6e-16   1.4e-13   49.0   0.1   339   443  1431  1529  1426  1535 0.87 -
GCA_040114635.1|PVP01_0932400|PVP01_0932400.1|unknown -           2383 3859at5820           -            494   3.1e-14   51.1   1.1   2   2      0.18   1.6e+02   -0.7   0.1   392   434  1630  1674  1625  1682 0.74 -
GCA_040114635.1|PVP01_1432200|PVP01_1432200.1|unknown -            586 3859at5820           -            494   1.6e-08   32.2  20.7   1   4       0.8   7.2e+02   -2.9   0.5   193   218     4    26     1    46 0.56 -
GCA_040114635.1|PVP01_1432200|PVP01_1432200.1|unknown -            586 3859at5820           -            494   1.6e-08   32.2  20.7   2   4   1.4e-05     0.013   12.8   2.3   337   441   146   245   139   253 0.73 -
GCA_040114635.1|PVP01_1432200|PVP01_1432200.1|unknown -            586 3859at5820           -            494   1.6e-08   32.2  20.7   3   4   6.1e-05     0.054   10.7   0.1   410   442   327   359   293   363 0.83 -
GCA_040114635.1|PVP01_1432200|PVP01_1432200.1|unknown -            586 3859at5820           -            494   1.6e-08   32.2  20.7   4   4   4.1e-08   3.7e-05   21.2   0.5   393   461   363   434   360   447 0.78 -
GCA_040114635.1|PVP01_1246700|PVP01_1246700.1|unknown -            645 3859at5820           -            494   3.6e-06   24.5   8.4   1   2     5e-07   0.00045   17.6   0.3   375   444   107   174   104   182 0.86 -
GCA_040114635.1|PVP01_1246700|PVP01_1246700.1|unknown -            645 3859at5820           -            494   3.6e-06   24.5   8.4   2   2     4e-05     0.036   11.3   0.8   395   461   341   407   338   418 0.88 -
GCA_040114635.1|PVP01_0926400|PVP01_0926400.1|unknown -            641 3859at5820           -            494     4e-06   24.4   2.3   1   1   7.2e-09   6.4e-06   23.7   2.3   334   453    77   192    52   198 0.73 -
GCA_040114635.1|PVP01_0607800|PVP01_0607800.1|unknown -            875 3859at5820           -            494   2.1e-05   22.0  13.8   1   3   2.9e-07   0.00026   18.4   7.7   343   446    88   189     7   215 0.73 -
GCA_040114635.1|PVP01_0607800|PVP01_0607800.1|unknown -            875 3859at5820           -            494   2.1e-05   22.0  13.8   2   3   0.00063      0.56    7.4   0.3   339   389   196   241   186   252 0.82 -
GCA_040114635.1|PVP01_0607800|PVP01_0607800.1|unknown -            875 3859at5820           -            494   2.1e-05   22.0  13.8   3   3    0.0015       1.4    6.1   0.3   250   313   225   288   202   289 0.61 -
GCA_040114635.1|PVP01_1240700|PVP01_1240700.1|unknown -            877 3859at5820           -            494     0.017   12.4   0.0   1   1   2.6e-05     0.023   12.0   0.0   392   452    17    80     7   101 0.52 -
#
# Program:         hmmsearch
# Version:         3.4 (Aug 2023)
# Pipeline mode:   SEARCH
# Query file:      /v3/work/00_inventory/busco/busco_downloads/lineages/plasmodium_odb10/hmms/3859at5820.hmm
# Target file:     /v3/inputs/annotations/ncbi-datasets/MHC087.proteins.fa
# Option settings: hmmsearch --domtblout /v3/work/00_inventory/busco/MHC087_proteins/run_plasmodium_odb10/hmmer_output/initial_run_results/3859at5820.out --cpu 1 /v3/work/00_inventory/busco/busco_downloads/lineages/plasmodium_odb10/hmms/3859at5820.hmm /v3/inputs/annotations/ncbi-datasets/MHC087.proteins.fa 
# Current dir:     /v3/work/00_inventory/busco
# Date:            Tue May 19 18:09:13 2026
# [ok]
