#                                                                                                             --- full sequence --- -------------- this domain -------------   hmm coord   ali coord   env coord
# target name                                         accession   tlen query name           accession   qlen   E-value  score  bias   #  of  c-Evalue  i-Evalue  score  bias  from    to  from    to  from    to  acc description of target
#                                 ------------------- ---------- ----- -------------------- ---------- ----- --------- ------ ----- --- --- --------- --------- ------ ----- ----- ----- ----- ----- ----- ----- ---- ---------------------
GCA_040114635.1|PVP01_1133600|PVP01_1133600.1|unknown -            801 3864at5820           -            585         0 1276.2  25.5   1   2  7.2e-189  1.5e-186  619.8   9.4     1   277     1   278     1   283 0.98 -
GCA_040114635.1|PVP01_1133600|PVP01_1133600.1|unknown -            801 3864at5820           -            585         0 1276.2  25.5   2   2  8.6e-202  1.8e-199  662.5   8.2   274   579   466   776   452   788 0.95 -
GCA_040114635.1|PVP01_1115000|PVP01_1115000.1|unknown -            288 3864at5820           -            585   1.4e-35  121.3   2.6   1   3      0.07        15    2.3   0.2    24    38     8    22     5    30 0.89 -
GCA_040114635.1|PVP01_1115000|PVP01_1115000.1|unknown -            288 3864at5820           -            585   1.4e-35  121.3   2.6   2   3   1.1e-05    0.0022   15.0   1.8    67   125    18    76    12    91 0.78 -
GCA_040114635.1|PVP01_1115000|PVP01_1115000.1|unknown -            288 3864at5820           -            585   1.4e-35  121.3   2.6   3   3   3.8e-32     8e-30  102.3   0.0   170   398    85   286    71   288 0.83 -
GCA_040114635.1|PVP01_1217600|PVP01_1217600.1|unknown -            305 3864at5820           -            585   1.4e-29  101.5   6.9   1   3       1.8   3.7e+02   -2.3   0.0    26    37    15    26    12    37 0.83 -
GCA_040114635.1|PVP01_1217600|PVP01_1217600.1|unknown -            305 3864at5820           -            585   1.4e-29  101.5   6.9   2   3     0.012       2.5    4.9   0.2    88   119    47    77    34    86 0.84 -
GCA_040114635.1|PVP01_1217600|PVP01_1217600.1|unknown -            305 3864at5820           -            585   1.4e-29  101.5   6.9   3   3   2.9e-30   6.1e-28   96.0   0.6   156   400    92   297    84   301 0.81 -
GCA_040114635.1|PVP01_0521800|PVP01_0521800.1|unknown -           1604 3864at5820           -            585   4.5e-28   96.5   0.1   1   1     4e-30   8.3e-28   95.6   0.1   188   397   886  1089   872  1094 0.85 -
GCA_040114635.1|PVP01_0827800|PVP01_0827800.1|unknown -            494 3864at5820           -            585   5.9e-28   96.1   0.2   1   1   7.2e-30   1.5e-27   94.8   0.2   181   400   212   409   145   415 0.84 -
GCA_040114635.1|PVP01_1317900|PVP01_1317900.1|unknown -            706 3864at5820           -            585   4.7e-27   93.1   3.8   1   3      0.57   1.2e+02   -0.7   0.1    24    41    24    41    16    52 0.85 -
GCA_040114635.1|PVP01_1317900|PVP01_1317900.1|unknown -            706 3864at5820           -            585   4.7e-27   93.1   3.8   2   3      0.19        39    0.9   0.1    94   119    63    88    44   107 0.85 -
GCA_040114635.1|PVP01_1317900|PVP01_1317900.1|unknown -            706 3864at5820           -            585   4.7e-27   93.1   3.8   3   3     8e-29   1.7e-26   91.3   0.1   192   397   120   310   103   317 0.85 -
GCA_040114635.1|PVP01_0814500|PVP01_0814500.1|unknown -            325 3864at5820           -            585   1.4e-21   75.1  12.8   1   2       1.8   3.8e+02   -2.3   0.0    26    37    16    27    12    34 0.86 -
GCA_040114635.1|PVP01_0814500|PVP01_0814500.1|unknown -            325 3864at5820           -            585   1.4e-21   75.1  12.8   2   2   4.7e-23   9.9e-21   72.2   9.9   140   396    68   308    36   314 0.73 -
GCA_040114635.1|PVP01_0909200|PVP01_0909200.1|unknown -            335 3864at5820           -            585   6.7e-21   72.8   5.7   1   3       1.1   2.3e+02   -1.6   0.0    23    44    46    67    41    79 0.86 -
GCA_040114635.1|PVP01_0909200|PVP01_0909200.1|unknown -            335 3864at5820           -            585   6.7e-21   72.8   5.7   2   3    0.0064       1.4    5.8   0.1    96   131    83   122    77   134 0.80 -
GCA_040114635.1|PVP01_0909200|PVP01_0909200.1|unknown -            335 3864at5820           -            585   6.7e-21   72.8   5.7   3   3   9.8e-22   2.1e-19   67.9   0.7   190   400   135   332   127   335 0.88 -
GCA_040114635.1|PVP01_0313300|PVP01_0313300.1|unknown -            529 3864at5820           -            585   1.1e-17   62.2   4.1   1   2   5.9e-16   1.2e-13   48.8   0.5   195   318   174   283   166   295 0.89 -
GCA_040114635.1|PVP01_0313300|PVP01_0313300.1|unknown -            529 3864at5820           -            585   1.1e-17   62.2   4.1   2   2   7.6e-05     0.016   12.1   0.0   363   397   296   330   282   342 0.86 -
GCA_040114635.1|PVP01_0830100|PVP01_0830100.1|unknown -            603 3864at5820           -            585   3.4e-17   60.6   1.2   1   3      0.07        15    2.3   0.1    23    37   162   176   150   188 0.79 -
GCA_040114635.1|PVP01_0830100|PVP01_0830100.1|unknown -            603 3864at5820           -            585   3.4e-17   60.6   1.2   2   3   5.5e-14   1.1e-11   42.3   0.1   138   316   208   366   182   382 0.79 -
GCA_040114635.1|PVP01_0830100|PVP01_0830100.1|unknown -            603 3864at5820           -            585   3.4e-17   60.6   1.2   3   3   9.2e-05     0.019   11.9   0.0   363   397   381   415   355   425 0.83 -
GCA_040114635.1|PVP01_0407500|PVP01_0407500.1|unknown -            526 3864at5820           -            585   7.4e-17   59.5   7.3   1   2   1.1e-16   2.3e-14   51.3   3.0   141   318   125   281   103   286 0.86 -
GCA_040114635.1|PVP01_0407500|PVP01_0407500.1|unknown -            526 3864at5820           -            585   7.4e-17   59.5   7.3   2   2    0.0016      0.34    7.7   0.1   366   397   297   328   289   339 0.85 -
GCA_040114635.1|PVP01_0822900|PVP01_0822900.1|unknown -           1385 3864at5820           -            585   2.1e-16   58.0   3.4   1   2      0.46        97   -0.4   0.1    22    78   800   858   790   868 0.67 -
GCA_040114635.1|PVP01_0822900|PVP01_0822900.1|unknown -           1385 3864at5820           -            585   2.1e-16   58.0   3.4   2   2   9.8e-19   2.1e-16   58.0   3.4   171   402  1140  1368  1079  1384 0.74 -
GCA_040114635.1|PVP01_1416900|PVP01_1416900.1|unknown -            341 3864at5820           -            585   7.7e-15   52.8   0.5   1   1   1.3e-16   2.8e-14   50.9   0.5   175   314   120   246   100   265 0.78 -
GCA_040114635.1|PVP01_1457000|PVP01_1457000.1|unknown -            508 3864at5820           -            585   1.3e-12   45.4   6.4   1   3      0.34        72    0.1   0.8    14    64   108   155   104   172 0.72 -
GCA_040114635.1|PVP01_1457000|PVP01_1457000.1|unknown -            508 3864at5820           -            585   1.3e-12   45.4   6.4   2   3   2.3e-10   4.9e-08   30.3   0.8   143   308   164   308   136   325 0.76 -
GCA_040114635.1|PVP01_1457000|PVP01_1457000.1|unknown -            508 3864at5820           -            585   1.3e-12   45.4   6.4   3   3     7e-05     0.015   12.2   0.0   371   397   339   365   331   376 0.87 -
GCA_040114635.1|PVP01_1252700|PVP01_1252700.1|unknown -            860 3864at5820           -            585   7.1e-12   43.0   5.0   1   2   1.9e-13   4.1e-11   40.5   3.4   120   266   516   653   491   663 0.79 -
GCA_040114635.1|PVP01_1252700|PVP01_1252700.1|unknown -            860 3864at5820           -            585   7.1e-12   43.0   5.0   2   2      0.14        30    1.3   0.0   364   399   702   737   671   752 0.84 -
GCA_040114635.1|PVP01_1265700|PVP01_1265700.1|unknown -           2424 3864at5820           -            585   1.3e-11   42.1   2.8   1   2   1.5e-12   3.2e-10   37.6   0.3   155   245   189   277   171   341 0.77 -
GCA_040114635.1|PVP01_1265700|PVP01_1265700.1|unknown -           2424 3864at5820           -            585   1.3e-11   42.1   2.8   2   2     0.018       3.9    4.2   0.1   351   399   346   404   338   414 0.67 -
GCA_040114635.1|PVP01_0923400|PVP01_0923400.1|unknown -           1606 3864at5820           -            585   2.3e-11   41.3   0.6   1   2   1.2e-12   2.5e-10   37.9   0.3   157   270  1234  1341  1204  1350 0.79 -
GCA_040114635.1|PVP01_0923400|PVP01_0923400.1|unknown -           1606 3864at5820           -            585   2.3e-11   41.3   0.6   2   2      0.18        37    1.0   0.0   362   398  1385  1421  1347  1474 0.78 -
GCA_040114635.1|PVP01_1446500|PVP01_1446500.1|unknown -           1003 3864at5820           -            585   4.1e-11   40.5   0.2   1   1   3.9e-13   8.2e-11   39.5   0.2   153   316    84   253    61   273 0.76 -
GCA_040114635.1|PVP01_1257000|PVP01_1257000.1|unknown -            377 3864at5820           -            585   1.7e-10   38.4   4.3   1   2   2.6e-12   5.5e-10   36.8   2.9   148   318   107   261    69   276 0.77 -
GCA_040114635.1|PVP01_1257000|PVP01_1257000.1|unknown -            377 3864at5820           -            585   1.7e-10   38.4   4.3   2   2      0.38        80   -0.1   0.0   371   396   284   309   278   322 0.90 -
GCA_040114635.1|PVP01_0314900|PVP01_0314900.1|unknown -            310 3864at5820           -            585   6.7e-10   36.5   1.5   1   1   1.1e-11   2.4e-09   34.7   1.5   162   307    78   205    44   239 0.78 -
GCA_040114635.1|PVP01_1416000|PVP01_1416000.1|unknown -            368 3864at5820           -            585   2.3e-09   34.7   7.2   1   3      0.88   1.8e+02   -1.3   0.0    11    57    99   145    95   158 0.76 -
GCA_040114635.1|PVP01_1416000|PVP01_1416000.1|unknown -            368 3864at5820           -            585   2.3e-09   34.7   7.2   2   3   1.7e-11   3.6e-09   34.1   2.4   143   265   165   279   149   318 0.84 -
GCA_040114635.1|PVP01_1416000|PVP01_1416000.1|unknown -            368 3864at5820           -            585   2.3e-09   34.7   7.2   3   3     0.095        20    1.9   0.0   371   397   336   362   323   366 0.86 -
GCA_040114635.1|PVP01_1325400|PVP01_1325400.1|unknown -            284 3864at5820           -            585   4.1e-09   33.9   7.8   1   3   7.8e-08   1.6e-05   22.0   5.4   136   245    74   176    36   204 0.77 -
GCA_040114635.1|PVP01_1325400|PVP01_1325400.1|unknown -            284 3864at5820           -            585   4.1e-09   33.9   7.8   2   3      0.63   1.3e+02   -0.8   0.0   282   321   197   236   187   250 0.82 -
GCA_040114635.1|PVP01_1325400|PVP01_1325400.1|unknown -            284 3864at5820           -            585   4.1e-09   33.9   7.8   3   3   0.00011     0.022   11.7   0.0   369   396   252   279   212   283 0.87 -
GCA_040114635.1|PVP01_0937400|PVP01_0937400.1|unknown -            323 3864at5820           -            585   5.3e-08   30.2   0.3   1   2     0.027       5.6    3.7   0.0    20    42     9    31     3    54 0.80 -
GCA_040114635.1|PVP01_0937400|PVP01_0937400.1|unknown -            323 3864at5820           -            585   5.3e-08   30.2   0.3   2   2   1.4e-08     3e-06   24.4   0.0   188   245   101   158    95   166 0.90 -
GCA_040114635.1|PVP01_1143600|PVP01_1143600.1|unknown -            354 3864at5820           -            585   1.7e-07   28.5   0.0   1   1   1.4e-09   2.9e-07   27.8   0.0   156   311   102   245    77   286 0.82 -
GCA_040114635.1|PVP01_0411500|PVP01_0411500.1|unknown -            344 3864at5820           -            585     2e-06   25.0   0.0   1   2   2.3e-05    0.0048   13.8   0.0   193   262   150   216   141   237 0.77 -
GCA_040114635.1|PVP01_0411500|PVP01_0411500.1|unknown -            344 3864at5820           -            585     2e-06   25.0   0.0   2   2   0.00074      0.15    8.9   0.0   369   407   295   333   257   342 0.84 -
GCA_040114635.1|PVP01_0945900|PVP01_0945900.1|unknown -           2018 3864at5820           -            585   6.6e-06   23.3   0.4   1   3       1.8   3.9e+02   -2.4   0.0    24    71    81   127    72   134 0.66 -
GCA_040114635.1|PVP01_0945900|PVP01_0945900.1|unknown -           2018 3864at5820           -            585   6.6e-06   23.3   0.4   2   3   1.1e-05    0.0024   14.8   0.0   187   252   172   233   159   277 0.72 -
GCA_040114635.1|PVP01_0945900|PVP01_0945900.1|unknown -           2018 3864at5820           -            585   6.6e-06   23.3   0.4   3   3    0.0081       1.7    5.4   0.0   370   399   313   342   306   356 0.90 -
GCA_040114635.1|PVP01_1424400|PVP01_1424400.1|unknown -            517 3864at5820           -            585   1.1e-05   22.6   0.4   1   2   2.7e-06   0.00056   16.9   0.1   142   233   269   353   257   371 0.81 -
GCA_040114635.1|PVP01_1424400|PVP01_1424400.1|unknown -            517 3864at5820           -            585   1.1e-05   22.6   0.4   2   2     0.039       8.2    3.2   0.0   373   397   487   511   478   515 0.87 -
GCA_040114635.1|PVP01_0905700|PVP01_0905700.1|unknown -           1277 3864at5820           -            585   8.9e-05   19.6   5.3   1   2       1.7   3.6e+02   -2.2   0.0    35    59    58    82    51    96 0.85 -
GCA_040114635.1|PVP01_0905700|PVP01_0905700.1|unknown -           1277 3864at5820           -            585   8.9e-05   19.6   5.3   2   2   9.1e-07   0.00019   18.5   5.0   115   229   295   405   276   423 0.83 -
GCA_040114635.1|PVP01_0207300|PVP01_0207300.1|unknown -           3304 3864at5820           -            585   0.00012   19.1   0.1   1   1   8.5e-07   0.00018   18.6   0.1   188   240  3098  3147  3069  3153 0.84 -
GCA_040114635.1|PVP01_0513200|PVP01_0513200.1|unknown -            800 3864at5820           -            585     0.011   12.6   0.1   1   1   9.4e-05      0.02   11.8   0.1   187   224   232   269   215   277 0.83 -
#
# Program:         hmmsearch
# Version:         3.4 (Aug 2023)
# Pipeline mode:   SEARCH
# Query file:      /v3/work/00_inventory/busco/busco_downloads/lineages/plasmodium_odb10/hmms/3864at5820.hmm
# Target file:     /v3/inputs/annotations/ncbi-datasets/MHC087.proteins.fa
# Option settings: hmmsearch --domtblout /v3/work/00_inventory/busco/MHC087_proteins/run_plasmodium_odb10/hmmer_output/initial_run_results/3864at5820.out --cpu 1 /v3/work/00_inventory/busco/busco_downloads/lineages/plasmodium_odb10/hmms/3864at5820.hmm /v3/inputs/annotations/ncbi-datasets/MHC087.proteins.fa 
# Current dir:     /v3/work/00_inventory/busco
# Date:            Tue May 19 18:09:15 2026
# [ok]
