#                                                                                                             --- full sequence --- -------------- this domain -------------   hmm coord   ali coord   env coord
# target name                                         accession   tlen query name           accession   qlen   E-value  score  bias   #  of  c-Evalue  i-Evalue  score  bias  from    to  from    to  from    to  acc description of target
#                                 ------------------- ---------- ----- -------------------- ---------- ----- --------- ------ ----- --- --- --------- --------- ------ ----- ----- ----- ----- ----- ----- ----- ---- ---------------------
GCA_040114635.1|PVP01_1024600|PVP01_1024600.1|unknown -           2642 395at5820            -           2124         0 3777.1  21.3   1   3         0         0 2658.3   1.6     1  1398     1  1685     1  1691 0.95 -
GCA_040114635.1|PVP01_1024600|PVP01_1024600.1|unknown -           2642 395at5820            -           2124         0 3777.1  21.3   2   3  2.9e-171  7.9e-169  562.3   0.4  1399  1812  1716  2241  1711  2254 0.82 -
GCA_040114635.1|PVP01_1024600|PVP01_1024600.1|unknown -           2642 395at5820            -           2124         0 3777.1  21.3   3   3  5.1e-172  1.4e-169  564.8   6.2  1788  2123  2298  2640  2273  2641 0.84 -
GCA_040114635.1|PVP01_0821900|PVP01_0821900.1|unknown -           2394 395at5820            -           2124  8.5e-146  485.9  72.6   1   7   5.8e-12   1.6e-09   33.9   3.9    11   124    16   128     4   183 0.79 -
GCA_040114635.1|PVP01_0821900|PVP01_0821900.1|unknown -           2394 395at5820            -           2124  8.5e-146  485.9  72.6   2   7   1.4e-53   3.7e-51  172.0   0.1   455   724   319   585   290   588 0.89 -
GCA_040114635.1|PVP01_0821900|PVP01_0821900.1|unknown -           2394 395at5820            -           2124  8.5e-146  485.9  72.6   3   7    0.0052       1.4    4.3   0.1   767   790   594   617   590   621 0.86 -
GCA_040114635.1|PVP01_0821900|PVP01_0821900.1|unknown -           2394 395at5820            -           2124  8.5e-146  485.9  72.6   4   7   1.5e-08   4.2e-06   22.6   0.2   830   913   724   807   704   823 0.85 -
GCA_040114635.1|PVP01_0821900|PVP01_0821900.1|unknown -           2394 395at5820            -           2124  8.5e-146  485.9  72.6   5   7   4.6e-48   1.3e-45  153.7   0.4  1230  1363   868  1001   824  1026 0.88 -
GCA_040114635.1|PVP01_0821900|PVP01_0821900.1|unknown -           2394 395at5820            -           2124  8.5e-146  485.9  72.6   6   7   1.5e-24     4e-22   75.7   0.1  1451  1546  1327  1426  1295  1451 0.73 -
GCA_040114635.1|PVP01_0821900|PVP01_0821900.1|unknown -           2394 395at5820            -           2124  8.5e-146  485.9  72.6   7   7   6.7e-19   1.8e-16   57.0   0.7  1981  2119  1825  1962  1813  1966 0.91 -
GCA_040114635.1|PVP01_1225500|PVP01_1225500.1|unknown -           1916 395at5820            -           2124  6.9e-132  439.8  48.9   1   8   1.4e-09   3.8e-07   26.1   6.5    10   118    55   161    48   226 0.88 -
GCA_040114635.1|PVP01_1225500|PVP01_1225500.1|unknown -           1916 395at5820            -           2124  6.9e-132  439.8  48.9   2   8     3e-17   8.3e-15   51.5   0.1   461   569   326   438   304   448 0.84 -
GCA_040114635.1|PVP01_1225500|PVP01_1225500.1|unknown -           1916 395at5820            -           2124  6.9e-132  439.8  48.9   3   8   6.5e-40   1.8e-37  126.6   0.2   566   723   474   630   456   635 0.87 -
GCA_040114635.1|PVP01_1225500|PVP01_1225500.1|unknown -           1916 395at5820            -           2124  6.9e-132  439.8  48.9   4   8   8.3e-06    0.0023   13.5   0.4   763   803   638   678   631   766 0.77 -
GCA_040114635.1|PVP01_1225500|PVP01_1225500.1|unknown -           1916 395at5820            -           2124  6.9e-132  439.8  48.9   5   8   4.7e-39   1.3e-36  123.8   0.3  1234  1368   841   975   819  1000 0.89 -
GCA_040114635.1|PVP01_1225500|PVP01_1225500.1|unknown -           1916 395at5820            -           2124  6.9e-132  439.8  48.9   6   8      0.33        91   -1.7   0.3  1803  1907  1091  1194  1078  1204 0.67 -
GCA_040114635.1|PVP01_1225500|PVP01_1225500.1|unknown -           1916 395at5820            -           2124  6.9e-132  439.8  48.9   7   8   4.1e-22   1.1e-19   67.6   0.7  1452  1539  1427  1516  1414  1609 0.82 -
GCA_040114635.1|PVP01_1225500|PVP01_1225500.1|unknown -           1916 395at5820            -           2124  6.9e-132  439.8  48.9   8   8   2.3e-19   6.3e-17   58.5   1.3  1997  2113  1771  1888  1751  1895 0.91 -
GCA_040114635.1|PVP01_0107800|PVP01_0107800.1|unknown -            325 395at5820            -           2124    0.0071   11.9  18.5   1   1   3.2e-05    0.0088   11.6  18.5  1699  1889     8   207     2   224 0.54 -
GCA_040114635.1|PVP01_0810500|PVP01_0810500.1|unknown -            381 395at5820            -           2124     0.023   10.2  28.2   1   1   0.00011     0.029    9.9  28.2  1716  1880    87   259    54   275 0.57 -
GCA_040114635.1|PVP01_0410000|PVP01_0410000.1|unknown -            993 395at5820            -           2124      0.03    9.8  21.2   1   1   0.00014     0.038    9.5  21.2  1728  1809   255   334   216   525 0.64 -
GCA_040114635.1|PVP01_0931800|PVP01_0931800.1|unknown -            156 395at5820            -           2124     0.042    9.3   3.2   1   1   0.00017     0.046    9.2   3.2  1649  1794     5   149     2   156 0.51 -
GCA_040114635.1|PVP01_0901900|PVP01_0901900.1|unknown -            345 395at5820            -           2124      0.11    8.0  17.4   1   1   0.00053      0.15    7.5  17.4  1728  1793   101   160    83   182 0.38 -
GCA_040114635.1|PVP01_1331200|PVP01_1331200.1|unknown -            228 395at5820            -           2124      0.13    7.7  18.1   1   1   0.00058      0.16    7.4  18.1  1672  1796    31   154    25   194 0.47 -
GCA_040114635.1|PVP01_0522700|PVP01_0522700.1|unknown -            418 395at5820            -           2124      0.14    7.6  13.2   1   1   0.00071       0.2    7.1  13.2  1726  1781   112   167    88   266 0.71 -
GCA_040114635.1|PVP01_1440900|PVP01_1440900.1|unknown -            193 395at5820            -           2124      0.23    6.9  14.0   1   1   0.00087      0.24    6.8  14.0  1722  1831    40   150     6   184 0.70 -
GCA_040114635.1|PVP01_1427000|PVP01_1427000.1|unknown -            318 395at5820            -           2124      0.91    4.9  39.9   1   1    0.0049       1.3    4.3  39.9  1679  1807   108   240    76   291 0.46 -
GCA_040114635.1|PVP01_0832500|PVP01_0832500.1|unknown -           1703 395at5820            -           2124       1.5    4.2  23.4   1   1     0.009       2.5    3.5  23.4  1653  1849  1379  1589  1363  1603 0.69 -
GCA_040114635.1|PVP01_1426700|PVP01_1426700.1|unknown -            270 395at5820            -           2124       1.7    4.0  22.3   1   1    0.0064       1.7    4.0  22.3  1671  1836     7   173     1   252 0.47 -
GCA_040114635.1|PVP01_1005900|PVP01_1005900.1|unknown -            666 395at5820            -           2124       2.1    3.7  19.1   1   1      0.01       2.7    3.3  19.1  1712  1845    35   160    14   213 0.40 -
GCA_040114635.1|PVP01_1024700|PVP01_1024700.1|unknown -            143 395at5820            -           2124       2.3    3.5  16.1   1   1      0.01       2.7    3.3  16.1  1690  1774    39   119    31   136 0.42 -
GCA_040114635.1|PVP01_1147800|PVP01_1147800.1|unknown -            332 395at5820            -           2124       3.3    3.0  15.4   1   1     0.015         4    2.8  15.4  1738  1846    71   185    39   220 0.58 -
GCA_040114635.1|PVP01_1321400|PVP01_1321400.1|unknown -            281 395at5820            -           2124       3.4    3.0  19.0   1   1     0.013       3.6    2.9  19.0  1710  1809   178   276    87   281 0.50 -
GCA_040114635.1|PVP01_1409000|PVP01_1409000.1|unknown -            713 395at5820            -           2124       3.5    3.0  30.1   1   1     0.016       4.4    2.6  30.1  1654  1823    24   206    11   214 0.53 -
GCA_040114635.1|PVP01_0944300|PVP01_0944300.1|unknown -            325 395at5820            -           2124       3.7    2.9  21.0   1   1     0.017       4.6    2.6  21.0  1740  1880   140   276    95   290 0.53 -
GCA_040114635.1|PVP01_0702600|PVP01_0702600.1|unknown -            304 395at5820            -           2124       4.4    2.6  13.5   1   1      0.02       5.5    2.3  13.5  1704  1839   157   292   146   304 0.40 -
GCA_040114635.1|PVP01_1344600|PVP01_1344600.1|unknown -            132 395at5820            -           2124       5.6    2.3  14.4   1   1      0.02       5.6    2.3  14.4  1717  1796    14    91     1   120 0.39 -
GCA_040114635.1|PVP01_1406800|PVP01_1406800.1|unknown -            539 395at5820            -           2124       7.8    1.8  24.2   1   1     0.045        12    1.1  24.2  1676  1802   129   247   103   278 0.49 -
#
# Program:         hmmsearch
# Version:         3.4 (Aug 2023)
# Pipeline mode:   SEARCH
# Query file:      /v3/work/00_inventory/busco/busco_downloads/lineages/plasmodium_odb10/hmms/395at5820.hmm
# Target file:     /v3/inputs/annotations/ncbi-datasets/MHC087.proteins.fa
# Option settings: hmmsearch --domtblout /v3/work/00_inventory/busco/MHC087_proteins/run_plasmodium_odb10/hmmer_output/initial_run_results/395at5820.out --cpu 1 /v3/work/00_inventory/busco/busco_downloads/lineages/plasmodium_odb10/hmms/395at5820.hmm /v3/inputs/annotations/ncbi-datasets/MHC087.proteins.fa 
# Current dir:     /v3/work/00_inventory/busco
# Date:            Tue May 19 18:09:45 2026
# [ok]
