#                                                                                                             --- full sequence --- -------------- this domain -------------   hmm coord   ali coord   env coord
# target name                                         accession   tlen query name           accession   qlen   E-value  score  bias   #  of  c-Evalue  i-Evalue  score  bias  from    to  from    to  from    to  acc description of target
#                                 ------------------- ---------- ----- -------------------- ---------- ----- --------- ------ ----- --- --- --------- --------- ------ ----- ----- ----- ----- ----- ----- ----- ---- ---------------------
GCA_040114635.1|PVP01_1142900|PVP01_1142900.1|unknown -           1155 3973at5820           -            418  5.6e-148  492.0  73.5   1   8   1.7e-37     1e-33  115.5   4.7     1    75     1    75     1    80 0.95 -
GCA_040114635.1|PVP01_1142900|PVP01_1142900.1|unknown -           1155 3973at5820           -            418  5.6e-148  492.0  73.5   2   8   2.6e-13   1.6e-09   35.8   1.2    60   102   160   205   151   220 0.81 -
GCA_040114635.1|PVP01_1142900|PVP01_1142900.1|unknown -           1155 3973at5820           -            418  5.6e-148  492.0  73.5   3   8   1.5e-06    0.0093   13.6   0.0   100   122   318   340   307   347 0.85 -
GCA_040114635.1|PVP01_1142900|PVP01_1142900.1|unknown -           1155 3973at5820           -            418  5.6e-148  492.0  73.5   4   8   6.7e-05      0.42    8.1   0.0   128   154   384   410   380   428 0.88 -
GCA_040114635.1|PVP01_1142900|PVP01_1142900.1|unknown -           1155 3973at5820           -            418  5.6e-148  492.0  73.5   5   8   2.8e-31   1.8e-27   95.0  11.6   144   240   454   573   420   615 0.78 -
GCA_040114635.1|PVP01_1142900|PVP01_1142900.1|unknown -           1155 3973at5820           -            418  5.6e-148  492.0  73.5   6   8   4.1e-05      0.26    8.8   0.1   244   288   677   725   667   735 0.69 -
GCA_040114635.1|PVP01_1142900|PVP01_1142900.1|unknown -           1155 3973at5820           -            418  5.6e-148  492.0  73.5   7   8   2.5e-54   1.6e-50  170.9  19.0   239   380   928  1068   918  1078 0.82 -
GCA_040114635.1|PVP01_1142900|PVP01_1142900.1|unknown -           1155 3973at5820           -            418  5.6e-148  492.0  73.5   8   8   2.1e-22   1.3e-18   65.8   0.5   379   418  1116  1155  1104  1155 0.95 -
#
# Program:         hmmsearch
# Version:         3.4 (Aug 2023)
# Pipeline mode:   SEARCH
# Query file:      /v3/work/00_inventory/busco/busco_downloads/lineages/plasmodium_odb10/hmms/3973at5820.hmm
# Target file:     /v3/inputs/annotations/ncbi-datasets/MHC087.proteins.fa
# Option settings: hmmsearch --domtblout /v3/work/00_inventory/busco/MHC087_proteins/run_plasmodium_odb10/hmmer_output/initial_run_results/3973at5820.out --cpu 1 /v3/work/00_inventory/busco/busco_downloads/lineages/plasmodium_odb10/hmms/3973at5820.hmm /v3/inputs/annotations/ncbi-datasets/MHC087.proteins.fa 
# Current dir:     /v3/work/00_inventory/busco
# Date:            Tue May 19 18:09:51 2026
# [ok]
