#                                                                                                             --- full sequence --- -------------- this domain -------------   hmm coord   ali coord   env coord
# target name                                         accession   tlen query name           accession   qlen   E-value  score  bias   #  of  c-Evalue  i-Evalue  score  bias  from    to  from    to  from    to  acc description of target
#                                 ------------------- ---------- ----- -------------------- ---------- ----- --------- ------ ----- --- --- --------- --------- ------ ----- ----- ----- ----- ----- ----- ----- ---- ---------------------
GCA_040114635.1|PVP01_0608300|PVP01_0608300.1|unknown -           5266 41at5820             -           4262         0 4590.0 179.6   1   6   2.5e-09   3.1e-06   22.2   0.4     1    38    43    88    43    88 0.90 -
GCA_040114635.1|PVP01_0608300|PVP01_0608300.1|unknown -           5266 41at5820             -           4262         0 4590.0 179.6   2   6   4.3e-51   5.4e-48  160.8   9.5  2122  2218  2784  2883  2780  2894 0.94 -
GCA_040114635.1|PVP01_0608300|PVP01_0608300.1|unknown -           5266 41at5820             -           4262         0 4590.0 179.6   3   6  9.9e-180  1.2e-176  587.8  29.3  2214  2513  2935  3244  2930  3251 0.97 -
GCA_040114635.1|PVP01_0608300|PVP01_0608300.1|unknown -           5266 41at5820             -           4262         0 4590.0 179.6   4   6         0         0 1753.3  54.7  2509  3313  3296  4110  3277  4112 0.99 -
GCA_040114635.1|PVP01_0608300|PVP01_0608300.1|unknown -           5266 41at5820             -           4262         0 4590.0 179.6   5   6  2.6e-110  3.3e-107  357.3  10.0  3313  3485  4241  4413  4218  4418 0.97 -
GCA_040114635.1|PVP01_0608300|PVP01_0608300.1|unknown -           5266 41at5820             -           4262         0 4590.0 179.6   6   6         0         0 1737.8  37.8  3484  4262  4480  5266  4475  5266 0.99 -
GCA_040114635.1|PVP01_0703700|PVP01_0703700.1|unknown -           5867 41at5820             -           4262    2e-132  441.0 123.1   1   4         1   1.3e+03   -6.4   7.8   977  1051  1371  1448  1364  1472 0.78 -
GCA_040114635.1|PVP01_0703700|PVP01_0703700.1|unknown -           5867 41at5820             -           4262    2e-132  441.0 123.1   2   4   5.2e-19   6.6e-16   54.3  15.4  2207  2524  3339  3683  3281  3701 0.76 -
GCA_040114635.1|PVP01_0703700|PVP01_0703700.1|unknown -           5867 41at5820             -           4262    2e-132  441.0 123.1   3   4   1.9e-20   2.4e-17   59.1   5.8  2530  2689  3799  3960  3794  3974 0.88 -
GCA_040114635.1|PVP01_0703700|PVP01_0703700.1|unknown -           5867 41at5820             -           4262    2e-132  441.0 123.1   4   4    1e-108  1.3e-105  352.1  70.1  2698  3545  4042  4916  4023  4950 0.84 -
GCA_040114635.1|PVP01_0923500|PVP01_0923500.1|unknown -           5317 41at5820             -           4262   2.9e-80  267.9  76.0   1   4   1.7e-64   2.1e-61  205.3  44.0  2228  2767  2473  3027  2471  3033 0.90 -
GCA_040114635.1|PVP01_0923500|PVP01_0923500.1|unknown -           5317 41at5820             -           4262   2.9e-80  267.9  76.0   2   4    0.0011       1.3    3.5   4.2  2766  2855  3097  3186  3093  3195 0.86 -
GCA_040114635.1|PVP01_0923500|PVP01_0923500.1|unknown -           5317 41at5820             -           4262   2.9e-80  267.9  76.0   3   4     9e-18   1.1e-14   50.2   9.7  3484  3689  4312  4520  4306  4526 0.77 -
GCA_040114635.1|PVP01_0923500|PVP01_0923500.1|unknown -           5317 41at5820             -           4262   2.9e-80  267.9  76.0   4   4   4.2e-09   5.3e-06   21.4   0.0  3701  3754  4572  4624  4566  4631 0.91 -
GCA_040114635.1|PVP01_0313800|PVP01_0313800.1|unknown -           5183 41at5820             -           4262   2.9e-22   75.4  28.5   1   4         5   6.3e+03  -38.0 175.0   459  1412   244  1218   205  1285 0.65 -
GCA_040114635.1|PVP01_0313800|PVP01_0313800.1|unknown -           5183 41at5820             -           4262   2.9e-22   75.4  28.5   2   4     0.015        18   -0.3   3.8  1498  1548  1382  1431  1376  1437 0.88 -
GCA_040114635.1|PVP01_0313800|PVP01_0313800.1|unknown -           5183 41at5820             -           4262   2.9e-22   75.4  28.5   3   4   2.3e-25   2.9e-22   75.4  28.5  3804  4205  4700  5086  4693  5094 0.88 -
GCA_040114635.1|PVP01_0313800|PVP01_0313800.1|unknown -           5183 41at5820             -           4262   2.9e-22   75.4  28.5   4   4      0.02        25   -0.8   0.0  4217  4256  5134  5179  5112  5182 0.75 -
GCA_040114635.1|PVP01_0215600|PVP01_0215600.1|unknown -           5038 41at5820             -           4262     8e-21   70.6   0.1   1   1     8e-24     1e-20   70.3   0.1  1507  1630  1874  1997  1860  2000 0.92 -
#
# Program:         hmmsearch
# Version:         3.4 (Aug 2023)
# Pipeline mode:   SEARCH
# Query file:      /v3/work/00_inventory/busco/busco_downloads/lineages/plasmodium_odb10/hmms/41at5820.hmm
# Target file:     /v3/inputs/annotations/ncbi-datasets/MHC087.proteins.fa
# Option settings: hmmsearch --domtblout /v3/work/00_inventory/busco/MHC087_proteins/run_plasmodium_odb10/hmmer_output/initial_run_results/41at5820.out --cpu 1 /v3/work/00_inventory/busco/busco_downloads/lineages/plasmodium_odb10/hmms/41at5820.hmm /v3/inputs/annotations/ncbi-datasets/MHC087.proteins.fa 
# Current dir:     /v3/work/00_inventory/busco
# Date:            Tue May 19 18:11:04 2026
# [ok]
