#                                                                                                             --- full sequence --- -------------- this domain -------------   hmm coord   ali coord   env coord
# target name                                         accession   tlen query name           accession   qlen   E-value  score  bias   #  of  c-Evalue  i-Evalue  score  bias  from    to  from    to  from    to  acc description of target
#                                 ------------------- ---------- ----- -------------------- ---------- ----- --------- ------ ----- --- --- --------- --------- ------ ----- ----- ----- ----- ----- ----- ----- ---- ---------------------
GCA_040114635.1|PVP01_0717000|PVP01_0717000.1|unknown -            731 4223at5820           -            541  5.1e-296  980.9  58.5   1   3  1.6e-125  7.7e-123  409.3   6.3     8   218    12   224    10   231 0.98 -
GCA_040114635.1|PVP01_0717000|PVP01_0717000.1|unknown -            731 4223at5820           -            541  5.1e-296  980.9  58.5   2   3  4.3e-138  2.1e-135  450.8   9.8   216   424   330   538   326   540 0.99 -
GCA_040114635.1|PVP01_0717000|PVP01_0717000.1|unknown -            731 4223at5820           -            541  5.1e-296  980.9  58.5   3   3   6.6e-47   3.2e-44  149.9   7.5   423   541   576   731   572   731 0.90 -
GCA_040114635.1|PVP01_1319500|PVP01_1319500.1|unknown -           1255 4223at5820           -            541   1.4e-67  227.0  11.2   1   1   3.9e-70   1.9e-67  226.5  11.2    28   433    38   451    23   494 0.82 -
GCA_040114635.1|PVP01_1445300|PVP01_1445300.1|unknown -            717 4223at5820           -            541     1e-17   62.4   3.4   1   2       0.4   1.9e+02   -1.2   0.0    39   136   411   513   394   526 0.67 -
GCA_040114635.1|PVP01_1445300|PVP01_1445300.1|unknown -            717 4223at5820           -            541     1e-17   62.4   3.4   2   2   3.2e-20   1.6e-17   61.8   2.5   229   364   546   678   456   687 0.83 -
GCA_040114635.1|PVP01_1261100|PVP01_1261100.1|unknown -            528 4223at5820           -            541   7.7e-16   56.2   0.1   1   1   3.3e-18   1.6e-15   55.1   0.0   257   363   358   465   333   482 0.83 -
GCA_040114635.1|PVP01_0531200|PVP01_0531200.1|unknown -            388 4223at5820           -            541     9e-16   56.0   0.9   1   1   2.9e-18   1.4e-15   55.3   0.4   263   390   257   384   235   387 0.92 -
GCA_040114635.1|PVP01_1238100|PVP01_1238100.1|unknown -            398 4223at5820           -            541   2.1e-14   51.5   0.4   1   2      0.32   1.6e+02   -0.9   0.0   156   210    80   135    74   150 0.76 -
GCA_040114635.1|PVP01_1238100|PVP01_1238100.1|unknown -            398 4223at5820           -            541   2.1e-14   51.5   0.4   2   2   1.3e-16   6.5e-14   49.8   0.1   263   375   265   377   239   394 0.88 -
GCA_040114635.1|PVP01_1429700|PVP01_1429700.1|unknown -            923 4223at5820           -            541   2.2e-14   51.4   0.9   1   1   7.4e-17   3.6e-14   50.7   0.9   243   364   608   727   576   753 0.85 -
GCA_040114635.1|PVP01_0415000|PVP01_0415000.1|unknown -            473 4223at5820           -            541   1.3e-12   45.5   0.4   1   1   3.9e-15   1.9e-12   45.0   0.4   183   369   258   444   216   461 0.73 -
GCA_040114635.1|PVP01_1029600|PVP01_1029600.1|unknown -            719 4223at5820           -            541     3e-10   37.8   2.9   1   2     0.011       5.4    3.9   0.2    41   112   237   311   222   361 0.63 -
GCA_040114635.1|PVP01_1029600|PVP01_1029600.1|unknown -            719 4223at5820           -            541     3e-10   37.8   2.9   2   2     1e-11   4.9e-09   33.7   0.8   228   379   367   517   317   530 0.82 -
GCA_040114635.1|PVP01_0406600|PVP01_0406600.1|unknown -            533 4223at5820           -            541   4.4e-10   37.2   4.2   1   1   1.5e-12   7.3e-10   36.5   3.7   263   385   368   489   283   512 0.84 -
GCA_040114635.1|PVP01_0907400|PVP01_0907400.1|unknown -           1318 4223at5820           -            541   8.5e-07   26.3   0.2   1   3    0.0035       1.7    5.6   0.1    11    83   134   208   127   242 0.76 -
GCA_040114635.1|PVP01_0907400|PVP01_0907400.1|unknown -           1318 4223at5820           -            541   8.5e-07   26.3   0.2   2   3       9.1   4.4e+03   -5.7   1.9    87   130   335   378   334   384 0.71 -
GCA_040114635.1|PVP01_0907400|PVP01_0907400.1|unknown -           1318 4223at5820           -            541   8.5e-07   26.3   0.2   3   3   1.8e-09   8.5e-07   26.3   0.2   263   356   877   970   858   998 0.88 -
GCA_040114635.1|PVP01_1029800|PVP01_1029800.1|unknown -            522 4223at5820           -            541   0.00053   17.1  11.0   1   1   1.7e-06    0.0008   16.5  11.0   175   398   269   498   246   502 0.71 -
GCA_040114635.1|PVP01_0317000|PVP01_0317000.1|unknown -            837 4223at5820           -            541     0.015   12.3   0.0   1   1   5.1e-05     0.025   11.6   0.0   309   375   616   682   594   704 0.87 -
#
# Program:         hmmsearch
# Version:         3.4 (Aug 2023)
# Pipeline mode:   SEARCH
# Query file:      /v3/work/00_inventory/busco/busco_downloads/lineages/plasmodium_odb10/hmms/4223at5820.hmm
# Target file:     /v3/inputs/annotations/ncbi-datasets/MHC087.proteins.fa
# Option settings: hmmsearch --domtblout /v3/work/00_inventory/busco/MHC087_proteins/run_plasmodium_odb10/hmmer_output/initial_run_results/4223at5820.out --cpu 1 /v3/work/00_inventory/busco/busco_downloads/lineages/plasmodium_odb10/hmms/4223at5820.hmm /v3/inputs/annotations/ncbi-datasets/MHC087.proteins.fa 
# Current dir:     /v3/work/00_inventory/busco
# Date:            Tue May 19 18:11:10 2026
# [ok]
