#                                                                                                             --- full sequence --- -------------- this domain -------------   hmm coord   ali coord   env coord
# target name                                         accession   tlen query name           accession   qlen   E-value  score  bias   #  of  c-Evalue  i-Evalue  score  bias  from    to  from    to  from    to  acc description of target
#                                 ------------------- ---------- ----- -------------------- ---------- ----- --------- ------ ----- --- --- --------- --------- ------ ----- ----- ----- ----- ----- ----- ----- ---- ---------------------
GCA_040114635.1|PVP01_0722300|PVP01_0722300.1|unknown -            546 4365at5820           -            510         0 1065.3   5.5   1   1         0         0 1065.0   5.5    10   510    43   546    33   546 0.99 -
GCA_040114635.1|PVP01_1329100|PVP01_1329100.1|unknown -            563 4365at5820           -            510   1.4e-75  253.6   7.8   1   2   2.9e-45   4.6e-42  143.0   6.0     6   328    42   377    37   388 0.82 -
GCA_040114635.1|PVP01_1329100|PVP01_1329100.1|unknown -            563 4365at5820           -            510   1.4e-75  253.6   7.8   2   2   3.9e-33   6.1e-30  103.0   0.0   329   488   412   558   404   561 0.90 -
GCA_040114635.1|PVP01_1450400|PVP01_1450400.1|unknown -            512 4365at5820           -            510   1.3e-34  118.4   5.0   1   2   2.1e-36   3.3e-33  113.8   4.2    10   382    22   413    16   420 0.82 -
GCA_040114635.1|PVP01_1450400|PVP01_1450400.1|unknown -            512 4365at5820           -            510   1.3e-34  118.4   5.0   2   2    0.0087        14    2.8   0.0   434   487   447   500   439   506 0.87 -
GCA_040114635.1|PVP01_0519400|PVP01_0519400.1|unknown -            662 4365at5820           -            510   4.6e-22   77.0   8.7   1   2   2.5e-16     4e-13   47.5   4.3    10   218   110   334   103   358 0.71 -
GCA_040114635.1|PVP01_0519400|PVP01_0519400.1|unknown -            662 4365at5820           -            510   4.6e-22   77.0   8.7   2   2     1e-10   1.6e-07   29.0   0.1   274   484   411   648   403   657 0.71 -
#
# Program:         hmmsearch
# Version:         3.4 (Aug 2023)
# Pipeline mode:   SEARCH
# Query file:      /v3/work/00_inventory/busco/busco_downloads/lineages/plasmodium_odb10/hmms/4365at5820.hmm
# Target file:     /v3/inputs/annotations/ncbi-datasets/MHC087.proteins.fa
# Option settings: hmmsearch --domtblout /v3/work/00_inventory/busco/MHC087_proteins/run_plasmodium_odb10/hmmer_output/initial_run_results/4365at5820.out --cpu 1 /v3/work/00_inventory/busco/busco_downloads/lineages/plasmodium_odb10/hmms/4365at5820.hmm /v3/inputs/annotations/ncbi-datasets/MHC087.proteins.fa 
# Current dir:     /v3/work/00_inventory/busco
# Date:            Tue May 19 18:11:43 2026
# [ok]
