#                                                                                                             --- full sequence --- -------------- this domain -------------   hmm coord   ali coord   env coord
# target name                                         accession   tlen query name           accession   qlen   E-value  score  bias   #  of  c-Evalue  i-Evalue  score  bias  from    to  from    to  from    to  acc description of target
#                                 ------------------- ---------- ----- -------------------- ---------- ----- --------- ------ ----- --- --- --------- --------- ------ ----- ----- ----- ----- ----- ----- ----- ---- ---------------------
GCA_040114635.1|PVP01_0618600|PVP01_0618600.1|unknown -            706 4451at5820           -            552  2.8e-275  912.8  36.1   1   2   1.6e-07   7.7e-05   20.1   3.4     1    28    20    47    20    52 0.91 -
GCA_040114635.1|PVP01_0618600|PVP01_0618600.1|unknown -            706 4451at5820           -            552  2.8e-275  912.8  36.1   2   2  2.5e-273  1.2e-270  897.5  24.8    26   551    75   703    58   704 0.94 -
GCA_040114635.1|PVP01_1142200|PVP01_1142200.1|unknown -           1401 4451at5820           -            552   7.9e-15   53.1  16.4   1   7     0.036        18    2.4   0.0   135   173    48    85    39    89 0.78 -
GCA_040114635.1|PVP01_1142200|PVP01_1142200.1|unknown -           1401 4451at5820           -            552   7.9e-15   53.1  16.4   2   7    0.0047       2.3    5.4   0.2   132   176    87   130    79   132 0.82 -
GCA_040114635.1|PVP01_1142200|PVP01_1142200.1|unknown -           1401 4451at5820           -            552   7.9e-15   53.1  16.4   3   7   2.4e-07   0.00012   19.5   0.1   135   169   132   165   127   179 0.87 -
GCA_040114635.1|PVP01_1142200|PVP01_1142200.1|unknown -           1401 4451at5820           -            552   7.9e-15   53.1  16.4   4   7     4e-06    0.0019   15.5   0.1   135   177   248   289   239   291 0.92 -
GCA_040114635.1|PVP01_1142200|PVP01_1142200.1|unknown -           1401 4451at5820           -            552   7.9e-15   53.1  16.4   5   7   7.9e-07   0.00038   17.8   0.1   133   173   290   330   287   337 0.92 -
GCA_040114635.1|PVP01_1142200|PVP01_1142200.1|unknown -           1401 4451at5820           -            552   7.9e-15   53.1  16.4   6   7      0.42     2e+02   -1.1   0.0    49    98   347   396   334   402 0.80 -
GCA_040114635.1|PVP01_1142200|PVP01_1142200.1|unknown -           1401 4451at5820           -            552   7.9e-15   53.1  16.4   7   7      0.65   3.1e+02   -1.7   0.7    95   135   599   639   524   686 0.70 -
GCA_040114635.1|PVP01_0704300|PVP01_0704300.1|unknown -           1013 4451at5820           -            552   1.3e-11   42.5  17.6   1   4   1.2e-08   5.7e-06   23.9   0.6   135   172   139   176    42   180 0.80 -
GCA_040114635.1|PVP01_0704300|PVP01_0704300.1|unknown -           1013 4451at5820           -            552   1.3e-11   42.5  17.6   2   4   1.4e-06   0.00068   17.0   0.1   135   174   187   227   179   231 0.86 -
GCA_040114635.1|PVP01_0704300|PVP01_0704300.1|unknown -           1013 4451at5820           -            552   1.3e-11   42.5  17.6   3   4    0.0014      0.69    7.1   1.4   135   170   231   265   225   307 0.81 -
GCA_040114635.1|PVP01_0704300|PVP01_0704300.1|unknown -           1013 4451at5820           -            552   1.3e-11   42.5  17.6   4   4      0.26   1.3e+02   -0.4   0.7    84   157   295   369   282   403 0.56 -
GCA_040114635.1|PVP01_1468300|PVP01_1468300.1|unknown -            565 4451at5820           -            552   1.5e-10   39.0   0.9   1   3   6.1e-08     3e-05   21.5   0.0   130   173    66   109    53   121 0.82 -
GCA_040114635.1|PVP01_1468300|PVP01_1468300.1|unknown -            565 4451at5820           -            552   1.5e-10   39.0   0.9   2   3   3.7e-06    0.0018   15.6   0.2   134   172   121   160   111   167 0.87 -
GCA_040114635.1|PVP01_1468300|PVP01_1468300.1|unknown -            565 4451at5820           -            552   1.5e-10   39.0   0.9   3   3      0.98   4.7e+02   -2.3   0.0   354   391   254   291   225   304 0.64 -
GCA_040114635.1|PVP01_0507600|PVP01_0507600.1|unknown -            322 4451at5820           -            552   8.3e-08   29.9  11.3   1   6     0.006       2.9    5.0   0.0   134   169    67   101    41   109 0.80 -
GCA_040114635.1|PVP01_0507600|PVP01_0507600.1|unknown -            322 4451at5820           -            552   8.3e-08   29.9  11.3   2   6   1.3e-05    0.0062   13.8   0.0   135   179   110   153   103   155 0.90 -
GCA_040114635.1|PVP01_0507600|PVP01_0507600.1|unknown -            322 4451at5820           -            552   8.3e-08   29.9  11.3   3   6   3.8e-05     0.018   12.3   0.3   136   178   154   194   151   233 0.74 -
GCA_040114635.1|PVP01_0507600|PVP01_0507600.1|unknown -            322 4451at5820           -            552   8.3e-08   29.9  11.3   4   6     0.051        25    1.9   0.1   134   178   196   240   190   250 0.82 -
GCA_040114635.1|PVP01_0507600|PVP01_0507600.1|unknown -            322 4451at5820           -            552   8.3e-08   29.9  11.3   5   6     0.062        30    1.7   0.2   140   171   243   272   239   286 0.83 -
GCA_040114635.1|PVP01_0507600|PVP01_0507600.1|unknown -            322 4451at5820           -            552   8.3e-08   29.9  11.3   6   6      0.25   1.2e+02   -0.3   0.0   375   390   301   316   278   321 0.73 -
GCA_040114635.1|PVP01_1444900|PVP01_1444900.1|unknown -            638 4451at5820           -            552   1.2e-07   29.4  11.7   1   4   7.5e-05     0.036   11.3   0.2   232   279   356   402   317   408 0.85 -
GCA_040114635.1|PVP01_1444900|PVP01_1444900.1|unknown -            638 4451at5820           -            552   1.2e-07   29.4  11.7   2   4   1.6e-05    0.0076   13.5   0.3   241   279   408   452   401   458 0.73 -
GCA_040114635.1|PVP01_1444900|PVP01_1444900.1|unknown -            638 4451at5820           -            552   1.2e-07   29.4  11.7   3   4   0.00037      0.18    9.0   1.0   131   185   454   508   452   518 0.78 -
GCA_040114635.1|PVP01_1444900|PVP01_1444900.1|unknown -            638 4451at5820           -            552   1.2e-07   29.4  11.7   4   4      0.12        59    0.7   0.0   152   170   557   575   536   587 0.86 -
GCA_040114635.1|PVP01_1455700|PVP01_1455700.1|unknown -            506 4451at5820           -            552   4.6e-07   27.5   1.8   1   2   0.00014     0.069   10.4   0.3   131   170   276   315   268   323 0.88 -
GCA_040114635.1|PVP01_1455700|PVP01_1455700.1|unknown -            506 4451at5820           -            552   4.6e-07   27.5   1.8   2   2   2.4e-06    0.0012   16.2   0.1   136   172   324   360   316   370 0.88 -
GCA_040114635.1|PVP01_0831600|PVP01_0831600.1|unknown -            498 4451at5820           -            552     5e-07   27.3  10.2   1   4   0.00016     0.078   10.2   1.0   131   167   248   283   117   300 0.82 -
GCA_040114635.1|PVP01_0831600|PVP01_0831600.1|unknown -            498 4451at5820           -            552     5e-07   27.3  10.2   2   4       0.1        50    0.9   0.0   136   173   299   335   291   342 0.79 -
GCA_040114635.1|PVP01_0831600|PVP01_0831600.1|unknown -            498 4451at5820           -            552     5e-07   27.3  10.2   3   4   7.6e-07   0.00037   17.9   0.1   211   285   358   425   349   451 0.77 -
GCA_040114635.1|PVP01_0831600|PVP01_0831600.1|unknown -            498 4451at5820           -            552     5e-07   27.3  10.2   4   4      0.09        43    1.1   0.1   243   272   469   497   444   498 0.63 -
GCA_040114635.1|PVP01_1225200|PVP01_1225200.1|unknown -            533 4451at5820           -            552   8.7e-05   19.9   0.8   1   3    0.0092       4.4    4.4   0.0   134   171   382   419   367   428 0.89 -
GCA_040114635.1|PVP01_1225200|PVP01_1225200.1|unknown -            533 4451at5820           -            552   8.7e-05   19.9   0.8   2   3   1.9e-05    0.0093   13.2   0.1   137   176   429   469   422   479 0.89 -
GCA_040114635.1|PVP01_1225200|PVP01_1225200.1|unknown -            533 4451at5820           -            552   8.7e-05   19.9   0.8   3   3       2.3   1.1e+03   -3.5   0.0   136   170   494   528   492   530 0.65 -
GCA_040114635.1|PVP01_0511500|PVP01_0511500.1|unknown -            324 4451at5820           -            552   0.00014   19.3   3.4   1   2   9.3e-05     0.045   11.0   0.2   131   171   115   153   111   163 0.78 -
GCA_040114635.1|PVP01_0511500|PVP01_0511500.1|unknown -            324 4451at5820           -            552   0.00014   19.3   3.4   2   2    0.0029       1.4    6.0   0.1   107   164   276   320   174   324 0.64 -
GCA_040114635.1|PVP01_1141000|PVP01_1141000.1|unknown -            361 4451at5820           -            552    0.0062   13.8   1.2   1   2   0.00088      0.42    7.8   0.1   134   187   188   240   173   244 0.82 -
GCA_040114635.1|PVP01_1141000|PVP01_1141000.1|unknown -            361 4451at5820           -            552    0.0062   13.8   1.2   2   2    0.0028       1.3    6.1   0.1   133   170   231   267   226   292 0.70 -
GCA_040114635.1|PVP01_0318300|PVP01_0318300.1|unknown -            646 4451at5820           -            552    0.0062   13.8   0.5   1   2       0.4   1.9e+02   -1.0   0.0    81   118   222   261   192   269 0.66 -
GCA_040114635.1|PVP01_0318300|PVP01_0318300.1|unknown -            646 4451at5820           -            552    0.0062   13.8   0.5   2   2   4.1e-05      0.02   12.2   0.1   254   293   358   396   314   423 0.79 -
GCA_040114635.1|PVP01_0519300|PVP01_0519300.1|unknown -            458 4451at5820           -            552     0.013   12.8   0.3   1   3      0.54   2.6e+02   -1.4   0.0    42    70   151   180   135   192 0.77 -
GCA_040114635.1|PVP01_0519300|PVP01_0519300.1|unknown -            458 4451at5820           -            552     0.013   12.8   0.3   2   3    0.0093       4.5    4.4   0.0   136   173   325   361   312   377 0.77 -
GCA_040114635.1|PVP01_0519300|PVP01_0519300.1|unknown -            458 4451at5820           -            552     0.013   12.8   0.3   3   3    0.0026       1.3    6.2   0.0   132   170   365   403   361   427 0.85 -
#
# Program:         hmmsearch
# Version:         3.4 (Aug 2023)
# Pipeline mode:   SEARCH
# Query file:      /v3/work/00_inventory/busco/busco_downloads/lineages/plasmodium_odb10/hmms/4451at5820.hmm
# Target file:     /v3/inputs/annotations/ncbi-datasets/MHC087.proteins.fa
# Option settings: hmmsearch --domtblout /v3/work/00_inventory/busco/MHC087_proteins/run_plasmodium_odb10/hmmer_output/initial_run_results/4451at5820.out --cpu 1 /v3/work/00_inventory/busco/busco_downloads/lineages/plasmodium_odb10/hmms/4451at5820.hmm /v3/inputs/annotations/ncbi-datasets/MHC087.proteins.fa 
# Current dir:     /v3/work/00_inventory/busco
# Date:            Tue May 19 18:12:20 2026
# [ok]
