#                                                                                                             --- full sequence --- -------------- this domain -------------   hmm coord   ali coord   env coord
# target name                                         accession   tlen query name           accession   qlen   E-value  score  bias   #  of  c-Evalue  i-Evalue  score  bias  from    to  from    to  from    to  acc description of target
#                                 ------------------- ---------- ----- -------------------- ---------- ----- --------- ------ ----- --- --- --------- --------- ------ ----- ----- ----- ----- ----- ----- ----- ---- ---------------------
GCA_040114635.1|PVP01_1261100|PVP01_1261100.1|unknown -            528 4540at5820           -            525   4.6e-93  311.0   0.4   1   1   2.8e-95   6.2e-93  310.5   0.4    76   479    89   499    83   504 0.90 -
GCA_040114635.1|PVP01_1429700|PVP01_1429700.1|unknown -            923 4540at5820           -            525   1.1e-79  266.8   4.5   1   1   9.5e-80   2.1e-77  259.3   4.5    92   471   331   755   318   765 0.83 -
GCA_040114635.1|PVP01_1005900|PVP01_1005900.1|unknown -            666 4540at5820           -            525   1.6e-79  266.3  17.3   1   3   3.6e-08     8e-06   23.1   0.4     1    36    26    61    26    80 0.79 -
GCA_040114635.1|PVP01_1005900|PVP01_1005900.1|unknown -            666 4540at5820           -            525   1.6e-79  266.3  17.3   2   3   6.8e-48   1.5e-45  154.2   6.1     6   119   104   238   101   256 0.88 -
GCA_040114635.1|PVP01_1005900|PVP01_1005900.1|unknown -            666 4540at5820           -            525   1.6e-79  266.3  17.3   3   3   2.9e-30   6.5e-28   96.0   0.2   467   525   596   666   591   666 0.90 -
GCA_040114635.1|PVP01_1445300|PVP01_1445300.1|unknown -            717 4540at5820           -            525   7.1e-72  241.1   0.2   1   2   5.3e-12   1.2e-09   35.7   0.0    96   163   275   341   257   355 0.85 -
GCA_040114635.1|PVP01_1445300|PVP01_1445300.1|unknown -            717 4540at5820           -            525   7.1e-72  241.1   0.2   2   2   1.2e-62   2.6e-60  202.9   0.5   175   468   401   707   393   716 0.87 -
GCA_040114635.1|PVP01_0406600|PVP01_0406600.1|unknown -            533 4540at5820           -            525   1.1e-59  200.9   2.4   1   1   6.7e-62   1.5e-59  200.4   2.4   100   458   127   483   116   504 0.91 -
GCA_040114635.1|PVP01_1238100|PVP01_1238100.1|unknown -            398 4540at5820           -            525   2.9e-57  192.8   2.3   1   1   1.7e-59   3.9e-57  192.4   2.3    97   449    21   372     8   389 0.89 -
GCA_040114635.1|PVP01_0531200|PVP01_0531200.1|unknown -            388 4540at5820           -            525   1.6e-55  187.1   2.5   1   1     9e-58     2e-55  186.8   2.5   100   457    16   371     7   387 0.89 -
GCA_040114635.1|PVP01_1029600|PVP01_1029600.1|unknown -            719 4540at5820           -            525   7.4e-54  181.6   0.6   1   2   7.6e-12   1.7e-09   35.2   0.0    96   165   120   191   111   202 0.82 -
GCA_040114635.1|PVP01_1029600|PVP01_1029600.1|unknown -            719 4540at5820           -            525   7.4e-54  181.6   0.6   2   2   6.2e-45   1.4e-42  144.4   0.4   172   449   220   508   215   572 0.86 -
GCA_040114635.1|PVP01_0415000|PVP01_0415000.1|unknown -            473 4540at5820           -            525   8.8e-47  158.3   4.0   1   2   2.8e-08   6.3e-06   23.4   0.0   100   164    60   123    49   136 0.87 -
GCA_040114635.1|PVP01_0415000|PVP01_0415000.1|unknown -            473 4540at5820           -            525   8.8e-47  158.3   4.0   2   2   1.1e-41   2.5e-39  133.6   3.1   181   455   165   450   154   467 0.88 -
GCA_040114635.1|PVP01_0818600|PVP01_0818600.1|unknown -            761 4540at5820           -            525   3.6e-45  152.9  11.7   1   2   1.6e-08   3.5e-06   24.3   0.2    87   160   240   315   223   332 0.89 -
GCA_040114635.1|PVP01_0818600|PVP01_0818600.1|unknown -            761 4540at5820           -            525   3.6e-45  152.9  11.7   2   2     6e-41   1.4e-38  131.2   6.8   177   471   379   680   369   697 0.86 -
GCA_040114635.1|PVP01_0507400|PVP01_0507400.1|unknown -           1173 4540at5820           -            525   2.7e-38  130.2   3.9   1   1   1.7e-40   3.8e-38  129.8   3.9   117   417   184   490   162   499 0.80 -
GCA_040114635.1|PVP01_1247900|PVP01_1247900.1|unknown -            787 4540at5820           -            525   8.5e-32  108.8   4.8   1   1   1.6e-32   3.6e-30  103.5   4.8   104   448   377   756   362   764 0.78 -
GCA_040114635.1|PVP01_1458900|PVP01_1458900.1|unknown -            850 4540at5820           -            525   3.1e-31  107.0   1.5   1   2   1.1e-20   2.6e-18   64.3   0.2   103   304    99   305    87   313 0.84 -
GCA_040114635.1|PVP01_1458900|PVP01_1458900.1|unknown -            850 4540at5820           -            525   3.1e-31  107.0   1.5   2   2     1e-13   2.3e-11   41.4   0.1   400   447   516   563   507   595 0.85 -
GCA_040114635.1|PVP01_1261800|PVP01_1261800.1|unknown -            791 4540at5820           -            525     1e-29  102.0   4.0   1   2   8.9e-22     2e-19   68.0   1.5   108   314   249   477   238   489 0.77 -
GCA_040114635.1|PVP01_1261800|PVP01_1261800.1|unknown -            791 4540at5820           -            525     1e-29  102.0   4.0   2   2   1.6e-11   3.6e-09   34.1   0.0   362   446   594   680   585   708 0.87 -
GCA_040114635.1|PVP01_1012200|PVP01_1012200.1|unknown -            816 4540at5820           -            525   3.3e-27   93.7   8.7   1   3   4.2e-07   9.4e-05   19.6   0.0   101   161     4    64     1    80 0.86 -
GCA_040114635.1|PVP01_1012200|PVP01_1012200.1|unknown -            816 4540at5820           -            525   3.3e-27   93.7   8.7   2   3   3.9e-12   8.7e-10   36.2   1.8   178   307   332   471   322   528 0.78 -
GCA_040114635.1|PVP01_1012200|PVP01_1012200.1|unknown -            816 4540at5820           -            525   3.3e-27   93.7   8.7   3   3   3.6e-13   8.1e-11   39.6   1.2   344   451   569   693   539   697 0.74 -
GCA_040114635.1|PVP01_1408200|PVP01_1408200.1|unknown -            626 4540at5820           -            525   6.4e-26   89.4   7.5   1   1   4.6e-28     1e-25   88.7   7.5   108   462   159   525   146   539 0.78 -
GCA_040114635.1|PVP01_0317000|PVP01_0317000.1|unknown -            837 4540at5820           -            525   2.4e-17   61.1   0.1   1   2   3.8e-08   8.6e-06   23.0   0.0   214   277   240   304   237   310 0.89 -
GCA_040114635.1|PVP01_0317000|PVP01_0317000.1|unknown -            837 4540at5820           -            525   2.4e-17   61.1   0.1   2   2   5.1e-12   1.1e-09   35.8   0.0   365   443   589   671   574   691 0.80 -
GCA_040114635.1|PVP01_1118600|PVP01_1118600.1|unknown -            599 4540at5820           -            525   1.3e-16   58.7   0.8   1   1   7.4e-19   1.7e-16   58.3   0.8    99   221   146   264   135   268 0.87 -
GCA_040114635.1|PVP01_0907400|PVP01_0907400.1|unknown -           1318 4540at5820           -            525   2.5e-15   54.4   0.2   1   3   4.1e-05    0.0093   13.0   0.0   102   159   145   202   128   222 0.90 -
GCA_040114635.1|PVP01_0907400|PVP01_0907400.1|unknown -           1318 4540at5820           -            525   2.5e-15   54.4   0.2   2   3   3.9e-12   8.8e-10   36.2   0.3   344   434   878   969   871   983 0.87 -
GCA_040114635.1|PVP01_0907400|PVP01_0907400.1|unknown -           1318 4540at5820           -            525   2.5e-15   54.4   0.2   3   3      0.21        46    0.8   0.0   254   279  1088  1114  1070  1132 0.79 -
GCA_040114635.1|PVP01_0304400|PVP01_0304400.1|unknown -            548 4540at5820           -            525   5.6e-14   50.0   6.9   1   1     6e-16   1.3e-13   48.8   6.9   132   451   132   482   122   506 0.72 -
GCA_040114635.1|PVP01_0717000|PVP01_0717000.1|unknown -            731 4540at5820           -            525   5.6e-13   46.7   1.3   1   2      0.74   1.7e+02   -1.0   0.1   119   159    40    81    20    88 0.78 -
GCA_040114635.1|PVP01_0717000|PVP01_0717000.1|unknown -            731 4540at5820           -            525   5.6e-13   46.7   1.3   2   2   5.1e-15   1.2e-12   45.7   0.1   339   449   373   484   325   496 0.81 -
GCA_040114635.1|PVP01_1029800|PVP01_1029800.1|unknown -            522 4540at5820           -            525   1.7e-12   45.1   5.2   1   1   3.2e-14   7.1e-12   43.1   5.2   108   442   101   459    86   475 0.72 -
GCA_040114635.1|PVP01_1319500|PVP01_1319500.1|unknown -           1255 4540at5820           -            525   6.4e-12   43.2   1.0   1   2      0.34        77    0.1   0.0   120   160    47    87    29    98 0.78 -
GCA_040114635.1|PVP01_1319500|PVP01_1319500.1|unknown -           1255 4540at5820           -            525   6.4e-12   43.2   1.0   2   2   1.2e-13   2.7e-11   41.2   0.3   343   452   284   394   275   425 0.87 -
GCA_040114635.1|PVP01_1222000|PVP01_1222000.1|unknown -            487 4540at5820           -            525   4.8e-10   37.0   0.0   1   2   4.3e-09   9.6e-07   26.1   0.0    80   190    40   141    15   149 0.75 -
GCA_040114635.1|PVP01_1222000|PVP01_1222000.1|unknown -            487 4540at5820           -            525   4.8e-10   37.0   0.0   2   2   0.00079      0.18    8.8   0.0   424   447   400   423   397   436 0.89 -
GCA_040114635.1|PVP01_0609100|PVP01_0609100.1|unknown -           3269 4540at5820           -            525   1.5e-07   28.8   0.2   1   1   1.3e-09   2.9e-07   27.9   0.2   329   509  1711  1895  1699  1910 0.71 -
GCA_040114635.1|PVP01_0819400|PVP01_0819400.1|unknown -            433 4540at5820           -            525     3e-06   24.5   0.0   1   1   1.9e-08   4.2e-06   24.0   0.0    99   162    60   123    49   131 0.91 -
GCA_040114635.1|PVP01_0606700|PVP01_0606700.1|unknown -            637 4540at5820           -            525   7.2e-06   23.3   0.1   1   1   4.4e-08   9.9e-06   22.8   0.1   119   166   147   196   132   210 0.79 -
GCA_040114635.1|PVP01_1329800|PVP01_1329800.1|unknown -            991 4540at5820           -            525   0.00093   16.3   0.1   1   2   0.00024     0.053   10.5   0.1   101   165    48   112    39   118 0.87 -
GCA_040114635.1|PVP01_1329800|PVP01_1329800.1|unknown -            991 4540at5820           -            525   0.00093   16.3   0.1   2   2     0.029       6.4    3.6   0.0   176   202   239   265   215   287 0.76 -
#
# Program:         hmmsearch
# Version:         3.4 (Aug 2023)
# Pipeline mode:   SEARCH
# Query file:      /v3/work/00_inventory/busco/busco_downloads/lineages/plasmodium_odb10/hmms/4540at5820.hmm
# Target file:     /v3/inputs/annotations/ncbi-datasets/MHC087.proteins.fa
# Option settings: hmmsearch --domtblout /v3/work/00_inventory/busco/MHC087_proteins/run_plasmodium_odb10/hmmer_output/initial_run_results/4540at5820.out --cpu 1 /v3/work/00_inventory/busco/busco_downloads/lineages/plasmodium_odb10/hmms/4540at5820.hmm /v3/inputs/annotations/ncbi-datasets/MHC087.proteins.fa 
# Current dir:     /v3/work/00_inventory/busco
# Date:            Tue May 19 18:12:55 2026
# [ok]
