#                                                                                                             --- full sequence --- -------------- this domain -------------   hmm coord   ali coord   env coord
# target name                                         accession   tlen query name           accession   qlen   E-value  score  bias   #  of  c-Evalue  i-Evalue  score  bias  from    to  from    to  from    to  acc description of target
#                                 ------------------- ---------- ----- -------------------- ---------- ----- --------- ------ ----- --- --- --------- --------- ------ ----- ----- ----- ----- ----- ----- ----- ---- ---------------------
GCA_040114635.1|PVP01_1323000|PVP01_1323000.1|unknown -            610 4638at5820           -            522         0 1033.8  38.6   1   2  4.2e-172  3.7e-169  562.0  25.6     1   307     1   324     1   335 0.93 -
GCA_040114635.1|PVP01_1323000|PVP01_1323000.1|unknown -            610 4638at5820           -            522         0 1033.8  38.6   2   2  1.2e-146  1.1e-143  478.0   5.1   292   522   373   609   369   609 0.97 -
GCA_040114635.1|PVP01_1207800|PVP01_1207800.1|unknown -            363 4638at5820           -            522   1.6e-06   25.4   2.1   1   2      0.12     1e+02   -0.5   0.1   214   249    24    62    11    73 0.75 -
GCA_040114635.1|PVP01_1207800|PVP01_1207800.1|unknown -            363 4638at5820           -            522   1.6e-06   25.4   2.1   2   2   3.4e-09     3e-06   24.4   0.4   224   313    83   175    48   184 0.78 -
GCA_040114635.1|PVP01_0507600|PVP01_0507600.1|unknown -            322 4638at5820           -            522   6.6e-05   20.0   7.4   1   3    0.0002      0.18    8.7   0.3   223   283    85   143    22   157 0.81 -
GCA_040114635.1|PVP01_0507600|PVP01_0507600.1|unknown -            322 4638at5820           -            522   6.6e-05   20.0   7.4   2   3   1.9e-05     0.017   12.1   0.6   209   288   157   235   145   250 0.82 -
GCA_040114635.1|PVP01_0507600|PVP01_0507600.1|unknown -            322 4638at5820           -            522   6.6e-05   20.0   7.4   3   3     0.028        25    1.6   0.0   219   241   298   320   266   322 0.84 -
GCA_040114635.1|PVP01_1455700|PVP01_1455700.1|unknown -            506 4638at5820           -            522   0.00014   18.9   1.2   1   2      0.07        63    0.3   2.8    71   135    54   123    16   137 0.77 -
GCA_040114635.1|PVP01_1455700|PVP01_1455700.1|unknown -            506 4638at5820           -            522   0.00014   18.9   1.2   2   2   1.6e-07   0.00014   18.9   1.2   211   284   286   358   275   376 0.88 -
GCA_040114635.1|PVP01_0117900|PVP01_0117900.1|unknown -           1071 4638at5820           -            522    0.0005   17.1   6.0   1   4      0.13   1.2e+02   -0.7   0.0   222   281   176   235   148   241 0.85 -
GCA_040114635.1|PVP01_0117900|PVP01_0117900.1|unknown -           1071 4638at5820           -            522    0.0005   17.1   6.0   2   4      0.11        97   -0.3   0.1   163   254   294   387   282   397 0.74 -
GCA_040114635.1|PVP01_0117900|PVP01_0117900.1|unknown -           1071 4638at5820           -            522    0.0005   17.1   6.0   3   4   1.2e-05     0.011   12.7   0.0   222   288   422   486   413   493 0.86 -
GCA_040114635.1|PVP01_0117900|PVP01_0117900.1|unknown -           1071 4638at5820           -            522    0.0005   17.1   6.0   4   4    0.0064       5.8    3.7   0.6   212   286   574   650   549   658 0.80 -
GCA_040114635.1|PVP01_0519300|PVP01_0519300.1|unknown -            458 4638at5820           -            522    0.0009   16.3   0.1   1   1   1.7e-06    0.0015   15.5   0.1   212   287   331   407   323   421 0.81 -
GCA_040114635.1|PVP01_1225200|PVP01_1225200.1|unknown -            533 4638at5820           -            522     0.001   16.1   2.2   1   3     0.078        70    0.1   0.0   220   243   273   297   270   307 0.77 -
GCA_040114635.1|PVP01_1225200|PVP01_1225200.1|unknown -            533 4638at5820           -            522     0.001   16.1   2.2   2   3   0.00014      0.12    9.2   0.1   216   304   347   440   336   452 0.72 -
GCA_040114635.1|PVP01_1225200|PVP01_1225200.1|unknown -            533 4638at5820           -            522     0.001   16.1   2.2   3   3   3.7e-06    0.0033   14.4   0.4   224   292   402   470   386   523 0.72 -
#
# Program:         hmmsearch
# Version:         3.4 (Aug 2023)
# Pipeline mode:   SEARCH
# Query file:      /v3/work/00_inventory/busco/busco_downloads/lineages/plasmodium_odb10/hmms/4638at5820.hmm
# Target file:     /v3/inputs/annotations/ncbi-datasets/MHC087.proteins.fa
# Option settings: hmmsearch --domtblout /v3/work/00_inventory/busco/MHC087_proteins/run_plasmodium_odb10/hmmer_output/initial_run_results/4638at5820.out --cpu 1 /v3/work/00_inventory/busco/busco_downloads/lineages/plasmodium_odb10/hmms/4638at5820.hmm /v3/inputs/annotations/ncbi-datasets/MHC087.proteins.fa 
# Current dir:     /v3/work/00_inventory/busco
# Date:            Tue May 19 18:13:22 2026
# [ok]
