#                                                                                                             --- full sequence --- -------------- this domain -------------   hmm coord   ali coord   env coord
# target name                                         accession   tlen query name           accession   qlen   E-value  score  bias   #  of  c-Evalue  i-Evalue  score  bias  from    to  from    to  from    to  acc description of target
#                                 ------------------- ---------- ----- -------------------- ---------- ----- --------- ------ ----- --- --- --------- --------- ------ ----- ----- ----- ----- ----- ----- ----- ---- ---------------------
GCA_040114635.1|PVP01_0610200|PVP01_0610200.1|unknown -            947 4710at5820           -            709  1.9e-186  619.8 105.1   1   4    2e-167  2.5e-164  546.7  10.2     5   261    14   273     8   280 0.96 -
GCA_040114635.1|PVP01_0610200|PVP01_0610200.1|unknown -            947 4710at5820           -            709  1.9e-186  619.8 105.1   2   4   4.3e-08   5.4e-05   20.0  41.2   256   383   296   444   291   460 0.54 -
GCA_040114635.1|PVP01_0610200|PVP01_0610200.1|unknown -            947 4710at5820           -            709  1.9e-186  619.8 105.1   3   4         5   6.3e+03   -9.5  25.8   308   380   454   521   437   543 0.33 -
GCA_040114635.1|PVP01_0610200|PVP01_0610200.1|unknown -            947 4710at5820           -            709  1.9e-186  619.8 105.1   4   4   3.6e-25   4.5e-22   76.5  11.4   375   436   573   634   562   641 0.90 -
GCA_040114635.1|PVP01_0836000|PVP01_0836000.1|unknown -            529 4710at5820           -            709   0.00012   18.9   1.9   1   2     0.086   1.1e+02   -0.8   1.5   404   441   358   395   256   409 0.77 -
GCA_040114635.1|PVP01_0836000|PVP01_0836000.1|unknown -            529 4710at5820           -            709   0.00012   18.9   1.9   2   2   2.3e-07   0.00029   17.6   0.0   142   221   449   526   431   528 0.77 -
GCA_040114635.1|PVP01_1268500|PVP01_1268500.1|unknown -            937 4710at5820           -            709      0.21    8.2   2.7   1   1   0.00023      0.29    7.7   2.7   330   427   538   640   532   651 0.50 -
GCA_040114635.1|PVP01_0901900|PVP01_0901900.1|unknown -            345 4710at5820           -            709       1.4    5.4  33.0   1   2   2.8e-05     0.035   10.7  25.9   326   419   101   190    89   205 0.58 -
GCA_040114635.1|PVP01_0901900|PVP01_0901900.1|unknown -            345 4710at5820           -            709       1.4    5.4  33.0   2   2      0.15   1.9e+02   -1.6   0.6   284   294   313   323   269   339 0.50 -
GCA_040114635.1|PVP01_1014300|PVP01_1014300.1|unknown -            739 4710at5820           -            709       2.6    4.6  22.6   1   1    0.0033       4.1    3.9  22.6   260   365   384   485   345   499 0.49 -
#
# Program:         hmmsearch
# Version:         3.4 (Aug 2023)
# Pipeline mode:   SEARCH
# Query file:      /v3/work/00_inventory/busco/busco_downloads/lineages/plasmodium_odb10/hmms/4710at5820.hmm
# Target file:     /v3/inputs/annotations/ncbi-datasets/MHC087.proteins.fa
# Option settings: hmmsearch --domtblout /v3/work/00_inventory/busco/MHC087_proteins/run_plasmodium_odb10/hmmer_output/initial_run_results/4710at5820.out --cpu 1 /v3/work/00_inventory/busco/busco_downloads/lineages/plasmodium_odb10/hmms/4710at5820.hmm /v3/inputs/annotations/ncbi-datasets/MHC087.proteins.fa 
# Current dir:     /v3/work/00_inventory/busco
# Date:            Tue May 19 18:13:37 2026
# [ok]
