#                                                                                                             --- full sequence --- -------------- this domain -------------   hmm coord   ali coord   env coord
# target name                                         accession   tlen query name           accession   qlen   E-value  score  bias   #  of  c-Evalue  i-Evalue  score  bias  from    to  from    to  from    to  acc description of target
#                                 ------------------- ---------- ----- -------------------- ---------- ----- --------- ------ ----- --- --- --------- --------- ------ ----- ----- ----- ----- ----- ----- ----- ---- ---------------------
GCA_040114635.1|PVP01_1447600|PVP01_1447600.1|unknown -            544 4738at5820           -            464  6.1e-279  923.8  26.3   1   2   4.5e-84     4e-81  271.5   0.5     1   136     1   140     1   151 0.95 -
GCA_040114635.1|PVP01_1447600|PVP01_1447600.1|unknown -            544 4738at5820           -            464  6.1e-279  923.8  26.3   2   2  2.4e-200  2.2e-197  654.9  19.8   127   464   150   532   136   532 0.94 -
GCA_040114635.1|PVP01_0819900|PVP01_0819900.1|unknown -            535 4738at5820           -            464   6.5e-59  198.3  20.3   1   2     1e-30   9.2e-28   95.6   5.1    11   187    16   197     9   201 0.86 -
GCA_040114635.1|PVP01_0819900|PVP01_0819900.1|unknown -            535 4738at5820           -            464   6.5e-59  198.3  20.3   2   2   3.9e-34   3.5e-31  106.9  10.2   154   459   193   530   166   532 0.82 -
GCA_040114635.1|PVP01_1114100|PVP01_1114100.1|unknown -            529 4738at5820           -            464   3.8e-55  185.9  19.3   1   2     9e-33   8.1e-30  102.4   0.8    18   127    17   129     8   144 0.88 -
GCA_040114635.1|PVP01_1114100|PVP01_1114100.1|unknown -            529 4738at5820           -            464   3.8e-55  185.9  19.3   2   2   2.1e-28   1.9e-25   88.0  11.6   153   458   187   526   149   528 0.80 -
GCA_040114635.1|PVP01_0933000|PVP01_0933000.1|unknown -            543 4738at5820           -            464   7.4e-53  178.4  11.8   1   2   4.6e-34   4.1e-31  106.7   1.1    16   157     8   153     3   161 0.91 -
GCA_040114635.1|PVP01_0933000|PVP01_0933000.1|unknown -            543 4738at5820           -            464   7.4e-53  178.4  11.8   2   2   2.5e-24   2.3e-21   74.5   3.7   147   457   177   530   160   534 0.72 -
GCA_040114635.1|PVP01_0833400|PVP01_0833400.1|unknown -            532 4738at5820           -            464   7.1e-45  152.0  13.4   1   1   3.5e-45   3.1e-42  143.3  13.4    10   459     8   523     2   527 0.78 -
GCA_040114635.1|PVP01_0410900|PVP01_0410900.1|unknown -            544 4738at5820           -            464   1.6e-41  141.0  24.5   1   2   3.3e-16     3e-13   47.8   0.7    22   140    24   142    10   161 0.83 -
GCA_040114635.1|PVP01_0410900|PVP01_0410900.1|unknown -            544 4738at5820           -            464   1.6e-41  141.0  24.5   2   2   6.6e-31     6e-28   96.2  19.3   125   458   153   523   123   526 0.75 -
GCA_040114635.1|PVP01_1140200|PVP01_1140200.1|unknown -            543 4738at5820           -            464   1.5e-36  124.6  19.1   1   2   2.6e-22   2.3e-19   67.9   0.6    22   131    17   130     3   146 0.87 -
GCA_040114635.1|PVP01_1140200|PVP01_1140200.1|unknown -            543 4738at5820           -            464   1.5e-36  124.6  19.1   2   2   3.8e-20   3.4e-17   60.8  11.8   155   459   187   534   169   538 0.73 -
#
# Program:         hmmsearch
# Version:         3.4 (Aug 2023)
# Pipeline mode:   SEARCH
# Query file:      /v3/work/00_inventory/busco/busco_downloads/lineages/plasmodium_odb10/hmms/4738at5820.hmm
# Target file:     /v3/inputs/annotations/ncbi-datasets/MHC087.proteins.fa
# Option settings: hmmsearch --domtblout /v3/work/00_inventory/busco/MHC087_proteins/run_plasmodium_odb10/hmmer_output/initial_run_results/4738at5820.out --cpu 1 /v3/work/00_inventory/busco/busco_downloads/lineages/plasmodium_odb10/hmms/4738at5820.hmm /v3/inputs/annotations/ncbi-datasets/MHC087.proteins.fa 
# Current dir:     /v3/work/00_inventory/busco
# Date:            Tue May 19 18:13:43 2026
# [ok]
