#                                                                                                             --- full sequence --- -------------- this domain -------------   hmm coord   ali coord   env coord
# target name                                         accession   tlen query name           accession   qlen   E-value  score  bias   #  of  c-Evalue  i-Evalue  score  bias  from    to  from    to  from    to  acc description of target
#                                 ------------------- ---------- ----- -------------------- ---------- ----- --------- ------ ----- --- --- --------- --------- ------ ----- ----- ----- ----- ----- ----- ----- ---- ---------------------
GCA_040114635.1|PVP01_1022500|PVP01_1022500.1|unknown -          11487 4at5820              -           4574         0 3493.4 356.0   1  24   7.1e-26   4.5e-22   74.6   6.1     1    80     1    81     1    97 0.85 -
GCA_040114635.1|PVP01_1022500|PVP01_1022500.1|unknown -          11487 4at5820              -           4574         0 3493.4 356.0   2  24   3.8e-49   2.4e-45  151.9  16.1    71   236   779   968   762   971 0.80 -
GCA_040114635.1|PVP01_1022500|PVP01_1022500.1|unknown -          11487 4at5820              -           4574         0 3493.4 356.0   3  24   2.7e-29   1.7e-25   85.9   1.1   274   350  1406  1486  1369  1496 0.83 -
GCA_040114635.1|PVP01_1022500|PVP01_1022500.1|unknown -          11487 4at5820              -           4574         0 3493.4 356.0   4  24  1.5e-133  9.2e-130  432.0  14.1   351   544  1563  1756  1558  1763 0.98 -
GCA_040114635.1|PVP01_1022500|PVP01_1022500.1|unknown -          11487 4at5820              -           4574         0 3493.4 356.0   5  24   1.9e-22   1.2e-18   63.2   0.0   540   599  1811  1871  1806  1873 0.92 -
GCA_040114635.1|PVP01_1022500|PVP01_1022500.1|unknown -          11487 4at5820              -           4574         0 3493.4 356.0   6  24     6e-73   3.8e-69  230.9  26.6   588   777  1899  2108  1893  2114 0.86 -
GCA_040114635.1|PVP01_1022500|PVP01_1022500.1|unknown -          11487 4at5820              -           4574         0 3493.4 356.0   7  24   1.4e-13   8.8e-10   33.8   5.2   771   826  2146  2209  2130  2213 0.88 -
GCA_040114635.1|PVP01_1022500|PVP01_1022500.1|unknown -          11487 4at5820              -           4574         0 3493.4 356.0   8  24   6.3e-53   3.9e-49  164.4   5.7   824   924  2389  2494  2382  2508 0.91 -
GCA_040114635.1|PVP01_1022500|PVP01_1022500.1|unknown -          11487 4at5820              -           4574         0 3493.4 356.0   9  24   1.1e-13   6.9e-10   34.1   5.5   912   968  2704  2762  2694  2773 0.79 -
GCA_040114635.1|PVP01_1022500|PVP01_1022500.1|unknown -          11487 4at5820              -           4574         0 3493.4 356.0  10  24   3.4e-46   2.2e-42  142.0   7.2   965  1045  2792  2872  2788  2876 0.96 -
GCA_040114635.1|PVP01_1022500|PVP01_1022500.1|unknown -          11487 4at5820              -           4574         0 3493.4 356.0  11  24     1e-16   6.3e-13   44.2   3.2  1037  1087  2940  2999  2933  3033 0.74 -
GCA_040114635.1|PVP01_1022500|PVP01_1022500.1|unknown -          11487 4at5820              -           4574         0 3493.4 356.0  12  24   0.00043       2.7    2.3  16.2  1062  1128  3091  3160  3081  3162 0.63 -
GCA_040114635.1|PVP01_1022500|PVP01_1022500.1|unknown -          11487 4at5820              -           4574         0 3493.4 356.0  13  24   2.2e-74   1.4e-70  235.6  19.2  2866  3016  5979  6131  5977  6151 0.94 -
GCA_040114635.1|PVP01_1022500|PVP01_1022500.1|unknown -          11487 4at5820              -           4574         0 3493.4 356.0  14  24   1.4e-18   8.7e-15   50.4   2.6  3006  3064  6172  6230  6166  6248 0.82 -
GCA_040114635.1|PVP01_1022500|PVP01_1022500.1|unknown -          11487 4at5820              -           4574         0 3493.4 356.0  15  24   1.5e-06    0.0094   10.5   0.0  3030  3077  6335  6382  6326  6394 0.88 -
GCA_040114635.1|PVP01_1022500|PVP01_1022500.1|unknown -          11487 4at5820              -           4574         0 3493.4 356.0  16  24   1.7e-38   1.1e-34  116.5   4.3  3067  3172  6871  6976  6849  6984 0.87 -
GCA_040114635.1|PVP01_1022500|PVP01_1022500.1|unknown -          11487 4at5820              -           4574         0 3493.4 356.0  17  24     4e-66   2.5e-62  208.2  13.0  3158  3296  7031  7172  7027  7176 0.95 -
GCA_040114635.1|PVP01_1022500|PVP01_1022500.1|unknown -          11487 4at5820              -           4574         0 3493.4 356.0  18  24   1.4e-34   8.9e-31  103.5   0.2  3298  3409  7281  7398  7272  7406 0.87 -
GCA_040114635.1|PVP01_1022500|PVP01_1022500.1|unknown -          11487 4at5820              -           4574         0 3493.4 356.0  19  24   9.8e-24   6.2e-20   67.5   0.0  3397  3459  7461  7528  7452  7534 0.90 -
GCA_040114635.1|PVP01_1022500|PVP01_1022500.1|unknown -          11487 4at5820              -           4574         0 3493.4 356.0  20  24   2.3e-06     0.015    9.8   0.1  3458  3490  7563  7600  7556  7611 0.81 -
GCA_040114635.1|PVP01_1022500|PVP01_1022500.1|unknown -          11487 4at5820              -           4574         0 3493.4 356.0  21  24  3.7e-219  2.3e-215  716.2  37.6  3497  3802  7810  8115  7801  8139 0.96 -
GCA_040114635.1|PVP01_1022500|PVP01_1022500.1|unknown -          11487 4at5820              -           4574         0 3493.4 356.0  22  24     0.011        72   -2.4   0.0  3801  3830  8167  8196  8156  8204 0.81 -
GCA_040114635.1|PVP01_1022500|PVP01_1022500.1|unknown -          11487 4at5820              -           4574         0 3493.4 356.0  23  24  4.6e-123  2.9e-119  397.2   5.9  3822  4015  8247  8445  8237  8459 0.91 -
GCA_040114635.1|PVP01_1022500|PVP01_1022500.1|unknown -          11487 4at5820              -           4574         0 3493.4 356.0  24  24   3.3e-72   2.1e-68  228.4  16.0  4017  4221  8809  9064  8794  9074 0.84 -
#
# Program:         hmmsearch
# Version:         3.4 (Aug 2023)
# Pipeline mode:   SEARCH
# Query file:      /v3/work/00_inventory/busco/busco_downloads/lineages/plasmodium_odb10/hmms/4at5820.hmm
# Target file:     /v3/inputs/annotations/ncbi-datasets/MHC087.proteins.fa
# Option settings: hmmsearch --domtblout /v3/work/00_inventory/busco/MHC087_proteins/run_plasmodium_odb10/hmmer_output/initial_run_results/4at5820.out --cpu 1 /v3/work/00_inventory/busco/busco_downloads/lineages/plasmodium_odb10/hmms/4at5820.hmm /v3/inputs/annotations/ncbi-datasets/MHC087.proteins.fa 
# Current dir:     /v3/work/00_inventory/busco
# Date:            Tue May 19 18:10:48 2026
# [ok]
