#                                                                                                             --- full sequence --- -------------- this domain -------------   hmm coord   ali coord   env coord
# target name                                         accession   tlen query name           accession   qlen   E-value  score  bias   #  of  c-Evalue  i-Evalue  score  bias  from    to  from    to  from    to  acc description of target
#                                 ------------------- ---------- ----- -------------------- ---------- ----- --------- ------ ----- --- --- --------- --------- ------ ----- ----- ----- ----- ----- ----- ----- ---- ---------------------
GCA_040114635.1|PVP01_1346100|PVP01_1346100.1|unknown -            661 5150at5820           -            522    2e-302 1002.1  64.9   1   3   2.5e-22   1.1e-19   69.2   2.1     1    56     1    60     1    68 0.92 -
GCA_040114635.1|PVP01_1346100|PVP01_1346100.1|unknown -            661 5150at5820           -            522    2e-302 1002.1  64.9   2   3   2.5e-95   1.1e-92  310.1  15.3    28   206    73   252    64   260 0.92 -
GCA_040114635.1|PVP01_1346100|PVP01_1346100.1|unknown -            661 5150at5820           -            522    2e-302 1002.1  64.9   3   3    1e-193  4.7e-191  634.7  32.2   204   522   274   613   270   613 0.95 -
GCA_040114635.1|PVP01_1442500|PVP01_1442500.1|unknown -            882 5150at5820           -            522   3.4e-24   84.1   7.5   1   4   1.9e-09   8.5e-07   26.7   0.0   119   203    15    96    10   101 0.92 -
GCA_040114635.1|PVP01_1442500|PVP01_1442500.1|unknown -            882 5150at5820           -            522   3.4e-24   84.1   7.5   2   4   1.8e-06   0.00079   16.9   0.6   115   198    99   178    96   187 0.89 -
GCA_040114635.1|PVP01_1442500|PVP01_1442500.1|unknown -            882 5150at5820           -            522   3.4e-24   84.1   7.5   3   4   5.2e-07   0.00024   18.6   0.2   115   189   188   256   180   262 0.80 -
GCA_040114635.1|PVP01_1442500|PVP01_1442500.1|unknown -            882 5150at5820           -            522   3.4e-24   84.1   7.5   4   4   1.5e-08   6.5e-06   23.8   0.1   104   198   433   523   421   531 0.85 -
GCA_040114635.1|PVP01_1328900|PVP01_1328900.1|unknown -            482 5150at5820           -            522   2.4e-14   51.6   2.7   1   2   9.1e-09   4.1e-06   24.4   0.2   110   196    10    93     5   101 0.87 -
GCA_040114635.1|PVP01_1328900|PVP01_1328900.1|unknown -            482 5150at5820           -            522   2.4e-14   51.6   2.7   2   2     1e-09   4.6e-07   27.5   0.2   119   199   106   182    96   191 0.87 -
GCA_040114635.1|PVP01_0607200|PVP01_0607200.1|unknown -           1571 5150at5820           -            522   1.6e-08   32.4   1.7   1   2     0.001      0.46    7.8   0.6   103   189   320   398   298   423 0.65 -
GCA_040114635.1|PVP01_0607200|PVP01_0607200.1|unknown -           1571 5150at5820           -            522   1.6e-08   32.4   1.7   2   2   2.5e-08   1.1e-05   23.0   0.0   120   197   439   517   425   524 0.92 -
GCA_040114635.1|PVP01_1112500|PVP01_1112500.1|unknown -            513 5150at5820           -            522     3e-08   31.5   0.5   1   3    0.0078       3.5    4.9   0.2   121   185    89   150     8   159 0.84 -
GCA_040114635.1|PVP01_1112500|PVP01_1112500.1|unknown -            513 5150at5820           -            522     3e-08   31.5   0.5   2   3     2e-06   0.00091   16.7   0.0   120   198   187   265   176   283 0.82 -
GCA_040114635.1|PVP01_1112500|PVP01_1112500.1|unknown -            513 5150at5820           -            522     3e-08   31.5   0.5   3   3    0.0025       1.1    6.5   0.0   120   200   372   449   368   459 0.88 -
GCA_040114635.1|PVP01_0511100|PVP01_0511100.1|unknown -            292 5150at5820           -            522   9.9e-07   26.5   0.0   1   2    0.0036       1.6    6.0   0.0   120   191     7    74     3    82 0.83 -
GCA_040114635.1|PVP01_0511100|PVP01_0511100.1|unknown -            292 5150at5820           -            522   9.9e-07   26.5   0.0   2   2   6.2e-07   0.00028   18.4   0.0   120   200   155   231   143   240 0.88 -
GCA_040114635.1|PVP01_1133400|PVP01_1133400.1|unknown -            153 5150at5820           -            522   1.8e-06   25.6   0.7   1   1   4.7e-09   2.1e-06   25.4   0.7    86   196    25   133     8   145 0.84 -
GCA_040114635.1|PVP01_0802200|PVP01_0802200.1|unknown -            322 5150at5820           -            522   5.5e-06   24.0   0.0   1   1   2.4e-08   1.1e-05   23.1   0.0   116   200    86   167    80   173 0.86 -
GCA_040114635.1|PVP01_1421700|PVP01_1421700.1|unknown -            124 5150at5820           -            522     5e-05   20.8   0.7   1   1   1.3e-07   5.8e-05   20.6   0.7   120   202     8    87     2   111 0.84 -
GCA_040114635.1|PVP01_1443100|PVP01_1443100.1|unknown -            110 5150at5820           -            522     5e-05   20.8   0.0   1   1   1.2e-07   5.5e-05   20.7   0.0   121   206    15    94     6   110 0.80 -
GCA_040114635.1|PVP01_0931800|PVP01_0931800.1|unknown -            156 5150at5820           -            522   0.00019   18.9   0.8   1   1   5.1e-07   0.00023   18.6   0.8   121   200     5    87     2   109 0.83 -
GCA_040114635.1|PVP01_0920400|PVP01_0920400.1|unknown -            208 5150at5820           -            522   0.00029   18.3   0.4   1   1   8.6e-07   0.00039   17.9   0.4   121   205     9    88     4   127 0.91 -
GCA_040114635.1|PVP01_0731700|PVP01_0731700.1|unknown -            725 5150at5820           -            522   0.00046   17.6   1.6   1   2   3.4e-06    0.0015   15.9   0.1   121   200     8    84     3    92 0.91 -
GCA_040114635.1|PVP01_0731700|PVP01_0731700.1|unknown -            725 5150at5820           -            522   0.00046   17.6   1.6   2   2      0.17        76    0.4   0.1   313   377   188   250   165   260 0.76 -
GCA_040114635.1|PVP01_1016700|PVP01_1016700.1|unknown -            314 5150at5820           -            522    0.0065   13.8   0.1   1   1   2.1e-05    0.0096   13.3   0.1   115   197     3    79     1    89 0.83 -
#
# Program:         hmmsearch
# Version:         3.4 (Aug 2023)
# Pipeline mode:   SEARCH
# Query file:      /v3/work/00_inventory/busco/busco_downloads/lineages/plasmodium_odb10/hmms/5150at5820.hmm
# Target file:     /v3/inputs/annotations/ncbi-datasets/MHC087.proteins.fa
# Option settings: hmmsearch --domtblout /v3/work/00_inventory/busco/MHC087_proteins/run_plasmodium_odb10/hmmer_output/initial_run_results/5150at5820.out --cpu 1 /v3/work/00_inventory/busco/busco_downloads/lineages/plasmodium_odb10/hmms/5150at5820.hmm /v3/inputs/annotations/ncbi-datasets/MHC087.proteins.fa 
# Current dir:     /v3/work/00_inventory/busco
# Date:            Tue May 19 18:11:33 2026
# [ok]
