#                                                                                                             --- full sequence --- -------------- this domain -------------   hmm coord   ali coord   env coord
# target name                                         accession   tlen query name           accession   qlen   E-value  score  bias   #  of  c-Evalue  i-Evalue  score  bias  from    to  from    to  from    to  acc description of target
#                                 ------------------- ---------- ----- -------------------- ---------- ----- --------- ------ ----- --- --- --------- --------- ------ ----- ----- ----- ----- ----- ----- ----- ---- ---------------------
GCA_040114635.1|PVP01_1464000|PVP01_1464000.1|unknown -            748 5446at5820           -            453  2.5e-239  793.2  35.8   1   3   1.1e-11   1.8e-09   35.5  11.5     1   108     1   116     1   141 0.66 -
GCA_040114635.1|PVP01_1464000|PVP01_1464000.1|unknown -            748 5446at5820           -            453  2.5e-239  793.2  35.8   2   3   3.5e-06   0.00058   17.3   3.2    32    97   156   226   124   251 0.66 -
GCA_040114635.1|PVP01_1464000|PVP01_1464000.1|unknown -            748 5446at5820           -            453  2.5e-239  793.2  35.8   3   3    2e-228  3.4e-226  749.9   8.3    71   452   356   745   301   746 0.92 -
GCA_040114635.1|PVP01_1312900|PVP01_1312900.1|unknown -            854 5446at5820           -            453   7.7e-75  251.0   0.0   1   1     1e-76   1.7e-74  249.9   0.0   134   427   539   835   525   851 0.92 -
GCA_040114635.1|PVP01_1252700|PVP01_1252700.1|unknown -            860 5446at5820           -            453   3.8e-52  176.2  14.0   1   2       5.2   8.7e+02   -3.0   0.9    77    77   100   100    27   150 0.50 -
GCA_040114635.1|PVP01_1252700|PVP01_1252700.1|unknown -            860 5446at5820           -            453   3.8e-52  176.2  14.0   2   2   2.3e-54   3.8e-52  176.2  14.0   111   399   454   739   446   752 0.89 -
GCA_040114635.1|PVP01_1325400|PVP01_1325400.1|unknown -            284 5446at5820           -            453   2.3e-51  173.6  14.6   1   1   1.7e-53   2.8e-51  173.3  14.6   133   380    18   270     3   282 0.86 -
GCA_040114635.1|PVP01_0922500|PVP01_0922500.1|unknown -            561 5446at5820           -            453   1.9e-42  144.2  10.7   1   4     4e-23   6.6e-21   73.2   7.3   127   284    25   186     6   191 0.85 -
GCA_040114635.1|PVP01_0922500|PVP01_0922500.1|unknown -            561 5446at5820           -            453   1.9e-42  144.2  10.7   2   4       3.2   5.2e+02   -2.3   0.8    76   103   285   309   264   343 0.47 -
GCA_040114635.1|PVP01_0922500|PVP01_0922500.1|unknown -            561 5446at5820           -            453   1.9e-42  144.2  10.7   3   4   2.3e-25   3.8e-23   80.6   0.1   294   403   345   453   329   460 0.92 -
GCA_040114635.1|PVP01_0922500|PVP01_0922500.1|unknown -            561 5446at5820           -            453   1.9e-42  144.2  10.7   4   4     0.059       9.8    3.4   9.5    24   101   467   551   452   556 0.72 -
GCA_040114635.1|PVP01_0830100|PVP01_0830100.1|unknown -            603 5446at5820           -            453   3.2e-39  133.6   6.5   1   1   2.6e-41   4.4e-39  133.1   6.5   141   437   163   457    26   470 0.78 -
GCA_040114635.1|PVP01_1257000|PVP01_1257000.1|unknown -            377 5446at5820           -            453   3.6e-39  133.4  11.9   1   1   3.2e-41   5.4e-39  132.8  11.9   104   379    13   299     5   312 0.80 -
GCA_040114635.1|PVP01_0314900|PVP01_0314900.1|unknown -            310 5446at5820           -            453   7.7e-38  129.0   6.0   1   1   5.2e-40   8.6e-38  128.9   6.0   137   378     4   249     1   285 0.89 -
GCA_040114635.1|PVP01_0313300|PVP01_0313300.1|unknown -            529 5446at5820           -            453   5.6e-37  126.2   8.6   1   1   5.1e-39   8.4e-37  125.6   8.6   113   377    47   317    15   332 0.88 -
GCA_040114635.1|PVP01_1457000|PVP01_1457000.1|unknown -            508 5446at5820           -            453   5.9e-36  122.8   3.7   1   2   3.6e-38   5.9e-36  122.8   3.7   137   378   111   353   106   364 0.88 -
GCA_040114635.1|PVP01_1457000|PVP01_1457000.1|unknown -            508 5446at5820           -            453   5.9e-36  122.8   3.7   2   2         3     5e+02   -2.2   3.1    71    96   371   396   363   426 0.70 -
GCA_040114635.1|PVP01_1416000|PVP01_1416000.1|unknown -            368 5446at5820           -            453     1e-35  122.0   6.3   1   1   7.8e-38   1.3e-35  121.7   6.3   128   377    99   349    53   361 0.88 -
GCA_040114635.1|PVP01_1143600|PVP01_1143600.1|unknown -            354 5446at5820           -            453   3.1e-35  120.4   0.6   1   1   2.5e-37   4.1e-35  120.0   0.6   136   393    31   306    13   325 0.83 -
GCA_040114635.1|PVP01_0407500|PVP01_0407500.1|unknown -            526 5446at5820           -            453     2e-34  117.8  10.7   1   1   3.3e-36   5.5e-34  116.3  10.7   135   380    54   318    42   342 0.81 -
GCA_040114635.1|PVP01_1265700|PVP01_1265700.1|unknown -           2424 5446at5820           -            453   8.2e-30  102.6   2.9   1   1   4.9e-32   8.2e-30  102.6   2.9   132   379   114   391    93   401 0.80 -
GCA_040114635.1|PVP01_0923400|PVP01_0923400.1|unknown -           1606 5446at5820           -            453   8.6e-28   95.9   2.9   1   1   9.7e-30   1.6e-27   95.0   2.9   176   377  1200  1407  1196  1429 0.86 -
GCA_040114635.1|PVP01_1217600|PVP01_1217600.1|unknown -            305 5446at5820           -            453   2.8e-26   90.9   5.9   1   1   3.8e-27   6.3e-25   86.5   5.9   135   342     7   223     4   300 0.81 -
GCA_040114635.1|PVP01_1446500|PVP01_1446500.1|unknown -           1003 5446at5820           -            453   2.7e-25   87.7   3.0   1   2   1.6e-27   2.7e-25   87.7   3.0   135   350    13   259     7   290 0.76 -
GCA_040114635.1|PVP01_1446500|PVP01_1446500.1|unknown -           1003 5446at5820           -            453   2.7e-25   87.7   3.0   2   2      0.86   1.4e+02   -0.4   0.3   155   189   441   474   427   530 0.74 -
GCA_040114635.1|PVP01_1317900|PVP01_1317900.1|unknown -            706 5446at5820           -            453   1.2e-24   85.5   4.3   1   2   4.3e-23   7.1e-21   73.1   0.8   137   347    20   236    12   252 0.78 -
GCA_040114635.1|PVP01_1317900|PVP01_1317900.1|unknown -            706 5446at5820           -            453   1.2e-24   85.5   4.3   2   2   4.8e-05    0.0079   13.6   0.1   344   405   263   323   247   332 0.74 -
GCA_040114635.1|PVP01_1424400|PVP01_1424400.1|unknown -            517 5446at5820           -            453   2.1e-21   74.9   5.5   1   2   1.9e-10   3.1e-08   31.4   5.2   164   271   240   346   231   372 0.89 -
GCA_040114635.1|PVP01_1424400|PVP01_1424400.1|unknown -            517 5446at5820           -            453   2.1e-21   74.9   5.5   2   2   1.6e-13   2.7e-11   41.5   0.0   274   379   397   500   381   512 0.89 -
GCA_040114635.1|PVP01_1115000|PVP01_1115000.1|unknown -            288 5446at5820           -            453   4.1e-21   73.9   0.3   1   2   4.4e-22   7.2e-20   69.8   0.1   136   339     3   205     1   222 0.80 -
GCA_040114635.1|PVP01_1115000|PVP01_1115000.1|unknown -            288 5446at5820           -            453   4.1e-21   73.9   0.3   2   2      0.12        20    2.4   0.0   356   396   251   286   238   288 0.75 -
GCA_040114635.1|PVP01_0413200|PVP01_0413200.1|unknown -           1029 5446at5820           -            453   5.5e-20   70.2   3.3   1   3       2.2   3.7e+02   -1.8   1.0    67   146    23   103     5   134 0.64 -
GCA_040114635.1|PVP01_0413200|PVP01_0413200.1|unknown -           1029 5446at5820           -            453   5.5e-20   70.2   3.3   2   3       4.6   7.6e+02   -2.8   0.1   354   381   631   658   616   668 0.82 -
GCA_040114635.1|PVP01_0413200|PVP01_0413200.1|unknown -           1029 5446at5820           -            453   5.5e-20   70.2   3.3   3   3   3.3e-22   5.5e-20   70.2   3.3   109   338   729   967   683   990 0.75 -
GCA_040114635.1|PVP01_1464600|PVP01_1464600.1|unknown -            726 5446at5820           -            453     7e-19   66.5   8.1   1   1   8.3e-21   1.4e-18   65.6   8.1   141   381    28   288    15   293 0.78 -
GCA_040114635.1|PVP01_0733500|PVP01_0733500.1|unknown -            341 5446at5820           -            453   1.8e-18   65.2   1.7   1   1   1.4e-20   2.3e-18   64.8   1.7   116   220    12   117     3   120 0.88 -
GCA_040114635.1|PVP01_0909200|PVP01_0909200.1|unknown -            335 5446at5820           -            453   6.8e-17   60.0   5.0   1   2   4.1e-19   6.8e-17   60.0   5.0   133   336    39   237    19   270 0.82 -
GCA_040114635.1|PVP01_0909200|PVP01_0909200.1|unknown -            335 5446at5820           -            453   6.8e-17   60.0   5.0   2   2       1.5   2.5e+02   -1.2   0.0   359   397   298   331   287   334 0.80 -
GCA_040114635.1|PVP01_0945900|PVP01_0945900.1|unknown -           2018 5446at5820           -            453   8.4e-17   59.7   0.6   1   1   5.1e-19   8.4e-17   59.7   0.6   135   379    75   329    14   350 0.77 -
GCA_040114635.1|PVP01_0827800|PVP01_0827800.1|unknown -            494 5446at5820           -            453   8.6e-17   59.6   5.2   1   2   5.4e-19     9e-17   59.6   3.9   130   340   112   327    81   356 0.74 -
GCA_040114635.1|PVP01_0827800|PVP01_0827800.1|unknown -            494 5446at5820           -            453   8.6e-17   59.6   5.2   2   2       2.9   4.9e+02   -2.2   0.0   338   379   352   395   342   405 0.76 -
GCA_040114635.1|PVP01_0411500|PVP01_0411500.1|unknown -            344 5446at5820           -            453   2.1e-16   58.4   0.6   1   1   2.5e-17   4.2e-15   54.1   0.6   235   357   147   271     3   332 0.71 -
GCA_040114635.1|PVP01_0905700|PVP01_0905700.1|unknown -           1277 5446at5820           -            453   7.8e-15   53.2   7.8   1   1   7.5e-17   1.2e-14   52.5   7.8   157   268   288   399   277   404 0.91 -
GCA_040114635.1|PVP01_0521800|PVP01_0521800.1|unknown -           1604 5446at5820           -            453   3.4e-13   47.8   0.1   1   1   4.2e-15   6.9e-13   46.8   0.1   243   347   896  1002   883  1021 0.81 -
GCA_040114635.1|PVP01_0818800|PVP01_0818800.1|unknown -            327 5446at5820           -            453   6.2e-13   46.9   2.9   1   1   4.8e-15   7.9e-13   46.6   2.4   190   375    73   266    32   282 0.82 -
GCA_040114635.1|PVP01_1416900|PVP01_1416900.1|unknown -            341 5446at5820           -            453     4e-12   44.2   2.3   1   1   3.1e-14   5.2e-12   43.9   2.3   125   330    16   233     6   247 0.77 -
GCA_040114635.1|PVP01_0937400|PVP01_0937400.1|unknown -            323 5446at5820           -            453   1.1e-10   39.6   1.1   1   1   1.1e-12   1.9e-10   38.8   1.1   136   355     8   236     2   247 0.73 -
GCA_040114635.1|PVP01_0814500|PVP01_0814500.1|unknown -            325 5446at5820           -            453   2.6e-10   38.3   9.9   1   1   2.6e-12   4.3e-10   37.6   9.8   142   339    15   230     4   268 0.78 -
GCA_040114635.1|PVP01_1133600|PVP01_1133600.1|unknown -            801 5446at5820           -            453   6.7e-09   33.6   4.6   1   3   5.2e-10   8.7e-08   30.0   0.1   204   297   152   256   102   268 0.73 -
GCA_040114635.1|PVP01_1133600|PVP01_1133600.1|unknown -            801 5446at5820           -            453   6.7e-09   33.6   4.6   2   3       1.5   2.5e+02   -1.2   0.0   312   339   475   502   470   513 0.82 -
GCA_040114635.1|PVP01_1133600|PVP01_1133600.1|unknown -            801 5446at5820           -            453   6.7e-09   33.6   4.6   3   3     0.036         6    4.1   0.0   357   402   556   596   531   620 0.79 -
GCA_040114635.1|PVP01_0207300|PVP01_0207300.1|unknown -           3304 5446at5820           -            453   1.2e-07   29.6   0.4   1   1     1e-09   1.7e-07   29.0   0.4   209   283  3075  3148  3069  3162 0.74 -
GCA_040114635.1|PVP01_0513200|PVP01_0513200.1|unknown -            800 5446at5820           -            453   1.2e-06   26.2   8.5   1   2    0.0011      0.18    9.2   3.3   136   242    34   139     7   141 0.68 -
GCA_040114635.1|PVP01_0513200|PVP01_0513200.1|unknown -            800 5446at5820           -            453   1.2e-06   26.2   8.5   2   2   5.5e-07     9e-05   20.0   0.2   217   268   218   268   206   275 0.83 -
GCA_040114635.1|PVP01_1202200|PVP01_1202200.1|unknown -            423 5446at5820           -            453    0.0013   16.2   8.6   1   1   1.2e-05    0.0019   15.6   8.6   169   279    54   167    34   182 0.84 -
GCA_040114635.1|PVP01_0921500|PVP01_0921500.1|unknown -            106 5446at5820           -            453     0.017   12.5   2.5   1   1   0.00012     0.019   12.4   2.5    70   129    43   103    31   105 0.84 -
#
# Program:         hmmsearch
# Version:         3.4 (Aug 2023)
# Pipeline mode:   SEARCH
# Query file:      /v3/work/00_inventory/busco/busco_downloads/lineages/plasmodium_odb10/hmms/5446at5820.hmm
# Target file:     /v3/inputs/annotations/ncbi-datasets/MHC087.proteins.fa
# Option settings: hmmsearch --domtblout /v3/work/00_inventory/busco/MHC087_proteins/run_plasmodium_odb10/hmmer_output/initial_run_results/5446at5820.out --cpu 1 /v3/work/00_inventory/busco/busco_downloads/lineages/plasmodium_odb10/hmms/5446at5820.hmm /v3/inputs/annotations/ncbi-datasets/MHC087.proteins.fa 
# Current dir:     /v3/work/00_inventory/busco
# Date:            Tue May 19 18:13:21 2026
# [ok]
