#                                                                                                             --- full sequence --- -------------- this domain -------------   hmm coord   ali coord   env coord
# target name                                         accession   tlen query name           accession   qlen   E-value  score  bias   #  of  c-Evalue  i-Evalue  score  bias  from    to  from    to  from    to  acc description of target
#                                 ------------------- ---------- ----- -------------------- ---------- ----- --------- ------ ----- --- --- --------- --------- ------ ----- ----- ----- ----- ----- ----- ----- ---- ---------------------
GCA_040114635.1|PVP01_1457000|PVP01_1457000.1|unknown -            508 5526at5820           -            425  2.7e-282  934.4  23.6   1   2  2.8e-267  4.8e-265  877.6  11.0     1   385     1   390     1   419 0.97 -
GCA_040114635.1|PVP01_1457000|PVP01_1457000.1|unknown -            508 5526at5820           -            425  2.7e-282  934.4  23.6   2   2   5.5e-20   9.4e-18   62.9   4.7   374   425   427   483   419   483 0.88 -
GCA_040114635.1|PVP01_0830100|PVP01_0830100.1|unknown -            603 5526at5820           -            425   3.5e-53  179.6   0.9   1   1   2.8e-55   4.8e-53  179.2   0.9   104   403   155   458   134   467 0.87 -
GCA_040114635.1|PVP01_0407500|PVP01_0407500.1|unknown -            526 5526at5820           -            425   7.4e-51  171.9   5.3   1   1   6.8e-53   1.2e-50  171.3   5.3   145   372   112   339    97   352 0.94 -
GCA_040114635.1|PVP01_0313300|PVP01_0313300.1|unknown -            529 5526at5820           -            425   1.3e-44  151.4   5.4   1   1   1.1e-46   1.8e-44  150.9   5.4   102   360    66   329    43   347 0.90 -
GCA_040114635.1|PVP01_1325400|PVP01_1325400.1|unknown -            284 5526at5820           -            425   3.2e-39  133.6  13.0   1   1   2.2e-41   3.8e-39  133.4  13.0   104   362    19   281     8   284 0.89 -
GCA_040114635.1|PVP01_1252700|PVP01_1252700.1|unknown -            860 5526at5820           -            425   1.7e-38  131.2   6.6   1   1   1.8e-40   3.1e-38  130.4   6.6   101   362   475   736   443   754 0.88 -
GCA_040114635.1|PVP01_1416000|PVP01_1416000.1|unknown -            368 5526at5820           -            425     2e-36  124.4   5.6   1   1   1.9e-38   3.2e-36  123.7   5.6   105   360   106   361    94   365 0.87 -
GCA_040114635.1|PVP01_1257000|PVP01_1257000.1|unknown -            377 5526at5820           -            425   3.4e-35  120.4  11.5   1   1   2.6e-37   4.3e-35  120.0  11.5   101   375    36   324    15   346 0.83 -
GCA_040114635.1|PVP01_0923400|PVP01_0923400.1|unknown -           1606 5526at5820           -            425   2.9e-31  107.4   5.2   1   1   2.5e-33   4.3e-31  106.8   5.2   136   370  1196  1429  1194  1459 0.86 -
GCA_040114635.1|PVP01_1464000|PVP01_1464000.1|unknown -            748 5526at5820           -            425   1.3e-29  102.0   0.1   1   1   1.4e-31   2.4e-29  101.1   0.1   109   311   424   629   417   655 0.89 -
GCA_040114635.1|PVP01_1312900|PVP01_1312900.1|unknown -            854 5526at5820           -            425   3.9e-29  100.4   0.0   1   1   4.2e-31   7.2e-29   99.5   0.0   111   321   546   758   539   785 0.89 -
GCA_040114635.1|PVP01_1265700|PVP01_1265700.1|unknown -           2424 5526at5820           -            425   1.3e-23   82.2   3.1   1   1   1.7e-25     3e-23   81.0   3.1   104   361   117   402   105   419 0.82 -
GCA_040114635.1|PVP01_0314900|PVP01_0314900.1|unknown -            310 5526at5820           -            425   4.3e-23   80.5   2.4   1   1   2.9e-25   4.9e-23   80.3   2.4   107   356     4   256     1   283 0.78 -
GCA_040114635.1|PVP01_1424400|PVP01_1424400.1|unknown -            517 5526at5820           -            425   2.7e-22   77.9   7.6   1   2   9.1e-11   1.5e-08   32.5   2.8   148   236   258   345   238   353 0.88 -
GCA_040114635.1|PVP01_1424400|PVP01_1424400.1|unknown -            517 5526at5820           -            425   2.7e-22   77.9   7.6   2   2   2.1e-15   3.6e-13   47.8   0.2   240   360   394   510   366   516 0.83 -
GCA_040114635.1|PVP01_1143600|PVP01_1143600.1|unknown -            354 5526at5820           -            425   1.5e-21   75.4   0.0   1   1   1.2e-23     2e-21   75.0   0.0   113   360    38   307    12   314 0.76 -
GCA_040114635.1|PVP01_0909200|PVP01_0909200.1|unknown -            335 5526at5820           -            425   5.1e-19   67.1   1.6   1   1   4.3e-21   7.3e-19   66.5   1.6   105   304    41   239    25   266 0.82 -
GCA_040114635.1|PVP01_1115000|PVP01_1115000.1|unknown -            288 5526at5820           -            425   6.4e-19   66.7   0.0   1   2   7.1e-20   1.2e-17   62.5   0.0   111   327     8   226     2   235 0.84 -
GCA_040114635.1|PVP01_1115000|PVP01_1115000.1|unknown -            288 5526at5820           -            425   6.4e-19   66.7   0.0   2   2      0.15        25    2.2   0.0   339   360   263   284   251   287 0.85 -
GCA_040114635.1|PVP01_0827800|PVP01_0827800.1|unknown -            494 5526at5820           -            425   3.3e-17   61.1   1.8   1   1   2.7e-19   4.7e-17   60.6   1.8   106   306   118   326   105   336 0.81 -
GCA_040114635.1|PVP01_1317900|PVP01_1317900.1|unknown -            706 5526at5820           -            425   4.9e-17   60.5   0.4   1   1   4.4e-19   7.4e-17   59.9   0.4   107   314    20   236    15   255 0.79 -
GCA_040114635.1|PVP01_1416900|PVP01_1416900.1|unknown -            341 5526at5820           -            425   8.3e-17   59.8   0.3   1   1   6.4e-19   1.1e-16   59.4   0.3   107   308    30   244    17   256 0.79 -
GCA_040114635.1|PVP01_1446500|PVP01_1446500.1|unknown -           1003 5526at5820           -            425   1.2e-16   59.3   0.7   1   1   1.2e-18     2e-16   58.5   0.7   105   358    13   296    10   301 0.77 -
GCA_040114635.1|PVP01_0922500|PVP01_0922500.1|unknown -            561 5526at5820           -            425     2e-16   58.5   8.9   1   2   1.8e-15   3.1e-13   48.0   2.0   110   256    38   189    31   216 0.74 -
GCA_040114635.1|PVP01_0922500|PVP01_0922500.1|unknown -            561 5526at5820           -            425     2e-16   58.5   8.9   2   2   2.4e-05     0.004   14.7   0.7   262   380   346   464   301   542 0.78 -
GCA_040114635.1|PVP01_0413200|PVP01_0413200.1|unknown -           1029 5526at5820           -            425   3.3e-14   51.2   1.0   1   1   3.7e-16   6.3e-14   50.3   1.0   104   303   756   965   709   969 0.70 -
GCA_040114635.1|PVP01_0521800|PVP01_0521800.1|unknown -           1604 5526at5820           -            425   3.6e-14   51.1   0.2   1   2   7.1e-14   1.2e-11   42.8   0.0   203   312   890  1000   873  1013 0.85 -
GCA_040114635.1|PVP01_0521800|PVP01_0521800.1|unknown -           1604 5526at5820           -            425   3.6e-14   51.1   0.2   2   2    0.0085       1.4    6.3   0.0   331   381  1059  1109  1022  1126 0.69 -
GCA_040114635.1|PVP01_1217600|PVP01_1217600.1|unknown -            305 5526at5820           -            425   3.3e-13   47.9   2.2   1   2   5.9e-15     1e-12   46.3   1.9   113   307    15   221     7   229 0.76 -
GCA_040114635.1|PVP01_1217600|PVP01_1217600.1|unknown -            305 5526at5820           -            425   3.3e-13   47.9   2.2   2   2       1.6   2.8e+02   -1.3   0.0   322   360   255   293   244   298 0.81 -
GCA_040114635.1|PVP01_0905700|PVP01_0905700.1|unknown -           1277 5526at5820           -            425   5.4e-13   47.2   1.4   1   1   4.8e-15   8.1e-13   46.6   1.4   135   258   296   430   289   438 0.80 -
GCA_040114635.1|PVP01_0937400|PVP01_0937400.1|unknown -            323 5526at5820           -            425   2.2e-12   45.2   0.5   1   1   1.9e-14   3.2e-12   44.7   0.5   104   322     6   236     3   264 0.79 -
GCA_040114635.1|PVP01_0104700|PVP01_0104700.1|unknown -           1250 5526at5820           -            425   1.1e-11   42.8   6.0   1   3   6.7e-14   1.1e-11   42.8   6.0   114   254   739   881   710   886 0.81 -
GCA_040114635.1|PVP01_0104700|PVP01_0104700.1|unknown -           1250 5526at5820           -            425   1.1e-11   42.8   6.0   2   3    0.0073       1.2    6.5   2.4   262   322  1094  1159  1080  1186 0.74 -
GCA_040114635.1|PVP01_0104700|PVP01_0104700.1|unknown -           1250 5526at5820           -            425   1.1e-11   42.8   6.0   3   3       1.5   2.6e+02   -1.2   0.3   290   351  1178  1239  1164  1247 0.73 -
GCA_040114635.1|PVP01_1133600|PVP01_1133600.1|unknown -            801 5526at5820           -            425   7.1e-11   40.2   7.8   1   4      0.26        44    1.4   0.5   102   133    12    46     5    90 0.80 -
GCA_040114635.1|PVP01_1133600|PVP01_1133600.1|unknown -            801 5526at5820           -            425   7.1e-11   40.2   7.8   2   4   1.1e-07   1.8e-05   22.4   0.0   172   255   155   245   119   270 0.76 -
GCA_040114635.1|PVP01_1133600|PVP01_1133600.1|unknown -            801 5526at5820           -            425   7.1e-11   40.2   7.8   3   4     0.012         2    5.8   0.1   278   305   474   501   467   512 0.89 -
GCA_040114635.1|PVP01_1133600|PVP01_1133600.1|unknown -            801 5526at5820           -            425   7.1e-11   40.2   7.8   4   4   0.00015     0.025   12.0   0.1   335   382   563   612   538   643 0.73 -
GCA_040114635.1|PVP01_1300900|PVP01_1300900.1|unknown -            296 5526at5820           -            425   1.1e-10   39.6   4.2   1   1   8.4e-13   1.4e-10   39.2   4.2   142   352    60   272    22   279 0.77 -
GCA_040114635.1|PVP01_0814500|PVP01_0814500.1|unknown -            325 5526at5820           -            425   1.6e-10   39.0   8.8   1   2   1.8e-12   3.1e-10   38.1   7.0   113   307    16   231     6   240 0.79 -
GCA_040114635.1|PVP01_0814500|PVP01_0814500.1|unknown -            325 5526at5820           -            425   1.6e-10   39.0   8.8   2   2       1.2     2e+02   -0.8   0.0   336   361   284   309   263   315 0.73 -
GCA_040114635.1|PVP01_0411500|PVP01_0411500.1|unknown -            344 5526at5820           -            425   7.7e-08   30.2   0.0   1   1   5.9e-10     1e-07   29.8   0.0   144   322    82   269    48   324 0.83 -
GCA_040114635.1|PVP01_1202200|PVP01_1202200.1|unknown -            423 5526at5820           -            425     8e-07   26.9   4.1   1   1   6.5e-09   1.1e-06   26.4   4.1   142   249    61   168    33   186 0.85 -
GCA_040114635.1|PVP01_0733500|PVP01_0733500.1|unknown -            341 5526at5820           -            425   6.6e-06   23.9   0.1   1   1   5.2e-08   8.8e-06   23.4   0.1   111   187    37   118    29   121 0.83 -
GCA_040114635.1|PVP01_0724500|PVP01_0724500.1|unknown -           1167 5526at5820           -            425    0.0002   19.0   0.0   1   1   1.8e-06   0.00031   18.4   0.0   260   307  1044  1090  1027  1106 0.88 -
GCA_040114635.1|PVP01_0207300|PVP01_0207300.1|unknown -           3304 5526at5820           -            425   0.00037   18.1   0.1   1   1   3.3e-06   0.00056   17.5   0.1   177   253  3077  3149  3066  3158 0.83 -
GCA_040114635.1|PVP01_0818800|PVP01_0818800.1|unknown -            327 5526at5820           -            425    0.0094   13.5   0.5   1   1   0.00014     0.024   12.1   0.5   159   372    77   291    42   326 0.67 -
#
# Program:         hmmsearch
# Version:         3.4 (Aug 2023)
# Pipeline mode:   SEARCH
# Query file:      /v3/work/00_inventory/busco/busco_downloads/lineages/plasmodium_odb10/hmms/5526at5820.hmm
# Target file:     /v3/inputs/annotations/ncbi-datasets/MHC087.proteins.fa
# Option settings: hmmsearch --domtblout /v3/work/00_inventory/busco/MHC087_proteins/run_plasmodium_odb10/hmmer_output/initial_run_results/5526at5820.out --cpu 1 /v3/work/00_inventory/busco/busco_downloads/lineages/plasmodium_odb10/hmms/5526at5820.hmm /v3/inputs/annotations/ncbi-datasets/MHC087.proteins.fa 
# Current dir:     /v3/work/00_inventory/busco
# Date:            Tue May 19 18:13:52 2026
# [ok]
