#                                                                                                             --- full sequence --- -------------- this domain -------------   hmm coord   ali coord   env coord
# target name                                         accession   tlen query name           accession   qlen   E-value  score  bias   #  of  c-Evalue  i-Evalue  score  bias  from    to  from    to  from    to  acc description of target
#                                 ------------------- ---------- ----- -------------------- ---------- ----- --------- ------ ----- --- --- --------- --------- ------ ----- ----- ----- ----- ----- ----- ----- ---- ---------------------
GCA_040114635.1|PVP01_1028800|PVP01_1028800.1|unknown -            612 5548at5820           -            458  5.3e-256  848.1  40.0   1   2   9.4e-81   6.6e-78  261.0   3.3     1   139     1   143     1   149 0.96 -
GCA_040114635.1|PVP01_1028800|PVP01_1028800.1|unknown -            612 5548at5820           -            458  5.3e-256  848.1  40.0   2   2  2.2e-181  1.5e-178  592.8  28.9   130   458   247   612   241   612 0.93 -
GCA_040114635.1|PVP01_1336400|PVP01_1336400.1|unknown -            376 5548at5820           -            458   1.6e-35  121.2   0.0   1   2   8.7e-05     0.061   10.6   0.0     8    41     6    39     2    71 0.84 -
GCA_040114635.1|PVP01_1336400|PVP01_1336400.1|unknown -            376 5548at5820           -            458   1.6e-35  121.2   0.0   2   2   4.8e-34   3.3e-31  107.0   0.0   185   458   112   375    91   375 0.89 -
GCA_040114635.1|PVP01_0210900|PVP01_0210900.1|unknown -            379 5548at5820           -            458   1.8e-33  114.5   2.1   1   2   0.00017      0.12    9.6   0.1     9    40    13    44     1    58 0.90 -
GCA_040114635.1|PVP01_0210900|PVP01_0210900.1|unknown -            379 5548at5820           -            458   1.8e-33  114.5   2.1   2   2     5e-33   3.5e-30  103.7   0.3   152   457    84   377    52   378 0.87 -
GCA_040114635.1|PVP01_1463200|PVP01_1463200.1|unknown -            376 5548at5820           -            458   4.7e-33  113.1   0.0   1   2   1.8e-06    0.0013   16.1   0.0     6    40     5    39     2    51 0.91 -
GCA_040114635.1|PVP01_1463200|PVP01_1463200.1|unknown -            376 5548at5820           -            458   4.7e-33  113.1   0.0   2   2   1.6e-29   1.1e-26   92.1   0.0   186   458   114   375    93   375 0.89 -
GCA_040114635.1|PVP01_1326200|PVP01_1326200.1|unknown -            493 5548at5820           -            458     2e-24   84.7   0.0   1   3   3.9e-06    0.0027   15.0   0.0     5    38    16    49    13    55 0.90 -
GCA_040114635.1|PVP01_1326200|PVP01_1326200.1|unknown -            493 5548at5820           -            458     2e-24   84.7   0.0   2   3   0.00059      0.41    7.8   0.0    67   112    67   113    64   121 0.83 -
GCA_040114635.1|PVP01_1326200|PVP01_1326200.1|unknown -            493 5548at5820           -            458     2e-24   84.7   0.0   3   3   3.3e-19   2.3e-16   58.1   0.0   166   275   133   246   128   251 0.95 -
GCA_040114635.1|PVP01_0904400|PVP01_0904400.1|unknown -            491 5548at5820           -            458   3.1e-22   77.5  17.9   1   3    0.0033       2.3    5.4   0.4     5   113     3    97     1   105 0.65 -
GCA_040114635.1|PVP01_0904400|PVP01_0904400.1|unknown -            491 5548at5820           -            458   3.1e-22   77.5  17.9   2   3   8.8e-14   6.1e-11   40.2   6.7   164   350    96   305    81   335 0.70 -
GCA_040114635.1|PVP01_0904400|PVP01_0904400.1|unknown -            491 5548at5820           -            458   3.1e-22   77.5  17.9   3   3   2.5e-13   1.8e-10   38.7   0.8   374   458   401   490   370   490 0.79 -
GCA_040114635.1|PVP01_0911500|PVP01_0911500.1|unknown -            378 5548at5820           -            458     3e-18   64.3   0.2   1   2    0.0027       1.9    5.7   0.0     7    46     3    42     1    55 0.89 -
GCA_040114635.1|PVP01_0911500|PVP01_0911500.1|unknown -            378 5548at5820           -            458     3e-18   64.3   0.2   2   2   1.1e-18   7.4e-16   56.4   0.0   177   454    95   369    75   373 0.84 -
GCA_040114635.1|PVP01_0709200|PVP01_0709200.1|unknown -            573 5548at5820           -            458   2.5e-05   21.7   0.1   1   2       2.2   1.5e+03   -3.9   0.0    41    60   305   324   273   329 0.68 -
GCA_040114635.1|PVP01_0709200|PVP01_0709200.1|unknown -            573 5548at5820           -            458   2.5e-05   21.7   0.1   2   2     1e-07     7e-05   20.3   0.0   366   456   464   564   433   566 0.75 -
GCA_040114635.1|PVP01_0315000|PVP01_0315000.1|unknown -            866 5548at5820           -            458   0.00056   17.3   0.2   1   1   1.3e-06   0.00088   16.6   0.2   332   450   743   863   737   865 0.75 -
#
# Program:         hmmsearch
# Version:         3.4 (Aug 2023)
# Pipeline mode:   SEARCH
# Query file:      /v3/work/00_inventory/busco/busco_downloads/lineages/plasmodium_odb10/hmms/5548at5820.hmm
# Target file:     /v3/inputs/annotations/ncbi-datasets/MHC087.proteins.fa
# Option settings: hmmsearch --domtblout /v3/work/00_inventory/busco/MHC087_proteins/run_plasmodium_odb10/hmmer_output/initial_run_results/5548at5820.out --cpu 1 /v3/work/00_inventory/busco/busco_downloads/lineages/plasmodium_odb10/hmms/5548at5820.hmm /v3/inputs/annotations/ncbi-datasets/MHC087.proteins.fa 
# Current dir:     /v3/work/00_inventory/busco
# Date:            Tue May 19 18:13:59 2026
# [ok]
