#                                                                                                             --- full sequence --- -------------- this domain -------------   hmm coord   ali coord   env coord
# target name                                         accession   tlen query name           accession   qlen   E-value  score  bias   #  of  c-Evalue  i-Evalue  score  bias  from    to  from    to  from    to  acc description of target
#                                 ------------------- ---------- ----- -------------------- ---------- ----- --------- ------ ----- --- --- --------- --------- ------ ----- ----- ----- ----- ----- ----- ----- ---- ---------------------
GCA_040114635.1|PVP01_1320900|PVP01_1320900.1|unknown -           2227 575at5820            -           1131  1.1e-147  492.2  21.4   1   5   3.1e-79   2.8e-76  255.7   6.3     6   176    24   203    14   210 0.90 -
GCA_040114635.1|PVP01_1320900|PVP01_1320900.1|unknown -           2227 575at5820            -           1131  1.1e-147  492.2  21.4   2   5   3.7e-13   3.4e-10   36.9   3.1   384   424   918   961   914   964 0.85 -
GCA_040114635.1|PVP01_1320900|PVP01_1320900.1|unknown -           2227 575at5820            -           1131  1.1e-147  492.2  21.4   3   5   5.4e-24   4.8e-21   72.8   0.0   607   656  1462  1511  1458  1517 0.94 -
GCA_040114635.1|PVP01_1320900|PVP01_1320900.1|unknown -           2227 575at5820            -           1131  1.1e-147  492.2  21.4   4   5   3.4e-13   3.1e-10   37.0   0.0   657   721  1538  1606  1534  1614 0.87 -
GCA_040114635.1|PVP01_1320900|PVP01_1320900.1|unknown -           2227 575at5820            -           1131  1.1e-147  492.2  21.4   5   5   1.8e-30   1.6e-27   94.2   0.1   705   782  1697  1779  1691  1782 0.90 -
GCA_040114635.1|PVP01_0407500|PVP01_0407500.1|unknown -            526 575at5820            -           1131   1.3e-07   28.4   8.2   1   1   8.5e-09   7.6e-06   22.5   8.2   380   544   122   263   106   328 0.67 -
GCA_040114635.1|PVP01_1446500|PVP01_1446500.1|unknown -           1003 575at5820            -           1131   1.9e-06   24.4   6.3   1   1   8.2e-09   7.4e-06   22.5   6.3   360   480    45   175     9   279 0.64 -
GCA_040114635.1|PVP01_1300900|PVP01_1300900.1|unknown -            296 575at5820            -           1131   6.5e-06   22.7  13.1   1   2   3.2e-08   2.9e-05   20.6   2.5   380   465    76   164    59   178 0.71 -
GCA_040114635.1|PVP01_1300900|PVP01_1300900.1|unknown -            296 575at5820            -           1131   6.5e-06   22.7  13.1   2   2   0.00024      0.21    7.7   3.1   523   605   195   276   177   288 0.71 -
GCA_040114635.1|PVP01_0314900|PVP01_0314900.1|unknown -            310 575at5820            -           1131   7.2e-06   22.6   6.0   1   2   2.2e-08     2e-05   21.1   6.1   387   482    62   155    18   180 0.77 -
GCA_040114635.1|PVP01_0314900|PVP01_0314900.1|unknown -            310 575at5820            -           1131   7.2e-06   22.6   6.0   2   2      0.22     2e+02   -2.1   0.0   521   552   175   208   168   220 0.72 -
GCA_040114635.1|PVP01_1265700|PVP01_1265700.1|unknown -           2424 575at5820            -           1131   0.00019   17.9   2.6   1   2      0.33     3e+02   -2.7   0.1   836   899    31    92    28   129 0.82 -
GCA_040114635.1|PVP01_1265700|PVP01_1265700.1|unknown -           2424 575at5820            -           1131   0.00019   17.9   2.6   2   2   2.1e-07   0.00019   17.9   2.6   379   587   171   382   105   404 0.76 -
GCA_040114635.1|PVP01_0319700|PVP01_0319700.1|unknown -           1610 575at5820            -           1131     0.061    9.5   0.1   1   1   9.3e-05     0.084    9.1   0.1   432   479   160   204   154   210 0.85 -
#
# Program:         hmmsearch
# Version:         3.4 (Aug 2023)
# Pipeline mode:   SEARCH
# Query file:      /v3/work/00_inventory/busco/busco_downloads/lineages/plasmodium_odb10/hmms/575at5820.hmm
# Target file:     /v3/inputs/annotations/ncbi-datasets/MHC087.proteins.fa
# Option settings: hmmsearch --domtblout /v3/work/00_inventory/busco/MHC087_proteins/run_plasmodium_odb10/hmmer_output/initial_run_results/575at5820.out --cpu 1 /v3/work/00_inventory/busco/busco_downloads/lineages/plasmodium_odb10/hmms/575at5820.hmm /v3/inputs/annotations/ncbi-datasets/MHC087.proteins.fa 
# Current dir:     /v3/work/00_inventory/busco
# Date:            Tue May 19 18:15:07 2026
# [ok]
