#                                                                                                             --- full sequence --- -------------- this domain -------------   hmm coord   ali coord   env coord
# target name                                         accession   tlen query name           accession   qlen   E-value  score  bias   #  of  c-Evalue  i-Evalue  score  bias  from    to  from    to  from    to  acc description of target
#                                 ------------------- ---------- ----- -------------------- ---------- ----- --------- ------ ----- --- --- --------- --------- ------ ----- ----- ----- ----- ----- ----- ----- ---- ---------------------
GCA_040114635.1|PVP01_0946700|PVP01_0946700.1|unknown -            660 6323at5820           -            422   7.6e-22   76.2  14.0   1   6   5.2e-08   1.2e-05   22.9   0.0   369   405   116   152    78   159 0.84 -
GCA_040114635.1|PVP01_0946700|PVP01_0946700.1|unknown -            660 6323at5820           -            422   7.6e-22   76.2  14.0   2   6     8e-10   1.9e-07   28.8   0.2   250   331   121   205   121   215 0.83 -
GCA_040114635.1|PVP01_0946700|PVP01_0946700.1|unknown -            660 6323at5820           -            422   7.6e-22   76.2  14.0   3   6   1.2e-05    0.0029   15.0   0.9   265   408   340   484   335   489 0.78 -
GCA_040114635.1|PVP01_0946700|PVP01_0946700.1|unknown -            660 6323at5820           -            422   7.6e-22   76.2  14.0   4   6   3.5e-06   0.00081   16.8   0.0   367   403   487   523   484   528 0.93 -
GCA_040114635.1|PVP01_0946700|PVP01_0946700.1|unknown -            660 6323at5820           -            422   7.6e-22   76.2  14.0   5   6    0.0041      0.94    6.7   0.1   369   404   531   566   525   576 0.82 -
GCA_040114635.1|PVP01_0946700|PVP01_0946700.1|unknown -            660 6323at5820           -            422   7.6e-22   76.2  14.0   6   6   0.00039     0.091   10.1   0.1   244   279   624   659   611   660 0.89 -
GCA_040114635.1|PVP01_0511500|PVP01_0511500.1|unknown -            324 6323at5820           -            422   1.1e-16   59.2  10.1   1   4   8.1e-07   0.00019   18.9   0.4   247   318    33   108    27   108 0.87 -
GCA_040114635.1|PVP01_0511500|PVP01_0511500.1|unknown -            324 6323at5820           -            422   1.1e-16   59.2  10.1   2   4   1.1e-07   2.5e-05   21.8   0.6   194   242   106   155   100   170 0.90 -
GCA_040114635.1|PVP01_0511500|PVP01_0511500.1|unknown -            324 6323at5820           -            422   1.1e-16   59.2  10.1   3   4   1.1e-05    0.0026   15.2   0.1   223   282   177   235   167   241 0.83 -
GCA_040114635.1|PVP01_0511500|PVP01_0511500.1|unknown -            324 6323at5820           -            422   1.1e-16   59.2  10.1   4   4   0.00017     0.039   11.3   0.0   257   316   260   321   252   324 0.72 -
GCA_040114635.1|PVP01_1142200|PVP01_1142200.1|unknown -           1401 6323at5820           -            422   5.8e-14   50.3   5.0   1   4   1.2e-07   2.7e-05   21.7   0.2   166   279     7   121     3   125 0.88 -
GCA_040114635.1|PVP01_1142200|PVP01_1142200.1|unknown -           1401 6323at5820           -            422   5.8e-14   50.3   5.0   2   4   5.3e-07   0.00012   19.5   0.6   308   404    69   164    66   179 0.75 -
GCA_040114635.1|PVP01_1142200|PVP01_1142200.1|unknown -           1401 6323at5820           -            422   5.8e-14   50.3   5.0   3   4   4.3e-06   0.00099   16.5   0.0   291   394   252   357   234   375 0.86 -
GCA_040114635.1|PVP01_1142200|PVP01_1142200.1|unknown -           1401 6323at5820           -            422   5.8e-14   50.3   5.0   4   4         5   1.2e+03   -3.5   0.1   312   332   610   630   608   656 0.77 -
GCA_040114635.1|PVP01_0507600|PVP01_0507600.1|unknown -            322 6323at5820           -            422     5e-13   47.2  11.1   1   2   1.8e-11   4.1e-09   34.3   2.2   296   410    28   148    18   163 0.79 -
GCA_040114635.1|PVP01_0507600|PVP01_0507600.1|unknown -            322 6323at5820           -            422     5e-13   47.2  11.1   2   2    0.0072       1.7    5.9   0.1   256   280   293   317   270   321 0.82 -
GCA_040114635.1|PVP01_0837800|PVP01_0837800.1|unknown -            595 6323at5820           -            422     1e-12   46.2   0.4   1   3       2.3   5.4e+02   -2.4   7.6   141   173   146   178   120   188 0.67 -
GCA_040114635.1|PVP01_0837800|PVP01_0837800.1|unknown -            595 6323at5820           -            422     1e-12   46.2   0.4   2   3     0.029       6.9    3.9   0.3   250   282   280   312   260   342 0.76 -
GCA_040114635.1|PVP01_0837800|PVP01_0837800.1|unknown -            595 6323at5820           -            422     1e-12   46.2   0.4   3   3   4.3e-15     1e-12   46.2   0.4   188   307   343   469   321   476 0.85 -
GCA_040114635.1|PVP01_0831600|PVP01_0831600.1|unknown -            498 6323at5820           -            422   8.4e-12   43.1  11.6   1   4     0.015       3.5    4.9   2.2   155   225   121   193    86   237 0.67 -
GCA_040114635.1|PVP01_0831600|PVP01_0831600.1|unknown -            498 6323at5820           -            422   8.4e-12   43.1  11.6   2   4    0.0051       1.2    6.4   0.0   364   403   244   283   226   293 0.84 -
GCA_040114635.1|PVP01_0831600|PVP01_0831600.1|unknown -            498 6323at5820           -            422   8.4e-12   43.1  11.6   3   4   1.1e-10   2.6e-08   31.6   0.1   164   282   297   416   285   424 0.83 -
GCA_040114635.1|PVP01_0831600|PVP01_0831600.1|unknown -            498 6323at5820           -            422   8.4e-12   43.1  11.6   4   4     0.022         5    4.3   0.0   224   278   444   497   430   498 0.86 -
GCA_040114635.1|PVP01_0519300|PVP01_0519300.1|unknown -            458 6323at5820           -            422   2.7e-10   38.2   3.8   1   2      0.13        31    1.7   0.0   247   278   202   234   193   241 0.89 -
GCA_040114635.1|PVP01_0519300|PVP01_0519300.1|unknown -            458 6323at5820           -            422   2.7e-10   38.2   3.8   2   2     1e-11   2.3e-09   35.1   4.2   132   280   231   401   211   415 0.75 -
GCA_040114635.1|PVP01_1448900|PVP01_1448900.1|unknown -            754 6323at5820           -            422   3.1e-08   31.4  15.9   1   2   1.2e-07   2.9e-05   21.6   6.2   208   315    10   131     5   170 0.77 -
GCA_040114635.1|PVP01_1448900|PVP01_1448900.1|unknown -            754 6323at5820           -            422   3.1e-08   31.4  15.9   2   2   1.2e-05    0.0027   15.1   2.1   262   344   193   292   189   304 0.70 -
GCA_040114635.1|PVP01_0116900|PVP01_0116900.1|unknown -            365 6323at5820           -            422   3.4e-08   31.3   0.3   1   1   3.3e-09   7.6e-07   26.8   0.3   246   403    12   174     7   183 0.84 -
GCA_040114635.1|PVP01_0312600|PVP01_0312600.1|unknown -            327 6323at5820           -            422     4e-08   31.0   4.0   1   3   0.00046      0.11    9.9   0.2   209   282     9    82     2    90 0.83 -
GCA_040114635.1|PVP01_0312600|PVP01_0312600.1|unknown -            327 6323at5820           -            422     4e-08   31.0   4.0   2   3   6.9e-07   0.00016   19.1   0.9   160   229   126   205    95   223 0.72 -
GCA_040114635.1|PVP01_0312600|PVP01_0312600.1|unknown -            327 6323at5820           -            422     4e-08   31.0   4.0   3   3       0.2        45    1.2   0.0   342   403   253   316   239   321 0.78 -
GCA_040114635.1|PVP01_0117900|PVP01_0117900.1|unknown -           1071 6323at5820           -            422   5.2e-08   30.6   2.2   1   5     0.024       5.5    4.2   0.0   356   405   138   193   133   203 0.82 -
GCA_040114635.1|PVP01_0117900|PVP01_0117900.1|unknown -           1071 6323at5820           -            422   5.2e-08   30.6   2.2   2   5       1.4   3.3e+02   -1.6   0.0   348   403   314   370   305   391 0.76 -
GCA_040114635.1|PVP01_0117900|PVP01_0117900.1|unknown -           1071 6323at5820           -            422   5.2e-08   30.6   2.2   3   5      0.53   1.2e+02   -0.2   0.1   389   405   423   439   366   455 0.78 -
GCA_040114635.1|PVP01_0117900|PVP01_0117900.1|unknown -           1071 6323at5820           -            422   5.2e-08   30.6   2.2   4   5      0.18        43    1.3   0.0   348   402   424   478   396   488 0.64 -
GCA_040114635.1|PVP01_0117900|PVP01_0117900.1|unknown -           1071 6323at5820           -            422   5.2e-08   30.6   2.2   5   5   1.4e-07   3.3e-05   21.4   0.1   300   404   536   646   525   656 0.77 -
GCA_040114635.1|PVP01_0308500|PVP01_0308500.1|unknown -            504 6323at5820           -            422   1.1e-07   29.6   5.0   1   3   6.5e-05     0.015   12.6   0.1   183   230    82   131    42   140 0.84 -
GCA_040114635.1|PVP01_0308500|PVP01_0308500.1|unknown -            504 6323at5820           -            422   1.1e-07   29.6   5.0   2   3   0.00017     0.041   11.2   0.8   193   324   239   376   230   386 0.69 -
GCA_040114635.1|PVP01_0308500|PVP01_0308500.1|unknown -            504 6323at5820           -            422   1.1e-07   29.6   5.0   3   3     0.012       2.8    5.2   0.0   376   403   386   413   376   430 0.80 -
GCA_040114635.1|PVP01_1033200|PVP01_1033200.1|unknown -            944 6323at5820           -            422   1.3e-07   29.4   7.4   1   2   2.3e-06   0.00053   17.4   0.3   246   282   201   237   160   263 0.76 -
GCA_040114635.1|PVP01_1033200|PVP01_1033200.1|unknown -            944 6323at5820           -            422   1.3e-07   29.4   7.4   2   2   2.7e-05    0.0063   13.9   1.6   213   286   269   344   263   346 0.81 -
GCA_040114635.1|PVP01_0204400|PVP01_0204400.1|unknown -            447 6323at5820           -            422   2.2e-07   28.6   0.2   1   2   5.7e-09   1.3e-06   26.0   0.1   128   342   164   393   157   413 0.69 -
GCA_040114635.1|PVP01_0204400|PVP01_0204400.1|unknown -            447 6323at5820           -            422   2.2e-07   28.6   0.2   2   2      0.27        62    0.7   0.1   250   280   395   428   391   440 0.60 -
GCA_040114635.1|PVP01_1023200|PVP01_1023200.1|unknown -            646 6323at5820           -            422   3.1e-07   28.1  25.8   1   1   1.3e-09   3.1e-07   28.1  25.8    21   330   188   531   172   608 0.75 -
GCA_040114635.1|PVP01_0917000|PVP01_0917000.1|unknown -            460 6323at5820           -            422   3.6e-07   27.9   0.2   1   3    0.0037      0.87    6.9   0.0   368   404   103   139    80   148 0.91 -
GCA_040114635.1|PVP01_0917000|PVP01_0917000.1|unknown -            460 6323at5820           -            422   3.6e-07   27.9   0.2   2   3     0.098        23    2.2   0.1   257   284   216   243   197   252 0.62 -
GCA_040114635.1|PVP01_0917000|PVP01_0917000.1|unknown -            460 6323at5820           -            422   3.6e-07   27.9   0.2   3   3   1.4e-05    0.0032   14.9   0.0   166   245   318   398   270   403 0.79 -
GCA_040114635.1|PVP01_1308500|PVP01_1308500.1|unknown -            694 6323at5820           -            422   4.5e-07   27.6  25.2   1   4    0.0014      0.34    8.2   4.3   245   335     7   100     3   168 0.57 -
GCA_040114635.1|PVP01_1308500|PVP01_1308500.1|unknown -            694 6323at5820           -            422   4.5e-07   27.6  25.2   2   4    0.0083       1.9    5.7   0.2   283   328   244   289   237   291 0.85 -
GCA_040114635.1|PVP01_1308500|PVP01_1308500.1|unknown -            694 6323at5820           -            422   4.5e-07   27.6  25.2   3   4   0.00012     0.028   11.8   2.8   244   279   286   321   268   335 0.72 -
GCA_040114635.1|PVP01_1308500|PVP01_1308500.1|unknown -            694 6323at5820           -            422   4.5e-07   27.6  25.2   4   4   1.4e-05    0.0034   14.8   1.5   249   320   611   692   588   694 0.78 -
GCA_040114635.1|PVP01_1316200|PVP01_1316200.1|unknown -            509 6323at5820           -            422   8.1e-07   26.7   1.8   1   3    0.0057       1.3    6.2   1.2   247   281   188   222   175   248 0.83 -
GCA_040114635.1|PVP01_1316200|PVP01_1316200.1|unknown -            509 6323at5820           -            422   8.1e-07   26.7   1.8   2   3   3.5e-09   8.1e-07   26.7   1.8   185   280   335   434   321   442 0.87 -
GCA_040114635.1|PVP01_1316200|PVP01_1316200.1|unknown -            509 6323at5820           -            422   8.1e-07   26.7   1.8   3   3      0.15        35    1.6   0.0   373   403   459   490   452   506 0.64 -
GCA_040114635.1|PVP01_1468300|PVP01_1468300.1|unknown -            565 6323at5820           -            422   4.4e-06   24.3   0.9   1   3   1.9e-08   4.4e-06   24.3   0.9   244   346    67   182    55   194 0.82 -
GCA_040114635.1|PVP01_1468300|PVP01_1468300.1|unknown -            565 6323at5820           -            422   4.4e-06   24.3   0.9   2   3     0.086        20    2.4   0.1   168   195   167   194   157   238 0.74 -
GCA_040114635.1|PVP01_1468300|PVP01_1468300.1|unknown -            565 6323at5820           -            422   4.4e-06   24.3   0.9   3   3         4   9.2e+02   -3.1   0.1    31    91   398   464   379   470 0.56 -
GCA_040114635.1|PVP01_0922000|PVP01_0922000.1|unknown -            555 6323at5820           -            422   2.6e-05   21.8  14.4   1   3    0.0022      0.51    7.6   0.0   374   404    49    79    44    90 0.84 -
GCA_040114635.1|PVP01_0922000|PVP01_0922000.1|unknown -            555 6323at5820           -            422   2.6e-05   21.8  14.4   2   3     6e-07   0.00014   19.4   5.5   113   261    99   264    93   274 0.87 -
GCA_040114635.1|PVP01_0922000|PVP01_0922000.1|unknown -            555 6323at5820           -            422   2.6e-05   21.8  14.4   3   3       1.4   3.2e+02   -1.6   0.4   224   281   344   404   324   424 0.66 -
GCA_040114635.1|PVP01_1141000|PVP01_1141000.1|unknown -            361 6323at5820           -            422   4.2e-05   21.1   0.1   1   1   2.5e-07   5.8e-05   20.6   0.1   182   283   166   268   147   289 0.82 -
GCA_040114635.1|PVP01_1455700|PVP01_1455700.1|unknown -            506 6323at5820           -            422   5.4e-05   20.7   0.1   1   2       5.9   1.4e+03   -3.7   1.2   159   160    81    82    60   119 0.51 -
GCA_040114635.1|PVP01_1455700|PVP01_1455700.1|unknown -            506 6323at5820           -            422   5.4e-05   20.7   0.1   2   2   2.3e-07   5.4e-05   20.7   0.1   155   240   271   359   255   376 0.68 -
GCA_040114635.1|PVP01_1202600|PVP01_1202600.1|unknown -            466 6323at5820           -            422   8.3e-05   20.1   2.2   1   1   1.8e-06   0.00042   17.8   2.1   160   281    65   144     8   216 0.58 -
GCA_040114635.1|PVP01_1225200|PVP01_1225200.1|unknown -            533 6323at5820           -            422   0.00016   19.2   8.0   1   3      0.85     2e+02   -0.9   0.1   247   263   224   240   216   248 0.83 -
GCA_040114635.1|PVP01_1225200|PVP01_1225200.1|unknown -            533 6323at5820           -            422   0.00016   19.2   8.0   2   3   1.5e-06   0.00035   18.0   0.7   125   282   280   462   268   484 0.78 -
GCA_040114635.1|PVP01_1225200|PVP01_1225200.1|unknown -            533 6323at5820           -            422   0.00016   19.2   8.0   3   3     0.043        10    3.4   0.3   249   280   494   526   472   532 0.80 -
GCA_040114635.1|PVP01_1259000|PVP01_1259000.1|unknown -           1228 6323at5820           -            422   0.00047   17.6   1.1   1   2       1.9   4.5e+02   -2.1   0.0   388   415    30    59    25    72 0.73 -
GCA_040114635.1|PVP01_1259000|PVP01_1259000.1|unknown -           1228 6323at5820           -            422   0.00047   17.6   1.1   2   2   5.3e-06    0.0012   16.2   0.8   179   255    78   155    65   164 0.81 -
GCA_040114635.1|PVP01_1207800|PVP01_1207800.1|unknown -            363 6323at5820           -            422    0.0032   14.9   0.7   1   2   1.4e-05    0.0032   14.9   0.7   170   280    20   142     3   147 0.74 -
GCA_040114635.1|PVP01_1207800|PVP01_1207800.1|unknown -            363 6323at5820           -            422    0.0032   14.9   0.7   2   2       1.6   3.6e+02   -1.8   0.1   208   251   212   249   186   267 0.45 -
GCA_040114635.1|PVP01_1225400|PVP01_1225400.1|unknown -           1974 6323at5820           -            422     0.023   12.0   1.4   1   3       2.6   5.9e+02   -2.5   0.1     8    49  1307  1349  1302  1359 0.79 -
GCA_040114635.1|PVP01_1225400|PVP01_1225400.1|unknown -           1974 6323at5820           -            422     0.023   12.0   1.4   2   3    0.0014      0.32    8.3   0.0   366   404  1703  1741  1701  1752 0.92 -
GCA_040114635.1|PVP01_1225400|PVP01_1225400.1|unknown -           1974 6323at5820           -            422     0.023   12.0   1.4   3   3      0.48   1.1e+02   -0.1   0.0   224   278  1914  1969  1903  1972 0.70 -
#
# Program:         hmmsearch
# Version:         3.4 (Aug 2023)
# Pipeline mode:   SEARCH
# Query file:      /v3/work/00_inventory/busco/busco_downloads/lineages/plasmodium_odb10/hmms/6323at5820.hmm
# Target file:     /v3/inputs/annotations/ncbi-datasets/MHC087.proteins.fa
# Option settings: hmmsearch --domtblout /v3/work/00_inventory/busco/MHC087_proteins/run_plasmodium_odb10/hmmer_output/initial_run_results/6323at5820.out --cpu 1 /v3/work/00_inventory/busco/busco_downloads/lineages/plasmodium_odb10/hmms/6323at5820.hmm /v3/inputs/annotations/ncbi-datasets/MHC087.proteins.fa 
# Current dir:     /v3/work/00_inventory/busco
# Date:            Tue May 19 18:17:49 2026
# [ok]
