#                                                                                                             --- full sequence --- -------------- this domain -------------   hmm coord   ali coord   env coord
# target name                                         accession   tlen query name           accession   qlen   E-value  score  bias   #  of  c-Evalue  i-Evalue  score  bias  from    to  from    to  from    to  acc description of target
#                                 ------------------- ---------- ----- -------------------- ---------- ----- --------- ------ ----- --- --- --------- --------- ------ ----- ----- ----- ----- ----- ----- ----- ---- ---------------------
GCA_040114635.1|PVP01_0728700|PVP01_0728700.1|unknown -            635 6365at5820           -            498    3e-230  763.4  66.3   1   3   2.5e-82   1.4e-79  266.4  25.8     1   183    23   226    23   232 0.93 -
GCA_040114635.1|PVP01_0728700|PVP01_0728700.1|unknown -            635 6365at5820           -            498    3e-230  763.4  66.3   2   3   1.5e-60   8.3e-58  194.6   1.4   179   324   264   418   258   427 0.94 -
GCA_040114635.1|PVP01_0728700|PVP01_0728700.1|unknown -            635 6365at5820           -            498    3e-230  763.4  66.3   3   3   8.6e-97   4.9e-94  314.1  23.8   322   498   457   633   453   633 0.99 -
GCA_040114635.1|PVP01_0617900|PVP01_0617900.1|unknown -            317 6365at5820           -            498   1.7e-32  111.1  66.2   1   4   8.4e-11   4.8e-08   30.4  12.8    76   151     7    80     2    81 0.88 -
GCA_040114635.1|PVP01_0617900|PVP01_0617900.1|unknown -            317 6365at5820           -            498   1.7e-32  111.1  66.2   2   4     2e-19   1.1e-16   58.9  19.1    65   151    60   146    59   147 0.97 -
GCA_040114635.1|PVP01_0617900|PVP01_0617900.1|unknown -            317 6365at5820           -            498   1.7e-32  111.1  66.2   3   4   5.8e-08   3.3e-05   21.1   4.9    57   123   140   207   139   208 0.91 -
GCA_040114635.1|PVP01_0617900|PVP01_0617900.1|unknown -            317 6365at5820           -            498   1.7e-32  111.1  66.2   4   4   1.4e-12   8.3e-10   36.2  16.5    64   146   192   278   183   307 0.78 -
GCA_040114635.1|PVP01_1317100|PVP01_1317100.1|unknown -           1481 6365at5820           -            498   2.1e-27   94.3  88.8   1   8   3.1e-10   1.8e-07   28.6  10.4    55   146    40   132    17   137 0.88 -
GCA_040114635.1|PVP01_1317100|PVP01_1317100.1|unknown -           1481 6365at5820           -            498   2.1e-27   94.3  88.8   2   8   2.2e-07   0.00013   19.1   2.0   111   163   141   193   137   227 0.89 -
GCA_040114635.1|PVP01_1317100|PVP01_1317100.1|unknown -           1481 6365at5820           -            498   2.1e-27   94.3  88.8   3   8    0.0048       2.8    4.8   0.1    83   165   789   878   767   892 0.53 -
GCA_040114635.1|PVP01_1317100|PVP01_1317100.1|unknown -           1481 6365at5820           -            498   2.1e-27   94.3  88.8   4   8   9.9e-06    0.0057   13.7   7.2    85   151   967  1034   961  1035 0.91 -
GCA_040114635.1|PVP01_1317100|PVP01_1317100.1|unknown -           1481 6365at5820           -            498   2.1e-27   94.3  88.8   5   8   1.9e-08   1.1e-05   22.7  12.9    67   161  1016  1113  1015  1143 0.79 -
GCA_040114635.1|PVP01_1317100|PVP01_1317100.1|unknown -           1481 6365at5820           -            498   2.1e-27   94.3  88.8   6   8   0.00022      0.13    9.2   3.0    52    97  1160  1205  1146  1210 0.70 -
GCA_040114635.1|PVP01_1317100|PVP01_1317100.1|unknown -           1481 6365at5820           -            498   2.1e-27   94.3  88.8   7   8   3.8e-08   2.1e-05   21.7   2.5    60   123  1221  1287  1218  1291 0.83 -
GCA_040114635.1|PVP01_1317100|PVP01_1317100.1|unknown -           1481 6365at5820           -            498   2.1e-27   94.3  88.8   8   8   2.5e-07   0.00014   19.0   3.2    87   148  1295  1360  1293  1376 0.79 -
GCA_040114635.1|PVP01_1024800|PVP01_1024800.1|unknown -            365 6365at5820           -            498   5.9e-17   59.8  15.0   1   2     1e-19   5.9e-17   59.8  15.0    45   167    37   158    18   163 0.93 -
GCA_040114635.1|PVP01_1024800|PVP01_1024800.1|unknown -            365 6365at5820           -            498   5.9e-17   59.8  15.0   2   2     0.014       7.8    3.3   0.3   146   175   266   295   247   306 0.81 -
GCA_040114635.1|PVP01_0511800|PVP01_0511800.1|unknown -            198 6365at5820           -            498   2.3e-15   54.6   8.6   1   1   6.1e-18   3.5e-15   54.0   8.6    59   169    47   158    36   189 0.91 -
GCA_040114635.1|PVP01_1254900|PVP01_1254900.1|unknown -            361 6365at5820           -            498   1.5e-13   48.5  82.6   1   3   5.4e-10   3.1e-07   27.7  25.6    56   157    28   128    19   135 0.91 -
GCA_040114635.1|PVP01_1254900|PVP01_1254900.1|unknown -            361 6365at5820           -            498   1.5e-13   48.5  82.6   2   3   6.7e-11   3.8e-08   30.8  20.3    61   145    76   160    72   167 0.94 -
GCA_040114635.1|PVP01_1254900|PVP01_1254900.1|unknown -            361 6365at5820           -            498   1.5e-13   48.5  82.6   3   3     8e-07   0.00046   17.3  20.7    52   182   133   264   128   291 0.67 -
GCA_040114635.1|PVP01_1446300|PVP01_1446300.1|unknown -            438 6365at5820           -            498   1.8e-11   41.7  18.8   1   1   4.3e-14   2.4e-11   41.3  18.8    59   178    15   137     8   157 0.89 -
GCA_040114635.1|PVP01_0947100|PVP01_0947100.1|unknown -            340 6365at5820           -            498   2.2e-11   41.4  37.1   1   2   7.9e-11   4.5e-08   30.5  15.8    44   145   105   208    93   210 0.88 -
GCA_040114635.1|PVP01_0947100|PVP01_0947100.1|unknown -            340 6365at5820           -            498   2.2e-11   41.4  37.1   2   2     2e-06    0.0011   16.0  19.1    63   165   192   293   190   319 0.88 -
GCA_040114635.1|PVP01_1102300|PVP01_1102300.1|unknown -            176 6365at5820           -            498   7.5e-09   33.1  18.2   1   1   1.5e-11   8.7e-09   32.9  18.2    42   162    18   146     2   164 0.78 -
GCA_040114635.1|PVP01_1321400|PVP01_1321400.1|unknown -            281 6365at5820           -            498     2e-06   25.1   8.5   1   1   4.8e-09   2.7e-06   24.6   8.5    59   169    25   144    22   199 0.87 -
GCA_040114635.1|PVP01_1136900|PVP01_1136900.1|unknown -           1583 6365at5820           -            498     0.075   10.0  12.9   1   2   2.7e-05     0.016   12.2   1.4    79   121    24    66     4    70 0.74 -
GCA_040114635.1|PVP01_1136900|PVP01_1136900.1|unknown -           1583 6365at5820           -            498     0.075   10.0  12.9   2   2     0.022        12    2.7   3.7    63   146   236   275   186   292 0.63 -
#
# Program:         hmmsearch
# Version:         3.4 (Aug 2023)
# Pipeline mode:   SEARCH
# Query file:      /v3/work/00_inventory/busco/busco_downloads/lineages/plasmodium_odb10/hmms/6365at5820.hmm
# Target file:     /v3/inputs/annotations/ncbi-datasets/MHC087.proteins.fa
# Option settings: hmmsearch --domtblout /v3/work/00_inventory/busco/MHC087_proteins/run_plasmodium_odb10/hmmer_output/initial_run_results/6365at5820.out --cpu 1 /v3/work/00_inventory/busco/busco_downloads/lineages/plasmodium_odb10/hmms/6365at5820.hmm /v3/inputs/annotations/ncbi-datasets/MHC087.proteins.fa 
# Current dir:     /v3/work/00_inventory/busco
# Date:            Tue May 19 18:18:03 2026
# [ok]
