#                                                                                                             --- full sequence --- -------------- this domain -------------   hmm coord   ali coord   env coord
# target name                                         accession   tlen query name           accession   qlen   E-value  score  bias   #  of  c-Evalue  i-Evalue  score  bias  from    to  from    to  from    to  acc description of target
#                                 ------------------- ---------- ----- -------------------- ---------- ----- --------- ------ ----- --- --- --------- --------- ------ ----- ----- ----- ----- ----- ----- ----- ---- ---------------------
GCA_040114635.1|PVP01_0831600|PVP01_0831600.1|unknown -            498 6412at5820           -            480   3.7e-13   47.5   8.5   1   3     0.039        19    2.3   3.1   123   243   135   281    75   281 0.57 -
GCA_040114635.1|PVP01_0831600|PVP01_0831600.1|unknown -            498 6412at5820           -            480   3.7e-13   47.5   8.5   2   3   2.2e-14   1.1e-11   42.7   3.1   170   345   254   419   238   423 0.81 -
GCA_040114635.1|PVP01_0831600|PVP01_0831600.1|unknown -            498 6412at5820           -            480   3.7e-13   47.5   8.5   3   3   2.7e-06    0.0013   16.1   0.2   278   382   398   497   395   498 0.83 -
GCA_040114635.1|PVP01_1142200|PVP01_1142200.1|unknown -           1401 6412at5820           -            480   3.8e-13   47.5  12.9   1   5      0.11        55    0.8   0.0   216   245     8    37     3    50 0.87 -
GCA_040114635.1|PVP01_1142200|PVP01_1142200.1|unknown -           1401 6412at5820           -            480   3.8e-13   47.5  12.9   2   5   1.5e-05    0.0072   13.6   0.0   183   245    63   121    49   129 0.84 -
GCA_040114635.1|PVP01_1142200|PVP01_1142200.1|unknown -           1401 6412at5820           -            480   3.8e-13   47.5  12.9   3   5     6e-05     0.029   11.6   0.1   212   254   130   171   121   185 0.82 -
GCA_040114635.1|PVP01_1142200|PVP01_1142200.1|unknown -           1401 6412at5820           -            480   3.8e-13   47.5  12.9   4   5   2.3e-09   1.1e-06   26.2   0.3   168   248   248   327   212   364 0.83 -
GCA_040114635.1|PVP01_1142200|PVP01_1142200.1|unknown -           1401 6412at5820           -            480   3.8e-13   47.5  12.9   5   5       3.4   1.6e+03   -4.1   1.0   131   170   619   660   610   707 0.59 -
GCA_040114635.1|PVP01_1023200|PVP01_1023200.1|unknown -            646 6412at5820           -            480   1.2e-11   42.5   2.0   1   4         5   2.4e+03   -4.6  11.4    90   165    44   118    14   122 0.64 -
GCA_040114635.1|PVP01_1023200|PVP01_1023200.1|unknown -            646 6412at5820           -            480   1.2e-11   42.5   2.0   2   4   2.5e-08   1.2e-05   22.7   1.2   309   396   360   448   344   456 0.81 -
GCA_040114635.1|PVP01_1023200|PVP01_1023200.1|unknown -            646 6412at5820           -            480   1.2e-11   42.5   2.0   3   4   1.3e-09   6.3e-07   27.0   0.0   181   247   459   521   451   528 0.90 -
GCA_040114635.1|PVP01_1023200|PVP01_1023200.1|unknown -            646 6412at5820           -            480   1.2e-11   42.5   2.0   4   4   7.4e-05     0.036   11.3   2.7   174   271   536   633   530   639 0.76 -
GCA_040114635.1|PVP01_0507600|PVP01_0507600.1|unknown -            322 6412at5820           -            480   1.7e-11   42.1   5.2   1   4   0.00061      0.29    8.3   0.3   307   339    67    99    59   107 0.88 -
GCA_040114635.1|PVP01_0507600|PVP01_0507600.1|unknown -            322 6412at5820           -            480   1.7e-11   42.1   5.2   2   4   7.6e-06    0.0037   14.6   0.2   298   387   100   190    99   193 0.80 -
GCA_040114635.1|PVP01_0507600|PVP01_0507600.1|unknown -            322 6412at5820           -            480   1.7e-11   42.1   5.2   3   4   3.8e-08   1.9e-05   22.1   0.0   290   384   182   269   179   272 0.81 -
GCA_040114635.1|PVP01_0507600|PVP01_0507600.1|unknown -            322 6412at5820           -            480   1.7e-11   42.1   5.2   4   4      0.17        82    0.2   0.0   190   248   259   319   255   320 0.65 -
GCA_040114635.1|PVP01_0511500|PVP01_0511500.1|unknown -            324 6412at5820           -            480   3.8e-08   31.0  11.9   1   3   6.8e-05     0.033   11.4   4.4   292   348   106   158    30   163 0.63 -
GCA_040114635.1|PVP01_0511500|PVP01_0511500.1|unknown -            324 6412at5820           -            480   3.8e-08   31.0  11.9   2   3     7e-06    0.0034   14.7   5.9   170   339    79   232    67   243 0.83 -
GCA_040114635.1|PVP01_0511500|PVP01_0511500.1|unknown -            324 6412at5820           -            480   3.8e-08   31.0  11.9   3   3     3e-06    0.0015   15.9   0.0   184   241   266   319   256   323 0.85 -
GCA_040114635.1|PVP01_1455700|PVP01_1455700.1|unknown -            506 6412at5820           -            480   7.4e-08   30.1   2.9   1   2      0.04        19    2.3   3.1    74   119    78   125    19   166 0.68 -
GCA_040114635.1|PVP01_1455700|PVP01_1455700.1|unknown -            506 6412at5820           -            480   7.4e-08   30.1   2.9   2   2   1.5e-10   7.4e-08   30.1   2.9   171   248   282   358   267   361 0.80 -
GCA_040114635.1|PVP01_0204400|PVP01_0204400.1|unknown -            447 6412at5820           -            480   2.4e-06   25.1   4.8   1   3      0.68   3.3e+02   -1.8   0.9    21    55    12    45     1    72 0.36 -
GCA_040114635.1|PVP01_0204400|PVP01_0204400.1|unknown -            447 6412at5820           -            480   2.4e-06   25.1   4.8   2   3     5e-09   2.4e-06   25.1   4.8   206   388   140   329   127   334 0.80 -
GCA_040114635.1|PVP01_0204400|PVP01_0204400.1|unknown -            447 6412at5820           -            480   2.4e-06   25.1   4.8   3   3   0.00071      0.34    8.1   0.2   174   245   299   368   290   375 0.45 -
GCA_040114635.1|PVP01_0312600|PVP01_0312600.1|unknown -            327 6412at5820           -            480   4.2e-06   24.3   0.2   1   2   5.5e-08   2.7e-05   21.6   0.2   288   390   123   219   101   261 0.81 -
GCA_040114635.1|PVP01_0312600|PVP01_0312600.1|unknown -            327 6412at5820           -            480   4.2e-06   24.3   0.2   2   2       0.2        96    0.0   0.0   200   245   272   316   244   323 0.84 -
GCA_040114635.1|PVP01_0946700|PVP01_0946700.1|unknown -            660 6412at5820           -            480   0.00015   19.1  22.4   1   4   0.00017     0.083   10.1   2.0   237   345    94   198    20   207 0.50 -
GCA_040114635.1|PVP01_0946700|PVP01_0946700.1|unknown -            660 6412at5820           -            480   0.00015   19.1  22.4   2   4   0.00098      0.47    7.6   1.8   308   371   365   434   354   456 0.77 -
GCA_040114635.1|PVP01_0946700|PVP01_0946700.1|unknown -            660 6412at5820           -            480   0.00015   19.1  22.4   3   4   2.7e-05     0.013   12.8   0.2   308   386   492   568   457   574 0.80 -
GCA_040114635.1|PVP01_0946700|PVP01_0946700.1|unknown -            660 6412at5820           -            480   0.00015   19.1  22.4   4   4      0.16        75    0.4   0.3   340   382   614   658   594   660 0.64 -
GCA_040114635.1|PVP01_0917000|PVP01_0917000.1|unknown -            460 6412at5820           -            480   0.00035   17.9   1.7   1   3     0.068        33    1.6   0.0   214   245   108   138    98   149 0.76 -
GCA_040114635.1|PVP01_0917000|PVP01_0917000.1|unknown -            460 6412at5820           -            480   0.00035   17.9   1.7   2   3   6.5e-05     0.031   11.5   0.1   304   350   203   249   191   268 0.88 -
GCA_040114635.1|PVP01_0917000|PVP01_0917000.1|unknown -            460 6412at5820           -            480   0.00035   17.9   1.7   3   3     0.044        21    2.2   0.1   332   387   341   393   301   401 0.70 -
GCA_040114635.1|PVP01_1141000|PVP01_1141000.1|unknown -            361 6412at5820           -            480   0.00041   17.7   0.0   1   1   2.2e-06    0.0011   16.4   0.0   169   248   190   267   183   274 0.88 -
GCA_040114635.1|PVP01_0318300|PVP01_0318300.1|unknown -            646 6412at5820           -            480   0.00041   17.7   1.7   1   4     0.079        38    1.3   0.1   176   227   222   268   192   279 0.73 -
GCA_040114635.1|PVP01_0318300|PVP01_0318300.1|unknown -            646 6412at5820           -            480   0.00041   17.7   1.7   2   4    0.0024       1.1    6.4   0.0   322   388   321   382   314   387 0.71 -
GCA_040114635.1|PVP01_0318300|PVP01_0318300.1|unknown -            646 6412at5820           -            480   0.00041   17.7   1.7   3   4    0.0034       1.6    5.8   0.0   221   261   355   393   339   405 0.71 -
GCA_040114635.1|PVP01_0318300|PVP01_0318300.1|unknown -            646 6412at5820           -            480   0.00041   17.7   1.7   4   4    0.0023       1.1    6.4   0.0   205   232   420   447   408   456 0.87 -
GCA_040114635.1|PVP01_0519300|PVP01_0519300.1|unknown -            458 6412at5820           -            480    0.0018   15.6   0.2   1   1   6.3e-06     0.003   14.8   0.2   308   387   324   404   283   429 0.84 -
#
# Program:         hmmsearch
# Version:         3.4 (Aug 2023)
# Pipeline mode:   SEARCH
# Query file:      /v3/work/00_inventory/busco/busco_downloads/lineages/plasmodium_odb10/hmms/6412at5820.hmm
# Target file:     /v3/inputs/annotations/ncbi-datasets/MHC087.proteins.fa
# Option settings: hmmsearch --domtblout /v3/work/00_inventory/busco/MHC087_proteins/run_plasmodium_odb10/hmmer_output/initial_run_results/6412at5820.out --cpu 1 /v3/work/00_inventory/busco/busco_downloads/lineages/plasmodium_odb10/hmms/6412at5820.hmm /v3/inputs/annotations/ncbi-datasets/MHC087.proteins.fa 
# Current dir:     /v3/work/00_inventory/busco
# Date:            Tue May 19 18:18:18 2026
# [ok]
