#                                                                                                             --- full sequence --- -------------- this domain -------------   hmm coord   ali coord   env coord
# target name                                         accession   tlen query name           accession   qlen   E-value  score  bias   #  of  c-Evalue  i-Evalue  score  bias  from    to  from    to  from    to  acc description of target
#                                 ------------------- ---------- ----- -------------------- ---------- ----- --------- ------ ----- --- --- --------- --------- ------ ----- ----- ----- ----- ----- ----- ----- ---- ---------------------
GCA_040114635.1|PVP01_0920100|PVP01_0920100.1|unknown -            478 6501at5820           -            376  7.2e-218  721.4  24.9   1   2   1.2e-73   1.5e-70  236.6   2.5     1   129     1   140     1   145 0.95 -
GCA_040114635.1|PVP01_0920100|PVP01_0920100.1|unknown -            478 6501at5820           -            376  7.2e-218  721.4  24.9   2   2  7.9e-151  9.9e-148  490.6  14.6   126   376   198   476   178   476 0.93 -
GCA_040114635.1|PVP01_1412400|PVP01_1412400.1|unknown -            458 6501at5820           -            376   1.7e-49  167.3  24.2   1   2     3e-35   3.7e-32  110.2  13.6     3   203     4   229     2   231 0.78 -
GCA_040114635.1|PVP01_1412400|PVP01_1412400.1|unknown -            458 6501at5820           -            376   1.7e-49  167.3  24.2   2   2   1.2e-20   1.5e-17   62.2   2.8   196   375   253   455   245   456 0.77 -
GCA_040114635.1|PVP01_1437100|PVP01_1437100.1|unknown -            611 6501at5820           -            376     2e-26   91.4  65.7   1   5   2.3e-08   2.9e-05   21.7  30.4     3   217     2   239     1   251 0.66 -
GCA_040114635.1|PVP01_1437100|PVP01_1437100.1|unknown -            611 6501at5820           -            376     2e-26   91.4  65.7   2   5   5.7e-09   7.2e-06   23.7   8.2   138   200   248   310   209   322 0.73 -
GCA_040114635.1|PVP01_1437100|PVP01_1437100.1|unknown -            611 6501at5820           -            376     2e-26   91.4  65.7   3   5   7.8e-13   9.9e-10   36.4   0.2   200   253   355   408   348   416 0.92 -
GCA_040114635.1|PVP01_1437100|PVP01_1437100.1|unknown -            611 6501at5820           -            376     2e-26   91.4  65.7   4   5    0.0077       9.6    3.6   3.7   257   357   449   558   429   564 0.66 -
GCA_040114635.1|PVP01_1437100|PVP01_1437100.1|unknown -            611 6501at5820           -            376     2e-26   91.4  65.7   5   5   1.9e-08   2.3e-05   22.0   4.6   291   376   528   611   524   611 0.80 -
GCA_040114635.1|PVP01_1266300|PVP01_1266300.1|unknown -            763 6501at5820           -            376   6.5e-09   33.7  10.4   1   3   2.7e-05     0.034   11.6   0.5    50   109    73   134    56   170 0.82 -
GCA_040114635.1|PVP01_1266300|PVP01_1266300.1|unknown -            763 6501at5820           -            376   6.5e-09   33.7  10.4   2   3   1.6e-10     2e-07   28.9   0.2   125   207   198   285   184   300 0.81 -
GCA_040114635.1|PVP01_1266300|PVP01_1266300.1|unknown -            763 6501at5820           -            376   6.5e-09   33.7  10.4   3   3       1.5   1.9e+03   -4.0   0.5   122   166   551   596   538   609 0.46 -
GCA_040114635.1|PVP01_0918700|PVP01_0918700.1|unknown -            155 6501at5820           -            376   0.00095   16.7   0.8   1   1   9.3e-07    0.0012   16.5   0.8    68   126    80   138    53   151 0.84 -
#
# Program:         hmmsearch
# Version:         3.4 (Aug 2023)
# Pipeline mode:   SEARCH
# Query file:      /v3/work/00_inventory/busco/busco_downloads/lineages/plasmodium_odb10/hmms/6501at5820.hmm
# Target file:     /v3/inputs/annotations/ncbi-datasets/MHC087.proteins.fa
# Option settings: hmmsearch --domtblout /v3/work/00_inventory/busco/MHC087_proteins/run_plasmodium_odb10/hmmer_output/initial_run_results/6501at5820.out --cpu 1 /v3/work/00_inventory/busco/busco_downloads/lineages/plasmodium_odb10/hmms/6501at5820.hmm /v3/inputs/annotations/ncbi-datasets/MHC087.proteins.fa 
# Current dir:     /v3/work/00_inventory/busco
# Date:            Tue May 19 18:14:14 2026
# [ok]
