#                                                                                                                 --- full sequence --- -------------- this domain -------------   hmm coord   ali coord   env coord
# target name                                             accession   tlen query name           accession   qlen   E-value  score  bias   #  of  c-Evalue  i-Evalue  score  bias  from    to  from    to  from    to  acc description of target
#                                     ------------------- ---------- ----- -------------------- ---------- ----- --------- ------ ----- --- --- --------- --------- ------ ----- ----- ----- ----- ----- ----- ----- ---- ---------------------
GCA_040114635.1|PVP01_1223900|PVP01_1223900.1|unknown     -            456 6503at5820           -            386  1.7e-257  852.2   3.9   1   1  4.8e-260  1.9e-257  852.0   3.9     1   386    61   456    61   456 0.98 -
GCA_040114635.1|PVP01_API02800|PVP01_API02800.1_1|unknown -            409 6503at5820           -            386  7.2e-120  399.1  16.4   1   1  2.2e-122  8.7e-120  398.9  16.4     5   386     5   408     2   408 0.89 -
GCA_040114635.1|PVP01_API02800|PVP01_API02800.1|unknown   -            409 6503at5820           -            386  7.2e-120  399.1  16.4   1   1  2.2e-122  8.7e-120  398.9  16.4     5   386     5   408     2   408 0.89 -
GCA_040114635.1|PVP01_1114800|PVP01_1114800.1|unknown     -            443 6503at5820           -            386   1.7e-48  164.1   1.4   1   1   4.3e-50   1.7e-47  160.9   1.4     8   384     3   426     1   428 0.76 -
GCA_040114635.1|PVP01_1114900|PVP01_1114900.1|unknown     -            443 6503at5820           -            386   1.7e-48  164.1   1.4   1   1   4.3e-50   1.7e-47  160.9   1.4     8   384     3   426     1   428 0.76 -
GCA_040114635.1|PVP01_0924000|PVP01_0924000.1|unknown     -            547 6503at5820           -            386   5.7e-23   80.1   0.1   1   3   8.1e-23   3.2e-20   71.1   0.1    10   139   109   265   104   326 0.77 -
GCA_040114635.1|PVP01_0924000|PVP01_0924000.1|unknown     -            547 6503at5820           -            386   5.7e-23   80.1   0.1   2   3      0.07        27    2.2   0.0   223   292   361   435   351   454 0.78 -
GCA_040114635.1|PVP01_0924000|PVP01_0924000.1|unknown     -            547 6503at5820           -            386   5.7e-23   80.1   0.1   3   3      0.26     1e+02    0.3   0.0   366   383   526   543   507   545 0.85 -
GCA_040114635.1|PVP01_1338300|PVP01_1338300.1|unknown     -            465 6503at5820           -            386   5.6e-16   57.1   2.5   1   2   2.5e-06     0.001   16.8   0.4    10    37    33    60    28    74 0.82 -
GCA_040114635.1|PVP01_1338300|PVP01_1338300.1|unknown     -            465 6503at5820           -            386   5.6e-16   57.1   2.5   2   2   2.4e-13   9.5e-11   39.9   0.1    72   188   122   237   112   275 0.87 -
GCA_040114635.1|PVP01_0204900|PVP01_0204900.1|unknown     -            767 6503at5820           -            386   2.3e-14   51.8   1.2   1   3   3.2e-05     0.012   13.2   0.0    13    62     4    47     2    60 0.87 -
GCA_040114635.1|PVP01_0204900|PVP01_0204900.1|unknown     -            767 6503at5820           -            386   2.3e-14   51.8   1.2   2   3   2.8e-07   0.00011   19.9   0.3    75   140   123   187   115   206 0.85 -
GCA_040114635.1|PVP01_0204900|PVP01_0204900.1|unknown     -            767 6503at5820           -            386   2.3e-14   51.8   1.2   3   3   6.5e-06    0.0026   15.5   0.0   199   288   343   437   339   455 0.74 -
GCA_040114635.1|PVP01_1424700|PVP01_1424700.1|unknown     -            771 6503at5820           -            386   2.2e-13   48.6   0.4   1   1   1.5e-15   5.7e-13   47.2   0.4    13   156   110   252   101   285 0.85 -
GCA_040114635.1|PVP01_1255900|PVP01_1255900.1|unknown     -            832 6503at5820           -            386   2.6e-11   41.8   0.8   1   1   1.3e-13   5.2e-11   40.8   0.8     5   137    12   156     9   190 0.73 -
GCA_040114635.1|PVP01_1453500|PVP01_1453500.1|unknown     -           1101 6503at5820           -            386   7.4e-11   40.3   0.1   1   1   3.6e-13   1.4e-10   39.3   0.1    13   141    26   157    20   189 0.80 -
GCA_040114635.1|PVP01_1146500|PVP01_1146500.1|unknown     -            975 6503at5820           -            386   5.1e-10   37.5   0.5   1   2   1.3e-12   5.1e-10   37.5   0.5    12   138    99   236    85   253 0.80 -
GCA_040114635.1|PVP01_1146500|PVP01_1146500.1|unknown     -            975 6503at5820           -            386   5.1e-10   37.5   0.5   2   2       1.4   5.4e+02   -2.1   0.4   138   192   325   372   298   392 0.65 -
GCA_040114635.1|PVP01_1451200|PVP01_1451200.1|unknown     -            763 6503at5820           -            386   3.3e-08   31.5   0.2   1   1   1.8e-10   7.1e-08   30.5   0.2    14   136    43   176    38   190 0.75 -
GCA_040114635.1|PVP01_0729700|PVP01_0729700.1|unknown     -            845 6503at5820           -            386   3.3e-08   31.5   0.1   1   3    0.0034       1.4    6.5   0.0    13    49   130   169   126   198 0.80 -
GCA_040114635.1|PVP01_0729700|PVP01_0729700.1|unknown     -            845 6503at5820           -            386   3.3e-08   31.5   0.1   2   3   6.9e-08   2.7e-05   22.0   0.0    74   140   269   338   259   362 0.83 -
GCA_040114635.1|PVP01_0729700|PVP01_0729700.1|unknown     -            845 6503at5820           -            386   3.3e-08   31.5   0.1   3   3       4.7   1.8e+03   -3.8   0.0   365   382   824   841   816   842 0.82 -
GCA_040114635.1|PVP01_1142000|PVP01_1142000.1|unknown     -           1001 6503at5820           -            386   0.00037   18.2   4.5   1   2   2.2e-06   0.00088   17.0   0.4    18   136   423   543   414   547 0.72 -
GCA_040114635.1|PVP01_1142000|PVP01_1142000.1|unknown     -           1001 6503at5820           -            386   0.00037   18.2   4.5   2   2     0.071        28    2.2   0.4   188   273   847   945   841   979 0.65 -
GCA_040114635.1|PVP01_1206500|PVP01_1206500.1|unknown     -           1381 6503at5820           -            386   0.00056   17.6   0.1   1   1   3.1e-06    0.0012   16.5   0.1    13    65    14    69     6    80 0.83 -
#
# Program:         hmmsearch
# Version:         3.4 (Aug 2023)
# Pipeline mode:   SEARCH
# Query file:      /v3/work/00_inventory/busco/busco_downloads/lineages/plasmodium_odb10/hmms/6503at5820.hmm
# Target file:     /v3/inputs/annotations/ncbi-datasets/MHC087.proteins.fa
# Option settings: hmmsearch --domtblout /v3/work/00_inventory/busco/MHC087_proteins/run_plasmodium_odb10/hmmer_output/initial_run_results/6503at5820.out --cpu 1 /v3/work/00_inventory/busco/busco_downloads/lineages/plasmodium_odb10/hmms/6503at5820.hmm /v3/inputs/annotations/ncbi-datasets/MHC087.proteins.fa 
# Current dir:     /v3/work/00_inventory/busco
# Date:            Tue May 19 18:14:14 2026
# [ok]
