#                                                                                                             --- full sequence --- -------------- this domain -------------   hmm coord   ali coord   env coord
# target name                                         accession   tlen query name           accession   qlen   E-value  score  bias   #  of  c-Evalue  i-Evalue  score  bias  from    to  from    to  from    to  acc description of target
#                                 ------------------- ---------- ----- -------------------- ---------- ----- --------- ------ ----- --- --- --------- --------- ------ ----- ----- ----- ----- ----- ----- ----- ---- ---------------------
GCA_040114635.1|PVP01_0519300|PVP01_0519300.1|unknown -            458 6833at5820           -            348  8.2e-177  585.9  15.7   1   4   4.3e-15   1.7e-12   45.5   0.2     1    31     1    31     1    34 0.95 -
GCA_040114635.1|PVP01_0519300|PVP01_0519300.1|unknown -            458 6833at5820           -            348  8.2e-177  585.9  15.7   2   4   8.7e-12   3.4e-09   34.6   0.0    32    63    57    91    55    95 0.88 -
GCA_040114635.1|PVP01_0519300|PVP01_0519300.1|unknown -            458 6833at5820           -            348  8.2e-177  585.9  15.7   3   4   5.5e-66   2.2e-63  212.9   0.3    63   179   135   251   131   262 0.96 -
GCA_040114635.1|PVP01_0519300|PVP01_0519300.1|unknown -            458 6833at5820           -            348  8.2e-177  585.9  15.7   4   4   8.9e-92   3.5e-89  297.7   4.4   175   348   267   458   257   458 0.92 -
GCA_040114635.1|PVP01_1023200|PVP01_1023200.1|unknown -            646 6833at5820           -            348   8.8e-20   69.5   6.0   1   3   1.6e-13   6.3e-11   40.3   0.2   211   322   355   467   345   469 0.89 -
GCA_040114635.1|PVP01_1023200|PVP01_1023200.1|unknown -            646 6833at5820           -            348   8.8e-20   69.5   6.0   2   3     4e-08   1.6e-05   22.6   0.2   236   292   463   521   451   537 0.82 -
GCA_040114635.1|PVP01_1023200|PVP01_1023200.1|unknown -            646 6833at5820           -            348   8.8e-20   69.5   6.0   3   3   0.00027       0.1   10.0   0.1   198   290   550   642   539   645 0.79 -
GCA_040114635.1|PVP01_0946700|PVP01_0946700.1|unknown -            660 6833at5820           -            348   3.2e-17   61.0   7.4   1   5     2e-06   0.00078   17.0   0.0   212   290   113   192   103   194 0.82 -
GCA_040114635.1|PVP01_0946700|PVP01_0946700.1|unknown -            660 6833at5820           -            348   3.2e-17   61.0   7.4   2   5    0.0011      0.43    8.0   0.0   229   279   172   221   163   228 0.78 -
GCA_040114635.1|PVP01_0946700|PVP01_0946700.1|unknown -            660 6833at5820           -            348   3.2e-17   61.0   7.4   3   5   4.3e-05     0.017   12.6   1.0   202   284   347   433   332   445 0.79 -
GCA_040114635.1|PVP01_0946700|PVP01_0946700.1|unknown -            660 6833at5820           -            348   3.2e-17   61.0   7.4   4   5   6.6e-08   2.6e-05   21.9   0.3   114   253   428   568   425   579 0.80 -
GCA_040114635.1|PVP01_0946700|PVP01_0946700.1|unknown -            660 6833at5820           -            348   3.2e-17   61.0   7.4   5   5    0.0011      0.42    8.0   0.0   219   250   629   659   614   660 0.89 -
GCA_040114635.1|PVP01_0837800|PVP01_0837800.1|unknown -            595 6833at5820           -            348   1.1e-12   46.1   8.3   1   4       0.2        77    0.6   1.2    82   123   167   208   130   264 0.79 -
GCA_040114635.1|PVP01_0837800|PVP01_0837800.1|unknown -            595 6833at5820           -            348   1.1e-12   46.1   8.3   2   4   7.5e-06     0.003   15.1   0.2   220   293   280   354   271   362 0.81 -
GCA_040114635.1|PVP01_0837800|PVP01_0837800.1|unknown -            595 6833at5820           -            348   1.1e-12   46.1   8.3   3   4   2.1e-06   0.00081   17.0   0.0   220   273   364   416   355   419 0.82 -
GCA_040114635.1|PVP01_0837800|PVP01_0837800.1|unknown -            595 6833at5820           -            348   1.1e-12   46.1   8.3   4   4   9.8e-06    0.0039   14.7   0.0   234   289   419   475   414   482 0.78 -
GCA_040114635.1|PVP01_1468300|PVP01_1468300.1|unknown -            565 6833at5820           -            348   1.6e-10   39.0   0.1   1   3    0.0011      0.42    8.0   0.0   120   167    60   108    53   113 0.76 -
GCA_040114635.1|PVP01_1468300|PVP01_1468300.1|unknown -            565 6833at5820           -            348   1.6e-10   39.0   0.1   2   3   3.4e-10   1.3e-07   29.4   0.3   200   276   106   179   101   195 0.85 -
GCA_040114635.1|PVP01_1468300|PVP01_1468300.1|unknown -            565 6833at5820           -            348   1.6e-10   39.0   0.1   3   3      0.89   3.5e+02   -1.6   0.0   201   256   187   252   174   262 0.52 -
GCA_040114635.1|PVP01_0507600|PVP01_0507600.1|unknown -            322 6833at5820           -            348   2.1e-10   38.6   9.5   1   3   0.00048      0.19    9.2   1.1   257   293    64   102    14   109 0.64 -
GCA_040114635.1|PVP01_0507600|PVP01_0507600.1|unknown -            322 6833at5820           -            348   2.1e-10   38.6   9.5   2   3   2.2e-11   8.5e-09   33.3   0.7   127   292   106   270   103   285 0.82 -
GCA_040114635.1|PVP01_0507600|PVP01_0507600.1|unknown -            322 6833at5820           -            348   2.1e-10   38.6   9.5   3   3      0.51     2e+02   -0.8   0.0    96   106   307   317   291   321 0.55 -
GCA_040114635.1|PVP01_1225200|PVP01_1225200.1|unknown -            533 6833at5820           -            348   2.9e-10   38.2   1.9   1   4      0.68   2.7e+02   -1.2   0.0   126   143   220   237   214   249 0.82 -
GCA_040114635.1|PVP01_1225200|PVP01_1225200.1|unknown -            533 6833at5820           -            348   2.9e-10   38.2   1.9   2   4      0.52     2e+02   -0.8   0.0   275   299   275   300   265   306 0.67 -
GCA_040114635.1|PVP01_1225200|PVP01_1225200.1|unknown -            533 6833at5820           -            348   2.9e-10   38.2   1.9   3   4   1.4e-10   5.7e-08   30.6   0.1   169   299   332   468   308   494 0.71 -
GCA_040114635.1|PVP01_1225200|PVP01_1225200.1|unknown -            533 6833at5820           -            348   2.9e-10   38.2   1.9   4   4     0.015         6    4.2   0.1   217   252   492   527   486   531 0.85 -
GCA_040114635.1|PVP01_1142200|PVP01_1142200.1|unknown -           1401 6833at5820           -            348     1e-09   36.3  14.6   1   7    0.0078       3.1    5.2   0.0   220   292     8    81     4    84 0.78 -
GCA_040114635.1|PVP01_1142200|PVP01_1142200.1|unknown -           1401 6833at5820           -            348     1e-09   36.3  14.6   2   7   8.5e-07   0.00033   18.2   0.1   233   290    62   121    48   125 0.87 -
GCA_040114635.1|PVP01_1142200|PVP01_1142200.1|unknown -           1401 6833at5820           -            348     1e-09   36.3  14.6   3   7   3.8e-05     0.015   12.8   0.4   237   293   108   166   100   176 0.85 -
GCA_040114635.1|PVP01_1142200|PVP01_1142200.1|unknown -           1401 6833at5820           -            348     1e-09   36.3  14.6   4   7   4.6e-08   1.8e-05   22.4   0.0   216   293   246   327   235   357 0.81 -
GCA_040114635.1|PVP01_1142200|PVP01_1142200.1|unknown -           1401 6833at5820           -            348     1e-09   36.3  14.6   5   7       2.1   8.2e+02   -2.8   0.1    97   295   608   621   544   652 0.59 -
GCA_040114635.1|PVP01_1142200|PVP01_1142200.1|unknown -           1401 6833at5820           -            348     1e-09   36.3  14.6   6   7       2.2   8.5e+02   -2.8   0.1    98   141   679   724   662   760 0.64 -
GCA_040114635.1|PVP01_1142200|PVP01_1142200.1|unknown -           1401 6833at5820           -            348     1e-09   36.3  14.6   7   7       4.1   1.6e+03   -3.8   0.0   120   144  1312  1338  1308  1344 0.77 -
GCA_040114635.1|PVP01_1455700|PVP01_1455700.1|unknown -            506 6833at5820           -            348   7.6e-09   33.5   0.0   1   1   2.8e-11   1.1e-08   33.0   0.0   216   308   278   373   270   392 0.83 -
GCA_040114635.1|PVP01_0511500|PVP01_0511500.1|unknown -            324 6833at5820           -            348   1.2e-08   32.8   8.2   1   4    0.0018      0.73    7.2   0.3   218   296    34   114    29   122 0.77 -
GCA_040114635.1|PVP01_0511500|PVP01_0511500.1|unknown -            324 6833at5820           -            348   1.2e-08   32.8   8.2   2   4   2.6e-06     0.001   16.6   0.5   233   295   131   193   115   206 0.74 -
GCA_040114635.1|PVP01_0511500|PVP01_0511500.1|unknown -            324 6833at5820           -            348   1.2e-08   32.8   8.2   3   4   5.5e-06    0.0022   15.5   0.9   195   268   135   208   134   245 0.50 -
GCA_040114635.1|PVP01_0511500|PVP01_0511500.1|unknown -            324 6833at5820           -            348   1.2e-08   32.8   8.2   4   4   0.00024     0.094   10.2   0.0   221   286   252   319   239   324 0.84 -
GCA_040114635.1|PVP01_0410800|PVP01_0410800.1|unknown -           1438 6833at5820           -            348   2.1e-07   28.7   1.4   1   2   2.1e-07   8.3e-05   20.2   0.1   216   301   141   234   134   241 0.79 -
GCA_040114635.1|PVP01_0410800|PVP01_0410800.1|unknown -           1438 6833at5820           -            348   2.1e-07   28.7   1.4   2   2    0.0021      0.83    7.1   0.1   225   293   243   317   232   331 0.75 -
GCA_040114635.1|PVP01_0117900|PVP01_0117900.1|unknown -           1071 6833at5820           -            348   1.3e-05   22.9   1.3   1   3      0.19        76    0.6   0.0   268   344   245   327   140   331 0.71 -
GCA_040114635.1|PVP01_0117900|PVP01_0117900.1|unknown -           1071 6833at5820           -            348   1.3e-05   22.9   1.3   2   3   0.00034      0.13    9.7   0.1   230   291   417   480   359   487 0.88 -
GCA_040114635.1|PVP01_0117900|PVP01_0117900.1|unknown -           1071 6833at5820           -            348   1.3e-05   22.9   1.3   3   3   0.00053      0.21    9.0   0.0   236   292   538   601   513   618 0.78 -
GCA_040114635.1|PVP01_1439900|PVP01_1439900.1|unknown -            430 6833at5820           -            348   0.00016   19.2   1.2   1   2       2.4   9.4e+02   -3.0   0.0    96   113    61    78    58    93 0.85 -
GCA_040114635.1|PVP01_1439900|PVP01_1439900.1|unknown -            430 6833at5820           -            348   0.00016   19.2   1.2   2   2   4.2e-07   0.00016   19.2   1.2   217   291   287   365   260   399 0.82 -
GCA_040114635.1|PVP01_1259000|PVP01_1259000.1|unknown -           1228 6833at5820           -            348    0.0024   15.4   0.2   1   1   9.9e-06    0.0039   14.7   0.2   195   270    81   157    71   161 0.80 -
GCA_040114635.1|PVP01_0318300|PVP01_0318300.1|unknown -            646 6833at5820           -            348    0.0028   15.2   0.1   1   1   2.2e-05    0.0088   13.6   0.0   240   292   327   379   308   420 0.87 -
GCA_040114635.1|PVP01_0906000|PVP01_0906000.1|unknown -            462 6833at5820           -            348    0.0067   13.9   3.1   1   4       2.1   8.2e+02   -2.8   0.1   284   340    28    89    13    94 0.53 -
GCA_040114635.1|PVP01_0906000|PVP01_0906000.1|unknown -            462 6833at5820           -            348    0.0067   13.9   3.1   2   4      0.91   3.6e+02   -1.6   0.0   194   230   235   269   220   285 0.75 -
GCA_040114635.1|PVP01_0906000|PVP01_0906000.1|unknown -            462 6833at5820           -            348    0.0067   13.9   3.1   3   4    0.0087       3.4    5.0   0.1   237   274   359   395   343   396 0.85 -
GCA_040114635.1|PVP01_0906000|PVP01_0906000.1|unknown -            462 6833at5820           -            348    0.0067   13.9   3.1   4   4    0.0003      0.12    9.8   0.0   141   189   392   439   390   445 0.73 -
#
# Program:         hmmsearch
# Version:         3.4 (Aug 2023)
# Pipeline mode:   SEARCH
# Query file:      /v3/work/00_inventory/busco/busco_downloads/lineages/plasmodium_odb10/hmms/6833at5820.hmm
# Target file:     /v3/inputs/annotations/ncbi-datasets/MHC087.proteins.fa
# Option settings: hmmsearch --domtblout /v3/work/00_inventory/busco/MHC087_proteins/run_plasmodium_odb10/hmmer_output/initial_run_results/6833at5820.out --cpu 1 /v3/work/00_inventory/busco/busco_downloads/lineages/plasmodium_odb10/hmms/6833at5820.hmm /v3/inputs/annotations/ncbi-datasets/MHC087.proteins.fa 
# Current dir:     /v3/work/00_inventory/busco
# Date:            Tue May 19 18:15:53 2026
# [ok]
