#                                                                                                             --- full sequence --- -------------- this domain -------------   hmm coord   ali coord   env coord
# target name                                         accession   tlen query name           accession   qlen   E-value  score  bias   #  of  c-Evalue  i-Evalue  score  bias  from    to  from    to  from    to  acc description of target
#                                 ------------------- ---------- ----- -------------------- ---------- ----- --------- ------ ----- --- --- --------- --------- ------ ----- ----- ----- ----- ----- ----- ----- ---- ---------------------
GCA_040114635.1|PVP01_0705100|PVP01_0705100.1|unknown -            833 7115at5820           -            359  2.8e-173  574.5  75.0   1   5  4.9e-133  3.1e-130  432.9  21.2     1   220     3   252     3   267 0.91 -
GCA_040114635.1|PVP01_0705100|PVP01_0705100.1|unknown -            833 7115at5820           -            359  2.8e-173  574.5  75.0   2   5   1.3e-20   8.1e-18   63.0   4.9   199   285   342   428   315   441 0.77 -
GCA_040114635.1|PVP01_0705100|PVP01_0705100.1|unknown -            833 7115at5820           -            359  2.8e-173  574.5  75.0   3   5     0.011         7    4.0   9.0   266   303   472   514   449   534 0.68 -
GCA_040114635.1|PVP01_0705100|PVP01_0705100.1|unknown -            833 7115at5820           -            359  2.8e-173  574.5  75.0   4   5       1.2   7.3e+02   -2.6   1.3   311   311   601   601   527   655 0.47 -
GCA_040114635.1|PVP01_0705100|PVP01_0705100.1|unknown -            833 7115at5820           -            359  2.8e-173  574.5  75.0   5   5   8.1e-32   5.1e-29   99.9   7.6   265   359   740   833   670   833 0.83 -
GCA_040114635.1|PVP01_1008800|PVP01_1008800.1|unknown -            984 7115at5820           -            359   1.4e-36  124.7  11.4   1   6   2.3e-39   1.4e-36  124.7  11.4    20   264    12   265     1   294 0.66 -
GCA_040114635.1|PVP01_1008800|PVP01_1008800.1|unknown -            984 7115at5820           -            359   1.4e-36  124.7  11.4   2   6        10   6.3e+03  -10.8  12.3   209   294   311   394   292   413 0.38 -
GCA_040114635.1|PVP01_1008800|PVP01_1008800.1|unknown -            984 7115at5820           -            359   1.4e-36  124.7  11.4   3   6         2   1.2e+03   -3.4   3.5   260   299   486   525   432   563 0.63 -
GCA_040114635.1|PVP01_1008800|PVP01_1008800.1|unknown -            984 7115at5820           -            359   1.4e-36  124.7  11.4   4   6       5.4   3.4e+03   -4.8   9.0   244   295   620   673   614   700 0.47 -
GCA_040114635.1|PVP01_1008800|PVP01_1008800.1|unknown -            984 7115at5820           -            359   1.4e-36  124.7  11.4   5   6       0.8     5e+02   -2.1   8.0   195   279   734   823   706   837 0.63 -
GCA_040114635.1|PVP01_1008800|PVP01_1008800.1|unknown -            984 7115at5820           -            359   1.4e-36  124.7  11.4   6   6       2.9   1.8e+03   -3.9   0.8   203   242   927   962   920   972 0.58 -
GCA_040114635.1|PVP01_1113300|PVP01_1113300.1|unknown -            965 7115at5820           -            359   4.9e-24   83.5   8.8   1   4   7.9e-27   4.9e-24   83.5   8.8    35   139     8   114     3   127 0.95 -
GCA_040114635.1|PVP01_1113300|PVP01_1113300.1|unknown -            965 7115at5820           -            359   4.9e-24   83.5   8.8   2   4        10   6.3e+03   -7.2  10.4   204   286   274   354   234   379 0.54 -
GCA_040114635.1|PVP01_1113300|PVP01_1113300.1|unknown -            965 7115at5820           -            359   4.9e-24   83.5   8.8   3   4       1.4   8.8e+02   -2.9   4.5   232   282   508   555   464   618 0.65 -
GCA_040114635.1|PVP01_1113300|PVP01_1113300.1|unknown -            965 7115at5820           -            359   4.9e-24   83.5   8.8   4   4       5.8   3.6e+03   -4.9   2.7   192   192   831   831   756   944 0.47 -
GCA_040114635.1|PVP01_0935400|PVP01_0935400.1|unknown -           2220 7115at5820           -            359   9.2e-24   82.6  11.1   1   1   3.8e-26   2.4e-23   81.2  11.1    38   148   497   607   491   646 0.88 -
GCA_040114635.1|PVP01_0808300|PVP01_0808300.1|unknown -            526 7115at5820           -            359   1.3e-22   78.8   9.2   1   2     2e-25   1.3e-22   78.8   9.2    33   139    18   126     2   177 0.88 -
GCA_040114635.1|PVP01_0808300|PVP01_0808300.1|unknown -            526 7115at5820           -            359   1.3e-22   78.8   9.2   2   2       1.9   1.2e+03   -3.3   3.3   208   304   275   374   250   393 0.49 -
GCA_040114635.1|PVP01_1011000|PVP01_1011000.1|unknown -           1940 7115at5820           -            359   2.3e-20   71.4  21.1   1   4        10   6.3e+03   -6.2   8.6   197   300    28   116    10   131 0.44 -
GCA_040114635.1|PVP01_1011000|PVP01_1011000.1|unknown -           1940 7115at5820           -            359   2.3e-20   71.4  21.1   2   4   3.6e-23   2.3e-20   71.4  21.1    13   140   355   491   343   502 0.80 -
GCA_040114635.1|PVP01_1011000|PVP01_1011000.1|unknown -           1940 7115at5820           -            359   2.3e-20   71.4  21.1   3   4        10   6.3e+03   -7.5  10.5   161   229   669   735   636   761 0.51 -
GCA_040114635.1|PVP01_1011000|PVP01_1011000.1|unknown -           1940 7115at5820           -            359   2.3e-20   71.4  21.1   4   4      0.29   1.8e+02   -0.6   1.0   171   225   760   814   736   833 0.69 -
GCA_040114635.1|PVP01_1309400|PVP01_1309400.1|unknown -           1005 7115at5820           -            359   1.5e-17   62.1  25.2   1   3   2.4e-20   1.5e-17   62.1  25.2    37   208    23   198    12   296 0.66 -
GCA_040114635.1|PVP01_1309400|PVP01_1309400.1|unknown -           1005 7115at5820           -            359   1.5e-17   62.1  25.2   2   3       1.7     1e+03   -3.1   1.2   231   329   415   470   384   496 0.46 -
GCA_040114635.1|PVP01_1309400|PVP01_1309400.1|unknown -           1005 7115at5820           -            359   1.5e-17   62.1  25.2   3   3       5.1   3.2e+03   -4.7   6.1   184   297   807   916   771   975 0.59 -
GCA_040114635.1|PVP01_0604500|PVP01_0604500.1|unknown -           1508 7115at5820           -            359   2.2e-16   58.3   9.6   1   1   6.6e-19   4.2e-16   57.4   9.6    35   139     3   103     1   114 0.93 -
GCA_040114635.1|PVP01_0725700|PVP01_0725700.1|unknown -           1245 7115at5820           -            359   2.8e-15   54.7   2.1   1   2   4.4e-18   2.8e-15   54.7   2.1    38   138     2   101     1   180 0.88 -
GCA_040114635.1|PVP01_0725700|PVP01_0725700.1|unknown -           1245 7115at5820           -            359   2.8e-15   54.7   2.1   2   2       3.8   2.4e+03   -4.3   0.8   273   299   377   403   345   443 0.54 -
GCA_040114635.1|PVP01_1323700|PVP01_1323700.1|unknown -           1277 7115at5820           -            359   2.7e-10   38.3   3.6   1   1   6.6e-13   4.2e-10   37.7   3.6    72   140   200   268   188   278 0.90 -
#
# Program:         hmmsearch
# Version:         3.4 (Aug 2023)
# Pipeline mode:   SEARCH
# Query file:      /v3/work/00_inventory/busco/busco_downloads/lineages/plasmodium_odb10/hmms/7115at5820.hmm
# Target file:     /v3/inputs/annotations/ncbi-datasets/MHC087.proteins.fa
# Option settings: hmmsearch --domtblout /v3/work/00_inventory/busco/MHC087_proteins/run_plasmodium_odb10/hmmer_output/initial_run_results/7115at5820.out --cpu 1 /v3/work/00_inventory/busco/busco_downloads/lineages/plasmodium_odb10/hmms/7115at5820.hmm /v3/inputs/annotations/ncbi-datasets/MHC087.proteins.fa 
# Current dir:     /v3/work/00_inventory/busco
# Date:            Tue May 19 18:17:10 2026
# [ok]
