#                                                                                                             --- full sequence --- -------------- this domain -------------   hmm coord   ali coord   env coord
# target name                                         accession   tlen query name           accession   qlen   E-value  score  bias   #  of  c-Evalue  i-Evalue  score  bias  from    to  from    to  from    to  acc description of target
#                                 ------------------- ---------- ----- -------------------- ---------- ----- --------- ------ ----- --- --- --------- --------- ------ ----- ----- ----- ----- ----- ----- ----- ---- ---------------------
GCA_040114635.1|PVP01_1143600|PVP01_1143600.1|unknown -            354 7191at5820           -            301  4.4e-195  645.3  12.8   1   1  5.7e-197  9.2e-195  644.2  12.8     1   301     1   343     1   343 0.95 -
GCA_040114635.1|PVP01_1416000|PVP01_1416000.1|unknown -            368 7191at5820           -            301   3.2e-34  117.1   1.6   1   1   3.3e-36   5.3e-34  116.4   1.6    25   272   102   346    94   361 0.84 -
GCA_040114635.1|PVP01_0313300|PVP01_0313300.1|unknown -            529 7191at5820           -            301   7.4e-29   99.5   1.0   1   1   6.6e-31   1.1e-28   99.0   1.0    34   230    74   277    57   312 0.87 -
GCA_040114635.1|PVP01_0830100|PVP01_0830100.1|unknown -            603 7191at5820           -            301   4.6e-27   93.6   0.6   1   1   4.5e-29   7.2e-27   93.0   0.6    17   275   143   402   130   418 0.83 -
GCA_040114635.1|PVP01_1252700|PVP01_1252700.1|unknown -            860 7191at5820           -            301   5.5e-27   93.4   4.9   1   1   6.6e-29   1.1e-26   92.4   4.9    29   260   479   719   457   745 0.84 -
GCA_040114635.1|PVP01_1464000|PVP01_1464000.1|unknown -            748 7191at5820           -            301   1.1e-26   92.4   0.5   1   1   6.7e-29   1.1e-26   92.4   0.5    30   274   421   661   414   684 0.84 -
GCA_040114635.1|PVP01_1312900|PVP01_1312900.1|unknown -            854 7191at5820           -            301   7.1e-26   89.7   0.6   1   2       2.2   3.6e+02   -1.3   0.4   241   291   369   418   356   428 0.78 -
GCA_040114635.1|PVP01_1312900|PVP01_1312900.1|unknown -            854 7191at5820           -            301   7.1e-26   89.7   0.6   2   2   1.6e-27   2.6e-25   87.9   0.0    28   243   539   756   528   775 0.90 -
GCA_040114635.1|PVP01_0407500|PVP01_0407500.1|unknown -            526 7191at5820           -            301   9.9e-23   79.4   4.0   1   1     2e-24   3.2e-22   77.7   4.0    37   237    62   280    55   340 0.77 -
GCA_040114635.1|PVP01_0314900|PVP01_0314900.1|unknown -            310 7191at5820           -            301   2.4e-22   78.1   0.8   1   1   2.1e-24   3.4e-22   77.6   0.8    37   228    10   208     2   219 0.85 -
GCA_040114635.1|PVP01_1457000|PVP01_1457000.1|unknown -            508 7191at5820           -            301   2.6e-22   78.0   0.5   1   2     4e-24   6.4e-22   76.7   0.2    49   230   129   312    83   353 0.79 -
GCA_040114635.1|PVP01_1457000|PVP01_1457000.1|unknown -            508 7191at5820           -            301   2.6e-22   78.0   0.5   2   2       4.8   7.8e+02   -2.4   0.0    18    33   453   468   446   480 0.87 -
GCA_040114635.1|PVP01_0923400|PVP01_0923400.1|unknown -           1606 7191at5820           -            301     4e-20   70.8   0.8   1   1   4.8e-22   7.7e-20   69.9   0.8    71   230  1203  1369  1195  1397 0.87 -
GCA_040114635.1|PVP01_1325400|PVP01_1325400.1|unknown -            284 7191at5820           -            301   9.2e-20   69.6  13.3   1   1   7.5e-22   1.2e-19   69.2  13.3    30   288    21   280     7   283 0.87 -
GCA_040114635.1|PVP01_1257000|PVP01_1257000.1|unknown -            377 7191at5820           -            301   8.7e-19   66.4   9.8   1   1   6.7e-21   1.1e-18   66.1   9.8    27   285    38   311    10   325 0.74 -
GCA_040114635.1|PVP01_1265700|PVP01_1265700.1|unknown -           2424 7191at5820           -            301   1.5e-18   65.6   0.4   1   1   1.3e-19     2e-17   61.9   0.4    24   274   112   388   101   399 0.74 -
GCA_040114635.1|PVP01_1115000|PVP01_1115000.1|unknown -            288 7191at5820           -            301   3.4e-18   64.5   0.0   1   1   2.8e-20   4.5e-18   64.1   0.0    38   229    11   206     4   216 0.74 -
GCA_040114635.1|PVP01_1446500|PVP01_1446500.1|unknown -           1003 7191at5820           -            301   8.5e-18   63.2   1.8   1   1   2.9e-19   4.7e-17   60.7   1.8    28   229    12   248     9   255 0.78 -
GCA_040114635.1|PVP01_1424400|PVP01_1424400.1|unknown -            517 7191at5820           -            301   9.1e-15   53.2   2.6   1   2   1.7e-14   2.7e-12   45.1   1.7    57   217   239   404   231   412 0.81 -
GCA_040114635.1|PVP01_1424400|PVP01_1424400.1|unknown -            517 7191at5820           -            301   9.1e-15   53.2   2.6   2   2    0.0035      0.57    7.9   0.0   168   246   397   482   392   511 0.68 -
GCA_040114635.1|PVP01_1217600|PVP01_1217600.1|unknown -            305 7191at5820           -            301   3.5e-14   51.3   0.1   1   1   4.4e-16   7.1e-14   50.3   0.1    29   231     7   223     4   230 0.76 -
GCA_040114635.1|PVP01_1317900|PVP01_1317900.1|unknown -            706 7191at5820           -            301   3.6e-13   48.0   0.1   1   1   3.3e-15   5.4e-13   47.4   0.1    28   258    17   254    11   289 0.70 -
GCA_040114635.1|PVP01_0814500|PVP01_0814500.1|unknown -            325 7191at5820           -            301   1.6e-12   45.9   0.7   1   1   1.3e-14   2.2e-12   45.4   0.7    35   226    14   205     8   229 0.81 -
GCA_040114635.1|PVP01_0909200|PVP01_0909200.1|unknown -            335 7191at5820           -            301   2.4e-12   45.3   0.6   1   1     2e-14   3.2e-12   44.9   0.6    33   233    45   245    39   298 0.71 -
GCA_040114635.1|PVP01_0922500|PVP01_0922500.1|unknown -            561 7191at5820           -            301   2.2e-11   42.1   4.5   1   2     9e-12   1.5e-09   36.1   0.5    27   178    31   186    22   192 0.82 -
GCA_040114635.1|PVP01_0922500|PVP01_0922500.1|unknown -            561 7191at5820           -            301   2.2e-11   42.1   4.5   2   2    0.0052      0.84    7.4   0.3   189   257   350   421   292   456 0.77 -
GCA_040114635.1|PVP01_1300900|PVP01_1300900.1|unknown -            296 7191at5820           -            301   9.9e-11   40.0   0.2   1   1   7.9e-13   1.3e-10   39.6   0.2    89   265    83   262    46   284 0.76 -
GCA_040114635.1|PVP01_0818800|PVP01_0818800.1|unknown -            327 7191at5820           -            301   1.5e-09   36.1   0.5   1   1   1.3e-11   2.2e-09   35.6   0.5    93   271    83   264    63   276 0.81 -
GCA_040114635.1|PVP01_0104700|PVP01_0104700.1|unknown -           1250 7191at5820           -            301   3.3e-09   35.0   3.8   1   1   4.7e-11   7.6e-09   33.8   3.8    20   179   721   881   710   886 0.85 -
GCA_040114635.1|PVP01_0411500|PVP01_0411500.1|unknown -            344 7191at5820           -            301     4e-09   34.7   0.1   1   1   3.7e-11   5.9e-09   34.2   0.1    68   226    78   250    36   260 0.75 -
GCA_040114635.1|PVP01_0413200|PVP01_0413200.1|unknown -           1029 7191at5820           -            301   6.7e-08   30.7   0.3   1   1     1e-09   1.7e-07   29.4   0.3    79   224   815   964   792   969 0.76 -
GCA_040114635.1|PVP01_1416900|PVP01_1416900.1|unknown -            341 7191at5820           -            301     5e-07   27.8   0.5   1   1   4.2e-09   6.8e-07   27.4   0.5    31   224    30   238    20   251 0.75 -
GCA_040114635.1|PVP01_1202200|PVP01_1202200.1|unknown -            423 7191at5820           -            301   7.3e-07   27.3   1.9   1   1   6.3e-09     1e-06   26.8   1.9    74   175    66   169    40   187 0.83 -
GCA_040114635.1|PVP01_0733500|PVP01_0733500.1|unknown -            341 7191at5820           -            301   8.5e-07   27.1   0.0   1   1   7.1e-09   1.1e-06   26.6   0.0    27   114    29   117    18   120 0.92 -
GCA_040114635.1|PVP01_0521800|PVP01_0521800.1|unknown -           1604 7191at5820           -            301   2.8e-06   25.4   0.0   1   1   2.7e-08   4.4e-06   24.7   0.0   126   230   885   996   877  1006 0.78 -
GCA_040114635.1|PVP01_0207300|PVP01_0207300.1|unknown -           3304 7191at5820           -            301   4.3e-06   24.8   0.4   1   1   4.2e-08   6.8e-06   24.1   0.4   104   178  3076  3149  3069  3170 0.88 -
GCA_040114635.1|PVP01_0513200|PVP01_0513200.1|unknown -            800 7191at5820           -            301   5.2e-06   24.5   0.6   1   2   6.9e-05     0.011   13.6   0.1    31   120    35   121    21   131 0.71 -
GCA_040114635.1|PVP01_0513200|PVP01_0513200.1|unknown -            800 7191at5820           -            301   5.2e-06   24.5   0.6   2   2    0.0016      0.25    9.1   0.0   123   164   229   270   210   280 0.82 -
GCA_040114635.1|PVP01_0827800|PVP01_0827800.1|unknown -            494 7191at5820           -            301   6.7e-06   24.1   0.2   1   1   7.1e-08   1.2e-05   23.4   0.2    79   226   160   324   112   338 0.61 -
GCA_040114635.1|PVP01_0945900|PVP01_0945900.1|unknown -           2018 7191at5820           -            301   1.3e-05   23.2   0.1   1   1   1.6e-07   2.5e-05   22.2   0.1    27   181    73   227    59   233 0.83 -
GCA_040114635.1|PVP01_1133600|PVP01_1133600.1|unknown -            801 7191at5820           -            301   2.6e-05   22.2   0.0   1   2   8.9e-07   0.00014   19.8   0.0    95   176   150   241   111   249 0.71 -
GCA_040114635.1|PVP01_1133600|PVP01_1133600.1|unknown -            801 7191at5820           -            301   2.6e-05   22.2   0.0   2   2       1.6   2.6e+02   -0.8   0.0   204   228   478   502   451   513 0.75 -
GCA_040114635.1|PVP01_0905700|PVP01_0905700.1|unknown -           1277 7191at5820           -            301   6.6e-05   20.9   2.8   1   1   6.7e-07   0.00011   20.2   2.8    58   165   295   402   279   414 0.78 -
GCA_040114635.1|PVP01_0937400|PVP01_0937400.1|unknown -            323 7191at5820           -            301    0.0002   19.3   0.0   1   1     2e-06   0.00032   18.6   0.0   112   179    88   156    65   268 0.64 -
GCA_040114635.1|PVP01_0114800|PVP01_0114800.1|unknown -           1425 7191at5820           -            301     0.003   15.4   0.0   1   1   3.5e-05    0.0056   14.5   0.0   131   181  1220  1270  1183  1296 0.74 -
#
# Program:         hmmsearch
# Version:         3.4 (Aug 2023)
# Pipeline mode:   SEARCH
# Query file:      /v3/work/00_inventory/busco/busco_downloads/lineages/plasmodium_odb10/hmms/7191at5820.hmm
# Target file:     /v3/inputs/annotations/ncbi-datasets/MHC087.proteins.fa
# Option settings: hmmsearch --domtblout /v3/work/00_inventory/busco/MHC087_proteins/run_plasmodium_odb10/hmmer_output/initial_run_results/7191at5820.out --cpu 1 /v3/work/00_inventory/busco/busco_downloads/lineages/plasmodium_odb10/hmms/7191at5820.hmm /v3/inputs/annotations/ncbi-datasets/MHC087.proteins.fa 
# Current dir:     /v3/work/00_inventory/busco
# Date:            Tue May 19 18:17:32 2026
# [ok]
