#                                                                                                             --- full sequence --- -------------- this domain -------------   hmm coord   ali coord   env coord
# target name                                         accession   tlen query name           accession   qlen   E-value  score  bias   #  of  c-Evalue  i-Evalue  score  bias  from    to  from    to  from    to  acc description of target
#                                 ------------------- ---------- ----- -------------------- ---------- ----- --------- ------ ----- --- --- --------- --------- ------ ----- ----- ----- ----- ----- ----- ----- ---- ---------------------
GCA_040114635.1|PVP01_1135200|PVP01_1135200.1|unknown -           1989 719at5820            -           1037         0 1376.0 109.1   1   9   3.4e-84   5.4e-81  271.3   2.7     3   174     5   189     3   194 0.92 -
GCA_040114635.1|PVP01_1135200|PVP01_1135200.1|unknown -           1989 719at5820            -           1037         0 1376.0 109.1   2   9   4.1e-27   6.5e-24   82.3   0.1   174   240   279   346   263   353 0.93 -
GCA_040114635.1|PVP01_1135200|PVP01_1135200.1|unknown -           1989 719at5820            -           1037         0 1376.0 109.1   3   9   1.5e-16   2.4e-13   47.4   1.1   239   275   371   408   368   415 0.89 -
GCA_040114635.1|PVP01_1135200|PVP01_1135200.1|unknown -           1989 719at5820            -           1037         0 1376.0 109.1   4   9         4   6.3e+03  -19.3  15.3   729   777   448   493   440   518 0.33 -
GCA_040114635.1|PVP01_1135200|PVP01_1135200.1|unknown -           1989 719at5820            -           1037         0 1376.0 109.1   5   9   2.8e-69   4.4e-66  222.0   6.1   276   417   543   693   540   698 0.95 -
GCA_040114635.1|PVP01_1135200|PVP01_1135200.1|unknown -           1989 719at5820            -           1037         0 1376.0 109.1   6   9  6.3e-106  9.9e-103  343.3   4.1   417   666   717  1018   712  1024 0.87 -
GCA_040114635.1|PVP01_1135200|PVP01_1135200.1|unknown -           1989 719at5820            -           1037         0 1376.0 109.1   7   9   5.7e-09     9e-06   22.3   0.2   667   721  1056  1116  1053  1184 0.68 -
GCA_040114635.1|PVP01_1135200|PVP01_1135200.1|unknown -           1989 719at5820            -           1037         0 1376.0 109.1   8   9   4.1e-34   6.5e-31  105.5  12.7   739   868  1614  1783  1574  1788 0.73 -
GCA_040114635.1|PVP01_1135200|PVP01_1135200.1|unknown -           1989 719at5820            -           1037         0 1376.0 109.1   9   9  5.6e-104  8.9e-101  336.8  11.6   868  1037  1819  1989  1805  1989 0.97 -
GCA_040114635.1|PVP01_1212200|PVP01_1212200.1|unknown -            817 719at5820            -           1037   8.9e-87  290.5  13.7   1   2   3.2e-86     5e-83  278.1   6.0    12   560    35   625    26   639 0.79 -
GCA_040114635.1|PVP01_1212200|PVP01_1212200.1|unknown -            817 719at5820            -           1037   8.9e-87  290.5  13.7   2   2   2.7e-07   0.00043   16.7   0.8   603   703   646   771   635   805 0.65 -
GCA_040114635.1|PVP01_1225400|PVP01_1225400.1|unknown -           1974 719at5820            -           1037   1.5e-46  157.3   1.9   1   2   1.1e-33   1.7e-30  104.1   0.0    32   253    35   275    12   281 0.79 -
GCA_040114635.1|PVP01_1225400|PVP01_1225400.1|unknown -           1974 719at5820            -           1037   1.5e-46  157.3   1.9   2   2   2.1e-16   3.3e-13   46.9   0.4   325   562   401   671   366   749 0.78 -
GCA_040114635.1|PVP01_1448000|PVP01_1448000.1|unknown -           1858 719at5820            -           1037   1.1e-23   81.6   4.0   1   2     1e-14   1.6e-11   41.3   0.2    60   177    95   228    43   242 0.80 -
GCA_040114635.1|PVP01_1448000|PVP01_1448000.1|unknown -           1858 719at5820            -           1037   1.1e-23   81.6   4.0   2   2   1.4e-14   2.1e-11   40.9   0.6   182   316   264   428   257   429 0.78 -
#
# Program:         hmmsearch
# Version:         3.4 (Aug 2023)
# Pipeline mode:   SEARCH
# Query file:      /v3/work/00_inventory/busco/busco_downloads/lineages/plasmodium_odb10/hmms/719at5820.hmm
# Target file:     /v3/inputs/annotations/ncbi-datasets/MHC087.proteins.fa
# Option settings: hmmsearch --domtblout /v3/work/00_inventory/busco/MHC087_proteins/run_plasmodium_odb10/hmmer_output/initial_run_results/719at5820.out --cpu 1 /v3/work/00_inventory/busco/busco_downloads/lineages/plasmodium_odb10/hmms/719at5820.hmm /v3/inputs/annotations/ncbi-datasets/MHC087.proteins.fa 
# Current dir:     /v3/work/00_inventory/busco
# Date:            Tue May 19 18:17:35 2026
# [ok]
