#                                                                                                             --- full sequence --- -------------- this domain -------------   hmm coord   ali coord   env coord
# target name                                         accession   tlen query name           accession   qlen   E-value  score  bias   #  of  c-Evalue  i-Evalue  score  bias  from    to  from    to  from    to  acc description of target
#                                 ------------------- ---------- ----- -------------------- ---------- ----- --------- ------ ----- --- --- --------- --------- ------ ----- ----- ----- ----- ----- ----- ----- ---- ---------------------
GCA_040114635.1|PVP01_0731700|PVP01_0731700.1|unknown -            725 7211at5820           -            625  1.1e-200  667.4   0.0   1   1  4.2e-203  1.6e-200  666.9   0.0     1   625     1   725     1   725 0.76 -
GCA_040114635.1|PVP01_0613600|PVP01_0613600.1|unknown -            858 7211at5820           -            625     2e-21   75.2  18.3   1   3    0.0019       0.7    7.4   0.0    10    39    13    42     8    44 0.90 -
GCA_040114635.1|PVP01_0613600|PVP01_0613600.1|unknown -            858 7211at5820           -            625     2e-21   75.2  18.3   2   3   0.00021     0.079   10.5   0.2   142   220   127   205    69   214 0.51 -
GCA_040114635.1|PVP01_0613600|PVP01_0613600.1|unknown -            858 7211at5820           -            625     2e-21   75.2  18.3   3   3   2.7e-19   9.9e-17   59.7  10.5   282   624   494   854   475   855 0.50 -
GCA_040114635.1|PVP01_1442500|PVP01_1442500.1|unknown -            882 7211at5820           -            625   4.2e-10   37.8   2.0   1   2   1.2e-11   4.3e-09   34.5   0.3     6   133    15   148    11   182 0.69 -
GCA_040114635.1|PVP01_1442500|PVP01_1442500.1|unknown -            882 7211at5820           -            625   4.2e-10   37.8   2.0   2   2   8.1e-05      0.03   11.9   0.1     8    72   194   255   187   258 0.90 -
GCA_040114635.1|PVP01_1328900|PVP01_1328900.1|unknown -            482 7211at5820           -            625   3.9e-09   34.6   7.8   1   2   0.00012     0.043   11.4   0.9     3    83    16    96    14   108 0.88 -
GCA_040114635.1|PVP01_1328900|PVP01_1328900.1|unknown -            482 7211at5820           -            625   3.9e-09   34.6   7.8   2   2   1.9e-09     7e-07   27.2   1.1     8   143   108   250   105   269 0.71 -
GCA_040114635.1|PVP01_1421700|PVP01_1421700.1|unknown -            124 7211at5820           -            625   1.9e-08   32.4   3.7   1   1   5.7e-11   2.1e-08   32.2   3.7     7   107     8   108     1   120 0.84 -
GCA_040114635.1|PVP01_0511100|PVP01_0511100.1|unknown -            292 7211at5820           -            625   8.1e-08   30.3   0.0   1   2   2.1e-05    0.0077   13.8   0.0     1    36     1    36     1    58 0.78 -
GCA_040114635.1|PVP01_0511100|PVP01_0511100.1|unknown -            292 7211at5820           -            625   8.1e-08   30.3   0.0   2   2   1.4e-05    0.0052   14.4   0.0    15    81   163   228   156   251 0.88 -
GCA_040114635.1|PVP01_1112500|PVP01_1112500.1|unknown -            513 7211at5820           -            625   6.1e-07   27.4  14.8   1   4       2.6   9.5e+02   -3.0  10.8   421   485     5    67     1    81 0.43 -
GCA_040114635.1|PVP01_1112500|PVP01_1112500.1|unknown -            513 7211at5820           -            625   6.1e-07   27.4  14.8   2   4     0.084        31    1.9   0.1     8    53    89   134    86   140 0.93 -
GCA_040114635.1|PVP01_1112500|PVP01_1112500.1|unknown -            513 7211at5820           -            625   6.1e-07   27.4  14.8   3   4   6.9e-05     0.026   12.1   0.1     8    70   188   250   184   258 0.95 -
GCA_040114635.1|PVP01_1112500|PVP01_1112500.1|unknown -            513 7211at5820           -            625   6.1e-07   27.4  14.8   4   4   1.1e-05    0.0041   14.7   0.0    11   109   376   477   371   509 0.70 -
GCA_040114635.1|PVP01_1443100|PVP01_1443100.1|unknown -            110 7211at5820           -            625   6.2e-07   27.4   0.3   1   1   1.9e-09   6.9e-07   27.2   0.3     8    82    15    87    11   110 0.80 -
GCA_040114635.1|PVP01_1339100|PVP01_1339100.1|unknown -            507 7211at5820           -            625   2.6e-05   22.0   0.0   1   3     0.076        28    2.1  13.0   428   505     7   103     1   151 0.33 -
GCA_040114635.1|PVP01_1339100|PVP01_1339100.1|unknown -            507 7211at5820           -            625   2.6e-05   22.0   0.0   2   3      0.31   1.2e+02    0.0  25.9     2   160   179   345   178   347 0.73 -
GCA_040114635.1|PVP01_1339100|PVP01_1339100.1|unknown -            507 7211at5820           -            625   2.6e-05   22.0   0.0   3   3   6.9e-08   2.6e-05   22.0   0.0    11    82   402   473   397   504 0.82 -
GCA_040114635.1|PVP01_0820700|PVP01_0820700.1|unknown -            299 7211at5820           -            625   6.2e-05   20.8   3.3   1   1   1.7e-07   6.2e-05   20.8   3.3     8   107    37   137    31   173 0.74 -
GCA_040114635.1|PVP01_0806500|PVP01_0806500.1|unknown -            250 7211at5820           -            625   0.00011   20.0   1.0   1   2   0.00056      0.21    9.1   0.5     7    69    21    82    16   141 0.82 -
GCA_040114635.1|PVP01_0806500|PVP01_0806500.1|unknown -            250 7211at5820           -            625   0.00011   20.0   1.0   2   2   0.00058      0.22    9.1   0.0     1    36   166   201   166   207 0.93 -
GCA_040114635.1|PVP01_1232900|PVP01_1232900.1|unknown -           1033 7211at5820           -            625   0.00021   19.0   0.1   1   1   5.6e-07   0.00021   19.0   0.1    17    86   754   823   741   872 0.79 -
GCA_040114635.1|PVP01_0722400|PVP01_0722400.1|unknown -            202 7211at5820           -            625   0.00051   17.7   0.0   1   2      0.38   1.4e+02   -0.2   2.4   397   456    16    63     2    70 0.35 -
GCA_040114635.1|PVP01_0722400|PVP01_0722400.1|unknown -            202 7211at5820           -            625   0.00051   17.7   0.0   2   2   1.4e-06   0.00051   17.7   0.0     5    58    69   122    63   131 0.88 -
GCA_040114635.1|PVP01_0920400|PVP01_0920400.1|unknown -            208 7211at5820           -            625   0.00069   17.3   3.2   1   1     2e-06   0.00075   17.2   3.2     3    84     4    84     2   162 0.79 -
GCA_040114635.1|PVP01_1016700|PVP01_1016700.1|unknown -            314 7211at5820           -            625    0.0016   16.1   0.0   1   1   4.2e-06    0.0016   16.1   0.0     8   104     9   103     1   122 0.82 -
GCA_040114635.1|PVP01_0607600|PVP01_0607600.1|unknown -            544 7211at5820           -            625      0.01   13.4   0.2   1   2   2.7e-05      0.01   13.4   0.2     8    84    14    90     7   115 0.83 -
GCA_040114635.1|PVP01_0607600|PVP01_0607600.1|unknown -            544 7211at5820           -            625      0.01   13.4   0.2   2   2       9.9   3.7e+03   -4.9  69.5   261   540   227   518   156   534 0.59 -
GCA_040114635.1|PVP01_1030600|PVP01_1030600.1|unknown -            328 7211at5820           -            625      0.06   10.9   0.0   1   1   0.00016      0.06   10.9   0.0     7    84    12    89     5    94 0.86 -
#
# Program:         hmmsearch
# Version:         3.4 (Aug 2023)
# Pipeline mode:   SEARCH
# Query file:      /v3/work/00_inventory/busco/busco_downloads/lineages/plasmodium_odb10/hmms/7211at5820.hmm
# Target file:     /v3/inputs/annotations/ncbi-datasets/MHC087.proteins.fa
# Option settings: hmmsearch --domtblout /v3/work/00_inventory/busco/MHC087_proteins/run_plasmodium_odb10/hmmer_output/initial_run_results/7211at5820.out --cpu 1 /v3/work/00_inventory/busco/busco_downloads/lineages/plasmodium_odb10/hmms/7211at5820.hmm /v3/inputs/annotations/ncbi-datasets/MHC087.proteins.fa 
# Current dir:     /v3/work/00_inventory/busco
# Date:            Tue May 19 18:17:40 2026
# [ok]
