#                                                                                                             --- full sequence --- -------------- this domain -------------   hmm coord   ali coord   env coord
# target name                                         accession   tlen query name           accession   qlen   E-value  score  bias   #  of  c-Evalue  i-Evalue  score  bias  from    to  from    to  from    to  acc description of target
#                                 ------------------- ---------- ----- -------------------- ---------- ----- --------- ------ ----- --- --- --------- --------- ------ ----- ----- ----- ----- ----- ----- ----- ---- ---------------------
GCA_040114635.1|PVP01_1424400|PVP01_1424400.1|unknown -            517 7216at5820           -            365  1.9e-204  677.0  25.3   1   2   3.2e-34   5.3e-32  109.7   4.9     1    88     1   103     1   111 0.86 -
GCA_040114635.1|PVP01_1424400|PVP01_1424400.1|unknown -            517 7216at5820           -            365  1.9e-204  677.0  25.3   2   2  4.9e-174  8.1e-172  569.7  12.4    87   365   231   517   220   517 0.97 -
GCA_040114635.1|PVP01_0830100|PVP01_0830100.1|unknown -            603 7216at5820           -            365   1.2e-36  124.9   2.0   1   2   3.6e-19     6e-17   60.2   1.8    95   201   185   289   169   294 0.85 -
GCA_040114635.1|PVP01_0830100|PVP01_0830100.1|unknown -            603 7216at5820           -            365   1.2e-36  124.9   2.0   2   2   4.3e-20   7.2e-18   63.2   0.0   242   360   293   416   289   420 0.88 -
GCA_040114635.1|PVP01_0407500|PVP01_0407500.1|unknown -            526 7216at5820           -            365   5.5e-31  106.3  12.4   1   2   1.2e-13     2e-11   42.0   4.0   112   201   113   203    99   209 0.91 -
GCA_040114635.1|PVP01_0407500|PVP01_0407500.1|unknown -            526 7216at5820           -            365   5.5e-31  106.3  12.4   2   2   5.1e-22   8.5e-20   69.5   1.4   245   361   210   330   202   334 0.84 -
GCA_040114635.1|PVP01_1416000|PVP01_1416000.1|unknown -            368 7216at5820           -            365   1.9e-28   98.0  17.1   1   2     3e-15   4.9e-13   47.3   9.6    93   199   132   240   100   245 0.90 -
GCA_040114635.1|PVP01_1416000|PVP01_1416000.1|unknown -            368 7216at5820           -            365   1.9e-28   98.0  17.1   2   2   7.6e-18   1.3e-15   55.8   0.7   244   361   245   364   241   367 0.82 -
GCA_040114635.1|PVP01_1252700|PVP01_1252700.1|unknown -            860 7216at5820           -            365   3.1e-28   97.3  15.3   1   2     2e-17   3.4e-15   54.4  10.0    95   199   507   613   494   618 0.91 -
GCA_040114635.1|PVP01_1252700|PVP01_1252700.1|unknown -            860 7216at5820           -            365   3.1e-28   97.3  15.3   2   2   7.4e-15   1.2e-12   46.0   0.2   244   364   618   740   614   741 0.87 -
GCA_040114635.1|PVP01_1325400|PVP01_1325400.1|unknown -            284 7216at5820           -            365   6.4e-28   96.3  18.8   1   3       1.1   1.7e+02   -0.6   0.0   222   256     5    39     3    44 0.88 -
GCA_040114635.1|PVP01_1325400|PVP01_1325400.1|unknown -            284 7216at5820           -            365   6.4e-28   96.3  18.8   2   3   2.9e-14   4.8e-12   44.0  12.0    86   201    40   157    34   163 0.88 -
GCA_040114635.1|PVP01_1325400|PVP01_1325400.1|unknown -            284 7216at5820           -            365   6.4e-28   96.3  18.8   3   3   4.5e-18   7.5e-16   56.6   0.3   243   360   161   281   156   283 0.80 -
GCA_040114635.1|PVP01_0313300|PVP01_0313300.1|unknown -            529 7216at5820           -            365   2.7e-27   94.2   9.3   1   2   2.4e-13     4e-11   41.0   5.5    94   200    96   203    69   210 0.89 -
GCA_040114635.1|PVP01_0313300|PVP01_0313300.1|unknown -            529 7216at5820           -            365   2.7e-27   94.2   9.3   2   2   1.1e-17   1.8e-15   55.3   0.1   241   359   208   330   203   334 0.85 -
GCA_040114635.1|PVP01_1457000|PVP01_1457000.1|unknown -            508 7216at5820           -            365   5.9e-27   93.1  17.5   1   4       1.6   2.6e+02   -1.2   0.0   146   173    88   115    67   131 0.76 -
GCA_040114635.1|PVP01_1457000|PVP01_1457000.1|unknown -            508 7216at5820           -            365   5.9e-27   93.1  17.5   2   4     2e-15   3.3e-13   47.9   4.8   101   206   139   245   108   249 0.85 -
GCA_040114635.1|PVP01_1457000|PVP01_1457000.1|unknown -            508 7216at5820           -            365   5.9e-27   93.1  17.5   3   4   4.9e-17   8.1e-15   53.2   0.2   245   358   247   364   244   370 0.83 -
GCA_040114635.1|PVP01_1457000|PVP01_1457000.1|unknown -            508 7216at5820           -            365   5.9e-27   93.1  17.5   4   4      0.83   1.4e+02   -0.3   0.3    93   129   369   404   365   413 0.82 -
GCA_040114635.1|PVP01_1464000|PVP01_1464000.1|unknown -            748 7216at5820           -            365   1.6e-22   78.5   3.5   1   2   8.5e-10   1.4e-07   29.3   4.4    95   201   448   555   432   558 0.89 -
GCA_040114635.1|PVP01_1464000|PVP01_1464000.1|unknown -            748 7216at5820           -            365   1.6e-22   78.5   3.5   2   2   7.8e-15   1.3e-12   45.9   0.0   245   360   559   681   555   684 0.82 -
GCA_040114635.1|PVP01_1265700|PVP01_1265700.1|unknown -           2424 7216at5820           -            365   1.7e-22   78.4   1.7   1   1   7.5e-23   1.2e-20   72.3   1.7   103   359   154   402   106   405 0.79 -
GCA_040114635.1|PVP01_1143600|PVP01_1143600.1|unknown -            354 7216at5820           -            365     1e-19   69.3   2.3   1   2   6.4e-14   1.1e-11   42.9   0.6    93   201    56   165    45   169 0.89 -
GCA_040114635.1|PVP01_1143600|PVP01_1143600.1|unknown -            354 7216at5820           -            365     1e-19   69.3   2.3   2   2   1.5e-08   2.5e-06   25.2   0.1   245   358   169   307   164   311 0.72 -
GCA_040114635.1|PVP01_1446500|PVP01_1446500.1|unknown -           1003 7216at5820           -            365   4.9e-18   63.7   1.2   1   2     2e-09   3.3e-07   28.1   0.6   107   199    52   158    42   163 0.81 -
GCA_040114635.1|PVP01_1446500|PVP01_1446500.1|unknown -           1003 7216at5820           -            365   4.9e-18   63.7   1.2   2   2     3e-11   4.9e-09   34.1   0.0   231   322   167   258   159   301 0.72 -
GCA_040114635.1|PVP01_1257000|PVP01_1257000.1|unknown -            377 7216at5820           -            365   3.2e-17   61.1  14.9   1   2   5.8e-06   0.00095   16.7  10.2   106   203    77   181    32   187 0.79 -
GCA_040114635.1|PVP01_1257000|PVP01_1257000.1|unknown -            377 7216at5820           -            365   3.2e-17   61.1  14.9   2   2   3.4e-15   5.6e-13   47.1   0.1   243   360   185   311   178   316 0.79 -
GCA_040114635.1|PVP01_1317900|PVP01_1317900.1|unknown -            706 7216at5820           -            365     3e-16   57.9   8.7   1   3   1.5e-11   2.4e-09   35.1   4.9   102   199    52   151    21   156 0.79 -
GCA_040114635.1|PVP01_1317900|PVP01_1317900.1|unknown -            706 7216at5820           -            365     3e-16   57.9   8.7   2   3   0.00025     0.041   11.3   0.0   245   305   157   222   152   238 0.68 -
GCA_040114635.1|PVP01_1317900|PVP01_1317900.1|unknown -            706 7216at5820           -            365     3e-16   57.9   8.7   3   3    0.0002     0.033   11.6   0.1   324   361   275   312   260   316 0.87 -
GCA_040114635.1|PVP01_0923400|PVP01_0923400.1|unknown -           1606 7216at5820           -            365   2.5e-15   54.8  10.0   1   2   6.3e-11     1e-08   33.0   7.1   107   199  1202  1294  1195  1301 0.89 -
GCA_040114635.1|PVP01_0923400|PVP01_0923400.1|unknown -           1606 7216at5820           -            365   2.5e-15   54.8  10.0   2   2   1.1e-07   1.8e-05   22.4   0.0   244   361  1301  1422  1296  1424 0.81 -
GCA_040114635.1|PVP01_0314900|PVP01_0314900.1|unknown -            310 7216at5820           -            365   3.9e-15   54.2   9.3   1   2   2.2e-11   3.6e-09   34.6   6.2    89   199    23   137     3   142 0.79 -
GCA_040114635.1|PVP01_0314900|PVP01_0314900.1|unknown -            310 7216at5820           -            365   3.9e-15   54.2   9.3   2   2     3e-07     5e-05   20.9   0.0   244   349   142   251   138   262 0.78 -
GCA_040114635.1|PVP01_0922500|PVP01_0922500.1|unknown -            561 7216at5820           -            365   8.2e-15   53.1  14.6   1   2   2.7e-10   4.5e-08   31.0   6.9    95   200    62   171    14   189 0.81 -
GCA_040114635.1|PVP01_0922500|PVP01_0922500.1|unknown -            561 7216at5820           -            365   8.2e-15   53.1  14.6   2   2   5.6e-09   9.3e-07   26.6   0.9   226   360   304   446   274   451 0.76 -
GCA_040114635.1|PVP01_0413200|PVP01_0413200.1|unknown -           1029 7216at5820           -            365     2e-13   48.6   4.3   1   2   2.7e-07   4.4e-05   21.1   2.0   112   199   810   897   768   902 0.75 -
GCA_040114635.1|PVP01_0413200|PVP01_0413200.1|unknown -           1029 7216at5820           -            365     2e-13   48.6   4.3   2   2   4.2e-09   6.9e-07   27.1   0.0   245   307   903   964   898   969 0.92 -
GCA_040114635.1|PVP01_1312900|PVP01_1312900.1|unknown -            854 7216at5820           -            365   2.8e-12   44.8   3.7   1   2   1.2e-10     2e-08   32.1   0.4    89   199   562   673   553   677 0.92 -
GCA_040114635.1|PVP01_1312900|PVP01_1312900.1|unknown -            854 7216at5820           -            365   2.8e-12   44.8   3.7   2   2   7.9e-05     0.013   13.0   0.2   244   307   678   737   674   748 0.87 -
GCA_040114635.1|PVP01_0411500|PVP01_0411500.1|unknown -            344 7216at5820           -            365   2.2e-10   38.6   2.0   1   3   0.00048     0.079   10.4   1.1   109   198    81   180    52   184 0.75 -
GCA_040114635.1|PVP01_0411500|PVP01_0411500.1|unknown -            344 7216at5820           -            365   2.2e-10   38.6   2.0   2   3   1.5e-07   2.5e-05   21.9   0.1   245   307   187   248   182   256 0.82 -
GCA_040114635.1|PVP01_0411500|PVP01_0411500.1|unknown -            344 7216at5820           -            365   2.2e-10   38.6   2.0   3   3     0.065        11    3.4   0.0   332   360   296   324   290   328 0.89 -
GCA_040114635.1|PVP01_0905700|PVP01_0905700.1|unknown -           1277 7216at5820           -            365     1e-09   36.4   7.6   1   1     9e-12   1.5e-09   35.8   7.6    84   201   283   401   255   417 0.73 -
GCA_040114635.1|PVP01_0827800|PVP01_0827800.1|unknown -            494 7216at5820           -            365   1.3e-09   36.0   5.2   1   3   9.3e-05     0.015   12.7   3.6   116   199   159   254   135   261 0.61 -
GCA_040114635.1|PVP01_0827800|PVP01_0827800.1|unknown -            494 7216at5820           -            365   1.3e-09   36.0   5.2   2   3   6.6e-05     0.011   13.2   0.0   245   314   261   329   255   336 0.72 -
GCA_040114635.1|PVP01_0827800|PVP01_0827800.1|unknown -            494 7216at5820           -            365   1.3e-09   36.0   5.2   3   3    0.0027      0.44    8.0   0.0   329   359   376   406   367   409 0.90 -
GCA_040114635.1|PVP01_1300900|PVP01_1300900.1|unknown -            296 7216at5820           -            365   1.3e-09   36.0   9.1   1   2   2.5e-10   4.1e-08   31.1   3.6   109   199    64   160    31   162 0.86 -
GCA_040114635.1|PVP01_1300900|PVP01_1300900.1|unknown -            296 7216at5820           -            365   1.3e-09   36.0   9.1   2   2    0.0025      0.41    8.0   0.3   244   351   164   273   160   285 0.71 -
GCA_040114635.1|PVP01_1217600|PVP01_1217600.1|unknown -            305 7216at5820           -            365   2.4e-09   35.1   7.4   1   3     2e-05    0.0033   14.9   7.3   113   199    53   151    22   156 0.69 -
GCA_040114635.1|PVP01_1217600|PVP01_1217600.1|unknown -            305 7216at5820           -            365   2.4e-09   35.1   7.4   2   3   4.1e-05    0.0067   13.9   0.0   245   313   157   221   152   230 0.77 -
GCA_040114635.1|PVP01_1217600|PVP01_1217600.1|unknown -            305 7216at5820           -            365   2.4e-09   35.1   7.4   3   3     0.097        16    2.8   0.0   331   359   266   294   227   298 0.80 -
GCA_040114635.1|PVP01_1115000|PVP01_1115000.1|unknown -            288 7216at5820           -            365   2.8e-09   34.9   3.3   1   3   5.9e-08   9.8e-06   23.3   1.8   116   199    49   133    30   138 0.83 -
GCA_040114635.1|PVP01_1115000|PVP01_1115000.1|unknown -            288 7216at5820           -            365   2.8e-09   34.9   3.3   2   3    0.0044      0.72    7.2   0.0   245   310   139   203   134   215 0.70 -
GCA_040114635.1|PVP01_1115000|PVP01_1115000.1|unknown -            288 7216at5820           -            365   2.8e-09   34.9   3.3   3   3      0.15        25    2.2   0.0   333   359   259   285   246   287 0.86 -
GCA_040114635.1|PVP01_0521800|PVP01_0521800.1|unknown -           1604 7216at5820           -            365   1.7e-08   32.3   0.9   1   3     1e-05    0.0017   15.9   0.6   163   199   885   921   877   924 0.89 -
GCA_040114635.1|PVP01_0521800|PVP01_0521800.1|unknown -           1604 7216at5820           -            365   1.7e-08   32.3   0.9   2   3      0.14        23    2.3   0.0   243   302   925   985   922   996 0.67 -
GCA_040114635.1|PVP01_0521800|PVP01_0521800.1|unknown -           1604 7216at5820           -            365   1.7e-08   32.3   0.9   3   3   0.00046     0.076   10.5   0.0   333   359  1063  1089  1052  1093 0.91 -
GCA_040114635.1|PVP01_0814500|PVP01_0814500.1|unknown -            325 7216at5820           -            365   3.4e-08   31.3  16.8   1   3   1.2e-05    0.0019   15.7  11.8    98   199    40   144    20   149 0.78 -
GCA_040114635.1|PVP01_0814500|PVP01_0814500.1|unknown -            325 7216at5820           -            365   3.4e-08   31.3  16.8   2   3   5.7e-06   0.00095   16.7   0.1   244   301   149   220   145   235 0.68 -
GCA_040114635.1|PVP01_0814500|PVP01_0814500.1|unknown -            325 7216at5820           -            365   3.4e-08   31.3  16.8   3   3       1.3   2.2e+02   -0.9   0.0   329   357   279   307   253   311 0.71 -
GCA_040114635.1|PVP01_1202200|PVP01_1202200.1|unknown -            423 7216at5820           -            365   3.7e-08   31.2   9.9   1   1   3.3e-10   5.5e-08   30.7   9.9    94   212    49   166     4   182 0.78 -
GCA_040114635.1|PVP01_0909200|PVP01_0909200.1|unknown -            335 7216at5820           -            365   4.7e-08   30.9   6.9   1   3   4.8e-09     8e-07   26.8   1.0   112   203    80   172    72   184 0.78 -
GCA_040114635.1|PVP01_0909200|PVP01_0909200.1|unknown -            335 7216at5820           -            365   4.7e-08   30.9   6.9   2   3       0.3        49    1.2   0.1   266   308   194   237   171   249 0.69 -
GCA_040114635.1|PVP01_0909200|PVP01_0909200.1|unknown -            335 7216at5820           -            365   4.7e-08   30.9   6.9   3   3     0.019       3.1    5.2   0.0   329   359   299   329   270   332 0.84 -
GCA_040114635.1|PVP01_1133600|PVP01_1133600.1|unknown -            801 7216at5820           -            365     8e-08   30.1   3.5   1   3   2.6e-08   4.3e-06   24.5   0.1   122   203   139   227    82   243 0.79 -
GCA_040114635.1|PVP01_1133600|PVP01_1133600.1|unknown -            801 7216at5820           -            365     8e-08   30.1   3.5   2   3     0.017       2.8    5.3   0.0   334   360   564   590   538   595 0.89 -
GCA_040114635.1|PVP01_1133600|PVP01_1133600.1|unknown -            801 7216at5820           -            365     8e-08   30.1   3.5   3   3         2   3.3e+02   -1.5   0.2   180   216   611   647   605   709 0.77 -
GCA_040114635.1|PVP01_0513200|PVP01_0513200.1|unknown -            800 7216at5820           -            365   5.1e-07   27.5   7.4   1   2     0.017       2.7    5.3   1.0   104   134    63    93     5   128 0.65 -
GCA_040114635.1|PVP01_0513200|PVP01_0513200.1|unknown -            800 7216at5820           -            365   5.1e-07   27.5   7.4   2   2   1.1e-08   1.9e-06   25.6   0.7   155   201   224   270   211   277 0.90 -
GCA_040114635.1|PVP01_0822900|PVP01_0822900.1|unknown -           1385 7216at5820           -            365   1.4e-06   26.0   2.8   1   5       2.5   4.1e+02   -1.8   0.3    64   117   195   248   188   270 0.79 -
GCA_040114635.1|PVP01_0822900|PVP01_0822900.1|unknown -           1385 7216at5820           -            365   1.4e-06   26.0   2.8   2   5         5   8.3e+02   -2.8   1.3   193   240   738   783   733   789 0.72 -
GCA_040114635.1|PVP01_0822900|PVP01_0822900.1|unknown -           1385 7216at5820           -            365   1.4e-06   26.0   2.8   3   5   3.3e-06   0.00055   17.5   0.1   144   202  1136  1194  1124  1204 0.85 -
GCA_040114635.1|PVP01_0822900|PVP01_0822900.1|unknown -           1385 7216at5820           -            365   1.4e-06   26.0   2.8   4   5   1.8e-06   0.00029   18.4   0.3   241   328  1205  1291  1195  1322 0.80 -
GCA_040114635.1|PVP01_0822900|PVP01_0822900.1|unknown -           1385 7216at5820           -            365   1.4e-06   26.0   2.8   5   5     0.056       9.3    3.6   0.0   316   361  1319  1365  1303  1369 0.81 -
GCA_040114635.1|PVP01_0104700|PVP01_0104700.1|unknown -           1250 7216at5820           -            365   6.3e-06   23.9  10.0   1   2   3.8e-08   6.3e-06   23.9  10.0    76   212   738   877   716   891 0.81 -
GCA_040114635.1|PVP01_0104700|PVP01_0104700.1|unknown -           1250 7216at5820           -            365   6.3e-06   23.9  10.0   2   2       3.5   5.7e+02   -2.3   0.1   269   307  1096  1133  1050  1156 0.79 -
GCA_040114635.1|PVP01_1416900|PVP01_1416900.1|unknown -            341 7216at5820           -            365   7.5e-06   23.6   5.4   1   2   2.9e-05    0.0048   14.4   1.5   112   199    66   168    58   178 0.68 -
GCA_040114635.1|PVP01_1416900|PVP01_1416900.1|unknown -            341 7216at5820           -            365   7.5e-06   23.6   5.4   2   2   0.00036      0.06   10.8   0.1   245   309   177   239   169   250 0.73 -
GCA_040114635.1|PVP01_0945900|PVP01_0945900.1|unknown -           2018 7216at5820           -            365   0.00057   17.5   0.8   1   3         8   1.3e+03   -3.5   0.1   271   297   105   131    46   137 0.60 -
GCA_040114635.1|PVP01_0945900|PVP01_0945900.1|unknown -           2018 7216at5820           -            365   0.00057   17.5   0.8   2   3     0.036       5.9    4.2   0.1   170   201   179   210   149   215 0.81 -
GCA_040114635.1|PVP01_0945900|PVP01_0945900.1|unknown -           2018 7216at5820           -            365   0.00057   17.5   0.8   3   3   0.00021     0.035   11.6   0.0   245   361   214   342   208   346 0.74 -
GCA_040114635.1|PVP01_0937400|PVP01_0937400.1|unknown -            323 7216at5820           -            365    0.0059   14.1   0.1   1   2   0.00015     0.025   12.1   0.0   164   200   101   137    73   148 0.79 -
GCA_040114635.1|PVP01_0937400|PVP01_0937400.1|unknown -            323 7216at5820           -            365    0.0059   14.1   0.1   2   2      0.84   1.4e+02   -0.3   0.0   244   309   144   215   138   239 0.59 -
GCA_040114635.1|PVP01_0207300|PVP01_0207300.1|unknown -           3304 7216at5820           -            365    0.0063   14.0   0.5   1   1   6.7e-05     0.011   13.2   0.5   143   201  3077  3135  3069  3153 0.80 -
GCA_040114635.1|PVP01_0724500|PVP01_0724500.1|unknown -           1167 7216at5820           -            365    0.0078   13.7   0.0   1   1   7.4e-05     0.012   13.1   0.0   262   325  1040  1106  1030  1111 0.79 -
#
# Program:         hmmsearch
# Version:         3.4 (Aug 2023)
# Pipeline mode:   SEARCH
# Query file:      /v3/work/00_inventory/busco/busco_downloads/lineages/plasmodium_odb10/hmms/7216at5820.hmm
# Target file:     /v3/inputs/annotations/ncbi-datasets/MHC087.proteins.fa
# Option settings: hmmsearch --domtblout /v3/work/00_inventory/busco/MHC087_proteins/run_plasmodium_odb10/hmmer_output/initial_run_results/7216at5820.out --cpu 1 /v3/work/00_inventory/busco/busco_downloads/lineages/plasmodium_odb10/hmms/7216at5820.hmm /v3/inputs/annotations/ncbi-datasets/MHC087.proteins.fa 
# Current dir:     /v3/work/00_inventory/busco
# Date:            Tue May 19 18:17:41 2026
# [ok]
