#                                                                                                             --- full sequence --- -------------- this domain -------------   hmm coord   ali coord   env coord
# target name                                         accession   tlen query name           accession   qlen   E-value  score  bias   #  of  c-Evalue  i-Evalue  score  bias  from    to  from    to  from    to  acc description of target
#                                 ------------------- ---------- ----- -------------------- ---------- ----- --------- ------ ----- --- --- --------- --------- ------ ----- ----- ----- ----- ----- ----- ----- ---- ---------------------
GCA_040114635.1|PVP01_1122400|PVP01_1122400.1|unknown -           1840 766at5820            -           1071  1.3e-199  664.1  65.2   1   3   2.4e-10   1.9e-07   27.9   7.3     4    80    16    96    11   102 0.73 -
GCA_040114635.1|PVP01_1122400|PVP01_1122400.1|unknown -           1840 766at5820            -           1071  1.3e-199  664.1  65.2   2   3    2e-173  1.6e-170  567.9  37.4     5   334   150   511   145   527 0.91 -
GCA_040114635.1|PVP01_1122400|PVP01_1122400.1|unknown -           1840 766at5820            -           1071  1.3e-199  664.1  65.2   3   3   4.7e-26   3.7e-23   79.9   4.3   325   378   580   633   556   654 0.84 -
GCA_040114635.1|PVP01_0810600|PVP01_0810600.1|unknown -            188 766at5820            -           1071   4.6e-11   39.9   0.4   1   1   7.6e-14     6e-11   39.5   0.4   846   928    62   143    18   173 0.77 -
GCA_040114635.1|PVP01_0607100|PVP01_0607100.1|unknown -           1913 766at5820            -           1071   6.2e-08   29.5   6.6   1   2   4.4e-09   3.4e-06   23.8   1.8   868   993  1075  1207  1064  1218 0.82 -
GCA_040114635.1|PVP01_0607100|PVP01_0607100.1|unknown -           1913 766at5820            -           1071   6.2e-08   29.5   6.6   2   2   0.00045      0.36    7.1   0.3   835   907  1219  1290  1210  1311 0.55 -
GCA_040114635.1|PVP01_1462900|PVP01_1462900.1|unknown -            309 766at5820            -           1071   7.4e-08   29.3  14.6   1   1   1.3e-10     1e-07   28.8  14.6   848   970    57   177    53   195 0.83 -
GCA_040114635.1|PVP01_0919600|PVP01_0919600.1|unknown -            366 766at5820            -           1071   7.5e-07   25.9   0.1   1   1   1.4e-09   1.1e-06   25.4   0.1   849   921   278   349   255   355 0.84 -
GCA_040114635.1|PVP01_0618800|PVP01_0618800.1|unknown -            482 766at5820            -           1071   1.4e-06   25.0   1.5   1   1   2.8e-09   2.2e-06   24.4   1.5   842   992    41   191     7   207 0.86 -
GCA_040114635.1|PVP01_1414800|PVP01_1414800.1|unknown -            400 766at5820            -           1071   1.5e-06   24.9  21.0   1   3      0.12        98   -0.9   0.4   880   933    25    79     3    89 0.54 -
GCA_040114635.1|PVP01_1414800|PVP01_1414800.1|unknown -            400 766at5820            -           1071   1.5e-06   24.9  21.0   2   3   5.1e-09     4e-06   23.5   8.4   870   953    85   167    52   174 0.91 -
GCA_040114635.1|PVP01_1414800|PVP01_1414800.1|unknown -            400 766at5820            -           1071   1.5e-06   24.9  21.0   3   3   0.00032      0.25    7.6   4.1   857   927   171   243   166   269 0.75 -
GCA_040114635.1|PVP01_0509200|PVP01_0509200.1|unknown -            185 766at5820            -           1071   4.5e-05   20.1   7.2   1   1   7.1e-08   5.6e-05   19.8   7.2   857   993    13   147     2   156 0.74 -
#
# Program:         hmmsearch
# Version:         3.4 (Aug 2023)
# Pipeline mode:   SEARCH
# Query file:      /v3/work/00_inventory/busco/busco_downloads/lineages/plasmodium_odb10/hmms/766at5820.hmm
# Target file:     /v3/inputs/annotations/ncbi-datasets/MHC087.proteins.fa
# Option settings: hmmsearch --domtblout /v3/work/00_inventory/busco/MHC087_proteins/run_plasmodium_odb10/hmmer_output/initial_run_results/766at5820.out --cpu 1 /v3/work/00_inventory/busco/busco_downloads/lineages/plasmodium_odb10/hmms/766at5820.hmm /v3/inputs/annotations/ncbi-datasets/MHC087.proteins.fa 
# Current dir:     /v3/work/00_inventory/busco
# Date:            Tue May 19 18:19:30 2026
# [ok]
