#                                                                                                             --- full sequence --- -------------- this domain -------------   hmm coord   ali coord   env coord
# target name                                         accession   tlen query name           accession   qlen   E-value  score  bias   #  of  c-Evalue  i-Evalue  score  bias  from    to  from    to  from    to  acc description of target
#                                 ------------------- ---------- ----- -------------------- ---------- ----- --------- ------ ----- --- --- --------- --------- ------ ----- ----- ----- ----- ----- ----- ----- ---- ---------------------
GCA_040114635.1|PVP01_0717500|PVP01_0717500.1|unknown -            378 7896at5820           -            322  1.9e-198  656.8  25.6   1   2  2.9e-176  8.7e-174  575.7  12.1     1   295     1   304     1   309 0.97 -
GCA_040114635.1|PVP01_0717500|PVP01_0717500.1|unknown -            378 7896at5820           -            322  1.9e-198  656.8  25.6   2   2   9.5e-28   2.8e-25   87.7   5.4   263   322   311   378   305   378 0.88 -
GCA_040114635.1|PVP01_1335000|PVP01_1335000.1|unknown -            381 7896at5820           -            322     1e-27   95.7   9.5   1   1   4.3e-30   1.3e-27   95.4   9.5     5   209     5   221     1   254 0.82 -
GCA_040114635.1|PVP01_0909500|PVP01_0909500.1|unknown -            549 7896at5820           -            322   6.2e-15   53.7   0.5   1   2   2.1e-17   6.2e-15   53.7   0.5    18   118     3   100     1   105 0.88 -
GCA_040114635.1|PVP01_0909500|PVP01_0909500.1|unknown -            549 7896at5820           -            322   6.2e-15   53.7   0.5   2   2         2     6e+02   -2.1   4.5   149   308   281   438   277   442 0.59 -
GCA_040114635.1|PVP01_0114000|PVP01_0114000.1|unknown -            891 7896at5820           -            322   1.2e-12   46.2   0.2   1   1     6e-15   1.8e-12   45.6   0.2    53   116   333   399   324   441 0.84 -
GCA_040114635.1|PVP01_1311600|PVP01_1311600.1|unknown -            421 7896at5820           -            322   6.1e-12   43.9   0.7   1   2   4.4e-14   1.3e-11   42.8   0.2    50   122    24    97    19   110 0.87 -
GCA_040114635.1|PVP01_1311600|PVP01_1311600.1|unknown -            421 7896at5820           -            322   6.1e-12   43.9   0.7   2   2       1.8   5.5e+02   -2.0   0.0   245   277   111   144   104   149 0.72 -
GCA_040114635.1|PVP01_1419700|PVP01_1419700.1|unknown -            720 7896at5820           -            322   2.5e-11   41.9   0.1   1   1   1.7e-13   5.1e-11   40.8   0.1    43   159   119   240    93   255 0.67 -
GCA_040114635.1|PVP01_1010500|PVP01_1010500.1|unknown -            529 7896at5820           -            322   1.3e-10   39.5   1.5   1   2   4.3e-13   1.3e-10   39.5   1.5    47   117   185   257   166   292 0.89 -
GCA_040114635.1|PVP01_1010500|PVP01_1010500.1|unknown -            529 7896at5820           -            322   1.3e-10   39.5   1.5   2   2       2.5   7.5e+02   -2.4   0.7   245   289   475   518   448   526 0.68 -
GCA_040114635.1|PVP01_0802600|PVP01_0802600.1|unknown -           1889 7896at5820           -            322   1.4e-10   39.4   0.2   1   1   9.1e-13   2.7e-10   38.4   0.2    53   116  1037  1099  1026  1119 0.91 -
GCA_040114635.1|PVP01_1120300|PVP01_1120300.1|unknown -            380 7896at5820           -            322     5e-10   37.6   1.3   1   1   2.9e-12   8.6e-10   36.8   1.3    48   125    41   120    12   124 0.78 -
GCA_040114635.1|PVP01_1224200|PVP01_1224200.1|unknown -            334 7896at5820           -            322   9.6e-10   36.7   1.8   1   2   3.3e-12   9.8e-10   36.6   0.1    47   112    37   106    32   125 0.84 -
GCA_040114635.1|PVP01_1224200|PVP01_1224200.1|unknown -            334 7896at5820           -            322   9.6e-10   36.7   1.8   2   2       1.7     5e+02   -1.8   0.2   232   259   213   240   204   262 0.75 -
GCA_040114635.1|PVP01_1310600|PVP01_1310600.1|unknown -            245 7896at5820           -            322   1.4e-09   36.1   0.8   1   1   6.2e-12   1.9e-09   35.7   0.8    50   125     3    82     1   105 0.88 -
GCA_040114635.1|PVP01_0411800|PVP01_0411800.1|unknown -            328 7896at5820           -            322   2.1e-09   35.5   0.1   1   1   1.1e-11   3.4e-09   34.8   0.1    53   116     4    73     2    81 0.87 -
GCA_040114635.1|PVP01_1115200|PVP01_1115200.1|unknown -            201 7896at5820           -            322   4.1e-09   34.6   2.1   1   1   2.6e-11   7.8e-09   33.7   2.1    53   112     2    65     1    82 0.80 -
GCA_040114635.1|PVP01_1271300|PVP01_1271300.1|unknown -            406 7896at5820           -            322   7.1e-09   33.8   0.1   1   1     4e-11   1.2e-08   33.0   0.1    45   116    74   151    71   163 0.83 -
GCA_040114635.1|PVP01_0937700|PVP01_0937700.1|unknown -            381 7896at5820           -            322   1.9e-08   32.4   0.9   1   2   6.5e-11   1.9e-08   32.4   0.9    51   113   110   174   103   190 0.90 -
GCA_040114635.1|PVP01_0937700|PVP01_0937700.1|unknown -            381 7896at5820           -            322   1.9e-08   32.4   0.9   2   2      0.39   1.2e+02    0.2   1.4   106   161   220   278   184   302 0.74 -
GCA_040114635.1|PVP01_0308700|PVP01_0308700.1|unknown -            649 7896at5820           -            322   1.1e-07   29.9   0.1   1   1   5.3e-10   1.6e-07   29.4   0.1    49   116    75   144    68   155 0.88 -
GCA_040114635.1|PVP01_0217000|PVP01_0217000.1|unknown -            420 7896at5820           -            322   7.4e-07   27.2   0.3   1   1   4.6e-09   1.4e-06   26.3   0.3    51   115    83   153    78   165 0.84 -
GCA_040114635.1|PVP01_0805300|PVP01_0805300.1|unknown -            767 7896at5820           -            322   1.5e-06   26.2   0.2   1   2   4.9e-09   1.5e-06   26.2   0.2    52   113     7    76     3    82 0.83 -
GCA_040114635.1|PVP01_0805300|PVP01_0805300.1|unknown -            767 7896at5820           -            322   1.5e-06   26.2   0.2   2   2         3   9.1e+02   -2.7   2.1   250   298   230   280   220   282 0.75 -
GCA_040114635.1|PVP01_1233600|PVP01_1233600.1|unknown -            339 7896at5820           -            322   2.1e-05   22.4   1.3   1   3   0.00019     0.056   11.1   0.0    54    86     9    41     4    50 0.90 -
GCA_040114635.1|PVP01_1233600|PVP01_1233600.1|unknown -            339 7896at5820           -            322   2.1e-05   22.4   1.3   2   3   0.00047      0.14    9.8   0.0    88   115   115   142   102   154 0.87 -
GCA_040114635.1|PVP01_1233600|PVP01_1233600.1|unknown -            339 7896at5820           -            322   2.1e-05   22.4   1.3   3   3       6.3   1.9e+03   -3.7   0.2   240   256   242   258   232   305 0.60 -
GCA_040114635.1|PVP01_1128800|PVP01_1128800.1|unknown -            358 7896at5820           -            322    0.0013   16.5   0.9   1   1   8.4e-06    0.0025   15.6   0.9    52   117    70   137    55   147 0.86 -
GCA_040114635.1|PVP01_0534200|PVP01_0534200.1|unknown -            203 7896at5820           -            322    0.0095   13.7   3.2   1   1   4.2e-05     0.013   13.3   3.2   218   301    55   138    42   143 0.71 -
#
# Program:         hmmsearch
# Version:         3.4 (Aug 2023)
# Pipeline mode:   SEARCH
# Query file:      /v3/work/00_inventory/busco/busco_downloads/lineages/plasmodium_odb10/hmms/7896at5820.hmm
# Target file:     /v3/inputs/annotations/ncbi-datasets/MHC087.proteins.fa
# Option settings: hmmsearch --domtblout /v3/work/00_inventory/busco/MHC087_proteins/run_plasmodium_odb10/hmmer_output/initial_run_results/7896at5820.out --cpu 1 /v3/work/00_inventory/busco/busco_downloads/lineages/plasmodium_odb10/hmms/7896at5820.hmm /v3/inputs/annotations/ncbi-datasets/MHC087.proteins.fa 
# Current dir:     /v3/work/00_inventory/busco
# Date:            Tue May 19 18:20:21 2026
# [ok]
