#                                                                                                             --- full sequence --- -------------- this domain -------------   hmm coord   ali coord   env coord
# target name                                         accession   tlen query name           accession   qlen   E-value  score  bias   #  of  c-Evalue  i-Evalue  score  bias  from    to  from    to  from    to  acc description of target
#                                 ------------------- ---------- ----- -------------------- ---------- ----- --------- ------ ----- --- --- --------- --------- ------ ----- ----- ----- ----- ----- ----- ----- ---- ---------------------
GCA_040114635.1|PVP01_0527400|PVP01_0527400.1|unknown -           4406 83at5820             -           2879  1.2e-281  936.3  73.4   1   9   2.3e-89   1.4e-85  285.8   7.9     2   170     6   176     5   180 0.97 -
GCA_040114635.1|PVP01_0527400|PVP01_0527400.1|unknown -           4406 83at5820             -           2879  1.2e-281  936.3  73.4   2   9   4.3e-82   2.7e-78  261.6   0.8   164   376   209   444   202   450 0.91 -
GCA_040114635.1|PVP01_0527400|PVP01_0527400.1|unknown -           4406 83at5820             -           2879  1.2e-281  936.3  73.4   3   9   9.6e-58     6e-54  180.9   0.3   375   488   500   613   496   617 0.98 -
GCA_040114635.1|PVP01_0527400|PVP01_0527400.1|unknown -           4406 83at5820             -           2879  1.2e-281  936.3  73.4   4   9   4.6e-37   2.9e-33  112.2  19.4   488   591   648   778   644   785 0.83 -
GCA_040114635.1|PVP01_0527400|PVP01_0527400.1|unknown -           4406 83at5820             -           2879  1.2e-281  936.3  73.4   5   9   8.8e-07    0.0055   11.8   0.1   589   627   811   856   801   859 0.85 -
GCA_040114635.1|PVP01_0527400|PVP01_0527400.1|unknown -           4406 83at5820             -           2879  1.2e-281  936.3  73.4   6   9     6e-06     0.038    9.0   0.0   983  1010  1355  1382  1350  1385 0.88 -
GCA_040114635.1|PVP01_0527400|PVP01_0527400.1|unknown -           4406 83at5820             -           2879  1.2e-281  936.3  73.4   7   9   9.1e-09   5.7e-05   18.4   1.0  1434  1466  2122  2156  2116  2158 0.81 -
GCA_040114635.1|PVP01_0527400|PVP01_0527400.1|unknown -           4406 83at5820             -           2879  1.2e-281  936.3  73.4   8   9   1.3e-18   8.3e-15   51.0   2.4  2516  2566  3749  3805  3744  3808 0.83 -
GCA_040114635.1|PVP01_0527400|PVP01_0527400.1|unknown -           4406 83at5820             -           2879  1.2e-281  936.3  73.4   9   9   8.3e-13   5.2e-09   31.8   0.0  2585  2621  4019  4055  4013  4059 0.90 -
#
# Program:         hmmsearch
# Version:         3.4 (Aug 2023)
# Pipeline mode:   SEARCH
# Query file:      /v3/work/00_inventory/busco/busco_downloads/lineages/plasmodium_odb10/hmms/83at5820.hmm
# Target file:     /v3/inputs/annotations/ncbi-datasets/MHC087.proteins.fa
# Option settings: hmmsearch --domtblout /v3/work/00_inventory/busco/MHC087_proteins/run_plasmodium_odb10/hmmer_output/initial_run_results/83at5820.out --cpu 1 /v3/work/00_inventory/busco/busco_downloads/lineages/plasmodium_odb10/hmms/83at5820.hmm /v3/inputs/annotations/ncbi-datasets/MHC087.proteins.fa 
# Current dir:     /v3/work/00_inventory/busco
# Date:            Tue May 19 18:18:51 2026
# [ok]
