#                                                                                                             --- full sequence --- -------------- this domain -------------   hmm coord   ali coord   env coord
# target name                                         accession   tlen query name           accession   qlen   E-value  score  bias   #  of  c-Evalue  i-Evalue  score  bias  from    to  from    to  from    to  acc description of target
#                                 ------------------- ---------- ----- -------------------- ---------- ----- --------- ------ ----- --- --- --------- --------- ------ ----- ----- ----- ----- ----- ----- ----- ---- ---------------------
GCA_040114635.1|PVP01_1335000|PVP01_1335000.1|unknown -            381 8409at5820           -            316    9e-184  608.7  15.5   1   1  4.2e-186  1.1e-183  608.5  15.5     1   316     8   349     8   349 0.96 -
GCA_040114635.1|PVP01_0717500|PVP01_0717500.1|unknown -            378 8409at5820           -            316   1.2e-31  109.0   9.9   1   1   7.4e-34   1.9e-31  108.3   9.9     2   228     9   233     8   286 0.84 -
GCA_040114635.1|PVP01_1120300|PVP01_1120300.1|unknown -            380 8409at5820           -            316   3.8e-19   67.9   2.6   1   1   2.8e-21   7.1e-19   67.0   2.6    45   116    43   114    22   123 0.91 -
GCA_040114635.1|PVP01_1224200|PVP01_1224200.1|unknown -            334 8409at5820           -            316   4.5e-15   54.5   0.4   1   1   3.2e-17   7.9e-15   53.7   0.4    46   110    41   107    33   120 0.88 -
GCA_040114635.1|PVP01_1010500|PVP01_1010500.1|unknown -            529 8409at5820           -            316   1.1e-13   50.0   2.0   1   2   4.3e-16   1.1e-13   50.0   2.0    42   115   185   258   180   276 0.88 -
GCA_040114635.1|PVP01_1010500|PVP01_1010500.1|unknown -            529 8409at5820           -            316   1.1e-13   50.0   2.0   2   2       1.3   3.3e+02   -0.9   1.8   207   271   446   516   431   528 0.63 -
GCA_040114635.1|PVP01_0411800|PVP01_0411800.1|unknown -            328 8409at5820           -            316   2.5e-13   48.8   0.2   1   1   1.4e-15   3.5e-13   48.3   0.2    47   113     3    73     1    85 0.89 -
GCA_040114635.1|PVP01_1311600|PVP01_1311600.1|unknown -            421 8409at5820           -            316   3.2e-13   48.4   0.9   1   1   2.3e-15   5.8e-13   47.6   0.9    45   113    24    89    16    98 0.91 -
GCA_040114635.1|PVP01_0308700|PVP01_0308700.1|unknown -            649 8409at5820           -            316   4.6e-13   47.9   0.1   1   1   2.8e-15   7.1e-13   47.3   0.1    45   114    76   145    69   151 0.93 -
GCA_040114635.1|PVP01_1310600|PVP01_1310600.1|unknown -            245 8409at5820           -            316   5.3e-13   47.7   0.8   1   1     3e-15   7.6e-13   47.2   0.8    47   113     5    73     2    94 0.91 -
GCA_040114635.1|PVP01_1271300|PVP01_1271300.1|unknown -            406 8409at5820           -            316   3.9e-12   44.9   0.2   1   1   2.3e-14   5.8e-12   44.3   0.2    44   113    78   151    69   189 0.87 -
GCA_040114635.1|PVP01_0937700|PVP01_0937700.1|unknown -            381 8409at5820           -            316   5.3e-11   41.2   2.2   1   2   2.1e-13   5.3e-11   41.2   2.2    46   117   110   181   103   209 0.91 -
GCA_040114635.1|PVP01_0937700|PVP01_0937700.1|unknown -            381 8409at5820           -            316   5.3e-11   41.2   2.2   2   2       3.6     9e+02   -2.3   0.3    40    40   269   269   241   351 0.60 -
GCA_040114635.1|PVP01_0217000|PVP01_0217000.1|unknown -            420 8409at5820           -            316   1.1e-10   40.1   0.4   1   1   7.1e-13   1.8e-10   39.4   0.4    47   112    84   153    77   164 0.89 -
GCA_040114635.1|PVP01_0114000|PVP01_0114000.1|unknown -            891 8409at5820           -            316   1.1e-10   40.0   0.2   1   1   8.2e-13   2.1e-10   39.2   0.2    47   115   332   401   329   411 0.89 -
GCA_040114635.1|PVP01_1419700|PVP01_1419700.1|unknown -            720 8409at5820           -            316     3e-10   38.7   0.1   1   1   2.2e-12   5.5e-10   37.8   0.1    40   119   119   201    87   247 0.76 -
GCA_040114635.1|PVP01_0909500|PVP01_0909500.1|unknown -            549 8409at5820           -            316   6.1e-10   37.7   0.8   1   2   2.4e-12   6.1e-10   37.7   0.8    32   113    18    97     2   104 0.81 -
GCA_040114635.1|PVP01_0909500|PVP01_0909500.1|unknown -            549 8409at5820           -            316   6.1e-10   37.7   0.8   2   2       3.3   8.3e+02   -2.2   0.1   171   189   222   240   187   288 0.67 -
GCA_040114635.1|PVP01_1115200|PVP01_1115200.1|unknown -            201 8409at5820           -            316   9.3e-10   37.1   1.1   1   2   3.7e-12   9.3e-10   37.1   1.1    48   104     2    58     1    77 0.86 -
GCA_040114635.1|PVP01_1115200|PVP01_1115200.1|unknown -            201 8409at5820           -            316   9.3e-10   37.1   1.1   2   2       1.9   4.8e+02   -1.4   5.5    86   144    98   158    67   176 0.66 -
GCA_040114635.1|PVP01_0805300|PVP01_0805300.1|unknown -            767 8409at5820           -            316   3.4e-09   35.2   1.2   1   1   3.1e-11   7.8e-09   34.0   1.2    47   110     7    76     2    83 0.84 -
GCA_040114635.1|PVP01_0802600|PVP01_0802600.1|unknown -           1889 8409at5820           -            316   3.6e-09   35.1   0.7   1   1     3e-11   7.6e-09   34.1   0.7    46   113  1035  1099  1026  1111 0.92 -
GCA_040114635.1|PVP01_1233600|PVP01_1233600.1|unknown -            339 8409at5820           -            316   1.8e-06   26.2   9.3   1   3   5.8e-06    0.0015   16.7   0.0    47    81     7    41     2    73 0.84 -
GCA_040114635.1|PVP01_1233600|PVP01_1233600.1|unknown -            339 8409at5820           -            316   1.8e-06   26.2   9.3   2   3   9.8e-05     0.025   12.7   1.9    86   175   116   204   104   231 0.66 -
GCA_040114635.1|PVP01_1233600|PVP01_1233600.1|unknown -            339 8409at5820           -            316   1.8e-06   26.2   9.3   3   3      0.79     2e+02   -0.2   1.1   221   299   224   306   211   310 0.65 -
GCA_040114635.1|PVP01_1408100|PVP01_1408100.1|unknown -            337 8409at5820           -            316   3.9e-06   25.1   2.7   1   1   1.6e-08   3.9e-06   25.1   2.7    44   119   112   187   105   197 0.88 -
GCA_040114635.1|PVP01_1128800|PVP01_1128800.1|unknown -            358 8409at5820           -            316   9.9e-06   23.8   2.2   1   1     7e-08   1.8e-05   23.0   2.2    44   119    67   143    52   159 0.86 -
GCA_040114635.1|PVP01_0718500|PVP01_0718500.1|unknown -            263 8409at5820           -            316    0.0004   18.5   1.5   1   2      0.46   1.2e+02    0.6   0.0   144   195    61   111    57   118 0.83 -
GCA_040114635.1|PVP01_0718500|PVP01_0718500.1|unknown -            263 8409at5820           -            316    0.0004   18.5   1.5   2   2   7.5e-06    0.0019   16.3   1.0    59   108   121   174   107   200 0.84 -
GCA_040114635.1|PVP01_1435700|PVP01_1435700.1|unknown -           1079 8409at5820           -            316   0.00075   17.6   0.3   1   2     3e-06   0.00075   17.6   0.3    45    91   171   217   164   233 0.87 -
GCA_040114635.1|PVP01_1435700|PVP01_1435700.1|unknown -           1079 8409at5820           -            316   0.00075   17.6   0.3   2   2      0.25        63    1.5   1.1    63   111   248   296   232   305 0.83 -
GCA_040114635.1|PVP01_1032200|PVP01_1032200.1|unknown -            177 8409at5820           -            316    0.0034   15.5   0.0   1   1   1.8e-05    0.0045   15.1   0.0    46    83     6    43     2    56 0.88 -
GCA_040114635.1|PVP01_0320100|PVP01_0320100.1|unknown -            115 8409at5820           -            316     0.015   13.3   0.0   1   1   7.6e-05     0.019   13.0   0.0    40    88    57   105    44   114 0.79 -
#
# Program:         hmmsearch
# Version:         3.4 (Aug 2023)
# Pipeline mode:   SEARCH
# Query file:      /v3/work/00_inventory/busco/busco_downloads/lineages/plasmodium_odb10/hmms/8409at5820.hmm
# Target file:     /v3/inputs/annotations/ncbi-datasets/MHC087.proteins.fa
# Option settings: hmmsearch --domtblout /v3/work/00_inventory/busco/MHC087_proteins/run_plasmodium_odb10/hmmer_output/initial_run_results/8409at5820.out --cpu 1 /v3/work/00_inventory/busco/busco_downloads/lineages/plasmodium_odb10/hmms/8409at5820.hmm /v3/inputs/annotations/ncbi-datasets/MHC087.proteins.fa 
# Current dir:     /v3/work/00_inventory/busco
# Date:            Tue May 19 18:18:53 2026
# [ok]
