#                                                                                                             --- full sequence --- -------------- this domain -------------   hmm coord   ali coord   env coord
# target name                                         accession   tlen query name           accession   qlen   E-value  score  bias   #  of  c-Evalue  i-Evalue  score  bias  from    to  from    to  from    to  acc description of target
#                                 ------------------- ---------- ----- -------------------- ---------- ----- --------- ------ ----- --- --- --------- --------- ------ ----- ----- ----- ----- ----- ----- ----- ---- ---------------------
GCA_040114635.1|PVP01_0814500|PVP01_0814500.1|unknown -            325 8595at5820           -            294    1e-187  621.0  19.7   1   1  1.9e-189  3.3e-187  619.4  19.7     1   294     5   320     5   320 0.97 -
GCA_040114635.1|PVP01_1115000|PVP01_1115000.1|unknown -            288 8595at5820           -            294   3.2e-69  232.0   0.0   1   1   2.2e-71   3.8e-69  231.8   0.0    12   283    10   285     2   288 0.91 -
GCA_040114635.1|PVP01_1317900|PVP01_1317900.1|unknown -            706 8595at5820           -            294   4.8e-50  169.1   3.4   1   1   4.1e-52   7.2e-50  168.5   3.4    12   282    26   309    17   318 0.87 -
GCA_040114635.1|PVP01_1217600|PVP01_1217600.1|unknown -            305 8595at5820           -            294   1.4e-44  151.1   6.7   1   1   1.7e-46     3e-44  150.1   6.7    11   282    14   293     4   302 0.83 -
GCA_040114635.1|PVP01_0521800|PVP01_0521800.1|unknown -           1604 8595at5820           -            294   1.7e-39  134.5   0.1   1   1     2e-41   3.5e-39  133.4   0.1   100   292   882  1098   876  1100 0.84 -
GCA_040114635.1|PVP01_0827800|PVP01_0827800.1|unknown -            494 8595at5820           -            294   6.9e-32  109.5   3.3   1   1   1.4e-33   2.5e-31  107.7   3.3     9   243   122   355   114   414 0.72 -
GCA_040114635.1|PVP01_0407500|PVP01_0407500.1|unknown -            526 8595at5820           -            294   9.1e-27   92.7  12.3   1   2   2.3e-28   4.1e-26   90.5   7.8     7   220    57   281    53   293 0.84 -
GCA_040114635.1|PVP01_0407500|PVP01_0407500.1|unknown -            526 8595at5820           -            294   9.1e-27   92.7  12.3   2   2     0.047       8.2    4.2   0.2   247   284   294   329   282   337 0.70 -
GCA_040114635.1|PVP01_1416900|PVP01_1416900.1|unknown -            341 8595at5820           -            294   1.1e-26   92.4   2.6   1   1   1.8e-28   3.1e-26   90.9   2.6    10   217    34   247    26   264 0.76 -
GCA_040114635.1|PVP01_0909200|PVP01_0909200.1|unknown -            335 8595at5820           -            294   2.7e-26   91.1   9.5   1   1   9.6e-28   1.7e-25   88.5   9.5    11   283    48   329    39   332 0.79 -
GCA_040114635.1|PVP01_0313300|PVP01_0313300.1|unknown -            529 8595at5820           -            294   4.5e-26   90.4  10.2   1   1   2.2e-27   3.9e-25   87.3  10.2    10   220    75   283    68   345 0.87 -
GCA_040114635.1|PVP01_0830100|PVP01_0830100.1|unknown -            603 8595at5820           -            294   1.5e-25   88.7   0.9   1   1   6.8e-27   1.2e-24   85.7   0.9     8   222   161   370   155   424 0.86 -
GCA_040114635.1|PVP01_1252700|PVP01_1252700.1|unknown -            860 8595at5820           -            294   3.8e-23   80.8   7.1   1   1   3.8e-25   6.6e-23   80.0   7.1    11   209   486   681   478   694 0.84 -
GCA_040114635.1|PVP01_1133600|PVP01_1133600.1|unknown -            801 8595at5820           -            294   1.4e-22   78.9  11.2   1   5       4.3   7.5e+02   -2.2   0.1    12    23    26    37    22    82 0.82 -
GCA_040114635.1|PVP01_1133600|PVP01_1133600.1|unknown -            801 8595at5820           -            294   1.4e-22   78.9  11.2   2   5     0.036       6.3    4.6   0.2    44    81    84   122    47   138 0.77 -
GCA_040114635.1|PVP01_1133600|PVP01_1133600.1|unknown -            801 8595at5820           -            294   1.4e-22   78.9  11.2   3   5   5.3e-12   9.3e-10   36.8   0.1    71   181   147   267   136   273 0.80 -
GCA_040114635.1|PVP01_1133600|PVP01_1133600.1|unknown -            801 8595at5820           -            294   1.4e-22   78.9  11.2   4   5   1.2e-13   2.1e-11   42.3   0.1   184   283   474   589   467   595 0.81 -
GCA_040114635.1|PVP01_1133600|PVP01_1133600.1|unknown -            801 8595at5820           -            294   1.4e-22   78.9  11.2   5   5       2.7   4.8e+02   -1.6   0.0    53    73   688   708   675   720 0.76 -
GCA_040114635.1|PVP01_0822900|PVP01_0822900.1|unknown -           1385 8595at5820           -            294   2.3e-22   78.2  11.8   1   2    0.0066       1.2    7.0   0.4    11    80   803   872   795   880 0.78 -
GCA_040114635.1|PVP01_0822900|PVP01_0822900.1|unknown -           1385 8595at5820           -            294   2.3e-22   78.2  11.8   2   2   6.8e-23   1.2e-20   72.6   5.7    49   283  1089  1363  1050  1370 0.72 -
GCA_040114635.1|PVP01_0314900|PVP01_0314900.1|unknown -            310 8595at5820           -            294   6.6e-18   63.6   3.3   1   1   4.7e-20   8.2e-18   63.3   3.3    35   220    29   216     5   282 0.78 -
GCA_040114635.1|PVP01_1416000|PVP01_1416000.1|unknown -            368 8595at5820           -            294   1.5e-17   62.4   7.9   1   2   8.7e-20   1.5e-17   62.4   7.9     6   198   109   299   104   314 0.86 -
GCA_040114635.1|PVP01_1416000|PVP01_1416000.1|unknown -            368 8595at5820           -            294   1.5e-17   62.4   7.9   2   2         2   3.4e+02   -1.1   0.0    88   117   329   357   315   362 0.68 -
GCA_040114635.1|PVP01_0923400|PVP01_0923400.1|unknown -           1606 8595at5820           -            294   1.7e-14   52.4   7.2   1   1   1.7e-16     3e-14   51.6   7.2    52   211  1205  1365  1196  1377 0.86 -
GCA_040114635.1|PVP01_1446500|PVP01_1446500.1|unknown -           1003 8595at5820           -            294   3.3e-14   51.4   2.7   1   1   1.2e-15     2e-13   48.9   2.7    55   217    59   252    53   257 0.76 -
GCA_040114635.1|PVP01_1325400|PVP01_1325400.1|unknown -            284 8595at5820           -            294   3.5e-14   51.4  13.7   1   1   5.4e-16   9.5e-14   50.0  13.7    10   217    26   230    18   282 0.86 -
GCA_040114635.1|PVP01_0922500|PVP01_0922500.1|unknown -            561 8595at5820           -            294   2.3e-13   48.7   9.5   1   2   2.9e-14   5.1e-12   44.3   5.9    33   154    60   185    35   191 0.79 -
GCA_040114635.1|PVP01_0922500|PVP01_0922500.1|unknown -            561 8595at5820           -            294   2.3e-13   48.7   9.5   2   2     0.021       3.7    5.3   0.1   153   213   332   391   274   400 0.67 -
GCA_040114635.1|PVP01_1300900|PVP01_1300900.1|unknown -            296 8595at5820           -            294   4.7e-13   47.7   5.9   1   1   4.2e-15   7.3e-13   47.0   5.8    56   210    70   222    52   271 0.82 -
GCA_040114635.1|PVP01_1312900|PVP01_1312900.1|unknown -            854 8595at5820           -            294   3.6e-12   44.8   0.0   1   1   6.7e-14   1.2e-11   43.1   0.0    67   217   599   745   545   756 0.72 -
GCA_040114635.1|PVP01_1143600|PVP01_1143600.1|unknown -            354 8595at5820           -            294   6.4e-12   43.9   0.1   1   1   6.3e-14   1.1e-11   43.2   0.1    10   282    36   307    31   320 0.72 -
GCA_040114635.1|PVP01_1257000|PVP01_1257000.1|unknown -            377 8595at5820           -            294   2.3e-11   42.1  11.1   1   1   2.1e-13   3.7e-11   41.5  11.1    10   215    46   256    36   267 0.76 -
GCA_040114635.1|PVP01_1464000|PVP01_1464000.1|unknown -            748 8595at5820           -            294   3.5e-10   38.2   0.3   1   2       5.2   9.1e+02   -2.5   0.1   229   255   353   379   349   392 0.78 -
GCA_040114635.1|PVP01_1464000|PVP01_1464000.1|unknown -            748 8595at5820           -            294   3.5e-10   38.2   0.3   2   2     2e-12   3.5e-10   38.2   0.3    11   204   427   616   420   627 0.76 -
GCA_040114635.1|PVP01_1265700|PVP01_1265700.1|unknown -           2424 8595at5820           -            294   7.1e-10   37.2   4.5   1   2   1.4e-11   2.5e-09   35.4   3.1    12   216   125   347   116   359 0.74 -
GCA_040114635.1|PVP01_1265700|PVP01_1265700.1|unknown -           2424 8595at5820           -            294   7.1e-10   37.2   4.5   2   2      0.65   1.1e+02    0.5   0.1    20    44   348   372   341   377 0.85 -
GCA_040114635.1|PVP01_0411500|PVP01_0411500.1|unknown -            344 8595at5820           -            294   8.6e-10   37.0   0.0   1   1   7.6e-12   1.3e-09   36.3   0.0    56   281    87   321    56   331 0.70 -
GCA_040114635.1|PVP01_0413200|PVP01_0413200.1|unknown -           1029 8595at5820           -            294   8.8e-10   36.9   0.9   1   1   9.7e-12   1.7e-09   36.0   0.9     8   204   760   960   754   969 0.73 -
GCA_040114635.1|PVP01_1424400|PVP01_1424400.1|unknown -            517 8595at5820           -            294   2.2e-09   35.6   8.2   1   3       7.3   1.3e+03   -3.0   0.1    90   144    48   102    33   113 0.57 -
GCA_040114635.1|PVP01_1424400|PVP01_1424400.1|unknown -            517 8595at5820           -            294   2.2e-09   35.6   8.2   2   3   2.4e-06   0.00043   18.3   2.9    56   140   259   344   243   358 0.87 -
GCA_040114635.1|PVP01_1424400|PVP01_1424400.1|unknown -            517 8595at5820           -            294   2.2e-09   35.6   8.2   3   3     8e-07   0.00014   19.9   0.0   142   202   394   453   372   481 0.88 -
GCA_040114635.1|PVP01_0104700|PVP01_0104700.1|unknown -           1250 8595at5820           -            294   2.3e-09   35.5  11.1   1   1   2.8e-11   4.9e-09   34.5  11.1    10   154   736   879   728   892 0.84 -
GCA_040114635.1|PVP01_0207300|PVP01_0207300.1|unknown -           3304 8595at5820           -            294   2.7e-08   32.0   0.6   1   1   2.4e-10   4.1e-08   31.4   0.6    87   158  3080  3152  3064  3162 0.82 -
GCA_040114635.1|PVP01_0937400|PVP01_0937400.1|unknown -            323 8595at5820           -            294   2.1e-07   29.1   3.5   1   2     2e-08   3.5e-06   25.1   2.5    12   157    15   157     6   181 0.71 -
GCA_040114635.1|PVP01_0937400|PVP01_0937400.1|unknown -            323 8595at5820           -            294   2.1e-07   29.1   3.5   2   2         7   1.2e+03   -2.9   0.0   192   217   288   313   283   315 0.84 -
GCA_040114635.1|PVP01_0905700|PVP01_0905700.1|unknown -           1277 8595at5820           -            294   4.5e-07   28.0  12.0   1   1   4.7e-09   8.2e-07   27.2  12.0    26   144   285   405   280   416 0.83 -
GCA_040114635.1|PVP01_0513200|PVP01_0513200.1|unknown -            800 8595at5820           -            294   6.7e-06   24.2   5.6   1   2    0.0014      0.24    9.2   0.8    11    96    40   119    33   131 0.75 -
GCA_040114635.1|PVP01_0513200|PVP01_0513200.1|unknown -            800 8595at5820           -            294   6.7e-06   24.2   5.6   2   2   8.4e-06    0.0015   16.5   0.3    93   144   222   275   200   281 0.90 -
GCA_040114635.1|PVP01_0945900|PVP01_0945900.1|unknown -           2018 8595at5820           -            294   0.00011   20.2   0.1   1   1   1.5e-06   0.00025   19.0   0.1    12   196    83   264    74   275 0.68 -
GCA_040114635.1|PVP01_0114800|PVP01_0114800.1|unknown -           1425 8595at5820           -            294   0.00021   19.3   2.3   1   2         6     1e+03   -2.7   0.0    54    89  1092  1127  1086  1131 0.87 -
GCA_040114635.1|PVP01_0114800|PVP01_0114800.1|unknown -           1425 8595at5820           -            294   0.00021   19.3   2.3   2   2   1.3e-06   0.00023   19.1   0.6    94   160  1207  1273  1174  1342 0.81 -
#
# Program:         hmmsearch
# Version:         3.4 (Aug 2023)
# Pipeline mode:   SEARCH
# Query file:      /v3/work/00_inventory/busco/busco_downloads/lineages/plasmodium_odb10/hmms/8595at5820.hmm
# Target file:     /v3/inputs/annotations/ncbi-datasets/MHC087.proteins.fa
# Option settings: hmmsearch --domtblout /v3/work/00_inventory/busco/MHC087_proteins/run_plasmodium_odb10/hmmer_output/initial_run_results/8595at5820.out --cpu 1 /v3/work/00_inventory/busco/busco_downloads/lineages/plasmodium_odb10/hmms/8595at5820.hmm /v3/inputs/annotations/ncbi-datasets/MHC087.proteins.fa 
# Current dir:     /v3/work/00_inventory/busco
# Date:            Tue May 19 18:19:32 2026
# [ok]
