#                                                                                                             --- full sequence --- -------------- this domain -------------   hmm coord   ali coord   env coord
# target name                                         accession   tlen query name           accession   qlen   E-value  score  bias   #  of  c-Evalue  i-Evalue  score  bias  from    to  from    to  from    to  acc description of target
#                                 ------------------- ---------- ----- -------------------- ---------- ----- --------- ------ ----- --- --- --------- --------- ------ ----- ----- ----- ----- ----- ----- ----- ---- ---------------------
GCA_040114635.1|PVP01_1416900|PVP01_1416900.1|unknown -            341 8608at5820           -            286    4e-139  461.3   5.0   1   1  2.1e-141  4.9e-139  461.0   5.0     1   221    28   265    28   265 0.97 -
GCA_040114635.1|PVP01_0827800|PVP01_0827800.1|unknown -            494 8608at5820           -            286     3e-46  156.5   0.4   1   1   1.7e-48     4e-46  156.1   0.4     2   285   118   406   117   407 0.83 -
GCA_040114635.1|PVP01_1217600|PVP01_1217600.1|unknown -            305 8608at5820           -            286   2.2e-32  111.0   2.4   1   2   1.3e-34     3e-32  110.5   2.0     3   201     9   223     7   229 0.79 -
GCA_040114635.1|PVP01_1217600|PVP01_1217600.1|unknown -            305 8608at5820           -            286   2.2e-32  111.0   2.4   2   2         6   1.4e+03   -3.2   0.0   248   275   256   283   251   294 0.71 -
GCA_040114635.1|PVP01_1317900|PVP01_1317900.1|unknown -            706 8608at5820           -            286   1.3e-29  101.9   2.2   1   1   7.9e-32   1.8e-29  101.4   2.2     2   277    19   301    18   311 0.75 -
GCA_040114635.1|PVP01_1115000|PVP01_1115000.1|unknown -            288 8608at5820           -            286   8.6e-29   99.2   0.0   1   1     5e-31   1.2e-28   98.8   0.0     2   285     3   285     2   286 0.83 -
GCA_040114635.1|PVP01_0814500|PVP01_0814500.1|unknown -            325 8608at5820           -            286   5.2e-22   76.9  10.4   1   1   1.3e-22     3e-20   71.1  10.4     8   203    15   235     8   310 0.73 -
GCA_040114635.1|PVP01_0909200|PVP01_0909200.1|unknown -            335 8608at5820           -            286   4.6e-19   67.3   8.1   1   1     8e-21   1.9e-18   65.3   8.1     2   285    42   329    41   330 0.77 -
GCA_040114635.1|PVP01_1252700|PVP01_1252700.1|unknown -            860 8608at5820           -            286   5.4e-19   67.0   3.6   1   1   4.2e-21   9.8e-19   66.2   3.6     3   189   481   675   479   686 0.71 -
GCA_040114635.1|PVP01_0313300|PVP01_0313300.1|unknown -            529 8608at5820           -            286   1.5e-16   59.0   5.4   1   1   2.1e-18   4.9e-16   57.3   5.4     2   199    70   276    69   286 0.78 -
GCA_040114635.1|PVP01_0521800|PVP01_0521800.1|unknown -           1604 8608at5820           -            286   4.9e-16   57.3   0.0   1   1   3.7e-18   8.5e-16   56.5   0.0    76   285   853  1089   839  1090 0.74 -
GCA_040114635.1|PVP01_0314900|PVP01_0314900.1|unknown -            310 8608at5820           -            286   1.1e-15   56.1   4.8   1   1   8.1e-18   1.9e-15   55.4   4.8     2   191     3   201     2   220 0.79 -
GCA_040114635.1|PVP01_0513200|PVP01_0513200.1|unknown -            800 8608at5820           -            286   1.4e-14   52.5   4.8   1   2   3.5e-15   8.2e-13   46.7   0.8     2    83    34   115    33   135 0.90 -
GCA_040114635.1|PVP01_0513200|PVP01_0513200.1|unknown -            800 8608at5820           -            286   1.4e-14   52.5   4.8   2   2    0.0035      0.82    7.4   0.2   104   137   235   271   220   277 0.70 -
GCA_040114635.1|PVP01_1457000|PVP01_1457000.1|unknown -            508 8608at5820           -            286   2.7e-12   45.0   1.2   1   2       3.5   8.1e+02   -2.5   0.1   161   207    35    84    31   108 0.51 -
GCA_040114635.1|PVP01_1457000|PVP01_1457000.1|unknown -            508 8608at5820           -            286   2.7e-12   45.0   1.2   2   2   1.2e-14   2.7e-12   45.0   1.2     3   205   111   317   109   328 0.77 -
GCA_040114635.1|PVP01_1416000|PVP01_1416000.1|unknown -            368 8608at5820           -            286   1.8e-11   42.3   3.5   1   1   1.4e-13   3.3e-11   41.5   3.5     3   204   108   317   106   361 0.70 -
GCA_040114635.1|PVP01_1325400|PVP01_1325400.1|unknown -            284 8608at5820           -            286   2.4e-11   41.9  13.6   1   1   5.2e-13   1.2e-10   39.6  13.6     2   201    21   228    20   267 0.73 -
GCA_040114635.1|PVP01_1312900|PVP01_1312900.1|unknown -            854 8608at5820           -            286   4.8e-11   40.9   0.3   1   1   6.7e-13   1.6e-10   39.3   0.3     7   196   546   738   540   752 0.74 -
GCA_040114635.1|PVP01_0822900|PVP01_0822900.1|unknown -           1385 8608at5820           -            286   8.1e-11   40.2   7.7   1   2    0.0076       1.8    6.3   0.0     2    24   797   819   796   940 0.81 -
GCA_040114635.1|PVP01_0822900|PVP01_0822900.1|unknown -           1385 8608at5820           -            286   8.1e-11   40.2   7.7   2   2   2.2e-10     5e-08   31.0   4.6    87   276  1136  1353  1090  1364 0.63 -
GCA_040114635.1|PVP01_1257000|PVP01_1257000.1|unknown -            377 8608at5820           -            286   9.9e-11   39.9  12.1   1   1   6.9e-13   1.6e-10   39.2  12.1     2   204    41   259    40   279 0.70 -
GCA_040114635.1|PVP01_1446500|PVP01_1446500.1|unknown -           1003 8608at5820           -            286   2.5e-10   38.6   6.8   1   2   1.8e-07   4.3e-05   21.4   2.7     2   143    14   167    13   173 0.65 -
GCA_040114635.1|PVP01_1446500|PVP01_1446500.1|unknown -           1003 8608at5820           -            286   2.5e-10   38.6   6.8   2   2   1.1e-06   0.00026   18.8   0.1   137   189   182   238   176   258 0.76 -
GCA_040114635.1|PVP01_1133600|PVP01_1133600.1|unknown -            801 8608at5820           -            286   5.7e-09   34.1   7.9   1   3   0.00013     0.031   12.0   0.0    85   166   168   266   152   272 0.69 -
GCA_040114635.1|PVP01_1133600|PVP01_1133600.1|unknown -            801 8608at5820           -            286   5.7e-09   34.1   7.9   2   3   7.5e-09   1.7e-06   26.0   0.1   170   285   474   589   469   590 0.72 -
GCA_040114635.1|PVP01_1133600|PVP01_1133600.1|unknown -            801 8608at5820           -            286   5.7e-09   34.1   7.9   3   3       4.5   1.1e+03   -2.8   0.3    77   115   601   640   600   660 0.69 -
GCA_040114635.1|PVP01_0830100|PVP01_0830100.1|unknown -            603 8608at5820           -            286   9.7e-08   30.1   1.8   1   1   2.6e-09     6e-07   27.5   1.8     9   197   165   359   158   368 0.68 -
GCA_040114635.1|PVP01_1464600|PVP01_1464600.1|unknown -            726 8608at5820           -            286   1.3e-07   29.7   9.2   1   1   7.2e-09   1.7e-06   26.0   9.1     6   189    27   237    22   248 0.67 -
GCA_040114635.1|PVP01_1265700|PVP01_1265700.1|unknown -           2424 8608at5820           -            286   5.8e-07   27.5   2.7   1   1   1.1e-06   0.00026   18.9   2.7     3   135   119   252   117   364 0.71 -
GCA_040114635.1|PVP01_0937400|PVP01_0937400.1|unknown -            323 8608at5820           -            286   7.9e-06   23.8   0.8   1   1     4e-07   9.3e-05   20.3   0.8     2   147     8   156     7   181 0.71 -
GCA_040114635.1|PVP01_1300900|PVP01_1300900.1|unknown -            296 8608at5820           -            286   0.00013   19.8   4.8   1   2      0.79   1.8e+02   -0.4   0.1   228   264    55    91    35   108 0.64 -
GCA_040114635.1|PVP01_1300900|PVP01_1300900.1|unknown -            296 8608at5820           -            286   0.00013   19.8   4.8   2   2   4.4e-06     0.001   16.9   4.4    87   203   110   229    60   283 0.71 -
GCA_040114635.1|PVP01_1143600|PVP01_1143600.1|unknown -            354 8608at5820           -            286   0.00034   18.5   0.1   1   1   3.9e-06   0.00091   17.1   0.1     6   188    35   234    30   275 0.63 -
GCA_040114635.1|PVP01_0207300|PVP01_0207300.1|unknown -           3304 8608at5820           -            286     0.028   12.2   0.7   1   1   0.00019     0.044   11.5   0.7   105   142  3101  3145  3056  3149 0.66 -
#
# Program:         hmmsearch
# Version:         3.4 (Aug 2023)
# Pipeline mode:   SEARCH
# Query file:      /v3/work/00_inventory/busco/busco_downloads/lineages/plasmodium_odb10/hmms/8608at5820.hmm
# Target file:     /v3/inputs/annotations/ncbi-datasets/MHC087.proteins.fa
# Option settings: hmmsearch --domtblout /v3/work/00_inventory/busco/MHC087_proteins/run_plasmodium_odb10/hmmer_output/initial_run_results/8608at5820.out --cpu 1 /v3/work/00_inventory/busco/busco_downloads/lineages/plasmodium_odb10/hmms/8608at5820.hmm /v3/inputs/annotations/ncbi-datasets/MHC087.proteins.fa 
# Current dir:     /v3/work/00_inventory/busco
# Date:            Tue May 19 18:19:38 2026
# [ok]
