#                                                                                                             --- full sequence --- -------------- this domain -------------   hmm coord   ali coord   env coord
# target name                                         accession   tlen query name           accession   qlen   E-value  score  bias   #  of  c-Evalue  i-Evalue  score  bias  from    to  from    to  from    to  acc description of target
#                                 ------------------- ---------- ----- -------------------- ---------- ----- --------- ------ ----- --- --- --------- --------- ------ ----- ----- ----- ----- ----- ----- ----- ---- ---------------------
GCA_040114635.1|PVP01_1267700|PVP01_1267700.1|unknown -           1706 866at5820            -            888    3e-231  768.7  87.2   1   7  1.5e-184  9.2e-181  601.7  21.4     1   259     1   259     1   295 0.98 -
GCA_040114635.1|PVP01_1267700|PVP01_1267700.1|unknown -           1706 866at5820            -            888    3e-231  768.7  87.2   2   7   1.1e-07   0.00069   16.4   4.2   246   283   340   378   327   385 0.80 -
GCA_040114635.1|PVP01_1267700|PVP01_1267700.1|unknown -           1706 866at5820            -            888    3e-231  768.7  87.2   3   7   8.9e-06     0.056   10.1   5.6   220   326   390   504   382   518 0.78 -
GCA_040114635.1|PVP01_1267700|PVP01_1267700.1|unknown -           1706 866at5820            -            888    3e-231  768.7  87.2   4   7   2.4e-06     0.015   12.0   0.2   306   354   612   663   598   677 0.75 -
GCA_040114635.1|PVP01_1267700|PVP01_1267700.1|unknown -           1706 866at5820            -            888    3e-231  768.7  87.2   5   7     0.018   1.1e+02   -0.9   0.2   341   369   695   723   683   735 0.81 -
GCA_040114635.1|PVP01_1267700|PVP01_1267700.1|unknown -           1706 866at5820            -            888    3e-231  768.7  87.2   6   7   3.5e-16   2.2e-12   44.5   0.1   364   438   775   858   749   872 0.84 -
GCA_040114635.1|PVP01_1267700|PVP01_1267700.1|unknown -           1706 866at5820            -            888    3e-231  768.7  87.2   7   7   1.9e-36   1.2e-32  111.6  17.6   478   581  1181  1298  1157  1305 0.84 -
#
# Program:         hmmsearch
# Version:         3.4 (Aug 2023)
# Pipeline mode:   SEARCH
# Query file:      /v3/work/00_inventory/busco/busco_downloads/lineages/plasmodium_odb10/hmms/866at5820.hmm
# Target file:     /v3/inputs/annotations/ncbi-datasets/MHC087.proteins.fa
# Option settings: hmmsearch --domtblout /v3/work/00_inventory/busco/MHC087_proteins/run_plasmodium_odb10/hmmer_output/initial_run_results/866at5820.out --cpu 1 /v3/work/00_inventory/busco/busco_downloads/lineages/plasmodium_odb10/hmms/866at5820.hmm /v3/inputs/annotations/ncbi-datasets/MHC087.proteins.fa 
# Current dir:     /v3/work/00_inventory/busco
# Date:            Tue May 19 18:19:55 2026
# [ok]
