#                                                                                                             --- full sequence --- -------------- this domain -------------   hmm coord   ali coord   env coord
# target name                                         accession   tlen query name           accession   qlen   E-value  score  bias   #  of  c-Evalue  i-Evalue  score  bias  from    to  from    to  from    to  acc description of target
#                                 ------------------- ---------- ----- -------------------- ---------- ----- --------- ------ ----- --- --- --------- --------- ------ ----- ----- ----- ----- ----- ----- ----- ---- ---------------------
GCA_040114635.1|PVP01_1257500|PVP01_1257500.1|unknown -            801 9467at5820           -            281  1.3e-130  433.5  58.0   1   4     3e-46   3.8e-43  146.5   4.0     5    95    27   117    24   168 0.87 -
GCA_040114635.1|PVP01_1257500|PVP01_1257500.1|unknown -            801 9467at5820           -            281  1.3e-130  433.5  58.0   2   4   3.5e-06    0.0044   15.0   1.8    87   123   207   248   179   262 0.70 -
GCA_040114635.1|PVP01_1257500|PVP01_1257500.1|unknown -            801 9467at5820           -            281  1.3e-130  433.5  58.0   3   4   4.6e-06    0.0058   14.6   3.1    92   140   392   440   342   444 0.78 -
GCA_040114635.1|PVP01_1257500|PVP01_1257500.1|unknown -            801 9467at5820           -            281  1.3e-130  433.5  58.0   4   4   5.9e-84   7.4e-81  270.2  25.6    77   281   580   801   571   801 0.80 -
GCA_040114635.1|PVP01_0807400|PVP01_0807400.1|unknown -           1381 9467at5820           -            281   5.7e-10   37.6   6.3   1   6    0.0083        10    4.0   0.6   146   271     5   129     1   139 0.54 -
GCA_040114635.1|PVP01_0807400|PVP01_0807400.1|unknown -           1381 9467at5820           -            281   5.7e-10   37.6   6.3   2   6       3.5   4.4e+03   -4.6   3.6   124   193   245   321   187   330 0.65 -
GCA_040114635.1|PVP01_0807400|PVP01_0807400.1|unknown -           1381 9467at5820           -            281   5.7e-10   37.6   6.3   3   6       3.4   4.3e+03   -4.6   4.5   120   197   281   360   265   366 0.65 -
GCA_040114635.1|PVP01_0807400|PVP01_0807400.1|unknown -           1381 9467at5820           -            281   5.7e-10   37.6   6.3   4   6   6.1e-08   7.7e-05   20.8   0.0    29    72   420   464   413   474 0.90 -
GCA_040114635.1|PVP01_0807400|PVP01_0807400.1|unknown -           1381 9467at5820           -            281   5.7e-10   37.6   6.3   5   6   6.5e-10   8.2e-07   27.3   3.3    19   130   608   722   592   757 0.57 -
GCA_040114635.1|PVP01_0807400|PVP01_0807400.1|unknown -           1381 9467at5820           -            281   5.7e-10   37.6   6.3   6   6     0.024        30    2.5   0.3    53    93   813   857   785   888 0.69 -
GCA_040114635.1|PVP01_0216000|PVP01_0216000.1|unknown -           1306 9467at5820           -            281     5e-07   28.0   7.1   1   7      0.13   1.6e+02    0.1   0.0    50    68   248   266   226   285 0.85 -
GCA_040114635.1|PVP01_0216000|PVP01_0216000.1|unknown -           1306 9467at5820           -            281     5e-07   28.0   7.1   2   7         5   6.3e+03  -14.5  15.8    82   113   614   645   601   688 0.50 -
GCA_040114635.1|PVP01_0216000|PVP01_0216000.1|unknown -           1306 9467at5820           -            281     5e-07   28.0   7.1   3   7         5   6.3e+03  -17.9  31.1    93   174   684   770   658   817 0.45 -
GCA_040114635.1|PVP01_0216000|PVP01_0216000.1|unknown -           1306 9467at5820           -            281     5e-07   28.0   7.1   4   7       2.5   3.1e+03   -4.2   7.7   158   220   887   951   832   961 0.67 -
GCA_040114635.1|PVP01_0216000|PVP01_0216000.1|unknown -           1306 9467at5820           -            281     5e-07   28.0   7.1   5   7     6e-06    0.0075   14.3   3.0     6   111   962  1070   955  1080 0.79 -
GCA_040114635.1|PVP01_0216000|PVP01_0216000.1|unknown -           1306 9467at5820           -            281     5e-07   28.0   7.1   6   7      0.24   3.1e+02   -0.8   0.5    29   132  1068  1169  1051  1187 0.56 -
GCA_040114635.1|PVP01_0216000|PVP01_0216000.1|unknown -           1306 9467at5820           -            281     5e-07   28.0   7.1   7   7     4e-10     5e-07   28.0   7.1   192   280  1199  1290  1113  1291 0.74 -
GCA_040114635.1|PVP01_0916300|PVP01_0916300.1|unknown -            240 9467at5820           -            281   3.9e-05   21.8   1.4   1   2     0.026        32    2.3   0.1    53    79   153   179   147   188 0.78 -
GCA_040114635.1|PVP01_0916300|PVP01_0916300.1|unknown -            240 9467at5820           -            281   3.9e-05   21.8   1.4   2   2   2.8e-07   0.00035   18.6   0.5    23    69   186   233   175   239 0.81 -
GCA_040114635.1|PVP01_1320200|PVP01_1320200.1|unknown -            799 9467at5820           -            281   0.00084   17.4   5.7   1   3   6.6e-07   0.00084   17.4   5.7    11   118    38   160    29   186 0.56 -
GCA_040114635.1|PVP01_1320200|PVP01_1320200.1|unknown -            799 9467at5820           -            281   0.00084   17.4   5.7   2   3      0.33   4.2e+02   -1.3   1.0    90   139   432   481   421   485 0.82 -
GCA_040114635.1|PVP01_1320200|PVP01_1320200.1|unknown -            799 9467at5820           -            281   0.00084   17.4   5.7   3   3   5.5e-05     0.069   11.1   2.9   193   277   698   779   686   783 0.79 -
#
# Program:         hmmsearch
# Version:         3.4 (Aug 2023)
# Pipeline mode:   SEARCH
# Query file:      /v3/work/00_inventory/busco/busco_downloads/lineages/plasmodium_odb10/hmms/9467at5820.hmm
# Target file:     /v3/inputs/annotations/ncbi-datasets/MHC087.proteins.fa
# Option settings: hmmsearch --domtblout /v3/work/00_inventory/busco/MHC087_proteins/run_plasmodium_odb10/hmmer_output/initial_run_results/9467at5820.out --cpu 1 /v3/work/00_inventory/busco/busco_downloads/lineages/plasmodium_odb10/hmms/9467at5820.hmm /v3/inputs/annotations/ncbi-datasets/MHC087.proteins.fa 
# Current dir:     /v3/work/00_inventory/busco
# Date:            Tue May 19 18:23:12 2026
# [ok]
