#                                                                                                             --- full sequence --- -------------- this domain -------------   hmm coord   ali coord   env coord
# target name                                         accession   tlen query name           accession   qlen   E-value  score  bias   #  of  c-Evalue  i-Evalue  score  bias  from    to  from    to  from    to  acc description of target
#                                 ------------------- ---------- ----- -------------------- ---------- ----- --------- ------ ----- --- --- --------- --------- ------ ----- ----- ----- ----- ----- ----- ----- ---- ---------------------
GCA_040114635.1|PVP01_1258300|PVP01_1258300.1|unknown -            321 9793at5820           -            231  2.7e-113  375.5  19.0   1   3   1.2e-26   1.9e-23   81.5   0.2     1    54     1    54     1    75 0.93 -
GCA_040114635.1|PVP01_1258300|PVP01_1258300.1|unknown -            321 9793at5820           -            231  2.7e-113  375.5  19.0   2   3   1.5e-31   2.3e-28   97.6   0.6    51   108   107   164    97   171 0.95 -
GCA_040114635.1|PVP01_1258300|PVP01_1258300.1|unknown -            321 9793at5820           -            231  2.7e-113  375.5  19.0   3   3   3.2e-64   5.1e-61  204.4   6.6   107   231   185   320   176   320 0.93 -
GCA_040114635.1|PVP01_1217900|PVP01_1217900.1|unknown -            378 9793at5820           -            231   8.2e-06   23.8  13.0   1   3      0.77   1.2e+03   -2.9   0.5   112   158    72   118    52   138 0.59 -
GCA_040114635.1|PVP01_1217900|PVP01_1217900.1|unknown -            378 9793at5820           -            231   8.2e-06   23.8  13.0   2   3   8.8e-09   1.4e-05   23.1   3.3    69   132   208   270   200   285 0.84 -
GCA_040114635.1|PVP01_1217900|PVP01_1217900.1|unknown -            378 9793at5820           -            231   8.2e-06   23.8  13.0   3   3   0.00047      0.74    7.6   0.1   181   220   285   324   272   335 0.79 -
GCA_040114635.1|PVP01_1417700|PVP01_1417700.1|unknown -            293 9793at5820           -            231   3.7e-05   21.6   2.5   1   2      0.26     4e+02   -1.4   0.1   180   205   108   133    84   154 0.71 -
GCA_040114635.1|PVP01_1417700|PVP01_1417700.1|unknown -            293 9793at5820           -            231   3.7e-05   21.6   2.5   2   2   2.4e-08   3.7e-05   21.6   2.5   121   188   153   221   140   225 0.87 -
GCA_040114635.1|PVP01_0725500|PVP01_0725500.1|unknown -            156 9793at5820           -            231    0.0045   14.8   0.9   1   2   9.7e-06     0.015   13.1   0.3    60   105    11    55     5    94 0.71 -
GCA_040114635.1|PVP01_0725500|PVP01_0725500.1|unknown -            156 9793at5820           -            231    0.0045   14.8   0.9   2   2     0.079   1.2e+02    0.3   0.0   184   198    99   113    81   135 0.72 -
#
# Program:         hmmsearch
# Version:         3.4 (Aug 2023)
# Pipeline mode:   SEARCH
# Query file:      /v3/work/00_inventory/busco/busco_downloads/lineages/plasmodium_odb10/hmms/9793at5820.hmm
# Target file:     /v3/inputs/annotations/ncbi-datasets/MHC087.proteins.fa
# Option settings: hmmsearch --domtblout /v3/work/00_inventory/busco/MHC087_proteins/run_plasmodium_odb10/hmmer_output/initial_run_results/9793at5820.out --cpu 1 /v3/work/00_inventory/busco/busco_downloads/lineages/plasmodium_odb10/hmms/9793at5820.hmm /v3/inputs/annotations/ncbi-datasets/MHC087.proteins.fa 
# Current dir:     /v3/work/00_inventory/busco
# Date:            Tue May 19 18:24:27 2026
# [ok]
