#                                                                                                             --- full sequence --- -------------- this domain -------------   hmm coord   ali coord   env coord
# target name                                         accession   tlen query name           accession   qlen   E-value  score  bias   #  of  c-Evalue  i-Evalue  score  bias  from    to  from    to  from    to  acc description of target
#                                 ------------------- ---------- ----- -------------------- ---------- ----- --------- ------ ----- --- --- --------- --------- ------ ----- ----- ----- ----- ----- ----- ----- ---- ---------------------
GCA_040114635.1|PVP01_0613000|PVP01_0613000.1|unknown -            281 9820at5820           -            253  1.3e-147  488.6  12.8   1   1  2.4e-150  1.5e-147  488.5  12.8     1   253    11   276    11   276 0.96 -
GCA_040114635.1|PVP01_1139200|PVP01_1139200.1|unknown -            284 9820at5820           -            253     6e-38  129.4  20.2   1   1   1.3e-40   8.5e-38  128.9  20.2    51   249    58   272    19   276 0.76 -
GCA_040114635.1|PVP01_0916500|PVP01_0916500.1|unknown -            272 9820at5820           -            253   1.1e-23   82.7   9.2   1   1   2.2e-26   1.4e-23   82.3   9.2    56   239    26   225     4   240 0.76 -
GCA_040114635.1|PVP01_1423400|PVP01_1423400.1|unknown -           1016 9820at5820           -            253   1.5e-11   42.9  35.6   1   2     5e-14   3.1e-11   41.8  29.8    21   233    44   292    35   307 0.70 -
GCA_040114635.1|PVP01_1423400|PVP01_1423400.1|unknown -           1016 9820at5820           -            253   1.5e-11   42.9  35.6   2   2      0.18   1.1e+02    0.7   0.3    82   121   634   674   624   694 0.84 -
GCA_040114635.1|PVP01_1422200|PVP01_1422200.1|unknown -            297 9820at5820           -            253   3.2e-09   35.2  27.7   1   1   1.4e-11   8.9e-09   33.8  27.7    39   210    62   254    30   291 0.65 -
GCA_040114635.1|PVP01_1005400|PVP01_1005400.1|unknown -            437 9820at5820           -            253   1.4e-08   33.1   1.9   1   1   3.2e-11     2e-08   32.6   1.9     3    83   142   225   140   249 0.87 -
GCA_040114635.1|PVP01_0921600|PVP01_0921600.1|unknown -            289 9820at5820           -            253   5.7e-07   27.9  35.1   1   1     4e-09   2.5e-06   25.7  35.0    47   228    57   257    28   267 0.61 -
GCA_040114635.1|PVP01_0731200|PVP01_0731200.1|unknown -            525 9820at5820           -            253   1.1e-05   23.7   7.8   1   1   3.1e-08     2e-05   22.8   7.8    93   210   301   418   292   425 0.75 -
GCA_040114635.1|PVP01_0836800|PVP01_0836800.1|unknown -            611 9820at5820           -            253   7.7e-05   20.9  16.3   1   2       5.4   3.4e+03   -4.2   2.1   120   148   254   286   247   315 0.58 -
GCA_040114635.1|PVP01_0836800|PVP01_0836800.1|unknown -            611 9820at5820           -            253   7.7e-05   20.9  16.3   2   2   1.2e-07   7.7e-05   20.9  16.3    90   207   427   537   407   550 0.75 -
GCA_040114635.1|PVP01_1232100|PVP01_1232100.1|unknown -            641 9820at5820           -            253      0.15   10.1   7.8   1   2       1.2   7.6e+02   -2.0   0.1   190   226   178   215   113   222 0.62 -
GCA_040114635.1|PVP01_1232100|PVP01_1232100.1|unknown -            641 9820at5820           -            253      0.15   10.1   7.8   2   2   4.6e-05     0.029   12.4   3.5    95   166   437   514   423   566 0.72 -
#
# Program:         hmmsearch
# Version:         3.4 (Aug 2023)
# Pipeline mode:   SEARCH
# Query file:      /v3/work/00_inventory/busco/busco_downloads/lineages/plasmodium_odb10/hmms/9820at5820.hmm
# Target file:     /v3/inputs/annotations/ncbi-datasets/MHC087.proteins.fa
# Option settings: hmmsearch --domtblout /v3/work/00_inventory/busco/MHC087_proteins/run_plasmodium_odb10/hmmer_output/initial_run_results/9820at5820.out --cpu 1 /v3/work/00_inventory/busco/busco_downloads/lineages/plasmodium_odb10/hmms/9820at5820.hmm /v3/inputs/annotations/ncbi-datasets/MHC087.proteins.fa 
# Current dir:     /v3/work/00_inventory/busco
# Date:            Tue May 19 18:24:31 2026
# [ok]
