#                                                                            --- full sequence --- -------------- this domain -------------   hmm coord   ali coord   env coord
# target name        accession   tlen query name           accession   qlen   E-value  score  bias   #  of  c-Evalue  i-Evalue  score  bias  from    to  from    to  from    to  acc description of target
#------------------- ---------- ----- -------------------- ---------- ----- --------- ------ ----- --- --- --------- --------- ------ ----- ----- ----- ----- ----- ----- ----- ---- ---------------------
PVP01_0115500.1-p1   -            243 10154at5820          -            222  6.8e-131  433.2   8.0   1   1  7.1e-134  7.7e-131  433.0   8.0     1   222     1   242     1   242 0.96 | transcript=PVP01_0115500.1 | gene=PVP01_0115500 | organism=Plasmodium_vivax_P01 | gene_product=alpha/beta hydrolase, putative | transcript_product=alpha/beta hydrolase, putative | location=PvP01_01_v2:696219-698092(+) | protein_length=243 | sequence_SO=chromosome | SO=protein_coding_gene | is_pseudo=false
PVP01_0303100.1-p1   -            867 10154at5820          -            222   3.9e-42  142.9   1.3   1   1   5.3e-45   5.7e-42  142.4   1.3     1   222     1   241     1   241 0.87 | transcript=PVP01_0303100.1 | gene=PVP01_0303100 | organism=Plasmodium_vivax_P01 | gene_product=alpha/beta hydrolase, putative | transcript_product=alpha/beta hydrolase, putative | location=PvP01_03_v2:155417-158020(-) | protein_length=867 | sequence_SO=chromosome | SO=protein_coding_gene | is_pseudo=false
PVP01_0921000.1-p1   -            367 10154at5820          -            222   8.5e-25   86.2   3.9   1   2   5.3e-25   5.8e-22   77.0   2.6    38   183   135   299   111   313 0.80 | transcript=PVP01_0921000.1 | gene=PVP01_0921000 | organism=Plasmodium_vivax_P01 | gene_product=alpha/beta hydrolase fold domain containing protein, putative | transcript_product=alpha/beta hydrolase fold domain containing protein, putative | location=PvP01_09_v2:909730-911008(-) | protein_length=367 | sequence_SO=chromosome | SO=protein_coding_gene | is_pseudo=false
PVP01_0921000.1-p1   -            367 10154at5820          -            222   8.5e-25   86.2   3.9   2   2   0.00045      0.49    8.5   0.0   190   219   330   360   319   363 0.84 | transcript=PVP01_0921000.1 | gene=PVP01_0921000 | organism=Plasmodium_vivax_P01 | gene_product=alpha/beta hydrolase fold domain containing protein, putative | transcript_product=alpha/beta hydrolase fold domain containing protein, putative | location=PvP01_09_v2:909730-911008(-) | protein_length=367 | sequence_SO=chromosome | SO=protein_coding_gene | is_pseudo=false
PVP01_0516700.1-p1   -            301 10154at5820          -            222   2.4e-10   38.9   1.0   1   1   2.9e-13   3.2e-10   38.6   1.0    48   218    88   279    54   283 0.81 | transcript=PVP01_0516700.1 | gene=PVP01_0516700 | organism=Plasmodium_vivax_P01 | gene_product=BEM46-like protein, putative | transcript_product=BEM46-like protein, putative | location=PvP01_05_v2:697432-700216(+) | protein_length=301 | sequence_SO=chromosome | SO=protein_coding_gene | is_pseudo=false
PVP01_0214400.1-p1   -            591 10154at5820          -            222   6.5e-08   31.0   3.1   1   1   9.9e-11   1.1e-07   30.3   3.1    39   206    74   271    46   282 0.71 | transcript=PVP01_0214400.1 | gene=PVP01_0214400 | organism=Plasmodium_vivax_P01 | gene_product=alpha/beta hydrolase, putative | transcript_product=alpha/beta hydrolase, putative | location=PvP01_02_v2:612216-614985(-) | protein_length=591 | sequence_SO=chromosome | SO=protein_coding_gene | is_pseudo=false
PVP01_0510900.1-p1   -            512 10154at5820          -            222      0.33    9.1   9.1   1   2     0.011        12    4.0   0.3    62   143    81   173    53   179 0.66 | transcript=PVP01_0510900.1 | gene=PVP01_0510900 | organism=Plasmodium_vivax_P01 | gene_product=alpha/beta hydrolase, putative | transcript_product=alpha/beta hydrolase, putative | location=PvP01_05_v2:468770-470859(-) | protein_length=512 | sequence_SO=chromosome | SO=protein_coding_gene | is_pseudo=false
PVP01_0510900.1-p1   -            512 10154at5820          -            222      0.33    9.1   9.1   2   2   0.00088      0.95    7.6   3.2   122   190   180   248   172   277 0.80 | transcript=PVP01_0510900.1 | gene=PVP01_0510900 | organism=Plasmodium_vivax_P01 | gene_product=alpha/beta hydrolase, putative | transcript_product=alpha/beta hydrolase, putative | location=PvP01_05_v2:468770-470859(-) | protein_length=512 | sequence_SO=chromosome | SO=protein_coding_gene | is_pseudo=false
#
# Program:         hmmsearch
# Version:         3.4 (Aug 2023)
# Pipeline mode:   SEARCH
# Query file:      /v3/work/00_inventory/busco/busco_downloads/lineages/plasmodium_odb10/hmms/10154at5820.hmm
# Target file:     /v3/inputs/annotations/plasmodb-68/PvP01.proteins.fa
# Option settings: hmmsearch --domtblout /v3/work/00_inventory/busco/PvP01_proteins/run_plasmodium_odb10/hmmer_output/initial_run_results/10154at5820.out --cpu 1 /v3/work/00_inventory/busco/busco_downloads/lineages/plasmodium_odb10/hmms/10154at5820.hmm /v3/inputs/annotations/plasmodb-68/PvP01.proteins.fa 
# Current dir:     /v3/work/00_inventory/busco
# Date:            Tue May 19 17:24:49 2026
# [ok]
