#                                                                            --- full sequence --- -------------- this domain -------------   hmm coord   ali coord   env coord
# target name        accession   tlen query name           accession   qlen   E-value  score  bias   #  of  c-Evalue  i-Evalue  score  bias  from    to  from    to  from    to  acc description of target
#------------------- ---------- ----- -------------------- ---------- ----- --------- ------ ----- --- --- --------- --------- ------ ----- ----- ----- ----- ----- ----- ----- ---- ---------------------
PVP01_0925000.1-p1   -            149 13438at5820          -            112   3.6e-64  212.6   2.4   1   2   1.3e-61   1.4e-58  194.6   0.9     1    89     7    95     7    97 0.99 | transcript=PVP01_0925000.1 | gene=PVP01_0925000 | organism=Plasmodium_vivax_P01 | gene_product=U6 snRNA-associated Sm-like protein LSm1, putative | transcript_product=U6 snRNA-associated Sm-like protein LSm1, putative | location=PvP01_09_v2:1116482-1117289(-) | protein_length=149 | sequence_SO=chromosome | SO=protein_coding_gene | is_pseudo=false
PVP01_0925000.1-p1   -            149 13438at5820          -            112   3.6e-64  212.6   2.4   2   2     1e-06    0.0011   17.8   0.0    89   108   121   140   119   149 0.86 | transcript=PVP01_0925000.1 | gene=PVP01_0925000 | organism=Plasmodium_vivax_P01 | gene_product=U6 snRNA-associated Sm-like protein LSm1, putative | transcript_product=U6 snRNA-associated Sm-like protein LSm1, putative | location=PvP01_09_v2:1116482-1117289(-) | protein_length=149 | sequence_SO=chromosome | SO=protein_coding_gene | is_pseudo=false
PVP01_0505100.1-p1   -             95 13438at5820          -            112   2.8e-10   39.1   0.4   1   1   2.9e-13   3.2e-10   38.9   0.4     8    85     7    81     2    93 0.89 | transcript=PVP01_0505100.1 | gene=PVP01_0505100 | organism=Plasmodium_vivax_P01 | gene_product=U6 snRNA-associated Sm-like protein LSm8, putative | transcript_product=U6 snRNA-associated Sm-like protein LSm8, putative | location=PvP01_05_v2:234631-235447(-) | protein_length=95 | sequence_SO=chromosome | SO=protein_coding_gene | is_pseudo=false
PVP01_0406500.1-p1   -            101 13438at5820          -            112   3.3e-05   22.7   0.1   1   1   3.8e-08   4.1e-05   22.4   0.1    12    71    29    94    18    97 0.77 | transcript=PVP01_0406500.1 | gene=PVP01_0406500 | organism=Plasmodium_vivax_P01 | gene_product=small nuclear ribonucleoprotein Sm D2, putative | transcript_product=small nuclear ribonucleoprotein Sm D2, putative | location=PvP01_04_v2:276288-276826(-) | protein_length=101 | sequence_SO=chromosome | SO=protein_coding_gene | is_pseudo=false
PVP01_0512000.1-p1   -             83 13438at5820          -            112    0.0002   20.2   0.2   1   1   2.7e-07    0.0003   19.6   0.2    16    78    23    79    11    82 0.79 | transcript=PVP01_0512000.1 | gene=PVP01_0512000 | organism=Plasmodium_vivax_P01 | gene_product=small nuclear ribonucleoprotein G, putative | transcript_product=small nuclear ribonucleoprotein G, putative | location=PvP01_05_v2:514732-515202(+) | protein_length=83 | sequence_SO=chromosome | SO=protein_coding_gene | is_pseudo=false
PVP01_1334100.1-p1   -            201 13438at5820          -            112   0.00024   19.9   0.1   1   1     3e-07   0.00032   19.5   0.1    13    75    13    78     4    95 0.78 | transcript=PVP01_1334100.1 | gene=PVP01_1334100 | organism=Plasmodium_vivax_P01 | gene_product=small nuclear ribonucleoprotein-associated protein B, putative | transcript_product=small nuclear ribonucleoprotein-associated protein B, putative | location=PvP01_13_v2:1467665-1468515(+) | protein_length=201 | sequence_SO=chromosome | SO=protein_coding_gene | is_pseudo=false
PVP01_1144900.1-p1   -           1568 13438at5820          -            112     0.018   13.9   0.2   1   1   6.8e-05     0.074   11.9   0.2    28    88   593   655   577   663 0.87 | transcript=PVP01_1144900.1 | gene=PVP01_1144900 | organism=Plasmodium_vivax_P01 | gene_product=conserved Plasmodium protein, unknown function | transcript_product=conserved Plasmodium protein, unknown function | location=PvP01_11_v2:1910556-1915262(+) | protein_length=1568 | sequence_SO=chromosome | SO=protein_coding_gene | is_pseudo=false
#
# Program:         hmmsearch
# Version:         3.4 (Aug 2023)
# Pipeline mode:   SEARCH
# Query file:      /v3/work/00_inventory/busco/busco_downloads/lineages/plasmodium_odb10/hmms/13438at5820.hmm
# Target file:     /v3/inputs/annotations/plasmodb-68/PvP01.proteins.fa
# Option settings: hmmsearch --domtblout /v3/work/00_inventory/busco/PvP01_proteins/run_plasmodium_odb10/hmmer_output/initial_run_results/13438at5820.out --cpu 1 /v3/work/00_inventory/busco/busco_downloads/lineages/plasmodium_odb10/hmms/13438at5820.hmm /v3/inputs/annotations/plasmodb-68/PvP01.proteins.fa 
# Current dir:     /v3/work/00_inventory/busco
# Date:            Tue May 19 17:30:16 2026
# [ok]
