#                                                                            --- full sequence --- -------------- this domain -------------   hmm coord   ali coord   env coord
# target name        accession   tlen query name           accession   qlen   E-value  score  bias   #  of  c-Evalue  i-Evalue  score  bias  from    to  from    to  from    to  acc description of target
#------------------- ---------- ----- -------------------- ---------- ----- --------- ------ ----- --- --- --------- --------- ------ ----- ----- ----- ----- ----- ----- ----- ---- ---------------------
PVP01_1420800.1-p1   -           1307 1382at5820           -           1074         0 2025.7 106.3   1   3  7.5e-243  2.5e-239  795.8  46.0     1   413    27   456    27   464 0.97 | transcript=PVP01_1420800.1 | gene=PVP01_1420800 | organism=Plasmodium_vivax_P01 | gene_product=golgi protein 1, putative | transcript_product=golgi protein 1, putative | location=PvP01_14_v2:908480-912403(+) | protein_length=1307 | sequence_SO=chromosome | SO=protein_coding_gene | is_pseudo=false
PVP01_1420800.1-p1   -           1307 1382at5820           -           1074         0 2025.7 106.3   2   3   2.4e-62   7.8e-59  198.2   8.1   407   518   479   590   476   596 0.96 | transcript=PVP01_1420800.1 | gene=PVP01_1420800 | organism=Plasmodium_vivax_P01 | gene_product=golgi protein 1, putative | transcript_product=golgi protein 1, putative | location=PvP01_14_v2:908480-912403(+) | protein_length=1307 | sequence_SO=chromosome | SO=protein_coding_gene | is_pseudo=false
PVP01_1420800.1-p1   -           1307 1382at5820           -           1074         0 2025.7 106.3   3   3         0         0 1043.6  36.3   518  1074   689  1305   678  1305 0.92 | transcript=PVP01_1420800.1 | gene=PVP01_1420800 | organism=Plasmodium_vivax_P01 | gene_product=golgi protein 1, putative | transcript_product=golgi protein 1, putative | location=PvP01_14_v2:908480-912403(+) | protein_length=1307 | sequence_SO=chromosome | SO=protein_coding_gene | is_pseudo=false
PVP01_1420700.1-p1   -           1234 1382at5820           -           1074   1.6e-65  220.3  39.2   1   4   3.2e-07     0.001   15.7   1.0     6   120    28   151    25   178 0.71 | transcript=PVP01_1420700.1 | gene=PVP01_1420700 | organism=Plasmodium_vivax_P01 | gene_product=conserved Plasmodium protein, unknown function | transcript_product=conserved Plasmodium protein, unknown function | location=PvP01_14_v2:901306-905010(-) | protein_length=1234 | sequence_SO=chromosome | SO=protein_coding_gene | is_pseudo=false
PVP01_1420700.1-p1   -           1234 1382at5820           -           1074   1.6e-65  220.3  39.2   2   4   1.6e-23   5.3e-20   69.6   9.9   154   512   211   585   201   593 0.74 | transcript=PVP01_1420700.1 | gene=PVP01_1420700 | organism=Plasmodium_vivax_P01 | gene_product=conserved Plasmodium protein, unknown function | transcript_product=conserved Plasmodium protein, unknown function | location=PvP01_14_v2:901306-905010(-) | protein_length=1234 | sequence_SO=chromosome | SO=protein_coding_gene | is_pseudo=false
PVP01_1420700.1-p1   -           1234 1382at5820           -           1074   1.6e-65  220.3  39.2   3   4    0.0055        18    1.7   0.0   664   698   764   800   676   805 0.65 | transcript=PVP01_1420700.1 | gene=PVP01_1420700 | organism=Plasmodium_vivax_P01 | gene_product=conserved Plasmodium protein, unknown function | transcript_product=conserved Plasmodium protein, unknown function | location=PvP01_14_v2:901306-905010(-) | protein_length=1234 | sequence_SO=chromosome | SO=protein_coding_gene | is_pseudo=false
PVP01_1420700.1-p1   -           1234 1382at5820           -           1074   1.6e-65  220.3  39.2   4   4   1.6e-45   5.1e-42  142.5  12.9   734  1070   889  1232   884  1233 0.88 | transcript=PVP01_1420700.1 | gene=PVP01_1420700 | organism=Plasmodium_vivax_P01 | gene_product=conserved Plasmodium protein, unknown function | transcript_product=conserved Plasmodium protein, unknown function | location=PvP01_14_v2:901306-905010(-) | protein_length=1234 | sequence_SO=chromosome | SO=protein_coding_gene | is_pseudo=false
#
# Program:         hmmsearch
# Version:         3.4 (Aug 2023)
# Pipeline mode:   SEARCH
# Query file:      /v3/work/00_inventory/busco/busco_downloads/lineages/plasmodium_odb10/hmms/1382at5820.hmm
# Target file:     /v3/inputs/annotations/plasmodb-68/PvP01.proteins.fa
# Option settings: hmmsearch --domtblout /v3/work/00_inventory/busco/PvP01_proteins/run_plasmodium_odb10/hmmer_output/initial_run_results/1382at5820.out --cpu 1 /v3/work/00_inventory/busco/busco_downloads/lineages/plasmodium_odb10/hmms/1382at5820.hmm /v3/inputs/annotations/plasmodb-68/PvP01.proteins.fa 
# Current dir:     /v3/work/00_inventory/busco
# Date:            Tue May 19 17:31:30 2026
# [ok]
