#                                                                            --- full sequence --- -------------- this domain -------------   hmm coord   ali coord   env coord
# target name        accession   tlen query name           accession   qlen   E-value  score  bias   #  of  c-Evalue  i-Evalue  score  bias  from    to  from    to  from    to  acc description of target
#------------------- ---------- ----- -------------------- ---------- ----- --------- ------ ----- --- --- --------- --------- ------ ----- ----- ----- ----- ----- ----- ----- ---- ---------------------
PVP01_0320100.1-p1   -            115 14820at5820          -            100   3.1e-56  186.4   3.1   1   1   7.8e-59     1e-55  184.7   3.1     1   100     1   115     1   115 0.94 | transcript=PVP01_0320100.1 | gene=PVP01_0320100 | organism=Plasmodium_vivax_P01 | gene_product=mitochondrial import inner membrane translocase subunit TIM14, putative | transcript_product=mitochondrial import inner membrane translocase subunit TIM14, putative | location=PvP01_03_v2:837226-837864(+) | protein_length=115 | sequence_SO=chromosome | SO=protein_coding_gene | is_pseudo=false
PVP01_1311600.1-p1   -            421 14820at5820          -            100    0.0041   15.9   0.0   1   2   1.2e-05     0.015   14.1   0.0    46    98    20    75     2    77 0.76 | transcript=PVP01_1311600.1 | gene=PVP01_1311600 | organism=Plasmodium_vivax_P01 | gene_product=HSP40, subfamily A, putative | transcript_product=HSP40, subfamily A, putative | location=PvP01_13_v2:535292-537122(-) | protein_length=421 | sequence_SO=chromosome | SO=protein_coding_gene | is_pseudo=false
PVP01_1311600.1-p1   -            421 14820at5820          -            100    0.0041   15.9   0.0   2   2       1.2   1.6e+03   -2.0   0.0    64    93   312   342   265   349 0.56 | transcript=PVP01_1311600.1 | gene=PVP01_1311600 | organism=Plasmodium_vivax_P01 | gene_product=HSP40, subfamily A, putative | transcript_product=HSP40, subfamily A, putative | location=PvP01_13_v2:535292-537122(-) | protein_length=421 | sequence_SO=chromosome | SO=protein_coding_gene | is_pseudo=false
PVP01_1224200.1-p1   -            334 14820at5820          -            100    0.0056   15.5   0.2   1   2   1.8e-05     0.023   13.5   0.0    31    84    20    77     3    88 0.77 | transcript=PVP01_1224200.1 | gene=PVP01_1224200 | organism=Plasmodium_vivax_P01 | gene_product=DnaJ protein, putative | transcript_product=DnaJ protein, putative | location=PvP01_12_v2:937749-939756(+) | protein_length=334 | sequence_SO=chromosome | SO=protein_coding_gene | is_pseudo=false
PVP01_1224200.1-p1   -            334 14820at5820          -            100    0.0056   15.5   0.2   2   2       1.5     2e+03   -2.3   0.0    35    55   261   281   257   306 0.68 | transcript=PVP01_1224200.1 | gene=PVP01_1224200 | organism=Plasmodium_vivax_P01 | gene_product=DnaJ protein, putative | transcript_product=DnaJ protein, putative | location=PvP01_12_v2:937749-939756(+) | protein_length=334 | sequence_SO=chromosome | SO=protein_coding_gene | is_pseudo=false
PVP01_0114000.1-p1   -            856 14820at5820          -            100     0.018   13.9   0.0   1   1   3.8e-05     0.049   12.4   0.0    54    98   305   356   300   358 0.70 | transcript=PVP01_0114000.1 | gene=PVP01_0114000 | organism=Plasmodium_vivax_P01 | gene_product=DnaJ protein, putative | transcript_product=DnaJ protein, putative | location=PvP01_01_v2:626753-629323(+) | protein_length=856 | sequence_SO=chromosome | SO=protein_coding_gene | is_pseudo=false
PVP01_1020400.1-p1   -            123 14820at5820          -            100     0.026   13.3   0.7   1   1   3.3e-05     0.042   12.6   0.7    48    99    60   117    17   118 0.68 | transcript=PVP01_1020400.1 | gene=PVP01_1020400 | organism=Plasmodium_vivax_P01 | gene_product=mitochondrial import inner membrane translocase subunit TIM16, putative | transcript_product=mitochondrial import inner membrane translocase subunit TIM16, putative | location=PvP01_10_v2:884907-885465(-) | protein_length=123 | sequence_SO=chromosome | SO=protein_coding_gene | is_pseudo=false
#
# Program:         hmmsearch
# Version:         3.4 (Aug 2023)
# Pipeline mode:   SEARCH
# Query file:      /v3/work/00_inventory/busco/busco_downloads/lineages/plasmodium_odb10/hmms/14820at5820.hmm
# Target file:     /v3/inputs/annotations/plasmodb-68/PvP01.proteins.fa
# Option settings: hmmsearch --domtblout /v3/work/00_inventory/busco/PvP01_proteins/run_plasmodium_odb10/hmmer_output/initial_run_results/14820at5820.out --cpu 1 /v3/work/00_inventory/busco/busco_downloads/lineages/plasmodium_odb10/hmms/14820at5820.hmm /v3/inputs/annotations/plasmodb-68/PvP01.proteins.fa 
# Current dir:     /v3/work/00_inventory/busco
# Date:            Tue May 19 17:34:25 2026
# [ok]
