#                                                                            --- full sequence --- -------------- this domain -------------   hmm coord   ali coord   env coord
# target name        accession   tlen query name           accession   qlen   E-value  score  bias   #  of  c-Evalue  i-Evalue  score  bias  from    to  from    to  from    to  acc description of target
#------------------- ---------- ----- -------------------- ---------- ----- --------- ------ ----- --- --- --------- --------- ------ ----- ----- ----- ----- ----- ----- ----- ---- ---------------------
PVP01_1468200.1-p1   -            134 15113at5820          -            106     3e-43  144.9   3.6   1   2      0.04        88    2.0   0.8     3    27    11    35     9    48 0.66 | transcript=PVP01_1468200.1 | gene=PVP01_1468200 | organism=Plasmodium_vivax_P01 | gene_product=conserved Plasmodium protein, unknown function | transcript_product=conserved Plasmodium protein, unknown function | location=PvP01_14_v2:2905396-2906384(+) | protein_length=134 | sequence_SO=chromosome | SO=protein_coding_gene | is_pseudo=false
PVP01_1468200.1-p1   -            134 15113at5820          -            106     3e-43  144.9   3.6   2   2   1.4e-46     3e-43  144.9   3.6    20   106    48   134    35   134 0.94 | transcript=PVP01_1468200.1 | gene=PVP01_1468200 | organism=Plasmodium_vivax_P01 | gene_product=conserved Plasmodium protein, unknown function | transcript_product=conserved Plasmodium protein, unknown function | location=PvP01_14_v2:2905396-2906384(+) | protein_length=134 | sequence_SO=chromosome | SO=protein_coding_gene | is_pseudo=false
PVP01_0001520.1-p1   -            275 15113at5820          -            106    0.0032   16.2  14.0   1   3      0.06   1.3e+02    1.4   0.3    35    58    11    37     5    57 0.65 | transcript=PVP01_0001520.1 | gene=PVP01_0001520 | organism=Plasmodium_vivax_P01 | gene_product=Plasmodium exported protein, unknown function | transcript_product=Plasmodium exported protein, unknown function | location=Transfer.PvP01_00_2.final:302579-303533(+) | protein_length=275 | sequence_SO=contig | SO=protein_coding_gene | is_pseudo=false
PVP01_0001520.1-p1   -            275 15113at5820          -            106    0.0032   16.2  14.0   2   3   0.00059       1.3    7.9   1.3    65   103   155   192   106   193 0.76 | transcript=PVP01_0001520.1 | gene=PVP01_0001520 | organism=Plasmodium_vivax_P01 | gene_product=Plasmodium exported protein, unknown function | transcript_product=Plasmodium exported protein, unknown function | location=Transfer.PvP01_00_2.final:302579-303533(+) | protein_length=275 | sequence_SO=contig | SO=protein_coding_gene | is_pseudo=false
PVP01_0001520.1-p1   -            275 15113at5820          -            106    0.0032   16.2  14.0   3   3     7e-06     0.015   14.0   0.8    10    67   202   260   197   266 0.84 | transcript=PVP01_0001520.1 | gene=PVP01_0001520 | organism=Plasmodium_vivax_P01 | gene_product=Plasmodium exported protein, unknown function | transcript_product=Plasmodium exported protein, unknown function | location=Transfer.PvP01_00_2.final:302579-303533(+) | protein_length=275 | sequence_SO=contig | SO=protein_coding_gene | is_pseudo=false
PVP01_1006400.1-p1   -            170 15113at5820          -            106      0.19   10.6   7.8   1   2       0.4   8.7e+02   -1.2   0.0    52    72    53    73    49   101 0.64 | transcript=PVP01_1006400.1 | gene=PVP01_1006400 | organism=Plasmodium_vivax_P01 | gene_product=conserved Plasmodium protein, unknown function | transcript_product=conserved Plasmodium protein, unknown function | location=PvP01_10_v2:284022-284534(-) | protein_length=170 | sequence_SO=chromosome | SO=protein_coding_gene | is_pseudo=false
PVP01_1006400.1-p1   -            170 15113at5820          -            106      0.19   10.6   7.8   2   2   8.3e-05      0.18   10.6   6.3    37    96    93   152    71   161 0.74 | transcript=PVP01_1006400.1 | gene=PVP01_1006400 | organism=Plasmodium_vivax_P01 | gene_product=conserved Plasmodium protein, unknown function | transcript_product=conserved Plasmodium protein, unknown function | location=PvP01_10_v2:284022-284534(-) | protein_length=170 | sequence_SO=chromosome | SO=protein_coding_gene | is_pseudo=false
#
# Program:         hmmsearch
# Version:         3.4 (Aug 2023)
# Pipeline mode:   SEARCH
# Query file:      /v3/work/00_inventory/busco/busco_downloads/lineages/plasmodium_odb10/hmms/15113at5820.hmm
# Target file:     /v3/inputs/annotations/plasmodb-68/PvP01.proteins.fa
# Option settings: hmmsearch --domtblout /v3/work/00_inventory/busco/PvP01_proteins/run_plasmodium_odb10/hmmer_output/initial_run_results/15113at5820.out --cpu 1 /v3/work/00_inventory/busco/busco_downloads/lineages/plasmodium_odb10/hmms/15113at5820.hmm /v3/inputs/annotations/plasmodb-68/PvP01.proteins.fa 
# Current dir:     /v3/work/00_inventory/busco
# Date:            Tue May 19 17:35:07 2026
# [ok]
