#                                                                            --- full sequence --- -------------- this domain -------------   hmm coord   ali coord   env coord
# target name        accession   tlen query name           accession   qlen   E-value  score  bias   #  of  c-Evalue  i-Evalue  score  bias  from    to  from    to  from    to  acc description of target
#------------------- ---------- ----- -------------------- ---------- ----- --------- ------ ----- --- --- --------- --------- ------ ----- ----- ----- ----- ----- ----- ----- ---- ---------------------
PVP01_1269100.1-p1   -           4283 151at5820            -           3285         0 4867.3 400.3   1   6  9.7e-104  3.2e-100  334.7  36.3     1   277     1   356     1   360 0.88 | transcript=PVP01_1269100.1 | gene=PVP01_1269100 | organism=Plasmodium_vivax_P01 | gene_product=conserved Plasmodium protein, unknown function | transcript_product=conserved Plasmodium protein, unknown function | location=PvP01_12_v2:2889084-2902506(-) | protein_length=4283 | sequence_SO=chromosome | SO=protein_coding_gene | is_pseudo=false
PVP01_1269100.1-p1   -           4283 151at5820            -           3285         0 4867.3 400.3   2   6         0         0 1046.1  80.8   272   991   378  1295   368  1311 0.90 | transcript=PVP01_1269100.1 | gene=PVP01_1269100 | organism=Plasmodium_vivax_P01 | gene_product=conserved Plasmodium protein, unknown function | transcript_product=conserved Plasmodium protein, unknown function | location=PvP01_12_v2:2889084-2902506(-) | protein_length=4283 | sequence_SO=chromosome | SO=protein_coding_gene | is_pseudo=false
PVP01_1269100.1-p1   -           4283 151at5820            -           3285         0 4867.3 400.3   3   6   1.6e-87   5.3e-84  280.8   6.8   991  1198  1446  1669  1416  1679 0.86 | transcript=PVP01_1269100.1 | gene=PVP01_1269100 | organism=Plasmodium_vivax_P01 | gene_product=conserved Plasmodium protein, unknown function | transcript_product=conserved Plasmodium protein, unknown function | location=PvP01_12_v2:2889084-2902506(-) | protein_length=4283 | sequence_SO=chromosome | SO=protein_coding_gene | is_pseudo=false
PVP01_1269100.1-p1   -           4283 151at5820            -           3285         0 4867.3 400.3   4   6  6.5e-205  2.1e-201  670.4  20.6  1198  1652  1722  2270  1707  2286 0.93 | transcript=PVP01_1269100.1 | gene=PVP01_1269100 | organism=Plasmodium_vivax_P01 | gene_product=conserved Plasmodium protein, unknown function | transcript_product=conserved Plasmodium protein, unknown function | location=PvP01_12_v2:2889084-2902506(-) | protein_length=4283 | sequence_SO=chromosome | SO=protein_coding_gene | is_pseudo=false
PVP01_1269100.1-p1   -           4283 151at5820            -           3285         0 4867.3 400.3   5   6         0         0 1434.0 130.2  1655  2613  2316  3505  2305  3515 0.89 | transcript=PVP01_1269100.1 | gene=PVP01_1269100 | organism=Plasmodium_vivax_P01 | gene_product=conserved Plasmodium protein, unknown function | transcript_product=conserved Plasmodium protein, unknown function | location=PvP01_12_v2:2889084-2902506(-) | protein_length=4283 | sequence_SO=chromosome | SO=protein_coding_gene | is_pseudo=false
PVP01_1269100.1-p1   -           4283 151at5820            -           3285         0 4867.3 400.3   6   6         0         0 1114.2  87.3  2564  3285  3517  4283  3502  4283 0.87 | transcript=PVP01_1269100.1 | gene=PVP01_1269100 | organism=Plasmodium_vivax_P01 | gene_product=conserved Plasmodium protein, unknown function | transcript_product=conserved Plasmodium protein, unknown function | location=PvP01_12_v2:2889084-2902506(-) | protein_length=4283 | sequence_SO=chromosome | SO=protein_coding_gene | is_pseudo=false
PVP01_0714000.1-p1   -            263 151at5820            -           3285       4.3    2.4  11.4   1   1    0.0016       5.4    2.1  11.4   120   234     6   120     2   127 0.65 | transcript=PVP01_0714000.1 | gene=PVP01_0714000 | organism=Plasmodium_vivax_P01 | gene_product=conserved Plasmodium protein, unknown function | transcript_product=conserved Plasmodium protein, unknown function | location=PvP01_07_v2:648629-649420(+) | protein_length=263 | sequence_SO=chromosome | SO=protein_coding_gene | is_pseudo=false
#
# Program:         hmmsearch
# Version:         3.4 (Aug 2023)
# Pipeline mode:   SEARCH
# Query file:      /v3/work/00_inventory/busco/busco_downloads/lineages/plasmodium_odb10/hmms/151at5820.hmm
# Target file:     /v3/inputs/annotations/plasmodb-68/PvP01.proteins.fa
# Option settings: hmmsearch --domtblout /v3/work/00_inventory/busco/PvP01_proteins/run_plasmodium_odb10/hmmer_output/initial_run_results/151at5820.out --cpu 1 /v3/work/00_inventory/busco/busco_downloads/lineages/plasmodium_odb10/hmms/151at5820.hmm /v3/inputs/annotations/plasmodb-68/PvP01.proteins.fa 
# Current dir:     /v3/work/00_inventory/busco
# Date:            Tue May 19 17:35:20 2026
# [ok]
