#                                                                            --- full sequence --- -------------- this domain -------------   hmm coord   ali coord   env coord
# target name        accession   tlen query name           accession   qlen   E-value  score  bias   #  of  c-Evalue  i-Evalue  score  bias  from    to  from    to  from    to  acc description of target
#------------------- ---------- ----- -------------------- ---------- ----- --------- ------ ----- --- --- --------- --------- ------ ----- ----- ----- ----- ----- ----- ----- ---- ---------------------
PVP01_1248300.1-p1   -           1325 2040at5820           -            784         0 1098.1 115.3   1   7   1.5e-47   9.6e-44  148.5   7.0     1   115     1   135     1   155 0.87 | transcript=PVP01_1248300.1 | gene=PVP01_1248300 | organism=Plasmodium_vivax_P01 | gene_product=zinc finger protein, putative | transcript_product=zinc finger protein, putative | location=PvP01_12_v2:1960520-1964497(-) | protein_length=1325 | sequence_SO=chromosome | SO=protein_coding_gene | is_pseudo=false
PVP01_1248300.1-p1   -           1325 2040at5820           -            784         0 1098.1 115.3   2   7   1.3e-94   8.4e-91  304.2  14.4   118   283   224   391   220   408 0.95 | transcript=PVP01_1248300.1 | gene=PVP01_1248300 | organism=Plasmodium_vivax_P01 | gene_product=zinc finger protein, putative | transcript_product=zinc finger protein, putative | location=PvP01_12_v2:1960520-1964497(-) | protein_length=1325 | sequence_SO=chromosome | SO=protein_coding_gene | is_pseudo=false
PVP01_1248300.1-p1   -           1325 2040at5820           -            784         0 1098.1 115.3   3   7   9.8e-06     0.064   10.2   0.6   291   320   525   557   514   566 0.85 | transcript=PVP01_1248300.1 | gene=PVP01_1248300 | organism=Plasmodium_vivax_P01 | gene_product=zinc finger protein, putative | transcript_product=zinc finger protein, putative | location=PvP01_12_v2:1960520-1964497(-) | protein_length=1325 | sequence_SO=chromosome | SO=protein_coding_gene | is_pseudo=false
PVP01_1248300.1-p1   -           1325 2040at5820           -            784         0 1098.1 115.3   4   7   8.4e-48   5.5e-44  149.4   3.7   313   402   594   686   589   703 0.91 | transcript=PVP01_1248300.1 | gene=PVP01_1248300 | organism=Plasmodium_vivax_P01 | gene_product=zinc finger protein, putative | transcript_product=zinc finger protein, putative | location=PvP01_12_v2:1960520-1964497(-) | protein_length=1325 | sequence_SO=chromosome | SO=protein_coding_gene | is_pseudo=false
PVP01_1248300.1-p1   -           1325 2040at5820           -            784         0 1098.1 115.3   5   7   5.3e-14   3.4e-10   37.6   0.0   399   437   712   750   699   755 0.83 | transcript=PVP01_1248300.1 | gene=PVP01_1248300 | organism=Plasmodium_vivax_P01 | gene_product=zinc finger protein, putative | transcript_product=zinc finger protein, putative | location=PvP01_12_v2:1960520-1964497(-) | protein_length=1325 | sequence_SO=chromosome | SO=protein_coding_gene | is_pseudo=false
PVP01_1248300.1-p1   -           1325 2040at5820           -            784         0 1098.1 115.3   6   7   9.2e-58     6e-54  182.3  20.7   437   576   862  1014   856  1023 0.91 | transcript=PVP01_1248300.1 | gene=PVP01_1248300 | organism=Plasmodium_vivax_P01 | gene_product=zinc finger protein, putative | transcript_product=zinc finger protein, putative | location=PvP01_12_v2:1960520-1964497(-) | protein_length=1325 | sequence_SO=chromosome | SO=protein_coding_gene | is_pseudo=false
PVP01_1248300.1-p1   -           1325 2040at5820           -            784         0 1098.1 115.3   7   7   4.4e-92   2.9e-88  295.8  28.3   571   776  1072  1302  1066  1311 0.90 | transcript=PVP01_1248300.1 | gene=PVP01_1248300 | organism=Plasmodium_vivax_P01 | gene_product=zinc finger protein, putative | transcript_product=zinc finger protein, putative | location=PvP01_12_v2:1960520-1964497(-) | protein_length=1325 | sequence_SO=chromosome | SO=protein_coding_gene | is_pseudo=false
#
# Program:         hmmsearch
# Version:         3.4 (Aug 2023)
# Pipeline mode:   SEARCH
# Query file:      /v3/work/00_inventory/busco/busco_downloads/lineages/plasmodium_odb10/hmms/2040at5820.hmm
# Target file:     /v3/inputs/annotations/plasmodb-68/PvP01.proteins.fa
# Option settings: hmmsearch --domtblout /v3/work/00_inventory/busco/PvP01_proteins/run_plasmodium_odb10/hmmer_output/initial_run_results/2040at5820.out --cpu 1 /v3/work/00_inventory/busco/busco_downloads/lineages/plasmodium_odb10/hmms/2040at5820.hmm /v3/inputs/annotations/plasmodb-68/PvP01.proteins.fa 
# Current dir:     /v3/work/00_inventory/busco
# Date:            Tue May 19 17:33:51 2026
# [ok]
