#                                                                            --- full sequence --- -------------- this domain -------------   hmm coord   ali coord   env coord
# target name        accession   tlen query name           accession   qlen   E-value  score  bias   #  of  c-Evalue  i-Evalue  score  bias  from    to  from    to  from    to  acc description of target
#------------------- ---------- ----- -------------------- ---------- ----- --------- ------ ----- --- --- --------- --------- ------ ----- ----- ----- ----- ----- ----- ----- ---- ---------------------
PVP01_0729100.1-p1   -           1399 2092at5820           -            853         0 1281.7 131.9   1   7   1.1e-37   7.1e-34  115.6   8.7     1    74     1    74     1    98 0.88 | transcript=PVP01_0729100.1 | gene=PVP01_0729100 | organism=Plasmodium_vivax_P01 | gene_product=diacylglycerol kinase, putative | transcript_product=diacylglycerol kinase, putative | location=PvP01_07_v2:1226520-1230924(-) | protein_length=1399 | sequence_SO=chromosome | SO=protein_coding_gene | is_pseudo=false
PVP01_0729100.1-p1   -           1399 2092at5820           -            853         0 1281.7 131.9   2   7  6.5e-103   4.2e-99  331.3  33.6    75   266   105   313    93   319 0.91 | transcript=PVP01_0729100.1 | gene=PVP01_0729100 | organism=Plasmodium_vivax_P01 | gene_product=diacylglycerol kinase, putative | transcript_product=diacylglycerol kinase, putative | location=PvP01_07_v2:1226520-1230924(-) | protein_length=1399 | sequence_SO=chromosome | SO=protein_coding_gene | is_pseudo=false
PVP01_0729100.1-p1   -           1399 2092at5820           -            853         0 1281.7 131.9   3   7   2.9e-70   1.9e-66  223.3  19.1   273   432   381   568   377   609 0.83 | transcript=PVP01_0729100.1 | gene=PVP01_0729100 | organism=Plasmodium_vivax_P01 | gene_product=diacylglycerol kinase, putative | transcript_product=diacylglycerol kinase, putative | location=PvP01_07_v2:1226520-1230924(-) | protein_length=1399 | sequence_SO=chromosome | SO=protein_coding_gene | is_pseudo=false
PVP01_0729100.1-p1   -           1399 2092at5820           -            853         0 1281.7 131.9   4   7   2.6e-12   1.7e-08   31.6   8.4   436   529   736   842   700   858 0.73 | transcript=PVP01_0729100.1 | gene=PVP01_0729100 | organism=Plasmodium_vivax_P01 | gene_product=diacylglycerol kinase, putative | transcript_product=diacylglycerol kinase, putative | location=PvP01_07_v2:1226520-1230924(-) | protein_length=1399 | sequence_SO=chromosome | SO=protein_coding_gene | is_pseudo=false
PVP01_0729100.1-p1   -           1399 2092at5820           -            853         0 1281.7 131.9   5   7   0.00014      0.93    6.0   0.1   501   554   900   950   891   956 0.66 | transcript=PVP01_0729100.1 | gene=PVP01_0729100 | organism=Plasmodium_vivax_P01 | gene_product=diacylglycerol kinase, putative | transcript_product=diacylglycerol kinase, putative | location=PvP01_07_v2:1226520-1230924(-) | protein_length=1399 | sequence_SO=chromosome | SO=protein_coding_gene | is_pseudo=false
PVP01_0729100.1-p1   -           1399 2092at5820           -            853         0 1281.7 131.9   6   7  9.9e-118  6.4e-114  380.4   9.5   547   738   968  1158   965  1174 0.97 | transcript=PVP01_0729100.1 | gene=PVP01_0729100 | organism=Plasmodium_vivax_P01 | gene_product=diacylglycerol kinase, putative | transcript_product=diacylglycerol kinase, putative | location=PvP01_07_v2:1226520-1230924(-) | protein_length=1399 | sequence_SO=chromosome | SO=protein_coding_gene | is_pseudo=false
PVP01_0729100.1-p1   -           1399 2092at5820           -            853         0 1281.7 131.9   7   7   6.4e-68   4.2e-64  215.6   8.5   744   853  1290  1399  1279  1399 0.97 | transcript=PVP01_0729100.1 | gene=PVP01_0729100 | organism=Plasmodium_vivax_P01 | gene_product=diacylglycerol kinase, putative | transcript_product=diacylglycerol kinase, putative | location=PvP01_07_v2:1226520-1230924(-) | protein_length=1399 | sequence_SO=chromosome | SO=protein_coding_gene | is_pseudo=false
#
# Program:         hmmsearch
# Version:         3.4 (Aug 2023)
# Pipeline mode:   SEARCH
# Query file:      /v3/work/00_inventory/busco/busco_downloads/lineages/plasmodium_odb10/hmms/2092at5820.hmm
# Target file:     /v3/inputs/annotations/plasmodb-68/PvP01.proteins.fa
# Option settings: hmmsearch --domtblout /v3/work/00_inventory/busco/PvP01_proteins/run_plasmodium_odb10/hmmer_output/initial_run_results/2092at5820.out --cpu 1 /v3/work/00_inventory/busco/busco_downloads/lineages/plasmodium_odb10/hmms/2092at5820.hmm /v3/inputs/annotations/plasmodb-68/PvP01.proteins.fa 
# Current dir:     /v3/work/00_inventory/busco
# Date:            Tue May 19 17:33:59 2026
# [ok]
