#                                                                            --- full sequence --- -------------- this domain -------------   hmm coord   ali coord   env coord
# target name        accession   tlen query name           accession   qlen   E-value  score  bias   #  of  c-Evalue  i-Evalue  score  bias  from    to  from    to  from    to  acc description of target
#------------------- ---------- ----- -------------------- ---------- ----- --------- ------ ----- --- --- --------- --------- ------ ----- ----- ----- ----- ----- ----- ----- ---- ---------------------
PVP01_0104900.1-p1   -           1333 2218at5820           -            798         0 1093.6  95.9   1   7   6.2e-74     2e-70  236.8  14.5     1   160     7   187     7   210 0.86 | transcript=PVP01_0104900.1 | gene=PVP01_0104900 | organism=Plasmodium_vivax_P01 | gene_product=phosphopantetheine adenylyltransferase, putative | transcript_product=phosphopantetheine adenylyltransferase, putative | location=PvP01_01_v2:267073-271074(+) | protein_length=1333 | sequence_SO=chromosome | SO=protein_coding_gene | is_pseudo=false
PVP01_0104900.1-p1   -           1333 2218at5820           -            798         0 1093.6  95.9   2   7   2.1e-75   6.9e-72  241.7  19.7   170   301   245   376   239   383 0.97 | transcript=PVP01_0104900.1 | gene=PVP01_0104900 | organism=Plasmodium_vivax_P01 | gene_product=phosphopantetheine adenylyltransferase, putative | transcript_product=phosphopantetheine adenylyltransferase, putative | location=PvP01_01_v2:267073-271074(+) | protein_length=1333 | sequence_SO=chromosome | SO=protein_coding_gene | is_pseudo=false
PVP01_0104900.1-p1   -           1333 2218at5820           -            798         0 1093.6  95.9   3   7   3.9e-28   1.3e-24   85.3   1.3   303   376   432   514   425   518 0.82 | transcript=PVP01_0104900.1 | gene=PVP01_0104900 | organism=Plasmodium_vivax_P01 | gene_product=phosphopantetheine adenylyltransferase, putative | transcript_product=phosphopantetheine adenylyltransferase, putative | location=PvP01_01_v2:267073-271074(+) | protein_length=1333 | sequence_SO=chromosome | SO=protein_coding_gene | is_pseudo=false
PVP01_0104900.1-p1   -           1333 2218at5820           -            798         0 1093.6  95.9   4   7   1.1e-48   3.4e-45  153.4   0.2   373   463   553   643   539   647 0.95 | transcript=PVP01_0104900.1 | gene=PVP01_0104900 | organism=Plasmodium_vivax_P01 | gene_product=phosphopantetheine adenylyltransferase, putative | transcript_product=phosphopantetheine adenylyltransferase, putative | location=PvP01_01_v2:267073-271074(+) | protein_length=1333 | sequence_SO=chromosome | SO=protein_coding_gene | is_pseudo=false
PVP01_0104900.1-p1   -           1333 2218at5820           -            798         0 1093.6  95.9   5   7   4.6e-52   1.5e-48  164.5   6.5   462   583   686   821   669   834 0.90 | transcript=PVP01_0104900.1 | gene=PVP01_0104900 | organism=Plasmodium_vivax_P01 | gene_product=phosphopantetheine adenylyltransferase, putative | transcript_product=phosphopantetheine adenylyltransferase, putative | location=PvP01_01_v2:267073-271074(+) | protein_length=1333 | sequence_SO=chromosome | SO=protein_coding_gene | is_pseudo=false
PVP01_0104900.1-p1   -           1333 2218at5820           -            798         0 1093.6  95.9   6   7    0.0029       9.4    3.1   0.0   578   605   916   943   908   956 0.85 | transcript=PVP01_0104900.1 | gene=PVP01_0104900 | organism=Plasmodium_vivax_P01 | gene_product=phosphopantetheine adenylyltransferase, putative | transcript_product=phosphopantetheine adenylyltransferase, putative | location=PvP01_01_v2:267073-271074(+) | protein_length=1333 | sequence_SO=chromosome | SO=protein_coding_gene | is_pseudo=false
PVP01_0104900.1-p1   -           1333 2218at5820           -            798         0 1093.6  95.9   7   7   9.4e-74   3.1e-70  236.2  15.3   604   798  1080  1331  1074  1331 0.82 | transcript=PVP01_0104900.1 | gene=PVP01_0104900 | organism=Plasmodium_vivax_P01 | gene_product=phosphopantetheine adenylyltransferase, putative | transcript_product=phosphopantetheine adenylyltransferase, putative | location=PvP01_01_v2:267073-271074(+) | protein_length=1333 | sequence_SO=chromosome | SO=protein_coding_gene | is_pseudo=false
PVP01_1019100.1-p1   -            978 2218at5820           -            798      0.02   11.9   0.2   1   1   9.4e-06     0.031   11.3   0.2   303   374   672   744   627   753 0.81 | transcript=PVP01_1019100.1 | gene=PVP01_1019100 | organism=Plasmodium_vivax_P01 | gene_product=inositol polyphosphate multikinase, putative | transcript_product=inositol polyphosphate multikinase, putative | location=PvP01_10_v2:842614-845550(+) | protein_length=978 | sequence_SO=chromosome | SO=protein_coding_gene | is_pseudo=false
#
# Program:         hmmsearch
# Version:         3.4 (Aug 2023)
# Pipeline mode:   SEARCH
# Query file:      /v3/work/00_inventory/busco/busco_downloads/lineages/plasmodium_odb10/hmms/2218at5820.hmm
# Target file:     /v3/inputs/annotations/plasmodb-68/PvP01.proteins.fa
# Option settings: hmmsearch --domtblout /v3/work/00_inventory/busco/PvP01_proteins/run_plasmodium_odb10/hmmer_output/initial_run_results/2218at5820.out --cpu 1 /v3/work/00_inventory/busco/busco_downloads/lineages/plasmodium_odb10/hmms/2218at5820.hmm /v3/inputs/annotations/plasmodb-68/PvP01.proteins.fa 
# Current dir:     /v3/work/00_inventory/busco
# Date:            Tue May 19 17:34:33 2026
# [ok]
