#                                                                            --- full sequence --- -------------- this domain -------------   hmm coord   ali coord   env coord
# target name        accession   tlen query name           accession   qlen   E-value  score  bias   #  of  c-Evalue  i-Evalue  score  bias  from    to  from    to  from    to  acc description of target
#------------------- ---------- ----- -------------------- ---------- ----- --------- ------ ----- --- --- --------- --------- ------ ----- ----- ----- ----- ----- ----- ----- ---- ---------------------
PVP01_0303200.1-p1   -           1451 2371at5820           -            625  1.8e-263  874.2  98.9   1   7   1.7e-52   1.1e-48  164.7  16.5     1   146    36   239    36   244 0.82 | transcript=PVP01_0303200.1 | gene=PVP01_0303200 | organism=Plasmodium_vivax_P01 | gene_product=SET domain protein, putative | transcript_product=SET domain protein, putative | location=PvP01_03_v2:165049-169599(+) | protein_length=1451 | sequence_SO=chromosome | SO=protein_coding_gene | is_pseudo=false
PVP01_0303200.1-p1   -           1451 2371at5820           -            625  1.8e-263  874.2  98.9   2   7   2.9e-10   1.9e-06   25.2   1.6   144   173   276   305   268   308 0.92 | transcript=PVP01_0303200.1 | gene=PVP01_0303200 | organism=Plasmodium_vivax_P01 | gene_product=SET domain protein, putative | transcript_product=SET domain protein, putative | location=PvP01_03_v2:165049-169599(+) | protein_length=1451 | sequence_SO=chromosome | SO=protein_coding_gene | is_pseudo=false
PVP01_0303200.1-p1   -           1451 2371at5820           -            625  1.8e-263  874.2  98.9   3   7   3.4e-05      0.22    8.5   1.8   163   192   420   449   361   479 0.78 | transcript=PVP01_0303200.1 | gene=PVP01_0303200 | organism=Plasmodium_vivax_P01 | gene_product=SET domain protein, putative | transcript_product=SET domain protein, putative | location=PvP01_03_v2:165049-169599(+) | protein_length=1451 | sequence_SO=chromosome | SO=protein_coding_gene | is_pseudo=false
PVP01_0303200.1-p1   -           1451 2371at5820           -            625  1.8e-263  874.2  98.9   4   7   1.4e-06    0.0089   13.1   1.5   179   211   475   507   461   514 0.74 | transcript=PVP01_0303200.1 | gene=PVP01_0303200 | organism=Plasmodium_vivax_P01 | gene_product=SET domain protein, putative | transcript_product=SET domain protein, putative | location=PvP01_03_v2:165049-169599(+) | protein_length=1451 | sequence_SO=chromosome | SO=protein_coding_gene | is_pseudo=false
PVP01_0303200.1-p1   -           1451 2371at5820           -            625  1.8e-263  874.2  98.9   5   7   1.3e-25   8.4e-22   76.0   5.3   219   293   762   855   696   860 0.80 | transcript=PVP01_0303200.1 | gene=PVP01_0303200 | organism=Plasmodium_vivax_P01 | gene_product=SET domain protein, putative | transcript_product=SET domain protein, putative | location=PvP01_03_v2:165049-169599(+) | protein_length=1451 | sequence_SO=chromosome | SO=protein_coding_gene | is_pseudo=false
PVP01_0303200.1-p1   -           1451 2371at5820           -            625  1.8e-263  874.2  98.9   6   7   1.7e-37   1.1e-33  115.2   0.9   294   383   998  1101   993  1105 0.89 | transcript=PVP01_0303200.1 | gene=PVP01_0303200 | organism=Plasmodium_vivax_P01 | gene_product=SET domain protein, putative | transcript_product=SET domain protein, putative | location=PvP01_03_v2:165049-169599(+) | protein_length=1451 | sequence_SO=chromosome | SO=protein_coding_gene | is_pseudo=false
PVP01_0303200.1-p1   -           1451 2371at5820           -            625  1.8e-263  874.2  98.9   7   7  1.7e-154  1.1e-150  501.7  27.8   380   625  1202  1451  1194  1451 0.98 | transcript=PVP01_0303200.1 | gene=PVP01_0303200 | organism=Plasmodium_vivax_P01 | gene_product=SET domain protein, putative | transcript_product=SET domain protein, putative | location=PvP01_03_v2:165049-169599(+) | protein_length=1451 | sequence_SO=chromosome | SO=protein_coding_gene | is_pseudo=false
#
# Program:         hmmsearch
# Version:         3.4 (Aug 2023)
# Pipeline mode:   SEARCH
# Query file:      /v3/work/00_inventory/busco/busco_downloads/lineages/plasmodium_odb10/hmms/2371at5820.hmm
# Target file:     /v3/inputs/annotations/plasmodb-68/PvP01.proteins.fa
# Option settings: hmmsearch --domtblout /v3/work/00_inventory/busco/PvP01_proteins/run_plasmodium_odb10/hmmer_output/initial_run_results/2371at5820.out --cpu 1 /v3/work/00_inventory/busco/busco_downloads/lineages/plasmodium_odb10/hmms/2371at5820.hmm /v3/inputs/annotations/plasmodb-68/PvP01.proteins.fa 
# Current dir:     /v3/work/00_inventory/busco
# Date:            Tue May 19 17:35:24 2026
# [ok]
