#                                                                            --- full sequence --- -------------- this domain -------------   hmm coord   ali coord   env coord
# target name        accession   tlen query name           accession   qlen   E-value  score  bias   #  of  c-Evalue  i-Evalue  score  bias  from    to  from    to  from    to  acc description of target
#------------------- ---------- ----- -------------------- ---------- ----- --------- ------ ----- --- --- --------- --------- ------ ----- ----- ----- ----- ----- ----- ----- ---- ---------------------
PVP01_1309900.1-p1   -           1407 2866at5820           -            593  5.6e-272  901.8  48.0   1   4   7.5e-14   2.5e-10   37.8   0.1     1    37     1    39     1    43 0.92 | transcript=PVP01_1309900.1 | gene=PVP01_1309900 | organism=Plasmodium_vivax_P01 | gene_product=kelch protein, putative | transcript_product=kelch protein, putative | location=PvP01_13_v2:454192-458415(-) | protein_length=1407 | sequence_SO=chromosome | SO=protein_coding_gene | is_pseudo=false
PVP01_1309900.1-p1   -           1407 2866at5820           -            593  5.6e-272  901.8  48.0   2   4   7.8e-60   2.5e-56  189.6   0.1    35   158   180   317   174   358 0.82 | transcript=PVP01_1309900.1 | gene=PVP01_1309900 | organism=Plasmodium_vivax_P01 | gene_product=kelch protein, putative | transcript_product=kelch protein, putative | location=PvP01_13_v2:454192-458415(-) | protein_length=1407 | sequence_SO=chromosome | SO=protein_coding_gene | is_pseudo=false
PVP01_1309900.1-p1   -           1407 2866at5820           -            593  5.6e-272  901.8  48.0   3   4    1e-193  3.3e-190  631.8  32.2   154   536   518   951   489   955 0.88 | transcript=PVP01_1309900.1 | gene=PVP01_1309900 | organism=Plasmodium_vivax_P01 | gene_product=kelch protein, putative | transcript_product=kelch protein, putative | location=PvP01_13_v2:454192-458415(-) | protein_length=1407 | sequence_SO=chromosome | SO=protein_coding_gene | is_pseudo=false
PVP01_1309900.1-p1   -           1407 2866at5820           -            593  5.6e-272  901.8  48.0   4   4   1.6e-16   5.4e-13   46.6   1.2   549   593  1363  1407  1347  1407 0.78 | transcript=PVP01_1309900.1 | gene=PVP01_1309900 | organism=Plasmodium_vivax_P01 | gene_product=kelch protein, putative | transcript_product=kelch protein, putative | location=PvP01_13_v2:454192-458415(-) | protein_length=1407 | sequence_SO=chromosome | SO=protein_coding_gene | is_pseudo=false
PVP01_1240700.1-p1   -            878 2866at5820           -            593   1.2e-21   75.1   0.0   1   3    0.0021       6.7    3.3   0.0   226   272    16    61    12    63 0.85 | transcript=PVP01_1240700.1 | gene=PVP01_1240700 | organism=Plasmodium_vivax_P01 | gene_product=protein phosphatase containing kelch-like domains, putative | transcript_product=protein phosphatase containing kelch-like domains, putative | location=PvP01_12_v2:1642983-1645747(-) | protein_length=878 | sequence_SO=chromosome | SO=protein_coding_gene | is_pseudo=false
PVP01_1240700.1-p1   -            878 2866at5820           -            593   1.2e-21   75.1   0.0   2   3   8.7e-10   2.8e-06   24.4   0.0    83   149    54   116    45   121 0.90 | transcript=PVP01_1240700.1 | gene=PVP01_1240700 | organism=Plasmodium_vivax_P01 | gene_product=protein phosphatase containing kelch-like domains, putative | transcript_product=protein phosphatase containing kelch-like domains, putative | location=PvP01_12_v2:1642983-1645747(-) | protein_length=878 | sequence_SO=chromosome | SO=protein_coding_gene | is_pseudo=false
PVP01_1240700.1-p1   -            878 2866at5820           -            593   1.2e-21   75.1   0.0   3   3   3.8e-17   1.2e-13   48.7   0.0   216   424   116   321   105   348 0.81 | transcript=PVP01_1240700.1 | gene=PVP01_1240700 | organism=Plasmodium_vivax_P01 | gene_product=protein phosphatase containing kelch-like domains, putative | transcript_product=protein phosphatase containing kelch-like domains, putative | location=PvP01_12_v2:1642983-1645747(-) | protein_length=878 | sequence_SO=chromosome | SO=protein_coding_gene | is_pseudo=false
#
# Program:         hmmsearch
# Version:         3.4 (Aug 2023)
# Pipeline mode:   SEARCH
# Query file:      /v3/work/00_inventory/busco/busco_downloads/lineages/plasmodium_odb10/hmms/2866at5820.hmm
# Target file:     /v3/inputs/annotations/plasmodb-68/PvP01.proteins.fa
# Option settings: hmmsearch --domtblout /v3/work/00_inventory/busco/PvP01_proteins/run_plasmodium_odb10/hmmer_output/initial_run_results/2866at5820.out --cpu 1 /v3/work/00_inventory/busco/busco_downloads/lineages/plasmodium_odb10/hmms/2866at5820.hmm /v3/inputs/annotations/plasmodb-68/PvP01.proteins.fa 
# Current dir:     /v3/work/00_inventory/busco
# Date:            Tue May 19 17:38:13 2026
# [ok]
