#                                                                            --- full sequence --- -------------- this domain -------------   hmm coord   ali coord   env coord
# target name        accession   tlen query name           accession   qlen   E-value  score  bias   #  of  c-Evalue  i-Evalue  score  bias  from    to  from    to  from    to  acc description of target
#------------------- ---------- ----- -------------------- ---------- ----- --------- ------ ----- --- --- --------- --------- ------ ----- ----- ----- ----- ----- ----- ----- ---- ---------------------
PVP01_1250200.1-p1   -            710 4629at5820           -            542         0 1142.8  54.6   1   2   3.7e-44     8e-41  138.5   8.1     7    88    58   142    51   154 0.93 | transcript=PVP01_1250200.1 | gene=PVP01_1250200 | organism=Plasmodium_vivax_P01 | gene_product=conserved Plasmodium protein, unknown function | transcript_product=conserved Plasmodium protein, unknown function | location=PvP01_12_v2:2049763-2051895(+) | protein_length=710 | sequence_SO=chromosome | SO=protein_coding_gene | is_pseudo=false
PVP01_1250200.1-p1   -            710 4629at5820           -            542         0 1142.8  54.6   2   2         0         0 1010.0  38.4    79   542   228   710   212   710 0.98 | transcript=PVP01_1250200.1 | gene=PVP01_1250200 | organism=Plasmodium_vivax_P01 | gene_product=conserved Plasmodium protein, unknown function | transcript_product=conserved Plasmodium protein, unknown function | location=PvP01_12_v2:2049763-2051895(+) | protein_length=710 | sequence_SO=chromosome | SO=protein_coding_gene | is_pseudo=false
PVP01_1427800.1-p1   -            545 4629at5820           -            542   9.9e-18   62.3  10.5   1   4      0.14     3e+02   -2.0   0.1     6    39    63    96    58   117 0.82 | transcript=PVP01_1427800.1 | gene=PVP01_1427800 | organism=Plasmodium_vivax_P01 | gene_product=karyopherin alpha, putative | transcript_product=karyopherin alpha, putative | location=PvP01_14_v2:1187458-1189095(+) | protein_length=545 | sequence_SO=chromosome | SO=protein_coding_gene | is_pseudo=false
PVP01_1427800.1-p1   -            545 4629at5820           -            542   9.9e-18   62.3  10.5   2   4    0.0063        14    2.4   0.0   381   430   127   175   106   183 0.81 | transcript=PVP01_1427800.1 | gene=PVP01_1427800 | organism=Plasmodium_vivax_P01 | gene_product=karyopherin alpha, putative | transcript_product=karyopherin alpha, putative | location=PvP01_14_v2:1187458-1189095(+) | protein_length=545 | sequence_SO=chromosome | SO=protein_coding_gene | is_pseudo=false
PVP01_1427800.1-p1   -            545 4629at5820           -            542   9.9e-18   62.3  10.5   3   4   2.7e-05     0.058   10.3   0.1   327   412   149   243   139   256 0.68 | transcript=PVP01_1427800.1 | gene=PVP01_1427800 | organism=Plasmodium_vivax_P01 | gene_product=karyopherin alpha, putative | transcript_product=karyopherin alpha, putative | location=PvP01_14_v2:1187458-1189095(+) | protein_length=545 | sequence_SO=chromosome | SO=protein_coding_gene | is_pseudo=false
PVP01_1427800.1-p1   -            545 4629at5820           -            542   9.9e-18   62.3  10.5   4   4   8.7e-17   1.9e-13   48.2   2.6   348   534   349   513   337   520 0.85 | transcript=PVP01_1427800.1 | gene=PVP01_1427800 | organism=Plasmodium_vivax_P01 | gene_product=karyopherin alpha, putative | transcript_product=karyopherin alpha, putative | location=PvP01_14_v2:1187458-1189095(+) | protein_length=545 | sequence_SO=chromosome | SO=protein_coding_gene | is_pseudo=false
PVP01_0803000.1-p1   -            220 4629at5820           -            542    0.0019   15.1   1.6   1   1   1.1e-06    0.0024   14.8   1.6    75   160    16   103     9   150 0.77 | transcript=PVP01_0803000.1 | gene=PVP01_0803000 | organism=Plasmodium_vivax_P01 | gene_product=ribosome-binding factor A, putative | transcript_product=ribosome-binding factor A, putative | location=PvP01_08_v2:149660-150485(+) | protein_length=220 | sequence_SO=chromosome | SO=protein_coding_gene | is_pseudo=false
#
# Program:         hmmsearch
# Version:         3.4 (Aug 2023)
# Pipeline mode:   SEARCH
# Query file:      /v3/work/00_inventory/busco/busco_downloads/lineages/plasmodium_odb10/hmms/4629at5820.hmm
# Target file:     /v3/inputs/annotations/plasmodb-68/PvP01.proteins.fa
# Option settings: hmmsearch --domtblout /v3/work/00_inventory/busco/PvP01_proteins/run_plasmodium_odb10/hmmer_output/initial_run_results/4629at5820.out --cpu 1 /v3/work/00_inventory/busco/busco_downloads/lineages/plasmodium_odb10/hmms/4629at5820.hmm /v3/inputs/annotations/plasmodb-68/PvP01.proteins.fa 
# Current dir:     /v3/work/00_inventory/busco
# Date:            Tue May 19 17:42:30 2026
# [ok]
