#                                                                            --- full sequence --- -------------- this domain -------------   hmm coord   ali coord   env coord
# target name        accession   tlen query name           accession   qlen   E-value  score  bias   #  of  c-Evalue  i-Evalue  score  bias  from    to  from    to  from    to  acc description of target
#------------------- ---------- ----- -------------------- ---------- ----- --------- ------ ----- --- --- --------- --------- ------ ----- ----- ----- ----- ----- ----- ----- ---- ---------------------
PVP01_0713900.1-p1   -            665 5032at5820           -            389  2.4e-153  509.2  21.7   1   8   9.8e-20   6.4e-16   56.8   0.0     1    39     1    39     1    46 0.95 | transcript=PVP01_0713900.1 | gene=PVP01_0713900 | organism=Plasmodium_vivax_P01 | gene_product=conserved Plasmodium protein, unknown function | transcript_product=conserved Plasmodium protein, unknown function | location=PvP01_07_v2:645949-647946(+) | protein_length=665 | sequence_SO=chromosome | SO=protein_coding_gene | is_pseudo=false
PVP01_0713900.1-p1   -            665 5032at5820           -            389  2.4e-153  509.2  21.7   2   8   1.2e-59   7.6e-56  188.3   5.0    35   150    80   205    62   221 0.90 | transcript=PVP01_0713900.1 | gene=PVP01_0713900 | organism=Plasmodium_vivax_P01 | gene_product=conserved Plasmodium protein, unknown function | transcript_product=conserved Plasmodium protein, unknown function | location=PvP01_07_v2:645949-647946(+) | protein_length=665 | sequence_SO=chromosome | SO=protein_coding_gene | is_pseudo=false
PVP01_0713900.1-p1   -            665 5032at5820           -            389  2.4e-153  509.2  21.7   3   8   1.8e-21   1.1e-17   62.6   0.0   148   198   230   280   224   291 0.90 | transcript=PVP01_0713900.1 | gene=PVP01_0713900 | organism=Plasmodium_vivax_P01 | gene_product=conserved Plasmodium protein, unknown function | transcript_product=conserved Plasmodium protein, unknown function | location=PvP01_07_v2:645949-647946(+) | protein_length=665 | sequence_SO=chromosome | SO=protein_coding_gene | is_pseudo=false
PVP01_0713900.1-p1   -            665 5032at5820           -            389  2.4e-153  509.2  21.7   4   8   1.5e-07   0.00095   16.7   0.0   197   223   319   345   311   351 0.85 | transcript=PVP01_0713900.1 | gene=PVP01_0713900 | organism=Plasmodium_vivax_P01 | gene_product=conserved Plasmodium protein, unknown function | transcript_product=conserved Plasmodium protein, unknown function | location=PvP01_07_v2:645949-647946(+) | protein_length=665 | sequence_SO=chromosome | SO=protein_coding_gene | is_pseudo=false
PVP01_0713900.1-p1   -            665 5032at5820           -            389  2.4e-153  509.2  21.7   5   8   2.4e-20   1.6e-16   58.8   0.1   222   272   404   455   396   460 0.90 | transcript=PVP01_0713900.1 | gene=PVP01_0713900 | organism=Plasmodium_vivax_P01 | gene_product=conserved Plasmodium protein, unknown function | transcript_product=conserved Plasmodium protein, unknown function | location=PvP01_07_v2:645949-647946(+) | protein_length=665 | sequence_SO=chromosome | SO=protein_coding_gene | is_pseudo=false
PVP01_0713900.1-p1   -            665 5032at5820           -            389  2.4e-153  509.2  21.7   6   8   2.9e-27   1.9e-23   81.6   0.2   266   324   467   525   461   533 0.93 | transcript=PVP01_0713900.1 | gene=PVP01_0713900 | organism=Plasmodium_vivax_P01 | gene_product=conserved Plasmodium protein, unknown function | transcript_product=conserved Plasmodium protein, unknown function | location=PvP01_07_v2:645949-647946(+) | protein_length=665 | sequence_SO=chromosome | SO=protein_coding_gene | is_pseudo=false
PVP01_0713900.1-p1   -            665 5032at5820           -            389  2.4e-153  509.2  21.7   7   8     0.068   4.5e+02   -1.9   0.0   322   342   562   586   554   589 0.81 | transcript=PVP01_0713900.1 | gene=PVP01_0713900 | organism=Plasmodium_vivax_P01 | gene_product=conserved Plasmodium protein, unknown function | transcript_product=conserved Plasmodium protein, unknown function | location=PvP01_07_v2:645949-647946(+) | protein_length=665 | sequence_SO=chromosome | SO=protein_coding_gene | is_pseudo=false
PVP01_0713900.1-p1   -            665 5032at5820           -            389  2.4e-153  509.2  21.7   8   8   1.4e-17   8.9e-14   49.8   0.0   355   389   631   665   602   665 0.94 | transcript=PVP01_0713900.1 | gene=PVP01_0713900 | organism=Plasmodium_vivax_P01 | gene_product=conserved Plasmodium protein, unknown function | transcript_product=conserved Plasmodium protein, unknown function | location=PvP01_07_v2:645949-647946(+) | protein_length=665 | sequence_SO=chromosome | SO=protein_coding_gene | is_pseudo=false
#
# Program:         hmmsearch
# Version:         3.4 (Aug 2023)
# Pipeline mode:   SEARCH
# Query file:      /v3/work/00_inventory/busco/busco_downloads/lineages/plasmodium_odb10/hmms/5032at5820.hmm
# Target file:     /v3/inputs/annotations/plasmodb-68/PvP01.proteins.fa
# Option settings: hmmsearch --domtblout /v3/work/00_inventory/busco/PvP01_proteins/run_plasmodium_odb10/hmmer_output/initial_run_results/5032at5820.out --cpu 1 /v3/work/00_inventory/busco/busco_downloads/lineages/plasmodium_odb10/hmms/5032at5820.hmm /v3/inputs/annotations/plasmodb-68/PvP01.proteins.fa 
# Current dir:     /v3/work/00_inventory/busco
# Date:            Tue May 19 17:40:07 2026
# [ok]
