#                                                                            --- full sequence --- -------------- this domain -------------   hmm coord   ali coord   env coord
# target name        accession   tlen query name           accession   qlen   E-value  score  bias   #  of  c-Evalue  i-Evalue  score  bias  from    to  from    to  from    to  acc description of target
#------------------- ---------- ----- -------------------- ---------- ----- --------- ------ ----- --- --- --------- --------- ------ ----- ----- ----- ----- ----- ----- ----- ---- ---------------------
PVP01_1433100.1-p1   -            564 5965at5820           -            428  5.5e-222  735.9  14.8   1   2   4.3e-52   9.3e-49  165.1   1.6     1   110     1   114     1   120 0.95 | transcript=PVP01_1433100.1 | gene=PVP01_1433100 | organism=Plasmodium_vivax_P01 | gene_product=geranylgeranyl transferase type-2 subunit beta, putative | transcript_product=geranylgeranyl transferase type-2 subunit beta, putative | location=PvP01_14_v2:1436524-1438384(-) | protein_length=564 | sequence_SO=chromosome | SO=protein_coding_gene | is_pseudo=false
PVP01_1433100.1-p1   -            564 5965at5820           -            428  5.5e-222  735.9  14.8   2   2  7.2e-177  1.6e-173  576.2   5.8   111   428   231   560   222   560 0.95 | transcript=PVP01_1433100.1 | gene=PVP01_1433100 | organism=Plasmodium_vivax_P01 | gene_product=geranylgeranyl transferase type-2 subunit beta, putative | transcript_product=geranylgeranyl transferase type-2 subunit beta, putative | location=PvP01_14_v2:1436524-1438384(-) | protein_length=564 | sequence_SO=chromosome | SO=protein_coding_gene | is_pseudo=false
PVP01_1146400.1-p1   -            353 5965at5820           -            428   2.4e-32  111.0   8.6   1   3     3e-09   6.5e-06   24.0   0.2   223   267    54    98    27   107 0.84 | transcript=PVP01_1146400.1 | gene=PVP01_1146400 | organism=Plasmodium_vivax_P01 | gene_product=geranylgeranyl transferase type-2 subunit beta, putative | transcript_product=geranylgeranyl transferase type-2 subunit beta, putative | location=PvP01_11_v2:1975833-1976894(-) | protein_length=353 | sequence_SO=chromosome | SO=protein_coding_gene | is_pseudo=false
PVP01_1146400.1-p1   -            353 5965at5820           -            428   2.4e-32  111.0   8.6   2   3   9.3e-28     2e-24   84.9   2.2   196   347   151   290   126   294 0.89 | transcript=PVP01_1146400.1 | gene=PVP01_1146400 | organism=Plasmodium_vivax_P01 | gene_product=geranylgeranyl transferase type-2 subunit beta, putative | transcript_product=geranylgeranyl transferase type-2 subunit beta, putative | location=PvP01_11_v2:1975833-1976894(-) | protein_length=353 | sequence_SO=chromosome | SO=protein_coding_gene | is_pseudo=false
PVP01_1146400.1-p1   -            353 5965at5820           -            428   2.4e-32  111.0   8.6   3   3    0.0025       5.4    4.5   0.0   373   389   298   314   295   339 0.88 | transcript=PVP01_1146400.1 | gene=PVP01_1146400 | organism=Plasmodium_vivax_P01 | gene_product=geranylgeranyl transferase type-2 subunit beta, putative | transcript_product=geranylgeranyl transferase type-2 subunit beta, putative | location=PvP01_11_v2:1975833-1976894(-) | protein_length=353 | sequence_SO=chromosome | SO=protein_coding_gene | is_pseudo=false
PVP01_0948100.1-p1   -            985 5965at5820           -            428     2e-12   45.5   7.3   1   3      0.01        22    2.5   0.5   226   274   557   606   485   623 0.76 | transcript=PVP01_0948100.1 | gene=PVP01_0948100 | organism=Plasmodium_vivax_P01 | gene_product=protein farnesyltransferase subunit beta, putative | transcript_product=protein farnesyltransferase subunit beta, putative | location=PvP01_09_v2:2111545-2114502(-) | protein_length=985 | sequence_SO=chromosome | SO=protein_coding_gene | is_pseudo=false
PVP01_0948100.1-p1   -            985 5965at5820           -            428     2e-12   45.5   7.3   2   3     9e-16     2e-12   45.5   7.3   169   313   601   741   592   784 0.81 | transcript=PVP01_0948100.1 | gene=PVP01_0948100 | organism=Plasmodium_vivax_P01 | gene_product=protein farnesyltransferase subunit beta, putative | transcript_product=protein farnesyltransferase subunit beta, putative | location=PvP01_09_v2:2111545-2114502(-) | protein_length=985 | sequence_SO=chromosome | SO=protein_coding_gene | is_pseudo=false
PVP01_0948100.1-p1   -            985 5965at5820           -            428     2e-12   45.5   7.3   3   3     0.007        15    3.0   1.0   369   391   896   918   862   952 0.61 | transcript=PVP01_0948100.1 | gene=PVP01_0948100 | organism=Plasmodium_vivax_P01 | gene_product=protein farnesyltransferase subunit beta, putative | transcript_product=protein farnesyltransferase subunit beta, putative | location=PvP01_09_v2:2111545-2114502(-) | protein_length=985 | sequence_SO=chromosome | SO=protein_coding_gene | is_pseudo=false
#
# Program:         hmmsearch
# Version:         3.4 (Aug 2023)
# Pipeline mode:   SEARCH
# Query file:      /v3/work/00_inventory/busco/busco_downloads/lineages/plasmodium_odb10/hmms/5965at5820.hmm
# Target file:     /v3/inputs/annotations/plasmodb-68/PvP01.proteins.fa
# Option settings: hmmsearch --domtblout /v3/work/00_inventory/busco/PvP01_proteins/run_plasmodium_odb10/hmmer_output/initial_run_results/5965at5820.out --cpu 1 /v3/work/00_inventory/busco/busco_downloads/lineages/plasmodium_odb10/hmms/5965at5820.hmm /v3/inputs/annotations/plasmodb-68/PvP01.proteins.fa 
# Current dir:     /v3/work/00_inventory/busco
# Date:            Tue May 19 17:44:20 2026
# [ok]
