#                                                                            --- full sequence --- -------------- this domain -------------   hmm coord   ali coord   env coord
# target name        accession   tlen query name           accession   qlen   E-value  score  bias   #  of  c-Evalue  i-Evalue  score  bias  from    to  from    to  from    to  acc description of target
#------------------- ---------- ----- -------------------- ---------- ----- --------- ------ ----- --- --- --------- --------- ------ ----- ----- ----- ----- ----- ----- ----- ---- ---------------------
PVP01_0713800.1-p1   -           1421 706at5820            -           1175         0 2521.6  32.4   1   3         0         0 1046.4  18.3     1   541    19   648    19   663 0.92 | transcript=PVP01_0713800.1 | gene=PVP01_0713800 | organism=Plasmodium_vivax_P01 | gene_product=ATP-dependent 6-phosphofructokinase, putative | transcript_product=ATP-dependent 6-phosphofructokinase, putative | location=PvP01_07_v2:638599-642864(-) | protein_length=1421 | sequence_SO=chromosome | SO=protein_coding_gene | is_pseudo=false
PVP01_0713800.1-p1   -           1421 706at5820            -           1175         0 2521.6  32.4   2   3  4.5e-252  1.5e-248  826.5   1.3   538   897   755  1115   740  1121 0.98 | transcript=PVP01_0713800.1 | gene=PVP01_0713800 | organism=Plasmodium_vivax_P01 | gene_product=ATP-dependent 6-phosphofructokinase, putative | transcript_product=ATP-dependent 6-phosphofructokinase, putative | location=PvP01_07_v2:638599-642864(-) | protein_length=1421 | sequence_SO=chromosome | SO=protein_coding_gene | is_pseudo=false
PVP01_0713800.1-p1   -           1421 706at5820            -           1175         0 2521.6  32.4   3   3  3.2e-199    1e-195  651.5   0.2   896  1175  1139  1418  1128  1418 0.99 | transcript=PVP01_0713800.1 | gene=PVP01_0713800 | organism=Plasmodium_vivax_P01 | gene_product=ATP-dependent 6-phosphofructokinase, putative | transcript_product=ATP-dependent 6-phosphofructokinase, putative | location=PvP01_07_v2:638599-642864(-) | protein_length=1421 | sequence_SO=chromosome | SO=protein_coding_gene | is_pseudo=false
PVP01_0929100.1-p1   -           1441 706at5820            -           1175   1.2e-95  320.0  16.5   1   5   2.6e-23   8.5e-20   68.9   0.1   105   228   153   279   132   295 0.92 | transcript=PVP01_0929100.1 | gene=PVP01_0929100 | organism=Plasmodium_vivax_P01 | gene_product=ATP-dependent 6-phosphofructokinase, putative | transcript_product=ATP-dependent 6-phosphofructokinase, putative | location=PvP01_09_v2:1269955-1275152(-) | protein_length=1441 | sequence_SO=chromosome | SO=protein_coding_gene | is_pseudo=false
PVP01_0929100.1-p1   -           1441 706at5820            -           1175   1.2e-95  320.0  16.5   2   5   1.8e-30   5.8e-27   92.6   0.3   230   358   346   480   337   488 0.90 | transcript=PVP01_0929100.1 | gene=PVP01_0929100 | organism=Plasmodium_vivax_P01 | gene_product=ATP-dependent 6-phosphofructokinase, putative | transcript_product=ATP-dependent 6-phosphofructokinase, putative | location=PvP01_09_v2:1269955-1275152(-) | protein_length=1441 | sequence_SO=chromosome | SO=protein_coding_gene | is_pseudo=false
PVP01_0929100.1-p1   -           1441 706at5820            -           1175   1.2e-95  320.0  16.5   3   5   4.3e-16   1.4e-12   45.0   0.0   907  1044   514   650   508   674 0.84 | transcript=PVP01_0929100.1 | gene=PVP01_0929100 | organism=Plasmodium_vivax_P01 | gene_product=ATP-dependent 6-phosphofructokinase, putative | transcript_product=ATP-dependent 6-phosphofructokinase, putative | location=PvP01_09_v2:1269955-1275152(-) | protein_length=1441 | sequence_SO=chromosome | SO=protein_coding_gene | is_pseudo=false
PVP01_0929100.1-p1   -           1441 706at5820            -           1175   1.2e-95  320.0  16.5   4   5     0.047   1.5e+02   -1.6   0.0   482   520   685   724   676   729 0.86 | transcript=PVP01_0929100.1 | gene=PVP01_0929100 | organism=Plasmodium_vivax_P01 | gene_product=ATP-dependent 6-phosphofructokinase, putative | transcript_product=ATP-dependent 6-phosphofructokinase, putative | location=PvP01_09_v2:1269955-1275152(-) | protein_length=1441 | sequence_SO=chromosome | SO=protein_coding_gene | is_pseudo=false
PVP01_0929100.1-p1   -           1441 706at5820            -           1175   1.2e-95  320.0  16.5   5   5   4.9e-36   1.6e-32  111.0   6.5   615  1092   924  1431   919  1434 0.79 | transcript=PVP01_0929100.1 | gene=PVP01_0929100 | organism=Plasmodium_vivax_P01 | gene_product=ATP-dependent 6-phosphofructokinase, putative | transcript_product=ATP-dependent 6-phosphofructokinase, putative | location=PvP01_09_v2:1269955-1275152(-) | protein_length=1441 | sequence_SO=chromosome | SO=protein_coding_gene | is_pseudo=false
#
# Program:         hmmsearch
# Version:         3.4 (Aug 2023)
# Pipeline mode:   SEARCH
# Query file:      /v3/work/00_inventory/busco/busco_downloads/lineages/plasmodium_odb10/hmms/706at5820.hmm
# Target file:     /v3/inputs/annotations/plasmodb-68/PvP01.proteins.fa
# Option settings: hmmsearch --domtblout /v3/work/00_inventory/busco/PvP01_proteins/run_plasmodium_odb10/hmmer_output/initial_run_results/706at5820.out --cpu 1 /v3/work/00_inventory/busco/busco_downloads/lineages/plasmodium_odb10/hmms/706at5820.hmm /v3/inputs/annotations/plasmodb-68/PvP01.proteins.fa 
# Current dir:     /v3/work/00_inventory/busco
# Date:            Tue May 19 17:45:48 2026
# [ok]
