#                                                                            --- full sequence --- -------------- this domain -------------   hmm coord   ali coord   env coord
# target name        accession   tlen query name           accession   qlen   E-value  score  bias   #  of  c-Evalue  i-Evalue  score  bias  from    to  from    to  from    to  acc description of target
#------------------- ---------- ----- -------------------- ---------- ----- --------- ------ ----- --- --- --------- --------- ------ ----- ----- ----- ----- ----- ----- ----- ---- ---------------------
PVP01_0707100.1-p1   -            526 7133at5820           -            382  3.9e-218  722.3  23.6   1   3   2.4e-94   5.2e-91  303.9   5.1     1   167     1   181     1   196 0.93 | transcript=PVP01_0707100.1 | gene=PVP01_0707100 | organism=Plasmodium_vivax_P01 | gene_product=ribosomal RNA methyltransferase, putative | transcript_product=ribosomal RNA methyltransferase, putative | location=PvP01_07_v2:380986-382566(-) | protein_length=526 | sequence_SO=chromosome | SO=protein_coding_gene | is_pseudo=false
PVP01_0707100.1-p1   -            526 7133at5820           -            382  3.9e-218  722.3  23.6   2   3   6.8e-75   1.5e-71  239.9   0.3   166   292   206   342   194   345 0.92 | transcript=PVP01_0707100.1 | gene=PVP01_0707100 | organism=Plasmodium_vivax_P01 | gene_product=ribosomal RNA methyltransferase, putative | transcript_product=ribosomal RNA methyltransferase, putative | location=PvP01_07_v2:380986-382566(-) | protein_length=526 | sequence_SO=chromosome | SO=protein_coding_gene | is_pseudo=false
PVP01_0707100.1-p1   -            526 7133at5820           -            382  3.9e-218  722.3  23.6   3   3   2.7e-59   5.9e-56  188.5   4.5   289   382   432   525   423   525 0.96 | transcript=PVP01_0707100.1 | gene=PVP01_0707100 | organism=Plasmodium_vivax_P01 | gene_product=ribosomal RNA methyltransferase, putative | transcript_product=ribosomal RNA methyltransferase, putative | location=PvP01_07_v2:380986-382566(-) | protein_length=526 | sequence_SO=chromosome | SO=protein_coding_gene | is_pseudo=false
PVP01_1117500.1-p1   -           1006 7133at5820           -            382   3.4e-30  103.8  22.6   1   2   3.9e-12   8.4e-09   33.3   5.9     3    76     6    61     1    69 0.82 | transcript=PVP01_1117500.1 | gene=PVP01_1117500 | organism=Plasmodium_vivax_P01 | gene_product=large subunit rRNA methyltransferase, putative | transcript_product=large subunit rRNA methyltransferase, putative | location=PvP01_11_v2:744251-747491(+) | protein_length=1006 | sequence_SO=chromosome | SO=protein_coding_gene | is_pseudo=false
PVP01_1117500.1-p1   -           1006 7133at5820           -            382   3.4e-30  103.8  22.6   2   2   3.4e-23   7.3e-20   69.7   8.9   126   309    68   251    62   315 0.84 | transcript=PVP01_1117500.1 | gene=PVP01_1117500 | organism=Plasmodium_vivax_P01 | gene_product=large subunit rRNA methyltransferase, putative | transcript_product=large subunit rRNA methyltransferase, putative | location=PvP01_11_v2:744251-747491(+) | protein_length=1006 | sequence_SO=chromosome | SO=protein_coding_gene | is_pseudo=false
PVP01_1410600.1-p1   -            266 7133at5820           -            382   1.2e-13   49.2   8.3   1   3   6.5e-07    0.0014   16.1   1.2     9    40    46    77    40    81 0.88 | transcript=PVP01_1410600.1 | gene=PVP01_1410600 | organism=Plasmodium_vivax_P01 | gene_product=ribosomal RNA methyltransferase, putative | transcript_product=ribosomal RNA methyltransferase, putative | location=PvP01_14_v2:497947-498747(+) | protein_length=266 | sequence_SO=chromosome | SO=protein_coding_gene | is_pseudo=false
PVP01_1410600.1-p1   -            266 7133at5820           -            382   1.2e-13   49.2   8.3   2   3    0.0094        21    2.4   0.2    62    79    81    98    78   160 0.83 | transcript=PVP01_1410600.1 | gene=PVP01_1410600 | organism=Plasmodium_vivax_P01 | gene_product=ribosomal RNA methyltransferase, putative | transcript_product=ribosomal RNA methyltransferase, putative | location=PvP01_14_v2:497947-498747(+) | protein_length=266 | sequence_SO=chromosome | SO=protein_coding_gene | is_pseudo=false
PVP01_1410600.1-p1   -            266 7133at5820           -            382   1.2e-13   49.2   8.3   3   3   1.8e-12   3.9e-09   34.4   0.1   168   258   154   244   105   254 0.89 | transcript=PVP01_1410600.1 | gene=PVP01_1410600 | organism=Plasmodium_vivax_P01 | gene_product=ribosomal RNA methyltransferase, putative | transcript_product=ribosomal RNA methyltransferase, putative | location=PvP01_14_v2:497947-498747(+) | protein_length=266 | sequence_SO=chromosome | SO=protein_coding_gene | is_pseudo=false
#
# Program:         hmmsearch
# Version:         3.4 (Aug 2023)
# Pipeline mode:   SEARCH
# Query file:      /v3/work/00_inventory/busco/busco_downloads/lineages/plasmodium_odb10/hmms/7133at5820.hmm
# Target file:     /v3/inputs/annotations/plasmodb-68/PvP01.proteins.fa
# Option settings: hmmsearch --domtblout /v3/work/00_inventory/busco/PvP01_proteins/run_plasmodium_odb10/hmmer_output/initial_run_results/7133at5820.out --cpu 1 /v3/work/00_inventory/busco/busco_downloads/lineages/plasmodium_odb10/hmms/7133at5820.hmm /v3/inputs/annotations/plasmodb-68/PvP01.proteins.fa 
# Current dir:     /v3/work/00_inventory/busco
# Date:            Tue May 19 17:46:13 2026
# [ok]
