#                                                                            --- full sequence --- -------------- this domain -------------   hmm coord   ali coord   env coord
# target name        accession   tlen query name           accession   qlen   E-value  score  bias   #  of  c-Evalue  i-Evalue  score  bias  from    to  from    to  from    to  acc description of target
#------------------- ---------- ----- -------------------- ---------- ----- --------- ------ ----- --- --- --------- --------- ------ ----- ----- ----- ----- ----- ----- ----- ---- ---------------------
PVP01_0813100.1-p1   -            529 7160at5820           -            332  4.9e-183  606.2  66.1   1   2  4.5e-121  4.9e-118  392.6  50.6     1   212     1   223     1   232 0.92 | transcript=PVP01_0813100.1 | gene=PVP01_0813100 | organism=Plasmodium_vivax_P01 | gene_product=zinc finger protein, putative | transcript_product=zinc finger protein, putative | location=PvP01_08_v2:555348-557394(+) | protein_length=529 | sequence_SO=chromosome | SO=protein_coding_gene | is_pseudo=false
PVP01_0813100.1-p1   -            529 7160at5820           -            332  4.9e-183  606.2  66.1   2   2   7.3e-68   7.9e-65  217.7   7.5   212   332   404   525   400   525 0.98 | transcript=PVP01_0813100.1 | gene=PVP01_0813100 | organism=Plasmodium_vivax_P01 | gene_product=zinc finger protein, putative | transcript_product=zinc finger protein, putative | location=PvP01_08_v2:555348-557394(+) | protein_length=529 | sequence_SO=chromosome | SO=protein_coding_gene | is_pseudo=false
PVP01_0522300.1-p1   -            730 7160at5820           -            332   1.2e-12   46.2  13.2   1   1   1.8e-15     2e-12   45.4  13.2    18   111    68   162    49   165 0.89 | transcript=PVP01_0522300.1 | gene=PVP01_0522300 | organism=Plasmodium_vivax_P01 | gene_product=PhIL1-interacting candidate PIC3, putative | transcript_product=PhIL1-interacting candidate PIC3, putative | location=PvP01_05_v2:897146-899338(+) | protein_length=730 | sequence_SO=chromosome | SO=protein_coding_gene | is_pseudo=false
PVP01_1122200.1-p1   -            519 7160at5820           -            332     1e-07   30.0   2.6   1   1   1.5e-10   1.6e-07   29.3   2.6    15    87   349   421   344   428 0.89 | transcript=PVP01_1122200.1 | gene=PVP01_1122200 | organism=Plasmodium_vivax_P01 | gene_product=E3 ubiquitin-protein ligase RNF5, putative | transcript_product=E3 ubiquitin-protein ligase RNF5, putative | location=PvP01_11_v2:983496-985055(+) | protein_length=519 | sequence_SO=chromosome | SO=protein_coding_gene | is_pseudo=false
PVP01_1145500.1-p1   -            956 7160at5820           -            332     9e-06   23.6   5.8   1   2      0.29   3.2e+02   -1.3   3.4   204   274   666   739   654   789 0.52 | transcript=PVP01_1145500.1 | gene=PVP01_1145500 | organism=Plasmodium_vivax_P01 | gene_product=trophozoite exported protein 1, putative | transcript_product=trophozoite exported protein 1, putative | location=PvP01_11_v2:1945433-1948303(+) | protein_length=956 | sequence_SO=chromosome | SO=protein_coding_gene | is_pseudo=false
PVP01_1145500.1-p1   -            956 7160at5820           -            332     9e-06   23.6   5.8   2   2   8.2e-09     9e-06   23.6   5.8    20    79   893   953   886   955 0.89 | transcript=PVP01_1145500.1 | gene=PVP01_1145500 | organism=Plasmodium_vivax_P01 | gene_product=trophozoite exported protein 1, putative | transcript_product=trophozoite exported protein 1, putative | location=PvP01_11_v2:1945433-1948303(+) | protein_length=956 | sequence_SO=chromosome | SO=protein_coding_gene | is_pseudo=false
PVP01_1304600.1-p1   -           1757 7160at5820           -            332    0.0028   15.4   7.5   1   1   4.3e-06    0.0046   14.6   7.5    27    74   428   475   422   511 0.82 | transcript=PVP01_1304600.1 | gene=PVP01_1304600 | organism=Plasmodium_vivax_P01 | gene_product=zinc finger protein, putative | transcript_product=zinc finger protein, putative | location=PvP01_13_v2:192664-197937(+) | protein_length=1757 | sequence_SO=chromosome | SO=protein_coding_gene | is_pseudo=false
PVP01_1015900.1-p1   -            271 7160at5820           -            332    0.0091   13.7   4.1   1   1   1.3e-05     0.014   13.1   4.1    28   114    41   128    26   167 0.74 | transcript=PVP01_1015900.1 | gene=PVP01_1015900 | organism=Plasmodium_vivax_P01 | gene_product=NOSIP domain-containing protein, putative | transcript_product=NOSIP domain-containing protein, putative | location=PvP01_10_v2:710938-712715(-) | protein_length=271 | sequence_SO=chromosome | SO=protein_coding_gene | is_pseudo=false
#
# Program:         hmmsearch
# Version:         3.4 (Aug 2023)
# Pipeline mode:   SEARCH
# Query file:      /v3/work/00_inventory/busco/busco_downloads/lineages/plasmodium_odb10/hmms/7160at5820.hmm
# Target file:     /v3/inputs/annotations/plasmodb-68/PvP01.proteins.fa
# Option settings: hmmsearch --domtblout /v3/work/00_inventory/busco/PvP01_proteins/run_plasmodium_odb10/hmmer_output/initial_run_results/7160at5820.out --cpu 1 /v3/work/00_inventory/busco/busco_downloads/lineages/plasmodium_odb10/hmms/7160at5820.hmm /v3/inputs/annotations/plasmodb-68/PvP01.proteins.fa 
# Current dir:     /v3/work/00_inventory/busco
# Date:            Tue May 19 17:46:25 2026
# [ok]
