#                                                                            --- full sequence --- -------------- this domain -------------   hmm coord   ali coord   env coord
# target name        accession   tlen query name           accession   qlen   E-value  score  bias   #  of  c-Evalue  i-Evalue  score  bias  from    to  from    to  from    to  acc description of target
#------------------- ---------- ----- -------------------- ---------- ----- --------- ------ ----- --- --- --------- --------- ------ ----- ----- ----- ----- ----- ----- ----- ---- ---------------------
PVP01_1227400.1-p1   -           1029 7525at5820           -            671  5.1e-264  876.4  63.9   1   7   6.7e-48   4.4e-44  149.5   2.4     2   107     5   115     4   121 0.91 | transcript=PVP01_1227400.1 | gene=PVP01_1227400 | organism=Plasmodium_vivax_P01 | gene_product=conserved protein, unknown function | transcript_product=conserved protein, unknown function | location=PvP01_12_v2:1082627-1086015(+) | protein_length=1029 | sequence_SO=chromosome | SO=protein_coding_gene | is_pseudo=false
PVP01_1227400.1-p1   -           1029 7525at5820           -            671  5.1e-264  876.4  63.9   2   7   1.6e-21   1.1e-17   62.3   0.0   110   164   150   205   146   208 0.96 | transcript=PVP01_1227400.1 | gene=PVP01_1227400 | organism=Plasmodium_vivax_P01 | gene_product=conserved protein, unknown function | transcript_product=conserved protein, unknown function | location=PvP01_12_v2:1082627-1086015(+) | protein_length=1029 | sequence_SO=chromosome | SO=protein_coding_gene | is_pseudo=false
PVP01_1227400.1-p1   -           1029 7525at5820           -            671  5.1e-264  876.4  63.9   3   7   3.5e-05      0.23    8.4   0.1   162   183   288   309   285   316 0.87 | transcript=PVP01_1227400.1 | gene=PVP01_1227400 | organism=Plasmodium_vivax_P01 | gene_product=conserved protein, unknown function | transcript_product=conserved protein, unknown function | location=PvP01_12_v2:1082627-1086015(+) | protein_length=1029 | sequence_SO=chromosome | SO=protein_coding_gene | is_pseudo=false
PVP01_1227400.1-p1   -           1029 7525at5820           -            671  5.1e-264  876.4  63.9   4   7   3.9e-72   2.6e-68  229.6   9.9   181   342   386   567   376   573 0.89 | transcript=PVP01_1227400.1 | gene=PVP01_1227400 | organism=Plasmodium_vivax_P01 | gene_product=conserved protein, unknown function | transcript_product=conserved protein, unknown function | location=PvP01_12_v2:1082627-1086015(+) | protein_length=1029 | sequence_SO=chromosome | SO=protein_coding_gene | is_pseudo=false
PVP01_1227400.1-p1   -           1029 7525at5820           -            671  5.1e-264  876.4  63.9   5   7   1.4e-12   8.9e-09   32.9   0.0   343   378   589   624   585   630 0.91 | transcript=PVP01_1227400.1 | gene=PVP01_1227400 | organism=Plasmodium_vivax_P01 | gene_product=conserved protein, unknown function | transcript_product=conserved protein, unknown function | location=PvP01_12_v2:1082627-1086015(+) | protein_length=1029 | sequence_SO=chromosome | SO=protein_coding_gene | is_pseudo=false
PVP01_1227400.1-p1   -           1029 7525at5820           -            671  5.1e-264  876.4  63.9   6   7   1.5e-98   9.8e-95  316.9  19.6   373   606   662   935   658   940 0.91 | transcript=PVP01_1227400.1 | gene=PVP01_1227400 | organism=Plasmodium_vivax_P01 | gene_product=conserved protein, unknown function | transcript_product=conserved protein, unknown function | location=PvP01_12_v2:1082627-1086015(+) | protein_length=1029 | sequence_SO=chromosome | SO=protein_coding_gene | is_pseudo=false
PVP01_1227400.1-p1   -           1029 7525at5820           -            671  5.1e-264  876.4  63.9   7   7   5.8e-30   3.8e-26   90.3   2.5   606   671   960  1029   956  1029 0.93 | transcript=PVP01_1227400.1 | gene=PVP01_1227400 | organism=Plasmodium_vivax_P01 | gene_product=conserved protein, unknown function | transcript_product=conserved protein, unknown function | location=PvP01_12_v2:1082627-1086015(+) | protein_length=1029 | sequence_SO=chromosome | SO=protein_coding_gene | is_pseudo=false
#
# Program:         hmmsearch
# Version:         3.4 (Aug 2023)
# Pipeline mode:   SEARCH
# Query file:      /v3/work/00_inventory/busco/busco_downloads/lineages/plasmodium_odb10/hmms/7525at5820.hmm
# Target file:     /v3/inputs/annotations/plasmodb-68/PvP01.proteins.fa
# Option settings: hmmsearch --domtblout /v3/work/00_inventory/busco/PvP01_proteins/run_plasmodium_odb10/hmmer_output/initial_run_results/7525at5820.out --cpu 1 /v3/work/00_inventory/busco/busco_downloads/lineages/plasmodium_odb10/hmms/7525at5820.hmm /v3/inputs/annotations/plasmodb-68/PvP01.proteins.fa 
# Current dir:     /v3/work/00_inventory/busco
# Date:            Tue May 19 17:47:53 2026
# [ok]
