#                                                                            --- full sequence --- -------------- this domain -------------   hmm coord   ali coord   env coord
# target name        accession   tlen query name           accession   qlen   E-value  score  bias   #  of  c-Evalue  i-Evalue  score  bias  from    to  from    to  from    to  acc description of target
#------------------- ---------- ----- -------------------- ---------- ----- --------- ------ ----- --- --- --------- --------- ------ ----- ----- ----- ----- ----- ----- ----- ---- ---------------------
PVP01_0617700.1-p1   -            345 9549at5820           -            278  4.1e-159  526.6  29.6   1   2   4.6e-46   7.5e-43  145.2   4.3     1    99    39   147    39   155 0.86 | transcript=PVP01_0617700.1 | gene=PVP01_0617700 | organism=Plasmodium_vivax_P01 | gene_product=conserved protein, unknown function | transcript_product=conserved protein, unknown function | location=PvP01_06_v2:728482-729519(+) | protein_length=345 | sequence_SO=chromosome | SO=protein_coding_gene | is_pseudo=false
PVP01_0617700.1-p1   -            345 9549at5820           -            278  4.1e-159  526.6  29.6   2   2  5.7e-120  9.4e-117  387.7  18.1    85   278   152   345   145   345 0.98 | transcript=PVP01_0617700.1 | gene=PVP01_0617700 | organism=Plasmodium_vivax_P01 | gene_product=conserved protein, unknown function | transcript_product=conserved protein, unknown function | location=PvP01_06_v2:728482-729519(+) | protein_length=345 | sequence_SO=chromosome | SO=protein_coding_gene | is_pseudo=false
PVP01_0514800.1-p1   -            396 9549at5820           -            278   4.7e-16   57.3  19.3   1   2   6.6e-05      0.11   10.2   0.8    50    87   138   174   123   208 0.74 | transcript=PVP01_0514800.1 | gene=PVP01_0514800 | organism=Plasmodium_vivax_P01 | gene_product=conserved protein, unknown function | transcript_product=conserved protein, unknown function | location=PvP01_05_v2:619981-623160(-) | protein_length=396 | sequence_SO=chromosome | SO=protein_coding_gene | is_pseudo=false
PVP01_0514800.1-p1   -            396 9549at5820           -            278   4.7e-16   57.3  19.3   2   2   1.8e-17     3e-14   51.4  12.2    96   271   214   385   197   392 0.84 | transcript=PVP01_0514800.1 | gene=PVP01_0514800 | organism=Plasmodium_vivax_P01 | gene_product=conserved protein, unknown function | transcript_product=conserved protein, unknown function | location=PvP01_05_v2:619981-623160(-) | protein_length=396 | sequence_SO=chromosome | SO=protein_coding_gene | is_pseudo=false
PVP01_0604000.1-p1   -            709 9549at5820           -            278   7.9e-09   33.6   3.9   1   2      0.26   4.2e+02   -1.6   0.1    70    82   401   413   395   418 0.82 | transcript=PVP01_0604000.1 | gene=PVP01_0604000 | organism=Plasmodium_vivax_P01 | gene_product=conserved protein, unknown function | transcript_product=conserved protein, unknown function | location=PvP01_06_v2:153252-155477(+) | protein_length=709 | sequence_SO=chromosome | SO=protein_coding_gene | is_pseudo=false
PVP01_0604000.1-p1   -            709 9549at5820           -            278   7.9e-09   33.6   3.9   2   2   4.9e-12   7.9e-09   33.6   3.9   122   264   558   696   544   704 0.88 | transcript=PVP01_0604000.1 | gene=PVP01_0604000 | organism=Plasmodium_vivax_P01 | gene_product=conserved protein, unknown function | transcript_product=conserved protein, unknown function | location=PvP01_06_v2:153252-155477(+) | protein_length=709 | sequence_SO=chromosome | SO=protein_coding_gene | is_pseudo=false
PVP01_0503800.1-p1   -            483 9549at5820           -            278    0.0087   13.8   3.0   1   1     1e-05     0.016   12.9   3.0    21    96   390   468   362   476 0.84 | transcript=PVP01_0503800.1 | gene=PVP01_0503800 | organism=Plasmodium_vivax_P01 | gene_product=Plasmodium exported protein (PHIST), unknown function | transcript_product=Plasmodium exported protein (PHIST), unknown function | location=PvP01_05_v2:159460-161131(+) | protein_length=483 | sequence_SO=chromosome | SO=protein_coding_gene | is_pseudo=false
#
# Program:         hmmsearch
# Version:         3.4 (Aug 2023)
# Pipeline mode:   SEARCH
# Query file:      /v3/work/00_inventory/busco/busco_downloads/lineages/plasmodium_odb10/hmms/9549at5820.hmm
# Target file:     /v3/inputs/annotations/plasmodb-68/PvP01.proteins.fa
# Option settings: hmmsearch --domtblout /v3/work/00_inventory/busco/PvP01_proteins/run_plasmodium_odb10/hmmer_output/initial_run_results/9549at5820.out --cpu 1 /v3/work/00_inventory/busco/busco_downloads/lineages/plasmodium_odb10/hmms/9549at5820.hmm /v3/inputs/annotations/plasmodb-68/PvP01.proteins.fa 
# Current dir:     /v3/work/00_inventory/busco
# Date:            Tue May 19 17:51:43 2026
# [ok]
