#                                                                            --- full sequence --- -------------- this domain -------------   hmm coord   ali coord   env coord
# target name        accession   tlen query name           accession   qlen   E-value  score  bias   #  of  c-Evalue  i-Evalue  score  bias  from    to  from    to  from    to  acc description of target
#------------------- ---------- ----- -------------------- ---------- ----- --------- ------ ----- --- --- --------- --------- ------ ----- ----- ----- ----- ----- ----- ----- ---- ---------------------
PVP01_1205000.1-p1   -            417 9715at5820           -            357  2.7e-222  736.0  36.1   1   2  1.3e-167  2.8e-164  545.2  15.6     1   274     1   312     1   317 0.98 | transcript=PVP01_1205000.1 | gene=PVP01_1205000 | organism=Plasmodium_vivax_P01 | gene_product=GPN-loop GTPase, putative | transcript_product=GPN-loop GTPase, putative | location=PvP01_12_v2:194088-195341(-) | protein_length=417 | sequence_SO=chromosome | SO=protein_coding_gene | is_pseudo=false
PVP01_1205000.1-p1   -            417 9715at5820           -            357  2.7e-222  736.0  36.1   2   2   8.5e-62   1.8e-58  197.1  13.2   256   357   316   417   311   417 0.96 | transcript=PVP01_1205000.1 | gene=PVP01_1205000 | organism=Plasmodium_vivax_P01 | gene_product=GPN-loop GTPase, putative | transcript_product=GPN-loop GTPase, putative | location=PvP01_12_v2:194088-195341(-) | protein_length=417 | sequence_SO=chromosome | SO=protein_coding_gene | is_pseudo=false
PVP01_0716100.1-p1   -            357 9715at5820           -            357   1.1e-37  128.8  12.8   1   2   2.3e-07   0.00051   18.0   0.0     1    47     1    47     1    49 0.93 | transcript=PVP01_0716100.1 | gene=PVP01_0716100 | organism=Plasmodium_vivax_P01 | gene_product=GPN-loop GTPase, putative | transcript_product=GPN-loop GTPase, putative | location=PvP01_07_v2:722223-723296(+) | protein_length=357 | sequence_SO=chromosome | SO=protein_coding_gene | is_pseudo=false
PVP01_0716100.1-p1   -            357 9715at5820           -            357   1.1e-37  128.8  12.8   2   2   3.5e-34   7.7e-31  106.2  15.4    72   340    49   303    42   308 0.84 | transcript=PVP01_0716100.1 | gene=PVP01_0716100 | organism=Plasmodium_vivax_P01 | gene_product=GPN-loop GTPase, putative | transcript_product=GPN-loop GTPase, putative | location=PvP01_07_v2:722223-723296(+) | protein_length=357 | sequence_SO=chromosome | SO=protein_coding_gene | is_pseudo=false
PVP01_1300800.1-p1   -            487 9715at5820           -            357     2e-13   48.9  20.0   1   3      0.18   3.8e+02   -1.3   0.1    25    44    88   107    73   129 0.81 | transcript=PVP01_1300800.1 | gene=PVP01_1300800 | organism=Plasmodium_vivax_P01 | gene_product=GPN-loop GTPase, putative | transcript_product=GPN-loop GTPase, putative | location=PvP01_13_v2:37715-39178(+) | protein_length=487 | sequence_SO=chromosome | SO=protein_coding_gene | is_pseudo=false
PVP01_1300800.1-p1   -            487 9715at5820           -            357     2e-13   48.9  20.0   2   3   3.7e-07   0.00079   17.4   0.4     6    45   197   237   193   241 0.88 | transcript=PVP01_1300800.1 | gene=PVP01_1300800 | organism=Plasmodium_vivax_P01 | gene_product=GPN-loop GTPase, putative | transcript_product=GPN-loop GTPase, putative | location=PvP01_13_v2:37715-39178(+) | protein_length=487 | sequence_SO=chromosome | SO=protein_coding_gene | is_pseudo=false
PVP01_1300800.1-p1   -            487 9715at5820           -            357     2e-13   48.9  20.0   3   3   5.2e-13   1.1e-09   36.6  11.5    72   255   241   451   234   485 0.76 | transcript=PVP01_1300800.1 | gene=PVP01_1300800 | organism=Plasmodium_vivax_P01 | gene_product=GPN-loop GTPase, putative | transcript_product=GPN-loop GTPase, putative | location=PvP01_13_v2:37715-39178(+) | protein_length=487 | sequence_SO=chromosome | SO=protein_coding_gene | is_pseudo=false
#
# Program:         hmmsearch
# Version:         3.4 (Aug 2023)
# Pipeline mode:   SEARCH
# Query file:      /v3/work/00_inventory/busco/busco_downloads/lineages/plasmodium_odb10/hmms/9715at5820.hmm
# Target file:     /v3/inputs/annotations/plasmodb-68/PvP01.proteins.fa
# Option settings: hmmsearch --domtblout /v3/work/00_inventory/busco/PvP01_proteins/run_plasmodium_odb10/hmmer_output/initial_run_results/9715at5820.out --cpu 1 /v3/work/00_inventory/busco/busco_downloads/lineages/plasmodium_odb10/hmms/9715at5820.hmm /v3/inputs/annotations/plasmodb-68/PvP01.proteins.fa 
# Current dir:     /v3/work/00_inventory/busco
# Date:            Tue May 19 17:52:22 2026
# [ok]
