#                                                                            --- full sequence --- -------------- this domain -------------   hmm coord   ali coord   env coord
# target name        accession   tlen query name           accession   qlen   E-value  score  bias   #  of  c-Evalue  i-Evalue  score  bias  from    to  from    to  from    to  acc description of target
#------------------- ---------- ----- -------------------- ---------- ----- --------- ------ ----- --- --- --------- --------- ------ ----- ----- ----- ----- ----- ----- ----- ---- ---------------------
PVX_096385.1-p1      -            273 11298at5820          -            230  3.5e-133  440.5  14.6   1   1  3.4e-136  4.7e-133  440.1  14.6     1   225     1   244     1   248 0.95 | transcript=PVX_096385.1 | gene=PVX_096385 | organism=Plasmodium_vivax_Sal-1 | gene_product=hypothetical protein, conserved | transcript_product=hypothetical protein, conserved | location=Pv_Sal1_chr03:564902-566455(-) | protein_length=273 | sequence_SO=chromosome | SO=protein_coding_gene | is_pseudo=false
PVX_096380.1-p1      -            248 11298at5820          -            230   5.3e-24   83.3   9.2   1   1   4.7e-27   6.5e-24   83.0   9.2     1   208     1   221     1   232 0.79 | transcript=PVX_096380.1 | gene=PVX_096380 | organism=Plasmodium_vivax_Sal-1 | gene_product=conserved Plasmodium protein, unknown function | transcript_product=conserved Plasmodium protein, unknown function | location=Pv_Sal1_chr03:569010-570023(+) | protein_length=248 | sequence_SO=chromosome | SO=protein_coding_gene | is_pseudo=false
PVX_091195.1-p1      -            543 11298at5820          -            230    0.0023   15.8   0.5   1   2     0.096   1.3e+02    0.2   0.0   125   160   221   254   211   274 0.76 | transcript=PVX_091195.1 | gene=PVX_091195 | organism=Plasmodium_vivax_Sal-1 | gene_product=ES2 protein, putative | transcript_product=ES2 protein, putative | location=Pv_Sal1_chr09:332494-334125(-) | protein_length=543 | sequence_SO=chromosome | SO=protein_coding_gene | is_pseudo=false
PVX_091195.1-p1      -            543 11298at5820          -            230    0.0023   15.8   0.5   2   2   1.1e-05     0.015   13.1   0.1   174   227   315   369   306   372 0.90 | transcript=PVX_091195.1 | gene=PVX_091195 | organism=Plasmodium_vivax_Sal-1 | gene_product=ES2 protein, putative | transcript_product=ES2 protein, putative | location=Pv_Sal1_chr09:332494-334125(-) | protein_length=543 | sequence_SO=chromosome | SO=protein_coding_gene | is_pseudo=false
PVX_091670.1-p1      -            289 11298at5820          -            230       5.6    4.7  18.9   1   3    0.0037       5.2    4.8   4.9    39    91    32    81     4    89 0.60 | transcript=PVX_091670.1 | gene=PVX_091670 | organism=Plasmodium_vivax_Sal-1 | gene_product=palmitoyltransferase, putative | transcript_product=palmitoyltransferase, putative | location=Pv_Sal1_chr09:707084-708763(+) | protein_length=289 | sequence_SO=chromosome | SO=protein_coding_gene | is_pseudo=false
PVX_091670.1-p1      -            289 11298at5820          -            230       5.6    4.7  18.9   2   3     0.034        47    1.7   1.0    25    64   140   180   101   184 0.77 | transcript=PVX_091670.1 | gene=PVX_091670 | organism=Plasmodium_vivax_Sal-1 | gene_product=palmitoyltransferase, putative | transcript_product=palmitoyltransferase, putative | location=Pv_Sal1_chr09:707084-708763(+) | protein_length=289 | sequence_SO=chromosome | SO=protein_coding_gene | is_pseudo=false
PVX_091670.1-p1      -            289 11298at5820          -            230       5.6    4.7  18.9   3   3   0.00072      0.99    7.2   0.3     7    49   217   259   197   262 0.76 | transcript=PVX_091670.1 | gene=PVX_091670 | organism=Plasmodium_vivax_Sal-1 | gene_product=palmitoyltransferase, putative | transcript_product=palmitoyltransferase, putative | location=Pv_Sal1_chr09:707084-708763(+) | protein_length=289 | sequence_SO=chromosome | SO=protein_coding_gene | is_pseudo=false
#
# Program:         hmmsearch
# Version:         3.4 (Aug 2023)
# Pipeline mode:   SEARCH
# Query file:      /v3/work/00_inventory/busco/busco_downloads/lineages/plasmodium_odb10/hmms/11298at5820.hmm
# Target file:     /v3/inputs/annotations/plasmodb-68/Sal-I.proteins.fa
# Option settings: hmmsearch --domtblout /v3/work/00_inventory/busco/Sal-I_proteins/run_plasmodium_odb10/hmmer_output/initial_run_results/11298at5820.out --cpu 1 /v3/work/00_inventory/busco/busco_downloads/lineages/plasmodium_odb10/hmms/11298at5820.hmm /v3/inputs/annotations/plasmodb-68/Sal-I.proteins.fa 
# Current dir:     /v3/work/00_inventory/busco
# Date:            Tue May 19 17:28:58 2026
# [ok]
