#                                                                            --- full sequence --- -------------- this domain -------------   hmm coord   ali coord   env coord
# target name        accession   tlen query name           accession   qlen   E-value  score  bias   #  of  c-Evalue  i-Evalue  score  bias  from    to  from    to  from    to  acc description of target
#------------------- ---------- ----- -------------------- ---------- ----- --------- ------ ----- --- --- --------- --------- ------ ----- ----- ----- ----- ----- ----- ----- ---- ---------------------
PVX_099500.1-p1      -           1580 1137at5820           -           1151         0 1743.3 128.6   1   8   1.3e-48   7.1e-45  151.7  14.6     1   112     1   134     1   140 0.84 | transcript=PVX_099500.1 | gene=PVX_099500 | organism=Plasmodium_vivax_Sal-1 | gene_product=hypothetical protein, conserved | transcript_product=hypothetical protein, conserved | location=Pv_Sal1_chr07:815841-820695(+) | protein_length=1580 | sequence_SO=chromosome | SO=protein_coding_gene | is_pseudo=false
PVX_099500.1-p1      -           1580 1137at5820           -           1151         0 1743.3 128.6   2   8     4e-10   2.2e-06   24.2   0.1   115   143   176   205   172   209 0.88 | transcript=PVX_099500.1 | gene=PVX_099500 | organism=Plasmodium_vivax_Sal-1 | gene_product=hypothetical protein, conserved | transcript_product=hypothetical protein, conserved | location=Pv_Sal1_chr07:815841-820695(+) | protein_length=1580 | sequence_SO=chromosome | SO=protein_coding_gene | is_pseudo=false
PVX_099500.1-p1      -           1580 1137at5820           -           1151         0 1743.3 128.6   3   8     8e-38   4.4e-34  115.9   0.3   143   218   243   318   234   325 0.94 | transcript=PVX_099500.1 | gene=PVX_099500 | organism=Plasmodium_vivax_Sal-1 | gene_product=hypothetical protein, conserved | transcript_product=hypothetical protein, conserved | location=Pv_Sal1_chr07:815841-820695(+) | protein_length=1580 | sequence_SO=chromosome | SO=protein_coding_gene | is_pseudo=false
PVX_099500.1-p1      -           1580 1137at5820           -           1151         0 1743.3 128.6   4   8     1e-37   5.7e-34  115.5   0.3   219   297   372   452   367   459 0.93 | transcript=PVX_099500.1 | gene=PVX_099500 | organism=Plasmodium_vivax_Sal-1 | gene_product=hypothetical protein, conserved | transcript_product=hypothetical protein, conserved | location=Pv_Sal1_chr07:815841-820695(+) | protein_length=1580 | sequence_SO=chromosome | SO=protein_coding_gene | is_pseudo=false
PVX_099500.1-p1      -           1580 1137at5820           -           1151         0 1743.3 128.6   5   8     5e-90   2.8e-86  288.8  20.0   297   486   487   711   485   715 0.91 | transcript=PVX_099500.1 | gene=PVX_099500 | organism=Plasmodium_vivax_Sal-1 | gene_product=hypothetical protein, conserved | transcript_product=hypothetical protein, conserved | location=Pv_Sal1_chr07:815841-820695(+) | protein_length=1580 | sequence_SO=chromosome | SO=protein_coding_gene | is_pseudo=false
PVX_099500.1-p1      -           1580 1137at5820           -           1151         0 1743.3 128.6   6   8   7.8e-63   4.3e-59  198.7   0.9   485   620   755   894   751   910 0.96 | transcript=PVX_099500.1 | gene=PVX_099500 | organism=Plasmodium_vivax_Sal-1 | gene_product=hypothetical protein, conserved | transcript_product=hypothetical protein, conserved | location=Pv_Sal1_chr07:815841-820695(+) | protein_length=1580 | sequence_SO=chromosome | SO=protein_coding_gene | is_pseudo=false
PVX_099500.1-p1      -           1580 1137at5820           -           1151         0 1743.3 128.6   7   8  1.1e-262  5.9e-259  860.6  44.6   624  1138   977  1500   965  1512 0.96 | transcript=PVX_099500.1 | gene=PVX_099500 | organism=Plasmodium_vivax_Sal-1 | gene_product=hypothetical protein, conserved | transcript_product=hypothetical protein, conserved | location=Pv_Sal1_chr07:815841-820695(+) | protein_length=1580 | sequence_SO=chromosome | SO=protein_coding_gene | is_pseudo=false
PVX_099500.1-p1      -           1580 1137at5820           -           1151         0 1743.3 128.6   8   8   5.4e-08    0.0003   17.1   1.9  1119  1151  1547  1580  1531  1580 0.75 | transcript=PVX_099500.1 | gene=PVX_099500 | organism=Plasmodium_vivax_Sal-1 | gene_product=hypothetical protein, conserved | transcript_product=hypothetical protein, conserved | location=Pv_Sal1_chr07:815841-820695(+) | protein_length=1580 | sequence_SO=chromosome | SO=protein_coding_gene | is_pseudo=false
#
# Program:         hmmsearch
# Version:         3.4 (Aug 2023)
# Pipeline mode:   SEARCH
# Query file:      /v3/work/00_inventory/busco/busco_downloads/lineages/plasmodium_odb10/hmms/1137at5820.hmm
# Target file:     /v3/inputs/annotations/plasmodb-68/Sal-I.proteins.fa
# Option settings: hmmsearch --domtblout /v3/work/00_inventory/busco/Sal-I_proteins/run_plasmodium_odb10/hmmer_output/initial_run_results/1137at5820.out --cpu 1 /v3/work/00_inventory/busco/busco_downloads/lineages/plasmodium_odb10/hmms/1137at5820.hmm /v3/inputs/annotations/plasmodb-68/Sal-I.proteins.fa 
# Current dir:     /v3/work/00_inventory/busco
# Date:            Tue May 19 17:29:18 2026
# [ok]
