#                                                                            --- full sequence --- -------------- this domain -------------   hmm coord   ali coord   env coord
# target name        accession   tlen query name           accession   qlen   E-value  score  bias   #  of  c-Evalue  i-Evalue  score  bias  from    to  from    to  from    to  acc description of target
#------------------- ---------- ----- -------------------- ---------- ----- --------- ------ ----- --- --- --------- --------- ------ ----- ----- ----- ----- ----- ----- ----- ---- ---------------------
PVX_113365.1-p1      -           1563 1369at5820           -            942         0 1371.9  65.4   1   7   5.6e-51   3.1e-47  159.7   0.1    13   137   164   295   155   299 0.92 | transcript=PVX_113365.1 | gene=PVX_113365 | organism=Plasmodium_vivax_Sal-1 | gene_product=hypothetical protein, conserved | transcript_product=hypothetical protein, conserved | location=Pv_Sal1_chr11:1871217-1875908(+) | protein_length=1563 | sequence_SO=chromosome | SO=protein_coding_gene | is_pseudo=false
PVX_113365.1-p1      -           1563 1369at5820           -            942         0 1371.9  65.4   2   7   2.8e-66   1.5e-62  210.4   1.3   132   267   394   533   380   538 0.94 | transcript=PVX_113365.1 | gene=PVX_113365 | organism=Plasmodium_vivax_Sal-1 | gene_product=hypothetical protein, conserved | transcript_product=hypothetical protein, conserved | location=Pv_Sal1_chr11:1871217-1875908(+) | protein_length=1563 | sequence_SO=chromosome | SO=protein_coding_gene | is_pseudo=false
PVX_113365.1-p1      -           1563 1369at5820           -            942         0 1371.9  65.4   3   7   6.7e-54   3.7e-50  169.4   6.3   266   369   565   671   559   677 0.94 | transcript=PVX_113365.1 | gene=PVX_113365 | organism=Plasmodium_vivax_Sal-1 | gene_product=hypothetical protein, conserved | transcript_product=hypothetical protein, conserved | location=Pv_Sal1_chr11:1871217-1875908(+) | protein_length=1563 | sequence_SO=chromosome | SO=protein_coding_gene | is_pseudo=false
PVX_113365.1-p1      -           1563 1369at5820           -            942         0 1371.9  65.4   4   7   3.6e-17     2e-13   47.9   0.3   385   441   775   840   752   845 0.84 | transcript=PVX_113365.1 | gene=PVX_113365 | organism=Plasmodium_vivax_Sal-1 | gene_product=hypothetical protein, conserved | transcript_product=hypothetical protein, conserved | location=Pv_Sal1_chr11:1871217-1875908(+) | protein_length=1563 | sequence_SO=chromosome | SO=protein_coding_gene | is_pseudo=false
PVX_113365.1-p1      -           1563 1369at5820           -            942         0 1371.9  65.4   5   7     3e-89   1.6e-85  286.4  14.3   440   628   880  1106   863  1112 0.87 | transcript=PVX_113365.1 | gene=PVX_113365 | organism=Plasmodium_vivax_Sal-1 | gene_product=hypothetical protein, conserved | transcript_product=hypothetical protein, conserved | location=Pv_Sal1_chr11:1871217-1875908(+) | protein_length=1563 | sequence_SO=chromosome | SO=protein_coding_gene | is_pseudo=false
PVX_113365.1-p1      -           1563 1369at5820           -            942         0 1371.9  65.4   6   7   1.3e-79   7.2e-76  254.5   0.4   628   788  1162  1344  1158  1350 0.89 | transcript=PVX_113365.1 | gene=PVX_113365 | organism=Plasmodium_vivax_Sal-1 | gene_product=hypothetical protein, conserved | transcript_product=hypothetical protein, conserved | location=Pv_Sal1_chr11:1871217-1875908(+) | protein_length=1563 | sequence_SO=chromosome | SO=protein_coding_gene | is_pseudo=false
PVX_113365.1-p1      -           1563 1369at5820           -            942         0 1371.9  65.4   7   7   3.6e-84     2e-80  269.6   4.4   792   942  1411  1561  1406  1561 0.99 | transcript=PVX_113365.1 | gene=PVX_113365 | organism=Plasmodium_vivax_Sal-1 | gene_product=hypothetical protein, conserved | transcript_product=hypothetical protein, conserved | location=Pv_Sal1_chr11:1871217-1875908(+) | protein_length=1563 | sequence_SO=chromosome | SO=protein_coding_gene | is_pseudo=false
#
# Program:         hmmsearch
# Version:         3.4 (Aug 2023)
# Pipeline mode:   SEARCH
# Query file:      /v3/work/00_inventory/busco/busco_downloads/lineages/plasmodium_odb10/hmms/1369at5820.hmm
# Target file:     /v3/inputs/annotations/plasmodb-68/Sal-I.proteins.fa
# Option settings: hmmsearch --domtblout /v3/work/00_inventory/busco/Sal-I_proteins/run_plasmodium_odb10/hmmer_output/initial_run_results/1369at5820.out --cpu 1 /v3/work/00_inventory/busco/busco_downloads/lineages/plasmodium_odb10/hmms/1369at5820.hmm /v3/inputs/annotations/plasmodb-68/Sal-I.proteins.fa 
# Current dir:     /v3/work/00_inventory/busco
# Date:            Tue May 19 17:31:09 2026
# [ok]
