#                                                                            --- full sequence --- -------------- this domain -------------   hmm coord   ali coord   env coord
# target name        accession   tlen query name           accession   qlen   E-value  score  bias   #  of  c-Evalue  i-Evalue  score  bias  from    to  from    to  from    to  acc description of target
#------------------- ---------- ----- -------------------- ---------- ----- --------- ------ ----- --- --- --------- --------- ------ ----- ----- ----- ----- ----- ----- ----- ---- ---------------------
PVX_092605.1-p1      -            444 13770at5820          -            338  1.5e-116  387.6 143.6   1   4   2.9e-44     4e-41  139.5  24.6     2   123    18   133    17   138 0.77 | transcript=PVX_092605.1 | gene=PVX_092605 | organism=Plasmodium_vivax_Sal-1 | gene_product=hypothetical protein, conserved | transcript_product=hypothetical protein, conserved | location=Pv_Sal1_chr09:1563816-1565328(-) | protein_length=444 | sequence_SO=chromosome | SO=protein_coding_gene | is_pseudo=false
PVX_092605.1-p1      -            444 13770at5820          -            338  1.5e-116  387.6 143.6   2   4     0.067        93    0.3  43.4   253   330   128   209   123   217 0.42 | transcript=PVX_092605.1 | gene=PVX_092605 | organism=Plasmodium_vivax_Sal-1 | gene_product=hypothetical protein, conserved | transcript_product=hypothetical protein, conserved | location=Pv_Sal1_chr09:1563816-1565328(-) | protein_length=444 | sequence_SO=chromosome | SO=protein_coding_gene | is_pseudo=false
PVX_092605.1-p1      -            444 13770at5820          -            338  1.5e-116  387.6 143.6   3   4   6.1e-80   8.4e-77  256.8  67.9    96   320   202   416   200   421 0.72 | transcript=PVX_092605.1 | gene=PVX_092605 | organism=Plasmodium_vivax_Sal-1 | gene_product=hypothetical protein, conserved | transcript_product=hypothetical protein, conserved | location=Pv_Sal1_chr09:1563816-1565328(-) | protein_length=444 | sequence_SO=chromosome | SO=protein_coding_gene | is_pseudo=false
PVX_092605.1-p1      -            444 13770at5820          -            338  1.5e-116  387.6 143.6   4   4    0.0039       5.4    4.3  30.2   253   302   393   442   387   444 0.60 | transcript=PVX_092605.1 | gene=PVX_092605 | organism=Plasmodium_vivax_Sal-1 | gene_product=hypothetical protein, conserved | transcript_product=hypothetical protein, conserved | location=Pv_Sal1_chr09:1563816-1565328(-) | protein_length=444 | sequence_SO=chromosome | SO=protein_coding_gene | is_pseudo=false
PVX_101375.1-p1      -             58 13770at5820          -            338    0.0048   14.4   8.7   1   1     4e-06    0.0056   14.2   8.7   253   294    14    56     9    58 0.43 | transcript=PVX_101375.1 | gene=PVX_101375 | organism=Plasmodium_vivax_Sal-1 | gene_product=hypothetical protein | transcript_product=hypothetical protein | location=Pv_Sal1_chr14:2835429-2835762(+) | protein_length=58 | sequence_SO=chromosome | SO=protein_coding_gene | is_pseudo=false
PVX_113380.1-p1      -            709 13770at5820          -            338       0.9    6.9  12.2   1   1    0.0012       1.7    6.0  12.2   291   331   292   331   282   341 0.31 | transcript=PVX_113380.1 | gene=PVX_113380 | organism=Plasmodium_vivax_Sal-1 | gene_product=hypothetical protein, conserved | transcript_product=hypothetical protein, conserved | location=Pv_Sal1_chr11:1854575-1856704(-) | protein_length=709 | sequence_SO=chromosome | SO=protein_coding_gene | is_pseudo=false
PVX_122365.1-p1      -            158 13770at5820          -            338       1.3    6.4  25.7   1   1    0.0011       1.5    6.1  25.7   279   336    91   157    69   158 0.49 | transcript=PVX_122365.1 | gene=PVX_122365 | organism=Plasmodium_vivax_Sal-1 | gene_product=RNA-binding protein, putative | transcript_product=RNA-binding protein, putative | location=Pv_Sal1_chr14:516583-517059(-) | protein_length=158 | sequence_SO=chromosome | SO=protein_coding_gene | is_pseudo=false
#
# Program:         hmmsearch
# Version:         3.4 (Aug 2023)
# Pipeline mode:   SEARCH
# Query file:      /v3/work/00_inventory/busco/busco_downloads/lineages/plasmodium_odb10/hmms/13770at5820.hmm
# Target file:     /v3/inputs/annotations/plasmodb-68/Sal-I.proteins.fa
# Option settings: hmmsearch --domtblout /v3/work/00_inventory/busco/Sal-I_proteins/run_plasmodium_odb10/hmmer_output/initial_run_results/13770at5820.out --cpu 1 /v3/work/00_inventory/busco/busco_downloads/lineages/plasmodium_odb10/hmms/13770at5820.hmm /v3/inputs/annotations/plasmodb-68/Sal-I.proteins.fa 
# Current dir:     /v3/work/00_inventory/busco
# Date:            Tue May 19 17:31:19 2026
# [ok]
