#                                                                            --- full sequence --- -------------- this domain -------------   hmm coord   ali coord   env coord
# target name        accession   tlen query name           accession   qlen   E-value  score  bias   #  of  c-Evalue  i-Evalue  score  bias  from    to  from    to  from    to  acc description of target
#------------------- ---------- ----- -------------------- ---------- ----- --------- ------ ----- --- --- --------- --------- ------ ----- ----- ----- ----- ----- ----- ----- ---- ---------------------
PVX_091820.1-p1      -           1497 1580at5820           -            954         0 1499.7  68.9   1   7   1.6e-70   8.6e-67  224.1   0.5     1   143     1   164     1   167 0.92 | transcript=PVX_091820.1 | gene=PVX_091820 | organism=Plasmodium_vivax_Sal-1 | gene_product=hypothetical protein, conserved | transcript_product=hypothetical protein, conserved | location=Pv_Sal1_chr09:870588-875081(-) | protein_length=1497 | sequence_SO=chromosome | SO=protein_coding_gene | is_pseudo=false
PVX_091820.1-p1      -           1497 1580at5820           -            954         0 1499.7  68.9   2   7   5.3e-20   2.9e-16   56.9   0.1   144   190   203   253   199   255 0.90 | transcript=PVX_091820.1 | gene=PVX_091820 | organism=Plasmodium_vivax_Sal-1 | gene_product=hypothetical protein, conserved | transcript_product=hypothetical protein, conserved | location=Pv_Sal1_chr09:870588-875081(-) | protein_length=1497 | sequence_SO=chromosome | SO=protein_coding_gene | is_pseudo=false
PVX_091820.1-p1      -           1497 1580at5820           -            954         0 1499.7  68.9   3   7  9.2e-290  5.1e-286  949.7  26.6   187   660   313   803   309   813 0.96 | transcript=PVX_091820.1 | gene=PVX_091820 | organism=Plasmodium_vivax_Sal-1 | gene_product=hypothetical protein, conserved | transcript_product=hypothetical protein, conserved | location=Pv_Sal1_chr09:870588-875081(-) | protein_length=1497 | sequence_SO=chromosome | SO=protein_coding_gene | is_pseudo=false
PVX_091820.1-p1      -           1497 1580at5820           -            954         0 1499.7  68.9   4   7   3.5e-35   1.9e-31  107.1   0.4   660   743   950  1040   933  1048 0.85 | transcript=PVX_091820.1 | gene=PVX_091820 | organism=Plasmodium_vivax_Sal-1 | gene_product=hypothetical protein, conserved | transcript_product=hypothetical protein, conserved | location=Pv_Sal1_chr09:870588-875081(-) | protein_length=1497 | sequence_SO=chromosome | SO=protein_coding_gene | is_pseudo=false
PVX_091820.1-p1      -           1497 1580at5820           -            954         0 1499.7  68.9   5   7     4e-36   2.2e-32  110.2   5.8   753   837  1124  1214  1085  1221 0.84 | transcript=PVX_091820.1 | gene=PVX_091820 | organism=Plasmodium_vivax_Sal-1 | gene_product=hypothetical protein, conserved | transcript_product=hypothetical protein, conserved | location=Pv_Sal1_chr09:870588-875081(-) | protein_length=1497 | sequence_SO=chromosome | SO=protein_coding_gene | is_pseudo=false
PVX_091820.1-p1      -           1497 1580at5820           -            954         0 1499.7  68.9   6   7     5e-23   2.8e-19   66.9   4.8   833   923  1277  1393  1259  1396 0.77 | transcript=PVX_091820.1 | gene=PVX_091820 | organism=Plasmodium_vivax_Sal-1 | gene_product=hypothetical protein, conserved | transcript_product=hypothetical protein, conserved | location=Pv_Sal1_chr09:870588-875081(-) | protein_length=1497 | sequence_SO=chromosome | SO=protein_coding_gene | is_pseudo=false
PVX_091820.1-p1      -           1497 1580at5820           -            954         0 1499.7  68.9   7   7    0.0041        23    1.0   0.0   938   954  1476  1492  1473  1492 0.93 | transcript=PVX_091820.1 | gene=PVX_091820 | organism=Plasmodium_vivax_Sal-1 | gene_product=hypothetical protein, conserved | transcript_product=hypothetical protein, conserved | location=Pv_Sal1_chr09:870588-875081(-) | protein_length=1497 | sequence_SO=chromosome | SO=protein_coding_gene | is_pseudo=false
#
# Program:         hmmsearch
# Version:         3.4 (Aug 2023)
# Pipeline mode:   SEARCH
# Query file:      /v3/work/00_inventory/busco/busco_downloads/lineages/plasmodium_odb10/hmms/1580at5820.hmm
# Target file:     /v3/inputs/annotations/plasmodb-68/Sal-I.proteins.fa
# Option settings: hmmsearch --domtblout /v3/work/00_inventory/busco/Sal-I_proteins/run_plasmodium_odb10/hmmer_output/initial_run_results/1580at5820.out --cpu 1 /v3/work/00_inventory/busco/busco_downloads/lineages/plasmodium_odb10/hmms/1580at5820.hmm /v3/inputs/annotations/plasmodb-68/Sal-I.proteins.fa 
# Current dir:     /v3/work/00_inventory/busco
# Date:            Tue May 19 17:31:35 2026
# [ok]
