#                                                                            --- full sequence --- -------------- this domain -------------   hmm coord   ali coord   env coord
# target name        accession   tlen query name           accession   qlen   E-value  score  bias   #  of  c-Evalue  i-Evalue  score  bias  from    to  from    to  from    to  acc description of target
#------------------- ---------- ----- -------------------- ---------- ----- --------- ------ ----- --- --- --------- --------- ------ ----- ----- ----- ----- ----- ----- ----- ---- ---------------------
PVX_087880.1-p1      -           1918 2207at5820           -           1070         0 1450.9 136.2   1   7   4.8e-31   2.7e-27   93.5   2.4     1    75     1    82     1    92 0.90 | transcript=PVX_087880.1 | gene=PVX_087880 | organism=Plasmodium_vivax_Sal-1 | gene_product=hypothetical protein, conserved | transcript_product=hypothetical protein, conserved | location=Pv_Sal1_chr01:254624-260380(-) | protein_length=1918 | sequence_SO=chromosome | SO=protein_coding_gene | is_pseudo=false
PVX_087880.1-p1      -           1918 2207at5820           -           1070         0 1450.9 136.2   2   7  1.9e-121    1e-117  392.9  29.9    65   332   109   403    85   429 0.87 | transcript=PVX_087880.1 | gene=PVX_087880 | organism=Plasmodium_vivax_Sal-1 | gene_product=hypothetical protein, conserved | transcript_product=hypothetical protein, conserved | location=Pv_Sal1_chr01:254624-260380(-) | protein_length=1918 | sequence_SO=chromosome | SO=protein_coding_gene | is_pseudo=false
PVX_087880.1-p1      -           1918 2207at5820           -           1070         0 1450.9 136.2   3   7   3.9e-68   2.2e-64  216.3   7.6   323   464   509   659   507   668 0.91 | transcript=PVX_087880.1 | gene=PVX_087880 | organism=Plasmodium_vivax_Sal-1 | gene_product=hypothetical protein, conserved | transcript_product=hypothetical protein, conserved | location=Pv_Sal1_chr01:254624-260380(-) | protein_length=1918 | sequence_SO=chromosome | SO=protein_coding_gene | is_pseudo=false
PVX_087880.1-p1      -           1918 2207at5820           -           1070         0 1450.9 136.2   4   7     1e-62   5.6e-59  198.4  17.0   465   590   728   861   724   864 0.95 | transcript=PVX_087880.1 | gene=PVX_087880 | organism=Plasmodium_vivax_Sal-1 | gene_product=hypothetical protein, conserved | transcript_product=hypothetical protein, conserved | location=Pv_Sal1_chr01:254624-260380(-) | protein_length=1918 | sequence_SO=chromosome | SO=protein_coding_gene | is_pseudo=false
PVX_087880.1-p1      -           1918 2207at5820           -           1070         0 1450.9 136.2   5   7   2.7e-47   1.5e-43  147.3   4.7   589   717   974  1119   970  1146 0.81 | transcript=PVX_087880.1 | gene=PVX_087880 | organism=Plasmodium_vivax_Sal-1 | gene_product=hypothetical protein, conserved | transcript_product=hypothetical protein, conserved | location=Pv_Sal1_chr01:254624-260380(-) | protein_length=1918 | sequence_SO=chromosome | SO=protein_coding_gene | is_pseudo=false
PVX_087880.1-p1      -           1918 2207at5820           -           1070         0 1450.9 136.2   6   7   5.1e-74   2.8e-70  235.8  12.4   724   919  1164  1391  1158  1412 0.90 | transcript=PVX_087880.1 | gene=PVX_087880 | organism=Plasmodium_vivax_Sal-1 | gene_product=hypothetical protein, conserved | transcript_product=hypothetical protein, conserved | location=Pv_Sal1_chr01:254624-260380(-) | protein_length=1918 | sequence_SO=chromosome | SO=protein_coding_gene | is_pseudo=false
PVX_087880.1-p1      -           1918 2207at5820           -           1070         0 1450.9 136.2   7   7   2.1e-63   1.2e-59  200.7  14.7   919  1069  1519  1672  1508  1673 0.96 | transcript=PVX_087880.1 | gene=PVX_087880 | organism=Plasmodium_vivax_Sal-1 | gene_product=hypothetical protein, conserved | transcript_product=hypothetical protein, conserved | location=Pv_Sal1_chr01:254624-260380(-) | protein_length=1918 | sequence_SO=chromosome | SO=protein_coding_gene | is_pseudo=false
#
# Program:         hmmsearch
# Version:         3.4 (Aug 2023)
# Pipeline mode:   SEARCH
# Query file:      /v3/work/00_inventory/busco/busco_downloads/lineages/plasmodium_odb10/hmms/2207at5820.hmm
# Target file:     /v3/inputs/annotations/plasmodb-68/Sal-I.proteins.fa
# Option settings: hmmsearch --domtblout /v3/work/00_inventory/busco/Sal-I_proteins/run_plasmodium_odb10/hmmer_output/initial_run_results/2207at5820.out --cpu 1 /v3/work/00_inventory/busco/busco_downloads/lineages/plasmodium_odb10/hmms/2207at5820.hmm /v3/inputs/annotations/plasmodb-68/Sal-I.proteins.fa 
# Current dir:     /v3/work/00_inventory/busco
# Date:            Tue May 19 17:34:31 2026
# [ok]
