#                                                                            --- full sequence --- -------------- this domain -------------   hmm coord   ali coord   env coord
# target name        accession   tlen query name           accession   qlen   E-value  score  bias   #  of  c-Evalue  i-Evalue  score  bias  from    to  from    to  from    to  acc description of target
#------------------- ---------- ----- -------------------- ---------- ----- --------- ------ ----- --- --- --------- --------- ------ ----- ----- ----- ----- ----- ----- ----- ---- ---------------------
PVX_001050.1-p1      -           1413 2371at5820           -            625  1.2e-263  874.7  98.6   1   7   1.5e-52   8.6e-49  164.9  16.4     1   146    36   239    36   244 0.82 | transcript=PVX_001050.1 | gene=PVX_001050 | organism=Plasmodium_vivax_Sal-1 | gene_product=SET domain protein, putative | transcript_product=SET domain protein, putative | location=Pv_Sal1_chr03:66017-70453(+) | protein_length=1413 | sequence_SO=chromosome | SO=protein_coding_gene | is_pseudo=false
PVX_001050.1-p1      -           1413 2371at5820           -            625  1.2e-263  874.7  98.6   2   7   2.8e-10   1.6e-06   25.3   1.6   144   173   276   305   268   308 0.92 | transcript=PVX_001050.1 | gene=PVX_001050 | organism=Plasmodium_vivax_Sal-1 | gene_product=SET domain protein, putative | transcript_product=SET domain protein, putative | location=Pv_Sal1_chr03:66017-70453(+) | protein_length=1413 | sequence_SO=chromosome | SO=protein_coding_gene | is_pseudo=false
PVX_001050.1-p1      -           1413 2371at5820           -            625  1.2e-263  874.7  98.6   3   7   2.7e-05      0.15    8.8   1.1   163   192   402   431   359   451 0.82 | transcript=PVX_001050.1 | gene=PVX_001050 | organism=Plasmodium_vivax_Sal-1 | gene_product=SET domain protein, putative | transcript_product=SET domain protein, putative | location=Pv_Sal1_chr03:66017-70453(+) | protein_length=1413 | sequence_SO=chromosome | SO=protein_coding_gene | is_pseudo=false
PVX_001050.1-p1      -           1413 2371at5820           -            625  1.2e-263  874.7  98.6   4   7   1.3e-06    0.0072   13.2   1.5   179   211   457   489   443   496 0.74 | transcript=PVX_001050.1 | gene=PVX_001050 | organism=Plasmodium_vivax_Sal-1 | gene_product=SET domain protein, putative | transcript_product=SET domain protein, putative | location=Pv_Sal1_chr03:66017-70453(+) | protein_length=1413 | sequence_SO=chromosome | SO=protein_coding_gene | is_pseudo=false
PVX_001050.1-p1      -           1413 2371at5820           -            625  1.2e-263  874.7  98.6   5   7   1.4e-25   7.6e-22   75.9   5.5   219   293   744   837   677   842 0.79 | transcript=PVX_001050.1 | gene=PVX_001050 | organism=Plasmodium_vivax_Sal-1 | gene_product=SET domain protein, putative | transcript_product=SET domain protein, putative | location=Pv_Sal1_chr03:66017-70453(+) | protein_length=1413 | sequence_SO=chromosome | SO=protein_coding_gene | is_pseudo=false
PVX_001050.1-p1      -           1413 2371at5820           -            625  1.2e-263  874.7  98.6   6   7   1.6e-37     9e-34  115.3   0.9   294   383   960  1063   955  1067 0.89 | transcript=PVX_001050.1 | gene=PVX_001050 | organism=Plasmodium_vivax_Sal-1 | gene_product=SET domain protein, putative | transcript_product=SET domain protein, putative | location=Pv_Sal1_chr03:66017-70453(+) | protein_length=1413 | sequence_SO=chromosome | SO=protein_coding_gene | is_pseudo=false
PVX_001050.1-p1      -           1413 2371at5820           -            625  1.2e-263  874.7  98.6   7   7  1.6e-154  9.1e-151  501.7  27.8   380   625  1164  1413  1156  1413 0.98 | transcript=PVX_001050.1 | gene=PVX_001050 | organism=Plasmodium_vivax_Sal-1 | gene_product=SET domain protein, putative | transcript_product=SET domain protein, putative | location=Pv_Sal1_chr03:66017-70453(+) | protein_length=1413 | sequence_SO=chromosome | SO=protein_coding_gene | is_pseudo=false
#
# Program:         hmmsearch
# Version:         3.4 (Aug 2023)
# Pipeline mode:   SEARCH
# Query file:      /v3/work/00_inventory/busco/busco_downloads/lineages/plasmodium_odb10/hmms/2371at5820.hmm
# Target file:     /v3/inputs/annotations/plasmodb-68/Sal-I.proteins.fa
# Option settings: hmmsearch --domtblout /v3/work/00_inventory/busco/Sal-I_proteins/run_plasmodium_odb10/hmmer_output/initial_run_results/2371at5820.out --cpu 1 /v3/work/00_inventory/busco/busco_downloads/lineages/plasmodium_odb10/hmms/2371at5820.hmm /v3/inputs/annotations/plasmodb-68/Sal-I.proteins.fa 
# Current dir:     /v3/work/00_inventory/busco
# Date:            Tue May 19 17:35:24 2026
# [ok]
