#                                                                            --- full sequence --- -------------- this domain -------------   hmm coord   ali coord   env coord
# target name        accession   tlen query name           accession   qlen   E-value  score  bias   #  of  c-Evalue  i-Evalue  score  bias  from    to  from    to  from    to  acc description of target
#------------------- ---------- ----- -------------------- ---------- ----- --------- ------ ----- --- --- --------- --------- ------ ----- ----- ----- ----- ----- ----- ----- ---- ---------------------
PVX_080150.1-p1      -           1505 2377at5820           -            757  9.3e-291  965.0 230.9   1   8   4.8e-52   2.6e-48  163.4  40.5     2   184    53   248    51   262 0.79 | transcript=PVX_080150.1 | gene=PVX_080150 | organism=Plasmodium_vivax_Sal-1 | gene_product=hypothetical protein, conserved | transcript_product=hypothetical protein, conserved | location=Pv_Sal1_chr10:431024-437050(-) | protein_length=1505 | sequence_SO=chromosome | SO=protein_coding_gene | is_pseudo=false
PVX_080150.1-p1      -           1505 2377at5820           -            757  9.3e-291  965.0 230.9   2   8   1.1e-09   6.1e-06   23.3  13.7   122   170   272   320   265   338 0.83 | transcript=PVX_080150.1 | gene=PVX_080150 | organism=Plasmodium_vivax_Sal-1 | gene_product=hypothetical protein, conserved | transcript_product=hypothetical protein, conserved | location=Pv_Sal1_chr10:431024-437050(-) | protein_length=1505 | sequence_SO=chromosome | SO=protein_coding_gene | is_pseudo=false
PVX_080150.1-p1      -           1505 2377at5820           -            757  9.3e-291  965.0 230.9   3   8   2.3e-77   1.3e-73  247.1  21.1   140   318   359   543   338   552 0.83 | transcript=PVX_080150.1 | gene=PVX_080150 | organism=Plasmodium_vivax_Sal-1 | gene_product=hypothetical protein, conserved | transcript_product=hypothetical protein, conserved | location=Pv_Sal1_chr10:431024-437050(-) | protein_length=1505 | sequence_SO=chromosome | SO=protein_coding_gene | is_pseudo=false
PVX_080150.1-p1      -           1505 2377at5820           -            757  9.3e-291  965.0 230.9   4   8    0.0055        30    1.2   0.1   313   330   561   578   554   582 0.86 | transcript=PVX_080150.1 | gene=PVX_080150 | organism=Plasmodium_vivax_Sal-1 | gene_product=hypothetical protein, conserved | transcript_product=hypothetical protein, conserved | location=Pv_Sal1_chr10:431024-437050(-) | protein_length=1505 | sequence_SO=chromosome | SO=protein_coding_gene | is_pseudo=false
PVX_080150.1-p1      -           1505 2377at5820           -            757  9.3e-291  965.0 230.9   5   8   3.8e-54   2.1e-50  170.3  71.7   326   608   622   905   613   920 0.82 | transcript=PVX_080150.1 | gene=PVX_080150 | organism=Plasmodium_vivax_Sal-1 | gene_product=hypothetical protein, conserved | transcript_product=hypothetical protein, conserved | location=Pv_Sal1_chr10:431024-437050(-) | protein_length=1505 | sequence_SO=chromosome | SO=protein_coding_gene | is_pseudo=false
PVX_080150.1-p1      -           1505 2377at5820           -            757  9.3e-291  965.0 230.9   6   8   1.9e-23     1e-19   68.8   6.4   488   563  1051  1128   981  1149 0.78 | transcript=PVX_080150.1 | gene=PVX_080150 | organism=Plasmodium_vivax_Sal-1 | gene_product=hypothetical protein, conserved | transcript_product=hypothetical protein, conserved | location=Pv_Sal1_chr10:431024-437050(-) | protein_length=1505 | sequence_SO=chromosome | SO=protein_coding_gene | is_pseudo=false
PVX_080150.1-p1      -           1505 2377at5820           -            757  9.3e-291  965.0 230.9   7   8   9.9e-16   5.5e-12   43.3   0.0   564   607  1243  1286  1236  1299 0.90 | transcript=PVX_080150.1 | gene=PVX_080150 | organism=Plasmodium_vivax_Sal-1 | gene_product=hypothetical protein, conserved | transcript_product=hypothetical protein, conserved | location=Pv_Sal1_chr10:431024-437050(-) | protein_length=1505 | sequence_SO=chromosome | SO=protein_coding_gene | is_pseudo=false
PVX_080150.1-p1      -           1505 2377at5820           -            757  9.3e-291  965.0 230.9   8   8   4.3e-87   2.4e-83  279.2  32.2   606   757  1350  1501  1346  1501 0.98 | transcript=PVX_080150.1 | gene=PVX_080150 | organism=Plasmodium_vivax_Sal-1 | gene_product=hypothetical protein, conserved | transcript_product=hypothetical protein, conserved | location=Pv_Sal1_chr10:431024-437050(-) | protein_length=1505 | sequence_SO=chromosome | SO=protein_coding_gene | is_pseudo=false
#
# Program:         hmmsearch
# Version:         3.4 (Aug 2023)
# Pipeline mode:   SEARCH
# Query file:      /v3/work/00_inventory/busco/busco_downloads/lineages/plasmodium_odb10/hmms/2377at5820.hmm
# Target file:     /v3/inputs/annotations/plasmodb-68/Sal-I.proteins.fa
# Option settings: hmmsearch --domtblout /v3/work/00_inventory/busco/Sal-I_proteins/run_plasmodium_odb10/hmmer_output/initial_run_results/2377at5820.out --cpu 1 /v3/work/00_inventory/busco/busco_downloads/lineages/plasmodium_odb10/hmms/2377at5820.hmm /v3/inputs/annotations/plasmodb-68/Sal-I.proteins.fa 
# Current dir:     /v3/work/00_inventory/busco
# Date:            Tue May 19 17:35:28 2026
# [ok]
