#                                                                            --- full sequence --- -------------- this domain -------------   hmm coord   ali coord   env coord
# target name        accession   tlen query name           accession   qlen   E-value  score  bias   #  of  c-Evalue  i-Evalue  score  bias  from    to  from    to  from    to  acc description of target
#------------------- ---------- ----- -------------------- ---------- ----- --------- ------ ----- --- --- --------- --------- ------ ----- ----- ----- ----- ----- ----- ----- ---- ---------------------
PVX_081805.1-p1      -            902 2503at5820           -            737         0 1537.2  74.6   1   3         0         0 1289.9  57.3     1   602     5   607     5   634 0.97 | transcript=PVX_081805.1 | gene=PVX_081805 | organism=Plasmodium_vivax_Sal-1 | gene_product=AP-4 complex subunit beta, putative | transcript_product=AP-4 complex subunit beta, putative | location=Pv_Sal1_chr02:676592-679890(-) | protein_length=902 | sequence_SO=chromosome | SO=protein_coding_gene | is_pseudo=false
PVX_081805.1-p1      -            902 2503at5820           -            737         0 1537.2  74.6   2   3    0.0068        13    2.6   0.0   588   608   659   679   650   687 0.83 | transcript=PVX_081805.1 | gene=PVX_081805 | organism=Plasmodium_vivax_Sal-1 | gene_product=AP-4 complex subunit beta, putative | transcript_product=AP-4 complex subunit beta, putative | location=Pv_Sal1_chr02:676592-679890(-) | protein_length=902 | sequence_SO=chromosome | SO=protein_coding_gene | is_pseudo=false
PVX_081805.1-p1      -            902 2503at5820           -            737         0 1537.2  74.6   3   3   5.3e-78   9.7e-75  250.9   7.4   608   737   773   902   745   902 0.94 | transcript=PVX_081805.1 | gene=PVX_081805 | organism=Plasmodium_vivax_Sal-1 | gene_product=AP-4 complex subunit beta, putative | transcript_product=AP-4 complex subunit beta, putative | location=Pv_Sal1_chr02:676592-679890(-) | protein_length=902 | sequence_SO=chromosome | SO=protein_coding_gene | is_pseudo=false
PVX_079845.1-p1      -            930 2503at5820           -            737   3.9e-85  285.3  45.4   1   2   2.1e-88   3.9e-85  285.3  45.4     3   598    14   609    12   633 0.89 | transcript=PVX_079845.1 | gene=PVX_079845 | organism=Plasmodium_vivax_Sal-1 | gene_product=AP-1 complex subunit beta, putative | transcript_product=AP-1 complex subunit beta, putative | location=Pv_Sal1_chr10:144521-148368(+) | protein_length=930 | sequence_SO=chromosome | SO=protein_coding_gene | is_pseudo=false
PVX_079845.1-p1      -            930 2503at5820           -            737   3.9e-85  285.3  45.4   2   2      0.21   3.8e+02   -2.3   2.1   621   701   812   893   802   916 0.73 | transcript=PVX_079845.1 | gene=PVX_079845 | organism=Plasmodium_vivax_Sal-1 | gene_product=AP-1 complex subunit beta, putative | transcript_product=AP-1 complex subunit beta, putative | location=Pv_Sal1_chr10:144521-148368(+) | protein_length=930 | sequence_SO=chromosome | SO=protein_coding_gene | is_pseudo=false
PVX_113810.1-p1      -           1004 2503at5820           -            737   6.8e-13   46.4   2.7   1   2   3.7e-16   6.8e-13   46.4   2.7     8   134    43   168    38   196 0.86 | transcript=PVX_113810.1 | gene=PVX_113810 | organism=Plasmodium_vivax_Sal-1 | gene_product=AP-3 complex subunit beta, putative | transcript_product=AP-3 complex subunit beta, putative | location=Pv_Sal1_chr11:1490587-1493601(+) | protein_length=1004 | sequence_SO=chromosome | SO=protein_coding_gene | is_pseudo=false
PVX_113810.1-p1      -           1004 2503at5820           -            737   6.8e-13   46.4   2.7   2   2     0.015        28    1.4   6.4   293   448   426   588   376   596 0.62 | transcript=PVX_113810.1 | gene=PVX_113810 | organism=Plasmodium_vivax_Sal-1 | gene_product=AP-3 complex subunit beta, putative | transcript_product=AP-3 complex subunit beta, putative | location=Pv_Sal1_chr11:1490587-1493601(+) | protein_length=1004 | sequence_SO=chromosome | SO=protein_coding_gene | is_pseudo=false
#
# Program:         hmmsearch
# Version:         3.4 (Aug 2023)
# Pipeline mode:   SEARCH
# Query file:      /v3/work/00_inventory/busco/busco_downloads/lineages/plasmodium_odb10/hmms/2503at5820.hmm
# Target file:     /v3/inputs/annotations/plasmodb-68/Sal-I.proteins.fa
# Option settings: hmmsearch --domtblout /v3/work/00_inventory/busco/Sal-I_proteins/run_plasmodium_odb10/hmmer_output/initial_run_results/2503at5820.out --cpu 1 /v3/work/00_inventory/busco/busco_downloads/lineages/plasmodium_odb10/hmms/2503at5820.hmm /v3/inputs/annotations/plasmodb-68/Sal-I.proteins.fa 
# Current dir:     /v3/work/00_inventory/busco
# Date:            Tue May 19 17:36:27 2026
# [ok]
