#                                                                            --- full sequence --- -------------- this domain -------------   hmm coord   ali coord   env coord
# target name        accession   tlen query name           accession   qlen   E-value  score  bias   #  of  c-Evalue  i-Evalue  score  bias  from    to  from    to  from    to  acc description of target
#------------------- ---------- ----- -------------------- ---------- ----- --------- ------ ----- --- --- --------- --------- ------ ----- ----- ----- ----- ----- ----- ----- ---- ---------------------
PVX_122650.1-p1      -            888 2940at5820           -            590         0 1218.0  51.2   1   6   8.1e-53   2.2e-49  166.9   2.5     6    91    22   107    17   107 0.96 | transcript=PVX_122650.1 | gene=PVX_122650 | organism=Plasmodium_vivax_Sal-1 | gene_product=choline-phosphate cytidylyltransferase, putative | transcript_product=choline-phosphate cytidylyltransferase, putative | location=Pv_Sal1_chr14:752305-755482(+) | protein_length=888 | sequence_SO=chromosome | SO=protein_coding_gene | is_pseudo=false
PVX_122650.1-p1      -            888 2940at5820           -            590         0 1218.0  51.2   2   6   5.7e-39   1.6e-35  121.2   3.7   373   436    75   138    75   141 0.97 | transcript=PVX_122650.1 | gene=PVX_122650 | organism=Plasmodium_vivax_Sal-1 | gene_product=choline-phosphate cytidylyltransferase, putative | transcript_product=choline-phosphate cytidylyltransferase, putative | location=Pv_Sal1_chr14:752305-755482(+) | protein_length=888 | sequence_SO=chromosome | SO=protein_coding_gene | is_pseudo=false
PVX_122650.1-p1      -            888 2940at5820           -            590         0 1218.0  51.2   3   6  3.9e-124  1.1e-120  402.4   7.1    93   285   142   334   138   343 0.96 | transcript=PVX_122650.1 | gene=PVX_122650 | organism=Plasmodium_vivax_Sal-1 | gene_product=choline-phosphate cytidylyltransferase, putative | transcript_product=choline-phosphate cytidylyltransferase, putative | location=Pv_Sal1_chr14:752305-755482(+) | protein_length=888 | sequence_SO=chromosome | SO=protein_coding_gene | is_pseudo=false
PVX_122650.1-p1      -            888 2940at5820           -            590         0 1218.0  51.2   4   6   2.1e-08   5.9e-05   20.2   0.4   271   302   343   374   333   385 0.81 | transcript=PVX_122650.1 | gene=PVX_122650 | organism=Plasmodium_vivax_Sal-1 | gene_product=choline-phosphate cytidylyltransferase, putative | transcript_product=choline-phosphate cytidylyltransferase, putative | location=Pv_Sal1_chr14:752305-755482(+) | protein_length=888 | sequence_SO=chromosome | SO=protein_coding_gene | is_pseudo=false
PVX_122650.1-p1      -            888 2940at5820           -            590         0 1218.0  51.2   5   6      0.02        54    0.5   0.0   299   314   439   454   424   469 0.81 | transcript=PVX_122650.1 | gene=PVX_122650 | organism=Plasmodium_vivax_Sal-1 | gene_product=choline-phosphate cytidylyltransferase, putative | transcript_product=choline-phosphate cytidylyltransferase, putative | location=Pv_Sal1_chr14:752305-755482(+) | protein_length=888 | sequence_SO=chromosome | SO=protein_coding_gene | is_pseudo=false
PVX_122650.1-p1      -            888 2940at5820           -            590         0 1218.0  51.2   6   6  3.4e-173  9.4e-170  564.4   8.2   326   590   609   888   583   888 0.94 | transcript=PVX_122650.1 | gene=PVX_122650 | organism=Plasmodium_vivax_Sal-1 | gene_product=choline-phosphate cytidylyltransferase, putative | transcript_product=choline-phosphate cytidylyltransferase, putative | location=Pv_Sal1_chr14:752305-755482(+) | protein_length=888 | sequence_SO=chromosome | SO=protein_coding_gene | is_pseudo=false
PVX_083280.1-p1      -            606 2940at5820           -            590   4.7e-41  139.4   6.3   1   2   4.6e-22   1.3e-18   65.3   0.0   299   471   146   305   112   331 0.81 | transcript=PVX_083280.1 | gene=PVX_083280 | organism=Plasmodium_vivax_Sal-1 | gene_product=ethanolamine-phosphate cytidylyltransferase, putative | transcript_product=ethanolamine-phosphate cytidylyltransferase, putative | location=Pv_Sal1_chr12:250367-252494(-) | protein_length=606 | sequence_SO=chromosome | SO=protein_coding_gene | is_pseudo=false
PVX_083280.1-p1      -            606 2940at5820           -            590   4.7e-41  139.4   6.3   2   2   1.1e-24   2.9e-21   74.0   4.2   232   472   346   581   341   598 0.82 | transcript=PVX_083280.1 | gene=PVX_083280 | organism=Plasmodium_vivax_Sal-1 | gene_product=ethanolamine-phosphate cytidylyltransferase, putative | transcript_product=ethanolamine-phosphate cytidylyltransferase, putative | location=Pv_Sal1_chr12:250367-252494(-) | protein_length=606 | sequence_SO=chromosome | SO=protein_coding_gene | is_pseudo=false
#
# Program:         hmmsearch
# Version:         3.4 (Aug 2023)
# Pipeline mode:   SEARCH
# Query file:      /v3/work/00_inventory/busco/busco_downloads/lineages/plasmodium_odb10/hmms/2940at5820.hmm
# Target file:     /v3/inputs/annotations/plasmodb-68/Sal-I.proteins.fa
# Option settings: hmmsearch --domtblout /v3/work/00_inventory/busco/Sal-I_proteins/run_plasmodium_odb10/hmmer_output/initial_run_results/2940at5820.out --cpu 1 /v3/work/00_inventory/busco/busco_downloads/lineages/plasmodium_odb10/hmms/2940at5820.hmm /v3/inputs/annotations/plasmodb-68/Sal-I.proteins.fa 
# Current dir:     /v3/work/00_inventory/busco
# Date:            Tue May 19 17:38:40 2026
# [ok]
