#                                                                            --- full sequence --- -------------- this domain -------------   hmm coord   ali coord   env coord
# target name        accession   tlen query name           accession   qlen   E-value  score  bias   #  of  c-Evalue  i-Evalue  score  bias  from    to  from    to  from    to  acc description of target
#------------------- ---------- ----- -------------------- ---------- ----- --------- ------ ----- --- --- --------- --------- ------ ----- ----- ----- ----- ----- ----- ----- ---- ---------------------
PVX_086960.1-p1      -           1006 3884at5820           -            651         0 1156.8  41.6   1   5   6.1e-39   1.7e-35  120.9   2.7     2    87     7   100     6   103 0.93 | transcript=PVX_086960.1 | gene=PVX_086960 | organism=Plasmodium_vivax_Sal-1 | gene_product=vacuolar protein sorting-associated protein 33, putative | transcript_product=vacuolar protein sorting-associated protein 33, putative | location=Pv_Sal1_chr07:1325416-1328436(-) | protein_length=1006 | sequence_SO=chromosome | SO=protein_coding_gene | is_pseudo=false
PVX_086960.1-p1      -           1006 3884at5820           -            651         0 1156.8  41.6   2   5   2.8e-93   7.6e-90  300.5   0.0    88   267   128   308   125   320 0.95 | transcript=PVX_086960.1 | gene=PVX_086960 | organism=Plasmodium_vivax_Sal-1 | gene_product=vacuolar protein sorting-associated protein 33, putative | transcript_product=vacuolar protein sorting-associated protein 33, putative | location=Pv_Sal1_chr07:1325416-1328436(-) | protein_length=1006 | sequence_SO=chromosome | SO=protein_coding_gene | is_pseudo=false
PVX_086960.1-p1      -           1006 3884at5820           -            651         0 1156.8  41.6   3   5   4.3e-52   1.2e-48  164.4   0.2   253   348   550   646   545   654 0.95 | transcript=PVX_086960.1 | gene=PVX_086960 | organism=Plasmodium_vivax_Sal-1 | gene_product=vacuolar protein sorting-associated protein 33, putative | transcript_product=vacuolar protein sorting-associated protein 33, putative | location=Pv_Sal1_chr07:1325416-1328436(-) | protein_length=1006 | sequence_SO=chromosome | SO=protein_coding_gene | is_pseudo=false
PVX_086960.1-p1      -           1006 3884at5820           -            651         0 1156.8  41.6   4   5  3.8e-155  1.1e-151  504.9  20.9   344   603   673   932   668   936 0.99 | transcript=PVX_086960.1 | gene=PVX_086960 | organism=Plasmodium_vivax_Sal-1 | gene_product=vacuolar protein sorting-associated protein 33, putative | transcript_product=vacuolar protein sorting-associated protein 33, putative | location=Pv_Sal1_chr07:1325416-1328436(-) | protein_length=1006 | sequence_SO=chromosome | SO=protein_coding_gene | is_pseudo=false
PVX_086960.1-p1      -           1006 3884at5820           -            651         0 1156.8  41.6   5   5   1.3e-25   3.5e-22   76.9   0.0   602   651   954  1003   951  1003 0.97 | transcript=PVX_086960.1 | gene=PVX_086960 | organism=Plasmodium_vivax_Sal-1 | gene_product=vacuolar protein sorting-associated protein 33, putative | transcript_product=vacuolar protein sorting-associated protein 33, putative | location=Pv_Sal1_chr07:1325416-1328436(-) | protein_length=1006 | sequence_SO=chromosome | SO=protein_coding_gene | is_pseudo=false
PVX_002720.1-p1      -            715 3884at5820           -            651   9.7e-08   29.2  18.7   1   3      0.27   7.5e+02   -3.5  11.7    55   139    87   171    13   185 0.79 | transcript=PVX_002720.1 | gene=PVX_002720 | organism=Plasmodium_vivax_Sal-1 | gene_product=vacuolar protein sorting-associated protein 45, putative | transcript_product=vacuolar protein sorting-associated protein 45, putative | location=Pv_Sal1_chr04:216342-218489(-) | protein_length=715 | sequence_SO=chromosome | SO=protein_coding_gene | is_pseudo=false
PVX_002720.1-p1      -            715 3884at5820           -            651   9.7e-08   29.2  18.7   2   3     0.037     1e+02   -0.6   0.1   146   196   261   312   249   324 0.79 | transcript=PVX_002720.1 | gene=PVX_002720 | organism=Plasmodium_vivax_Sal-1 | gene_product=vacuolar protein sorting-associated protein 45, putative | transcript_product=vacuolar protein sorting-associated protein 45, putative | location=Pv_Sal1_chr04:216342-218489(-) | protein_length=715 | sequence_SO=chromosome | SO=protein_coding_gene | is_pseudo=false
PVX_002720.1-p1      -            715 3884at5820           -            651   9.7e-08   29.2  18.7   3   3   3.5e-11   9.7e-08   29.2  18.7   296   648   369   706   272   709 0.73 | transcript=PVX_002720.1 | gene=PVX_002720 | organism=Plasmodium_vivax_Sal-1 | gene_product=vacuolar protein sorting-associated protein 45, putative | transcript_product=vacuolar protein sorting-associated protein 45, putative | location=Pv_Sal1_chr04:216342-218489(-) | protein_length=715 | sequence_SO=chromosome | SO=protein_coding_gene | is_pseudo=false
#
# Program:         hmmsearch
# Version:         3.4 (Aug 2023)
# Pipeline mode:   SEARCH
# Query file:      /v3/work/00_inventory/busco/busco_downloads/lineages/plasmodium_odb10/hmms/3884at5820.hmm
# Target file:     /v3/inputs/annotations/plasmodb-68/Sal-I.proteins.fa
# Option settings: hmmsearch --domtblout /v3/work/00_inventory/busco/Sal-I_proteins/run_plasmodium_odb10/hmmer_output/initial_run_results/3884at5820.out --cpu 1 /v3/work/00_inventory/busco/busco_downloads/lineages/plasmodium_odb10/hmms/3884at5820.hmm /v3/inputs/annotations/plasmodb-68/Sal-I.proteins.fa 
# Current dir:     /v3/work/00_inventory/busco
# Date:            Tue May 19 17:39:12 2026
# [ok]
