#                                                                            --- full sequence --- -------------- this domain -------------   hmm coord   ali coord   env coord
# target name        accession   tlen query name           accession   qlen   E-value  score  bias   #  of  c-Evalue  i-Evalue  score  bias  from    to  from    to  from    to  acc description of target
#------------------- ---------- ----- -------------------- ---------- ----- --------- ------ ----- --- --- --------- --------- ------ ----- ----- ----- ----- ----- ----- ----- ---- ---------------------
PVX_091950.1-p1      -            946 3923at5820           -            600  2.4e-257  853.3  99.2   1   5   1.5e-76   2.7e-73  245.4  47.2     1   204    25   248    25   250 0.90 | transcript=PVX_091950.1 | gene=PVX_091950 | organism=Plasmodium_vivax_Sal-1 | gene_product=autophagy-related protein 23, putative | transcript_product=autophagy-related protein 23, putative | location=Pv_Sal1_chr09:974041-979398(-) | protein_length=946 | sequence_SO=chromosome | SO=protein_coding_gene | is_pseudo=false
PVX_091950.1-p1      -            946 3923at5820           -            600  2.4e-257  853.3  99.2   2   5   4.1e-13   7.5e-10   35.9  14.5   167   238   234   312   231   330 0.73 | transcript=PVX_091950.1 | gene=PVX_091950 | organism=Plasmodium_vivax_Sal-1 | gene_product=autophagy-related protein 23, putative | transcript_product=autophagy-related protein 23, putative | location=Pv_Sal1_chr09:974041-979398(-) | protein_length=946 | sequence_SO=chromosome | SO=protein_coding_gene | is_pseudo=false
PVX_091950.1-p1      -            946 3923at5820           -            600  2.4e-257  853.3  99.2   3   5  9.5e-141  1.7e-137  457.4  18.9   198   505   308   646   303   675 0.88 | transcript=PVX_091950.1 | gene=PVX_091950 | organism=Plasmodium_vivax_Sal-1 | gene_product=autophagy-related protein 23, putative | transcript_product=autophagy-related protein 23, putative | location=Pv_Sal1_chr09:974041-979398(-) | protein_length=946 | sequence_SO=chromosome | SO=protein_coding_gene | is_pseudo=false
PVX_091950.1-p1      -            946 3923at5820           -            600  2.4e-257  853.3  99.2   4   5   5.2e-10   9.6e-07   25.6   0.0   503   529   724   750   714   754 0.87 | transcript=PVX_091950.1 | gene=PVX_091950 | organism=Plasmodium_vivax_Sal-1 | gene_product=autophagy-related protein 23, putative | transcript_product=autophagy-related protein 23, putative | location=Pv_Sal1_chr09:974041-979398(-) | protein_length=946 | sequence_SO=chromosome | SO=protein_coding_gene | is_pseudo=false
PVX_091950.1-p1      -            946 3923at5820           -            600  2.4e-257  853.3  99.2   5   5     2e-34   3.6e-31  106.3   1.8   526   600   854   943   849   943 0.89 | transcript=PVX_091950.1 | gene=PVX_091950 | organism=Plasmodium_vivax_Sal-1 | gene_product=autophagy-related protein 23, putative | transcript_product=autophagy-related protein 23, putative | location=Pv_Sal1_chr09:974041-979398(-) | protein_length=946 | sequence_SO=chromosome | SO=protein_coding_gene | is_pseudo=false
PVX_097845.1-p1      -            549 3923at5820           -            600       1.5    5.2  20.4   1   1    0.0012       2.2    4.6  20.4   116   253   100   236    87   243 0.83 | transcript=PVX_097845.1 | gene=PVX_097845 | organism=Plasmodium_vivax_Sal-1 | gene_product=hypothetical protein, conserved | transcript_product=hypothetical protein, conserved | location=Pv_Sal1_chr10:1095947-1097596(+) | protein_length=549 | sequence_SO=chromosome | SO=protein_coding_gene | is_pseudo=false
PVX_117835.1-p1      -            256 3923at5820           -            600       4.1    3.7  51.5   1   1    0.0059        11    2.3  51.5    56   255    29   238    15   248 0.69 | transcript=PVX_117835.1 | gene=PVX_117835 | organism=Plasmodium_vivax_Sal-1 | gene_product=hypothetical protein, conserved | transcript_product=hypothetical protein, conserved | location=Pv_Sal1_chr12:2182823-2184074(-) | protein_length=256 | sequence_SO=chromosome | SO=protein_coding_gene | is_pseudo=false
#
# Program:         hmmsearch
# Version:         3.4 (Aug 2023)
# Pipeline mode:   SEARCH
# Query file:      /v3/work/00_inventory/busco/busco_downloads/lineages/plasmodium_odb10/hmms/3923at5820.hmm
# Target file:     /v3/inputs/annotations/plasmodb-68/Sal-I.proteins.fa
# Option settings: hmmsearch --domtblout /v3/work/00_inventory/busco/Sal-I_proteins/run_plasmodium_odb10/hmmer_output/initial_run_results/3923at5820.out --cpu 1 /v3/work/00_inventory/busco/busco_downloads/lineages/plasmodium_odb10/hmms/3923at5820.hmm /v3/inputs/annotations/plasmodb-68/Sal-I.proteins.fa 
# Current dir:     /v3/work/00_inventory/busco
# Date:            Tue May 19 17:39:18 2026
# [ok]
