#                                                                            --- full sequence --- -------------- this domain -------------   hmm coord   ali coord   env coord
# target name        accession   tlen query name           accession   qlen   E-value  score  bias   #  of  c-Evalue  i-Evalue  score  bias  from    to  from    to  from    to  acc description of target
#------------------- ---------- ----- -------------------- ---------- ----- --------- ------ ----- --- --- --------- --------- ------ ----- ----- ----- ----- ----- ----- ----- ---- ---------------------
PVX_088970.1-p1      -            780 5465at5820           -            308    1e-159  528.8  37.4   1   2   2.1e-89   3.9e-86  287.2  13.6     1   163     1   169     1   195 0.88 | transcript=PVX_088970.1 | gene=PVX_088970 | organism=Plasmodium_vivax_Sal-1 | gene_product=hypothetical protein, conserved | transcript_product=hypothetical protein, conserved | location=Pv_Sal1_chr05:198298-200640(+) | protein_length=780 | sequence_SO=chromosome | SO=protein_coding_gene | is_pseudo=false
PVX_088970.1-p1      -            780 5465at5820           -            308    1e-159  528.8  37.4   2   2   2.2e-77     4e-74  247.7  15.8   162   308   634   779   621   779 0.94 | transcript=PVX_088970.1 | gene=PVX_088970 | organism=Plasmodium_vivax_Sal-1 | gene_product=hypothetical protein, conserved | transcript_product=hypothetical protein, conserved | location=Pv_Sal1_chr05:198298-200640(+) | protein_length=780 | sequence_SO=chromosome | SO=protein_coding_gene | is_pseudo=false
PVX_080120.1-p1      -            489 5465at5820           -            308   1.1e-08   32.7  25.9   1   2   2.8e-09   5.2e-06   24.0  10.2     5   147    19   174    14   200 0.76 | transcript=PVX_080120.1 | gene=PVX_080120 | organism=Plasmodium_vivax_Sal-1 | gene_product=hypothetical protein, conserved | transcript_product=hypothetical protein, conserved | location=Pv_Sal1_chr10:384143-385612(-) | protein_length=489 | sequence_SO=chromosome | SO=protein_coding_gene | is_pseudo=false
PVX_080120.1-p1      -            489 5465at5820           -            308   1.1e-08   32.7  25.9   2   2   2.2e-06     0.004   14.5   7.8   181   295   246   362   222   374 0.81 | transcript=PVX_080120.1 | gene=PVX_080120 | organism=Plasmodium_vivax_Sal-1 | gene_product=hypothetical protein, conserved | transcript_product=hypothetical protein, conserved | location=Pv_Sal1_chr10:384143-385612(-) | protein_length=489 | sequence_SO=chromosome | SO=protein_coding_gene | is_pseudo=false
PVX_117115.1-p1      -            792 5465at5820           -            308   5.3e-06   24.0  19.2   1   3      0.21   3.8e+02   -1.8   0.1     5    34     8    37     1    42 0.80 | transcript=PVX_117115.1 | gene=PVX_117115 | organism=Plasmodium_vivax_Sal-1 | gene_product=hypothetical protein, conserved | transcript_product=hypothetical protein, conserved | location=Pv_Sal1_chr12:1558391-1560958(-) | protein_length=792 | sequence_SO=chromosome | SO=protein_coding_gene | is_pseudo=false
PVX_117115.1-p1      -            792 5465at5820           -            308   5.3e-06   24.0  19.2   2   3   4.2e-07   0.00077   16.9   2.0    33   141   482   590   473   603 0.85 | transcript=PVX_117115.1 | gene=PVX_117115 | organism=Plasmodium_vivax_Sal-1 | gene_product=hypothetical protein, conserved | transcript_product=hypothetical protein, conserved | location=Pv_Sal1_chr12:1558391-1560958(-) | protein_length=792 | sequence_SO=chromosome | SO=protein_coding_gene | is_pseudo=false
PVX_117115.1-p1      -            792 5465at5820           -            308   5.3e-06   24.0  19.2   3   3   1.8e-06    0.0033   14.8   6.4   178   295   654   774   640   787 0.80 | transcript=PVX_117115.1 | gene=PVX_117115 | organism=Plasmodium_vivax_Sal-1 | gene_product=hypothetical protein, conserved | transcript_product=hypothetical protein, conserved | location=Pv_Sal1_chr12:1558391-1560958(-) | protein_length=792 | sequence_SO=chromosome | SO=protein_coding_gene | is_pseudo=false
#
# Program:         hmmsearch
# Version:         3.4 (Aug 2023)
# Pipeline mode:   SEARCH
# Query file:      /v3/work/00_inventory/busco/busco_downloads/lineages/plasmodium_odb10/hmms/5465at5820.hmm
# Target file:     /v3/inputs/annotations/plasmodb-68/Sal-I.proteins.fa
# Option settings: hmmsearch --domtblout /v3/work/00_inventory/busco/Sal-I_proteins/run_plasmodium_odb10/hmmer_output/initial_run_results/5465at5820.out --cpu 1 /v3/work/00_inventory/busco/busco_downloads/lineages/plasmodium_odb10/hmms/5465at5820.hmm /v3/inputs/annotations/plasmodb-68/Sal-I.proteins.fa 
# Current dir:     /v3/work/00_inventory/busco
# Date:            Tue May 19 17:41:52 2026
# [ok]
