#                                                                            --- full sequence --- -------------- this domain -------------   hmm coord   ali coord   env coord
# target name        accession   tlen query name           accession   qlen   E-value  score  bias   #  of  c-Evalue  i-Evalue  score  bias  from    to  from    to  from    to  acc description of target
#------------------- ---------- ----- -------------------- ---------- ----- --------- ------ ----- --- --- --------- --------- ------ ----- ----- ----- ----- ----- ----- ----- ---- ---------------------
PVX_082990.1-p1      -            442 5960at5820           -            361  8.3e-201  664.8  34.2   1   1  6.3e-203  5.8e-200  662.0  34.2    10   360    53   431    46   432 0.92 | transcript=PVX_082990.1 | gene=PVX_082990 | organism=Plasmodium_vivax_Sal-1 | gene_product=inner membrane complex protein 1k, putative | transcript_product=inner membrane complex protein 1k, putative | location=Pv_Sal1_chr12:533501-534829(+) | protein_length=442 | sequence_SO=chromosome | SO=protein_coding_gene | is_pseudo=false
PVX_114190.1-p1      -            607 5960at5820           -            361     5e-52  175.3  28.2   1   1   8.5e-55   7.8e-52  174.7  28.2    92   285    54   247    28   281 0.93 | transcript=PVX_114190.1 | gene=PVX_114190 | organism=Plasmodium_vivax_Sal-1 | gene_product=inner membrane complex protein 1j, putative | transcript_product=inner membrane complex protein 1j, putative | location=Pv_Sal1_chr11:1185714-1187537(-) | protein_length=607 | sequence_SO=chromosome | SO=protein_coding_gene | is_pseudo=false
PVX_119325.1-p1      -            869 5960at5820           -            361   1.1e-07   29.4  19.6   1   2   1.2e-10   1.1e-07   29.4  19.6   113   227    88   200    66   211 0.84 | transcript=PVX_119325.1 | gene=PVX_119325 | organism=Plasmodium_vivax_Sal-1 | gene_product=inner membrane complex protein 1a, putative | transcript_product=inner membrane complex protein 1a, putative | location=Pv_Sal1_chr08:1558854-1562209(+) | protein_length=869 | sequence_SO=chromosome | SO=protein_coding_gene | is_pseudo=false
PVX_119325.1-p1      -            869 5960at5820           -            361   1.1e-07   29.4  19.6   2   2       2.4   2.2e+03   -4.5  11.0   238   289   365   413   362   464 0.75 | transcript=PVX_119325.1 | gene=PVX_119325 | organism=Plasmodium_vivax_Sal-1 | gene_product=inner membrane complex protein 1a, putative | transcript_product=inner membrane complex protein 1a, putative | location=Pv_Sal1_chr08:1558854-1562209(+) | protein_length=869 | sequence_SO=chromosome | SO=protein_coding_gene | is_pseudo=false
PVX_251300-t26_1-p1  -            218 5960at5820           -            361      0.45    7.7  36.5   1   2   0.00032      0.29    8.3  31.9   156   253    38   133    24   141 0.71 | transcript=PVX_251300-t26_1 | gene=PVX_251300 | organism=Plasmodium_vivax_Sal-1 | gene_product=unspecified product | transcript_product=unspecified product | location=AAKM01002130:96-752(+) | protein_length=218 | sequence_SO=contig | SO=protein_coding_gene | is_pseudo=false
PVX_251300-t26_1-p1  -            218 5960at5820           -            361      0.45    7.7  36.5   2   2    0.0049       4.6    4.4  12.2   202   262   105   160    99   167 0.86 | transcript=PVX_251300-t26_1 | gene=PVX_251300 | organism=Plasmodium_vivax_Sal-1 | gene_product=unspecified product | transcript_product=unspecified product | location=AAKM01002130:96-752(+) | protein_length=218 | sequence_SO=contig | SO=protein_coding_gene | is_pseudo=false
PVX_193290-t26_1-p1  -            299 5960at5820           -            361       2.2    5.4  37.9   1   1     0.011        10    3.2  37.8   112   214    42   143    30   230 0.68 | transcript=PVX_193290-t26_1 | gene=PVX_193290 | organism=Plasmodium_vivax_Sal-1 | gene_product=unspecified product | transcript_product=unspecified product | location=AAKM01001369:95-992(+) | protein_length=299 | sequence_SO=contig | SO=protein_coding_gene | is_pseudo=false
PVX_094380.1-p1      -            286 5960at5820           -            361       2.8    5.0  38.4   1   1     0.013        12    2.9  38.4   112   214    42   143    24   233 0.68 | transcript=PVX_094380.1 | gene=PVX_094380 | organism=Plasmodium_vivax_Sal-1 | gene_product=inner membrane complex protein 1c, putative | transcript_product=inner membrane complex protein 1c, putative | location=Pv_Sal1_chr08:196311-197171(+) | protein_length=286 | sequence_SO=chromosome | SO=protein_coding_gene | is_pseudo=false
#
# Program:         hmmsearch
# Version:         3.4 (Aug 2023)
# Pipeline mode:   SEARCH
# Query file:      /v3/work/00_inventory/busco/busco_downloads/lineages/plasmodium_odb10/hmms/5960at5820.hmm
# Target file:     /v3/inputs/annotations/plasmodb-68/Sal-I.proteins.fa
# Option settings: hmmsearch --domtblout /v3/work/00_inventory/busco/Sal-I_proteins/run_plasmodium_odb10/hmmer_output/initial_run_results/5960at5820.out --cpu 1 /v3/work/00_inventory/busco/busco_downloads/lineages/plasmodium_odb10/hmms/5960at5820.hmm /v3/inputs/annotations/plasmodb-68/Sal-I.proteins.fa 
# Current dir:     /v3/work/00_inventory/busco
# Date:            Tue May 19 17:44:17 2026
# [ok]
