#                                                                            --- full sequence --- -------------- this domain -------------   hmm coord   ali coord   env coord
# target name        accession   tlen query name           accession   qlen   E-value  score  bias   #  of  c-Evalue  i-Evalue  score  bias  from    to  from    to  from    to  acc description of target
#------------------- ---------- ----- -------------------- ---------- ----- --------- ------ ----- --- --- --------- --------- ------ ----- ----- ----- ----- ----- ----- ----- ---- ---------------------
PVX_117145.1-p1      -           1223 6329at5820           -            486  1.7e-168  559.8 104.9   1   7     1e-88   2.9e-85  285.3  14.0     1   171   208   410   208   427 0.83 | transcript=PVX_117145.1 | gene=PVX_117145 | organism=Plasmodium_vivax_Sal-1 | gene_product=transcription factor with AP2 domain(s), putative | transcript_product=transcription factor with AP2 domain(s), putative | location=Pv_Sal1_chr12:1588169-1591840(+) | protein_length=1223 | sequence_SO=chromosome | SO=protein_coding_gene | is_pseudo=false
PVX_117145.1-p1      -           1223 6329at5820           -            486  1.7e-168  559.8 104.9   2   7   2.2e-23   6.1e-20   69.9  16.9   161   249   439   552   434   581 0.72 | transcript=PVX_117145.1 | gene=PVX_117145 | organism=Plasmodium_vivax_Sal-1 | gene_product=transcription factor with AP2 domain(s), putative | transcript_product=transcription factor with AP2 domain(s), putative | location=Pv_Sal1_chr12:1588169-1591840(+) | protein_length=1223 | sequence_SO=chromosome | SO=protein_coding_gene | is_pseudo=false
PVX_117145.1-p1      -           1223 6329at5820           -            486  1.7e-168  559.8 104.9   3   7   4.3e-09   1.2e-05   22.7   7.8   227   275   578   628   566   637 0.85 | transcript=PVX_117145.1 | gene=PVX_117145 | organism=Plasmodium_vivax_Sal-1 | gene_product=transcription factor with AP2 domain(s), putative | transcript_product=transcription factor with AP2 domain(s), putative | location=Pv_Sal1_chr12:1588169-1591840(+) | protein_length=1223 | sequence_SO=chromosome | SO=protein_coding_gene | is_pseudo=false
PVX_117145.1-p1      -           1223 6329at5820           -            486  1.7e-168  559.8 104.9   4   7   3.5e-20   9.6e-17   59.3  12.5   222   310   655   743   638   749 0.71 | transcript=PVX_117145.1 | gene=PVX_117145 | organism=Plasmodium_vivax_Sal-1 | gene_product=transcription factor with AP2 domain(s), putative | transcript_product=transcription factor with AP2 domain(s), putative | location=Pv_Sal1_chr12:1588169-1591840(+) | protein_length=1223 | sequence_SO=chromosome | SO=protein_coding_gene | is_pseudo=false
PVX_117145.1-p1      -           1223 6329at5820           -            486  1.7e-168  559.8 104.9   5   7   6.1e-19   1.7e-15   55.2   1.4   306   370   764   838   762   852 0.83 | transcript=PVX_117145.1 | gene=PVX_117145 | organism=Plasmodium_vivax_Sal-1 | gene_product=transcription factor with AP2 domain(s), putative | transcript_product=transcription factor with AP2 domain(s), putative | location=Pv_Sal1_chr12:1588169-1591840(+) | protein_length=1223 | sequence_SO=chromosome | SO=protein_coding_gene | is_pseudo=false
PVX_117145.1-p1      -           1223 6329at5820           -            486  1.7e-168  559.8 104.9   6   7   6.8e-14   1.9e-10   38.6   3.3   368   435   878   949   871   958 0.81 | transcript=PVX_117145.1 | gene=PVX_117145 | organism=Plasmodium_vivax_Sal-1 | gene_product=transcription factor with AP2 domain(s), putative | transcript_product=transcription factor with AP2 domain(s), putative | location=Pv_Sal1_chr12:1588169-1591840(+) | protein_length=1223 | sequence_SO=chromosome | SO=protein_coding_gene | is_pseudo=false
PVX_117145.1-p1      -           1223 6329at5820           -            486  1.7e-168  559.8 104.9   7   7   2.5e-20   6.8e-17   59.8   4.3   399   482   968  1066   964  1070 0.83 | transcript=PVX_117145.1 | gene=PVX_117145 | organism=Plasmodium_vivax_Sal-1 | gene_product=transcription factor with AP2 domain(s), putative | transcript_product=transcription factor with AP2 domain(s), putative | location=Pv_Sal1_chr12:1588169-1591840(+) | protein_length=1223 | sequence_SO=chromosome | SO=protein_coding_gene | is_pseudo=false
PVX_086995.1-p1      -            219 6329at5820           -            486     0.028   11.6   0.1   1   1   1.3e-05     0.037   11.2   0.1    30    92   131   190   123   208 0.84 | transcript=PVX_086995.1 | gene=PVX_086995 | organism=Plasmodium_vivax_Sal-1 | gene_product=transcription factor with AP2 domain(s), putative | transcript_product=transcription factor with AP2 domain(s), putative | location=Pv_Sal1_chr07:1306917-1307576(+) | protein_length=219 | sequence_SO=chromosome | SO=protein_coding_gene | is_pseudo=false
#
# Program:         hmmsearch
# Version:         3.4 (Aug 2023)
# Pipeline mode:   SEARCH
# Query file:      /v3/work/00_inventory/busco/busco_downloads/lineages/plasmodium_odb10/hmms/6329at5820.hmm
# Target file:     /v3/inputs/annotations/plasmodb-68/Sal-I.proteins.fa
# Option settings: hmmsearch --domtblout /v3/work/00_inventory/busco/Sal-I_proteins/run_plasmodium_odb10/hmmer_output/initial_run_results/6329at5820.out --cpu 1 /v3/work/00_inventory/busco/busco_downloads/lineages/plasmodium_odb10/hmms/6329at5820.hmm /v3/inputs/annotations/plasmodb-68/Sal-I.proteins.fa 
# Current dir:     /v3/work/00_inventory/busco
# Date:            Tue May 19 17:45:57 2026
# [ok]
