#                                                                            --- full sequence --- -------------- this domain -------------   hmm coord   ali coord   env coord
# target name        accession   tlen query name           accession   qlen   E-value  score  bias   #  of  c-Evalue  i-Evalue  score  bias  from    to  from    to  from    to  acc description of target
#------------------- ---------- ----- -------------------- ---------- ----- --------- ------ ----- --- --- --------- --------- ------ ----- ----- ----- ----- ----- ----- ----- ---- ---------------------
PVX_098915.1-p1      -            521 6628at5820           -            377  4.8e-254  840.6 120.6   1   6   4.2e-05      0.12    9.9   0.0     1    17     1    17     1    30 0.85 | transcript=PVX_098915.1 | gene=PVX_098915 | organism=Plasmodium_vivax_Sal-1 | gene_product=subpellicular microtubule protein 1, putative | transcript_product=subpellicular microtubule protein 1, putative | location=Pv_Sal1_chr07:352353-353918(+) | protein_length=521 | sequence_SO=chromosome | SO=protein_coding_gene | is_pseudo=false
PVX_098915.1-p1      -            521 6628at5820           -            377  4.8e-254  840.6 120.6   2   6   1.3e-75   3.6e-72  241.9  16.8    14   138    49   181    44   182 0.93 | transcript=PVX_098915.1 | gene=PVX_098915 | organism=Plasmodium_vivax_Sal-1 | gene_product=subpellicular microtubule protein 1, putative | transcript_product=subpellicular microtubule protein 1, putative | location=Pv_Sal1_chr07:352353-353918(+) | protein_length=521 | sequence_SO=chromosome | SO=protein_coding_gene | is_pseudo=false
PVX_098915.1-p1      -            521 6628at5820           -            377  4.8e-254  840.6 120.6   3   6   2.5e-31   6.8e-28   96.2  12.1    78   138   182   245   179   246 0.92 | transcript=PVX_098915.1 | gene=PVX_098915 | organism=Plasmodium_vivax_Sal-1 | gene_product=subpellicular microtubule protein 1, putative | transcript_product=subpellicular microtubule protein 1, putative | location=Pv_Sal1_chr07:352353-353918(+) | protein_length=521 | sequence_SO=chromosome | SO=protein_coding_gene | is_pseudo=false
PVX_098915.1-p1      -            521 6628at5820           -            377  4.8e-254  840.6 120.6   4   6   1.4e-31   3.9e-28   97.0   9.6    78   137   246   308   243   310 0.92 | transcript=PVX_098915.1 | gene=PVX_098915 | organism=Plasmodium_vivax_Sal-1 | gene_product=subpellicular microtubule protein 1, putative | transcript_product=subpellicular microtubule protein 1, putative | location=Pv_Sal1_chr07:352353-353918(+) | protein_length=521 | sequence_SO=chromosome | SO=protein_coding_gene | is_pseudo=false
PVX_098915.1-p1      -            521 6628at5820           -            377  4.8e-254  840.6 120.6   5   6   3.7e-57     1e-53  181.2  20.9    52   157   279   395   279   396 0.91 | transcript=PVX_098915.1 | gene=PVX_098915 | organism=Plasmodium_vivax_Sal-1 | gene_product=subpellicular microtubule protein 1, putative | transcript_product=subpellicular microtubule protein 1, putative | location=Pv_Sal1_chr07:352353-353918(+) | protein_length=521 | sequence_SO=chromosome | SO=protein_coding_gene | is_pseudo=false
PVX_098915.1-p1      -            521 6628at5820           -            377  4.8e-254  840.6 120.6   6   6   6.1e-87   1.7e-83  279.2  27.1   217   377   339   514   339   514 0.95 | transcript=PVX_098915.1 | gene=PVX_098915 | organism=Plasmodium_vivax_Sal-1 | gene_product=subpellicular microtubule protein 1, putative | transcript_product=subpellicular microtubule protein 1, putative | location=Pv_Sal1_chr07:352353-353918(+) | protein_length=521 | sequence_SO=chromosome | SO=protein_coding_gene | is_pseudo=false
PVX_135260-t26_1-p1  -            192 6628at5820           -            377     1e-80  270.1  17.5   1   2   1.2e-05     0.033   11.7   0.0     1    17     1    17     1    31 0.85 | transcript=PVX_135260-t26_1 | gene=PVX_135260 | organism=Plasmodium_vivax_Sal-1 | gene_product=unspecified product | transcript_product=unspecified product | location=AAKM01002338:145-722(+) | protein_length=192 | sequence_SO=contig | SO=protein_coding_gene | is_pseudo=false
PVX_135260-t26_1-p1  -            192 6628at5820           -            377     1e-80  270.1  17.5   2   2   1.1e-80     3e-77  258.6  15.4    14   146    49   192    44   192 0.92 | transcript=PVX_135260-t26_1 | gene=PVX_135260 | organism=Plasmodium_vivax_Sal-1 | gene_product=unspecified product | transcript_product=unspecified product | location=AAKM01002338:145-722(+) | protein_length=192 | sequence_SO=contig | SO=protein_coding_gene | is_pseudo=false
#
# Program:         hmmsearch
# Version:         3.4 (Aug 2023)
# Pipeline mode:   SEARCH
# Query file:      /v3/work/00_inventory/busco/busco_downloads/lineages/plasmodium_odb10/hmms/6628at5820.hmm
# Target file:     /v3/inputs/annotations/plasmodb-68/Sal-I.proteins.fa
# Option settings: hmmsearch --domtblout /v3/work/00_inventory/busco/Sal-I_proteins/run_plasmodium_odb10/hmmer_output/initial_run_results/6628at5820.out --cpu 1 /v3/work/00_inventory/busco/busco_downloads/lineages/plasmodium_odb10/hmms/6628at5820.hmm /v3/inputs/annotations/plasmodb-68/Sal-I.proteins.fa 
# Current dir:     /v3/work/00_inventory/busco
# Date:            Tue May 19 17:43:47 2026
# [ok]
