#                                                                            --- full sequence --- -------------- this domain -------------   hmm coord   ali coord   env coord
# target name        accession   tlen query name           accession   qlen   E-value  score  bias   #  of  c-Evalue  i-Evalue  score  bias  from    to  from    to  from    to  acc description of target
#------------------- ---------- ----- -------------------- ---------- ----- --------- ------ ----- --- --- --------- --------- ------ ----- ----- ----- ----- ----- ----- ----- ---- ---------------------
PVX_100670.1-p1      -            552 7009at5820           -            393  1.9e-169  562.0   6.7   1   3  9.6e-102   1.3e-98  328.8   5.5     2   219    56   302    55   317 0.91 | transcript=PVX_100670.1 | gene=PVX_100670 | organism=Plasmodium_vivax_Sal-1 | gene_product=aspartyl protease, putative | transcript_product=aspartyl protease, putative | location=Pv_Sal1_chr14:2288240-2290606(-) | protein_length=552 | sequence_SO=chromosome | SO=protein_coding_gene | is_pseudo=false
PVX_100670.1-p1      -            552 7009at5820           -            393  1.9e-169  562.0   6.7   2   3   1.1e-67   1.5e-64  216.7   0.0   213   366   328   495   322   502 0.90 | transcript=PVX_100670.1 | gene=PVX_100670 | organism=Plasmodium_vivax_Sal-1 | gene_product=aspartyl protease, putative | transcript_product=aspartyl protease, putative | location=Pv_Sal1_chr14:2288240-2290606(-) | protein_length=552 | sequence_SO=chromosome | SO=protein_coding_gene | is_pseudo=false
PVX_100670.1-p1      -            552 7009at5820           -            393  1.9e-169  562.0   6.7   3   3   4.1e-06    0.0056   13.9   0.0   365   393   521   552   510   552 0.82 | transcript=PVX_100670.1 | gene=PVX_100670 | organism=Plasmodium_vivax_Sal-1 | gene_product=aspartyl protease, putative | transcript_product=aspartyl protease, putative | location=Pv_Sal1_chr14:2288240-2290606(-) | protein_length=552 | sequence_SO=chromosome | SO=protein_coding_gene | is_pseudo=false
PVX_116695.1-p1      -            536 7009at5820           -            393   9.6e-12   42.8   9.1   1   3   5.9e-11   8.1e-08   29.9   0.3   126   214   138   236   127   240 0.79 | transcript=PVX_116695.1 | gene=PVX_116695 | organism=Plasmodium_vivax_Sal-1 | gene_product=plasmepsin V, putative | transcript_product=plasmepsin V, putative | location=Pv_Sal1_chr12:1212479-1214089(-) | protein_length=536 | sequence_SO=chromosome | SO=protein_coding_gene | is_pseudo=false
PVX_116695.1-p1      -            536 7009at5820           -            393   9.6e-12   42.8   9.1   2   3     0.011        16    2.6   0.1   217   272   274   330   261   350 0.80 | transcript=PVX_116695.1 | gene=PVX_116695 | organism=Plasmodium_vivax_Sal-1 | gene_product=plasmepsin V, putative | transcript_product=plasmepsin V, putative | location=Pv_Sal1_chr12:1212479-1214089(-) | protein_length=536 | sequence_SO=chromosome | SO=protein_coding_gene | is_pseudo=false
PVX_116695.1-p1      -            536 7009at5820           -            393   9.6e-12   42.8   9.1   3   3   3.6e-06     0.005   14.1   0.5   273   363   379   468   340   483 0.77 | transcript=PVX_116695.1 | gene=PVX_116695 | organism=Plasmodium_vivax_Sal-1 | gene_product=plasmepsin V, putative | transcript_product=plasmepsin V, putative | location=Pv_Sal1_chr12:1212479-1214089(-) | protein_length=536 | sequence_SO=chromosome | SO=protein_coding_gene | is_pseudo=false
PVX_117180.1-p1      -            373 7009at5820           -            393   8.7e-08   29.8   4.7   1   1   2.8e-10   3.9e-07   27.6   4.7    91   359    78   372    70   373 0.67 | transcript=PVX_117180.1 | gene=PVX_117180 | organism=Plasmodium_vivax_Sal-1 | gene_product=aspartyl proteinase, putative | transcript_product=aspartyl proteinase, putative | location=Pv_Sal1_chr12:1645882-1648646(+) | protein_length=373 | sequence_SO=chromosome | SO=protein_coding_gene | is_pseudo=false
PVX_111035.1-p1      -            479 7009at5820           -            393   9.2e-07   26.4   2.6   1   1   4.4e-09   6.1e-06   23.7   2.6   190   367   231   444   220   461 0.64 | transcript=PVX_111035.1 | gene=PVX_111035 | organism=Plasmodium_vivax_Sal-1 | gene_product=aspartyl protease, putative | transcript_product=aspartyl protease, putative | location=Pv_Sal1_chr06:769058-771632(+) | protein_length=479 | sequence_SO=chromosome | SO=protein_coding_gene | is_pseudo=false
#
# Program:         hmmsearch
# Version:         3.4 (Aug 2023)
# Pipeline mode:   SEARCH
# Query file:      /v3/work/00_inventory/busco/busco_downloads/lineages/plasmodium_odb10/hmms/7009at5820.hmm
# Target file:     /v3/inputs/annotations/plasmodb-68/Sal-I.proteins.fa
# Option settings: hmmsearch --domtblout /v3/work/00_inventory/busco/Sal-I_proteins/run_plasmodium_odb10/hmmer_output/initial_run_results/7009at5820.out --cpu 1 /v3/work/00_inventory/busco/busco_downloads/lineages/plasmodium_odb10/hmms/7009at5820.hmm /v3/inputs/annotations/plasmodb-68/Sal-I.proteins.fa 
# Current dir:     /v3/work/00_inventory/busco
# Date:            Tue May 19 17:45:35 2026
# [ok]
