#                                                                            --- full sequence --- -------------- this domain -------------   hmm coord   ali coord   env coord
# target name        accession   tlen query name           accession   qlen   E-value  score  bias   #  of  c-Evalue  i-Evalue  score  bias  from    to  from    to  from    to  acc description of target
#------------------- ---------- ----- -------------------- ---------- ----- --------- ------ ----- --- --- --------- --------- ------ ----- ----- ----- ----- ----- ----- ----- ---- ---------------------
PVX_116535.1-p1      -           1198 7042at5820           -            801  9.5e-301  998.1  59.5   1   8   4.5e-28   2.5e-24   83.9  10.3     4    90    10    99     8   114 0.91 | transcript=PVX_116535.1 | gene=PVX_116535 | organism=Plasmodium_vivax_Sal-1 | gene_product=hypothetical protein, conserved | transcript_product=hypothetical protein, conserved | location=Pv_Sal1_chr12:1055254-1058850(+) | protein_length=1198 | sequence_SO=chromosome | SO=protein_coding_gene | is_pseudo=false
PVX_116535.1-p1      -           1198 7042at5820           -            801  9.5e-301  998.1  59.5   2   8   4.1e-11   2.3e-07   27.8   0.0    86   119   126   159   103   163 0.85 | transcript=PVX_116535.1 | gene=PVX_116535 | organism=Plasmodium_vivax_Sal-1 | gene_product=hypothetical protein, conserved | transcript_product=hypothetical protein, conserved | location=Pv_Sal1_chr12:1055254-1058850(+) | protein_length=1198 | sequence_SO=chromosome | SO=protein_coding_gene | is_pseudo=false
PVX_116535.1-p1      -           1198 7042at5820           -            801  9.5e-301  998.1  59.5   3   8   1.8e-42     1e-38  131.5   1.3   118   222   220   330   217   336 0.91 | transcript=PVX_116535.1 | gene=PVX_116535 | organism=Plasmodium_vivax_Sal-1 | gene_product=hypothetical protein, conserved | transcript_product=hypothetical protein, conserved | location=Pv_Sal1_chr12:1055254-1058850(+) | protein_length=1198 | sequence_SO=chromosome | SO=protein_coding_gene | is_pseudo=false
PVX_116535.1-p1      -           1198 7042at5820           -            801  9.5e-301  998.1  59.5   4   8   1.6e-19   9.1e-16   55.6   0.2   219   273   361   415   358   425 0.91 | transcript=PVX_116535.1 | gene=PVX_116535 | organism=Plasmodium_vivax_Sal-1 | gene_product=hypothetical protein, conserved | transcript_product=hypothetical protein, conserved | location=Pv_Sal1_chr12:1055254-1058850(+) | protein_length=1198 | sequence_SO=chromosome | SO=protein_coding_gene | is_pseudo=false
PVX_116535.1-p1      -           1198 7042at5820           -            801  9.5e-301  998.1  59.5   5   8   4.1e-57   2.3e-53  179.9   2.9   271   395   471   605   467   617 0.89 | transcript=PVX_116535.1 | gene=PVX_116535 | organism=Plasmodium_vivax_Sal-1 | gene_product=hypothetical protein, conserved | transcript_product=hypothetical protein, conserved | location=Pv_Sal1_chr12:1055254-1058850(+) | protein_length=1198 | sequence_SO=chromosome | SO=protein_coding_gene | is_pseudo=false
PVX_116535.1-p1      -           1198 7042at5820           -            801  9.5e-301  998.1  59.5   6   8   2.5e-12   1.4e-08   31.8   0.0   430   490   716   791   710   804 0.81 | transcript=PVX_116535.1 | gene=PVX_116535 | organism=Plasmodium_vivax_Sal-1 | gene_product=hypothetical protein, conserved | transcript_product=hypothetical protein, conserved | location=Pv_Sal1_chr12:1055254-1058850(+) | protein_length=1198 | sequence_SO=chromosome | SO=protein_coding_gene | is_pseudo=false
PVX_116535.1-p1      -           1198 7042at5820           -            801  9.5e-301  998.1  59.5   7   8  1.2e-112  6.5e-109  363.7  14.4   487   725   827  1086   790  1096 0.89 | transcript=PVX_116535.1 | gene=PVX_116535 | organism=Plasmodium_vivax_Sal-1 | gene_product=hypothetical protein, conserved | transcript_product=hypothetical protein, conserved | location=Pv_Sal1_chr12:1055254-1058850(+) | protein_length=1198 | sequence_SO=chromosome | SO=protein_coding_gene | is_pseudo=false
PVX_116535.1-p1      -           1198 7042at5820           -            801  9.5e-301  998.1  59.5   8   8   7.1e-45   3.9e-41  139.5   0.9   718   800  1115  1197  1105  1198 0.95 | transcript=PVX_116535.1 | gene=PVX_116535 | organism=Plasmodium_vivax_Sal-1 | gene_product=hypothetical protein, conserved | transcript_product=hypothetical protein, conserved | location=Pv_Sal1_chr12:1055254-1058850(+) | protein_length=1198 | sequence_SO=chromosome | SO=protein_coding_gene | is_pseudo=false
#
# Program:         hmmsearch
# Version:         3.4 (Aug 2023)
# Pipeline mode:   SEARCH
# Query file:      /v3/work/00_inventory/busco/busco_downloads/lineages/plasmodium_odb10/hmms/7042at5820.hmm
# Target file:     /v3/inputs/annotations/plasmodb-68/Sal-I.proteins.fa
# Option settings: hmmsearch --domtblout /v3/work/00_inventory/busco/Sal-I_proteins/run_plasmodium_odb10/hmmer_output/initial_run_results/7042at5820.out --cpu 1 /v3/work/00_inventory/busco/busco_downloads/lineages/plasmodium_odb10/hmms/7042at5820.hmm /v3/inputs/annotations/plasmodb-68/Sal-I.proteins.fa 
# Current dir:     /v3/work/00_inventory/busco
# Date:            Tue May 19 17:45:38 2026
# [ok]
