#                                                                            --- full sequence --- -------------- this domain -------------   hmm coord   ali coord   env coord
# target name        accession   tlen query name           accession   qlen   E-value  score  bias   #  of  c-Evalue  i-Evalue  score  bias  from    to  from    to  from    to  acc description of target
#------------------- ---------- ----- -------------------- ---------- ----- --------- ------ ----- --- --- --------- --------- ------ ----- ----- ----- ----- ----- ----- ----- ---- ---------------------
PVX_094900.1-p1      -           2039 711at5820            -           1690         0 2518.0 203.3   1   1         0         0 2507.3 203.3     1  1690     1  2039     1  2039 0.88 | transcript=PVX_094900.1 | gene=PVX_094900 | organism=Plasmodium_vivax_Sal-1 | gene_product=hypothetical protein, conserved | transcript_product=hypothetical protein, conserved | location=Pv_Sal1_chr08:622294-628413(+) | protein_length=2039 | sequence_SO=chromosome | SO=protein_coding_gene | is_pseudo=false
PVX_118665.1-p1      -            255 711at5820            -           1690      0.72    5.3  11.3   1   1    0.0012      0.98    4.8  11.3   616   697   127   222    93   241 0.36 | transcript=PVX_118665.1 | gene=PVX_118665 | organism=Plasmodium_vivax_Sal-1 | gene_product=hypothetical protein, conserved | transcript_product=hypothetical protein, conserved | location=Pv_Sal1_chr12:2958519-2959393(+) | protein_length=255 | sequence_SO=chromosome | SO=protein_coding_gene | is_pseudo=false
PVX_087855.1-p1      -            162 711at5820            -           1690       1.2    4.6   5.9   1   1    0.0016       1.3    4.4   5.9   653   793     7   156     1   161 0.38 | transcript=PVX_087855.1 | gene=PVX_087855 | organism=Plasmodium_vivax_Sal-1 | gene_product=hypothetical protein | transcript_product=hypothetical protein | location=Pv_Sal1_chr01:226213-226910(+) | protein_length=162 | sequence_SO=chromosome | SO=protein_coding_gene | is_pseudo=false
PVX_087060.1-p1      -            208 711at5820            -           1690       1.9    3.9   9.4   1   1    0.0028       2.2    3.6   9.4  1417  1497    67   143    52   175 0.47 | transcript=PVX_087060.1 | gene=PVX_087060 | organism=Plasmodium_vivax_Sal-1 | gene_product=hypothetical protein, conserved | transcript_product=hypothetical protein, conserved | location=Pv_Sal1_chr07:1268595-1269221(-) | protein_length=208 | sequence_SO=chromosome | SO=protein_coding_gene | is_pseudo=false
PVX_079855.1-p1      -            667 711at5820            -           1690         2    3.8  21.2   1   1    0.0037       2.9    3.3  21.2   607   706    33   146    26   169 0.55 | transcript=PVX_079855.1 | gene=PVX_079855 | organism=Plasmodium_vivax_Sal-1 | gene_product=RNA helicase-1, putative | transcript_product=RNA helicase-1, putative | location=Pv_Sal1_chr10:150527-152530(-) | protein_length=667 | sequence_SO=chromosome | SO=protein_coding_gene | is_pseudo=false
PVX_092785.1-p1      -            324 711at5820            -           1690       2.7    3.4  18.6   1   1    0.0041       3.2    3.1  18.6  1454  1570   145   261    87   281 0.65 | transcript=PVX_092785.1 | gene=PVX_092785 | organism=Plasmodium_vivax_Sal-1 | gene_product=hypothetical protein, conserved | transcript_product=hypothetical protein, conserved | location=Pv_Sal1_chr09:1722975-1723949(-) | protein_length=324 | sequence_SO=chromosome | SO=protein_coding_gene | is_pseudo=false
PVX_118540.1-p1      -            356 711at5820            -           1690       6.5    2.1  13.1   1   1    0.0098       7.8    1.9  13.1  1417  1556    36   180    16   246 0.47 | transcript=PVX_118540.1 | gene=PVX_118540 | organism=Plasmodium_vivax_Sal-1 | gene_product=copper transporter, putative | transcript_product=copper transporter, putative | location=Pv_Sal1_chr12:2816415-2817650(-) | protein_length=356 | sequence_SO=chromosome | SO=protein_coding_gene | is_pseudo=false
#
# Program:         hmmsearch
# Version:         3.4 (Aug 2023)
# Pipeline mode:   SEARCH
# Query file:      /v3/work/00_inventory/busco/busco_downloads/lineages/plasmodium_odb10/hmms/711at5820.hmm
# Target file:     /v3/inputs/annotations/plasmodb-68/Sal-I.proteins.fa
# Option settings: hmmsearch --domtblout /v3/work/00_inventory/busco/Sal-I_proteins/run_plasmodium_odb10/hmmer_output/initial_run_results/711at5820.out --cpu 1 /v3/work/00_inventory/busco/busco_downloads/lineages/plasmodium_odb10/hmms/711at5820.hmm /v3/inputs/annotations/plasmodb-68/Sal-I.proteins.fa 
# Current dir:     /v3/work/00_inventory/busco
# Date:            Tue May 19 17:46:11 2026
# [ok]
