#                                                                            --- full sequence --- -------------- this domain -------------   hmm coord   ali coord   env coord
# target name        accession   tlen query name           accession   qlen   E-value  score  bias   #  of  c-Evalue  i-Evalue  score  bias  from    to  from    to  from    to  acc description of target
#------------------- ---------- ----- -------------------- ---------- ----- --------- ------ ----- --- --- --------- --------- ------ ----- ----- ----- ----- ----- ----- ----- ---- ---------------------
PVX_116530.1-p1      -           1057 7525at5820           -            671    4e-264  876.5  64.7   1   7     7e-48   3.8e-44  149.5   2.4     2   107    33   143    32   149 0.91 | transcript=PVX_116530.1 | gene=PVX_116530 | organism=Plasmodium_vivax_Sal-1 | gene_product=hypothetical protein, conserved | transcript_product=hypothetical protein, conserved | location=Pv_Sal1_chr12:1051267-1054739(+) | protein_length=1057 | sequence_SO=chromosome | SO=protein_coding_gene | is_pseudo=false
PVX_116530.1-p1      -           1057 7525at5820           -            671    4e-264  876.5  64.7   2   7   1.7e-21   9.4e-18   62.3   0.0   110   164   178   233   174   236 0.96 | transcript=PVX_116530.1 | gene=PVX_116530 | organism=Plasmodium_vivax_Sal-1 | gene_product=hypothetical protein, conserved | transcript_product=hypothetical protein, conserved | location=Pv_Sal1_chr12:1051267-1054739(+) | protein_length=1057 | sequence_SO=chromosome | SO=protein_coding_gene | is_pseudo=false
PVX_116530.1-p1      -           1057 7525at5820           -            671    4e-264  876.5  64.7   3   7   3.6e-05       0.2    8.3   0.1   162   183   316   337   313   344 0.87 | transcript=PVX_116530.1 | gene=PVX_116530 | organism=Plasmodium_vivax_Sal-1 | gene_product=hypothetical protein, conserved | transcript_product=hypothetical protein, conserved | location=Pv_Sal1_chr12:1051267-1054739(+) | protein_length=1057 | sequence_SO=chromosome | SO=protein_coding_gene | is_pseudo=false
PVX_116530.1-p1      -           1057 7525at5820           -            671    4e-264  876.5  64.7   4   7   4.7e-72   2.6e-68  229.4  10.1   181   342   414   595   404   601 0.89 | transcript=PVX_116530.1 | gene=PVX_116530 | organism=Plasmodium_vivax_Sal-1 | gene_product=hypothetical protein, conserved | transcript_product=hypothetical protein, conserved | location=Pv_Sal1_chr12:1051267-1054739(+) | protein_length=1057 | sequence_SO=chromosome | SO=protein_coding_gene | is_pseudo=false
PVX_116530.1-p1      -           1057 7525at5820           -            671    4e-264  876.5  64.7   5   7   1.4e-12   7.8e-09   32.8   0.0   343   378   617   652   613   658 0.91 | transcript=PVX_116530.1 | gene=PVX_116530 | organism=Plasmodium_vivax_Sal-1 | gene_product=hypothetical protein, conserved | transcript_product=hypothetical protein, conserved | location=Pv_Sal1_chr12:1051267-1054739(+) | protein_length=1057 | sequence_SO=chromosome | SO=protein_coding_gene | is_pseudo=false
PVX_116530.1-p1      -           1057 7525at5820           -            671    4e-264  876.5  64.7   6   7   1.6e-98   8.7e-95  316.9  19.6   373   606   690   963   686   968 0.91 | transcript=PVX_116530.1 | gene=PVX_116530 | organism=Plasmodium_vivax_Sal-1 | gene_product=hypothetical protein, conserved | transcript_product=hypothetical protein, conserved | location=Pv_Sal1_chr12:1051267-1054739(+) | protein_length=1057 | sequence_SO=chromosome | SO=protein_coding_gene | is_pseudo=false
PVX_116530.1-p1      -           1057 7525at5820           -            671    4e-264  876.5  64.7   7   7   3.5e-30   1.9e-26   91.0   3.0   606   671   988  1057   984  1057 0.93 | transcript=PVX_116530.1 | gene=PVX_116530 | organism=Plasmodium_vivax_Sal-1 | gene_product=hypothetical protein, conserved | transcript_product=hypothetical protein, conserved | location=Pv_Sal1_chr12:1051267-1054739(+) | protein_length=1057 | sequence_SO=chromosome | SO=protein_coding_gene | is_pseudo=false
#
# Program:         hmmsearch
# Version:         3.4 (Aug 2023)
# Pipeline mode:   SEARCH
# Query file:      /v3/work/00_inventory/busco/busco_downloads/lineages/plasmodium_odb10/hmms/7525at5820.hmm
# Target file:     /v3/inputs/annotations/plasmodb-68/Sal-I.proteins.fa
# Option settings: hmmsearch --domtblout /v3/work/00_inventory/busco/Sal-I_proteins/run_plasmodium_odb10/hmmer_output/initial_run_results/7525at5820.out --cpu 1 /v3/work/00_inventory/busco/busco_downloads/lineages/plasmodium_odb10/hmms/7525at5820.hmm /v3/inputs/annotations/plasmodb-68/Sal-I.proteins.fa 
# Current dir:     /v3/work/00_inventory/busco
# Date:            Tue May 19 17:47:53 2026
# [ok]
