#                                                                            --- full sequence --- -------------- this domain -------------   hmm coord   ali coord   env coord
# target name        accession   tlen query name           accession   qlen   E-value  score  bias   #  of  c-Evalue  i-Evalue  score  bias  from    to  from    to  from    to  acc description of target
#------------------- ---------- ----- -------------------- ---------- ----- --------- ------ ----- --- --- --------- --------- ------ ----- ----- ----- ----- ----- ----- ----- ---- ---------------------
PVX_100985.1-p1      -            336 8037at5820           -            295  2.2e-185  612.7   4.5   1   1  2.4e-188  2.6e-185  612.5   4.5     1   295     5   331     5   331 0.96 | transcript=PVX_100985.1 | gene=PVX_100985 | organism=Plasmodium_vivax_Sal-1 | gene_product=replication factor C subunit 4, putative | transcript_product=replication factor C subunit 4, putative | location=Pv_Sal1_chr14:2565421-2566781(+) | protein_length=336 | sequence_SO=chromosome | SO=protein_coding_gene | is_pseudo=false
PVX_117300.1-p1      -            344 8037at5820           -            295     4e-51  172.0   0.6   1   1   4.9e-54   5.4e-51  171.6   0.6    12   235    13   253     6   272 0.86 | transcript=PVX_117300.1 | gene=PVX_117300 | organism=Plasmodium_vivax_Sal-1 | gene_product=replication factor C3, putative | transcript_product=replication factor C3, putative | location=Pv_Sal1_chr12:1741770-1743238(-) | protein_length=344 | sequence_SO=chromosome | SO=protein_coding_gene | is_pseudo=false
PVX_002640.1-p1      -            330 8037at5820           -            295   1.1e-45  154.1   4.0   1   1   1.5e-48   1.6e-45  153.6   4.0    14   251     6   268     2   287 0.84 | transcript=PVX_002640.1 | gene=PVX_002640 | organism=Plasmodium_vivax_Sal-1 | gene_product=replication factor C subunit 2, putative | transcript_product=replication factor C subunit 2, putative | location=Pv_Sal1_chr04:155279-156271(-) | protein_length=330 | sequence_SO=chromosome | SO=protein_coding_gene | is_pseudo=false
PVX_002575.1-p1      -            945 8037at5820           -            295   4.8e-12   43.8   4.8   1   2     0.001       1.1    6.4   0.1    12    37   394   420   388   431 0.82 | transcript=PVX_002575.1 | gene=PVX_002575 | organism=Plasmodium_vivax_Sal-1 | gene_product=replication factor C subunit 1, putative | transcript_product=replication factor C subunit 1, putative | location=Pv_Sal1_chr04:113526-116363(+) | protein_length=945 | sequence_SO=chromosome | SO=protein_coding_gene | is_pseudo=false
PVX_002575.1-p1      -            945 8037at5820           -            295   4.8e-12   43.8   4.8   2   2   2.7e-13     3e-10   37.9   1.7    59   212   467   633   434   672 0.74 | transcript=PVX_002575.1 | gene=PVX_002575 | organism=Plasmodium_vivax_Sal-1 | gene_product=replication factor C subunit 1, putative | transcript_product=replication factor C subunit 1, putative | location=Pv_Sal1_chr04:113526-116363(+) | protein_length=945 | sequence_SO=chromosome | SO=protein_coding_gene | is_pseudo=false
PVX_091205.1-p1      -            349 8037at5820           -            295   1.2e-08   32.5   0.2   1   2   6.6e-10   7.3e-07   26.7   0.0    97   180   121   203     1   238 0.80 | transcript=PVX_091205.1 | gene=PVX_091205 | organism=Plasmodium_vivax_Sal-1 | gene_product=replication factor C subunit 5, putative | transcript_product=replication factor C subunit 5, putative | location=Pv_Sal1_chr09:337612-338661(-) | protein_length=349 | sequence_SO=chromosome | SO=protein_coding_gene | is_pseudo=false
PVX_091205.1-p1      -            349 8037at5820           -            295   1.2e-08   32.5   0.2   2   2      0.49   5.5e+02   -2.4   0.0   208   234   270   296   262   323 0.76 | transcript=PVX_091205.1 | gene=PVX_091205 | organism=Plasmodium_vivax_Sal-1 | gene_product=replication factor C subunit 5, putative | transcript_product=replication factor C subunit 5, putative | location=Pv_Sal1_chr09:337612-338661(-) | protein_length=349 | sequence_SO=chromosome | SO=protein_coding_gene | is_pseudo=false
#
# Program:         hmmsearch
# Version:         3.4 (Aug 2023)
# Pipeline mode:   SEARCH
# Query file:      /v3/work/00_inventory/busco/busco_downloads/lineages/plasmodium_odb10/hmms/8037at5820.hmm
# Target file:     /v3/inputs/annotations/plasmodb-68/Sal-I.proteins.fa
# Option settings: hmmsearch --domtblout /v3/work/00_inventory/busco/Sal-I_proteins/run_plasmodium_odb10/hmmer_output/initial_run_results/8037at5820.out --cpu 1 /v3/work/00_inventory/busco/busco_downloads/lineages/plasmodium_odb10/hmms/8037at5820.hmm /v3/inputs/annotations/plasmodb-68/Sal-I.proteins.fa 
# Current dir:     /v3/work/00_inventory/busco
# Date:            Tue May 19 17:49:44 2026
# [ok]
