#                                                                            --- full sequence --- -------------- this domain -------------   hmm coord   ali coord   env coord
# target name        accession   tlen query name           accession   qlen   E-value  score  bias   #  of  c-Evalue  i-Evalue  score  bias  from    to  from    to  from    to  acc description of target
#------------------- ---------- ----- -------------------- ---------- ----- --------- ------ ----- --- --- --------- --------- ------ ----- ----- ----- ----- ----- ----- ----- ---- ---------------------
PVX_117780.1-p1      -            602 8778at5820           -            422  3.8e-186  617.7  72.4   1   2   2.2e-47   3.1e-44  150.2  33.9     1   129     1   181     1   197 0.84 | transcript=PVX_117780.1 | gene=PVX_117780 | organism=Plasmodium_vivax_Sal-1 | gene_product=RNA-binding protein, putative | transcript_product=RNA-binding protein, putative | location=Pv_Sal1_chr12:2133404-2135212(-) | protein_length=602 | sequence_SO=chromosome | SO=protein_coding_gene | is_pseudo=false
PVX_117780.1-p1      -            602 8778at5820           -            422  3.8e-186  617.7  72.4   2   2  4.6e-143  6.4e-140  465.4  35.4    92   422   176   597   170   597 0.87 | transcript=PVX_117780.1 | gene=PVX_117780 | organism=Plasmodium_vivax_Sal-1 | gene_product=RNA-binding protein, putative | transcript_product=RNA-binding protein, putative | location=Pv_Sal1_chr12:2133404-2135212(-) | protein_length=602 | sequence_SO=chromosome | SO=protein_coding_gene | is_pseudo=false
PVX_091600.1-p1      -            316 8778at5820           -            422   0.00075   17.1   0.2   1   2   5.4e-07   0.00075   17.1   0.2   349   414    81   144    63   151 0.88 | transcript=PVX_091600.1 | gene=PVX_091600 | organism=Plasmodium_vivax_Sal-1 | gene_product=splicing factor U2AF small subunit, putative | transcript_product=splicing factor U2AF small subunit, putative | location=Pv_Sal1_chr09:634501-635451(-) | protein_length=316 | sequence_SO=chromosome | SO=protein_coding_gene | is_pseudo=false
PVX_091600.1-p1      -            316 8778at5820           -            422   0.00075   17.1   0.2   2   2         4   5.5e+03  -11.0  14.6   195   214   236   255   177   308 0.40 | transcript=PVX_091600.1 | gene=PVX_091600 | organism=Plasmodium_vivax_Sal-1 | gene_product=splicing factor U2AF small subunit, putative | transcript_product=splicing factor U2AF small subunit, putative | location=Pv_Sal1_chr09:634501-635451(-) | protein_length=316 | sequence_SO=chromosome | SO=protein_coding_gene | is_pseudo=false
PVX_087055.1-p1      -            721 8778at5820           -            422    0.0017   16.0   0.1   1   1   2.7e-06    0.0037   14.9   0.1   352   418    21    86    16    90 0.89 | transcript=PVX_087055.1 | gene=PVX_087055 | organism=Plasmodium_vivax_Sal-1 | gene_product=mRNA processing protein, putative | transcript_product=mRNA processing protein, putative | location=Pv_Sal1_chr07:1270715-1272880(+) | protein_length=721 | sequence_SO=chromosome | SO=protein_coding_gene | is_pseudo=false
PVX_091165.1-p1      -            235 8778at5820           -            422    0.0044   14.6   0.5   1   2   3.2e-06    0.0044   14.6   0.5   254   286    14    46     2    56 0.85 | transcript=PVX_091165.1 | gene=PVX_091165 | organism=Plasmodium_vivax_Sal-1 | gene_product=hypothetical protein, conserved | transcript_product=hypothetical protein, conserved | location=Pv_Sal1_chr09:306718-308068(-) | protein_length=235 | sequence_SO=chromosome | SO=protein_coding_gene | is_pseudo=false
PVX_091165.1-p1      -            235 8778at5820           -            422    0.0044   14.6   0.5   2   2         4   5.5e+03   -7.8  10.6   162   282    87   219    50   228 0.44 | transcript=PVX_091165.1 | gene=PVX_091165 | organism=Plasmodium_vivax_Sal-1 | gene_product=hypothetical protein, conserved | transcript_product=hypothetical protein, conserved | location=Pv_Sal1_chr09:306718-308068(-) | protein_length=235 | sequence_SO=chromosome | SO=protein_coding_gene | is_pseudo=false
#
# Program:         hmmsearch
# Version:         3.4 (Aug 2023)
# Pipeline mode:   SEARCH
# Query file:      /v3/work/00_inventory/busco/busco_downloads/lineages/plasmodium_odb10/hmms/8778at5820.hmm
# Target file:     /v3/inputs/annotations/plasmodb-68/Sal-I.proteins.fa
# Option settings: hmmsearch --domtblout /v3/work/00_inventory/busco/Sal-I_proteins/run_plasmodium_odb10/hmmer_output/initial_run_results/8778at5820.out --cpu 1 /v3/work/00_inventory/busco/busco_downloads/lineages/plasmodium_odb10/hmms/8778at5820.hmm /v3/inputs/annotations/plasmodb-68/Sal-I.proteins.fa 
# Current dir:     /v3/work/00_inventory/busco
# Date:            Tue May 19 17:48:31 2026
# [ok]
