#                                                                            --- full sequence --- -------------- this domain -------------   hmm coord   ali coord   env coord
# target name        accession   tlen query name           accession   qlen   E-value  score  bias   #  of  c-Evalue  i-Evalue  score  bias  from    to  from    to  from    to  acc description of target
#------------------- ---------- ----- -------------------- ---------- ----- --------- ------ ----- --- --- --------- --------- ------ ----- ----- ----- ----- ----- ----- ----- ---- ---------------------
PVX_123115.1-p1      -            313 9413at5820           -            248    6e-143  473.0  30.0   1   2   1.3e-68   1.8e-65  219.2   8.6     1   119     1   120     1   132 0.97 | transcript=PVX_123115.1 | gene=PVX_123115 | organism=Plasmodium_vivax_Sal-1 | gene_product=nuclear movement protein, putative | transcript_product=nuclear movement protein, putative | location=Pv_Sal1_chr14:1143760-1145296(+) | protein_length=313 | sequence_SO=chromosome | SO=protein_coding_gene | is_pseudo=false
PVX_123115.1-p1      -            313 9413at5820           -            248    6e-143  473.0  30.0   2   2   6.4e-81   8.8e-78  259.6  14.0   114   248   146   283   126   283 0.94 | transcript=PVX_123115.1 | gene=PVX_123115 | organism=Plasmodium_vivax_Sal-1 | gene_product=nuclear movement protein, putative | transcript_product=nuclear movement protein, putative | location=Pv_Sal1_chr14:1143760-1145296(+) | protein_length=313 | sequence_SO=chromosome | SO=protein_coding_gene | is_pseudo=false
PVX_082770.1-p1      -            378 9413at5820           -            248   4.7e-26   90.1  28.5   1   2     0.003       4.1    5.2  11.3     3    46     8    51     6   139 0.76 | transcript=PVX_082770.1 | gene=PVX_082770 | organism=Plasmodium_vivax_Sal-1 | gene_product=nuclear movement protein, putative | transcript_product=nuclear movement protein, putative | location=Pv_Sal1_chr12:707978-709114(-) | protein_length=378 | sequence_SO=chromosome | SO=protein_coding_gene | is_pseudo=false
PVX_082770.1-p1      -            378 9413at5820           -            248   4.7e-26   90.1  28.5   2   2   1.1e-28   1.5e-25   88.5   9.0   124   247   201   329   180   330 0.91 | transcript=PVX_082770.1 | gene=PVX_082770 | organism=Plasmodium_vivax_Sal-1 | gene_product=nuclear movement protein, putative | transcript_product=nuclear movement protein, putative | location=Pv_Sal1_chr12:707978-709114(-) | protein_length=378 | sequence_SO=chromosome | SO=protein_coding_gene | is_pseudo=false
PVX_099785.1-p1      -            156 9413at5820           -            248     4e-09   34.7   1.6   1   1   3.5e-12   4.8e-09   34.4   1.6   131   221    18   113     6   132 0.80 | transcript=PVX_099785.1 | gene=PVX_099785 | organism=Plasmodium_vivax_Sal-1 | gene_product=nuclear movement protein, putative | transcript_product=nuclear movement protein, putative | location=Pv_Sal1_chr07:1041058-1041751(+) | protein_length=156 | sequence_SO=chromosome | SO=protein_coding_gene | is_pseudo=false
PVX_118055.1-p1      -            321 9413at5820           -            248   3.3e-05   21.9   7.7   1   2   2.8e-07   0.00038   18.4   0.6   121   175   116   169    98   190 0.78 | transcript=PVX_118055.1 | gene=PVX_118055 | organism=Plasmodium_vivax_Sal-1 | gene_product=hypothetical protein, conserved | transcript_product=hypothetical protein, conserved | location=Pv_Sal1_chr12:2369022-2369987(-) | protein_length=321 | sequence_SO=chromosome | SO=protein_coding_gene | is_pseudo=false
PVX_118055.1-p1      -            321 9413at5820           -            248   3.3e-05   21.9   7.7   2   2    0.0008       1.1    7.0   1.6   174   229   220   286   182   297 0.67 | transcript=PVX_118055.1 | gene=PVX_118055 | organism=Plasmodium_vivax_Sal-1 | gene_product=hypothetical protein, conserved | transcript_product=hypothetical protein, conserved | location=Pv_Sal1_chr12:2369022-2369987(-) | protein_length=321 | sequence_SO=chromosome | SO=protein_coding_gene | is_pseudo=false
#
# Program:         hmmsearch
# Version:         3.4 (Aug 2023)
# Pipeline mode:   SEARCH
# Query file:      /v3/work/00_inventory/busco/busco_downloads/lineages/plasmodium_odb10/hmms/9413at5820.hmm
# Target file:     /v3/inputs/annotations/plasmodb-68/Sal-I.proteins.fa
# Option settings: hmmsearch --domtblout /v3/work/00_inventory/busco/Sal-I_proteins/run_plasmodium_odb10/hmmer_output/initial_run_results/9413at5820.out --cpu 1 /v3/work/00_inventory/busco/busco_downloads/lineages/plasmodium_odb10/hmms/9413at5820.hmm /v3/inputs/annotations/plasmodb-68/Sal-I.proteins.fa 
# Current dir:     /v3/work/00_inventory/busco
# Date:            Tue May 19 17:51:03 2026
# [ok]
