#                                                                            --- full sequence --- -------------- this domain -------------   hmm coord   ali coord   env coord
# target name        accession   tlen query name           accession   qlen   E-value  score  bias   #  of  c-Evalue  i-Evalue  score  bias  from    to  from    to  from    to  acc description of target
#------------------- ---------- ----- -------------------- ---------- ----- --------- ------ ----- --- --- --------- --------- ------ ----- ----- ----- ----- ----- ----- ----- ---- ---------------------
SCO74393.1           -            361 10298at5820          -            272  2.3e-145  481.5  41.6   1   1  4.6e-148  2.9e-145  481.2  41.6     1   271    14   291    14   292 0.98 leucine-rich repeat protein [Plasmodium vivax]
SCO71698.1           -            317 10298at5820          -            272   1.4e-30  105.1  47.4   1   3   2.4e-13   1.5e-10   39.4  18.4    96   192    23   119     3   120 0.64 protein phosphatases PP1 regulatory subunit sds22, putative [Plasmodium vivax]
SCO71698.1           -            317 10298at5820          -            272   1.4e-30  105.1  47.4   2   3   5.1e-15   3.2e-12   44.9   7.9    81   169    96   183    95   187 0.89 protein phosphatases PP1 regulatory subunit sds22, putative [Plasmodium vivax]
SCO71698.1           -            317 10298at5820          -            272   1.4e-30  105.1  47.4   3   3     5e-14   3.1e-11   41.6  11.5    81   168   185   276   182   289 0.87 protein phosphatases PP1 regulatory subunit sds22, putative [Plasmodium vivax]
SCO72947.1           -            340 10298at5820          -            272   7.9e-12   43.6  28.5   1   1   2.2e-14   1.4e-11   42.8  28.5    25   193   106   275    97   321 0.86 leucine-rich repeat protein [Plasmodium vivax]
SCO73260.1           -            365 10298at5820          -            272   1.1e-09   36.6  22.9   1   3   1.8e-07   0.00011   20.2   3.5    85   146    33    92    19    96 0.69 leucine-rich repeat protein [Plasmodium vivax]
SCO73260.1           -            365 10298at5820          -            272   1.1e-09   36.6  22.9   2   3     1e-08   6.3e-06   24.3   3.4    83   145    92   159    89   165 0.80 leucine-rich repeat protein [Plasmodium vivax]
SCO73260.1           -            365 10298at5820          -            272   1.1e-09   36.6  22.9   3   3     0.059        37    2.1   2.0   217   238   271   292   242   355 0.54 leucine-rich repeat protein [Plasmodium vivax]
SCO71274.1           -            153 10298at5820          -            272   2.3e-08   32.2   7.4   1   1   2.5e-10   1.6e-07   29.5   7.4    50   148    42   135     3   145 0.49 dynein light chain 1, putative [Plasmodium vivax]
SCO72061.1           -            635 10298at5820          -            272   8.8e-08   30.3  21.6   1   3   1.4e-10   8.8e-08   30.3  21.6    49   158    80   189    67   193 0.87 leucine-rich repeat protein [Plasmodium vivax]
SCO72061.1           -            635 10298at5820          -            272   8.8e-08   30.3  21.6   2   3   1.1e-05    0.0072   14.2  12.7    36   106   133   206   132   224 0.84 leucine-rich repeat protein [Plasmodium vivax]
SCO72061.1           -            635 10298at5820          -            272   8.8e-08   30.3  21.6   3   3       2.5   1.6e+03   -3.3   2.2   158   166   520   528   462   578 0.51 leucine-rich repeat protein [Plasmodium vivax]
SCO73919.1           -            250 10298at5820          -            272   1.7e-06   26.1  19.9   1   2   2.8e-09   1.7e-06   26.1  19.9    31   144    11   125     1   131 0.89 leucine-rich repeat protein [Plasmodium vivax]
SCO73919.1           -            250 10298at5820          -            272   1.7e-06   26.1  19.9   2   2     0.018        11    3.7   6.1    93   153   118   185   118   198 0.75 leucine-rich repeat protein [Plasmodium vivax]
SCO75528.1           -            438 10298at5820          -            272   2.1e-06   25.8  14.6   1   2   3.3e-09   2.1e-06   25.8  14.6    33   135    11   112     3   144 0.80 leucine-rich repeat protein [Plasmodium vivax]
SCO75528.1           -            438 10298at5820          -            272   2.1e-06   25.8  14.6   2   2       3.2     2e+03   -3.6   0.1   227   248   281   302   265   318 0.53 leucine-rich repeat protein [Plasmodium vivax]
SCO73389.1           -            176 10298at5820          -            272   6.2e-06   24.3  16.7   1   1   1.2e-08   7.8e-06   23.9  15.1    67   164    19   122     4   130 0.81 U2 small nuclear ribonucleoprotein A', putative [Plasmodium vivax]
SCO71822.1           -            414 10298at5820          -            272    0.0005   18.0   9.3   1   2     0.005       3.1    5.6   0.8    37   126   133   221    98   225 0.73 leucine-rich repeat protein [Plasmodium vivax]
SCO71822.1           -            414 10298at5820          -            272    0.0005   18.0   9.3   2   2   2.2e-06    0.0014   16.6   2.2    67   120   274   331   268   336 0.85 leucine-rich repeat protein [Plasmodium vivax]
#
# Program:         hmmsearch
# Version:         3.4 (Aug 2023)
# Pipeline mode:   SEARCH
# Query file:      /v3/work/00_inventory/busco/busco_downloads/lineages/plasmodium_odb10/hmms/10298at5820.hmm
# Target file:     /v3/inputs/annotations/ncbi-datasets/PvC01.proteins.fa
# Option settings: hmmsearch --domtblout /v3/work/00_inventory/busco/PvC01_proteins/run_plasmodium_odb10/hmmer_output/initial_run_results/10298at5820.out --cpu 1 /v3/work/00_inventory/busco/busco_downloads/lineages/plasmodium_odb10/hmms/10298at5820.hmm /v3/inputs/annotations/ncbi-datasets/PvC01.proteins.fa 
# Current dir:     /v3/work/00_inventory/busco
# Date:            Tue May 19 18:28:39 2026
# [ok]
