#                                                                            --- full sequence --- -------------- this domain -------------   hmm coord   ali coord   env coord
# target name        accession   tlen query name           accession   qlen   E-value  score  bias   #  of  c-Evalue  i-Evalue  score  bias  from    to  from    to  from    to  acc description of target
#------------------- ---------- ----- -------------------- ---------- ----- --------- ------ ----- --- --- --------- --------- ------ ----- ----- ----- ----- ----- ----- ----- ---- ---------------------
SCO73272.1           -            355 10396at5820          -            298  2.2e-142  472.0  16.6   1   1  2.7e-145  2.9e-142  471.6  16.6     6   287    25   312    21   326 0.94 6-cysteine protein [Plasmodium vivax]
SCO71099.1           -           2736 10396at5820          -            298   1.4e-19   68.8  62.6   1  12      0.26   2.7e+02   -1.1   0.5   210   277   471   541   465   553 0.79 6-cysteine protein [Plasmodium vivax]
SCO71099.1           -           2736 10396at5820          -            298   1.4e-19   68.8  62.6   2  12      0.48   5.1e+02   -2.0   0.1    19    46   556   583   550   602 0.62 6-cysteine protein [Plasmodium vivax]
SCO71099.1           -           2736 10396at5820          -            298   1.4e-19   68.8  62.6   3  12    0.0035       3.7    5.1   0.0   179   198   839   858   836   863 0.85 6-cysteine protein [Plasmodium vivax]
SCO71099.1           -           2736 10396at5820          -            298   1.4e-19   68.8  62.6   4  12    0.0097        10    3.6   0.2   240   276   878   916   864   935 0.76 6-cysteine protein [Plasmodium vivax]
SCO71099.1           -           2736 10396at5820          -            298   1.4e-19   68.8  62.6   5  12       1.7   1.7e+03   -3.7   0.1   226   278   949  1002   946  1010 0.74 6-cysteine protein [Plasmodium vivax]
SCO71099.1           -           2736 10396at5820          -            298   1.4e-19   68.8  62.6   6  12   8.6e-05      0.09   10.4   0.2   124   234  1087  1189  1077  1202 0.84 6-cysteine protein [Plasmodium vivax]
SCO71099.1           -           2736 10396at5820          -            298   1.4e-19   68.8  62.6   7  12       2.1   2.2e+03   -4.0   0.0   189   247  1256  1314  1254  1323 0.56 6-cysteine protein [Plasmodium vivax]
SCO71099.1           -           2736 10396at5820          -            298   1.4e-19   68.8  62.6   8  12   1.2e-07   0.00013   19.7   3.7    96   283  1505  1676  1485  1689 0.74 6-cysteine protein [Plasmodium vivax]
SCO71099.1           -           2736 10396at5820          -            298   1.4e-19   68.8  62.6   9  12   4.2e-05     0.044   11.4   0.1   157   197  1852  1892  1821  1959 0.68 6-cysteine protein [Plasmodium vivax]
SCO71099.1           -           2736 10396at5820          -            298   1.4e-19   68.8  62.6  10  12     0.041        43    1.6   0.1   239   273  1972  2007  1933  2019 0.78 6-cysteine protein [Plasmodium vivax]
SCO71099.1           -           2736 10396at5820          -            298   1.4e-19   68.8  62.6  11  12   7.3e-09   7.7e-06   23.7   0.1    50   199  2189  2351  2178  2372 0.81 6-cysteine protein [Plasmodium vivax]
SCO71099.1           -           2736 10396at5820          -            298   1.4e-19   68.8  62.6  12  12   3.1e-08   3.2e-05   21.7   5.6    62   220  2501  2666  2456  2693 0.67 6-cysteine protein [Plasmodium vivax]
SCO71101.1           -           2215 10396at5820          -            298   4.5e-14   50.8  56.6   1   8      0.62   6.5e+02   -2.3   0.0   183   194   286   297   281   305 0.83 transmission-blocking target antigen s230 paralog, putative [Plasmodium vivax]
SCO71101.1           -           2215 10396at5820          -            298   4.5e-14   50.8  56.6   2   8    0.0027       2.8    5.5   3.0   107   194   483   566   480   569 0.83 transmission-blocking target antigen s230 paralog, putative [Plasmodium vivax]
SCO71101.1           -           2215 10396at5820          -            298   4.5e-14   50.8  56.6   3   8    0.0036       3.7    5.1   1.4   158   180   673   695   600   702 0.57 transmission-blocking target antigen s230 paralog, putative [Plasmodium vivax]
SCO71101.1           -           2215 10396at5820          -            298   4.5e-14   50.8  56.6   4   8    0.0026       2.8    5.5   0.1   119   197   846   925   807   943 0.71 transmission-blocking target antigen s230 paralog, putative [Plasmodium vivax]
SCO71101.1           -           2215 10396at5820          -            298   4.5e-14   50.8  56.6   5   8   2.8e-10   2.9e-07   28.4   8.6   119   264  1201  1333  1134  1346 0.73 transmission-blocking target antigen s230 paralog, putative [Plasmodium vivax]
SCO71101.1           -           2215 10396at5820          -            298   4.5e-14   50.8  56.6   6   8   7.1e-05     0.075   10.6   0.8   156   208  1628  1680  1557  1711 0.80 transmission-blocking target antigen s230 paralog, putative [Plasmodium vivax]
SCO71101.1           -           2215 10396at5820          -            298   4.5e-14   50.8  56.6   7   8      0.13   1.4e+02   -0.1   0.1   182   208  1882  1908  1865  1919 0.81 transmission-blocking target antigen s230 paralog, putative [Plasmodium vivax]
SCO71101.1           -           2215 10396at5820          -            298   4.5e-14   50.8  56.6   8   8   7.3e-08   7.6e-05   20.5   3.6    86   210  2011  2137  1991  2165 0.71 transmission-blocking target antigen s230 paralog, putative [Plasmodium vivax]
SCO73730.1           -            362 10396at5820          -            298   1.2e-12   46.1  14.8   1   3   3.6e-10   3.7e-07   28.0   4.1   137   264    27   162    18   165 0.74 6-cysteine protein [Plasmodium vivax]
SCO73730.1           -            362 10396at5820          -            298   1.2e-12   46.1  14.8   2   3   4.4e-09   4.6e-06   24.5   0.5   123   199   183   263   173   282 0.73 6-cysteine protein [Plasmodium vivax]
SCO73730.1           -            362 10396at5820          -            298   1.2e-12   46.1  14.8   3   3      0.15   1.5e+02   -0.3   0.2    95   116   287   308   263   312 0.65 6-cysteine protein [Plasmodium vivax]
SCO73729.1           -            431 10396at5820          -            298   2.7e-07   28.5   3.2   1   4   0.00048      0.51    7.9   0.0   156   225    98   170    85   176 0.68 6-cysteine protein [Plasmodium vivax]
SCO73729.1           -            431 10396at5820          -            298   2.7e-07   28.5   3.2   2   4      0.01        11    3.6   0.1    32   141   114   221   113   224 0.63 6-cysteine protein [Plasmodium vivax]
SCO73729.1           -            431 10396at5820          -            298   2.7e-07   28.5   3.2   3   4   6.3e-06    0.0066   14.1   0.2   159   195   306   343   286   346 0.85 6-cysteine protein [Plasmodium vivax]
SCO73729.1           -            431 10396at5820          -            298   2.7e-07   28.5   3.2   4   4    0.0066       6.9    4.2   0.0   221   261   346   390   342   399 0.73 6-cysteine protein [Plasmodium vivax]
SCO70766.1           -            487 10396at5820          -            298   5.8e-07   27.4   4.3   1   1     1e-09   1.1e-06   26.5   4.3   103   197   129   229    99   280 0.79 6-cysteine protein [Plasmodium vivax]
#
# Program:         hmmsearch
# Version:         3.4 (Aug 2023)
# Pipeline mode:   SEARCH
# Query file:      /v3/work/00_inventory/busco/busco_downloads/lineages/plasmodium_odb10/hmms/10396at5820.hmm
# Target file:     /v3/inputs/annotations/ncbi-datasets/PvC01.proteins.fa
# Option settings: hmmsearch --domtblout /v3/work/00_inventory/busco/PvC01_proteins/run_plasmodium_odb10/hmmer_output/initial_run_results/10396at5820.out --cpu 1 /v3/work/00_inventory/busco/busco_downloads/lineages/plasmodium_odb10/hmms/10396at5820.hmm /v3/inputs/annotations/ncbi-datasets/PvC01.proteins.fa 
# Current dir:     /v3/work/00_inventory/busco
# Date:            Tue May 19 18:29:02 2026
# [ok]
