#                                                                            --- full sequence --- -------------- this domain -------------   hmm coord   ali coord   env coord
# target name        accession   tlen query name           accession   qlen   E-value  score  bias   #  of  c-Evalue  i-Evalue  score  bias  from    to  from    to  from    to  acc description of target
#------------------- ---------- ----- -------------------- ---------- ----- --------- ------ ----- --- --- --------- --------- ------ ----- ----- ----- ----- ----- ----- ----- ---- ---------------------
SCO70870.1           -            273 11298at5820          -            230    4e-133  440.5  14.6   1   1  3.4e-136  5.3e-133  440.1  14.6     1   225     1   244     1   248 0.95 conserved Plasmodium protein, unknown function [Plasmodium vivax]
SCO70871.1           -            248 11298at5820          -            230   5.7e-24   83.4   9.2   1   1   4.5e-27     7e-24   83.1   9.2     1   208     1   221     1   232 0.79 conserved Plasmodium protein, unknown function [Plasmodium vivax]
SCO72596.1           -            543 11298at5820          -            230    0.0026   15.8   0.5   1   2     0.096   1.5e+02    0.2   0.0   125   160   221   254   211   274 0.76 ES2 protein, putative [Plasmodium vivax]
SCO72596.1           -            543 11298at5820          -            230    0.0026   15.8   0.5   2   2   1.1e-05     0.017   13.1   0.1   174   227   315   369   306   372 0.90 ES2 protein, putative [Plasmodium vivax]
SCO72696.1           -            289 11298at5820          -            230       6.4    4.7  18.9   1   3    0.0037       5.9    4.8   4.9    39    91    32    81     4    89 0.60 palmitoyltransferase, putative [Plasmodium vivax]
SCO72696.1           -            289 11298at5820          -            230       6.4    4.7  18.9   2   3     0.034        53    1.7   1.0    25    64   140   180   101   184 0.77 palmitoyltransferase, putative [Plasmodium vivax]
SCO72696.1           -            289 11298at5820          -            230       6.4    4.7  18.9   3   3   0.00072       1.1    7.2   0.3     7    49   217   259   197   262 0.76 palmitoyltransferase, putative [Plasmodium vivax]
#
# Program:         hmmsearch
# Version:         3.4 (Aug 2023)
# Pipeline mode:   SEARCH
# Query file:      /v3/work/00_inventory/busco/busco_downloads/lineages/plasmodium_odb10/hmms/11298at5820.hmm
# Target file:     /v3/inputs/annotations/ncbi-datasets/PvC01.proteins.fa
# Option settings: hmmsearch --domtblout /v3/work/00_inventory/busco/PvC01_proteins/run_plasmodium_odb10/hmmer_output/initial_run_results/11298at5820.out --cpu 1 /v3/work/00_inventory/busco/busco_downloads/lineages/plasmodium_odb10/hmms/11298at5820.hmm /v3/inputs/annotations/ncbi-datasets/PvC01.proteins.fa 
# Current dir:     /v3/work/00_inventory/busco
# Date:            Tue May 19 18:32:37 2026
# [ok]
