#                                                                            --- full sequence --- -------------- this domain -------------   hmm coord   ali coord   env coord
# target name        accession   tlen query name           accession   qlen   E-value  score  bias   #  of  c-Evalue  i-Evalue  score  bias  from    to  from    to  from    to  acc description of target
#------------------- ---------- ----- -------------------- ---------- ----- --------- ------ ----- --- --- --------- --------- ------ ----- ----- ----- ----- ----- ----- ----- ---- ---------------------
SCO74179.1           -            339 11485at5820          -            260  2.3e-131  435.4  32.3   1   2   2.8e-23   9.7e-21   72.8   0.1     1    46     1    46     1    71 0.91 DnaJ protein, putative [Plasmodium vivax]
SCO74179.1           -            339 11485at5820          -            260  2.3e-131  435.4  32.3   2   2  3.3e-112  1.1e-109  364.3  28.8    44   260   104   330    96   330 0.94 DnaJ protein, putative [Plasmodium vivax]
SCO74692.1           -            245 11485at5820          -            260   1.5e-16   59.1   0.5   1   1   6.2e-19   2.2e-16   58.5   0.5     5    94     3    90     1   108 0.80 DnaJ domain containing protein [Plasmodium vivax]
SCO74557.1           -            406 11485at5820          -            260   3.6e-15   54.5   0.2   1   1   1.8e-17   6.4e-15   53.7   0.2     5    85    79   153    76   184 0.86 40 kDa heat shock protein, putative [Plasmodium vivax]
SCO71058.1           -            328 11485at5820          -            260   4.3e-14   51.0   0.7   1   1   2.3e-16     8e-14   50.1   0.7     8    84     4    74     2    80 0.91 protein SIS1, putative [Plasmodium vivax]
SCO73570.1           -            380 11485at5820          -            260   4.7e-14   50.9   2.3   1   2   1.3e-16   4.7e-14   50.9   2.3     7    88    45   116    39   126 0.86 DnaJ protein, putative [Plasmodium vivax]
SCO73570.1           -            380 11485at5820          -            260   4.7e-14   50.9   2.3   2   2       1.5   5.1e+02   -1.7   0.9   162   185   241   264   237   298 0.75 DnaJ protein, putative [Plasmodium vivax]
SCO72197.1           -            723 11485at5820          -            260   1.4e-13   49.3   1.7   1   1     4e-16   1.4e-13   49.3   1.7     9    80     9    76     1    87 0.89 DnaJ protein, putative [Plasmodium vivax]
SCO70713.1           -            420 11485at5820          -            260   5.9e-12   44.0   2.4   1   1   3.1e-14   1.1e-11   43.1   2.4     8    94    85   166    78   218 0.85 heat shock protein, putative [Plasmodium vivax]
SCO74084.1           -            334 11485at5820          -            260   8.9e-12   43.4   0.9   1   2   4.3e-14   1.5e-11   42.7   0.0     8    80    43   107    39   119 0.94 DNAJ like protein, putative [Plasmodium vivax]
SCO74084.1           -            334 11485at5820          -            260   8.9e-12   43.4   0.9   2   2       2.1   7.2e+02   -2.2   0.2   111   124   244   257   203   272 0.50 DNAJ like protein, putative [Plasmodium vivax]
SCO72580.1           -            552 11485at5820          -            260   7.1e-11   40.5   1.3   1   3     2e-13   7.1e-11   40.5   1.3     6    83    32    97    28   102 0.87 DnaJ domain containing protein [Plasmodium vivax]
SCO72580.1           -            552 11485at5820          -            260   7.1e-11   40.5   1.3   2   3       3.1   1.1e+03   -2.8   1.5   158   180   180   203   173   282 0.62 DnaJ domain containing protein [Plasmodium vivax]
SCO72580.1           -            552 11485at5820          -            260   7.1e-11   40.5   1.3   3   3       1.1   3.7e+02   -1.2   1.0   124   194   352   428   346   467 0.69 DnaJ domain containing protein [Plasmodium vivax]
SCO75266.1           -            720 11485at5820          -            260   2.7e-10   38.6   0.0   1   1   2.7e-12   9.4e-10   36.8   0.0     4    83   125   195   122   203 0.86 translocation protein SEC63, putative [Plasmodium vivax]
SCO70815.1           -            654 11485at5820          -            260   2.7e-10   38.5   0.1   1   1     2e-12   7.1e-10   37.2   0.1     8    90    84   156    78   160 0.88 heat shock protein 40, putative [Plasmodium vivax]
SCO74702.1           -            421 11485at5820          -            260   3.8e-09   34.8   2.4   1   2   1.1e-11   3.8e-09   34.8   2.4     6    85    25    91    20   102 0.85 HSP40, subfamily A, putative, putative [Plasmodium vivax]
SCO74702.1           -            421 11485at5820          -            260   3.8e-09   34.8   2.4   2   2       2.1   7.5e+02   -2.2   0.5   211   228   351   368   333   400 0.58 HSP40, subfamily A, putative, putative [Plasmodium vivax]
SCO70484.1           -            856 11485at5820          -            260   1.4e-08   32.9   0.2   1   1   1.1e-10   3.7e-08   31.6   0.2     8    98   294   374   290   389 0.82 DnaJ protein, putative [Plasmodium vivax]
SCO74926.1           -            381 11485at5820          -            260   3.1e-08   31.8   3.9   1   1   2.4e-10   8.4e-08   30.4   3.9     4    97    51   134    49   197 0.81 DnaJ protein, putative [Plasmodium vivax]
SCO71946.1           -            378 11485at5820          -            260   4.9e-08   31.2   0.8   1   3   1.4e-10   4.9e-08   31.2   0.8     8    89    53   124    49   132 0.87 DnaJ protein, putative [Plasmodium vivax]
SCO71946.1           -            378 11485at5820          -            260   4.9e-08   31.2   0.8   2   3       2.6   9.2e+02   -2.5   1.9   190   233   259   301   234   325 0.48 DnaJ protein, putative [Plasmodium vivax]
SCO71946.1           -            378 11485at5820          -            260   4.9e-08   31.2   0.8   3   3       2.1   7.2e+02   -2.2   2.4   193   236   312   355   295   363 0.69 DnaJ protein, putative [Plasmodium vivax]
SCO73339.1           -            177 11485at5820          -            260   3.5e-05   21.8   1.4   1   2   3.3e-07   0.00011   20.1   0.0     1    49     1    49     1    59 0.90 DnaJ protein, putative [Plasmodium vivax]
SCO73339.1           -            177 11485at5820          -            260   3.5e-05   21.8   1.4   2   2      0.35   1.2e+02    0.3   0.6   147   180    94   127    71   135 0.63 DnaJ protein, putative [Plasmodium vivax]
SCO73117.1           -            529 11485at5820          -            260   0.00016   19.6  15.4   1   3      0.65   2.3e+02   -0.5   0.1    63    87   117   142   115   149 0.74 DnaJ protein, putative [Plasmodium vivax]
SCO73117.1           -            529 11485at5820          -            260   0.00016   19.6  15.4   2   3   4.6e-07   0.00016   19.6  15.4     6   132   189   316   185   440 0.71 DnaJ protein, putative [Plasmodium vivax]
SCO73117.1           -            529 11485at5820          -            260   0.00016   19.6  15.4   3   3         4   1.4e+03   -3.1   4.2   180   193   443   456   402   522 0.42 DnaJ protein, putative [Plasmodium vivax]
SCO73519.1           -            201 11485at5820          -            260       0.1   10.4  10.1   1   1   0.00098      0.34    8.7  10.1     8    79     2    65     1   172 0.70 DnaJ protein, putative [Plasmodium vivax]
#
# Program:         hmmsearch
# Version:         3.4 (Aug 2023)
# Pipeline mode:   SEARCH
# Query file:      /v3/work/00_inventory/busco/busco_downloads/lineages/plasmodium_odb10/hmms/11485at5820.hmm
# Target file:     /v3/inputs/annotations/ncbi-datasets/PvC01.proteins.fa
# Option settings: hmmsearch --domtblout /v3/work/00_inventory/busco/PvC01_proteins/run_plasmodium_odb10/hmmer_output/initial_run_results/11485at5820.out --cpu 1 /v3/work/00_inventory/busco/busco_downloads/lineages/plasmodium_odb10/hmms/11485at5820.hmm /v3/inputs/annotations/ncbi-datasets/PvC01.proteins.fa 
# Current dir:     /v3/work/00_inventory/busco
# Date:            Tue May 19 18:33:23 2026
# [ok]
