#                                                                            --- full sequence --- -------------- this domain -------------   hmm coord   ali coord   env coord
# target name        accession   tlen query name           accession   qlen   E-value  score  bias   #  of  c-Evalue  i-Evalue  score  bias  from    to  from    to  from    to  acc description of target
#------------------- ---------- ----- -------------------- ---------- ----- --------- ------ ----- --- --- --------- --------- ------ ----- ----- ----- ----- ----- ----- ----- ---- ---------------------
SCO73049.1           -           1563 1167at5820           -            946         0 1383.6 190.8   1   8   6.1e-22   3.8e-18   63.2  17.4    22   121     5   130     2   143 0.79 conserved Plasmodium protein, unknown function [Plasmodium vivax]
SCO73049.1           -           1563 1167at5820           -            946         0 1383.6 190.8   2   8     0.031   1.9e+02   -2.0   3.9    87   122   180   216   160   225 0.64 conserved Plasmodium protein, unknown function [Plasmodium vivax]
SCO73049.1           -           1563 1167at5820           -            946         0 1383.6 190.8   3   8   1.2e-23   7.3e-20   68.9  22.8    13   230   266   470   255   509 0.78 conserved Plasmodium protein, unknown function [Plasmodium vivax]
SCO73049.1           -           1563 1167at5820           -            946         0 1383.6 190.8   4   8     0.028   1.8e+02   -1.9   5.6   224   269   646   697   613   711 0.64 conserved Plasmodium protein, unknown function [Plasmodium vivax]
SCO73049.1           -           1563 1167at5820           -            946         0 1383.6 190.8   5   8   6.8e-07    0.0043   13.4  26.2   202   302   665   775   649   794 0.76 conserved Plasmodium protein, unknown function [Plasmodium vivax]
SCO73049.1           -           1563 1167at5820           -            946         0 1383.6 190.8   6   8  3.9e-112  2.5e-108  361.8  18.3   299   501   812  1026   788  1042 0.89 conserved Plasmodium protein, unknown function [Plasmodium vivax]
SCO73049.1           -           1563 1167at5820           -            946         0 1383.6 190.8   7   8  3.7e-282  2.3e-278  924.5  45.3   494   937  1042  1489  1029  1495 0.98 conserved Plasmodium protein, unknown function [Plasmodium vivax]
SCO73049.1           -           1563 1167at5820           -            946         0 1383.6 190.8   8   8         1   6.3e+03  -11.8   9.0   918   946  1532  1560  1529  1560 0.74 conserved Plasmodium protein, unknown function [Plasmodium vivax]
#
# Program:         hmmsearch
# Version:         3.4 (Aug 2023)
# Pipeline mode:   SEARCH
# Query file:      /v3/work/00_inventory/busco/busco_downloads/lineages/plasmodium_odb10/hmms/1167at5820.hmm
# Target file:     /v3/inputs/annotations/ncbi-datasets/PvC01.proteins.fa
# Option settings: hmmsearch --domtblout /v3/work/00_inventory/busco/PvC01_proteins/run_plasmodium_odb10/hmmer_output/initial_run_results/1167at5820.out --cpu 1 /v3/work/00_inventory/busco/busco_downloads/lineages/plasmodium_odb10/hmms/1167at5820.hmm /v3/inputs/annotations/ncbi-datasets/PvC01.proteins.fa 
# Current dir:     /v3/work/00_inventory/busco
# Date:            Tue May 19 18:27:15 2026
# [ok]
