#                                                                            --- full sequence --- -------------- this domain -------------   hmm coord   ali coord   env coord
# target name        accession   tlen query name           accession   qlen   E-value  score  bias   #  of  c-Evalue  i-Evalue  score  bias  from    to  from    to  from    to  acc description of target
#------------------- ---------- ----- -------------------- ---------- ----- --------- ------ ----- --- --- --------- --------- ------ ----- ----- ----- ----- ----- ----- ----- ---- ---------------------
SCO73064.1           -            463 11717at5820          -            359  6.9e-221  731.0  68.5   1   3   1.2e-19   3.4e-17   60.9   5.8     1    57     4    70     4    78 0.84 Hsc70-interacting protein, putative [Plasmodium vivax]
SCO73064.1           -            463 11717at5820          -            359  6.9e-221  731.0  68.5   2   3    5e-159  1.4e-156  519.5  17.7    42   306    80   352    74   356 0.89 Hsc70-interacting protein, putative [Plasmodium vivax]
SCO73064.1           -            463 11717at5820          -            359  6.9e-221  731.0  68.5   3   3     5e-51   1.4e-48  164.2  34.3   257   359   349   452   348   452 0.96 Hsc70-interacting protein, putative [Plasmodium vivax]
SCO71310.1           -            690 11717at5820          -            359   2.8e-10   38.1  36.6   1   1   5.5e-12   1.5e-09   35.7  36.6   226   316   593   688   527   689 0.72 heat shock protein 70, putative [Plasmodium vivax]
SCO71477.1           -            277 11717at5820          -            359   8.2e-06   23.4  10.5   1   1   4.1e-08   1.1e-05   23.0  10.5   149   313    65   227    52   234 0.47 asparagine-rich protein [Plasmodium vivax]
SCO74513.1           -           1993 11717at5820          -            359   2.3e-05   22.0   5.9   1   2     0.047        13    3.1   3.4   190   267  1472  1550  1442  1580 0.70 conserved Plasmodium protein, unknown function [Plasmodium vivax]
SCO74513.1           -           1993 11717at5820          -            359   2.3e-05   22.0   5.9   2   2   8.5e-08   2.3e-05   22.0   5.9   239   314  1600  1679  1587  1700 0.76 conserved Plasmodium protein, unknown function [Plasmodium vivax]
SCO70998.1           -            375 11717at5820          -            359   6.4e-05   20.5   1.8   1   1     4e-07   0.00011   19.7   1.8   267   303   252   288   236   300 0.58 pseudouridine synthase, putative [Plasmodium vivax]
SCO74006.1           -            718 11717at5820          -            359   9.1e-05   20.0   9.7   1   2   3.5e-07   9.5e-05   19.9   1.1   265   319   272   327   260   334 0.61 conserved Plasmodium protein, unknown function [Plasmodium vivax]
SCO74006.1           -            718 11717at5820          -            359   9.1e-05   20.0   9.7   2   2     0.021       5.6    4.2   1.9   178   212   569   600   543   607 0.72 conserved Plasmodium protein, unknown function [Plasmodium vivax]
SCO74450.1           -           2949 11717at5820          -            359   0.00014   19.4   0.1   1   2      0.77   2.1e+02   -0.9  13.4   252   356   930  1046   912  1049 0.62 conserved Plasmodium protein, unknown function [Plasmodium vivax]
SCO74450.1           -           2949 11717at5820          -            359   0.00014   19.4   0.1   2   2   5.1e-07   0.00014   19.4   0.1   251   358  2669  2778  2663  2779 0.67 conserved Plasmodium protein, unknown function [Plasmodium vivax]
SCO73430.1           -            455 11717at5820          -            359   0.00014   19.4  13.0   1   1   5.2e-07   0.00014   19.4  13.0   227   307     8    89     3   100 0.59 SNARE associated Golgi protein, putative [Plasmodium vivax]
SCO74739.1           -            559 11717at5820          -            359    0.0005   17.6   0.2   1   3       2.7   7.4e+02   -2.7  18.8    94   220   255   386   235   403 0.68 Hsp70/Hsp90 organizing protein, putative [Plasmodium vivax]
SCO74739.1           -            559 11717at5820          -            359    0.0005   17.6   0.2   2   3    0.0036      0.99    6.7   1.4    96   178   392   474   388   508 0.78 Hsp70/Hsp90 organizing protein, putative [Plasmodium vivax]
SCO74739.1           -            559 11717at5820          -            359    0.0005   17.6   0.2   3   3   1.8e-06    0.0005   17.6   0.2   309   349   506   546   502   554 0.88 Hsp70/Hsp90 organizing protein, putative [Plasmodium vivax]
SCO74770.1           -            895 11717at5820          -            359   0.00066   17.2   2.4   1   1   5.9e-06    0.0016   15.9   2.4   276   308    72   104    49   112 0.69 conserved Plasmodium protein, unknown function [Plasmodium vivax]
SCO74092.1           -           2467 11717at5820          -            359   0.00076   17.0   9.2   1   3   2.8e-06   0.00076   17.0   9.2   253   310   364   419   341   425 0.65 conserved Plasmodium protein, unknown function [Plasmodium vivax]
SCO74092.1           -           2467 11717at5820          -            359   0.00076   17.0   9.2   2   3       1.3   3.7e+02   -1.7   8.5   255   300  1708  1751  1682  1818 0.60 conserved Plasmodium protein, unknown function [Plasmodium vivax]
SCO74092.1           -           2467 11717at5820          -            359   0.00076   17.0   9.2   3   3       6.1   1.7e+03   -3.9   2.0   251   293  2232  2274  2217  2294 0.56 conserved Plasmodium protein, unknown function [Plasmodium vivax]
SCO75682.1           -            967 11717at5820          -            359     0.002   15.6   7.2   1   1   7.4e-06     0.002   15.6   7.2   268   312   389   433   356   444 0.69 RNA polymerase II transcription factor B subunit 2, putative [Plasmodium vivax]
SCO71801.1           -            188 11717at5820          -            359    0.0073   13.7   5.9   1   1   2.9e-05    0.0081   13.6   5.9    67   197    53   185    17   188 0.85 bacterial histone-like protein, putative [Plasmodium vivax]
SCO72621.1           -            394 11717at5820          -            359    0.0092   13.4  11.1   1   2   3.2e-05    0.0087   13.5   3.6   253   351   113   206    71   221 0.61 ubiquitin domain-containing protein DSK2, putative [Plasmodium vivax]
SCO72621.1           -            394 11717at5820          -            359    0.0092   13.4  11.1   2   2     0.018       4.9    4.4   0.8   295   333   279   319   265   329 0.76 ubiquitin domain-containing protein DSK2, putative [Plasmodium vivax]
SCO70791.1           -            422 11717at5820          -            359     0.012   13.0   0.1   1   1   8.3e-05     0.023   12.1   0.1   254   310    95   157    56   164 0.70 conserved Plasmodium protein, unknown function [Plasmodium vivax]
SCO73641.1           -           1429 11717at5820          -            359     0.017   12.5   6.0   1   1   0.00012     0.034   11.5   6.0   264   307  1084  1124  1066  1136 0.64 conserved Plasmodium protein, unknown function [Plasmodium vivax]
SCO71669.1           -           1488 11717at5820          -            359     0.037   11.4  19.0   1   2     9e-06    0.0025   15.3  12.6   268   306   164   202   160   218 0.66 conserved Plasmodium protein, unknown function [Plasmodium vivax]
SCO71669.1           -           1488 11717at5820          -            359     0.037   11.4  19.0   2   2       1.5     4e+02   -1.9   0.4   290   305   636   651   627   666 0.53 conserved Plasmodium protein, unknown function [Plasmodium vivax]
SCO71229.1           -           1162 11717at5820          -            359      0.19    9.1   7.0   1   1    0.0022      0.61    7.4   7.0   264   311   107   154    97   167 0.75 translation initiation factor IF-2, putative [Plasmodium vivax]
SCO72150.1           -            287 11717at5820          -            359      0.31    8.4   6.1   1   1    0.0018       0.5    7.7   6.1   260   298   245   279   232   286 0.50 hypothetical protein, conserved [Plasmodium vivax]
SCO71567.1           -            663 11717at5820          -            359       2.7    5.3  22.8   1   3   0.00034     0.092   10.1  13.6   254   297    27    70    14    79 0.56 conserved Plasmodium protein, unknown function [Plasmodium vivax]
SCO71567.1           -            663 11717at5820          -            359       2.7    5.3  22.8   2   3       2.7   7.3e+02   -2.7   0.0   289   299   236   246   215   320 0.60 conserved Plasmodium protein, unknown function [Plasmodium vivax]
SCO71567.1           -            663 11717at5820          -            359       2.7    5.3  22.8   3   3      0.28        76    0.5   0.4   204   222   601   619   594   657 0.73 conserved Plasmodium protein, unknown function [Plasmodium vivax]
SCO70504.1           -           5139 11717at5820          -            359       4.1    4.7  12.3   1   2   0.00011      0.03   11.7   0.6   270   298  2538  2566  2516  2581 0.66 conserved Plasmodium protein, unknown function [Plasmodium vivax]
SCO70504.1           -           5139 11717at5820          -            359       4.1    4.7  12.3   2   2       8.2   2.2e+03   -4.3   5.3   233   289  4918  4974  4867  4998 0.48 conserved Plasmodium protein, unknown function [Plasmodium vivax]
SCO72161.1           -            316 11717at5820          -            359       4.8    4.5  11.5   1   1     0.024       6.6    4.0  11.5   256   304   150   194   124   211 0.55 Plasmodium exported protein, unknown function [Plasmodium vivax]
SCO72371.1           -           2590 11717at5820          -            359       9.5    3.5  19.7   1   3      0.04        11    3.3   4.9   263   296   604   633   587   650 0.48 CPSF (cleavage and polyadenylation specific factor), subunit A, putative [Plasmodium vivax]
SCO72371.1           -           2590 11717at5820          -            359       9.5    3.5  19.7   2   3   0.00048      0.13    9.6   0.0   119   154  1203  1238  1194  1263 0.86 CPSF (cleavage and polyadenylation specific factor), subunit A, putative [Plasmodium vivax]
SCO72371.1           -           2590 11717at5820          -            359       9.5    3.5  19.7   3   3      0.63   1.7e+02   -0.6   0.0   200   242  1455  1502  1444  1550 0.74 CPSF (cleavage and polyadenylation specific factor), subunit A, putative [Plasmodium vivax]
#
# Program:         hmmsearch
# Version:         3.4 (Aug 2023)
# Pipeline mode:   SEARCH
# Query file:      /v3/work/00_inventory/busco/busco_downloads/lineages/plasmodium_odb10/hmms/11717at5820.hmm
# Target file:     /v3/inputs/annotations/ncbi-datasets/PvC01.proteins.fa
# Option settings: hmmsearch --domtblout /v3/work/00_inventory/busco/PvC01_proteins/run_plasmodium_odb10/hmmer_output/initial_run_results/11717at5820.out --cpu 1 /v3/work/00_inventory/busco/busco_downloads/lineages/plasmodium_odb10/hmms/11717at5820.hmm /v3/inputs/annotations/ncbi-datasets/PvC01.proteins.fa 
# Current dir:     /v3/work/00_inventory/busco
# Date:            Tue May 19 18:27:26 2026
# [ok]
