#                                                                            --- full sequence --- -------------- this domain -------------   hmm coord   ali coord   env coord
# target name        accession   tlen query name           accession   qlen   E-value  score  bias   #  of  c-Evalue  i-Evalue  score  bias  from    to  from    to  from    to  acc description of target
#------------------- ---------- ----- -------------------- ---------- ----- --------- ------ ----- --- --- --------- --------- ------ ----- ----- ----- ----- ----- ----- ----- ---- ---------------------
SCO73488.1           -            203 11829at5820          -            162   3.9e-97  321.0  14.9   1   1   2.1e-99   1.1e-96  319.5  14.9     1   162    25   203    25   203 0.96 ADP-ribosylation factor-like protein, putative [Plasmodium vivax]
SCO71717.1           -            178 11829at5820          -            162   1.7e-11   42.5   0.8   1   1   3.8e-14     2e-11   42.3   0.8     4   109    19   119    16   167 0.81 ADP-ribosylation factor, putative [Plasmodium vivax]
SCO71580.1           -            181 11829at5820          -            162   1.1e-10   39.9   0.1   1   1   2.5e-13   1.3e-10   39.6   0.1     2   118    17   127    15   157 0.82 ADP-ribosylation factor, putative [Plasmodium vivax]
SCO74494.1           -            185 11829at5820          -            162   6.9e-08   30.8   6.1   1   1   2.3e-10   1.2e-07   30.0   6.1     2   131    16   140    15   181 0.69 ADP-ribosylation-like factor, putative [Plasmodium vivax]
SCO71420.1           -            191 11829at5820          -            162   9.8e-08   30.3   0.0   1   1   2.4e-10   1.2e-07   30.0   0.0     3   113    21   127    19   157 0.79 small GTP-binding protein sar1, putative [Plasmodium vivax]
SCO75183.1           -            205 11829at5820          -            162   0.00024   19.3   0.4   1   1   6.4e-07   0.00033   18.8   0.4     2   146    32   175    31   193 0.67 ras-related protein Rab-5B, putative [Plasmodium vivax]
SCO73228.1           -            200 11829at5820          -            162   0.00051   18.2   0.5   1   1   1.6e-06   0.00084   17.5   0.4     3    97     9   104     7   125 0.80 ras-related protein Rab-1B, putative [Plasmodium vivax]
SCO75283.1           -            203 11829at5820          -            162   0.00052   18.2   0.2   1   1   1.5e-06    0.0008   17.6   0.1     3   114    12   123    10   154 0.76 ras-related protein Rab-11A, putative [Plasmodium vivax]
SCO70475.1           -            201 11829at5820          -            162   0.00053   18.2   1.4   1   1   1.5e-06   0.00077   17.6   1.3     5   118    13   126     6   175 0.73 ras-related protein Rab-18, putative [Plasmodium vivax]
SCO75707.1           -            261 11829at5820          -            162    0.0027   15.8   0.4   1   1   8.1e-06    0.0043   15.2   0.4     5   152    66   213    61   218 0.79 signal recognition particle receptor, beta subunit, putative [Plasmodium vivax]
SCO71159.1           -            229 11829at5820          -            162    0.0045   15.1   4.4   1   2   0.00037      0.19    9.8   0.4   118   148    84   114    57   127 0.78 ERCC1 nucleotide excision repair protein, putative [Plasmodium vivax]
SCO71159.1           -            229 11829at5820          -            162    0.0045   15.1   4.4   2   2    0.0035       1.8    6.7   0.2    92   134   166   211   134   224 0.70 ERCC1 nucleotide excision repair protein, putative [Plasmodium vivax]
SCO73216.1           -            207 11829at5820          -            162    0.0049   15.0   0.1   1   1   1.8e-05    0.0093   14.1   0.1     3    88    13    94    11   130 0.75 ras-related protein Rab-1A, putative [Plasmodium vivax]
#
# Program:         hmmsearch
# Version:         3.4 (Aug 2023)
# Pipeline mode:   SEARCH
# Query file:      /v3/work/00_inventory/busco/busco_downloads/lineages/plasmodium_odb10/hmms/11829at5820.hmm
# Target file:     /v3/inputs/annotations/ncbi-datasets/PvC01.proteins.fa
# Option settings: hmmsearch --domtblout /v3/work/00_inventory/busco/PvC01_proteins/run_plasmodium_odb10/hmmer_output/initial_run_results/11829at5820.out --cpu 1 /v3/work/00_inventory/busco/busco_downloads/lineages/plasmodium_odb10/hmms/11829at5820.hmm /v3/inputs/annotations/ncbi-datasets/PvC01.proteins.fa 
# Current dir:     /v3/work/00_inventory/busco
# Date:            Tue May 19 18:27:50 2026
# [ok]
