#                                                                            --- full sequence --- -------------- this domain -------------   hmm coord   ali coord   env coord
# target name        accession   tlen query name           accession   qlen   E-value  score  bias   #  of  c-Evalue  i-Evalue  score  bias  from    to  from    to  from    to  acc description of target
#------------------- ---------- ----- -------------------- ---------- ----- --------- ------ ----- --- --- --------- --------- ------ ----- ----- ----- ----- ----- ----- ----- ---- ---------------------
SCO71556.1           -           1606 1282at5820           -            992         0 1371.8  32.1   1   9   3.1e-57   3.3e-54  182.8   0.0     1   162     1   206     1   214 0.81 conserved Plasmodium protein, unknown function [Plasmodium vivax]
SCO71556.1           -           1606 1282at5820           -            992         0 1371.8  32.1   2   9   9.6e-48     1e-44  151.4   0.0   169   266   261   367   250   374 0.90 conserved Plasmodium protein, unknown function [Plasmodium vivax]
SCO71556.1           -           1606 1282at5820           -            992         0 1371.8  32.1   3   9   4.1e-60   4.3e-57  192.3   0.0   270   398   449   586   444   596 0.92 conserved Plasmodium protein, unknown function [Plasmodium vivax]
SCO71556.1           -           1606 1282at5820           -            992         0 1371.8  32.1   4   9   9.3e-25   9.7e-22   75.3   0.1   396   448   612   664   609   676 0.90 conserved Plasmodium protein, unknown function [Plasmodium vivax]
SCO71556.1           -           1606 1282at5820           -            992         0 1371.8  32.1   5   9     1e-66   1.1e-63  214.2   4.1   455   593   709   872   704   874 0.92 conserved Plasmodium protein, unknown function [Plasmodium vivax]
SCO71556.1           -           1606 1282at5820           -            992         0 1371.8  32.1   6   9   2.5e-37   2.6e-34  116.9   1.1   591   719   951  1114   946  1120 0.83 conserved Plasmodium protein, unknown function [Plasmodium vivax]
SCO71556.1           -           1606 1282at5820           -            992         0 1371.8  32.1   7   9      0.69   7.2e+02   -3.7   0.0   716   735  1141  1161  1133  1161 0.81 conserved Plasmodium protein, unknown function [Plasmodium vivax]
SCO71556.1           -           1606 1282at5820           -            992         0 1371.8  32.1   8   9  6.1e-111  6.4e-108  360.6   2.3   735   938  1273  1480  1265  1499 0.96 conserved Plasmodium protein, unknown function [Plasmodium vivax]
SCO71556.1           -           1606 1282at5820           -            992         0 1371.8  32.1   9   9   3.2e-28   3.3e-25   86.8   0.2   934   992  1541  1603  1536  1603 0.92 conserved Plasmodium protein, unknown function [Plasmodium vivax]
SCO74249.1           -            878 1282at5820           -            992   2.2e-11   41.1   0.0   1   4   3.6e-06    0.0038   13.8   0.0   340   412    11    88     2   102 0.74 protein phosphatase containing kelch-like domains, putative [Plasmodium vivax]
SCO74249.1           -            878 1282at5820           -            992   2.2e-11   41.1   0.0   2   4   1.8e-07   0.00019   18.1   0.0   475   541   106   172   101   183 0.83 protein phosphatase containing kelch-like domains, putative [Plasmodium vivax]
SCO74249.1           -            878 1282at5820           -            992   2.2e-11   41.1   0.0   3   4     0.021        22    1.3   0.0   368   411   206   257   201   264 0.75 protein phosphatase containing kelch-like domains, putative [Plasmodium vivax]
SCO74249.1           -            878 1282at5820           -            992   2.2e-11   41.1   0.0   4   4     0.015        16    1.8   0.0   309   329   297   317   267   332 0.74 protein phosphatase containing kelch-like domains, putative [Plasmodium vivax]
SCO74311.1           -            647 1282at5820           -            992     8e-08   29.3  13.0   1   3   3.8e-08   3.9e-05   20.4   1.5   314   406    89   182    84   188 0.81 kelch domain-containing protein [Plasmodium vivax]
SCO74311.1           -            647 1282at5820           -            992     8e-08   29.3  13.0   2   3   0.00041      0.43    7.0   0.2   317   397   198   279   185   285 0.77 kelch domain-containing protein [Plasmodium vivax]
SCO74311.1           -            647 1282at5820           -            992     8e-08   29.3  13.0   3   3   0.00012      0.13    8.7   0.5   496   569   340   416   331   472 0.79 kelch domain-containing protein [Plasmodium vivax]
SCO75387.1           -            586 1282at5820           -            992     8e-08   29.3   8.6   1   3     2e-05     0.021   11.3   0.8   309   438   151   285   137   291 0.73 conserved Plasmodium protein, unknown function [Plasmodium vivax]
SCO75387.1           -            586 1282at5820           -            992     8e-08   29.3   8.6   2   3   4.5e-08   4.7e-05   20.1   0.2   365   413   324   380   294   385 0.72 conserved Plasmodium protein, unknown function [Plasmodium vivax]
SCO75387.1           -            586 1282at5820           -            992     8e-08   29.3   8.6   3   3      0.29     3e+02   -2.4   0.1   384   431   401   446   396   455 0.51 conserved Plasmodium protein, unknown function [Plasmodium vivax]
SCO72744.1           -            559 1282at5820           -            992     6e-07   26.4  20.4   1   2   7.8e-09   8.2e-06   22.6  15.6   309   568    85   380    72   384 0.64 kelch protein, putative [Plasmodium vivax]
SCO72744.1           -            559 1282at5820           -            992     6e-07   26.4  20.4   2   2      0.56   5.9e+02   -3.4   0.1   237   275   459   498   452   507 0.74 kelch protein, putative [Plasmodium vivax]
SCO72801.1           -           2392 1282at5820           -            992    0.0041   13.7   3.3   1   3   6.7e-05      0.07    9.6   0.2   497   544  1428  1475  1416  1503 0.76 conserved Plasmodium protein, unknown function [Plasmodium vivax]
SCO72801.1           -           2392 1282at5820           -            992    0.0041   13.7   3.3   2   3    0.0025       2.7    4.4   0.1   309   336  1487  1514  1483  1529 0.86 conserved Plasmodium protein, unknown function [Plasmodium vivax]
SCO72801.1           -           2392 1282at5820           -            992    0.0041   13.7   3.3   3   3      0.28   2.9e+02   -2.4   0.1   746   776  2170  2200  2165  2203 0.92 conserved Plasmodium protein, unknown function [Plasmodium vivax]
#
# Program:         hmmsearch
# Version:         3.4 (Aug 2023)
# Pipeline mode:   SEARCH
# Query file:      /v3/work/00_inventory/busco/busco_downloads/lineages/plasmodium_odb10/hmms/1282at5820.hmm
# Target file:     /v3/inputs/annotations/ncbi-datasets/PvC01.proteins.fa
# Option settings: hmmsearch --domtblout /v3/work/00_inventory/busco/PvC01_proteins/run_plasmodium_odb10/hmmer_output/initial_run_results/1282at5820.out --cpu 1 /v3/work/00_inventory/busco/busco_downloads/lineages/plasmodium_odb10/hmms/1282at5820.hmm /v3/inputs/annotations/ncbi-datasets/PvC01.proteins.fa 
# Current dir:     /v3/work/00_inventory/busco
# Date:            Tue May 19 18:30:36 2026
# [ok]
