#                                                                            --- full sequence --- -------------- this domain -------------   hmm coord   ali coord   env coord
# target name        accession   tlen query name           accession   qlen   E-value  score  bias   #  of  c-Evalue  i-Evalue  score  bias  from    to  from    to  from    to  acc description of target
#------------------- ---------- ----- -------------------- ---------- ----- --------- ------ ----- --- --- --------- --------- ------ ----- ----- ----- ----- ----- ----- ----- ---- ---------------------
SCO75277.1           -           1303 1382at5820           -           1074         0 2025.9 106.1   1   3  7.5e-243  2.4e-239  795.8  46.0     1   413    27   456    27   464 0.97 golgi protein 1, putative [Plasmodium vivax]
SCO75277.1           -           1303 1382at5820           -           1074         0 2025.9 106.1   2   3   2.2e-62   6.8e-59  198.3   7.9   407   518   479   590   476   595 0.96 golgi protein 1, putative [Plasmodium vivax]
SCO75277.1           -           1303 1382at5820           -           1074         0 2025.9 106.1   3   3         0         0 1043.6  36.3   518  1074   685  1301   674  1301 0.92 golgi protein 1, putative [Plasmodium vivax]
SCO75276.1           -           1234 1382at5820           -           1074   4.9e-65  218.7  40.3   1   4   3.2e-07   0.00099   15.7   1.0     6   120    28   151    25   178 0.71 conserved Plasmodium protein, unknown function [Plasmodium vivax]
SCO75276.1           -           1234 1382at5820           -           1074   4.9e-65  218.7  40.3   2   4   1.7e-23   5.3e-20   69.6   9.7   154   512   211   585   201   593 0.74 conserved Plasmodium protein, unknown function [Plasmodium vivax]
SCO75276.1           -           1234 1382at5820           -           1074   4.9e-65  218.7  40.3   3   4    0.0043        14    2.0   0.0   663   698   763   800   677   805 0.61 conserved Plasmodium protein, unknown function [Plasmodium vivax]
SCO75276.1           -           1234 1382at5820           -           1074   4.9e-65  218.7  40.3   4   4   2.1e-45   6.6e-42  142.1  12.6   734  1070   889  1232   884  1233 0.88 conserved Plasmodium protein, unknown function [Plasmodium vivax]
#
# Program:         hmmsearch
# Version:         3.4 (Aug 2023)
# Pipeline mode:   SEARCH
# Query file:      /v3/work/00_inventory/busco/busco_downloads/lineages/plasmodium_odb10/hmms/1382at5820.hmm
# Target file:     /v3/inputs/annotations/ncbi-datasets/PvC01.proteins.fa
# Option settings: hmmsearch --domtblout /v3/work/00_inventory/busco/PvC01_proteins/run_plasmodium_odb10/hmmer_output/initial_run_results/1382at5820.out --cpu 1 /v3/work/00_inventory/busco/busco_downloads/lineages/plasmodium_odb10/hmms/1382at5820.hmm /v3/inputs/annotations/ncbi-datasets/PvC01.proteins.fa 
# Current dir:     /v3/work/00_inventory/busco
# Date:            Tue May 19 18:33:35 2026
# [ok]
