#                                                                            --- full sequence --- -------------- this domain -------------   hmm coord   ali coord   env coord
# target name        accession   tlen query name           accession   qlen   E-value  score  bias   #  of  c-Evalue  i-Evalue  score  bias  from    to  from    to  from    to  acc description of target
#------------------- ---------- ----- -------------------- ---------- ----- --------- ------ ----- --- --- --------- --------- ------ ----- ----- ----- ----- ----- ----- ----- ---- ---------------------
SCO72180.1           -           1261 1423at5820           -            976         0 1995.4  49.4   1   5   9.7e-09   6.1e-06   22.8   2.0     1    24     1    24     1    30 0.93 U5 small nuclear ribonuclear protein, putative [Plasmodium vivax]
SCO72180.1           -           1261 1423at5820           -            976         0 1995.4  49.4   2   5   1.2e-60   7.5e-58  194.7   1.2    22   129   104   213    93   220 0.94 U5 small nuclear ribonuclear protein, putative [Plasmodium vivax]
SCO72180.1           -           1261 1423at5820           -            976         0 1995.4  49.4   3   5  3.6e-273  2.3e-270  898.1  24.7   129   564   260   711   236   724 0.95 U5 small nuclear ribonuclear protein, putative [Plasmodium vivax]
SCO72180.1           -           1261 1423at5820           -            976         0 1995.4  49.4   4   5   2.9e-89   1.8e-86  289.4   0.3   563   702   801   943   796   957 0.94 U5 small nuclear ribonuclear protein, putative [Plasmodium vivax]
SCO72180.1           -           1261 1423at5820           -            976         0 1995.4  49.4   5   5  1.6e-184    1e-181  604.7   0.0   707   976   991  1261   981  1261 0.99 U5 small nuclear ribonuclear protein, putative [Plasmodium vivax]
SCO74403.1           -            832 1423at5820           -            976  1.9e-149  497.9   0.7   1   1  9.7e-152  6.1e-149  496.2   0.7    84   921     3   801     1   810 0.93 elongation factor 2, putative [Plasmodium vivax]
SCO73914.1           -           1383 1423at5820           -            976   1.6e-47  160.5  52.4   1   4   3.4e-09   2.1e-06   24.4   0.2    93   167     7    73     2    85 0.79 elongation factor Tu, putative [Plasmodium vivax]
SCO73914.1           -           1383 1423at5820           -            976   1.6e-47  160.5  52.4   2   4   6.7e-22   4.2e-19   66.4  31.9   192   476   173   492   164   505 0.80 elongation factor Tu, putative [Plasmodium vivax]
SCO73914.1           -           1383 1423at5820           -            976   1.6e-47  160.5  52.4   3   4   1.8e-08   1.1e-05   22.0   1.8   548   661   699   810   688   828 0.88 elongation factor Tu, putative [Plasmodium vivax]
SCO73914.1           -           1383 1423at5820           -            976   1.6e-47  160.5  52.4   4   4   1.1e-19   7.2e-17   59.0   0.2   687   953  1100  1368  1089  1376 0.75 elongation factor Tu, putative [Plasmodium vivax]
SCO75313.1           -            771 1423at5820           -            976   8.3e-18   62.1   7.5   1   3   4.5e-06    0.0028   14.0   0.0    92   125   102   135    87   148 0.84 GTP-binding translation elongation factor tu family protein, putative [Plasmodium vivax]
SCO75313.1           -            771 1423at5820           -            976   8.3e-18   62.1   7.5   2   3   1.3e-15   8.3e-13   45.6   0.8   179   257   154   233   145   239 0.91 GTP-binding translation elongation factor tu family protein, putative [Plasmodium vivax]
SCO75313.1           -            771 1423at5820           -            976   8.3e-18   62.1   7.5   3   3    0.0025       1.5    5.0   0.2   481   652   378   552   368   564 0.67 GTP-binding translation elongation factor tu family protein, putative [Plasmodium vivax]
SCO75577.1           -            775 1423at5820           -            976   2.5e-17   60.6   9.3   1   3   7.5e-08   4.7e-05   19.9   0.5    98   256    40   176    31   182 0.73 elongation factor G, putative [Plasmodium vivax]
SCO75577.1           -            775 1423at5820           -            976   2.5e-17   60.6   9.3   2   3   3.8e-07   0.00024   17.6   0.4   518   661   432   570   408   616 0.80 elongation factor G, putative [Plasmodium vivax]
SCO75577.1           -            775 1423at5820           -            976   2.5e-17   60.6   9.3   3   3   8.2e-08   5.2e-05   19.8   0.1   778   920   631   769   602   772 0.80 elongation factor G, putative [Plasmodium vivax]
SCO71872.1           -            910 1423at5820           -            976   4.9e-13   46.4  12.6   1   3   0.00013      0.08    9.2   0.0    97   125   189   217   186   240 0.82 GTP-binding protein, putative [Plasmodium vivax]
SCO71872.1           -            910 1423at5820           -            976   4.9e-13   46.4  12.6   2   3   2.7e-15   1.7e-12   44.6   2.3   178   316   238   381   218   396 0.77 GTP-binding protein, putative [Plasmodium vivax]
SCO71872.1           -            910 1423at5820           -            976   4.9e-13   46.4  12.6   3   3      0.79     5e+02   -3.3   1.3    97   202   740   846   715   865 0.72 GTP-binding protein, putative [Plasmodium vivax]
SCO73831.1           -            895 1423at5820           -            976   3.9e-08   30.1  14.8   1   4     1e-09   6.5e-07   26.1   0.3   186   275   166   253    77   275 0.73 elongation factor G, putative [Plasmodium vivax]
SCO73831.1           -            895 1423at5820           -            976   3.9e-08   30.1  14.8   2   4      0.21   1.3e+02   -1.4   0.7   353   396   289   332   259   392 0.49 elongation factor G, putative [Plasmodium vivax]
SCO73831.1           -            895 1423at5820           -            976   3.9e-08   30.1  14.8   3   4   0.00025      0.16    8.3   0.6   509   661   510   657   456   684 0.73 elongation factor G, putative [Plasmodium vivax]
SCO73831.1           -            895 1423at5820           -            976   3.9e-08   30.1  14.8   4   4      0.26   1.6e+02   -1.7   0.1   785   900   778   890   758   893 0.65 elongation factor G, putative [Plasmodium vivax]
SCO75601.1           -           1101 1423at5820           -            976   2.4e-07   27.5   1.6   1   2   9.7e-10   6.1e-07   26.2   0.4   185   263    82   159    68   172 0.87 tetQ family GTPase, putative [Plasmodium vivax]
SCO75601.1           -           1101 1423at5820           -            976   2.4e-07   27.5   1.6   2   2      0.11        72   -0.6   0.0   830   908  1012  1094   889  1098 0.71 tetQ family GTPase, putative [Plasmodium vivax]
SCO73786.1           -            996 1423at5820           -            976   3.8e-07   26.8   0.8   1   2     0.041        26    0.9   0.0   102   121   415   434   408   454 0.85 translation initiation factor IF-2, putative [Plasmodium vivax]
SCO73786.1           -            996 1423at5820           -            976   3.8e-07   26.8   0.8   2   2   4.1e-09   2.6e-06   24.1   0.2   181   263   463   545   445   586 0.85 translation initiation factor IF-2, putative [Plasmodium vivax]
SCO74081.1           -            456 1423at5820           -            976    0.0045   13.4   0.4   1   2     0.025        16    1.6   0.1   101   127    74   100    67   130 0.69 elongation factor Tu, mitochondrial precursor, putative [Plasmodium vivax]
SCO74081.1           -            456 1423at5820           -            976    0.0045   13.4   0.4   2   2   7.4e-05     0.046   10.0   0.0   191   257   133   200   104   210 0.82 elongation factor Tu, mitochondrial precursor, putative [Plasmodium vivax]
#
# Program:         hmmsearch
# Version:         3.4 (Aug 2023)
# Pipeline mode:   SEARCH
# Query file:      /v3/work/00_inventory/busco/busco_downloads/lineages/plasmodium_odb10/hmms/1423at5820.hmm
# Target file:     /v3/inputs/annotations/ncbi-datasets/PvC01.proteins.fa
# Option settings: hmmsearch --domtblout /v3/work/00_inventory/busco/PvC01_proteins/run_plasmodium_odb10/hmmer_output/initial_run_results/1423at5820.out --cpu 1 /v3/work/00_inventory/busco/busco_downloads/lineages/plasmodium_odb10/hmms/1423at5820.hmm /v3/inputs/annotations/ncbi-datasets/PvC01.proteins.fa 
# Current dir:     /v3/work/00_inventory/busco
# Date:            Tue May 19 18:34:43 2026
# [ok]
