#                                                                            --- full sequence --- -------------- this domain -------------   hmm coord   ali coord   env coord
# target name        accession   tlen query name           accession   qlen   E-value  score  bias   #  of  c-Evalue  i-Evalue  score  bias  from    to  from    to  from    to  acc description of target
#------------------- ---------- ----- -------------------- ---------- ----- --------- ------ ----- --- --- --------- --------- ------ ----- ----- ----- ----- ----- ----- ----- ---- ---------------------
SCO70651.1           -            159 14674at5820          -            109   1.3e-38  129.9  24.8   1   3   9.9e-08   7.8e-05   21.3   0.4     1    23     1    23     1    29 0.94 thrombospondin related sporozoite protein, putative [Plasmodium vivax]
SCO70651.1           -            159 14674at5820          -            109   1.3e-38  129.9  24.8   2   3     1e-23   7.9e-21   72.7   7.1    17    72    40   102    34   112 0.87 thrombospondin related sporozoite protein, putative [Plasmodium vivax]
SCO70651.1           -            159 14674at5820          -            109   1.3e-38  129.9  24.8   3   3   1.6e-15   1.3e-12   46.3   4.6    56   109   106   159   101   159 0.83 thrombospondin related sporozoite protein, putative [Plasmodium vivax]
SCO70397.1           -           2121 14674at5820          -            109   2.1e-11   42.4  44.2   1   7     0.018        14    4.3   0.7    29    43  1530  1544  1517  1562 0.80 circumsporozoite-and TRAP-related protein, putative [Plasmodium vivax]
SCO70397.1           -           2121 14674at5820          -            109   2.1e-11   42.4  44.2   2   7   8.2e-06    0.0064   15.1   0.3    29    55  1603  1629  1596  1635 0.87 circumsporozoite-and TRAP-related protein, putative [Plasmodium vivax]
SCO70397.1           -           2121 14674at5820          -            109   2.1e-11   42.4  44.2   3   7   4.1e-06    0.0032   16.1   2.7    27    71  1671  1722  1666  1730 0.71 circumsporozoite-and TRAP-related protein, putative [Plasmodium vivax]
SCO70397.1           -           2121 14674at5820          -            109   2.1e-11   42.4  44.2   4   7      0.67   5.3e+02   -0.7   2.5    30    45  1730  1745  1728  1754 0.79 circumsporozoite-and TRAP-related protein, putative [Plasmodium vivax]
SCO70397.1           -           2121 14674at5820          -            109   2.1e-11   42.4  44.2   5   7   7.8e-08   6.2e-05   21.6   0.5    30    56  1821  1847  1818  1865 0.89 circumsporozoite-and TRAP-related protein, putative [Plasmodium vivax]
SCO70397.1           -           2121 14674at5820          -            109   2.1e-11   42.4  44.2   6   7      0.42   3.3e+02   -0.1   0.3    30    47  1881  1898  1877  1921 0.81 circumsporozoite-and TRAP-related protein, putative [Plasmodium vivax]
SCO70397.1           -           2121 14674at5820          -            109   2.1e-11   42.4  44.2   7   7    0.0002      0.16   10.6   0.3    31    47  1964  1980  1961  1993 0.78 circumsporozoite-and TRAP-related protein, putative [Plasmodium vivax]
SCO72463.1           -            321 14674at5820          -            109   4.9e-06   25.1   0.0   1   1     1e-08   8.2e-06   24.4   0.0    35    74   254   297   245   320 0.77 circumsporozoite (CS) protein [Plasmodium vivax]
SCO73692.1           -           1480 14674at5820          -            109   0.00015   20.4   0.4   1   2   1.9e-07   0.00015   20.4   0.4    14    53   245   285   233   295 0.71 TRAP-like protein, putative [Plasmodium vivax]
SCO73692.1           -           1480 14674at5820          -            109   0.00015   20.4   0.4   2   2       6.2   4.8e+03   -3.8   0.2    57    78   545   566   542   568 0.82 TRAP-like protein, putative [Plasmodium vivax]
SCO75432.1           -            340 14674at5820          -            109    0.0011   17.5   1.7   1   1   5.5e-06    0.0043   15.6   1.7    32    72   234   279   223   323 0.64 thrombospondin-related apical membrane protein, putative [Plasmodium vivax]
SCO74030.1           -            556 14674at5820          -            109    0.0021   16.7   1.2   1   1   5.6e-06    0.0044   15.6   1.2    28    61   237   269   220   282 0.76 thrombospondin-related anonymous protein [Plasmodium vivax]
SCO71272.1           -            695 14674at5820          -            109    0.0095   14.5   0.9   1   3      0.92   7.2e+02   -1.2   0.4    56    89   167   200   151   209 0.75 conserved Plasmodium protein, unknown function [Plasmodium vivax]
SCO71272.1           -            695 14674at5820          -            109    0.0095   14.5   0.9   2   3   1.2e-05    0.0095   14.5   0.9    30    45   332   347   321   383 0.82 conserved Plasmodium protein, unknown function [Plasmodium vivax]
SCO71272.1           -            695 14674at5820          -            109    0.0095   14.5   0.9   3   3       2.4   1.9e+03   -2.5   0.0    82    94   578   591   558   605 0.44 conserved Plasmodium protein, unknown function [Plasmodium vivax]
SCO71657.1           -            387 14674at5820          -            109      0.43    9.2  16.0   1   2   4.4e-05     0.035   12.7   4.7     2    62     2    62     1    63 0.86 merozoite TRAP-like protein, putative [Plasmodium vivax]
SCO71657.1           -            387 14674at5820          -            109      0.43    9.2  16.0   2   2      0.16   1.3e+02    1.3   4.9    29    42    62    75    61   110 0.81 merozoite TRAP-like protein, putative [Plasmodium vivax]
#
# Program:         hmmsearch
# Version:         3.4 (Aug 2023)
# Pipeline mode:   SEARCH
# Query file:      /v3/work/00_inventory/busco/busco_downloads/lineages/plasmodium_odb10/hmms/14674at5820.hmm
# Target file:     /v3/inputs/annotations/ncbi-datasets/PvC01.proteins.fa
# Option settings: hmmsearch --domtblout /v3/work/00_inventory/busco/PvC01_proteins/run_plasmodium_odb10/hmmer_output/initial_run_results/14674at5820.out --cpu 1 /v3/work/00_inventory/busco/busco_downloads/lineages/plasmodium_odb10/hmms/14674at5820.hmm /v3/inputs/annotations/ncbi-datasets/PvC01.proteins.fa 
# Current dir:     /v3/work/00_inventory/busco
# Date:            Tue May 19 18:35:55 2026
# [ok]
