#                                                                            --- full sequence --- -------------- this domain -------------   hmm coord   ali coord   env coord
# target name        accession   tlen query name           accession   qlen   E-value  score  bias   #  of  c-Evalue  i-Evalue  score  bias  from    to  from    to  from    to  acc description of target
#------------------- ---------- ----- -------------------- ---------- ----- --------- ------ ----- --- --- --------- --------- ------ ----- ----- ----- ----- ----- ----- ----- ---- ---------------------
SCO74210.1           -            112 15228at5820          -             89   2.1e-49  164.1   7.8   1   1   5.8e-51   7.3e-48  159.2   7.8     1    89    12   112    12   112 0.92 autophagy-related protein 12, putative [Plasmodium vivax]
SCO75307.1           -            314 15228at5820          -             89    0.0023   16.6   2.0   1   2   2.3e-06    0.0029   16.2   0.4    24    85    44   108    23   112 0.83 4-nitrophenylphosphatase, putative [Plasmodium vivax]
SCO75307.1           -            314 15228at5820          -             89    0.0023   16.6   2.0   2   2       1.1   1.4e+03   -2.0   0.1    19    33   293   307   272   314 0.49 4-nitrophenylphosphatase, putative [Plasmodium vivax]
SCO71654.1           -            331 15228at5820          -             89    0.0061   15.2   1.0   1   2   1.5e-05     0.018   13.7   0.3    21    75    39    92    16   105 0.82 nucleolar preribosomal assembly protein, putative [Plasmodium vivax]
SCO71654.1           -            331 15228at5820          -             89    0.0061   15.2   1.0   2   2       2.3   2.9e+03   -3.0   0.0    57    73   166   182   161   190 0.64 nucleolar preribosomal assembly protein, putative [Plasmodium vivax]
SCO71569.1           -            124 15228at5820          -             89      0.02   13.5   0.5   1   1     2e-05     0.025   13.3   0.5    44    85    79   119    43   123 0.83 autophagy-related protein 8, putative [Plasmodium vivax]
SCA59673.1           -            383 15228at5820          -             89       1.3    7.8  12.8   1   3      0.94   1.2e+03   -1.7   0.1    42    63    51    73    36    95 0.73 VIR protein [Plasmodium vivax]
SCA59673.1           -            383 15228at5820          -             89       1.3    7.8  12.8   2   3     0.034        42    2.9   2.2    37    85   106   157    89   161 0.66 VIR protein [Plasmodium vivax]
SCA59673.1           -            383 15228at5820          -             89       1.3    7.8  12.8   3   3   9.9e-05      0.12   11.0   1.0    38    84   332   378   325   382 0.94 VIR protein [Plasmodium vivax]
#
# Program:         hmmsearch
# Version:         3.4 (Aug 2023)
# Pipeline mode:   SEARCH
# Query file:      /v3/work/00_inventory/busco/busco_downloads/lineages/plasmodium_odb10/hmms/15228at5820.hmm
# Target file:     /v3/inputs/annotations/ncbi-datasets/PvC01.proteins.fa
# Option settings: hmmsearch --domtblout /v3/work/00_inventory/busco/PvC01_proteins/run_plasmodium_odb10/hmmer_output/initial_run_results/15228at5820.out --cpu 1 /v3/work/00_inventory/busco/busco_downloads/lineages/plasmodium_odb10/hmms/15228at5820.hmm /v3/inputs/annotations/ncbi-datasets/PvC01.proteins.fa 
# Current dir:     /v3/work/00_inventory/busco
# Date:            Tue May 19 18:37:12 2026
# [ok]
