#                                                                            --- full sequence --- -------------- this domain -------------   hmm coord   ali coord   env coord
# target name        accession   tlen query name           accession   qlen   E-value  score  bias   #  of  c-Evalue  i-Evalue  score  bias  from    to  from    to  from    to  acc description of target
#------------------- ---------- ----- -------------------- ---------- ----- --------- ------ ----- --- --- --------- --------- ------ ----- ----- ----- ----- ----- ----- ----- ---- ---------------------
SCO74783.1           -           1269 1822at5820           -            724         0 1328.0  30.4   1   5  1.4e-294  3.5e-292  969.6  12.3     8   462    24   486    21   495 0.98 ADP-dependent DNA helicase RecQ, putative [Plasmodium vivax]
SCO74783.1           -           1269 1822at5820           -            724         0 1328.0  30.4   2   5   2.9e-51   7.2e-49  165.2   0.1   459   578   531   651   525   665 0.90 ADP-dependent DNA helicase RecQ, putative [Plasmodium vivax]
SCO74783.1           -           1269 1822at5820           -            724         0 1328.0  30.4   3   5   3.6e-58   8.9e-56  188.1   0.4   563   673   753   871   742   882 0.90 ADP-dependent DNA helicase RecQ, putative [Plasmodium vivax]
SCO74783.1           -           1269 1822at5820           -            724         0 1328.0  30.4   4   5     0.046        12    2.5   0.0   669   687   911   929   907   932 0.90 ADP-dependent DNA helicase RecQ, putative [Plasmodium vivax]
SCO74783.1           -           1269 1822at5820           -            724         0 1328.0  30.4   5   5   4.9e-05     0.012   12.4   0.4   694   717  1219  1242  1204  1246 0.78 ADP-dependent DNA helicase RecQ, putative [Plasmodium vivax]
SCO71941.1           -            731 1822at5820           -            724   2.4e-65  219.7  13.6   1   2   1.8e-42   4.6e-40  136.1   4.1    24   208    34   223    15   227 0.86 ATP-dependent DNA helicase Q1, putative [Plasmodium vivax]
SCO71941.1           -            731 1822at5820           -            724   2.4e-65  219.7  13.6   2   2   3.7e-28   9.3e-26   88.8   2.0   268   430   387   550   343   553 0.88 ATP-dependent DNA helicase Q1, putative [Plasmodium vivax]
SCO73062.1           -            667 1822at5820           -            724   2.1e-14   51.3   0.0   1   1   1.7e-16   4.4e-14   50.2   0.0   268   377   472   581   468   599 0.95 RNA helicase 1, putative [Plasmodium vivax]
SCO75518.1           -            717 1822at5820           -            724   4.4e-14   50.2   0.2   1   2     0.043        11    2.6   0.0    46    75   313   342   282   345 0.86 DNA helicase 60, putative [Plasmodium vivax]
SCO75518.1           -            717 1822at5820           -            724   4.4e-14   50.2   0.2   2   2   5.6e-15   1.4e-12   45.3   0.2   244   370   552   679   445   696 0.94 DNA helicase 60, putative [Plasmodium vivax]
SCO71685.1           -           1015 1822at5820           -            724     2e-13   48.0   0.7   1   1   1.4e-15   3.5e-13   47.3   0.7   224   380   843   996   812  1005 0.86 DEAD/DEAH box helicase, putative [Plasmodium vivax]
SCO71006.1           -            533 1822at5820           -            724   3.6e-13   47.2   0.3   1   2   6.2e-06    0.0016   15.4   0.0    12    87   127   206   121   234 0.82 ATP-dependent rRNA helicase RRP3, putative [Plasmodium vivax]
SCO71006.1           -            533 1822at5820           -            724   3.6e-13   47.2   0.3   2   2   2.8e-10     7e-08   29.7   0.3   266   373   366   472   352   503 0.89 ATP-dependent rRNA helicase RRP3, putative [Plasmodium vivax]
SCO71091.1           -            473 1822at5820           -            724   5.4e-13   46.6   0.6   1   1   4.1e-15     1e-12   45.7   0.3   248   376   317   445   286   471 0.91 ATP-dependent RNA helicase UAP56, putative [Plasmodium vivax]
SCO73265.1           -           1435 1822at5820           -            724   3.2e-12   44.1   1.3   1   2     0.047        12    2.5   0.0    30    72   688   730   682   771 0.89 pre-mRNA-processing ATP-dependent RNA helicase PRP5, putative [Plasmodium vivax]
SCO73265.1           -           1435 1822at5820           -            724   3.2e-12   44.1   1.3   2   2   4.9e-13   1.2e-10   38.8   1.4   263   413   913  1066   838  1085 0.88 pre-mRNA-processing ATP-dependent RNA helicase PRP5, putative [Plasmodium vivax]
SCO72559.1           -           1329 1822at5820           -            724   3.1e-11   40.8   0.3   1   2      0.39        97   -0.5   0.0    28    70   160   202   137   206 0.82 DEAD/DEAH box helicase, putative [Plasmodium vivax]
SCO72559.1           -           1329 1822at5820           -            724   3.1e-11   40.8   0.3   2   2   7.3e-13   1.8e-10   38.3   0.3   256   362   879   982   867   995 0.91 DEAD/DEAH box helicase, putative [Plasmodium vivax]
SCO75363.1           -            923 1822at5820           -            724   4.9e-11   40.2   2.3   1   2       1.9   4.8e+02   -2.8   0.0    27    69   357   399   350   403 0.80 DEAD/DEAH box helicase, putative [Plasmodium vivax]
SCO75363.1           -            923 1822at5820           -            724   4.9e-11   40.2   2.3   2   2   2.1e-13   5.4e-11   40.0   1.0   267   395   625   753   600   790 0.85 DEAD/DEAH box helicase, putative [Plasmodium vivax]
SCO74455.1           -            528 1822at5820           -            724     8e-11   39.4   0.2   1   1   4.8e-13   1.2e-10   38.9   0.2   267   372   362   467   151   484 0.85 ATP-dependent RNA helicase DDX5, putative [Plasmodium vivax]
SCO71470.1           -            388 1822at5820           -            724     4e-10   37.2   1.1   1   2      0.38        96   -0.5   0.1    29    89    34    97    14   208 0.57 eukaryotic initiation factor 4A-III, putative [Plasmodium vivax]
SCO71470.1           -            388 1822at5820           -            724     4e-10   37.2   1.1   2   2   3.2e-12   7.9e-10   36.2   0.2   267   377   256   365   214   375 0.93 eukaryotic initiation factor 4A-III, putative [Plasmodium vivax]
SCO74223.1           -            398 1822at5820           -            724   1.5e-09   35.3   0.1   1   1   8.9e-12   2.2e-09   34.7   0.1   266   378   263   375   242   393 0.91 eukaryotic initiation factor 4a, putative [Plasmodium vivax]
SCO74062.1           -            489 1822at5820           -            724   1.7e-08   31.8   0.0   1   2      0.58   1.5e+02   -1.1   0.0    55    80   103   128    94   147 0.76 ATP-dependent RNA helicase DBP8, putative [Plasmodium vivax]
SCO74062.1           -            489 1822at5820           -            724   1.7e-08   31.8   0.0   2   2   2.6e-10   6.5e-08   29.8   0.0   264   374   315   426   302   441 0.90 ATP-dependent RNA helicase DBP8, putative [Plasmodium vivax]
SCO73134.1           -            816 1822at5820           -            724     2e-08   31.5   7.0   1   2       4.3   1.1e+03   -4.0   5.6   198   278   382   457   376   474 0.74 DEAD/DEAH box ATP-dependent RNA helicase, putative [Plasmodium vivax]
SCO73134.1           -            816 1822at5820           -            724     2e-08   31.5   7.0   2   2     8e-11     2e-08   31.5   7.0   224   376   523   692   513   696 0.82 DEAD/DEAH box ATP-dependent RNA helicase, putative [Plasmodium vivax]
SCO73166.1           -           1009 1822at5820           -            724   2.6e-08   31.1   0.4   1   2       4.4   1.1e+03   -4.0   0.0    30    69   604   643   598   647 0.84 ATP-dependent RNA helicase DDX23, putative [Plasmodium vivax]
SCO73166.1           -           1009 1822at5820           -            724   2.6e-08   31.1   0.4   2   2   1.9e-10   4.8e-08   30.3   0.2   268   373   856   961   836   985 0.90 ATP-dependent RNA helicase DDX23, putative [Plasmodium vivax]
SCO70772.1           -            548 1822at5820           -            724   1.7e-07   28.5   4.4   1   2     0.022       5.4    3.7   0.1    49   100   137   194   131   211 0.62 ATP-dependent RNA helicase protein, putative [Plasmodium vivax]
SCO70772.1           -            548 1822at5820           -            724   1.7e-07   28.5   4.4   2   2   6.7e-10   1.7e-07   28.5   4.4   267   397   364   501   332   541 0.81 ATP-dependent RNA helicase protein, putative [Plasmodium vivax]
SCO71586.1           -            606 1822at5820           -            724   2.9e-07   27.7   0.1   1   2       3.5   8.9e+02   -3.7   0.0    21    69   143   191   140   193 0.85 ATP-dependent RNA helicase ROK1, putative [Plasmodium vivax]
SCO71586.1           -            606 1822at5820           -            724   2.9e-07   27.7   0.1   2   2   2.6e-09   6.4e-07   26.5   0.2   268   381   405   525   402   531 0.86 ATP-dependent RNA helicase ROK1, putative [Plasmodium vivax]
SCO75754.1           -            731 1822at5820           -            724     8e-07   26.2  10.5   1   1   5.9e-09   1.5e-06   25.3  10.5   261   396   372   512   247   563 0.73 DEAD/DEAH box ATP-dependent RNA helicase, putative [Plasmodium vivax]
SCO72338.1           -            382 1822at5820           -            724   1.2e-06   25.6   0.5   1   1   6.8e-09   1.7e-06   25.1   0.5   264   367   245   348   195   363 0.85 ATP-dependent RNA helicase DDX6, putative [Plasmodium vivax]
SCO72330.1           -            761 1822at5820           -            724   3.6e-06   24.1  17.6   1   1   4.5e-07   0.00011   19.1  17.6   188   416   470   697   377   715 0.75 ATP-dependent RNA helicase, putative [Plasmodium vivax]
SCO73308.1           -            720 1822at5820           -            724   9.9e-06   22.6   0.6   1   2       1.4   3.5e+02   -2.4   0.0    31    77   147   193   142   194 0.84 ATP-dependent helicase, putative [Plasmodium vivax]
SCO73308.1           -            720 1822at5820           -            724   9.9e-06   22.6   0.6   2   2   8.7e-08   2.2e-05   21.5   0.4   268   377   402   511   323   587 0.81 ATP-dependent helicase, putative [Plasmodium vivax]
SCO73310.1           -            522 1822at5820           -            724   7.4e-05   19.7   6.2   1   1   4.7e-07   0.00012   19.0   6.2   219   378   303   469   251   495 0.83 ATP-dependent helicase, putative [Plasmodium vivax]
SCO70477.1           -           1250 1822at5820           -            724   9.8e-05   19.3   0.5   1   2   3.9e-07   9.8e-05   19.3   0.5   267   361   604   698   585   712 0.90 RNA helicase, putative [Plasmodium vivax]
SCO70477.1           -           1250 1822at5820           -            724   9.8e-05   19.3   0.5   2   2         1   2.5e+02   -1.9   0.1   509   559   892   944   847   948 0.63 RNA helicase, putative [Plasmodium vivax]
SCO70895.1           -            850 1822at5820           -            724    0.0047   13.8   0.0   1   2    0.0033      0.82    6.4   0.0    36    78   162   207   149   283 0.81 ATP-dependent RNA helicase DBP7, putative [Plasmodium vivax]
SCO70895.1           -            850 1822at5820           -            724    0.0047   13.8   0.0   2   2    0.0078         2    5.1   0.0   317   380   636   698   606   714 0.77 ATP-dependent RNA helicase DBP7, putative [Plasmodium vivax]
#
# Program:         hmmsearch
# Version:         3.4 (Aug 2023)
# Pipeline mode:   SEARCH
# Query file:      /v3/work/00_inventory/busco/busco_downloads/lineages/plasmodium_odb10/hmms/1822at5820.hmm
# Target file:     /v3/inputs/annotations/ncbi-datasets/PvC01.proteins.fa
# Option settings: hmmsearch --domtblout /v3/work/00_inventory/busco/PvC01_proteins/run_plasmodium_odb10/hmmer_output/initial_run_results/1822at5820.out --cpu 1 /v3/work/00_inventory/busco/busco_downloads/lineages/plasmodium_odb10/hmms/1822at5820.hmm /v3/inputs/annotations/ncbi-datasets/PvC01.proteins.fa 
# Current dir:     /v3/work/00_inventory/busco
# Date:            Tue May 19 18:36:18 2026
# [ok]
