#                                                                            --- full sequence --- -------------- this domain -------------   hmm coord   ali coord   env coord
# target name        accession   tlen query name           accession   qlen   E-value  score  bias   #  of  c-Evalue  i-Evalue  score  bias  from    to  from    to  from    to  acc description of target
#------------------- ---------- ----- -------------------- ---------- ----- --------- ------ ----- --- --- --------- --------- ------ ----- ----- ----- ----- ----- ----- ----- ---- ---------------------
SCO70467.1           -           1422 1889at5820           -            910         0 1147.5  54.3   1   8   9.8e-79   6.1e-75  251.6   0.7     1   155     1   161     1   172 0.94 AP-3 complex subunit delta, putative [Plasmodium vivax]
SCO70467.1           -           1422 1889at5820           -            910         0 1147.5  54.3   2   8   3.2e-60     2e-56  190.4   6.5   150   272   205   327   198   330 0.96 AP-3 complex subunit delta, putative [Plasmodium vivax]
SCO70467.1           -           1422 1889at5820           -            910         0 1147.5  54.3   3   8   2.3e-47   1.5e-43  147.8   1.8   273   359   358   449   352   451 0.92 AP-3 complex subunit delta, putative [Plasmodium vivax]
SCO70467.1           -           1422 1889at5820           -            910         0 1147.5  54.3   4   8   1.2e-80   7.7e-77  257.9   1.8   361   538   498   681   496   686 0.95 AP-3 complex subunit delta, putative [Plasmodium vivax]
SCO70467.1           -           1422 1889at5820           -            910         0 1147.5  54.3   5   8   1.4e-53   8.7e-50  168.4   6.1   544   679   772   920   755   923 0.89 AP-3 complex subunit delta, putative [Plasmodium vivax]
SCO70467.1           -           1422 1889at5820           -            910         0 1147.5  54.3   6   8   2.6e-05      0.16    8.7   0.2   685   703   971   989   956   990 0.86 AP-3 complex subunit delta, putative [Plasmodium vivax]
SCO70467.1           -           1422 1889at5820           -            910         0 1147.5  54.3   7   8   1.7e-08    0.0001   19.3   0.1   704   761  1087  1159  1083  1172 0.72 AP-3 complex subunit delta, putative [Plasmodium vivax]
SCO70467.1           -           1422 1889at5820           -            910         0 1147.5  54.3   8   8   1.6e-41     1e-37  128.5   0.0   759   910  1212  1412  1201  1412 0.83 AP-3 complex subunit delta, putative [Plasmodium vivax]
#
# Program:         hmmsearch
# Version:         3.4 (Aug 2023)
# Pipeline mode:   SEARCH
# Query file:      /v3/work/00_inventory/busco/busco_downloads/lineages/plasmodium_odb10/hmms/1889at5820.hmm
# Target file:     /v3/inputs/annotations/ncbi-datasets/PvC01.proteins.fa
# Option settings: hmmsearch --domtblout /v3/work/00_inventory/busco/PvC01_proteins/run_plasmodium_odb10/hmmer_output/initial_run_results/1889at5820.out --cpu 1 /v3/work/00_inventory/busco/busco_downloads/lineages/plasmodium_odb10/hmms/1889at5820.hmm /v3/inputs/annotations/ncbi-datasets/PvC01.proteins.fa 
# Current dir:     /v3/work/00_inventory/busco
# Date:            Tue May 19 18:36:37 2026
# [ok]
