#                                                                            --- full sequence --- -------------- this domain -------------   hmm coord   ali coord   env coord
# target name        accession   tlen query name           accession   qlen   E-value  score  bias   #  of  c-Evalue  i-Evalue  score  bias  from    to  from    to  from    to  acc description of target
#------------------- ---------- ----- -------------------- ---------- ----- --------- ------ ----- --- --- --------- --------- ------ ----- ----- ----- ----- ----- ----- ----- ---- ---------------------
SCO74473.1           -           6848 19at5820             -           4334         0 6679.7 610.1   1  25   0.00069       4.3    1.7   8.0   591   704   198   305   173   321 0.80 conserved Plasmodium protein, unknown function [Plasmodium vivax]
SCO74473.1           -           6848 19at5820             -           4334         0 6679.7 610.1   2  25  1.7e-300  1.1e-296  986.2  52.6     1   584   440  1046   440  1053 0.97 conserved Plasmodium protein, unknown function [Plasmodium vivax]
SCO74473.1           -           6848 19at5820             -           4334         0 6679.7 610.1   3  25  1.6e-182    1e-178  594.7  28.7   582   883  1083  1389  1076  1394 0.97 conserved Plasmodium protein, unknown function [Plasmodium vivax]
SCO74473.1           -           6848 19at5820             -           4334         0 6679.7 610.1   4  25     3e-12   1.9e-08   29.5   0.0   883   934  1435  1495  1432  1505 0.82 conserved Plasmodium protein, unknown function [Plasmodium vivax]
SCO74473.1           -           6848 19at5820             -           4334         0 6679.7 610.1   5  25  6.6e-196  4.1e-192  639.1  42.8   935  1311  1566  1962  1559  1971 0.95 conserved Plasmodium protein, unknown function [Plasmodium vivax]
SCO74473.1           -           6848 19at5820             -           4334         0 6679.7 610.1   6  25   1.8e-48   1.1e-44  149.8  13.2  1319  1433  2095  2229  2055  2239 0.87 conserved Plasmodium protein, unknown function [Plasmodium vivax]
SCO74473.1           -           6848 19at5820             -           4334         0 6679.7 610.1   7  25    0.0059        37   -1.4   0.0  1434  1457  2268  2291  2259  2296 0.81 conserved Plasmodium protein, unknown function [Plasmodium vivax]
SCO74473.1           -           6848 19at5820             -           4334         0 6679.7 610.1   8  25   2.2e-70   1.4e-66  222.4  21.2  1443  1616  2328  2518  2323  2525 0.91 conserved Plasmodium protein, unknown function [Plasmodium vivax]
SCO74473.1           -           6848 19at5820             -           4334         0 6679.7 610.1   9  25   3.4e-15   2.1e-11   39.3   1.9  1617  1652  2596  2631  2592  2641 0.95 conserved Plasmodium protein, unknown function [Plasmodium vivax]
SCO74473.1           -           6848 19at5820             -           4334         0 6679.7 610.1  10  25   3.5e-26   2.2e-22   75.7   7.6  1649  1725  2722  2805  2707  2811 0.88 conserved Plasmodium protein, unknown function [Plasmodium vivax]
SCO74473.1           -           6848 19at5820             -           4334         0 6679.7 610.1  11  25   2.7e-06     0.017    9.7   0.1  1724  1750  2848  2874  2844  2890 0.82 conserved Plasmodium protein, unknown function [Plasmodium vivax]
SCO74473.1           -           6848 19at5820             -           4334         0 6679.7 610.1  12  25   1.5e-47   9.5e-44  146.6   9.2  1748  1866  2957  3076  2946  3092 0.85 conserved Plasmodium protein, unknown function [Plasmodium vivax]
SCO74473.1           -           6848 19at5820             -           4334         0 6679.7 610.1  13  25         1   6.3e+03  -23.0  21.3  1839  1865  3187  3214  3156  3221 0.39 conserved Plasmodium protein, unknown function [Plasmodium vivax]
SCO74473.1           -           6848 19at5820             -           4334         0 6679.7 610.1  14  25  3.5e-108  2.2e-104  347.9  37.5  1848  2112  3255  3590  3228  3607 0.80 conserved Plasmodium protein, unknown function [Plasmodium vivax]
SCO74473.1           -           6848 19at5820             -           4334         0 6679.7 610.1  15  25   2.8e-73   1.8e-69  232.0   7.1  2111  2267  3630  3790  3623  3799 0.94 conserved Plasmodium protein, unknown function [Plasmodium vivax]
SCO74473.1           -           6848 19at5820             -           4334         0 6679.7 610.1  16  25  3.4e-152  2.1e-148  494.0  32.6  2256  2560  3827  4173  3820  4194 0.90 conserved Plasmodium protein, unknown function [Plasmodium vivax]
SCO74473.1           -           6848 19at5820             -           4334         0 6679.7 610.1  17  25   2.2e-56   1.4e-52  176.0  10.3  2557  2678  4202  4353  4191  4361 0.82 conserved Plasmodium protein, unknown function [Plasmodium vivax]
SCO74473.1           -           6848 19at5820             -           4334         0 6679.7 610.1  18  25   7.2e-24   4.5e-20   68.1   4.3  2685  2755  4457  4532  4432  4538 0.82 conserved Plasmodium protein, unknown function [Plasmodium vivax]
SCO74473.1           -           6848 19at5820             -           4334         0 6679.7 610.1  19  25  6.9e-113  4.3e-109  363.5  13.7  2746  2977  4611  4853  4587  4862 0.93 conserved Plasmodium protein, unknown function [Plasmodium vivax]
SCO74473.1           -           6848 19at5820             -           4334         0 6679.7 610.1  20  25   1.1e-05     0.066    7.8   0.0  2978  3000  4908  4930  4904  4933 0.90 conserved Plasmodium protein, unknown function [Plasmodium vivax]
SCO74473.1           -           6848 19at5820             -           4334         0 6679.7 610.1  21  25   4.3e-85   2.7e-81  271.3  30.4  2998  3231  4969  5254  4963  5264 0.83 conserved Plasmodium protein, unknown function [Plasmodium vivax]
SCO74473.1           -           6848 19at5820             -           4334         0 6679.7 610.1  22  25   6.5e-90   4.1e-86  287.3  11.0  3225  3466  5432  5720  5412  5730 0.85 conserved Plasmodium protein, unknown function [Plasmodium vivax]
SCO74473.1           -           6848 19at5820             -           4334         0 6679.7 610.1  23  25  9.3e-127  5.9e-123  409.6  21.5  3451  3691  5854  6096  5834  6099 0.94 conserved Plasmodium protein, unknown function [Plasmodium vivax]
SCO74473.1           -           6848 19at5820             -           4334         0 6679.7 610.1  24  25   1.7e-61   1.1e-57  193.0   8.7  3688  3802  6127  6244  6120  6253 0.95 conserved Plasmodium protein, unknown function [Plasmodium vivax]
SCO74473.1           -           6848 19at5820             -           4334         0 6679.7 610.1  25  25         0         0 1072.7  58.1  3801  4334  6312  6848  6304  6848 0.99 conserved Plasmodium protein, unknown function [Plasmodium vivax]
#
# Program:         hmmsearch
# Version:         3.4 (Aug 2023)
# Pipeline mode:   SEARCH
# Query file:      /v3/work/00_inventory/busco/busco_downloads/lineages/plasmodium_odb10/hmms/19at5820.hmm
# Target file:     /v3/inputs/annotations/ncbi-datasets/PvC01.proteins.fa
# Option settings: hmmsearch --domtblout /v3/work/00_inventory/busco/PvC01_proteins/run_plasmodium_odb10/hmmer_output/initial_run_results/19at5820.out --cpu 1 /v3/work/00_inventory/busco/busco_downloads/lineages/plasmodium_odb10/hmms/19at5820.hmm /v3/inputs/annotations/ncbi-datasets/PvC01.proteins.fa 
# Current dir:     /v3/work/00_inventory/busco
# Date:            Tue May 19 18:37:26 2026
# [ok]
