#                                                                            --- full sequence --- -------------- this domain -------------   hmm coord   ali coord   env coord
# target name        accession   tlen query name           accession   qlen   E-value  score  bias   #  of  c-Evalue  i-Evalue  score  bias  from    to  from    to  from    to  acc description of target
#------------------- ---------- ----- -------------------- ---------- ----- --------- ------ ----- --- --- --------- --------- ------ ----- ----- ----- ----- ----- ----- ----- ---- ---------------------
SCO72647.1           -           1451 2181at5820           -            807         0 1320.2  73.7   1   7   2.7e-30   1.7e-26   91.0   1.6     1    73     1    74     1    88 0.88 serine esterase, putative [Plasmodium vivax]
SCO72647.1           -           1451 2181at5820           -            807         0 1320.2  73.7   2   7   4.2e-61   2.6e-57  192.9   4.2    79   177   143   241   123   248 0.94 serine esterase, putative [Plasmodium vivax]
SCO72647.1           -           1451 2181at5820           -            807         0 1320.2  73.7   3   7   6.6e-05      0.42    7.0   0.0   177   205   282   311   273   338 0.80 serine esterase, putative [Plasmodium vivax]
SCO72647.1           -           1451 2181at5820           -            807         0 1320.2  73.7   4   7  4.4e-231  2.8e-227  755.1  23.9   243   593   511   867   502   885 0.96 serine esterase, putative [Plasmodium vivax]
SCO72647.1           -           1451 2181at5820           -            807         0 1320.2  73.7   5   7   6.8e-28   4.3e-24   83.0   1.5   618   686  1133  1206  1115  1212 0.85 serine esterase, putative [Plasmodium vivax]
SCO72647.1           -           1451 2181at5820           -            807         0 1320.2  73.7   6   7   7.5e-08   0.00047   16.7   1.3   683   707  1277  1301  1253  1310 0.81 serine esterase, putative [Plasmodium vivax]
SCO72647.1           -           1451 2181at5820           -            807         0 1320.2  73.7   7   7   2.7e-64   1.7e-60  203.4   1.5   705   807  1349  1451  1332  1451 0.97 serine esterase, putative [Plasmodium vivax]
#
# Program:         hmmsearch
# Version:         3.4 (Aug 2023)
# Pipeline mode:   SEARCH
# Query file:      /v3/work/00_inventory/busco/busco_downloads/lineages/plasmodium_odb10/hmms/2181at5820.hmm
# Target file:     /v3/inputs/annotations/ncbi-datasets/PvC01.proteins.fa
# Option settings: hmmsearch --domtblout /v3/work/00_inventory/busco/PvC01_proteins/run_plasmodium_odb10/hmmer_output/initial_run_results/2181at5820.out --cpu 1 /v3/work/00_inventory/busco/busco_downloads/lineages/plasmodium_odb10/hmms/2181at5820.hmm /v3/inputs/annotations/ncbi-datasets/PvC01.proteins.fa 
# Current dir:     /v3/work/00_inventory/busco
# Date:            Tue May 19 18:38:19 2026
# [ok]
