#                                                                            --- full sequence --- -------------- this domain -------------   hmm coord   ali coord   env coord
# target name        accession   tlen query name           accession   qlen   E-value  score  bias   #  of  c-Evalue  i-Evalue  score  bias  from    to  from    to  from    to  acc description of target
#------------------- ---------- ----- -------------------- ---------- ----- --------- ------ ----- --- --- --------- --------- ------ ----- ----- ----- ----- ----- ----- ----- ---- ---------------------
SCO74716.1           -            854 2259at5820           -            765         0 1614.0  22.8   1   1         0         0 1611.8  22.8     1   761    13   836    13   839 0.96 cGMP-dependent protein kinase, putative [Plasmodium vivax]
SCO75708.1           -            755 2259at5820           -            765   1.5e-45  154.3   0.3   1   1   4.4e-47   5.2e-45  152.4   0.3   505   742   433   703   427   721 0.80 rac-beta serine/threonine protein kinase, putative [Plasmodium vivax]
SCO72109.1           -            341 2259at5820           -            765   9.4e-43  145.0   1.2   1   1   9.6e-45   1.1e-42  144.7   1.2   532   727    81   283    27   310 0.88 cAMP-dependent protein kinase catalytic subunit, putative [Plasmodium vivax]
SCO72411.1           -            602 2259at5820           -            765   1.4e-33  114.6   0.1   1   1   1.8e-35   2.1e-33  114.0   0.1   500   719   157   405   150   413 0.81 calcium-dependent protein kinase 3, putative [Plasmodium vivax]
SCO75478.1           -            440 2259at5820           -            765   7.6e-30  102.3   2.5   1   1   8.7e-32     1e-29  101.9   2.5    23   259   173   421   159   432 0.88 CAMP-dependent protein kinase regulatory subunit, putative [Plasmodium vivax]
SCO74013.1           -            563 2259at5820           -            765   3.2e-29  100.2   3.9   1   1     3e-31   3.6e-29  100.1   2.7   488   709   107   353   102   365 0.75 calcium-dependent protein kinase 5, putative [Plasmodium vivax]
SCO74371.1           -            861 2259at5820           -            765   1.4e-27   94.8   3.0   1   1   2.3e-29   2.7e-27   93.8   3.0   499   714   479   721   457   732 0.75 serine/threonine protein kinase KIN, putative [Plasmodium vivax]
SCO74835.1           -            284 2259at5820           -            765   1.9e-27   94.4   4.9   1   1   8.2e-29   9.7e-27   92.0   4.9   504   690    25   238     5   275 0.69 calcium-dependent protein kinase, putative [Plasmodium vivax]
SCO71015.1           -            526 2259at5820           -            765     2e-27   94.3   1.8   1   3       4.8   5.6e+02   -3.1   0.1   496   534    51    89    45    96 0.74 calcium-dependent protein kinase 1, putative [Plasmodium vivax]
SCO71015.1           -            526 2259at5820           -            765     2e-27   94.3   1.8   2   3   1.7e-29     2e-27   94.3   1.8   539   716   124   316   114   331 0.81 calcium-dependent protein kinase 1, putative [Plasmodium vivax]
SCO71015.1           -            526 2259at5820           -            765     2e-27   94.3   1.8   3   3       6.5   7.7e+02   -3.5   0.0   350   382   485   519   453   520 0.70 calcium-dependent protein kinase 1, putative [Plasmodium vivax]
SCO70858.1           -            529 2259at5820           -            765   4.7e-27   93.1   5.3   1   1   1.3e-28   1.5e-26   91.4   5.3   492   717    60   319    48   334 0.76 calcium-dependent protein kinase 4, putative [Plasmodium vivax]
SCO72717.1           -           1966 2259at5820           -            765   5.7e-25   86.2   0.3   1   2         3   3.6e+02   -2.4   0.1   487   512   624   649   619   666 0.87 calcium-dependent protein kinase 7, putative [Plasmodium vivax]
SCO72717.1           -           1966 2259at5820           -            765   5.7e-25   86.2   0.3   2   2   4.8e-27   5.7e-25   86.2   0.3   493   722  1505  1759  1496  1789 0.76 calcium-dependent protein kinase 7, putative [Plasmodium vivax]
SCO72419.1           -           1600 2259at5820           -            765   1.8e-24   84.6   0.3   1   1   2.2e-26   2.6e-24   84.0   0.3   534   717  1381  1586  1347  1592 0.81 aurora-related kinase 2, putative [Plasmodium vivax]
SCO72714.1           -           1628 2259at5820           -            765   6.1e-24   82.8   2.5   1   1   8.8e-26     1e-23   82.0   2.5   504   684  1192  1399  1185  1416 0.77 calcium-dependent protein kinase 6, putative [Plasmodium vivax]
SCO73091.1           -            288 2259at5820           -            765   2.3e-23   80.9   0.1   1   1   2.6e-25   3.1e-23   80.4   0.1   505   684    16   225     7   250 0.78 NIMA related kinase 2, putative [Plasmodium vivax]
SCO75638.1           -            508 2259at5820           -            765   2.3e-23   80.9   0.2   1   1   2.9e-25   3.5e-23   80.3   0.2   506   697   126   330    87   355 0.75 protein kinase 2, putative [Plasmodium vivax]
SCO74414.1           -            377 2259at5820           -            765   8.4e-23   79.0   1.0   1   1   9.3e-25   1.1e-22   78.6   1.0   524   704    77   278    59   312 0.75 protein kinase, putative [Plasmodium vivax]
SCO71161.1           -           2125 2259at5820           -            765   2.1e-22   77.7   0.2   1   1   2.6e-24   3.1e-22   77.1   0.2   512   674  1720  1903  1696  1918 0.75 protein kinase, putative [Plasmodium vivax]
SCO74891.1           -           3341 2259at5820           -            765   2.3e-22   77.6  23.1   1   5   1.1e-11   1.3e-09   35.4   1.2   134   265  1928  2069  1885  2083 0.79 rap guanine nucleotide exchange factor, putative [Plasmodium vivax]
SCO74891.1           -           3341 2259at5820           -            765   2.3e-22   77.6  23.1   2   5   0.00065     0.078    9.7   0.4   394   453  2212  2277  2189  2321 0.68 rap guanine nucleotide exchange factor, putative [Plasmodium vivax]
SCO74891.1           -           3341 2259at5820           -            765   2.3e-22   77.6  23.1   3   5     0.002      0.23    8.1   2.8    18    93  2329  2407  2312  2414 0.77 rap guanine nucleotide exchange factor, putative [Plasmodium vivax]
SCO74891.1           -           3341 2259at5820           -            765   2.3e-22   77.6  23.1   4   5     0.022       2.6    4.6   0.0   439   476  2439  2478  2423  2499 0.82 rap guanine nucleotide exchange factor, putative [Plasmodium vivax]
SCO74891.1           -           3341 2259at5820           -            765   2.3e-22   77.6  23.1   5   5   4.4e-10   5.2e-08   30.1   0.1   115   235  3050  3180  2962  3192 0.83 rap guanine nucleotide exchange factor, putative [Plasmodium vivax]
SCO70874.1           -            310 2259at5820           -            765   7.2e-22   75.9   0.7   1   1   7.3e-24   8.6e-22   75.7   0.7   514   715    33   248     6   266 0.78 serine/threonine-protein kinase NEK4, putative [Plasmodium vivax]
SCO72705.1           -            561 2259at5820           -            765   2.8e-21   74.0   0.8   1   2   9.2e-14   1.1e-11   42.3   0.5   541   626    95   186    25   196 0.80 3-phosphoinositide dependent protein kinase-1, putative [Plasmodium vivax]
SCO72705.1           -            561 2259at5820           -            765   2.8e-21   74.0   0.8   2   2   5.8e-10   6.9e-08   29.7   0.0   625   718   340   431   323   446 0.91 3-phosphoinositide dependent protein kinase-1, putative [Plasmodium vivax]
SCO73518.1           -           4012 2259at5820           -            765   3.1e-20   70.5   0.3   1   1   4.3e-22   5.1e-20   69.8   0.3   541   717  1243  1429  1186  1448 0.79 aurora-related kinase 3, putative [Plasmodium vivax]
SCO75228.1           -            368 2259at5820           -            765   1.4e-18   65.0   3.5   1   1   2.7e-20   3.2e-18   63.9   3.5   493   712   100   346    67   355 0.73 serine/threonine protein kinase, putative [Plasmodium vivax]
SCO74019.1           -            305 2259at5820           -            765   3.8e-18   63.6   0.3   1   2       3.4     4e+02   -2.6   0.0   506   527    14    35    11    50 0.71 CDK-related protein kinase 6, putative [Plasmodium vivax]
SCO74019.1           -            305 2259at5820           -            765   3.8e-18   63.6   0.3   2   2   6.2e-20   7.3e-18   62.7   0.1   574   694   115   240    93   249 0.86 CDK-related protein kinase 6, putative [Plasmodium vivax]
SCO73517.1           -            288 2259at5820           -            765   7.8e-17   59.3   0.0   1   1   8.3e-19   9.9e-17   58.9   0.0   574   686    97   218     8   230 0.79 protein kinase 5 [Plasmodium vivax]
SCO74460.1           -            877 2259at5820           -            765   1.7e-16   58.2   2.5   1   2   1.5e-07   1.8e-05   21.7   1.1   505   615   552   686   542   696 0.68 protein serine/threonine kinase-1, putative [Plasmodium vivax]
SCO74460.1           -            877 2259at5820           -            765   1.7e-16   58.2   2.5   2   2     1e-11   1.2e-09   35.5   0.0   602   683   698   783   687   830 0.81 protein serine/threonine kinase-1, putative [Plasmodium vivax]
SCO70370.1           -            483 2259at5820           -            765   1.8e-16   58.1   0.2   1   1   5.2e-18   6.2e-16   56.3   0.2   573   685   206   326    80   344 0.87 glycogen synthase kinase 3, putative [Plasmodium vivax]
SCO75237.1           -            341 2259at5820           -            765   9.9e-15   52.3   0.9   1   2     0.075       8.9    2.9   0.1   485   530    13    59     5    98 0.69 protein kinase, putative [Plasmodium vivax]
SCO75237.1           -            341 2259at5820           -            765   9.9e-15   52.3   0.9   2   2   1.4e-15   1.6e-13   48.3   0.1   585   678   143   246   131   292 0.75 protein kinase, putative [Plasmodium vivax]
SCO71073.1           -           1029 2259at5820           -            765   1.3e-14   51.9   0.1   1   1   1.6e-16   1.9e-14   51.4   0.1   531   672   813   965   795   978 0.83 tyrosine kinase-like protein, putative [Plasmodium vivax]
SCO72577.1           -            335 2259at5820           -            765   3.3e-14   50.6   1.6   1   1   3.5e-16   4.2e-14   50.3   1.6   507   686    49   253    20   270 0.74 casein kinase 2, alpha subunit, putative [Plasmodium vivax]
SCO72542.1           -           1272 2259at5820           -            765   4.7e-14   50.1   1.1   1   2   1.4e-08   1.7e-06   25.1   0.4   551   611   337   400   292   414 0.77 calcium/calmodulin-dependent protein kinase, putative [Plasmodium vivax]
SCO72542.1           -           1272 2259at5820           -            765   4.7e-14   50.1   1.1   2   2   4.5e-08   5.4e-06   23.4   0.0   625   671   526   574   520   631 0.74 calcium/calmodulin-dependent protein kinase, putative [Plasmodium vivax]
SCO74767.1           -            722 2259at5820           -            765   4.9e-14   50.0   0.2   1   1   5.9e-16     7e-14   49.5   0.2   540   685    75   239    18   257 0.78 mitogen-activated protein kinase 1, putative [Plasmodium vivax]
SCO71430.1           -            612 2259at5820           -            765   9.8e-14   49.0   0.2   1   1   1.2e-15   1.4e-13   48.5   0.2   574   681   365   481   271   519 0.81 cdc2-related protein kinase 1, putative [Plasmodium vivax]
SCO73802.1           -            354 2259at5820           -            765   1.8e-13   48.1   0.0   1   1   2.1e-15   2.5e-13   47.7   0.0   526   681    73   250    36   272 0.77 serine/threonine protein kinase, putative [Plasmodium vivax]
SCO72626.1           -            575 2259at5820           -            765   6.1e-13   46.4   1.8   1   2   2.8e-11   3.3e-09   34.1   3.1   493   625   164   321   152   326 0.64 mitogen-activated protein kinase 2, putative [Plasmodium vivax]
SCO72626.1           -            575 2259at5820           -            765   6.1e-13   46.4   1.8   2   2     0.002      0.24    8.1   0.0   625   665   352   393   348   411 0.82 mitogen-activated protein kinase 2, putative [Plasmodium vivax]
SCO74469.1           -           1528 2259at5820           -            765   1.2e-12   45.4   1.0   1   2    0.0097       1.2    5.8   0.1   500   532   461   493   448   501 0.90 serine/threonine protein kinase, putative [Plasmodium vivax]
SCO74469.1           -           1528 2259at5820           -            765   1.2e-12   45.4   1.0   2   2   1.9e-12   2.2e-10   37.9   0.1   553   717   594   768   589   791 0.75 serine/threonine protein kinase, putative [Plasmodium vivax]
SCO71375.1           -           1590 2259at5820           -            765   4.4e-12   43.6   0.0   1   1   5.8e-14   6.8e-12   42.9   0.0   586   682   916  1021   898  1029 0.80 CDK-related kinase 3, putative [Plasmodium vivax]
SCO70533.1           -            721 2259at5820           -            765   4.5e-12   43.5   0.2   1   1   5.1e-14     6e-12   43.1   0.2   506   686   463   670   452   706 0.67 protein kinase, putative [Plasmodium vivax]
SCO72633.1           -            708 2259at5820           -            765   8.9e-12   42.5   0.4   1   1   1.2e-13   1.4e-11   41.8   0.4   539   676   430   580   371   598 0.69 serine/threonine-protein kinase PRP4K, putative [Plasmodium vivax]
SCO74484.1           -           1309 2259at5820           -            765   3.5e-11   40.6   0.5   1   2   8.3e-06   0.00098   16.0   0.2   549   618   922  1001   911  1016 0.70 serine/threonine protein kinase, putative [Plasmodium vivax]
SCO74484.1           -           1309 2259at5820           -            765   3.5e-11   40.6   0.5   2   2   8.2e-08   9.7e-06   22.6   0.0   612   673  1081  1145  1072  1166 0.83 serine/threonine protein kinase, putative [Plasmodium vivax]
SCO72289.1           -            325 2259at5820           -            765   7.5e-11   39.5   2.2   1   1   9.9e-12   1.2e-09   35.5   2.1   536   680    65   236    54   248 0.72 MO15-related protein kinase, putative [Plasmodium vivax]
SCO75530.1           -            978 2259at5820           -            765   1.3e-10   38.7   1.5   1   1   3.2e-12   3.8e-10   37.1   1.5   499   676    12   248     4   286 0.67 NIMA related kinase 1, putative [Plasmodium vivax]
SCO72851.1           -            323 2259at5820           -            765   1.2e-09   35.5   0.0   1   1   1.4e-11   1.7e-09   35.0   0.0   572   672    98   214    77   245 0.80 casein kinase 1, putative [Plasmodium vivax]
SCO71288.1           -            807 2259at5820           -            765     3e-09   34.2   4.8   1   3       5.7   6.7e+02   -3.3   0.1   506   552    40    95    27   122 0.64 protein kinase 1, putative [Plasmodium vivax]
SCO71288.1           -            807 2259at5820           -            765     3e-09   34.2   4.8   2   3   1.7e-05     0.002   14.9   0.2   575   633   233   291   214   305 0.74 protein kinase 1, putative [Plasmodium vivax]
SCO71288.1           -            807 2259at5820           -            765     3e-09   34.2   4.8   3   3   2.5e-07     3e-05   21.0   0.1   614   685   578   656   565   672 0.79 protein kinase 1, putative [Plasmodium vivax]
SCO73904.1           -           1730 2259at5820           -            765   3.8e-09   33.8   0.0   1   1   5.6e-11   6.7e-09   33.0   0.0   590   693  1567  1675  1545  1693 0.85 tyrosine kinase-like protein, putative [Plasmodium vivax]
SCO75714.1           -            730 2259at5820           -            765   3.4e-07   27.4   0.6   1   1   1.7e-08     2e-06   24.8   0.6   584   716   132   285    82   305 0.67 cyclin g-associated kinase, putative [Plasmodium vivax]
SCO75310.1           -            517 2259at5820           -            765   4.7e-07   26.9   3.3   1   2   1.9e-05    0.0023   14.7   1.2   517   610   242   343   218   351 0.73 calcium-dependent protein kinase 3, putative [Plasmodium vivax]
SCO75310.1           -            517 2259at5820           -            765   4.7e-07   26.9   3.3   2   2   0.00012     0.015   12.1   0.0   631   671   419   459   389   471 0.79 calcium-dependent protein kinase 3, putative [Plasmodium vivax]
SCO72484.1           -           1375 2259at5820           -            765   6.7e-07   26.4   0.3   1   2      0.17        20    1.7   0.0   585   610   187   213   175   216 0.85 serine/threonine protein kinase, putative [Plasmodium vivax]
SCO72484.1           -           1375 2259at5820           -            765   6.7e-07   26.4   0.3   2   2   8.4e-08   9.9e-06   22.5   0.0   616   686   700   773   673   797 0.74 serine/threonine protein kinase, putative [Plasmodium vivax]
SCO71044.1           -           1622 2259at5820           -            765   8.3e-07   26.1   0.0   1   2   0.00056     0.066    9.9   0.0   577   614  1197  1234  1151  1275 0.75 serine/threonine protein kinase, putative [Plasmodium vivax]
SCO71044.1           -           1622 2259at5820           -            765   8.3e-07   26.1   0.0   2   2   3.4e-05     0.004   13.9   0.0   629   686  1516  1572  1492  1607 0.82 serine/threonine protein kinase, putative [Plasmodium vivax]
SCO72047.1           -            590 2259at5820           -            765   8.7e-06   22.7   0.1   1   2     0.015       1.8    5.2   0.1   586   626   394   436   377   444 0.74 serine/threonine protein kinase, putative [Plasmodium vivax]
SCO72047.1           -            590 2259at5820           -            765   8.7e-06   22.7   0.1   2   2     1e-05    0.0012   15.7   0.0   608   677   445   519   430   530 0.82 serine/threonine protein kinase, putative [Plasmodium vivax]
SCO72017.1           -           3241 2259at5820           -            765   1.3e-05   22.2   0.1   1   1   2.2e-07   2.6e-05   21.2   0.1   532   688  2991  3189  2945  3198 0.64 protein kinase, putative [Plasmodium vivax]
SCO72935.1           -           1984 2259at5820           -            765   1.5e-05   21.9   0.0   1   1   3.6e-07   4.3e-05   20.4   0.0   543   669   138   274    46   293 0.71 serine/threonine protein kinase, putative [Plasmodium vivax]
SCO73702.1           -            791 2259at5820           -            765   0.00038   17.3   0.2   1   2   1.2e-05    0.0014   15.4   0.0   552   623   165   240   130   271 0.73 cdc2-related protein kinase 5, putative [Plasmodium vivax]
SCO73702.1           -            791 2259at5820           -            765   0.00038   17.3   0.2   2   2         1   1.2e+02   -0.9   0.1   647   673   464   491   460   504 0.77 cdc2-related protein kinase 5, putative [Plasmodium vivax]
SCO72016.1           -           1177 2259at5820           -            765     0.022   11.5   0.1   1   2     0.045       5.3    3.6   0.0   585   629   912   957   895   962 0.86 protein kinase, putative [Plasmodium vivax]
SCO72016.1           -           1177 2259at5820           -            765     0.022   11.5   0.1   2   2     0.014       1.7    5.2   0.0   623   671  1047  1095  1035  1099 0.82 protein kinase, putative [Plasmodium vivax]
#
# Program:         hmmsearch
# Version:         3.4 (Aug 2023)
# Pipeline mode:   SEARCH
# Query file:      /v3/work/00_inventory/busco/busco_downloads/lineages/plasmodium_odb10/hmms/2259at5820.hmm
# Target file:     /v3/inputs/annotations/ncbi-datasets/PvC01.proteins.fa
# Option settings: hmmsearch --domtblout /v3/work/00_inventory/busco/PvC01_proteins/run_plasmodium_odb10/hmmer_output/initial_run_results/2259at5820.out --cpu 1 /v3/work/00_inventory/busco/busco_downloads/lineages/plasmodium_odb10/hmms/2259at5820.hmm /v3/inputs/annotations/ncbi-datasets/PvC01.proteins.fa 
# Current dir:     /v3/work/00_inventory/busco
# Date:            Tue May 19 18:39:09 2026
# [ok]
