#                                                                            --- full sequence --- -------------- this domain -------------   hmm coord   ali coord   env coord
# target name        accession   tlen query name           accession   qlen   E-value  score  bias   #  of  c-Evalue  i-Evalue  score  bias  from    to  from    to  from    to  acc description of target
#------------------- ---------- ----- -------------------- ---------- ----- --------- ------ ----- --- --- --------- --------- ------ ----- ----- ----- ----- ----- ----- ----- ---- ---------------------
SCO72431.1           -           3749 240at5820            -           2846         0 3763.0  60.3   1   5  6.4e-182  1.1e-179  597.9  23.9     2   392     2   487     1   500 0.88 conserved Plasmodium protein, unknown function [Plasmodium vivax]
SCO72431.1           -           3749 240at5820            -           2846         0 3763.0  60.3   2   5   3.4e-53     6e-51  170.8  16.9   393   703   534   960   527   979 0.69 conserved Plasmodium protein, unknown function [Plasmodium vivax]
SCO72431.1           -           3749 240at5820            -           2846         0 3763.0  60.3   3   5  3.6e-187  6.4e-185  615.3   0.0   700  1401  1004  1976   995  1979 0.75 conserved Plasmodium protein, unknown function [Plasmodium vivax]
SCO72431.1           -           3749 240at5820            -           2846         0 3763.0  60.3   4   5   3.5e-87   6.3e-85  283.6   0.0  1397  1578  2007  2297  2004  2309 0.95 conserved Plasmodium protein, unknown function [Plasmodium vivax]
SCO72431.1           -           3749 240at5820            -           2846         0 3763.0  60.3   5   5         0         0 2080.2  24.3  1586  2844  2355  3747  2342  3749 0.90 conserved Plasmodium protein, unknown function [Plasmodium vivax]
SCO74844.1           -            998 240at5820            -           2846   6.4e-08   28.1  28.0   1   2       3.9   7.1e+02   -5.2   3.2  1184  2142   404   446   379   470 0.39 conserved Plasmodium protein, unknown function [Plasmodium vivax]
SCO74844.1           -            998 240at5820            -           2846   6.4e-08   28.1  28.0   2   2   3.6e-10   6.4e-08   28.1  28.0  1050  1310   487   767   479   805 0.39 conserved Plasmodium protein, unknown function [Plasmodium vivax]
SCO74651.1           -            352 240at5820            -           2846   6.1e-06   21.5  36.2   1   1     4e-08   7.2e-06   21.3  36.2  1180  1400    58   271    38   322 0.56 conserved Plasmodium protein, unknown function [Plasmodium vivax]
SCO75336.1           -            320 240at5820            -           2846   8.5e-05   17.7  61.2   1   1   5.6e-07    0.0001   17.5  61.2  1190  1343   100   256    55   281 0.36 conserved Plasmodium protein, unknown function [Plasmodium vivax]
SCO73349.1           -            944 240at5820            -           2846   0.00014   17.0  40.7   1   3      0.97   1.7e+02   -3.2   9.0  1158  1319   104   167    14   193 0.47 chromosome assembly factor 1, putative [Plasmodium vivax]
SCO73349.1           -            944 240at5820            -           2846   0.00014   17.0  40.7   2   3    0.0028       0.5    5.2  23.9  1157  1295   349   477   250   491 0.36 chromosome assembly factor 1, putative [Plasmodium vivax]
SCO73349.1           -            944 240at5820            -           2846   0.00014   17.0  40.7   3   3   7.7e-07   0.00014   17.0  40.7  1128  1347   579   791   536   799 0.44 chromosome assembly factor 1, putative [Plasmodium vivax]
SCO72539.1           -            630 240at5820            -           2846   0.00014   17.0  37.8   1   2   1.6e-05    0.0029   12.6  15.0  1256  1343   214   300   184   329 0.54 radial spoke head protein, putative [Plasmodium vivax]
SCO72539.1           -            630 240at5820            -           2846   0.00014   17.0  37.8   2   2   8.6e-05     0.016   10.2  14.8  1233  1350   381   498   367   508 0.44 radial spoke head protein, putative [Plasmodium vivax]
SCO72249.1           -            381 240at5820            -           2846   0.00047   15.3  33.4   1   1   3.3e-06   0.00058   14.9  33.4  1218  1383   101   265    51   273 0.55 conserved Plasmodium protein, unknown function [Plasmodium vivax]
SCO71724.1           -            406 240at5820            -           2846     0.019    9.9  31.1   1   1   0.00013     0.024    9.6  31.1  1210  1337   211   343   180   377 0.46 conserved Plasmodium protein, unknown function [Plasmodium vivax]
SCO71034.1           -            364 240at5820            -           2846     0.028    9.4   8.5   1   1   0.00017     0.031    9.2   8.5  1177  1334    27   193     2   298 0.48 conserved Plasmodium protein, unknown function [Plasmodium vivax]
SCO75089.1           -            385 240at5820            -           2846     0.031    9.2  40.6   1   2     8e-06    0.0014   13.6  33.5  1171  1317    78   203    16   268 0.41 Plasmodium exported protein, unknown function [Plasmodium vivax]
SCO75089.1           -            385 240at5820            -           2846     0.031    9.2  40.6   2   2      0.11        20   -0.1   0.6   228   304   302   379   286   384 0.53 Plasmodium exported protein, unknown function [Plasmodium vivax]
SCO75730.1           -            400 240at5820            -           2846     0.038    8.9  30.8   1   2   0.00075      0.13    7.1   2.9  1253  1361    74   182    24   187 0.44 conserved Plasmodium protein, unknown function [Plasmodium vivax]
SCO75730.1           -            400 240at5820            -           2846     0.038    8.9  30.8   2   2   0.00048     0.086    7.7  20.1  1242  1326   238   317   215   346 0.35 conserved Plasmodium protein, unknown function [Plasmodium vivax]
SCO75315.1           -            436 240at5820            -           2846     0.051    8.5  14.3   1   1   0.00038     0.068    8.1  14.3  1238  1355    72   191    61   199 0.53 transporter, putative [Plasmodium vivax]
SCO70510.1           -           1655 240at5820            -           2846     0.096    7.6  34.2   1   2   4.2e-05    0.0076   11.2   3.8  1261  1453   971  1168   870  1192 0.60 conserved Plasmodium protein, unknown function [Plasmodium vivax]
SCO70510.1           -           1655 240at5820            -           2846     0.096    7.6  34.2   2   2     0.027       4.8    1.9  22.5  1255  1324  1202  1265  1194  1289 0.33 conserved Plasmodium protein, unknown function [Plasmodium vivax]
SCO71796.1           -            304 240at5820            -           2846      0.15    6.9  19.5   1   1     0.001      0.18    6.7  19.5  1095  1292    97   301    91   304 0.38 conserved Plasmodium protein, unknown function [Plasmodium vivax]
SCO72122.1           -            266 240at5820            -           2846      0.18    6.7  29.9   1   1    0.0011      0.21    6.5  29.9  1139  1322    57   237    32   262 0.52 hypothetical protein, conserved [Plasmodium vivax]
SCO73319.1           -            298 240at5820            -           2846       0.2    6.5  54.8   1   1    0.0012      0.22    6.4  54.8  1152  1333    51   233    16   282 0.46 hypothetical protein, conserved [Plasmodium vivax]
SCO74523.1           -            340 240at5820            -           2846      0.23    6.3  15.5   1   1    0.0016      0.29    6.0  15.5  1248  1375    29   158    18   170 0.43 copper transporter, putative [Plasmodium vivax]
SCO75379.1           -            381 240at5820            -           2846      0.29    6.0  43.3   1   1    0.0023      0.42    5.5  43.3  1196  1407    15   224     2   236 0.54 conserved Plasmodium protein, unknown function [Plasmodium vivax]
SCO70626.1           -           1217 240at5820            -           2846      0.29    6.0  48.8   1   2   5.6e-06     0.001   14.1  37.8  1196  1306   499   613   480   663 0.47 small ribosomal subunit assembling AARP2 protein [Plasmodium vivax]
SCO70626.1           -           1217 240at5820            -           2846      0.29    6.0  48.8   2   2      0.95   1.7e+02   -3.2   3.2   625   641  1126  1142   976  1208 0.57 small ribosomal subunit assembling AARP2 protein [Plasmodium vivax]
SCO70875.1           -            876 240at5820            -           2846      0.29    6.0   5.0   1   1    0.0022       0.4    5.5   5.0  1190  1309   617   735   583   800 0.39 actin-related protein, putative [Plasmodium vivax]
SCO72751.1           -            310 240at5820            -           2846      0.83    4.5  34.7   1   1    0.0048      0.87    4.4  34.7  1174  1314    67   210    20   299 0.58 large ribosomal subunit processing factor, putative [Plasmodium vivax]
SCO71199.1           -            394 240at5820            -           2846       1.6    3.6  16.7   1   1     0.011       1.9    3.3  16.7  1218  1313   129   244    86   316 0.44 Plasmodium exported protein (PHIST), unknown function [Plasmodium vivax]
SCO71640.1           -           1752 240at5820            -           2846         2    3.2  32.3   1   1     0.015       2.7    2.8  32.3  1153  1309  1132  1282  1109  1303 0.30 conserved Plasmodium protein, unknown function [Plasmodium vivax]
SCO73062.1           -            667 240at5820            -           2846       2.1    3.1  25.7   1   1     0.016       2.9    2.7  25.7  1236  1347    34   143     3   167 0.46 RNA helicase 1, putative [Plasmodium vivax]
SCO72656.1           -           1053 240at5820            -           2846       2.2    3.0  31.6   1   2    0.0006      0.11    7.4   0.2  1283  1364   261   341   249   414 0.61 conserved Plasmodium protein, unknown function [Plasmodium vivax]
SCO72656.1           -           1053 240at5820            -           2846       2.2    3.0  31.6   2   2      0.42        75   -2.0  26.3  1225  1323   678   754   598   812 0.48 conserved Plasmodium protein, unknown function [Plasmodium vivax]
SCO70786.1           -            832 240at5820            -           2846       2.3    3.0  31.6   1   1     0.019       3.5    2.4  31.6  1233  1289   336   397   290   411 0.26 conserved Plasmodium protein, unknown function [Plasmodium vivax]
SCO71726.1           -            343 240at5820            -           2846       2.4    2.9  23.7   1   1     0.018       3.3    2.5  23.7  1177  1329   161   313   126   333 0.30 hypothetical protein, conserved [Plasmodium vivax]
SCO75023.1           -            132 240at5820            -           2846       3.1    2.6  20.7   1   1     0.019       3.3    2.5  20.7  1253  1330    13    89     1   109 0.37 conserved Plasmodium protein, unknown function [Plasmodium vivax]
SCO75184.1           -            158 240at5820            -           2846       3.1    2.6  21.1   1   1     0.017       3.1    2.6  21.1  1243  1311    89   154    45   158 0.42 RNA-binding protein, putative [Plasmodium vivax]
SCO75686.1           -            205 240at5820            -           2846       3.5    2.4  30.9   1   1     0.023       4.1    2.2  30.9   395  1318    37   167    21   203 0.34 conserved Plasmodium protein, unknown function [Plasmodium vivax]
SCO71430.1           -            612 240at5820            -           2846       4.7    2.0  21.0   1   1     0.037       6.6    1.5  21.0  1151  1287   106   248    27   326 0.61 cdc2-related protein kinase 1, putative [Plasmodium vivax]
SCO71723.1           -            670 240at5820            -           2846       5.9    1.7  13.9   1   1     0.041       7.4    1.3  13.9  1214  1295   522   602   474   661 0.59 Merozoite surface protein (SPAM), putative [Plasmodium vivax]
SCO73259.1           -            143 240at5820            -           2846       6.8    1.4  18.7   1   1     0.038       6.8    1.4  18.7  1232  1293    51   112     2   136 0.38 conserved Plasmodium protein, unknown function [Plasmodium vivax]
SCO74974.1           -            219 240at5820            -           2846       7.3    1.4   8.3   1   1     0.047       8.5    1.1   8.3  1231  1317    65   149    38   173 0.33 conserved Plasmodium protein, unknown function [Plasmodium vivax]
SCO74036.1           -            420 240at5820            -           2846       9.3    1.0  24.0   1   1      0.07        13    0.6  24.0  1156  1310    61   215    39   245 0.29 MSP7-like protein [Plasmodium vivax]
#
# Program:         hmmsearch
# Version:         3.4 (Aug 2023)
# Pipeline mode:   SEARCH
# Query file:      /v3/work/00_inventory/busco/busco_downloads/lineages/plasmodium_odb10/hmms/240at5820.hmm
# Target file:     /v3/inputs/annotations/ncbi-datasets/PvC01.proteins.fa
# Option settings: hmmsearch --domtblout /v3/work/00_inventory/busco/PvC01_proteins/run_plasmodium_odb10/hmmer_output/initial_run_results/240at5820.out --cpu 1 /v3/work/00_inventory/busco/busco_downloads/lineages/plasmodium_odb10/hmms/240at5820.hmm /v3/inputs/annotations/ncbi-datasets/PvC01.proteins.fa 
# Current dir:     /v3/work/00_inventory/busco
# Date:            Tue May 19 18:40:10 2026
# [ok]
