#                                                                            --- full sequence --- -------------- this domain -------------   hmm coord   ali coord   env coord
# target name        accession   tlen query name           accession   qlen   E-value  score  bias   #  of  c-Evalue  i-Evalue  score  bias  from    to  from    to  from    to  acc description of target
#------------------- ---------- ----- -------------------- ---------- ----- --------- ------ ----- --- --- --------- --------- ------ ----- ----- ----- ----- ----- ----- ----- ---- ---------------------
SCO71961.1           -           1244 2479at5820           -            888         0 1263.2  91.0   1   7     9e-36   5.7e-32  109.5  10.6     3    76    57   132    51   138 0.91 conserved Plasmodium protein, unknown function [Plasmodium vivax]
SCO71961.1           -           1244 2479at5820           -            888         0 1263.2  91.0   2   7   1.6e-40     1e-36  125.2   0.7    81   163   180   262   173   271 0.95 conserved Plasmodium protein, unknown function [Plasmodium vivax]
SCO71961.1           -           1244 2479at5820           -            888         0 1263.2  91.0   3   7   1.4e-10   8.9e-07   26.1   0.0   150   194   281   326   276   334 0.88 conserved Plasmodium protein, unknown function [Plasmodium vivax]
SCO71961.1           -           1244 2479at5820           -            888         0 1263.2  91.0   4   7    6e-102   3.7e-98  328.5  23.7   190   401   367   597   365   599 0.92 conserved Plasmodium protein, unknown function [Plasmodium vivax]
SCO71961.1           -           1244 2479at5820           -            888         0 1263.2  91.0   5   7   2.1e-56   1.3e-52  177.7   2.8   407   545   651   808   646   814 0.91 conserved Plasmodium protein, unknown function [Plasmodium vivax]
SCO71961.1           -           1244 2479at5820           -            888         0 1263.2  91.0   6   7  1.1e-119  6.9e-116  387.1  18.0   544   763   843  1066   832  1074 0.97 conserved Plasmodium protein, unknown function [Plasmodium vivax]
SCO71961.1           -           1244 2479at5820           -            888         0 1263.2  91.0   7   7   3.5e-43   2.2e-39  134.0   0.0   774   888  1099  1232  1093  1232 0.91 conserved Plasmodium protein, unknown function [Plasmodium vivax]
#
# Program:         hmmsearch
# Version:         3.4 (Aug 2023)
# Pipeline mode:   SEARCH
# Query file:      /v3/work/00_inventory/busco/busco_downloads/lineages/plasmodium_odb10/hmms/2479at5820.hmm
# Target file:     /v3/inputs/annotations/ncbi-datasets/PvC01.proteins.fa
# Option settings: hmmsearch --domtblout /v3/work/00_inventory/busco/PvC01_proteins/run_plasmodium_odb10/hmmer_output/initial_run_results/2479at5820.out --cpu 1 /v3/work/00_inventory/busco/busco_downloads/lineages/plasmodium_odb10/hmms/2479at5820.hmm /v3/inputs/annotations/ncbi-datasets/PvC01.proteins.fa 
# Current dir:     /v3/work/00_inventory/busco
# Date:            Tue May 19 18:40:30 2026
# [ok]
