#                                                                            --- full sequence --- -------------- this domain -------------   hmm coord   ali coord   env coord
# target name        accession   tlen query name           accession   qlen   E-value  score  bias   #  of  c-Evalue  i-Evalue  score  bias  from    to  from    to  from    to  acc description of target
#------------------- ---------- ----- -------------------- ---------- ----- --------- ------ ----- --- --- --------- --------- ------ ----- ----- ----- ----- ----- ----- ----- ---- ---------------------
SCO73693.1           -           1272 3192at5820           -            866  2.8e-298  990.2  36.7   1   8   0.00051       3.2    4.1   0.0     9    27    72    90    66   105 0.81 conserved Plasmodium protein, unknown function [Plasmodium vivax]
SCO73693.1           -           1272 3192at5820           -            866  2.8e-298  990.2  36.7   2   8     5e-39   3.1e-35  119.9   1.3    14   118   108   230   101   233 0.84 conserved Plasmodium protein, unknown function [Plasmodium vivax]
SCO73693.1           -           1272 3192at5820           -            866  2.8e-298  990.2  36.7   3   8   2.6e-89   1.6e-85  286.3   1.4   117   318   253   485   250   490 0.89 conserved Plasmodium protein, unknown function [Plasmodium vivax]
SCO73693.1           -           1272 3192at5820           -            866  2.8e-298  990.2  36.7   4   8   1.9e-17   1.2e-13   48.5   0.0   318   385   512   593   508   607 0.83 conserved Plasmodium protein, unknown function [Plasmodium vivax]
SCO73693.1           -           1272 3192at5820           -            866  2.8e-298  990.2  36.7   5   8   2.8e-24   1.8e-20   71.1   0.0   375   479   623   747   613   753 0.85 conserved Plasmodium protein, unknown function [Plasmodium vivax]
SCO73693.1           -           1272 3192at5820           -            866  2.8e-298  990.2  36.7   6   8   2.2e-30   1.4e-26   91.3   0.0   482   568   772   869   765   873 0.88 conserved Plasmodium protein, unknown function [Plasmodium vivax]
SCO73693.1           -           1272 3192at5820           -            866  2.8e-298  990.2  36.7   7   8     4e-39   2.5e-35  120.2   0.1   560   676   896  1032   889  1035 0.85 conserved Plasmodium protein, unknown function [Plasmodium vivax]
SCO73693.1           -           1272 3192at5820           -            866  2.8e-298  990.2  36.7   8   8   4.9e-80   3.1e-76  255.6  14.0   675   865  1054  1271  1049  1272 0.91 conserved Plasmodium protein, unknown function [Plasmodium vivax]
#
# Program:         hmmsearch
# Version:         3.4 (Aug 2023)
# Pipeline mode:   SEARCH
# Query file:      /v3/work/00_inventory/busco/busco_downloads/lineages/plasmodium_odb10/hmms/3192at5820.hmm
# Target file:     /v3/inputs/annotations/ncbi-datasets/PvC01.proteins.fa
# Option settings: hmmsearch --domtblout /v3/work/00_inventory/busco/PvC01_proteins/run_plasmodium_odb10/hmmer_output/initial_run_results/3192at5820.out --cpu 1 /v3/work/00_inventory/busco/busco_downloads/lineages/plasmodium_odb10/hmms/3192at5820.hmm /v3/inputs/annotations/ncbi-datasets/PvC01.proteins.fa 
# Current dir:     /v3/work/00_inventory/busco
# Date:            Tue May 19 18:37:51 2026
# [ok]
