#                                                                            --- full sequence --- -------------- this domain -------------   hmm coord   ali coord   env coord
# target name        accession   tlen query name           accession   qlen   E-value  score  bias   #  of  c-Evalue  i-Evalue  score  bias  from    to  from    to  from    to  acc description of target
#------------------- ---------- ----- -------------------- ---------- ----- --------- ------ ----- --- --- --------- --------- ------ ----- ----- ----- ----- ----- ----- ----- ---- ---------------------
SCO74480.1           -            834 3489at5820           -            618         0 1073.5  98.4   1   6     2e-88   1.8e-85  286.3  18.3     1   157     1   165     1   171 0.95 WD repeat-containing protein, putative [Plasmodium vivax]
SCO74480.1           -            834 3489at5820           -            618         0 1073.5  98.4   2   6   1.5e-81   1.3e-78  263.5   2.4   156   306   197   358   190   366 0.93 WD repeat-containing protein, putative [Plasmodium vivax]
SCO74480.1           -            834 3489at5820           -            618         0 1073.5  98.4   3   6   3.4e-66   3.1e-63  212.8  25.0   300   415   400   515   383   533 0.92 WD repeat-containing protein, putative [Plasmodium vivax]
SCO74480.1           -            834 3489at5820           -            618         0 1073.5  98.4   4   6   6.7e-12     6e-09   33.5   5.4   414   463   540   594   518   608 0.77 WD repeat-containing protein, putative [Plasmodium vivax]
SCO74480.1           -            834 3489at5820           -            618         0 1073.5  98.4   5   6   2.3e-35     2e-32  111.0   4.6   444   519   611   686   595   697 0.86 WD repeat-containing protein, putative [Plasmodium vivax]
SCO74480.1           -            834 3489at5820           -            618         0 1073.5  98.4   6   6     3e-61   2.7e-58  196.5   4.6   512   618   715   834   700   834 0.87 WD repeat-containing protein, putative [Plasmodium vivax]
SCO71232.1           -            322 3489at5820           -            618   9.1e-07   26.3   2.0   1   4   4.9e-05     0.044   10.8   0.0   334   388    87   142    49   153 0.80 receptor for activated c kinase, putative [Plasmodium vivax]
SCO71232.1           -            322 3489at5820           -            618   9.1e-07   26.3   2.0   2   4     0.031        28    1.5   0.0   217   253   152   189   143   199 0.69 receptor for activated c kinase, putative [Plasmodium vivax]
SCO71232.1           -            322 3489at5820           -            618   9.1e-07   26.3   2.0   3   4   5.2e-05     0.046   10.7   0.0    64   134   203   271   191   289 0.84 receptor for activated c kinase, putative [Plasmodium vivax]
SCO71232.1           -            322 3489at5820           -            618   9.1e-07   26.3   2.0   4   4      0.16   1.5e+02   -0.9   0.0    67    90   294   317   284   321 0.84 receptor for activated c kinase, putative [Plasmodium vivax]
SCO73245.1           -            646 3489at5820           -            618   1.2e-06   25.9   3.8   1   3         7   6.3e+03  -25.2  29.4   303   331    64    94    16   319 0.47 WD repeat-containing protein, putative [Plasmodium vivax]
SCO73245.1           -            646 3489at5820           -            618   1.2e-06   25.9   3.8   2   3   3.8e-06    0.0034   14.5   0.1   301   393   390   483   358   507 0.77 WD repeat-containing protein, putative [Plasmodium vivax]
SCO73245.1           -            646 3489at5820           -            618   1.2e-06   25.9   3.8   3   3   4.7e-08   4.2e-05   20.8   0.8    54   142   526   614   508   631 0.88 WD repeat-containing protein, putative [Plasmodium vivax]
SCO72485.1           -            595 3489at5820           -            618   1.3e-06   25.8   0.4   1   5         7   6.3e+03   -8.2  12.1   324   467    46   187    38   209 0.52 pre-mRNA-splicing factor PRP46, putative [Plasmodium vivax]
SCO72485.1           -            595 3489at5820           -            618   1.3e-06   25.8   0.4   2   5   1.4e-09   1.3e-06   25.8   0.4    74   140   294   360   279   366 0.86 pre-mRNA-splicing factor PRP46, putative [Plasmodium vivax]
SCO72485.1           -            595 3489at5820           -            618   1.3e-06   25.8   0.4   3   5    0.0011         1    6.3   0.1   224   254   368   397   356   416 0.68 pre-mRNA-splicing factor PRP46, putative [Plasmodium vivax]
SCO72485.1           -            595 3489at5820           -            618   1.3e-06   25.8   0.4   4   5     0.037        34    1.3   0.1    77   156   423   501   407   512 0.71 pre-mRNA-splicing factor PRP46, putative [Plasmodium vivax]
SCO72485.1           -            595 3489at5820           -            618   1.3e-06   25.8   0.4   5   5      0.62   5.6e+02   -2.8   0.0   543   572   511   540   503   557 0.80 pre-mRNA-splicing factor PRP46, putative [Plasmodium vivax]
SCO72943.1           -            660 3489at5820           -            618     4e-06   24.1   9.7   1   5     0.005       4.5    4.2   0.3   184   253    81   153    46   164 0.66 ribosome assembly protein 4, putative [Plasmodium vivax]
SCO72943.1           -            660 3489at5820           -            618     4e-06   24.1   9.7   2   5   0.00046      0.41    7.6   0.0    59   107   162   210   153   215 0.85 ribosome assembly protein 4, putative [Plasmodium vivax]
SCO72943.1           -            660 3489at5820           -            618     4e-06   24.1   9.7   3   5     0.012        11    2.9   1.4   333   456   341   471   335   488 0.72 ribosome assembly protein 4, putative [Plasmodium vivax]
SCO72943.1           -            660 3489at5820           -            618     4e-06   24.1   9.7   4   5   4.9e-05     0.044   10.8   0.0    64   131   498   565   484   576 0.91 ribosome assembly protein 4, putative [Plasmodium vivax]
SCO72943.1           -            660 3489at5820           -            618     4e-06   24.1   9.7   5   5      0.17   1.5e+02   -0.9   0.0   236   249   645   658   614   659 0.69 ribosome assembly protein 4, putative [Plasmodium vivax]
SCO71350.1           -            458 3489at5820           -            618   5.9e-05   20.3   0.2   1   2      0.44     4e+02   -2.3   0.0   327   351   158   182   149   187 0.67 ribosome assembly protein RRB1, putative [Plasmodium vivax]
SCO71350.1           -            458 3489at5820           -            618   5.9e-05   20.3   0.2   2   2   1.5e-07   0.00013   19.1   0.1   194   255   299   361   291   412 0.75 ribosome assembly protein RRB1, putative [Plasmodium vivax]
SCO70813.1           -            499 3489at5820           -            618   7.3e-05   20.0   9.0   1   3   1.9e-05     0.017   12.2   0.3   201   252    46    97    31   107 0.88 protein SOF1, putative [Plasmodium vivax]
SCO70813.1           -            499 3489at5820           -            618   7.3e-05   20.0   9.0   2   3   1.8e-07   0.00016   18.9   0.4    79   129    85   135    68   142 0.86 protein SOF1, putative [Plasmodium vivax]
SCO70813.1           -            499 3489at5820           -            618   7.3e-05   20.0   9.0   3   3     0.015        13    2.6   2.1   327   442   346   461   302   480 0.68 protein SOF1, putative [Plasmodium vivax]
#
# Program:         hmmsearch
# Version:         3.4 (Aug 2023)
# Pipeline mode:   SEARCH
# Query file:      /v3/work/00_inventory/busco/busco_downloads/lineages/plasmodium_odb10/hmms/3489at5820.hmm
# Target file:     /v3/inputs/annotations/ncbi-datasets/PvC01.proteins.fa
# Option settings: hmmsearch --domtblout /v3/work/00_inventory/busco/PvC01_proteins/run_plasmodium_odb10/hmmer_output/initial_run_results/3489at5820.out --cpu 1 /v3/work/00_inventory/busco/busco_downloads/lineages/plasmodium_odb10/hmms/3489at5820.hmm /v3/inputs/annotations/ncbi-datasets/PvC01.proteins.fa 
# Current dir:     /v3/work/00_inventory/busco
# Date:            Tue May 19 18:39:01 2026
# [ok]
