#                                                                            --- full sequence --- -------------- this domain -------------   hmm coord   ali coord   env coord
# target name        accession   tlen query name           accession   qlen   E-value  score  bias   #  of  c-Evalue  i-Evalue  score  bias  from    to  from    to  from    to  acc description of target
#------------------- ---------- ----- -------------------- ---------- ----- --------- ------ ----- --- --- --------- --------- ------ ----- ----- ----- ----- ----- ----- ----- ---- ---------------------
SCO74263.1           -            702 3507at5820           -            595         0 1300.5  28.7   1   2   2.2e-40   6.2e-38  129.0   8.8     9    79    42   117    36   124 0.93 ATP-dependent zinc metalloprotease FTSH, putative [Plasmodium vivax]
SCO74263.1           -            702 3507at5820           -            595         0 1300.5  28.7   2   2         0         0 1177.5  11.9    79   595   178   702   157   702 0.98 ATP-dependent zinc metalloprotease FTSH, putative [Plasmodium vivax]
SCO75646.1           -            896 3507at5820           -            595    8e-110  366.4   0.1   1   1  2.8e-112    8e-110  366.4   0.1   141   570   159   601   148   608 0.91 ATP-dependent zinc metalloprotease FTSH 1, putative [Plasmodium vivax]
SCO70456.1           -           1089 3507at5820           -            595  1.3e-107  359.1   0.4   1   2   1.7e-53   4.9e-51  172.3   0.1   140   371   473   705   467   724 0.96 AAA family ATPase, CDC48 subfamily, putative [Plasmodium vivax]
SCO70456.1           -           1089 3507at5820           -            595  1.3e-107  359.1   0.4   2   2   2.7e-57   7.8e-55  184.8   0.0   139   357   792  1012   768  1024 0.93 AAA family ATPase, CDC48 subfamily, putative [Plasmodium vivax]
SCO73665.1           -            822 3507at5820           -            595     7e-97  323.7   0.0   1   2   1.9e-48   5.5e-46  155.6   0.0   140   371   204   436   199   452 0.96 AAA family ATPase, CDC48 subfamily, putative [Plasmodium vivax]
SCO73665.1           -            822 3507at5820           -            595     7e-97  323.7   0.0   2   2   1.4e-51     4e-49  166.0   0.0   132   371   471   712   450   759 0.88 AAA family ATPase, CDC48 subfamily, putative [Plasmodium vivax]
SCO72682.1           -            950 3507at5820           -            595   1.7e-94  315.8   0.0   1   1   1.1e-96   3.1e-94  314.9   0.0   138   566   397   841   324   854 0.87 ATP-dependent zinc metalloprotease FTSH, putative [Plasmodium vivax]
SCO74938.1           -           1172 3507at5820           -            595   1.3e-57  194.0   7.1   1   3   0.00014     0.039   10.8   0.1   145   199   345   400   332   419 0.76 AAA family ATPase, putative [Plasmodium vivax]
SCO74938.1           -           1172 3507at5820           -            595   1.3e-57  194.0   7.1   2   3     1e-16     3e-14   50.8   0.9   224   356   478   613   470   624 0.82 AAA family ATPase, putative [Plasmodium vivax]
SCO74938.1           -           1172 3507at5820           -            595   1.3e-57  194.0   7.1   3   3     5e-42   1.4e-39  134.4   0.1   133   321   755   944   742   955 0.93 AAA family ATPase, putative [Plasmodium vivax]
SCO75192.1           -            420 3507at5820           -            595   2.4e-56  189.8   0.0   1   1   1.3e-58   3.8e-56  189.1   0.0   136   386   155   409   146   415 0.93 26S protease regulatory subunit 7, putative [Plasmodium vivax]
SCO75140.1           -            393 3507at5820           -            595   2.6e-54  183.1   0.1   1   1   1.4e-56   4.1e-54  182.5   0.1   138   356   132   354   115   367 0.94 26S protease regulatory subunit 10B, putative [Plasmodium vivax]
SCO75728.1           -            424 3507at5820           -            595   4.5e-54  182.3   0.3   1   1   2.3e-56   6.7e-54  181.7   0.3   133   381   157   409   149   417 0.93 26S protease regulatory subunit 8, putative [Plasmodium vivax]
SCO72789.1           -            441 3507at5820           -            595   1.6e-53  180.5   0.1   1   1   9.9e-56   2.8e-53  179.7   0.1   140   369   185   418   172   438 0.89 26S protease regulatory subunit 6A, putative [Plasmodium vivax]
SCO75326.1           -           1070 3507at5820           -            595   2.6e-53  179.8   1.4   1   2   2.5e-08   7.1e-06   23.1   0.0   177   347   243   403   201   423 0.73 AAA family ATPase, putative [Plasmodium vivax]
SCO75326.1           -           1070 3507at5820           -            595   2.6e-53  179.8   1.4   2   2   3.2e-48   9.1e-46  154.9   0.9   132   370   564   802   542   812 0.88 AAA family ATPase, putative [Plasmodium vivax]
SCO72225.1           -            447 3507at5820           -            595   8.7e-52  174.8   0.1   1   1   4.2e-54   1.2e-51  174.3   0.1   141   368   190   421   155   442 0.89 26S protease regulatory subunit 4, putative [Plasmodium vivax]
SCO71358.1           -            392 3507at5820           -            595     3e-50  169.7   0.1   1   1   1.8e-52   5.2e-50  168.9   0.1   136   379   131   378    97   387 0.93 26S protease regulatory subunit 6B, putative [Plasmodium vivax]
SCO74338.1           -            442 3507at5820           -            595   9.8e-34  115.1   0.8   1   1   4.9e-36   1.4e-33  114.6   0.8    54   324    30   298     7   299 0.78 vacuolar protein sorting-associated protein 4, putative [Plasmodium vivax]
SCO72479.1           -            785 3507at5820           -            595   2.7e-30  103.8   0.3   1   2   8.8e-28   2.5e-25   87.4   0.1   169   353   282   482   238   501 0.85 N-ethylmaleimide-sensitive fusion protein, putative [Plasmodium vivax]
SCO72479.1           -            785 3507at5820           -            595   2.7e-30  103.8   0.3   2   2   1.2e-05    0.0034   14.3   0.0   178   291   572   687   556   715 0.82 N-ethylmaleimide-sensitive fusion protein, putative [Plasmodium vivax]
SCO70800.1           -            700 3507at5820           -            595   9.4e-28   95.4   0.2   1   2       4.6   1.3e+03   -4.2   0.0   155   175    74    94    71    97 0.87 AAA family ATPase, putative [Plasmodium vivax]
SCO70800.1           -            700 3507at5820           -            595   9.4e-28   95.4   0.2   2   2   6.4e-30   1.8e-27   94.4   0.1   137   325   418   606   397   639 0.87 AAA family ATPase, putative [Plasmodium vivax]
SCO70511.1           -           1157 3507at5820           -            595   5.1e-27   93.0   0.0   1   2   1.8e-24     5e-22   76.5   0.0   141   275   535   678   526   687 0.84 AAA family ATPase, putative [Plasmodium vivax]
SCO70511.1           -           1157 3507at5820           -            595   5.1e-27   93.0   0.0   2   2   1.4e-05    0.0039   14.1   0.0   275   325   762   812   745   819 0.86 AAA family ATPase, putative [Plasmodium vivax]
SCO70418.1           -            665 3507at5820           -            595     1e-14   52.3   0.1   1   1   3.6e-17     1e-14   52.3   0.1   152   357   319   538   311   557 0.71 AAA family ATPase, putative [Plasmodium vivax]
SCO72878.1           -            627 3507at5820           -            595   7.9e-06   23.0   0.0   1   1   4.5e-08   1.3e-05   22.3   0.0   164   321   333   509   294   521 0.71 AAA family ATPase, putative [Plasmodium vivax]
SCO70489.1           -            976 3507at5820           -            595   1.7e-05   21.9   0.0   1   1   8.8e-08   2.5e-05   21.3   0.0   174   253   732   813   728   843 0.86 AAA family ATPase, putative [Plasmodium vivax]
SCO73823.1           -            483 3507at5820           -            595   1.7e-05   21.9   0.0   1   2     0.006       1.7    5.4   0.0   155   201   233   279   225   297 0.85 mitochondrial chaperone BCS1, putative [Plasmodium vivax]
SCO73823.1           -            483 3507at5820           -            595   1.7e-05   21.9   0.0   2   2   1.4e-05     0.004   14.1   0.0   262   322   365   422   349   433 0.87 mitochondrial chaperone BCS1, putative [Plasmodium vivax]
SCO73465.1           -            483 3507at5820           -            595   0.00023   18.2   0.8   1   1   1.6e-06   0.00047   17.1   0.1   172   213    59   102    52   117 0.82 RuvB-like helicase 3, putative [Plasmodium vivax]
#
# Program:         hmmsearch
# Version:         3.4 (Aug 2023)
# Pipeline mode:   SEARCH
# Query file:      /v3/work/00_inventory/busco/busco_downloads/lineages/plasmodium_odb10/hmms/3507at5820.hmm
# Target file:     /v3/inputs/annotations/ncbi-datasets/PvC01.proteins.fa
# Option settings: hmmsearch --domtblout /v3/work/00_inventory/busco/PvC01_proteins/run_plasmodium_odb10/hmmer_output/initial_run_results/3507at5820.out --cpu 1 /v3/work/00_inventory/busco/busco_downloads/lineages/plasmodium_odb10/hmms/3507at5820.hmm /v3/inputs/annotations/ncbi-datasets/PvC01.proteins.fa 
# Current dir:     /v3/work/00_inventory/busco
# Date:            Tue May 19 18:39:14 2026
# [ok]
