#                                                                            --- full sequence --- -------------- this domain -------------   hmm coord   ali coord   env coord
# target name        accession   tlen query name           accession   qlen   E-value  score  bias   #  of  c-Evalue  i-Evalue  score  bias  from    to  from    to  from    to  acc description of target
#------------------- ---------- ----- -------------------- ---------- ----- --------- ------ ----- --- --- --------- --------- ------ ----- ----- ----- ----- ----- ----- ----- ---- ---------------------
SCO72653.1           -            690 3676at5820           -            548         0 1042.7  33.4   1   3  7.5e-110  2.5e-107  358.2   5.2     9   196    22   212     8   232 0.91 dipeptidyl aminopeptidase 1, putative [Plasmodium vivax]
SCO72653.1           -            690 3676at5820           -            548         0 1042.7  33.4   2   3  1.2e-110    4e-108  360.8   6.3   187   386   251   477   245   483 0.89 dipeptidyl aminopeptidase 1, putative [Plasmodium vivax]
SCO72653.1           -            690 3676at5820           -            548         0 1042.7  33.4   3   3  7.2e-103  2.4e-100  335.1   6.0   390   548   527   690   511   690 0.96 dipeptidyl aminopeptidase 1, putative [Plasmodium vivax]
SCO75717.1           -            611 3676at5820           -            548   8.3e-99  330.0   0.4   1   1  3.7e-101   1.2e-98  329.5   0.4     3   537     9   564     7   570 0.81 dipeptidyl aminopeptidase 2, putative [Plasmodium vivax]
SCO70769.1           -            762 3676at5820           -            548   4.1e-25   86.8  19.4   1   4      0.49   1.6e+02   -1.0   0.0    11    30    16    35     4    42 0.85 dipeptidyl aminopeptidase 3, putative [Plasmodium vivax]
SCO70769.1           -            762 3676at5820           -            548   4.1e-25   86.8  19.4   2   4   1.1e-10   3.7e-08   30.8   1.8   291   372   379   455   367   462 0.82 dipeptidyl aminopeptidase 3, putative [Plasmodium vivax]
SCO70769.1           -            762 3676at5820           -            548   4.1e-25   86.8  19.4   3   4   1.2e-11   3.9e-09   34.1   0.7   419   492   621   690   611   710 0.80 dipeptidyl aminopeptidase 3, putative [Plasmodium vivax]
SCO70769.1           -            762 3676at5820           -            548   4.1e-25   86.8  19.4   4   4   1.6e-10   5.1e-08   30.4   2.8   486   527   712   753   701   760 0.88 dipeptidyl aminopeptidase 3, putative [Plasmodium vivax]
SCO72640.1           -            495 3676at5820           -            548     8e-11   39.6   8.4   1   3   7.2e-07   0.00024   18.3   0.1   285   381   274   366   177   380 0.83 vivapain-2 [Plasmodium vivax]
SCO72640.1           -            495 3676at5820           -            548     8e-11   39.6   8.4   2   3       1.3   4.5e+02   -2.4   0.0   427   448   395   416   388   420 0.86 vivapain-2 [Plasmodium vivax]
SCO72640.1           -            495 3676at5820           -            548     8e-11   39.6   8.4   3   3   1.2e-08     4e-06   24.1   2.5   474   514   425   471   419   483 0.81 vivapain-2 [Plasmodium vivax]
SCO71115.1           -           1119 3676at5820           -            548   1.9e-09   35.1   3.7   1   1   8.7e-12   2.9e-09   34.5   3.2   463   518   735   792   634   812 0.89 cysteine protease, putative [Plasmodium vivax]
SCO72641.1           -            487 3676at5820           -            548   5.5e-09   33.6  10.3   1   2   8.2e-06    0.0027   14.8   2.6   291   386   278   365    97   374 0.87 vivapain-2 [Plasmodium vivax]
SCO72641.1           -            487 3676at5820           -            548   5.5e-09   33.6  10.3   2   2     3e-08     1e-05   22.8   0.7   471   517   416   468   407   473 0.78 vivapain-2 [Plasmodium vivax]
SCO71110.1           -           1014 3676at5820           -            548   3.1e-08   31.1   0.6   1   1   1.7e-10   5.5e-08   30.3   0.6   464   513   692   742   687   762 0.88 cysteine protease, putative [Plasmodium vivax]
SCO71120.1           -           1009 3676at5820           -            548     6e-08   30.2   3.1   1   2      0.51   1.7e+02   -1.0   0.1   275   308   554   591   494   599 0.74 cysteine protease, putative [Plasmodium vivax]
SCO71120.1           -           1009 3676at5820           -            548     6e-08   30.2   3.1   2   2   1.8e-10     6e-08   30.2   3.1   464   513   738   788   732   810 0.80 cysteine protease, putative [Plasmodium vivax]
SCO71113.1           -           1066 3676at5820           -            548     1e-07   29.4   0.1   1   1     5e-10   1.7e-07   28.7   0.1   464   513   716   766   620   786 0.90 cysteine protease, putative [Plasmodium vivax]
SCO71121.1           -           1086 3676at5820           -            548   1.2e-07   29.2   2.6   1   2      0.46   1.5e+02   -0.9   0.2   347   384   580   621   511   649 0.51 cysteine protease, putative [Plasmodium vivax]
SCO71121.1           -           1086 3676at5820           -            548   1.2e-07   29.2   2.6   2   2   3.5e-10   1.2e-07   29.2   2.6   463   513   696   747   670   760 0.90 cysteine protease, putative [Plasmodium vivax]
SCO71111.1           -           1233 3676at5820           -            548   1.3e-07   29.1   6.5   1   1   2.2e-09   7.3e-07   26.6   6.5   361   513   736   887   605   907 0.67 cysteine protease, putative [Plasmodium vivax]
SCO71118.1           -           1038 3676at5820           -            548     3e-07   27.8   0.3   1   1   1.7e-09   5.6e-07   27.0   0.3   464   513   708   758   690   776 0.86 cysteine protease, putative [Plasmodium vivax]
SCO71114.1           -           1048 3676at5820           -            548   4.1e-07   27.4   0.5   1   2       1.4   4.7e+02   -2.5   0.9   226   338   321   434   313   445 0.62 cysteine protease, putative [Plasmodium vivax]
SCO71114.1           -           1048 3676at5820           -            548   4.1e-07   27.4   0.5   2   2   1.2e-09   4.1e-07   27.4   0.5   464   513   702   752   683   768 0.88 cysteine protease, putative [Plasmodium vivax]
SCO71116.1           -           1088 3676at5820           -            548     7e-07   26.6   1.1   1   1   3.8e-09   1.3e-06   25.8   1.1   463   513   746   797   651   816 0.92 cysteine protease, putative [Plasmodium vivax]
SCO71122.1           -            706 3676at5820           -            548   2.1e-06   25.0   1.5   1   3      0.59     2e+02   -1.2   0.1   284   306   254   277   241   293 0.68 serine-repeat antigen (SERA) [Plasmodium vivax]
SCO71122.1           -            706 3676at5820           -            548   2.1e-06   25.0   1.5   2   3       0.9     3e+02   -1.8   0.0   414   429   433   448   430   449 0.88 serine-repeat antigen (SERA) [Plasmodium vivax]
SCO71122.1           -            706 3676at5820           -            548   2.1e-06   25.0   1.5   3   3   6.5e-09   2.1e-06   25.0   1.5   474   513   449   489   435   495 0.87 serine-repeat antigen (SERA) [Plasmodium vivax]
SCO71119.1           -           1074 3676at5820           -            548   3.4e-06   24.4   0.5   1   1   1.6e-08   5.4e-06   23.7   0.5   464   513   709   759   637   779 0.91 cysteine protease, putative [Plasmodium vivax]
SCO71112.1           -           1102 3676at5820           -            548   3.9e-06   24.2   0.2   1   2       2.4     8e+02   -3.2   2.1   223   335   347   460   311   472 0.69 cysteine protease, putative [Plasmodium vivax]
SCO71112.1           -           1102 3676at5820           -            548   3.9e-06   24.2   0.2   2   2   1.2e-08   3.9e-06   24.2   0.2   463   513   740   791   721   811 0.86 cysteine protease, putative [Plasmodium vivax]
SCO74333.1           -            583 3676at5820           -            548   2.2e-05   21.7  23.3   1   3   6.1e-05      0.02   11.9   9.3   292   405   354   464   229   472 0.72 cysteine proteinase precursor [Plasmodium vivax]
SCO74333.1           -            583 3676at5820           -            548   2.2e-05   21.7  23.3   2   3     0.077        25    1.7   0.0   464   485   484   505   480   523 0.86 cysteine proteinase precursor [Plasmodium vivax]
SCO74333.1           -            583 3676at5820           -            548   2.2e-05   21.7  23.3   3   3   5.1e-06    0.0017   15.5   1.0   488   517   537   565   528   580 0.79 cysteine proteinase precursor [Plasmodium vivax]
SCO72639.1           -            484 3676at5820           -            548   7.9e-05   19.9  17.6   1   1   5.1e-05     0.017   12.2  17.6   290   513   275   462   149   467 0.66 vivapain-2 [Plasmodium vivax]
#
# Program:         hmmsearch
# Version:         3.4 (Aug 2023)
# Pipeline mode:   SEARCH
# Query file:      /v3/work/00_inventory/busco/busco_downloads/lineages/plasmodium_odb10/hmms/3676at5820.hmm
# Target file:     /v3/inputs/annotations/ncbi-datasets/PvC01.proteins.fa
# Option settings: hmmsearch --domtblout /v3/work/00_inventory/busco/PvC01_proteins/run_plasmodium_odb10/hmmer_output/initial_run_results/3676at5820.out --cpu 1 /v3/work/00_inventory/busco/busco_downloads/lineages/plasmodium_odb10/hmms/3676at5820.hmm /v3/inputs/annotations/ncbi-datasets/PvC01.proteins.fa 
# Current dir:     /v3/work/00_inventory/busco
# Date:            Tue May 19 18:40:14 2026
# [ok]
