#                                                                            --- full sequence --- -------------- this domain -------------   hmm coord   ali coord   env coord
# target name        accession   tlen query name           accession   qlen   E-value  score  bias   #  of  c-Evalue  i-Evalue  score  bias  from    to  from    to  from    to  acc description of target
#------------------- ---------- ----- -------------------- ---------- ----- --------- ------ ----- --- --- --------- --------- ------ ----- ----- ----- ----- ----- ----- ----- ---- ---------------------
SCO71022.1           -            862 3691at5820           -            651         0 1175.5 104.2   1   3  7.2e-181  2.3e-177  590.2  36.7     1   286     1   289     1   296 0.99 conserved Plasmodium protein, unknown function [Plasmodium vivax]
SCO71022.1           -            862 3691at5820           -            651         0 1175.5 104.2   2   3  2.3e-123  7.2e-120  400.2  31.6   286   510   410   646   404   662 0.95 conserved Plasmodium protein, unknown function [Plasmodium vivax]
SCO71022.1           -            862 3691at5820           -            651         0 1175.5 104.2   3   3   4.6e-60   1.5e-56  191.1  19.0   497   651   671   862   650   862 0.81 conserved Plasmodium protein, unknown function [Plasmodium vivax]
SCO72001.1           -           1236 3691at5820           -            651   0.00081   16.8   4.3   1   4   4.3e-05      0.13    9.5  24.4    11   200    10   223     3   233 0.69 conserved Plasmodium protein, unknown function [Plasmodium vivax]
SCO72001.1           -           1236 3691at5820           -            651   0.00081   16.8   4.3   2   4   2.6e-07   0.00081   16.8   4.3   210   290   487   565   473   571 0.80 conserved Plasmodium protein, unknown function [Plasmodium vivax]
SCO72001.1           -           1236 3691at5820           -            651   0.00081   16.8   4.3   3   4   0.00021      0.65    7.2   3.5   327   378   815   868   762   876 0.74 conserved Plasmodium protein, unknown function [Plasmodium vivax]
SCO72001.1           -           1236 3691at5820           -            651   0.00081   16.8   4.3   4   4         2   6.3e+03  -14.7  32.2   528   626  1087  1192   962  1199 0.86 conserved Plasmodium protein, unknown function [Plasmodium vivax]
#
# Program:         hmmsearch
# Version:         3.4 (Aug 2023)
# Pipeline mode:   SEARCH
# Query file:      /v3/work/00_inventory/busco/busco_downloads/lineages/plasmodium_odb10/hmms/3691at5820.hmm
# Target file:     /v3/inputs/annotations/ncbi-datasets/PvC01.proteins.fa
# Option settings: hmmsearch --domtblout /v3/work/00_inventory/busco/PvC01_proteins/run_plasmodium_odb10/hmmer_output/initial_run_results/3691at5820.out --cpu 1 /v3/work/00_inventory/busco/busco_downloads/lineages/plasmodium_odb10/hmms/3691at5820.hmm /v3/inputs/annotations/ncbi-datasets/PvC01.proteins.fa 
# Current dir:     /v3/work/00_inventory/busco
# Date:            Tue May 19 18:40:18 2026
# [ok]
