#                                                                            --- full sequence --- -------------- this domain -------------   hmm coord   ali coord   env coord
# target name        accession   tlen query name           accession   qlen   E-value  score  bias   #  of  c-Evalue  i-Evalue  score  bias  from    to  from    to  from    to  acc description of target
#------------------- ---------- ----- -------------------- ---------- ----- --------- ------ ----- --- --- --------- --------- ------ ----- ----- ----- ----- ----- ----- ----- ---- ---------------------
SCO70674.1           -            782 4379at5820           -            452  1.2e-198  659.2  44.5   1   7   3.7e-15   2.3e-11   41.8   0.1     1    32     1    32     1    37 0.93 DNA (cytosine-5)-methyltransferase, putative [Plasmodium vivax]
SCO70674.1           -            782 4379at5820           -            452  1.2e-198  659.2  44.5   2   7   1.5e-18   9.4e-15   53.0   0.2    29    74    75   120    72   123 0.94 DNA (cytosine-5)-methyltransferase, putative [Plasmodium vivax]
SCO70674.1           -            782 4379at5820           -            452  1.2e-198  659.2  44.5   3   7   4.4e-31   2.8e-27   94.3   1.2    70   128   136   194   129   200 0.94 DNA (cytosine-5)-methyltransferase, putative [Plasmodium vivax]
SCO70674.1           -            782 4379at5820           -            452  1.2e-198  659.2  44.5   4   7   1.5e-53   9.2e-50  168.4   4.3   134   223   295   384   280   390 0.92 DNA (cytosine-5)-methyltransferase, putative [Plasmodium vivax]
SCO70674.1           -            782 4379at5820           -            452  1.2e-198  659.2  44.5   5   7   8.3e-46   5.2e-42  142.8   3.6   212   338   408   549   395   560 0.80 DNA (cytosine-5)-methyltransferase, putative [Plasmodium vivax]
SCO70674.1           -            782 4379at5820           -            452  1.2e-198  659.2  44.5   6   7   5.3e-36   3.3e-32  110.5   1.1   338   411   603   683   599   695 0.87 DNA (cytosine-5)-methyltransferase, putative [Plasmodium vivax]
SCO70674.1           -            782 4379at5820           -            452  1.2e-198  659.2  44.5   7   7   5.9e-24   3.7e-20   70.8   0.0   407   452   729   774   710   774 0.94 DNA (cytosine-5)-methyltransferase, putative [Plasmodium vivax]
#
# Program:         hmmsearch
# Version:         3.4 (Aug 2023)
# Pipeline mode:   SEARCH
# Query file:      /v3/work/00_inventory/busco/busco_downloads/lineages/plasmodium_odb10/hmms/4379at5820.hmm
# Target file:     /v3/inputs/annotations/ncbi-datasets/PvC01.proteins.fa
# Option settings: hmmsearch --domtblout /v3/work/00_inventory/busco/PvC01_proteins/run_plasmodium_odb10/hmmer_output/initial_run_results/4379at5820.out --cpu 1 /v3/work/00_inventory/busco/busco_downloads/lineages/plasmodium_odb10/hmms/4379at5820.hmm /v3/inputs/annotations/ncbi-datasets/PvC01.proteins.fa 
# Current dir:     /v3/work/00_inventory/busco
# Date:            Tue May 19 18:47:26 2026
# [ok]
