#                                                                            --- full sequence --- -------------- this domain -------------   hmm coord   ali coord   env coord
# target name        accession   tlen query name           accession   qlen   E-value  score  bias   #  of  c-Evalue  i-Evalue  score  bias  from    to  from    to  from    to  acc description of target
#------------------- ---------- ----- -------------------- ---------- ----- --------- ------ ----- --- --- --------- --------- ------ ----- ----- ----- ----- ----- ----- ----- ---- ---------------------
SCO70800.1           -            700 4671at5820           -            475  7.4e-271  897.1  39.3   1   4   3.2e-29   9.6e-27   92.1   0.1     1    90    11   130    11   153 0.86 AAA family ATPase, putative [Plasmodium vivax]
SCO70800.1           -            700 4671at5820           -            475  7.4e-271  897.1  39.3   2   4   7.1e-06    0.0021   15.2   1.0    86   111   184   209   180   261 0.85 AAA family ATPase, putative [Plasmodium vivax]
SCO70800.1           -            700 4671at5820           -            475  7.4e-271  897.1  39.3   3   4   8.5e-17   2.5e-14   51.2   9.2   106   159   297   350   292   357 0.82 AAA family ATPase, putative [Plasmodium vivax]
SCO70800.1           -            700 4671at5820           -            475  7.4e-271  897.1  39.3   4   4  6.8e-229    2e-226  750.6  11.6   139   475   363   700   348   700 0.97 AAA family ATPase, putative [Plasmodium vivax]
SCO70456.1           -           1089 4671at5820           -            475   2.8e-77  258.8   5.6   1   3       1.6   4.9e+02   -2.5   0.1   185   212   331   358   291   379 0.69 AAA family ATPase, CDC48 subfamily, putative [Plasmodium vivax]
SCO70456.1           -           1089 4671at5820           -            475   2.8e-77  258.8   5.6   2   3   2.8e-36   8.5e-34  115.4   0.1   200   414   477   688   428   700 0.85 AAA family ATPase, CDC48 subfamily, putative [Plasmodium vivax]
SCO70456.1           -           1089 4671at5820           -            475   2.8e-77  258.8   5.6   3   3     3e-45   8.9e-43  145.0   0.2   196   416   793  1011   788  1023 0.91 AAA family ATPase, CDC48 subfamily, putative [Plasmodium vivax]
SCO73665.1           -            822 4671at5820           -            475     5e-74  248.0   0.0   1   2   2.1e-35   6.2e-33  112.5   0.0   192   416   197   421   184   465 0.84 AAA family ATPase, CDC48 subfamily, putative [Plasmodium vivax]
SCO73665.1           -            822 4671at5820           -            475     5e-74  248.0   0.0   2   2     1e-41   3.1e-39  133.3   0.0   195   425   476   706   466   722 0.89 AAA family ATPase, CDC48 subfamily, putative [Plasmodium vivax]
SCO74338.1           -            442 4671at5820           -            475   1.6e-50  170.5   0.2   1   1   1.1e-52   3.4e-50  169.5   0.2   188   374   107   292    40   304 0.93 vacuolar protein sorting-associated protein 4, putative [Plasmodium vivax]
SCO74938.1           -           1172 4671at5820           -            475   4.4e-50  169.1  20.0   1   4      0.31        92   -0.1   0.2   102   166    70   136    57   164 0.59 AAA family ATPase, putative [Plasmodium vivax]
SCO74938.1           -           1172 4671at5820           -            475   4.4e-50  169.1  20.0   2   4   1.8e-05    0.0053   13.9   0.0   210   274   350   422   327   428 0.67 AAA family ATPase, putative [Plasmodium vivax]
SCO74938.1           -           1172 4671at5820           -            475   4.4e-50  169.1  20.0   3   4   3.6e-09   1.1e-06   26.0   3.1   282   422   485   620   473   629 0.74 AAA family ATPase, putative [Plasmodium vivax]
SCO74938.1           -           1172 4671at5820           -            475   4.4e-50  169.1  20.0   4   4   2.7e-43   8.2e-41  138.5   1.3   199   377   765   944   754   953 0.93 AAA family ATPase, putative [Plasmodium vivax]
SCO75326.1           -           1070 4671at5820           -            475   1.9e-42  143.9  14.0   1   2   4.7e-08   1.4e-05   22.4   3.6   150   377   167   379   131   387 0.66 AAA family ATPase, putative [Plasmodium vivax]
SCO75326.1           -           1070 4671at5820           -            475   1.9e-42  143.9  14.0   2   2     1e-39   3.1e-37  126.7   2.8   158   410   536   782   500   790 0.78 AAA family ATPase, putative [Plasmodium vivax]
SCO75140.1           -            393 4671at5820           -            475   5.7e-38  129.2   0.1   1   2       2.4   7.3e+02   -3.1   1.1    24    54    20    47     2    64 0.44 26S protease regulatory subunit 10B, putative [Plasmodium vivax]
SCO75140.1           -            393 4671at5820           -            475   5.7e-38  129.2   0.1   2   2   1.9e-40   5.7e-38  129.2   0.1   191   416   129   354   114   384 0.87 26S protease regulatory subunit 10B, putative [Plasmodium vivax]
SCO75728.1           -            424 4671at5820           -            475   3.7e-36  123.2   1.7   1   2       0.4   1.2e+02   -0.5   1.3   129   170    44    83    15    97 0.62 26S protease regulatory subunit 8, putative [Plasmodium vivax]
SCO75728.1           -            424 4671at5820           -            475   3.7e-36  123.2   1.7   2   2   3.3e-38   9.7e-36  121.8   0.0   201   416   170   384   153   392 0.87 26S protease regulatory subunit 8, putative [Plasmodium vivax]
SCO72225.1           -            447 4671at5820           -            475   1.3e-31  108.2   0.0   1   1     7e-34   2.1e-31  107.5   0.0   188   415   181   408   173   412 0.84 26S protease regulatory subunit 4, putative [Plasmodium vivax]
SCO72479.1           -            785 4671at5820           -            475   1.1e-30  105.2   5.2   1   2   8.7e-29   2.6e-26   90.7   0.5   230   455   287   522   238   533 0.81 N-ethylmaleimide-sensitive fusion protein, putative [Plasmodium vivax]
SCO72479.1           -            785 4671at5820           -            475   1.1e-30  105.2   5.2   2   2   2.7e-06   0.00081   16.5   0.5   230   397   568   733   552   741 0.77 N-ethylmaleimide-sensitive fusion protein, putative [Plasmodium vivax]
SCO71358.1           -            392 4671at5820           -            475   3.7e-30  103.4   0.0   1   1     2e-32   5.9e-30  102.7   0.0   190   385   129   328   120   353 0.86 26S protease regulatory subunit 6B, putative [Plasmodium vivax]
SCO75646.1           -            896 4671at5820           -            475   6.3e-30  102.6   0.0   1   1   2.1e-32   6.3e-30  102.6   0.0   229   410   191   374   157   381 0.82 ATP-dependent zinc metalloprotease FTSH 1, putative [Plasmodium vivax]
SCO75192.1           -            420 4671at5820           -            475     9e-30  102.1   0.0   1   1   4.9e-32   1.5e-29  101.4   0.0   188   415   151   378   137   385 0.83 26S protease regulatory subunit 7, putative [Plasmodium vivax]
SCO74263.1           -            702 4671at5820           -            475   2.5e-28   97.4   0.3   1   2       3.8   1.1e+03   -3.7   0.4   424   441    76    93    46   120 0.60 ATP-dependent zinc metalloprotease FTSH, putative [Plasmodium vivax]
SCO74263.1           -            702 4671at5820           -            475   2.5e-28   97.4   0.3   2   2   8.4e-31   2.5e-28   97.4   0.3   193   382   244   433   219   469 0.87 ATP-dependent zinc metalloprotease FTSH, putative [Plasmodium vivax]
SCO72789.1           -            441 4671at5820           -            475   2.2e-26   91.0   0.3   1   2       5.2   1.5e+03   -4.2   0.3     4    24    50    70    36   101 0.58 26S protease regulatory subunit 6A, putative [Plasmodium vivax]
SCO72789.1           -            441 4671at5820           -            475   2.2e-26   91.0   0.3   2   2   1.2e-28   3.5e-26   90.3   0.0   199   414   188   403   172   409 0.80 26S protease regulatory subunit 6A, putative [Plasmodium vivax]
SCO72682.1           -            950 4671at5820           -            475   3.1e-25   87.2   0.0   1   1   1.7e-27   5.2e-25   86.4   0.0   193   376   396   585   377   610 0.87 ATP-dependent zinc metalloprotease FTSH, putative [Plasmodium vivax]
SCO72878.1           -            627 4671at5820           -            475   2.9e-16   57.6   0.2   1   1   1.6e-18   4.8e-16   56.9   0.2   234   384   347   516   333   595 0.80 AAA family ATPase, putative [Plasmodium vivax]
SCO70511.1           -           1157 4671at5820           -            475   4.2e-14   50.5   0.1   1   2   5.2e-11   1.6e-08   32.1   0.0   232   307   571   647   526   677 0.77 AAA family ATPase, putative [Plasmodium vivax]
SCO70511.1           -           1157 4671at5820           -            475   4.2e-14   50.5   0.1   2   2   5.4e-06    0.0016   15.5   0.0   336   384   765   815   747   823 0.88 AAA family ATPase, putative [Plasmodium vivax]
SCO70489.1           -            976 4671at5820           -            475   1.6e-10   38.7   0.0   1   1   9.7e-13   2.9e-10   37.8   0.0   233   331   735   838   726   859 0.82 AAA family ATPase, putative [Plasmodium vivax]
SCO70418.1           -            665 4671at5820           -            475   6.1e-09   33.4   0.4   1   1     2e-11   6.1e-09   33.4   0.4   233   421   344   541   322   550 0.73 AAA family ATPase, putative [Plasmodium vivax]
SCA60814.1           -            424 4671at5820           -            475   0.00076   16.6   4.0   1   1   3.8e-06    0.0011   16.1   4.0   407   465    86   147    74   155 0.87 Plasmodium vivax Vir protein, putative [Plasmodium vivax]
#
# Program:         hmmsearch
# Version:         3.4 (Aug 2023)
# Pipeline mode:   SEARCH
# Query file:      /v3/work/00_inventory/busco/busco_downloads/lineages/plasmodium_odb10/hmms/4671at5820.hmm
# Target file:     /v3/inputs/annotations/ncbi-datasets/PvC01.proteins.fa
# Option settings: hmmsearch --domtblout /v3/work/00_inventory/busco/PvC01_proteins/run_plasmodium_odb10/hmmer_output/initial_run_results/4671at5820.out --cpu 1 /v3/work/00_inventory/busco/busco_downloads/lineages/plasmodium_odb10/hmms/4671at5820.hmm /v3/inputs/annotations/ncbi-datasets/PvC01.proteins.fa 
# Current dir:     /v3/work/00_inventory/busco
# Date:            Tue May 19 18:49:32 2026
# [ok]
