#                                                                            --- full sequence --- -------------- this domain -------------   hmm coord   ali coord   env coord
# target name        accession   tlen query name           accession   qlen   E-value  score  bias   #  of  c-Evalue  i-Evalue  score  bias  from    to  from    to  from    to  acc description of target
#------------------- ---------- ----- -------------------- ---------- ----- --------- ------ ----- --- --- --------- --------- ------ ----- ----- ----- ----- ----- ----- ----- ---- ---------------------
SCO71050.1           -            544 4704at5820           -            487  4.2e-274  907.9  33.4   1   1  6.7e-277  5.3e-274  907.6  33.4     1   487     1   541     1   541 0.94 T-complex protein 1 subunit theta, putative [Plasmodium vivax]
SCO75541.1           -            544 4704at5820           -            487     5e-48  162.2  18.1   1   1   8.5e-51   6.7e-48  161.8  18.1    21   469    22   526    14   541 0.77 T-complex protein 1 subunit gamma, putative [Plasmodium vivax]
SCO72807.1           -            543 4704at5820           -            487   1.4e-41  141.0  10.1   1   1   1.6e-43   1.3e-40  137.8  10.5    21   434    14   479     5   535 0.77 T-complex protein 1, alpha subunit, putative [Plasmodium vivax]
SCO72428.1           -            540 4704at5820           -            487   1.1e-38  131.5  16.4   1   1   1.8e-41   1.4e-38  131.0  16.4    19   477    21   531     6   539 0.76 T-complex protein 1, eta subunit, putative [Plasmodium vivax]
SCO72344.1           -            535 4704at5820           -            487   1.2e-36  124.7  24.3   1   1   2.2e-39   1.7e-36  124.2  24.3    21   469    27   529     8   533 0.75 T-complex protein 1 subunit epsilon, putative [Plasmodium vivax]
SCO73508.1           -            529 4704at5820           -            487   6.3e-32  109.1  24.0   1   1   1.1e-34   8.3e-32  108.7  24.0    21   471    21   528    10   529 0.74 T-complex protein 1, delta subunit, putative [Plasmodium vivax]
SCO72441.1           -            532 4704at5820           -            487   7.1e-31  105.7  14.2   1   1   1.5e-33   1.2e-30  104.9  14.2    31   473    30   526     7   531 0.73 T-complex protein 1 subunit beta, putative [Plasmodium vivax]
SCO73768.1           -            529 4704at5820           -            487   7.1e-15   52.9  16.4   1   1   3.1e-16   2.4e-13   47.8  16.4    20   423    16   479    12   488 0.68 T-complex protein 1 subunit zeta, putative [Plasmodium vivax]
#
# Program:         hmmsearch
# Version:         3.4 (Aug 2023)
# Pipeline mode:   SEARCH
# Query file:      /v3/work/00_inventory/busco/busco_downloads/lineages/plasmodium_odb10/hmms/4704at5820.hmm
# Target file:     /v3/inputs/annotations/ncbi-datasets/PvC01.proteins.fa
# Option settings: hmmsearch --domtblout /v3/work/00_inventory/busco/PvC01_proteins/run_plasmodium_odb10/hmmer_output/initial_run_results/4704at5820.out --cpu 1 /v3/work/00_inventory/busco/busco_downloads/lineages/plasmodium_odb10/hmms/4704at5820.hmm /v3/inputs/annotations/ncbi-datasets/PvC01.proteins.fa 
# Current dir:     /v3/work/00_inventory/busco
# Date:            Tue May 19 18:49:41 2026
# [ok]
