#                                                                            --- full sequence --- -------------- this domain -------------   hmm coord   ali coord   env coord
# target name        accession   tlen query name           accession   qlen   E-value  score  bias   #  of  c-Evalue  i-Evalue  score  bias  from    to  from    to  from    to  acc description of target
#------------------- ---------- ----- -------------------- ---------- ----- --------- ------ ----- --- --- --------- --------- ------ ----- ----- ----- ----- ----- ----- ----- ---- ---------------------
SCO72402.1           -            803 4879at5820           -            448  2.3e-175  582.2  71.6   1   7   5.5e-97   3.5e-93  311.4  20.8     1   162     3   164     3   170 0.99 conserved Plasmodium protein, unknown function [Plasmodium vivax]
SCO72402.1           -            803 4879at5820           -            448  2.3e-175  582.2  71.6   2   7    0.0066        42    1.3   0.1   161   191   190   225   182   244 0.71 conserved Plasmodium protein, unknown function [Plasmodium vivax]
SCO72402.1           -            803 4879at5820           -            448  2.3e-175  582.2  71.6   3   7   1.6e-07     0.001   16.5   0.3   182   205   282   305   269   317 0.80 conserved Plasmodium protein, unknown function [Plasmodium vivax]
SCO72402.1           -            803 4879at5820           -            448  2.3e-175  582.2  71.6   4   7   0.00054       3.4    4.9   0.1   201   298   356   452   311   462 0.71 conserved Plasmodium protein, unknown function [Plasmodium vivax]
SCO72402.1           -            803 4879at5820           -            448  2.3e-175  582.2  71.6   5   7   3.8e-25   2.4e-21   74.6   0.0   262   305   535   578   510   593 0.89 conserved Plasmodium protein, unknown function [Plasmodium vivax]
SCO72402.1           -            803 4879at5820           -            448  2.3e-175  582.2  71.6   6   7   1.5e-16   9.4e-13   46.2   0.8   316   361   622   668   612   673 0.90 conserved Plasmodium protein, unknown function [Plasmodium vivax]
SCO72402.1           -            803 4879at5820           -            448  2.3e-175  582.2  71.6   7   7   2.4e-47   1.5e-43  147.8  18.5   352   448   700   795   678   795 0.85 conserved Plasmodium protein, unknown function [Plasmodium vivax]
#
# Program:         hmmsearch
# Version:         3.4 (Aug 2023)
# Pipeline mode:   SEARCH
# Query file:      /v3/work/00_inventory/busco/busco_downloads/lineages/plasmodium_odb10/hmms/4879at5820.hmm
# Target file:     /v3/inputs/annotations/ncbi-datasets/PvC01.proteins.fa
# Option settings: hmmsearch --domtblout /v3/work/00_inventory/busco/PvC01_proteins/run_plasmodium_odb10/hmmer_output/initial_run_results/4879at5820.out --cpu 1 /v3/work/00_inventory/busco/busco_downloads/lineages/plasmodium_odb10/hmms/4879at5820.hmm /v3/inputs/annotations/ncbi-datasets/PvC01.proteins.fa 
# Current dir:     /v3/work/00_inventory/busco
# Date:            Tue May 19 18:48:28 2026
# [ok]
