#                                                                            --- full sequence --- -------------- this domain -------------   hmm coord   ali coord   env coord
# target name        accession   tlen query name           accession   qlen   E-value  score  bias   #  of  c-Evalue  i-Evalue  score  bias  from    to  from    to  from    to  acc description of target
#------------------- ---------- ----- -------------------- ---------- ----- --------- ------ ----- --- --- --------- --------- ------ ----- ----- ----- ----- ----- ----- ----- ---- ---------------------
SCO73768.1           -            529 4965at5820           -            484  4.8e-278  921.0  20.6   1   1  7.8e-281  6.1e-278  920.6  20.6     1   449     6   486     6   491 0.96 T-complex protein 1 subunit zeta, putative [Plasmodium vivax]
SCO75541.1           -            544 4965at5820           -            484   8.4e-39  131.9  17.6   1   1   2.2e-41   1.7e-38  130.9  17.6    13   444    23   474    14   530 0.80 T-complex protein 1 subunit gamma, putative [Plasmodium vivax]
SCO72344.1           -            535 4965at5820           -            484     9e-39  131.8  17.8   1   1   2.9e-41   2.3e-38  130.5  17.8    15   437    30   470    20   531 0.85 T-complex protein 1 subunit epsilon, putative [Plasmodium vivax]
SCO72807.1           -            543 4965at5820           -            484   3.5e-37  126.6   7.1   1   1   1.5e-39   1.1e-36  124.9   7.1    12   434    14   460     9   479 0.84 T-complex protein 1, alpha subunit, putative [Plasmodium vivax]
SCO73508.1           -            529 4965at5820           -            484   3.3e-33  113.5  16.9   1   1   5.6e-36   4.4e-33  113.1  16.9    10   464    19   495     7   512 0.83 T-complex protein 1, delta subunit, putative [Plasmodium vivax]
SCO72428.1           -            540 4965at5820           -            484   2.2e-30  104.2  13.5   1   1   6.4e-33   5.1e-30  103.0  13.5     6   475    17   504    12   512 0.83 T-complex protein 1, eta subunit, putative [Plasmodium vivax]
SCO72441.1           -            532 4965at5820           -            484   1.7e-24   84.8  11.3   1   1   6.8e-27   5.4e-24   83.1  11.3    25   446    33   473    22   527 0.81 T-complex protein 1 subunit beta, putative [Plasmodium vivax]
SCO71050.1           -            544 4965at5820           -            484   2.8e-18   64.3  27.3   1   1   9.1e-20   7.1e-17   59.6  27.3    12   461    24   488    18   532 0.72 T-complex protein 1 subunit theta, putative [Plasmodium vivax]
#
# Program:         hmmsearch
# Version:         3.4 (Aug 2023)
# Pipeline mode:   SEARCH
# Query file:      /v3/work/00_inventory/busco/busco_downloads/lineages/plasmodium_odb10/hmms/4965at5820.hmm
# Target file:     /v3/inputs/annotations/ncbi-datasets/PvC01.proteins.fa
# Option settings: hmmsearch --domtblout /v3/work/00_inventory/busco/PvC01_proteins/run_plasmodium_odb10/hmmer_output/initial_run_results/4965at5820.out --cpu 1 /v3/work/00_inventory/busco/busco_downloads/lineages/plasmodium_odb10/hmms/4965at5820.hmm /v3/inputs/annotations/ncbi-datasets/PvC01.proteins.fa 
# Current dir:     /v3/work/00_inventory/busco
# Date:            Tue May 19 18:48:59 2026
# [ok]
