#                                                                            --- full sequence --- -------------- this domain -------------   hmm coord   ali coord   env coord
# target name        accession   tlen query name           accession   qlen   E-value  score  bias   #  of  c-Evalue  i-Evalue  score  bias  from    to  from    to  from    to  acc description of target
#------------------- ---------- ----- -------------------- ---------- ----- --------- ------ ----- --- --- --------- --------- ------ ----- ----- ----- ----- ----- ----- ----- ---- ---------------------
SCO72744.1           -            559 5407at5820           -            457  7.9e-251  830.9  24.6   1   1  2.5e-253  2.3e-250  829.4  24.6     2   457     3   500     2   500 0.94 kelch protein, putative [Plasmodium vivax]
SCO72745.1           -            566 5407at5820           -            457   5.1e-43  145.9  14.4   1   1   7.7e-46   6.9e-43  145.4  14.4    51   450   140   554   119   560 0.82 kelch protein, putative [Plasmodium vivax]
SCO75387.1           -            586 5407at5820           -            457   3.3e-37  126.7  13.8   1   1   5.6e-40     5e-37  126.1  13.8    46   431   128   527   122   549 0.80 conserved Plasmodium protein, unknown function [Plasmodium vivax]
SCO74249.1           -            878 5407at5820           -            457     1e-20   72.4   0.1   1   3   1.7e-06    0.0015   15.7   0.0   264   320    15    72     1    82 0.78 protein phosphatase containing kelch-like domains, putative [Plasmodium vivax]
SCO74249.1           -            878 5407at5820           -            457     1e-20   72.4   0.1   2   3   3.9e-17   3.5e-14   50.8   0.0   119   291    87   266    80   276 0.80 protein phosphatase containing kelch-like domains, putative [Plasmodium vivax]
SCO74249.1           -            878 5407at5820           -            457     1e-20   72.4   0.1   3   3     0.033        30    1.6   0.1    67    88   295   316   280   325 0.85 protein phosphatase containing kelch-like domains, putative [Plasmodium vivax]
SCO74311.1           -            647 5407at5820           -            457   8.6e-16   56.1  15.7   1   2   3.5e-16   3.1e-13   47.7   7.7    68   264    83   280    74   287 0.47 kelch domain-containing protein [Plasmodium vivax]
SCO74311.1           -            647 5407at5820           -            457   8.6e-16   56.1  15.7   2   2     2e-05     0.018   12.2   1.0   270   336   344   412   332   468 0.73 kelch domain-containing protein [Plasmodium vivax]
SCO72801.1           -           2392 5407at5820           -            457   2.6e-08   31.4   2.1   1   3     0.089        80    0.2   0.0    76   101  1190  1215  1176  1251 0.78 conserved Plasmodium protein, unknown function [Plasmodium vivax]
SCO72801.1           -           2392 5407at5820           -            457   2.6e-08   31.4   2.1   2   3     0.024        22    2.0   0.0    77   138  1269  1342  1258  1365 0.73 conserved Plasmodium protein, unknown function [Plasmodium vivax]
SCO72801.1           -           2392 5407at5820           -            457   2.6e-08   31.4   2.1   3   3   2.2e-09     2e-06   25.3   0.4   232   322  1446  1534  1428  1545 0.84 conserved Plasmodium protein, unknown function [Plasmodium vivax]
SCO71556.1           -           1606 5407at5820           -            457   0.00094   16.4   0.4   1   3      0.15   1.3e+02   -0.5   0.1   162   196   545   580   494   588 0.47 conserved Plasmodium protein, unknown function [Plasmodium vivax]
SCO71556.1           -           1606 5407at5820           -            457   0.00094   16.4   0.4   2   3    0.0089         8    3.5   0.0   211   250   615   657   611   678 0.78 conserved Plasmodium protein, unknown function [Plasmodium vivax]
SCO71556.1           -           1606 5407at5820           -            457   0.00094   16.4   0.4   3   3   0.00022      0.19    8.8   0.1   266   324   773   828   762   866 0.79 conserved Plasmodium protein, unknown function [Plasmodium vivax]
#
# Program:         hmmsearch
# Version:         3.4 (Aug 2023)
# Pipeline mode:   SEARCH
# Query file:      /v3/work/00_inventory/busco/busco_downloads/lineages/plasmodium_odb10/hmms/5407at5820.hmm
# Target file:     /v3/inputs/annotations/ncbi-datasets/PvC01.proteins.fa
# Option settings: hmmsearch --domtblout /v3/work/00_inventory/busco/PvC01_proteins/run_plasmodium_odb10/hmmer_output/initial_run_results/5407at5820.out --cpu 1 /v3/work/00_inventory/busco/busco_downloads/lineages/plasmodium_odb10/hmms/5407at5820.hmm /v3/inputs/annotations/ncbi-datasets/PvC01.proteins.fa 
# Current dir:     /v3/work/00_inventory/busco
# Date:            Tue May 19 18:51:44 2026
# [ok]
