#                                                                            --- full sequence --- -------------- this domain -------------   hmm coord   ali coord   env coord
# target name        accession   tlen query name           accession   qlen   E-value  score  bias   #  of  c-Evalue  i-Evalue  score  bias  from    to  from    to  from    to  acc description of target
#------------------- ---------- ----- -------------------- ---------- ----- --------- ------ ----- --- --- --------- --------- ------ ----- ----- ----- ----- ----- ----- ----- ---- ---------------------
SCO72214.1           -            614 5653at5820           -            431  6.7e-227  752.2  54.9   1   4   7.6e-26   4.3e-23   80.6   2.2     1    66     5    77     5    80 0.92 RING zinc finger protein, putative [Plasmodium vivax]
SCO72214.1           -            614 5653at5820           -            431  6.7e-227  752.2  54.9   2   4   1.5e-47   8.4e-45  152.2   7.8    62   157   180   275   164   286 0.93 RING zinc finger protein, putative [Plasmodium vivax]
SCO72214.1           -            614 5653at5820           -            431  6.7e-227  752.2  54.9   3   4  2.6e-135  1.5e-132  441.3   9.6   152   378   294   522   281   538 0.97 RING zinc finger protein, putative [Plasmodium vivax]
SCO72214.1           -            614 5653at5820           -            431  6.7e-227  752.2  54.9   4   4   1.1e-30   6.3e-28   96.6  11.7   370   431   552   614   539   614 0.91 RING zinc finger protein, putative [Plasmodium vivax]
SCO73045.1           -            284 5653at5820           -            431   7.6e-10   37.0   1.5   1   1   2.4e-12   1.4e-09   36.1   1.5   373   429   223   280   208   282 0.90 RING zinc finger protein, putative [Plasmodium vivax]
SCO71652.1           -            272 5653at5820           -            431     3e-08   31.8   1.7   1   1   7.2e-11   4.1e-08   31.3   1.7   365   427   198   261   146   264 0.78 zinc finger, C3HC4 type, putative [Plasmodium vivax]
SCO70392.1           -           1205 5653at5820           -            431     1e-05   23.4   5.0   1   1     3e-08   1.7e-05   22.7   5.0   374   429  1146  1202  1121  1204 0.81 zinc finger protein, putative [Plasmodium vivax]
SCO70367.1           -            744 5653at5820           -            431   5.8e-05   20.9   1.9   1   1   1.5e-07   8.8e-05   20.3   1.9   385   428   694   739   669   741 0.73 E3 ubiquitin-protein ligase, putative [Plasmodium vivax]
SCO72184.1           -           1152 5653at5820           -            431   0.00021   19.1   0.3   1   1   5.5e-07   0.00031   18.5   0.3   375   429   345   404   303   406 0.77 E3 ubiquitin-protein ligase, putative [Plasmodium vivax]
SCO75008.1           -            695 5653at5820           -            431     0.001   16.8   8.6   1   1   3.3e-06    0.0019   15.9   8.6   383   427   643   690   607   693 0.71 RING zinc finger protein, putative [Plasmodium vivax]
SCO73617.1           -             89 5653at5820           -            431    0.0047   14.6   9.3   1   1   9.1e-06    0.0052   14.5   9.3   379   428    30    80     7    82 0.77 anaphase-promoting complex subunit 11, putative [Plasmodium vivax]
SCO73589.1           -            519 5653at5820           -            431    0.0092   13.7   5.9   1   1   2.3e-05     0.013   13.2   5.9   369   429   348   405   324   407 0.69 E3 ubiquitin-protein ligase RNF5, putative [Plasmodium vivax]
SCO73665.1           -            822 5653at5820           -            431     0.027   12.1   0.1   1   1   7.6e-05     0.044   11.4   0.1   227   303   115   190   110   196 0.84 AAA family ATPase, CDC48 subfamily, putative [Plasmodium vivax]
SCO72358.1           -            108 5653at5820           -            431         2    6.0   7.1   1   2      0.17        98    0.4   0.2   366   400    13    46     2    53 0.69 E3 ubiquitin-protein ligase RBX1, putative [Plasmodium vivax]
SCO72358.1           -            108 5653at5820           -            431         2    6.0   7.1   2   2     0.001      0.59    7.7   3.0   392   423    62    95    45   100 0.83 E3 ubiquitin-protein ligase RBX1, putative [Plasmodium vivax]
#
# Program:         hmmsearch
# Version:         3.4 (Aug 2023)
# Pipeline mode:   SEARCH
# Query file:      /v3/work/00_inventory/busco/busco_downloads/lineages/plasmodium_odb10/hmms/5653at5820.hmm
# Target file:     /v3/inputs/annotations/ncbi-datasets/PvC01.proteins.fa
# Option settings: hmmsearch --domtblout /v3/work/00_inventory/busco/PvC01_proteins/run_plasmodium_odb10/hmmer_output/initial_run_results/5653at5820.out --cpu 1 /v3/work/00_inventory/busco/busco_downloads/lineages/plasmodium_odb10/hmms/5653at5820.hmm /v3/inputs/annotations/ncbi-datasets/PvC01.proteins.fa 
# Current dir:     /v3/work/00_inventory/busco
# Date:            Tue May 19 18:55:29 2026
# [ok]
