#                                                                            --- full sequence --- -------------- this domain -------------   hmm coord   ali coord   env coord
# target name        accession   tlen query name           accession   qlen   E-value  score  bias   #  of  c-Evalue  i-Evalue  score  bias  from    to  from    to  from    to  acc description of target
#------------------- ---------- ----- -------------------- ---------- ----- --------- ------ ----- --- --- --------- --------- ------ ----- ----- ----- ----- ----- ----- ----- ---- ---------------------
SCO74180.1           -            620 5842at5820           -            485  2.4e-267  885.7  30.5   1   2   8.6e-10   1.1e-06   26.0   2.8     1    28     1    28     1    38 0.94 GTPase-activating protein, putative [Plasmodium vivax]
SCO74180.1           -            620 5842at5820           -            485  2.4e-267  885.7  30.5   2   2  8.5e-264  1.1e-260  863.7  19.9    22   485    66   620    55   620 0.94 GTPase-activating protein, putative [Plasmodium vivax]
SCO73912.1           -            348 5842at5820           -            485     2e-14   51.5  19.5   1   3     0.039        49    0.8   0.5   396   454    10    68     2    85 0.68 TBC domain protein, putative [Plasmodium vivax]
SCO73912.1           -            348 5842at5820           -            485     2e-14   51.5  19.5   2   3    0.0027       3.3    4.6   1.2    30    77    49    98    34   108 0.80 TBC domain protein, putative [Plasmodium vivax]
SCO73912.1           -            348 5842at5820           -            485     2e-14   51.5  19.5   3   3   1.2e-16   1.5e-13   48.7   8.9   110   296   107   278    97   287 0.81 TBC domain protein, putative [Plasmodium vivax]
SCO75279.1           -            595 5842at5820           -            485   1.1e-12   45.8   5.8   1   4      0.55   6.9e+02   -3.0   0.3   235   269    28    63    13    94 0.59 TBC domain protein, putative [Plasmodium vivax]
SCO75279.1           -            595 5842at5820           -            485   1.1e-12   45.8   5.8   2   4      0.27   3.4e+02   -2.0   0.3   440   470   167   197   125   205 0.62 TBC domain protein, putative [Plasmodium vivax]
SCO75279.1           -            595 5842at5820           -            485   1.1e-12   45.8   5.8   3   4   4.2e-11   5.2e-08   30.4   0.0   133   192   307   368   295   376 0.80 TBC domain protein, putative [Plasmodium vivax]
SCO75279.1           -            595 5842at5820           -            485   1.1e-12   45.8   5.8   4   4   2.5e-09   3.1e-06   24.5   3.0   242   294   391   443   386   451 0.91 TBC domain protein, putative [Plasmodium vivax]
SCO71827.1           -           1225 5842at5820           -            485   8.8e-08   29.6  12.1   1   4   1.6e-10     2e-07   28.4   1.2    97   191   254   356   247   358 0.80 GTPase-activating protein, putative [Plasmodium vivax]
SCO71827.1           -           1225 5842at5820           -            485   8.8e-08   29.6  12.1   2   4   1.2e-06    0.0016   15.6   3.9   231   297   351   417   340   425 0.93 GTPase-activating protein, putative [Plasmodium vivax]
SCO71827.1           -           1225 5842at5820           -            485   8.8e-08   29.6  12.1   3   4      0.92   1.2e+03   -3.7   3.2   371   395   689   713   651   737 0.51 GTPase-activating protein, putative [Plasmodium vivax]
SCO71827.1           -           1225 5842at5820           -            485   8.8e-08   29.6  12.1   4   4       3.9     5e+03   -5.8   2.0   379   395  1101  1117  1098  1170 0.60 GTPase-activating protein, putative [Plasmodium vivax]
SCO74125.1           -            547 5842at5820           -            485   3.2e-05   21.2   1.4   1   2   2.5e-08   3.2e-05   21.2   1.4   110   171   318   382   311   414 0.76 TBC domain containing protein [Plasmodium vivax]
SCO74125.1           -            547 5842at5820           -            485   3.2e-05   21.2   1.4   2   2       0.1   1.3e+02   -0.6   5.8   228   296   400   468   383   479 0.87 TBC domain containing protein [Plasmodium vivax]
#
# Program:         hmmsearch
# Version:         3.4 (Aug 2023)
# Pipeline mode:   SEARCH
# Query file:      /v3/work/00_inventory/busco/busco_downloads/lineages/plasmodium_odb10/hmms/5842at5820.hmm
# Target file:     /v3/inputs/annotations/ncbi-datasets/PvC01.proteins.fa
# Option settings: hmmsearch --domtblout /v3/work/00_inventory/busco/PvC01_proteins/run_plasmodium_odb10/hmmer_output/initial_run_results/5842at5820.out --cpu 1 /v3/work/00_inventory/busco/busco_downloads/lineages/plasmodium_odb10/hmms/5842at5820.hmm /v3/inputs/annotations/ncbi-datasets/PvC01.proteins.fa 
# Current dir:     /v3/work/00_inventory/busco
# Date:            Tue May 19 18:57:15 2026
# [ok]
