#                                                                            --- full sequence --- -------------- this domain -------------   hmm coord   ali coord   env coord
# target name        accession   tlen query name           accession   qlen   E-value  score  bias   #  of  c-Evalue  i-Evalue  score  bias  from    to  from    to  from    to  acc description of target
#------------------- ---------- ----- -------------------- ---------- ----- --------- ------ ----- --- --- --------- --------- ------ ----- ----- ----- ----- ----- ----- ----- ---- ---------------------
SCO70509.1           -            452 6106at5820           -            446         0 1057.2   7.1   1   1         0         0 1057.0   7.1     1   446     1   447     1   447 1.00 tubulin gamma chain, putative [Plasmodium vivax]
SCO72228.1           -            445 6106at5820           -            446   1.4e-86  289.4   0.0   1   1   1.6e-89   1.6e-86  289.1   0.0     3   424     2   419     1   438 0.94 tubulin beta chain, putative [Plasmodium vivax]
SCO71791.1           -            453 6106at5820           -            446   7.2e-70  234.3   0.0   1   1   8.2e-73   8.6e-70  234.0   0.0     3   410     2   413     1   435 0.92 alpha tubulin 1, putative [Plasmodium vivax]
SCO71466.1           -            450 6106at5820           -            446   9.9e-69  230.5   0.0   1   1   1.1e-71   1.2e-68  230.3   0.0     3   410     2   413     1   435 0.93 alpha tubulin 1, putative [Plasmodium vivax]
SCO74550.1           -            506 6106at5820           -            446   1.1e-51  174.3  14.0   1   1   1.3e-54   1.4e-51  174.0  14.0     1   438     1   433     1   441 0.82 tubulin epsilon chain, putative [Plasmodium vivax]
SCO72098.1           -            662 6106at5820           -            446   3.4e-22   77.1   2.2   1   3   0.00055      0.58    7.2   0.0     5    26     3    24     1    44 0.83 delta tubulin, putative [Plasmodium vivax]
SCO72098.1           -            662 6106at5820           -            446   3.4e-22   77.1   2.2   2   3     0.048        50    0.8   0.0    59    77    82   100    75   133 0.83 delta tubulin, putative [Plasmodium vivax]
SCO72098.1           -            662 6106at5820           -            446   3.4e-22   77.1   2.2   3   3   8.1e-22   8.4e-19   65.9   1.3    86   297   205   421   194   435 0.80 delta tubulin, putative [Plasmodium vivax]
#
# Program:         hmmsearch
# Version:         3.4 (Aug 2023)
# Pipeline mode:   SEARCH
# Query file:      /v3/work/00_inventory/busco/busco_downloads/lineages/plasmodium_odb10/hmms/6106at5820.hmm
# Target file:     /v3/inputs/annotations/ncbi-datasets/PvC01.proteins.fa
# Option settings: hmmsearch --domtblout /v3/work/00_inventory/busco/PvC01_proteins/run_plasmodium_odb10/hmmer_output/initial_run_results/6106at5820.out --cpu 1 /v3/work/00_inventory/busco/busco_downloads/lineages/plasmodium_odb10/hmms/6106at5820.hmm /v3/inputs/annotations/ncbi-datasets/PvC01.proteins.fa 
# Current dir:     /v3/work/00_inventory/busco
# Date:            Tue May 19 18:59:22 2026
# [ok]
