#                                                                            --- full sequence --- -------------- this domain -------------   hmm coord   ali coord   env coord
# target name        accession   tlen query name           accession   qlen   E-value  score  bias   #  of  c-Evalue  i-Evalue  score  bias  from    to  from    to  from    to  acc description of target
#------------------- ---------- ----- -------------------- ---------- ----- --------- ------ ----- --- --- --------- --------- ------ ----- ----- ----- ----- ----- ----- ----- ---- ---------------------
SCO70683.1           -            565 6234at5820           -            412  3.1e-228  756.4  24.5   1   3   2.9e-33   2.6e-30  104.4   0.1     1    72     1    73     1    80 0.92 actin-like protein, putative [Plasmodium vivax]
SCO70683.1           -            565 6234at5820           -            412  3.1e-228  756.4  24.5   2   3   9.8e-94   8.8e-91  303.6   3.4    74   218   170   314   152   321 0.95 actin-like protein, putative [Plasmodium vivax]
SCO70683.1           -            565 6234at5820           -            412  3.1e-228  756.4  24.5   3   3  9.8e-110  8.8e-107  356.3   9.4   214   412   367   565   362   565 0.98 actin-like protein, putative [Plasmodium vivax]
SCO70820.1           -            414 6234at5820           -            412   3.3e-07   28.3   6.5   1   1   1.5e-08   1.4e-05   23.0   6.5   140   356   146   360   100   394 0.68 actin-like protein, putative [Plasmodium vivax]
SCO71862.1           -            599 6234at5820           -            412   2.3e-06   25.6   0.5   1   3       0.2   1.8e+02   -0.4   0.1    97   121   128   152   121   181 0.87 actin-like protein, putative [Plasmodium vivax]
SCO71862.1           -            599 6234at5820           -            412   2.3e-06   25.6   0.5   2   3   8.1e-05     0.072   10.7   0.0   160   218   267   324   255   340 0.83 actin-like protein, putative [Plasmodium vivax]
SCO71862.1           -            599 6234at5820           -            412   2.3e-06   25.6   0.5   3   3   5.7e-05     0.051   11.2   0.0   314   378   501   563   482   578 0.77 actin-like protein, putative [Plasmodium vivax]
SCA60616.1           -            376 6234at5820           -            412   0.00088   17.0   0.0   1   1   2.5e-05     0.022   12.4   0.0   242   341   209   319    54   332 0.76 actin [Plasmodium vivax]
SCO75700.1           -            376 6234at5820           -            412   0.00088   17.0   0.0   1   1   2.5e-05     0.022   12.4   0.0   242   341   209   319    54   332 0.76 actin [Plasmodium vivax]
SCO74940.1           -            376 6234at5820           -            412    0.0048   14.6   0.0   1   1   6.7e-05      0.06   11.0   0.0    73   343    57   321    30   351 0.68 actin [Plasmodium vivax]
SCO74843.1           -            493 6234at5820           -            412      0.06   11.0   0.1   1   2     0.021        19    2.8   0.0   164   215   188   239   155   245 0.86 actin-related protein, putative [Plasmodium vivax]
SCO74843.1           -            493 6234at5820           -            412      0.06   11.0   0.1   2   2    0.0024       2.1    5.9   0.0   278   383   363   468   347   476 0.75 actin-related protein, putative [Plasmodium vivax]
#
# Program:         hmmsearch
# Version:         3.4 (Aug 2023)
# Pipeline mode:   SEARCH
# Query file:      /v3/work/00_inventory/busco/busco_downloads/lineages/plasmodium_odb10/hmms/6234at5820.hmm
# Target file:     /v3/inputs/annotations/ncbi-datasets/PvC01.proteins.fa
# Option settings: hmmsearch --domtblout /v3/work/00_inventory/busco/PvC01_proteins/run_plasmodium_odb10/hmmer_output/initial_run_results/6234at5820.out --cpu 1 /v3/work/00_inventory/busco/busco_downloads/lineages/plasmodium_odb10/hmms/6234at5820.hmm /v3/inputs/annotations/ncbi-datasets/PvC01.proteins.fa 
# Current dir:     /v3/work/00_inventory/busco
# Date:            Tue May 19 19:00:52 2026
# [ok]
