#                                                                            --- full sequence --- -------------- this domain -------------   hmm coord   ali coord   env coord
# target name        accession   tlen query name           accession   qlen   E-value  score  bias   #  of  c-Evalue  i-Evalue  score  bias  from    to  from    to  from    to  acc description of target
#------------------- ---------- ----- -------------------- ---------- ----- --------- ------ ----- --- --- --------- --------- ------ ----- ----- ----- ----- ----- ----- ----- ---- ---------------------
SCO75279.1           -            595 6835at5820           -            476  2.6e-278  921.8  28.7   1   2  3.2e-106    5e-103  343.8   5.8     1   178     1   212     1   237 0.96 TBC domain protein, putative [Plasmodium vivax]
SCO75279.1           -            595 6835at5820           -            476  2.6e-278  921.8  28.7   2   2  3.8e-179    6e-176  584.3  14.9   176   476   282   593   241   593 0.90 TBC domain protein, putative [Plasmodium vivax]
SCO73912.1           -            348 6835at5820           -            476   1.7e-15   55.1  26.2   1   2   2.2e-09   3.4e-06   24.5   6.9    21   135    17   128     9   135 0.82 TBC domain protein, putative [Plasmodium vivax]
SCO73912.1           -            348 6835at5820           -            476   1.7e-15   55.1  26.2   2   2   5.2e-13   8.1e-10   36.4  15.1   190   378   119   320   102   342 0.79 TBC domain protein, putative [Plasmodium vivax]
SCO74180.1           -            620 6835at5820           -            476   1.4e-14   52.1  10.0   1   2     0.068   1.1e+02   -0.2   0.1    79   133   103   177    71   183 0.65 GTPase-activating protein, putative [Plasmodium vivax]
SCO74180.1           -            620 6835at5820           -            476   1.4e-14   52.1  10.0   2   2   6.7e-15   1.1e-11   42.6   9.7   190   336   170   344   114   348 0.65 GTPase-activating protein, putative [Plasmodium vivax]
SCO73285.1           -            732 6835at5820           -            476      0.39    7.8  11.1   1   2      0.12   1.9e+02   -1.0   0.0    59    95   250   287   235   291 0.75 GTPase-activating protein, putative [Plasmodium vivax]
SCO73285.1           -            732 6835at5820           -            476      0.39    7.8  11.1   2   2    0.0004      0.63    7.1   8.4   220   390   355   512   340   538 0.71 GTPase-activating protein, putative [Plasmodium vivax]
#
# Program:         hmmsearch
# Version:         3.4 (Aug 2023)
# Pipeline mode:   SEARCH
# Query file:      /v3/work/00_inventory/busco/busco_downloads/lineages/plasmodium_odb10/hmms/6835at5820.hmm
# Target file:     /v3/inputs/annotations/ncbi-datasets/PvC01.proteins.fa
# Option settings: hmmsearch --domtblout /v3/work/00_inventory/busco/PvC01_proteins/run_plasmodium_odb10/hmmer_output/initial_run_results/6835at5820.out --cpu 1 /v3/work/00_inventory/busco/busco_downloads/lineages/plasmodium_odb10/hmms/6835at5820.hmm /v3/inputs/annotations/ncbi-datasets/PvC01.proteins.fa 
# Current dir:     /v3/work/00_inventory/busco
# Date:            Tue May 19 18:54:08 2026
# [ok]
