#                                                                            --- full sequence --- -------------- this domain -------------   hmm coord   ali coord   env coord
# target name        accession   tlen query name           accession   qlen   E-value  score  bias   #  of  c-Evalue  i-Evalue  score  bias  from    to  from    to  from    to  acc description of target
#------------------- ---------- ----- -------------------- ---------- ----- --------- ------ ----- --- --- --------- --------- ------ ----- ----- ----- ----- ----- ----- ----- ---- ---------------------
SCO75728.1           -            424 6938at5820           -            387  9.9e-271  895.4   7.3   1   1  4.5e-273  1.2e-270  895.1   7.3     6   387    36   424    33   424 0.99 26S protease regulatory subunit 8, putative [Plasmodium vivax]
SCO73665.1           -            822 6938at5820           -            387  7.4e-108  359.3   0.0   1   2     1e-56   2.8e-54  182.9   0.0   123   363   199   437   189   459 0.93 AAA family ATPase, CDC48 subfamily, putative [Plasmodium vivax]
SCO73665.1           -            822 6938at5820           -            387  7.4e-108  359.3   0.0   2   2   4.6e-54   1.3e-51  174.2   0.0   122   354   471   704   460   712 0.95 AAA family ATPase, CDC48 subfamily, putative [Plasmodium vivax]
SCO72225.1           -            447 6938at5820           -            387    1e-107  358.8   0.1   1   1  5.2e-110  1.4e-107  358.3   0.1    91   374   152   436    92   441 0.95 26S protease regulatory subunit 4, putative [Plasmodium vivax]
SCO75192.1           -            420 6938at5820           -            387  1.7e-104  348.2   0.4   1   1    8e-107  2.2e-104  347.8   0.4    73   373    97   405    72   415 0.92 26S protease regulatory subunit 7, putative [Plasmodium vivax]
SCO70456.1           -           1089 6938at5820           -            387  9.6e-104  345.7   0.1   1   2     4e-58   1.1e-55  187.5   0.2   123   363   468   705   463   718 0.93 AAA family ATPase, CDC48 subfamily, putative [Plasmodium vivax]
SCO70456.1           -           1089 6938at5820           -            387  9.6e-104  345.7   0.1   2   2   1.7e-48   4.8e-46  155.8   0.0   124   361   789  1025   778  1028 0.95 AAA family ATPase, CDC48 subfamily, putative [Plasmodium vivax]
SCO75140.1           -            393 6938at5820           -            387  1.7e-100  335.1   5.4   1   1  7.4e-103    2e-100  334.8   5.4     9   372     7   379     1   388 0.88 26S protease regulatory subunit 10B, putative [Plasmodium vivax]
SCO72789.1           -            441 6938at5820           -            387   5.8e-93  310.3   0.0   1   1   3.3e-95   8.9e-93  309.6   0.0    92   374   149   432   141   441 0.96 26S protease regulatory subunit 6A, putative [Plasmodium vivax]
SCO71358.1           -            392 6938at5820           -            387   1.3e-91  305.8   1.3   1   1   6.2e-94   1.7e-91  305.4   1.3    40   374    40   383     6   390 0.87 26S protease regulatory subunit 6B, putative [Plasmodium vivax]
SCO74938.1           -           1172 6938at5820           -            387   1.1e-64  217.1   8.1   1   4   6.9e-08   1.9e-05   22.2   0.0   130   190   342   402   329   423 0.85 AAA family ATPase, putative [Plasmodium vivax]
SCO74938.1           -           1172 6938at5820           -            387   1.1e-64  217.1   8.1   2   4   4.4e-14   1.2e-11   42.6   1.6   220   360   490   625   468   644 0.83 AAA family ATPase, putative [Plasmodium vivax]
SCO74938.1           -           1172 6938at5820           -            387   1.1e-64  217.1   8.1   3   4   2.3e-46   6.2e-44  148.8   0.0   125   318   759   952   743   962 0.90 AAA family ATPase, putative [Plasmodium vivax]
SCO74938.1           -           1172 6938at5820           -            387   1.1e-64  217.1   8.1   4   4     0.018         5    4.3   0.1   330   356  1091  1117  1085  1127 0.83 AAA family ATPase, putative [Plasmodium vivax]
SCO75326.1           -           1070 6938at5820           -            387   4.5e-55  185.5   0.2   1   2   5.6e-06    0.0015   15.9   0.0   140   315   219   382   210   390 0.69 AAA family ATPase, putative [Plasmodium vivax]
SCO75326.1           -           1070 6938at5820           -            387   4.5e-55  185.5   0.2   2   2   9.7e-52   2.6e-49  166.5   0.1   121   358   563   799   541   814 0.93 AAA family ATPase, putative [Plasmodium vivax]
SCO75646.1           -            896 6938at5820           -            387   6.5e-55  185.0   0.0   1   1   3.9e-57   1.1e-54  184.3   0.0   130   368   160   401   153   414 0.93 ATP-dependent zinc metalloprotease FTSH 1, putative [Plasmodium vivax]
SCO72682.1           -            950 6938at5820           -            387     3e-54  182.8   0.1   1   1   2.2e-56   5.9e-54  181.8   0.1   121   372   392   651   362   656 0.87 ATP-dependent zinc metalloprotease FTSH, putative [Plasmodium vivax]
SCO74263.1           -            702 6938at5820           -            387   1.5e-51  173.9   0.7   1   1   9.7e-54   2.7e-51  173.1   0.7   122   372   242   488   232   505 0.93 ATP-dependent zinc metalloprotease FTSH, putative [Plasmodium vivax]
SCO72479.1           -            785 6938at5820           -            387   6.7e-45  152.0   0.3   1   2     9e-42   2.4e-39  133.7   0.2   133   355   256   492   239   520 0.82 N-ethylmaleimide-sensitive fusion protein, putative [Plasmodium vivax]
SCO72479.1           -            785 6938at5820           -            387   6.7e-45  152.0   0.3   2   2   5.1e-06    0.0014   16.0   0.0   167   282   572   687   545   709 0.78 N-ethylmaleimide-sensitive fusion protein, putative [Plasmodium vivax]
SCO74338.1           -            442 6938at5820           -            387   3.5e-37  126.6   0.0   1   1   2.6e-39   7.1e-37  125.6   0.0   128   311   115   294    99   298 0.90 vacuolar protein sorting-associated protein 4, putative [Plasmodium vivax]
SCO70800.1           -            700 6938at5820           -            387   2.3e-35  120.6   0.1   1   1   1.3e-37   3.6e-35  120.0   0.1   134   350   427   644   408   652 0.87 AAA family ATPase, putative [Plasmodium vivax]
SCO70511.1           -           1157 6938at5820           -            387   6.4e-22   76.4   0.0   1   2   1.1e-19   3.1e-17   60.9   0.0   154   263   560   675   537   689 0.76 AAA family ATPase, putative [Plasmodium vivax]
SCO70511.1           -           1157 6938at5820           -            387   6.4e-22   76.4   0.0   2   2   3.9e-05     0.011   13.1   0.0   258   310   754   806   744   815 0.83 AAA family ATPase, putative [Plasmodium vivax]
SCO70418.1           -            665 6938at5820           -            387   1.6e-11   42.2   0.0   1   1   5.8e-14   1.6e-11   42.2   0.0   166   312   344   489   329   510 0.84 AAA family ATPase, putative [Plasmodium vivax]
SCO70489.1           -            976 6938at5820           -            387   4.1e-11   40.8   0.0   1   1   2.4e-13   6.5e-11   40.2   0.0   165   262   734   834   729   875 0.86 AAA family ATPase, putative [Plasmodium vivax]
SCO72878.1           -            627 6938at5820           -            387   1.3e-10   39.2   0.0   1   1   7.7e-13   2.1e-10   38.5   0.0   164   311   344   508   321   521 0.78 AAA family ATPase, putative [Plasmodium vivax]
SCO73823.1           -            483 6938at5820           -            387   3.9e-10   37.6   0.0   1   2   0.00027     0.074   10.3   0.0   159   195   248   284   231   299 0.82 mitochondrial chaperone BCS1, putative [Plasmodium vivax]
SCO73823.1           -            483 6938at5820           -            387   3.9e-10   37.6   0.0   2   2   9.7e-09   2.6e-06   25.0   0.0   256   302   368   414   360   428 0.92 mitochondrial chaperone BCS1, putative [Plasmodium vivax]
SCO74283.1           -            742 6938at5820           -            387   1.3e-06   26.0   0.4   1   3       6.9   1.9e+03   -4.2   0.2    71   107   184   221   171   227 0.66 conserved Plasmodium protein, unknown function [Plasmodium vivax]
SCO74283.1           -            742 6938at5820           -            387   1.3e-06   26.0   0.4   2   3     0.077        21    2.3   0.0   162   202   520   560   514   564 0.89 conserved Plasmodium protein, unknown function [Plasmodium vivax]
SCO74283.1           -            742 6938at5820           -            387   1.3e-06   26.0   0.4   3   3   1.7e-07   4.5e-05   20.9   0.0   193   238   631   676   621   717 0.84 conserved Plasmodium protein, unknown function [Plasmodium vivax]
SCO70583.1           -           1085 6938at5820           -            387    0.0033   14.8   1.0   1   2      0.69   1.9e+02   -0.9   1.0    18    36    40    58    30    68 0.78 replication factor c protein, putative [Plasmodium vivax]
SCO70583.1           -           1085 6938at5820           -            387    0.0033   14.8   1.0   2   2   5.1e-05     0.014   12.7   0.0   168   240   326   397   312   416 0.77 replication factor c protein, putative [Plasmodium vivax]
#
# Program:         hmmsearch
# Version:         3.4 (Aug 2023)
# Pipeline mode:   SEARCH
# Query file:      /v3/work/00_inventory/busco/busco_downloads/lineages/plasmodium_odb10/hmms/6938at5820.hmm
# Target file:     /v3/inputs/annotations/ncbi-datasets/PvC01.proteins.fa
# Option settings: hmmsearch --domtblout /v3/work/00_inventory/busco/PvC01_proteins/run_plasmodium_odb10/hmmer_output/initial_run_results/6938at5820.out --cpu 1 /v3/work/00_inventory/busco/busco_downloads/lineages/plasmodium_odb10/hmms/6938at5820.hmm /v3/inputs/annotations/ncbi-datasets/PvC01.proteins.fa 
# Current dir:     /v3/work/00_inventory/busco
# Date:            Tue May 19 18:55:10 2026
# [ok]
