#                                                                            --- full sequence --- -------------- this domain -------------   hmm coord   ali coord   env coord
# target name        accession   tlen query name           accession   qlen   E-value  score  bias   #  of  c-Evalue  i-Evalue  score  bias  from    to  from    to  from    to  acc description of target
#------------------- ---------- ----- -------------------- ---------- ----- --------- ------ ----- --- --- --------- --------- ------ ----- ----- ----- ----- ----- ----- ----- ---- ---------------------
SCO74859.1           -            886 7104at5820           -            614  4.8e-235  780.5  63.5   1   7     7e-13   4.4e-09   34.1   1.7     1    35     1    35     1    43 0.92 conserved Plasmodium protein, unknown function [Plasmodium vivax]
SCO74859.1           -            886 7104at5820           -            614  4.8e-235  780.5  63.5   2   7   2.8e-14   1.7e-10   38.8   0.4    33    75    73   116    69   122 0.89 conserved Plasmodium protein, unknown function [Plasmodium vivax]
SCO74859.1           -            886 7104at5820           -            614  4.8e-235  780.5  63.5   3   7   7.7e-36   4.8e-32  109.9   5.6    70   206   132   307   125   311 0.79 conserved Plasmodium protein, unknown function [Plasmodium vivax]
SCO74859.1           -            886 7104at5820           -            614  4.8e-235  780.5  63.5   4   7   2.9e-19   1.8e-15   55.2   0.0   197   263   336   403   320   406 0.86 conserved Plasmodium protein, unknown function [Plasmodium vivax]
SCO74859.1           -            886 7104at5820           -            614  4.8e-235  780.5  63.5   5   7     8e-92     5e-88  294.9  14.6   264   451   440   642   417   651 0.93 conserved Plasmodium protein, unknown function [Plasmodium vivax]
SCO74859.1           -            886 7104at5820           -            614  4.8e-235  780.5  63.5   6   7   6.4e-68     4e-64  215.9   8.0   451   583   671   820   668   831 0.94 conserved Plasmodium protein, unknown function [Plasmodium vivax]
SCO74859.1           -            886 7104at5820           -            614  4.8e-235  780.5  63.5   7   7     7e-17   4.4e-13   47.3   0.0   580   614   852   886   842   886 0.88 conserved Plasmodium protein, unknown function [Plasmodium vivax]
#
# Program:         hmmsearch
# Version:         3.4 (Aug 2023)
# Pipeline mode:   SEARCH
# Query file:      /v3/work/00_inventory/busco/busco_downloads/lineages/plasmodium_odb10/hmms/7104at5820.hmm
# Target file:     /v3/inputs/annotations/ncbi-datasets/PvC01.proteins.fa
# Option settings: hmmsearch --domtblout /v3/work/00_inventory/busco/PvC01_proteins/run_plasmodium_odb10/hmmer_output/initial_run_results/7104at5820.out --cpu 1 /v3/work/00_inventory/busco/busco_downloads/lineages/plasmodium_odb10/hmms/7104at5820.hmm /v3/inputs/annotations/ncbi-datasets/PvC01.proteins.fa 
# Current dir:     /v3/work/00_inventory/busco
# Date:            Tue May 19 18:56:38 2026
# [ok]
