#                                                                            --- full sequence --- -------------- this domain -------------   hmm coord   ali coord   env coord
# target name        accession   tlen query name           accession   qlen   E-value  score  bias   #  of  c-Evalue  i-Evalue  score  bias  from    to  from    to  from    to  acc description of target
#------------------- ---------- ----- -------------------- ---------- ----- --------- ------ ----- --- --- --------- --------- ------ ----- ----- ----- ----- ----- ----- ----- ---- ---------------------
SCO73929.1           -            433 7440at5820           -            327  1.6e-139  463.0  14.7   1   2   1.5e-65   2.3e-62  209.5   2.8     4   141    23   176    20   195 0.87 6-cysteine protein [Plasmodium vivax]
SCO73929.1           -            433 7440at5820           -            327  1.6e-139  463.0  14.7   2   2   2.2e-80   3.5e-77  258.2   4.4   126   326   197   431   190   432 0.88 6-cysteine protein [Plasmodium vivax]
SCO73930.1           -            450 7440at5820           -            327   1.3e-20   72.2  18.4   1   2   5.7e-12     9e-09   33.3   7.5     8   135    46   177    40   233 0.85 6-cysteine protein [Plasmodium vivax]
SCO73930.1           -            450 7440at5820           -            327   1.3e-20   72.2  18.4   2   2   1.4e-15   2.2e-12   45.2   2.5   183   325   289   444   254   450 0.77 6-cysteine protein [Plasmodium vivax]
SCO73729.1           -            431 7440at5820           -            327     7e-11   40.3   0.1   1   2   1.5e-10   2.4e-07   28.6   0.0    38   139   112   212   100   218 0.79 6-cysteine protein [Plasmodium vivax]
SCO73729.1           -            431 7440at5820           -            327     7e-11   40.3   0.1   2   2    0.0001      0.16    9.5   0.0   212   252   303   347   289   393 0.69 6-cysteine protein [Plasmodium vivax]
SCO73730.1           -            362 7440at5820           -            327   9.3e-09   33.3  13.9   1   2   0.00017      0.26    8.8   4.8    24   123    44   161    21   171 0.54 6-cysteine protein [Plasmodium vivax]
SCO73730.1           -            362 7440at5820           -            327   9.3e-09   33.3  13.9   2   2   3.3e-09   5.2e-06   24.2   1.6   188   286   191   293   175   318 0.64 6-cysteine protein [Plasmodium vivax]
#
# Program:         hmmsearch
# Version:         3.4 (Aug 2023)
# Pipeline mode:   SEARCH
# Query file:      /v3/work/00_inventory/busco/busco_downloads/lineages/plasmodium_odb10/hmms/7440at5820.hmm
# Target file:     /v3/inputs/annotations/ncbi-datasets/PvC01.proteins.fa
# Option settings: hmmsearch --domtblout /v3/work/00_inventory/busco/PvC01_proteins/run_plasmodium_odb10/hmmer_output/initial_run_results/7440at5820.out --cpu 1 /v3/work/00_inventory/busco/busco_downloads/lineages/plasmodium_odb10/hmms/7440at5820.hmm /v3/inputs/annotations/ncbi-datasets/PvC01.proteins.fa 
# Current dir:     /v3/work/00_inventory/busco
# Date:            Tue May 19 18:59:03 2026
# [ok]
