#                                                                            --- full sequence --- -------------- this domain -------------   hmm coord   ali coord   env coord
# target name        accession   tlen query name           accession   qlen   E-value  score  bias   #  of  c-Evalue  i-Evalue  score  bias  from    to  from    to  from    to  acc description of target
#------------------- ---------- ----- -------------------- ---------- ----- --------- ------ ----- --- --- --------- --------- ------ ----- ----- ----- ----- ----- ----- ----- ---- ---------------------
SCO71792.1           -           1424 799at5820            -           1183         0 1954.4  58.4   1   5  1.2e-194  2.5e-191  636.4  12.2     1   382     5   418     5   424 0.94 LCCL domain-containing protein [Plasmodium vivax]
SCO71792.1           -           1424 799at5820            -           1183         0 1954.4  58.4   2   5  5.1e-190  1.1e-186  621.0   2.9   381   726   455   827   448   829 0.95 LCCL domain-containing protein [Plasmodium vivax]
SCO71792.1           -           1424 799at5820            -           1183         0 1954.4  58.4   3   5  3.8e-142    8e-139  462.5  20.5   725  1013   858  1163   850  1190 0.93 LCCL domain-containing protein [Plasmodium vivax]
SCO71792.1           -           1424 799at5820            -           1183         0 1954.4  58.4   4   5    0.0048        10    1.8   0.0  1009  1029  1202  1226  1192  1234 0.86 LCCL domain-containing protein [Plasmodium vivax]
SCO71792.1           -           1424 799at5820            -           1183         0 1954.4  58.4   5   5   1.8e-77   3.8e-74  248.2   0.1  1025  1183  1261  1423  1252  1423 0.95 LCCL domain-containing protein [Plasmodium vivax]
SCO74994.1           -           1306 799at5820            -           1183   7.9e-19   65.0   8.1   1   4   2.6e-07   0.00054   15.9   0.1   579   649   305   377   278   399 0.70 LCCL domain-containing protein, putative [Plasmodium vivax]
SCO74994.1           -           1306 799at5820            -           1183   7.9e-19   65.0   8.1   2   4   6.2e-09   1.3e-05   21.3   0.1   584   671   716   802   700   816 0.79 LCCL domain-containing protein, putative [Plasmodium vivax]
SCO74994.1           -           1306 799at5820            -           1183   7.9e-19   65.0   8.1   3   4   2.1e-05     0.044    9.6   0.1   585   618  1114  1149  1084  1152 0.78 LCCL domain-containing protein, putative [Plasmodium vivax]
SCO74994.1           -           1306 799at5820            -           1183   7.9e-19   65.0   8.1   4   4   1.2e-08   2.4e-05   20.4   0.0   589   627  1231  1272  1207  1300 0.78 LCCL domain-containing protein, putative [Plasmodium vivax]
SCO70604.1           -           1085 799at5820            -           1183     0.018   10.9   1.5   1   2    0.0059        12    1.5   0.0   324   348   412   436   408   439 0.92 LCCL domain-containing protein [Plasmodium vivax]
SCO70604.1           -           1085 799at5820            -           1183     0.018   10.9   1.5   2   2   8.1e-05      0.17    7.6   0.5   587   619   780   811   768   815 0.85 LCCL domain-containing protein [Plasmodium vivax]
#
# Program:         hmmsearch
# Version:         3.4 (Aug 2023)
# Pipeline mode:   SEARCH
# Query file:      /v3/work/00_inventory/busco/busco_downloads/lineages/plasmodium_odb10/hmms/799at5820.hmm
# Target file:     /v3/inputs/annotations/ncbi-datasets/PvC01.proteins.fa
# Option settings: hmmsearch --domtblout /v3/work/00_inventory/busco/PvC01_proteins/run_plasmodium_odb10/hmmer_output/initial_run_results/799at5820.out --cpu 1 /v3/work/00_inventory/busco/busco_downloads/lineages/plasmodium_odb10/hmms/799at5820.hmm /v3/inputs/annotations/ncbi-datasets/PvC01.proteins.fa 
# Current dir:     /v3/work/00_inventory/busco
# Date:            Tue May 19 19:05:53 2026
# [ok]
