#                                                                            --- full sequence --- -------------- this domain -------------   hmm coord   ali coord   env coord
# target name        accession   tlen query name           accession   qlen   E-value  score  bias   #  of  c-Evalue  i-Evalue  score  bias  from    to  from    to  from    to  acc description of target
#------------------- ---------- ----- -------------------- ---------- ----- --------- ------ ----- --- --- --------- --------- ------ ----- ----- ----- ----- ----- ----- ----- ---- ---------------------
SCO73054.1           -            533 8026at5820           -            413  9.5e-183  606.4  52.9   1   3   2.5e-51   5.3e-48  162.5  18.9     1   102     1   105     1   109 0.95 nucleolar preribosomal GTPase, putative [Plasmodium vivax]
SCO73054.1           -            533 8026at5820           -            413  9.5e-183  606.4  52.9   2   3   1.9e-60   3.9e-57  192.6   6.6   101   211   153   266   150   276 0.94 nucleolar preribosomal GTPase, putative [Plasmodium vivax]
SCO73054.1           -            533 8026at5820           -            413  9.5e-183  606.4  52.9   3   3     6e-82   1.3e-78  263.4  11.4   210   412   300   531   293   532 0.88 nucleolar preribosomal GTPase, putative [Plasmodium vivax]
SCO74769.1           -            776 8026at5820           -            413   1.2e-10   39.5   1.2   1   2       1.4   2.9e+03   -4.6   1.3    80    80    49    49     8    99 0.51 large ribosomal subunit associated GTPase, putative [Plasmodium vivax]
SCO74769.1           -            776 8026at5820           -            413   1.2e-10   39.5   1.2   2   2   5.6e-14   1.2e-10   39.5   1.2   130   209   337   418   290   429 0.87 large ribosomal subunit associated GTPase, putative [Plasmodium vivax]
SCO74841.1           -            518 8026at5820           -            413   6.6e-09   33.8   6.8   1   2       1.7   3.5e+03   -4.9   2.2    78    86    41    49     6    94 0.53 nucleolar GTP-binding protein 2, putative [Plasmodium vivax]
SCO74841.1           -            518 8026at5820           -            413   6.6e-09   33.8   6.8   2   2   3.1e-12   6.6e-09   33.8   6.8    69   250   151   349   137   485 0.71 nucleolar GTP-binding protein 2, putative [Plasmodium vivax]
#
# Program:         hmmsearch
# Version:         3.4 (Aug 2023)
# Pipeline mode:   SEARCH
# Query file:      /v3/work/00_inventory/busco/busco_downloads/lineages/plasmodium_odb10/hmms/8026at5820.hmm
# Target file:     /v3/inputs/annotations/ncbi-datasets/PvC01.proteins.fa
# Option settings: hmmsearch --domtblout /v3/work/00_inventory/busco/PvC01_proteins/run_plasmodium_odb10/hmmer_output/initial_run_results/8026at5820.out --cpu 1 /v3/work/00_inventory/busco/busco_downloads/lineages/plasmodium_odb10/hmms/8026at5820.hmm /v3/inputs/annotations/ncbi-datasets/PvC01.proteins.fa 
# Current dir:     /v3/work/00_inventory/busco
# Date:            Tue May 19 19:06:01 2026
# [ok]
