#                                                                            --- full sequence --- -------------- this domain -------------   hmm coord   ali coord   env coord
# target name        accession   tlen query name           accession   qlen   E-value  score  bias   #  of  c-Evalue  i-Evalue  score  bias  from    to  from    to  from    to  acc description of target
#------------------- ---------- ----- -------------------- ---------- ----- --------- ------ ----- --- --- --------- --------- ------ ----- ----- ----- ----- ----- ----- ----- ---- ---------------------
SCO73343.1           -            487 8505at5820           -            437  8.3e-182  603.2  71.5   1   1    2e-183    1e-180  599.6  71.5     1   437     1   487     1   487 0.89 merozoite surface protein 8, putative [Plasmodium vivax]
SCO73655.1           -            479 8505at5820           -            437   1.2e-17   62.2  24.1   1   2     0.017       8.8    3.4   3.1     2    87     7   102     6   171 0.50 merozoite surface protein 10, putative [Plasmodium vivax]
SCO73655.1           -            479 8505at5820           -            437   1.2e-17   62.2  24.1   2   2   2.2e-20   1.2e-17   62.2  24.1   319   435   359   477   329   479 0.80 merozoite surface protein 10, putative [Plasmodium vivax]
SCO72062.1           -           1857 8505at5820           -            437   2.3e-14   51.4  12.1   1   2       4.5   2.4e+03   -4.7   2.5    76   142   321   387   293   402 0.42 merozoite surface protein 1 paralog [Plasmodium vivax]
SCO72062.1           -           1857 8505at5820           -            437   2.3e-14   51.4  12.1   2   2   4.4e-17   2.3e-14   51.4  12.1   330   433  1753  1854  1741  1856 0.89 merozoite surface protein 1 paralog [Plasmodium vivax]
SCO72063.1           -           1709 8505at5820           -            437   3.8e-14   50.7   5.7   1   4     0.052        27    1.7   0.4     7    49     7    68     1    86 0.65 merozoite surface protein 1 [Plasmodium vivax]
SCO72063.1           -           1709 8505at5820           -            437   3.8e-14   50.7   5.7   2   4       5.1   2.7e+03   -4.8   2.8   139   199   153   214   111   218 0.69 merozoite surface protein 1 [Plasmodium vivax]
SCO72063.1           -           1709 8505at5820           -            437   3.8e-14   50.7   5.7   3   4      0.93   4.8e+02   -2.4   6.3    72   143   821   888   693   903 0.59 merozoite surface protein 1 [Plasmodium vivax]
SCO72063.1           -           1709 8505at5820           -            437   3.8e-14   50.7   5.7   4   4   7.2e-17   3.8e-14   50.7   5.7   328   434  1600  1707  1592  1709 0.89 merozoite surface protein 1 [Plasmodium vivax]
SCO74023.1           -            139 8505at5820           -            437   5.1e-05   20.6  19.8   1   1     1e-07   5.3e-05   20.6  19.8     5   100     5   135     1   139 0.79 conserved Plasmodium protein, unknown function [Plasmodium vivax]
SCO75033.1           -            358 8505at5820           -            437   5.1e-05   20.6  13.1   1   1     2e-07    0.0001   19.6  13.1   338   435   253   358   240   358 0.78 conserved Plasmodium protein, unknown function [Plasmodium vivax]
SCO74523.1           -            340 8505at5820           -            437     0.068   10.3  13.4   1   1   0.00018     0.096    9.8  13.4     8   115    14   130     8   164 0.46 copper transporter, putative [Plasmodium vivax]
SCO75409.1           -            194 8505at5820           -            437      0.14    9.2   6.6   1   1   0.00033      0.18    9.0   6.6    31   112    80   160    58   182 0.46 conserved Plasmodium protein, unknown function [Plasmodium vivax]
SCO75184.1           -            158 8505at5820           -            437      0.39    7.8  16.1   1   1   0.00071      0.37    7.9  16.1    37    94   101   152    38   158 0.51 RNA-binding protein, putative [Plasmodium vivax]
SCO73973.1           -            378 8505at5820           -            437       1.2    6.2  23.4   1   2   0.00046      0.24    8.5  14.4    35    91    87   144    51   182 0.49 casein kinase II beta chain, putative [Plasmodium vivax]
SCO73973.1           -            378 8505at5820           -            437       1.2    6.2  23.4   2   2     0.023        12    2.9   1.6    61    85   198   226   183   264 0.64 casein kinase II beta chain, putative [Plasmodium vivax]
SCO73407.1           -            250 8505at5820           -            437       4.1    4.4  21.8   1   2       1.3   6.8e+02   -2.9  17.9    50   151    95   199     9   202 0.59 conserved Plasmodium protein, unknown function [Plasmodium vivax]
SCO73407.1           -            250 8505at5820           -            437       4.1    4.4  21.8   2   2   0.00014     0.074   10.2   2.5   265   309   193   237   176   248 0.83 conserved Plasmodium protein, unknown function [Plasmodium vivax]
SCO75023.1           -            132 8505at5820           -            437       7.3    3.6  19.6   1   1     0.016       8.3    3.4  19.6    17   102    11    93     3   114 0.58 conserved Plasmodium protein, unknown function [Plasmodium vivax]
#
# Program:         hmmsearch
# Version:         3.4 (Aug 2023)
# Pipeline mode:   SEARCH
# Query file:      /v3/work/00_inventory/busco/busco_downloads/lineages/plasmodium_odb10/hmms/8505at5820.hmm
# Target file:     /v3/inputs/annotations/ncbi-datasets/PvC01.proteins.fa
# Option settings: hmmsearch --domtblout /v3/work/00_inventory/busco/PvC01_proteins/run_plasmodium_odb10/hmmer_output/initial_run_results/8505at5820.out --cpu 1 /v3/work/00_inventory/busco/busco_downloads/lineages/plasmodium_odb10/hmms/8505at5820.hmm /v3/inputs/annotations/ncbi-datasets/PvC01.proteins.fa 
# Current dir:     /v3/work/00_inventory/busco
# Date:            Tue May 19 19:06:09 2026
# [ok]
