#                                                                            --- full sequence --- -------------- this domain -------------   hmm coord   ali coord   env coord
# target name        accession   tlen query name           accession   qlen   E-value  score  bias   #  of  c-Evalue  i-Evalue  score  bias  from    to  from    to  from    to  acc description of target
#------------------- ---------- ----- -------------------- ---------- ----- --------- ------ ----- --- --- --------- --------- ------ ----- ----- ----- ----- ----- ----- ----- ---- ---------------------
SCO72289.1           -            325 8595at5820           -            294    1e-187  621.0  19.7   1   1  2.7e-189  3.3e-187  619.4  19.7     1   294     5   320     5   320 0.97 MO15-related protein kinase, putative [Plasmodium vivax]
SCO73517.1           -            288 8595at5820           -            294   3.2e-69  232.0   0.0   1   1   3.2e-71   3.8e-69  231.8   0.0    12   283    10   285     2   288 0.91 protein kinase 5 [Plasmodium vivax]
SCO71430.1           -            612 8595at5820           -            294   3.3e-61  205.7   9.3   1   2   3.9e-58   4.7e-56  188.8   8.3     9   240   270   502   263   524 0.91 cdc2-related protein kinase 1, putative [Plasmodium vivax]
SCO71430.1           -            612 8595at5820           -            294   3.3e-61  205.7   9.3   2   2   1.9e-05    0.0022   15.9   0.0   254   292   540   579   534   581 0.88 cdc2-related protein kinase 1, putative [Plasmodium vivax]
SCO74767.1           -            722 8595at5820           -            294   5.1e-50  169.0   3.4   1   1   6.3e-52   7.6e-50  168.4   3.4    12   282    26   309    17   318 0.87 mitogen-activated protein kinase 1, putative [Plasmodium vivax]
SCO71375.1           -           1590 8595at5820           -            294   3.2e-46  156.5   4.4   1   2   8.7e-08     1e-05   23.5   1.0     8    74   654   715   648   721 0.87 CDK-related kinase 3, putative [Plasmodium vivax]
SCO71375.1           -           1590 8595at5820           -            294   3.2e-46  156.5   4.4   2   2   2.9e-41   3.5e-39  133.5   0.1   100   292   901  1117   895  1119 0.84 CDK-related kinase 3, putative [Plasmodium vivax]
SCO74019.1           -            305 8595at5820           -            294   1.4e-44  151.1   6.7   1   1   2.5e-46     3e-44  150.1   6.7    11   282    14   293     4   302 0.83 CDK-related protein kinase 6, putative [Plasmodium vivax]
SCO72626.1           -            575 8595at5820           -            294   3.4e-42  143.3  11.8   1   3   4.1e-25     5e-23   80.4   6.8    10   157   176   324   170   335 0.88 mitogen-activated protein kinase 2, putative [Plasmodium vivax]
SCO72626.1           -            575 8595at5820           -            294   3.4e-42  143.3  11.8   2   3   5.7e-15   6.9e-13   47.1   0.0   160   202   351   393   346   405 0.91 mitogen-activated protein kinase 2, putative [Plasmodium vivax]
SCO72626.1           -            575 8595at5820           -            294   3.4e-42  143.3  11.8   3   3   9.5e-06    0.0011   16.9   0.0   212   282   431   512   422   518 0.72 mitogen-activated protein kinase 2, putative [Plasmodium vivax]
SCO70370.1           -            483 8595at5820           -            294   6.7e-32  109.5   3.3   1   1   2.1e-33   2.5e-31  107.7   3.3     9   243   111   344   103   403 0.72 glycogen synthase kinase 3, putative [Plasmodium vivax]
SCO71288.1           -            807 8595at5820           -            294   7.2e-29   99.6  12.2   1   3     0.002      0.24    9.2   0.8    11    96    40   119    33   131 0.75 protein kinase 1, putative [Plasmodium vivax]
SCO71288.1           -            807 8595at5820           -            294   7.2e-29   99.6  12.2   2   3   1.3e-05    0.0016   16.4   0.6    93   144   222   275   200   296 0.90 protein kinase 1, putative [Plasmodium vivax]
SCO71288.1           -            807 8595at5820           -            294   7.2e-29   99.6  12.2   3   3   5.9e-25   7.1e-23   79.9   0.2   144   282   579   724   562   730 0.83 protein kinase 1, putative [Plasmodium vivax]
SCO75237.1           -            341 8595at5820           -            294   6.9e-27   93.1   2.5   1   1   1.8e-28   2.2e-26   91.4   2.5    10   217    34   247    26   271 0.75 protein kinase, putative [Plasmodium vivax]
SCO71015.1           -            526 8595at5820           -            294   1.3e-26   92.2  12.6   1   1   3.4e-27   4.1e-25   87.2  12.6     7   221    57   282    53   337 0.77 calcium-dependent protein kinase 1, putative [Plasmodium vivax]
SCO72577.1           -            335 8595at5820           -            294   2.7e-26   91.1   9.5   1   1   1.4e-27   1.7e-25   88.5   9.5    11   283    48   329    39   332 0.79 casein kinase 2, alpha subunit, putative [Plasmodium vivax]
SCO70858.1           -            529 8595at5820           -            294   4.5e-26   90.4  10.2   1   1   3.2e-27   3.9e-25   87.3  10.2    10   220    75   283    68   345 0.87 calcium-dependent protein kinase 4, putative [Plasmodium vivax]
SCO72411.1           -            602 8595at5820           -            294   1.4e-25   88.8   0.9   1   1   9.8e-27   1.2e-24   85.7   0.9     8   222   160   369   154   423 0.86 calcium-dependent protein kinase 3, putative [Plasmodium vivax]
SCO74013.1           -            563 8595at5820           -            294   6.5e-24   83.3  10.5   1   1   5.7e-24   6.9e-22   76.7  10.2     8   221   123   330   117   386 0.85 calcium-dependent protein kinase 5, putative [Plasmodium vivax]
SCO74371.1           -            861 8595at5820           -            294   3.8e-23   80.8   7.1   1   1   5.5e-25   6.6e-23   80.0   7.1    11   209   486   681   478   694 0.84 serine/threonine protein kinase KIN, putative [Plasmodium vivax]
SCO73702.1           -            791 8595at5820           -            294   1.3e-22   79.1  11.2   1   5       6.2   7.5e+02   -2.2   0.1    12    23    26    37    22    82 0.82 cdc2-related protein kinase 5, putative [Plasmodium vivax]
SCO73702.1           -            791 8595at5820           -            294   1.3e-22   79.1  11.2   2   5     0.057       6.9    4.4   0.2    44    81    84   122    59   138 0.77 cdc2-related protein kinase 5, putative [Plasmodium vivax]
SCO73702.1           -            791 8595at5820           -            294   1.3e-22   79.1  11.2   3   5   6.7e-12   8.2e-10   37.0   0.4    66   181   142   267   123   273 0.80 cdc2-related protein kinase 5, putative [Plasmodium vivax]
SCO73702.1           -            791 8595at5820           -            294   1.3e-22   79.1  11.2   4   5   1.7e-13   2.1e-11   42.3   0.1   184   283   464   579   457   585 0.81 cdc2-related protein kinase 5, putative [Plasmodium vivax]
SCO73702.1           -            791 8595at5820           -            294   1.3e-22   79.1  11.2   5   5       3.8   4.6e+02   -1.5   0.0    53    73   678   698   664   710 0.76 cdc2-related protein kinase 5, putative [Plasmodium vivax]
SCO72377.1           -           1391 8595at5820           -            294   2.4e-22   78.2  11.8   1   2    0.0096       1.2    7.0   0.4    11    80   803   872   795   880 0.78 cdc2-related protein kinase 4, putative [Plasmodium vivax]
SCO72377.1           -           1391 8595at5820           -            294   2.4e-22   78.2  11.8   2   2     1e-22   1.2e-20   72.6   5.7    49   283  1095  1369  1056  1376 0.72 cdc2-related protein kinase 4, putative [Plasmodium vivax]
SCO72633.1           -            708 8595at5820           -            294   3.4e-21   74.4   5.8   1   2      0.27        33    2.2   0.2   205   273   263   336   238   351 0.71 serine/threonine-protein kinase PRP4K, putative [Plasmodium vivax]
SCO72633.1           -            708 8595at5820           -            294   3.4e-21   74.4   5.8   2   2   2.8e-23   3.4e-21   74.4   5.8     3   213   371   580   369   596 0.88 serine/threonine-protein kinase PRP4K, putative [Plasmodium vivax]
SCO70874.1           -            310 8595at5820           -            294   6.6e-18   63.6   3.3   1   1   6.8e-20   8.2e-18   63.3   3.3    35   220    29   216     5   282 0.78 serine/threonine-protein kinase NEK4, putative [Plasmodium vivax]
SCO75228.1           -            368 8595at5820           -            294   1.5e-17   62.4   7.9   1   2   1.3e-19   1.5e-17   62.4   7.9     6   198   109   299   104   314 0.86 serine/threonine protein kinase, putative [Plasmodium vivax]
SCO75228.1           -            368 8595at5820           -            294   1.5e-17   62.4   7.9   2   2       2.8   3.4e+02   -1.1   0.0    88   117   329   357   315   362 0.68 serine/threonine protein kinase, putative [Plasmodium vivax]
SCO72419.1           -           1600 8595at5820           -            294   2.9e-17   61.5   1.1   1   1   4.2e-19   5.1e-17   60.7   1.1     3   206  1329  1540  1327  1560 0.80 aurora-related kinase 2, putative [Plasmodium vivax]
SCO72717.1           -           1966 8595at5820           -            294   6.1e-17   60.4   1.8   1   1     5e-19   6.1e-17   60.4   1.8    11   237  1517  1726  1510  1776 0.78 calcium-dependent protein kinase 7, putative [Plasmodium vivax]
SCO72714.1           -           1628 8595at5820           -            294   2.4e-15   55.2  12.5   1   1     4e-17   4.8e-15   54.2  12.5     5   211  1188  1387  1184  1399 0.86 calcium-dependent protein kinase 6, putative [Plasmodium vivax]
SCO74484.1           -           1309 8595at5820           -            294   3.8e-15   54.5   5.1   1   3   7.6e-08   9.2e-06   23.7   1.2    67   147   918  1001   908  1016 0.86 serine/threonine protein kinase, putative [Plasmodium vivax]
SCO74484.1           -           1309 8595at5820           -            294   3.8e-15   54.5   5.1   2   3   6.4e-10   7.7e-08   30.6   0.1   136   213  1075  1148  1068  1161 0.81 serine/threonine protein kinase, putative [Plasmodium vivax]
SCO74484.1           -           1309 8595at5820           -            294   3.8e-15   54.5   5.1   3   3       3.1   3.8e+02   -1.3   0.0   249   281  1266  1299  1255  1304 0.78 serine/threonine protein kinase, putative [Plasmodium vivax]
SCO73091.1           -            288 8595at5820           -            294   7.5e-15   53.6   1.2   1   1   6.2e-17   7.5e-15   53.6   1.2    55   211    55   215    15   227 0.78 NIMA related kinase 2, putative [Plasmodium vivax]
SCO75530.1           -            978 8595at5820           -            294   3.1e-14   51.5   2.8   1   1   1.7e-15     2e-13   48.9   2.8    55   217    59   252    53   257 0.76 NIMA related kinase 1, putative [Plasmodium vivax]
SCO74835.1           -            284 8595at5820           -            294   3.5e-14   51.4  13.7   1   1   7.8e-16   9.4e-14   50.0  13.7    10   217    26   230    18   282 0.86 calcium-dependent protein kinase, putative [Plasmodium vivax]
SCO70533.1           -            721 8595at5820           -            294   4.2e-14   51.1   1.1   1   1   5.2e-16   6.3e-14   50.5   1.1    10   208   462   656   453   697 0.83 protein kinase, putative [Plasmodium vivax]
SCO72705.1           -            561 8595at5820           -            294   2.3e-13   48.7   9.5   1   2   4.2e-14   5.1e-12   44.3   5.9    33   154    60   185    35   191 0.79 3-phosphoinositide dependent protein kinase-1, putative [Plasmodium vivax]
SCO72705.1           -            561 8595at5820           -            294   2.3e-13   48.7   9.5   2   2      0.03       3.7    5.3   0.1   153   213   332   391   274   400 0.67 3-phosphoinositide dependent protein kinase-1, putative [Plasmodium vivax]
SCO71161.1           -           2125 8595at5820           -            294   4.9e-13   47.6   1.0   1   1   6.7e-15   8.1e-13   46.9   1.0    55   216  1745  1908  1722  1923 0.80 protein kinase, putative [Plasmodium vivax]
SCO74460.1           -            877 8595at5820           -            294   8.8e-13   46.8   6.3   1   2   1.1e-05    0.0014   16.6   5.4    12   140   554   682   545   690 0.86 protein serine/threonine kinase-1, putative [Plasmodium vivax]
SCO74460.1           -            877 8595at5820           -            294   8.8e-13   46.8   6.3   2   2   2.4e-09   2.9e-07   28.7   0.0   135   218   702   780   693   792 0.84 protein serine/threonine kinase-1, putative [Plasmodium vivax]
SCO73904.1           -           1730 8595at5820           -            294     2e-12   45.6   0.0   1   1   3.8e-14   4.6e-12   44.4   0.0   110   220  1558  1667  1537  1698 0.90 tyrosine kinase-like protein, putative [Plasmodium vivax]
SCO74716.1           -            854 8595at5820           -            294   3.6e-12   44.8   0.0   1   1   9.7e-14   1.2e-11   43.1   0.0    67   217   599   745   545   756 0.72 cGMP-dependent protein kinase, putative [Plasmodium vivax]
SCO73518.1           -           4012 8595at5820           -            294   4.5e-12   44.5   1.4   1   1   6.6e-14     8e-12   43.6   1.4    12   211  1193  1389  1183  1402 0.83 aurora-related kinase 3, putative [Plasmodium vivax]
SCO73802.1           -            354 8595at5820           -            294   6.4e-12   43.9   0.1   1   1   9.1e-14   1.1e-11   43.2   0.1    10   282    36   307    31   320 0.72 serine/threonine protein kinase, putative [Plasmodium vivax]
SCO74414.1           -            377 8595at5820           -            294     2e-11   42.3  11.1   1   1     3e-13   3.6e-11   41.5  11.1    10   215    46   256    36   267 0.76 protein kinase, putative [Plasmodium vivax]
SCO72699.1           -           1553 8595at5820           -            294     1e-10   40.0   7.1   1   3     0.021       2.5    5.9   0.3    56    91   229   264   191   278 0.82 tyrosine kinase-like protein, putative [Plasmodium vivax]
SCO72699.1           -           1553 8595at5820           -            294     1e-10   40.0   7.1   2   3   2.7e-11   3.2e-09   35.1   0.3   106   206   355   455   348   471 0.83 tyrosine kinase-like protein, putative [Plasmodium vivax]
SCO72699.1           -           1553 8595at5820           -            294     1e-10   40.0   7.1   3   3      0.67        81    0.9   0.1   188   240   496   546   486   563 0.82 tyrosine kinase-like protein, putative [Plasmodium vivax]
SCO72109.1           -            341 8595at5820           -            294   2.5e-10   38.7   0.2   1   1     3e-12   3.6e-10   38.2   0.2    11   206    38   227    30   248 0.82 cAMP-dependent protein kinase catalytic subunit, putative [Plasmodium vivax]
SCO75708.1           -            755 8595at5820           -            294   3.6e-10   38.2   0.3   1   2       7.6   9.2e+02   -2.5   0.1   229   255   360   386   356   399 0.78 rac-beta serine/threonine protein kinase, putative [Plasmodium vivax]
SCO75708.1           -            755 8595at5820           -            294   3.6e-10   38.2   0.3   2   2     3e-12   3.6e-10   38.2   0.3    11   204   434   623   427   634 0.76 rac-beta serine/threonine protein kinase, putative [Plasmodium vivax]
SCO71073.1           -           1029 8595at5820           -            294   6.9e-10   37.3   0.6   1   1   1.1e-11   1.3e-09   36.4   0.6     8   204   760   960   754   970 0.73 tyrosine kinase-like protein, putative [Plasmodium vivax]
SCO74469.1           -           1528 8595at5820           -            294     7e-10   37.3   4.3   1   2   5.8e-12     7e-10   37.3   4.3   110   202   626   719   520   727 0.70 serine/threonine protein kinase, putative [Plasmodium vivax]
SCO74469.1           -           1528 8595at5820           -            294     7e-10   37.3   4.3   2   2      0.17        21    2.9   0.8    91   153   838   903   821   923 0.80 serine/threonine protein kinase, putative [Plasmodium vivax]
SCO75310.1           -            517 8595at5820           -            294   2.2e-09   35.6   8.2   1   2   3.5e-06   0.00043   18.3   2.9    56   140   259   344   243   358 0.87 calcium-dependent protein kinase 3, putative [Plasmodium vivax]
SCO75310.1           -            517 8595at5820           -            294   2.2e-09   35.6   8.2   2   2   1.2e-06   0.00014   19.9   0.0   142   202   394   453   372   481 0.88 calcium-dependent protein kinase 3, putative [Plasmodium vivax]
SCO70353.1           -           1251 8595at5820           -            294   2.3e-09   35.6  11.1   1   1     4e-11   4.9e-09   34.5  11.1    10   154   737   880   729   893 0.84 serine/threonine protein kinase, putative [Plasmodium vivax]
SCO74002.1           -            897 8595at5820           -            294   3.6e-09   34.9   0.0   1   2   3.9e-10   4.7e-08   31.3   0.0   111   204   535   635   522   677 0.78 serine/threonine protein kinase, putative [Plasmodium vivax]
SCO74002.1           -            897 8595at5820           -            294   3.6e-09   34.9   0.0   2   2      0.73        88    0.8   0.0   264   283   876   895   865   897 0.80 serine/threonine protein kinase, putative [Plasmodium vivax]
SCO72542.1           -           1272 8595at5820           -            294   3.7e-09   34.9  15.1   1   2   6.7e-09   8.1e-07   27.2  12.0    26   144   285   405   280   416 0.83 calcium/calmodulin-dependent protein kinase, putative [Plasmodium vivax]
SCO72542.1           -           1272 8595at5820           -            294   3.7e-09   34.9  15.1   2   2    0.0048      0.58    8.0   0.0   168   202   533   566   527   576 0.81 calcium/calmodulin-dependent protein kinase, putative [Plasmodium vivax]
SCO72017.1           -           3241 8595at5820           -            294   3.6e-08   31.6   1.8   1   1     5e-10   6.1e-08   30.9   1.8     8   202  2946  3160  2938  3180 0.71 protein kinase, putative [Plasmodium vivax]
SCO72851.1           -            323 8595at5820           -            294   2.1e-07   29.1   3.5   1   1   2.9e-08   3.5e-06   25.1   2.5    12   157    15   157     6   181 0.71 casein kinase 1, putative [Plasmodium vivax]
SCO71044.1           -           1622 8595at5820           -            294   2.3e-07   29.0   4.4   1   1   4.3e-09   5.2e-07   27.8   4.4    15   148  1107  1239  1096  1251 0.74 serine/threonine protein kinase, putative [Plasmodium vivax]
SCO72935.1           -           1984 8595at5820           -            294   9.4e-05   20.4   0.1   1   1   2.2e-06   0.00027   18.9   0.1    12   196    83   264    74   271 0.68 serine/threonine protein kinase, putative [Plasmodium vivax]
SCO70492.1           -           1415 8595at5820           -            294   0.00021   19.3   2.3   1   2       8.6     1e+03   -2.7   0.0    54    89  1082  1117  1076  1121 0.87 serine/threonine protein kinase, FIKK family [Plasmodium vivax]
SCO70492.1           -           1415 8595at5820           -            294   0.00021   19.3   2.3   2   2   1.9e-06   0.00023   19.2   0.6    94   160  1197  1263  1164  1332 0.81 serine/threonine protein kinase, FIKK family [Plasmodium vivax]
SCO70360.1           -           2994 8595at5820           -            294   0.00073   17.5   0.8   1   1     1e-05    0.0012   16.7   0.8    66   209   228   383   163   391 0.71 protein kinase, putative [Plasmodium vivax]
#
# Program:         hmmsearch
# Version:         3.4 (Aug 2023)
# Pipeline mode:   SEARCH
# Query file:      /v3/work/00_inventory/busco/busco_downloads/lineages/plasmodium_odb10/hmms/8595at5820.hmm
# Target file:     /v3/inputs/annotations/ncbi-datasets/PvC01.proteins.fa
# Option settings: hmmsearch --domtblout /v3/work/00_inventory/busco/PvC01_proteins/run_plasmodium_odb10/hmmer_output/initial_run_results/8595at5820.out --cpu 1 /v3/work/00_inventory/busco/busco_downloads/lineages/plasmodium_odb10/hmms/8595at5820.hmm /v3/inputs/annotations/ncbi-datasets/PvC01.proteins.fa 
# Current dir:     /v3/work/00_inventory/busco
# Date:            Tue May 19 19:06:29 2026
# [ok]
