#                                                                            --- full sequence --- -------------- this domain -------------   hmm coord   ali coord   env coord
# target name        accession   tlen query name           accession   qlen   E-value  score  bias   #  of  c-Evalue  i-Evalue  score  bias  from    to  from    to  from    to  acc description of target
#------------------- ---------- ----- -------------------- ---------- ----- --------- ------ ----- --- --- --------- --------- ------ ----- ----- ----- ----- ----- ----- ----- ---- ---------------------
SCO73517.1           -            288 8961at5820           -            243  2.5e-153  506.9   0.1   1   1  2.5e-155  2.9e-153  506.7   0.1     1   243    17   285    17   285 0.96 protein kinase 5 [Plasmodium vivax]
SCO71430.1           -            612 8961at5820           -            243   6.6e-49  164.9   5.2   1   2   3.5e-48     4e-46  155.8   3.3     2   215   281   508   280   528 0.84 cdc2-related protein kinase 1, putative [Plasmodium vivax]
SCO71430.1           -            612 8961at5820           -            243   6.6e-49  164.9   5.2   2   2    0.0027       0.3    8.9   0.0   216   242   538   569   533   570 0.81 cdc2-related protein kinase 1, putative [Plasmodium vivax]
SCO72289.1           -            325 8961at5820           -            243     1e-47  161.1   6.8   1   1   2.5e-49   2.9e-47  159.6   6.8    26   241    60   302    23   308 0.76 MO15-related protein kinase, putative [Plasmodium vivax]
SCO74767.1           -            722 8961at5820           -            243   1.4e-41  141.0   1.5   1   1     3e-43   3.4e-41  139.7   1.5     1   239    33   301    33   305 0.77 mitogen-activated protein kinase 1, putative [Plasmodium vivax]
SCO70370.1           -            483 8961at5820           -            243   1.5e-39  134.3   0.4   1   1   1.8e-41   2.1e-39  133.8   0.4     1   237   121   384   121   390 0.79 glycogen synthase kinase 3, putative [Plasmodium vivax]
SCO71375.1           -           1590 8961at5820           -            243   1.5e-38  131.0   1.6   1   2   5.7e-06   0.00066   17.6   0.2    12    50   677   721   666   723 0.79 CDK-related kinase 3, putative [Plasmodium vivax]
SCO71375.1           -           1590 8961at5820           -            243   1.5e-38  131.0   1.6   2   2   9.8e-34   1.1e-31  108.5   0.1    80   196   909  1030   898  1104 0.87 CDK-related kinase 3, putative [Plasmodium vivax]
SCO74019.1           -            305 8961at5820           -            243   1.6e-38  130.9   3.4   1   1   2.6e-40   2.9e-38  130.1   3.4     1   240    22   286    22   289 0.79 CDK-related protein kinase 6, putative [Plasmodium vivax]
SCO72626.1           -            575 8961at5820           -            243   2.7e-31  107.3   8.3   1   2   1.1e-16   1.3e-14   52.6   3.5    10   126   195   324   185   335 0.80 mitogen-activated protein kinase 2, putative [Plasmodium vivax]
SCO72626.1           -            575 8961at5820           -            243   2.7e-31  107.3   8.3   2   2   7.3e-16   8.3e-14   50.0   0.2   130   239   353   504   350   513 0.67 mitogen-activated protein kinase 2, putative [Plasmodium vivax]
SCO71288.1           -            807 8961at5820           -            243   1.1e-29  102.0   2.0   1   3    0.0002     0.023   12.6   0.1     1    53    48   101    48   118 0.74 protein kinase 1, putative [Plasmodium vivax]
SCO71288.1           -            807 8961at5820           -            243   1.1e-29  102.0   2.0   2   3   0.00019     0.022   12.6   0.1    78   111   235   273   226   280 0.80 protein kinase 1, putative [Plasmodium vivax]
SCO71288.1           -            807 8961at5820           -            243   1.1e-29  102.0   2.0   3   3   2.1e-23   2.3e-21   74.7   0.0   130   237   595   714   575   725 0.77 protein kinase 1, putative [Plasmodium vivax]
SCO72577.1           -            335 8961at5820           -            243   2.7e-29  100.7   5.1   1   1   3.9e-31   4.5e-29  100.0   5.1     9   238    65   319    57   329 0.78 casein kinase 2, alpha subunit, putative [Plasmodium vivax]
SCO73702.1           -            791 8961at5820           -            243     1e-26   92.3   3.6   1   3     0.063       7.2    4.4   0.1    25    54    95   125    70   137 0.82 cdc2-related protein kinase 5, putative [Plasmodium vivax]
SCO73702.1           -            791 8961at5820           -            243     1e-26   92.3   3.6   2   3   2.4e-12   2.8e-10   38.5   0.1    35   149   141   267   131   274 0.81 cdc2-related protein kinase 5, putative [Plasmodium vivax]
SCO73702.1           -            791 8961at5820           -            243     1e-26   92.3   3.6   3   3   9.3e-15   1.1e-12   46.4   0.1   152   239   464   570   457   575 0.70 cdc2-related protein kinase 5, putative [Plasmodium vivax]
SCO71015.1           -            526 8961at5820           -            243     4e-26   90.3   2.6   1   1   1.1e-27   1.2e-25   88.8   2.5    22   240   112   320   104   323 0.84 calcium-dependent protein kinase 1, putative [Plasmodium vivax]
SCO75228.1           -            368 8961at5820           -            243   3.6e-25   87.2   4.5   1   2   9.5e-27   1.1e-24   85.7   2.2    27   195   155   328   130   333 0.86 serine/threonine protein kinase, putative [Plasmodium vivax]
SCO75228.1           -            368 8961at5820           -            243   3.6e-25   87.2   4.5   2   2      0.34        39    2.0   0.1   211   235   325   349   315   356 0.79 serine/threonine protein kinase, putative [Plasmodium vivax]
SCO72633.1           -            708 8961at5820           -            243     7e-23   79.7   2.1   1   2   1.7e-24     2e-22   78.2   0.8    14   188   401   587   388   595 0.81 serine/threonine-protein kinase PRP4K, putative [Plasmodium vivax]
SCO72633.1           -            708 8961at5820           -            243     7e-23   79.7   2.1   2   2       1.5   1.8e+02   -0.2   0.0   222   238   671   687   660   695 0.84 serine/threonine-protein kinase PRP4K, putative [Plasmodium vivax]
SCO70858.1           -            529 8961at5820           -            243   8.5e-23   79.4   2.9   1   1   3.1e-24   3.6e-22   77.4   2.9    17   238   108   320    85   325 0.77 calcium-dependent protein kinase 4, putative [Plasmodium vivax]
SCO74013.1           -            563 8961at5820           -            243   2.1e-22   78.1   1.2   1   1   3.5e-24   3.9e-22   77.3   1.2     4   188   137   329   134   365 0.84 calcium-dependent protein kinase 5, putative [Plasmodium vivax]
SCO75237.1           -            341 8961at5820           -            243   2.5e-22   77.9   0.2   1   1   4.7e-24   5.4e-22   76.8   0.1     9   194    52   264    44   271 0.73 protein kinase, putative [Plasmodium vivax]
SCO72717.1           -           1966 8961at5820           -            243   3.2e-21   74.3   1.6   1   1   1.8e-22     2e-20   71.7   1.6     3   239  1527  1760  1525  1764 0.79 calcium-dependent protein kinase 7, putative [Plasmodium vivax]
SCO74371.1           -            861 8961at5820           -            243   2.8e-20   71.2   1.9   1   1   2.4e-22   2.8e-20   71.2   1.9    21   176   522   680   507   696 0.86 serine/threonine protein kinase KIN, putative [Plasmodium vivax]
SCO72411.1           -            602 8961at5820           -            243     1e-18   66.1   0.1   1   1   6.1e-20   6.9e-18   63.4   0.1    17   186   191   365   171   414 0.74 calcium-dependent protein kinase 3, putative [Plasmodium vivax]
SCO75530.1           -            978 8961at5820           -            243   1.6e-18   65.5   2.0   1   1   1.5e-19   1.7e-17   62.1   2.0    21   177    55   244    34   263 0.76 NIMA related kinase 1, putative [Plasmodium vivax]
SCO72962.1           -           1423 8961at5820           -            243   6.5e-17   60.2   0.4   1   1   5.7e-19   6.5e-17   60.2   0.4    22   172  1196  1352  1177  1365 0.82 serine/threonine protein kinase, putative [Plasmodium vivax]
SCO73091.1           -            288 8961at5820           -            243   1.6e-16   58.9   0.2   1   1   1.8e-18   2.1e-16   58.5   0.2     2   198    26   235    25   265 0.77 NIMA related kinase 2, putative [Plasmodium vivax]
SCO70874.1           -            310 8961at5820           -            243     5e-16   57.3   0.7   1   1   5.6e-18   6.4e-16   56.9   0.7    20   193    42   222    22   273 0.79 serine/threonine-protein kinase NEK4, putative [Plasmodium vivax]
SCO72714.1           -           1628 8961at5820           -            243   6.8e-16   56.8   2.4   1   1   1.1e-17   1.3e-15   56.0   2.4    14   184  1219  1392  1207  1402 0.82 calcium-dependent protein kinase 6, putative [Plasmodium vivax]
SCO72377.1           -           1391 8961at5820           -            243   3.7e-15   54.4   2.9   1   2       1.9   2.2e+02   -0.5   0.0    23    50   845   872   837   889 0.73 cdc2-related protein kinase 4, putative [Plasmodium vivax]
SCO72377.1           -           1391 8961at5820           -            243   3.7e-15   54.4   2.9   2   2   1.5e-16   1.7e-14   52.2   0.6    77   239  1163  1360  1127  1364 0.76 cdc2-related protein kinase 4, putative [Plasmodium vivax]
SCO75638.1           -            508 8961at5820           -            243     6e-15   53.7   0.2   1   1   8.1e-17   9.3e-15   53.1   0.2     9   184   133   314   126   340 0.81 protein kinase 2, putative [Plasmodium vivax]
SCO74716.1           -            854 8961at5820           -            243   6.4e-15   53.7   0.1   1   1   1.5e-16   1.7e-14   52.2   0.0    77   201   639   762   573   771 0.78 cGMP-dependent protein kinase, putative [Plasmodium vivax]
SCO72705.1           -            561 8961at5820           -            243   1.3e-14   52.7   7.9   1   2   3.3e-16   3.7e-14   51.1   1.0    33   124    92   186    51   197 0.85 3-phosphoinositide dependent protein kinase-1, putative [Plasmodium vivax]
SCO72705.1           -            561 8961at5820           -            243   1.3e-14   52.7   7.9   2   2     0.035         4    5.2   0.0   147   179   358   389   335   401 0.76 3-phosphoinositide dependent protein kinase-1, putative [Plasmodium vivax]
SCO74414.1           -            377 8961at5820           -            243   8.4e-14   50.0   1.2   1   1   1.4e-15   1.6e-13   49.1   1.2    27   188    87   261    63   300 0.79 protein kinase, putative [Plasmodium vivax]
SCO75708.1           -            755 8961at5820           -            243     1e-13   49.7   0.1   1   2   2.4e-15   2.7e-13   48.3   0.0    23   184   472   635   445   644 0.76 rac-beta serine/threonine protein kinase, putative [Plasmodium vivax]
SCO75708.1           -            755 8961at5820           -            243     1e-13   49.7   0.1   2   2       8.3   9.5e+02   -2.6   0.0   214   237   648   671   639   674 0.79 rac-beta serine/threonine protein kinase, putative [Plasmodium vivax]
SCO74484.1           -           1309 8961at5820           -            243   1.8e-13   48.9   0.7   1   2   1.9e-08   2.2e-06   25.7   0.3    37   114   918   999   904  1009 0.79 serine/threonine protein kinase, putative [Plasmodium vivax]
SCO74484.1           -           1309 8961at5820           -            243   1.8e-13   48.9   0.7   2   2   7.3e-07   8.4e-05   20.5   0.0   132   177  1100  1144  1079  1160 0.82 serine/threonine protein kinase, putative [Plasmodium vivax]
SCO73802.1           -            354 8961at5820           -            243   2.2e-13   48.7   0.0   1   1   2.7e-15   3.1e-13   48.1   0.0    27   182    79   246    60   259 0.81 serine/threonine protein kinase, putative [Plasmodium vivax]
SCO72419.1           -           1600 8961at5820           -            243   7.2e-13   46.9   0.5   1   1   1.1e-14   1.2e-12   46.2   0.5    24   188  1376  1551  1346  1564 0.78 aurora-related kinase 2, putative [Plasmodium vivax]
SCO71161.1           -           2125 8961at5820           -            243   2.5e-12   45.2   0.9   1   1   3.5e-14     4e-12   44.5   0.9    26   172  1746  1896  1717  1920 0.75 protein kinase, putative [Plasmodium vivax]
SCO74835.1           -            284 8961at5820           -            243   7.8e-12   43.6   4.0   1   1   2.2e-13   2.5e-11   41.9   4.0    24   184    67   229    35   275 0.76 calcium-dependent protein kinase, putative [Plasmodium vivax]
SCO73518.1           -           4012 8961at5820           -            243   9.3e-12   43.3   0.2   1   1   1.5e-13   1.7e-11   42.5   0.2    34   189  1241  1399  1208  1416 0.82 aurora-related kinase 3, putative [Plasmodium vivax]
SCO70533.1           -            721 8961at5820           -            243   2.2e-11   42.1   0.5   1   1   2.9e-13   3.3e-11   41.5   0.5    20   179   493   659   471   689 0.74 protein kinase, putative [Plasmodium vivax]
SCO72109.1           -            341 8961at5820           -            243   5.2e-11   40.9   0.2   1   1   1.2e-12   1.4e-10   39.4   0.2    23   194    76   245    60   259 0.72 cAMP-dependent protein kinase catalytic subunit, putative [Plasmodium vivax]
SCO72542.1           -           1272 8961at5820           -            243   1.7e-10   39.1   3.0   1   2   3.4e-08   3.9e-06   24.9   1.6    30   109   318   400   299   411 0.81 calcium/calmodulin-dependent protein kinase, putative [Plasmodium vivax]
SCO72542.1           -           1272 8961at5820           -            243   1.7e-10   39.1   3.0   2   2   0.00015     0.017   13.0   0.0   130   176   527   572   519   626 0.84 calcium/calmodulin-dependent protein kinase, putative [Plasmodium vivax]
SCO73624.1           -           2244 8961at5820           -            243   6.1e-09   34.1   0.4   1   1   1.3e-10   1.5e-08   32.8   0.4    24   186  2028  2192  2014  2214 0.78 tyrosine kinase-like protein, putative [Plasmodium vivax]
SCO75714.1           -            730 8961at5820           -            243   9.2e-09   33.5   4.3   1   1   2.5e-10   2.8e-08   31.9   4.2     3   167    39   233    37   244 0.67 cyclin g-associated kinase, putative [Plasmodium vivax]
SCO74460.1           -            877 8961at5820           -            243   9.3e-09   33.5   1.7   1   1     2e-08   2.3e-06   25.6   1.7    26   178   590   772   565   789 0.66 protein serine/threonine kinase-1, putative [Plasmodium vivax]
SCO71073.1           -           1029 8961at5820           -            243   1.3e-08   33.0   0.0   1   1     2e-10   2.3e-08   32.2   0.0    93   171   882   959   793   968 0.77 tyrosine kinase-like protein, putative [Plasmodium vivax]
SCO74469.1           -           1528 8961at5820           -            243   3.1e-08   31.8   0.3   1   2      0.84        96    0.7   0.1    27    46   522   541   509   563 0.77 serine/threonine protein kinase, putative [Plasmodium vivax]
SCO74469.1           -           1528 8961at5820           -            243   3.1e-08   31.8   0.3   2   2   5.4e-09   6.2e-07   27.5   0.0    83   170   627   719   592   728 0.88 serine/threonine protein kinase, putative [Plasmodium vivax]
SCO73904.1           -           1730 8961at5820           -            243   4.8e-08   31.1   0.0   1   1   8.6e-10   9.9e-08   30.1   0.0    91   183  1570  1662  1556  1687 0.81 tyrosine kinase-like protein, putative [Plasmodium vivax]
SCO72851.1           -            323 8961at5820           -            243   2.5e-07   28.8   0.0   1   1   3.5e-09     4e-07   28.1   0.0    53   134    78   164    52   187 0.84 casein kinase 1, putative [Plasmodium vivax]
SCO72935.1           -           1984 8961at5820           -            243   2.6e-07   28.7   0.0   1   1   4.4e-09   5.1e-07   27.8   0.0    28   178   128   278   111   316 0.77 serine/threonine protein kinase, putative [Plasmodium vivax]
SCO72017.1           -           3241 8961at5820           -            243     3e-07   28.5   1.3   1   1     7e-09     8e-07   27.1   1.3    25   172  2989  3162  2983  3186 0.67 protein kinase, putative [Plasmodium vivax]
SCO70353.1           -           1251 8961at5820           -            243   6.3e-07   27.5   2.0   1   1   5.5e-09   6.3e-07   27.5   2.0    13   121   759   878   746   886 0.72 serine/threonine protein kinase, putative [Plasmodium vivax]
SCO72484.1           -           1375 8961at5820           -            243   9.6e-07   26.9   0.1   1   2     0.034       3.9    5.3   0.1    53   108   153   213   130   218 0.71 serine/threonine protein kinase, putative [Plasmodium vivax]
SCO72484.1           -           1375 8961at5820           -            243   9.6e-07   26.9   0.1   2   2   2.1e-06   0.00024   19.0   0.0   116   184   702   766   689   801 0.77 serine/threonine protein kinase, putative [Plasmodium vivax]
SCO71044.1           -           1622 8961at5820           -            243   1.8e-06   26.0   1.4   1   2   2.8e-07   3.2e-05   21.9   0.5     2   113  1112  1235  1111  1253 0.79 serine/threonine protein kinase, putative [Plasmodium vivax]
SCO71044.1           -           1622 8961at5820           -            243   1.8e-06   26.0   1.4   2   2      0.23        26    2.5   0.0   139   182  1522  1562  1501  1596 0.73 serine/threonine protein kinase, putative [Plasmodium vivax]
SCO72019.1           -            950 8961at5820           -            243   2.7e-06   25.4   1.4   1   1   8.4e-08   9.5e-06   23.6   1.4    11   171   697   875   691   883 0.73 protein kinase, putative [Plasmodium vivax]
SCO72699.1           -           1553 8961at5820           -            243   2.9e-06   25.3   1.0   1   2     0.066       7.6    4.3   0.3     1    67   203   271   203   274 0.74 tyrosine kinase-like protein, putative [Plasmodium vivax]
SCO72699.1           -           1553 8961at5820           -            243   2.9e-06   25.3   1.0   2   2   1.8e-06   0.00021   19.2   0.0    83   171   360   452   353   464 0.84 tyrosine kinase-like protein, putative [Plasmodium vivax]
SCO75310.1           -            517 8961at5820           -            243     2e-05   22.5   4.0   1   2   2.2e-05    0.0025   15.7   2.6    20   109   252   344   244   353 0.79 calcium-dependent protein kinase 3, putative [Plasmodium vivax]
SCO75310.1           -            517 8961at5820           -            243     2e-05   22.5   4.0   2   2      0.03       3.4    5.4   0.0   114   178   397   462   389   472 0.69 calcium-dependent protein kinase 3, putative [Plasmodium vivax]
#
# Program:         hmmsearch
# Version:         3.4 (Aug 2023)
# Pipeline mode:   SEARCH
# Query file:      /v3/work/00_inventory/busco/busco_downloads/lineages/plasmodium_odb10/hmms/8961at5820.hmm
# Target file:     /v3/inputs/annotations/ncbi-datasets/PvC01.proteins.fa
# Option settings: hmmsearch --domtblout /v3/work/00_inventory/busco/PvC01_proteins/run_plasmodium_odb10/hmmer_output/initial_run_results/8961at5820.out --cpu 1 /v3/work/00_inventory/busco/busco_downloads/lineages/plasmodium_odb10/hmms/8961at5820.hmm /v3/inputs/annotations/ncbi-datasets/PvC01.proteins.fa 
# Current dir:     /v3/work/00_inventory/busco
# Date:            Tue May 19 19:08:04 2026
# [ok]
