#                                                                            --- full sequence --- -------------- this domain -------------   hmm coord   ali coord   env coord
# target name        accession   tlen query name           accession   qlen   E-value  score  bias   #  of  c-Evalue  i-Evalue  score  bias  from    to  from    to  from    to  acc description of target
#------------------- ---------- ----- -------------------- ---------- ----- --------- ------ ----- --- --- --------- --------- ------ ----- ----- ----- ----- ----- ----- ----- ---- ---------------------
SCO72717.1           -           1966 898at5820            -           1021         0 1965.6 106.0   1   6   1.1e-94   1.4e-92  309.8   8.2     1   147     1   147     1   163 0.98 calcium-dependent protein kinase 7, putative [Plasmodium vivax]
SCO72717.1           -           1966 898at5820            -           1021         0 1965.6 106.0   2   6   4.5e-07   5.8e-05   19.8  19.6   143   233   284   383   279   398 0.74 calcium-dependent protein kinase 7, putative [Plasmodium vivax]
SCO72717.1           -           1966 898at5820            -           1021         0 1965.6 106.0   3   6   3.4e-12   4.3e-10   36.7  21.7   165   263   348   485   343   489 0.77 calcium-dependent protein kinase 7, putative [Plasmodium vivax]
SCO72717.1           -           1966 898at5820            -           1021         0 1965.6 106.0   4   6    2e-102  2.6e-100  335.4   5.8   231   431   556   758   506   771 0.87 calcium-dependent protein kinase 7, putative [Plasmodium vivax]
SCO72717.1           -           1966 898at5820            -           1021         0 1965.6 106.0   5   6     1e-26   1.3e-24   84.8   0.9   436   499  1096  1164  1084  1176 0.86 calcium-dependent protein kinase 7, putative [Plasmodium vivax]
SCO72717.1           -           1966 898at5820            -           1021         0 1965.6 106.0   6   6         0         0 1206.0  24.1   500  1021  1329  1855  1322  1855 0.98 calcium-dependent protein kinase 7, putative [Plasmodium vivax]
SCO74013.1           -            563 898at5820            -           1021   8.9e-59  197.9  18.7   1   2   1.9e-60   2.4e-58  196.5   8.3   660   948    98   387    82   413 0.89 calcium-dependent protein kinase 5, putative [Plasmodium vivax]
SCO74013.1           -            563 898at5820            -           1021   8.9e-59  197.9  18.7   2   2    0.0043      0.55    6.6   2.3    71   127   467   523   395   546 0.73 calcium-dependent protein kinase 5, putative [Plasmodium vivax]
SCO70858.1           -            529 898at5820            -           1021   3.1e-55  186.2   7.5   1   2   2.4e-57   3.1e-55  186.2   7.5   682   983    70   371    57   397 0.85 calcium-dependent protein kinase 4, putative [Plasmodium vivax]
SCO70858.1           -            529 898at5820            -           1021   3.1e-55  186.2   7.5   2   2      0.22        28    1.0   0.1    72   124   436   488   363   526 0.71 calcium-dependent protein kinase 4, putative [Plasmodium vivax]
SCO71015.1           -            526 898at5820            -           1021   2.3e-53  180.0   4.0   1   2   1.8e-55   2.3e-53  180.0   4.0   670   950    43   338    19   343 0.86 calcium-dependent protein kinase 1, putative [Plasmodium vivax]
SCO71015.1           -            526 898at5820            -           1021   2.3e-53  180.0   4.0   2   2     0.067       8.6    2.6   3.7    68   136   426   494   356   519 0.74 calcium-dependent protein kinase 1, putative [Plasmodium vivax]
SCO72411.1           -            602 898at5820            -           1021   3.5e-52  176.1   0.1   1   2   2.7e-54   3.5e-52  176.1   0.1   679   942   153   416   145   474 0.92 calcium-dependent protein kinase 3, putative [Plasmodium vivax]
SCO72411.1           -            602 898at5820            -           1021   3.5e-52  176.1   0.1   2   2    0.0061      0.78    6.1   0.1    74   127   507   559   491   590 0.86 calcium-dependent protein kinase 3, putative [Plasmodium vivax]
SCO74835.1           -            284 898at5820            -           1021   1.5e-45  154.2  10.8   1   1   1.3e-47   1.7e-45  154.0  10.8   682   941    21   281     6   284 0.90 calcium-dependent protein kinase, putative [Plasmodium vivax]
SCO74371.1           -            861 898at5820            -           1021   2.9e-44  149.9   9.1   1   1   4.1e-46   5.2e-44  149.0   9.1   675   940   473   735   454   746 0.91 serine/threonine protein kinase KIN, putative [Plasmodium vivax]
SCO75228.1           -            368 898at5820            -           1021   4.5e-39  132.7   4.6   1   1   4.4e-41   5.6e-39  132.4   4.6   666   939    91   361    60   366 0.88 serine/threonine protein kinase, putative [Plasmodium vivax]
SCO75638.1           -            508 898at5820            -           1021   3.6e-38  129.7  10.7   1   2   2.8e-40   3.6e-38  129.7  10.7   680  1018   108   449    87   452 0.82 protein kinase 2, putative [Plasmodium vivax]
SCO75638.1           -            508 898at5820            -           1021   3.6e-38  129.7  10.7   2   2      0.26        33    0.7   3.7   150   245   377   477   364   503 0.63 protein kinase 2, putative [Plasmodium vivax]
SCO72419.1           -           1600 898at5820            -           1021   4.9e-36  122.6   0.7   1   2       6.2     8e+02   -3.9   0.1   221   264  1210  1252  1208  1253 0.83 aurora-related kinase 2, putative [Plasmodium vivax]
SCO72419.1           -           1600 898at5820            -           1021   4.9e-36  122.6   0.7   2   2   3.8e-38   4.9e-36  122.6   0.7   688   941  1337  1598  1315  1599 0.85 aurora-related kinase 2, putative [Plasmodium vivax]
SCO75708.1           -            755 898at5820            -           1021   6.4e-35  118.9   0.6   1   1     5e-37   6.4e-35  118.9   0.6   682   941   428   688   358   699 0.85 rac-beta serine/threonine protein kinase, putative [Plasmodium vivax]
SCO74414.1           -            377 898at5820            -           1021   1.1e-32  111.5  14.2   1   1   1.2e-34   1.6e-32  111.0  14.2   680   963    39   332     5   369 0.77 protein kinase, putative [Plasmodium vivax]
SCO74716.1           -            854 898at5820            -           1021     1e-31  108.3   0.1   1   1   1.3e-33   1.7e-31  107.6   0.1   676   906   533   764   523   795 0.89 cGMP-dependent protein kinase, putative [Plasmodium vivax]
SCO72714.1           -           1628 898at5820            -           1021     2e-31  107.3   7.0   1   3       4.4   5.7e+02   -3.4   2.1   200   236    26    62     6    67 0.52 calcium-dependent protein kinase 6, putative [Plasmodium vivax]
SCO72714.1           -           1628 898at5820            -           1021     2e-31  107.3   7.0   2   3   1.6e-33     2e-31  107.3   7.0   677   940  1183  1442  1130  1474 0.84 calcium-dependent protein kinase 6, putative [Plasmodium vivax]
SCO72714.1           -           1628 898at5820            -           1021     2e-31  107.3   7.0   3   3    0.0032      0.41    7.0   0.6    67   141  1525  1599  1516  1622 0.75 calcium-dependent protein kinase 6, putative [Plasmodium vivax]
SCO75310.1           -            517 898at5820            -           1021     4e-30  103.1   4.7   1   2   5.2e-11   6.6e-09   32.8   5.0   722   814   253   344   233   349 0.88 calcium-dependent protein kinase 3, putative [Plasmodium vivax]
SCO75310.1           -            517 898at5820            -           1021     4e-30  103.1   4.7   2   2   1.5e-21   1.9e-19   67.7   0.0   814   940   389   511   379   515 0.89 calcium-dependent protein kinase 3, putative [Plasmodium vivax]
SCO73091.1           -            288 898at5820            -           1021   4.1e-28   96.4   0.3   1   1   3.4e-30   4.4e-28   96.3   0.3   681   889    10   219     1   272 0.86 NIMA related kinase 2, putative [Plasmodium vivax]
SCO73517.1           -            288 898at5820            -           1021   5.3e-27   92.7   0.1   1   2   5.1e-25   6.5e-23   79.2   0.1   683   889     4   208     1   225 0.86 protein kinase 5 [Plasmodium vivax]
SCO73517.1           -            288 898at5820            -           1021   5.3e-27   92.7   0.1   2   2   0.00012     0.015   11.8   0.0   906   941   251   286   245   288 0.88 protein kinase 5 [Plasmodium vivax]
SCO72109.1           -            341 898at5820            -           1021   9.6e-27   91.9   0.1   1   1   9.4e-29   1.2e-26   91.6   0.1   675   943    25   292    17   322 0.84 cAMP-dependent protein kinase catalytic subunit, putative [Plasmodium vivax]
SCO74767.1           -            722 898at5820            -           1021   1.1e-26   91.7   2.5   1   1   6.7e-27   8.5e-25   85.4   2.5   678   948    15   318     5   326 0.73 mitogen-activated protein kinase 1, putative [Plasmodium vivax]
SCO72542.1           -           1272 898at5820            -           1021   9.1e-26   88.6   5.5   1   2   6.8e-18   8.8e-16   55.6   2.2   701   820   286   406   258   429 0.87 calcium/calmodulin-dependent protein kinase, putative [Plasmodium vivax]
SCO72542.1           -           1272 898at5820            -           1021   9.1e-26   88.6   5.5   2   2   2.2e-11   2.8e-09   34.1   0.1   843   941   533   638   525   654 0.76 calcium/calmodulin-dependent protein kinase, putative [Plasmodium vivax]
SCO75530.1           -            978 898at5820            -           1021   3.8e-25   86.6   0.2   1   1   5.3e-27   6.8e-25   85.8   0.2   680   941    12   300     7   306 0.80 NIMA related kinase 1, putative [Plasmodium vivax]
SCO73518.1           -           4012 898at5820            -           1021     4e-25   86.5   0.2   1   1   9.1e-27   1.2e-24   85.0   0.2   689   939  1193  1439  1184  1449 0.85 aurora-related kinase 3, putative [Plasmodium vivax]
SCO72577.1           -            335 898at5820            -           1021   2.3e-24   84.0   1.8   1   2   2.2e-25   2.9e-23   80.4   0.7   680   885    40   239    24   261 0.87 casein kinase 2, alpha subunit, putative [Plasmodium vivax]
SCO72577.1           -            335 898at5820            -           1021   2.3e-24   84.0   1.8   2   2     0.067       8.6    2.7   0.0   912   938   301   327   287   332 0.87 casein kinase 2, alpha subunit, putative [Plasmodium vivax]
SCO74019.1           -            305 898at5820            -           1021   4.8e-22   76.3   6.5   1   1   3.3e-23   4.2e-21   73.2   6.5   684   936    10   290     6   300 0.73 CDK-related protein kinase 6, putative [Plasmodium vivax]
SCO70874.1           -            310 898at5820            -           1021   1.5e-21   74.7   2.2   1   1   1.5e-23   1.9e-21   74.3   2.2   681   887     2   209     1   223 0.86 serine/threonine-protein kinase NEK4, putative [Plasmodium vivax]
SCO71430.1           -            612 898at5820            -           1021   2.6e-21   73.9   6.9   1   2   3.9e-21     5e-19   66.3   5.1   684   887   268   474   259   487 0.83 cdc2-related protein kinase 1, putative [Plasmodium vivax]
SCO71430.1           -            612 898at5820            -           1021   2.6e-21   73.9   6.9   2   2    0.0038      0.49    6.8   0.0   907   941   537   571   497   580 0.76 cdc2-related protein kinase 1, putative [Plasmodium vivax]
SCO73802.1           -            354 898at5820            -           1021   7.4e-21   72.4   0.0   1   1   7.5e-23   9.6e-21   72.0   0.0   682   939    31   307    15   315 0.80 serine/threonine protein kinase, putative [Plasmodium vivax]
SCO72626.1           -            575 898at5820            -           1021   2.6e-20   70.6   6.8   1   3   6.3e-19   8.1e-17   59.0   4.4   674   832   163   322   147   332 0.85 mitogen-activated protein kinase 2, putative [Plasmodium vivax]
SCO72626.1           -            575 898at5820            -           1021   2.6e-20   70.6   6.8   2   3    0.0075      0.97    5.8   0.0   843   877   359   394   348   406 0.80 mitogen-activated protein kinase 2, putative [Plasmodium vivax]
SCO72626.1           -            575 898at5820            -           1021   2.6e-20   70.6   6.8   3   3     0.025       3.3    4.1   0.0   905   941   478   514   471   524 0.88 mitogen-activated protein kinase 2, putative [Plasmodium vivax]
SCO71161.1           -           2125 898at5820            -           1021     5e-20   69.7   1.3   1   1   6.6e-22   8.5e-20   68.9   1.3   711   942  1728  1960  1719  2011 0.78 protein kinase, putative [Plasmodium vivax]
SCO72705.1           -            561 898at5820            -           1021   2.4e-19   67.4  12.3   1   2     2e-16   2.5e-14   50.8   6.9   658   831    10   185     3   200 0.84 3-phosphoinositide dependent protein kinase-1, putative [Plasmodium vivax]
SCO72705.1           -            561 898at5820            -           1021   2.4e-19   67.4  12.3   2   2   1.4e-09   1.8e-07   28.1   0.2   841   996   345   493   338   510 0.82 3-phosphoinositide dependent protein kinase-1, putative [Plasmodium vivax]
SCO71073.1           -           1029 898at5820            -           1021   2.6e-19   67.2   0.2   1   2       9.2   1.2e+03   -4.4   0.5   231   271   217   258   204   265 0.60 tyrosine kinase-like protein, putative [Plasmodium vivax]
SCO71073.1           -           1029 898at5820            -           1021   2.6e-19   67.2   0.2   2   2   2.1e-21   2.6e-19   67.2   0.2   687   883   762   965   729   972 0.78 tyrosine kinase-like protein, putative [Plasmodium vivax]
SCO71044.1           -           1622 898at5820            -           1021   7.3e-18   62.5   0.7   1   2   2.6e-14   3.3e-12   43.7   1.0   678   819  1092  1236  1081  1253 0.86 serine/threonine protein kinase, putative [Plasmodium vivax]
SCO71044.1           -           1622 898at5820            -           1021   7.3e-18   62.5   0.7   2   2   5.4e-09   6.9e-07   26.1   0.0   842   937  1518  1616  1495  1621 0.82 serine/threonine protein kinase, putative [Plasmodium vivax]
SCO72633.1           -            708 898at5820            -           1021   5.2e-14   49.7   7.7   1   2       2.9   3.7e+02   -2.8   7.1   145   247   235   333   219   358 0.73 serine/threonine-protein kinase PRP4K, putative [Plasmodium vivax]
SCO72633.1           -            708 898at5820            -           1021   5.2e-14   49.7   7.7   2   2     4e-16   5.2e-14   49.7   7.7   631   904   316   598   309   620 0.75 serine/threonine-protein kinase PRP4K, putative [Plasmodium vivax]
SCO70370.1           -            483 898at5820            -           1021   6.4e-14   49.4   1.2   1   1     7e-16   8.9e-14   48.9   1.2   681   877   106   306    88   319 0.75 glycogen synthase kinase 3, putative [Plasmodium vivax]
SCO75237.1           -            341 898at5820            -           1021     1e-12   45.5   1.0   1   1     1e-14   1.3e-12   45.1   1.0   683   878    30   234    23   293 0.75 protein kinase, putative [Plasmodium vivax]
SCO70360.1           -           2994 898at5820            -           1021   4.4e-11   40.0   0.0   1   1   5.1e-13   6.5e-11   39.5   0.0   706   942   192   446   111   459 0.78 protein kinase, putative [Plasmodium vivax]
SCO71375.1           -           1590 898at5820            -           1021   3.5e-10   37.0   0.1   1   3    0.0012      0.15    8.4   0.6   648   752   615   721   587   723 0.75 CDK-related kinase 3, putative [Plasmodium vivax]
SCO71375.1           -           1590 898at5820            -           1021   3.5e-10   37.0   0.1   2   3   2.8e-12   3.5e-10   37.0   0.1   783   889   910  1016   899  1027 0.82 CDK-related kinase 3, putative [Plasmodium vivax]
SCO71375.1           -           1590 898at5820            -           1021   3.5e-10   37.0   0.1   3   3      0.15        20    1.5   0.1   912   966  1080  1136  1049  1150 0.75 CDK-related kinase 3, putative [Plasmodium vivax]
SCO73872.1           -            423 898at5820            -           1021   4.9e-10   36.6   7.9   1   4      0.36        46    0.2   0.3   133   179     2    48     1    57 0.87 protein kinase, putative [Plasmodium vivax]
SCO73872.1           -            423 898at5820            -           1021   4.9e-10   36.6   7.9   2   4   3.8e-12   4.9e-10   36.6   7.9   723   941    63   256    39   260 0.87 protein kinase, putative [Plasmodium vivax]
SCO73872.1           -            423 898at5820            -           1021   4.9e-10   36.6   7.9   3   4     0.033       4.2    3.7   4.8   557   608   260   309   257   321 0.78 protein kinase, putative [Plasmodium vivax]
SCO73872.1           -            423 898at5820            -           1021   4.9e-10   36.6   7.9   4   4       1.1   1.4e+02   -1.3   5.8    68   174   304   410   301   418 0.67 protein kinase, putative [Plasmodium vivax]
SCO74484.1           -           1309 898at5820            -           1021   1.7e-09   34.8   1.9   1   3   9.2e-08   1.2e-05   22.1   1.0   740   827   919  1006   914  1012 0.90 serine/threonine protein kinase, putative [Plasmodium vivax]
SCO74484.1           -           1309 898at5820            -           1021   1.7e-09   34.8   1.9   2   3   1.8e-07   2.4e-05   21.1   0.0   820   883  1083  1144  1073  1167 0.87 serine/threonine protein kinase, putative [Plasmodium vivax]
SCO74484.1           -           1309 898at5820            -           1021   1.7e-09   34.8   1.9   3   3       1.6     2e+02   -1.9   0.0   914   941  1275  1302  1270  1304 0.88 serine/threonine protein kinase, putative [Plasmodium vivax]
SCO72851.1           -            323 898at5820            -           1021   2.5e-09   34.2   0.8   1   2   5.3e-11   6.9e-09   32.8   0.2   680   883     6   214     2   238 0.74 casein kinase 1, putative [Plasmodium vivax]
SCO72851.1           -            323 898at5820            -           1021   2.5e-09   34.2   0.8   2   2      0.82   1.1e+02   -1.0   0.0   399   439   273   316   266   320 0.72 casein kinase 1, putative [Plasmodium vivax]
SCO74002.1           -            897 898at5820            -           1021   4.6e-09   33.3   0.0   1   3      0.52        67   -0.3   0.0   683   717   401   435   373   471 0.81 serine/threonine protein kinase, putative [Plasmodium vivax]
SCO74002.1           -            897 898at5820            -           1021   4.6e-09   33.3   0.0   2   3   1.2e-08   1.6e-06   24.9   0.0   785   897   535   656   525   678 0.82 serine/threonine protein kinase, putative [Plasmodium vivax]
SCO74002.1           -            897 898at5820            -           1021   4.6e-09   33.3   0.0   3   3     0.021       2.7    4.3   0.0   910   942   865   897   850   897 0.92 serine/threonine protein kinase, putative [Plasmodium vivax]
SCO72017.1           -           3241 898at5820            -           1021     5e-09   33.2   0.1   1   1   6.1e-11   7.8e-09   32.6   0.1   690   858  2951  3128  2934  3186 0.74 protein kinase, putative [Plasmodium vivax]
SCO72332.1           -            327 898at5820            -           1021     2e-08   31.3   0.1   1   1   2.2e-10   2.8e-08   30.8   0.1   753   941    92   282    77   302 0.83 protein kinase, putative [Plasmodium vivax]
SCO71288.1           -            807 898at5820            -           1021   2.3e-08   31.1  10.8   1   3    0.0056      0.72    6.2   0.9   683   760    35   109     8   123 0.76 protein kinase 1, putative [Plasmodium vivax]
SCO71288.1           -            807 898at5820            -           1021   2.3e-08   31.1  10.8   2   3   4.9e-06   0.00063   16.3   0.2   779   814   234   269   223   277 0.81 protein kinase 1, putative [Plasmodium vivax]
SCO71288.1           -            807 898at5820            -           1021   2.3e-08   31.1  10.8   3   3    0.0009      0.12    8.9   0.3   822   938   580   723   570   739 0.54 protein kinase 1, putative [Plasmodium vivax]
SCO73702.1           -            791 898at5820            -           1021   3.9e-07   27.0   2.1   1   3      0.72        93   -0.8   0.2   677   707    14    45     7    53 0.83 cdc2-related protein kinase 5, putative [Plasmodium vivax]
SCO73702.1           -            791 898at5820            -           1021   3.9e-07   27.0   2.1   2   3   1.9e-07   2.4e-05   21.1   0.0   780   832   190   243   155   269 0.78 cdc2-related protein kinase 5, putative [Plasmodium vivax]
SCO73702.1           -            791 898at5820            -           1021   3.9e-07   27.0   2.1   3   3     0.031         4    3.8   0.0   912   939   551   578   529   583 0.88 cdc2-related protein kinase 5, putative [Plasmodium vivax]
SCO72047.1           -            590 898at5820            -           1021   3.3e-06   23.9   0.1   1   2   0.00022     0.028   10.9   0.1   783   819   388   424   379   432 0.86 serine/threonine protein kinase, putative [Plasmodium vivax]
SCO72047.1           -            590 898at5820            -           1021   3.3e-06   23.9   0.1   2   2   0.00027     0.034   10.6   0.0   864   938   495   573   486   582 0.75 serine/threonine protein kinase, putative [Plasmodium vivax]
SCO74397.1           -            177 898at5820            -           1021   2.1e-05   21.2   2.0   1   1   1.8e-07   2.3e-05   21.1   2.0    47   162    43   159     8   174 0.66 calcineurin subunit B, putative [Plasmodium vivax]
SCO74090.1           -            471 898at5820            -           1021   0.00076   16.1   0.9   1   1     9e-06    0.0012   15.5   0.9    68   146   166   246   153   268 0.84 apicoplast calcium binding protein 1, putative [Plasmodium vivax]
SCO74740.1           -            149 898at5820            -           1021     0.015   11.8   0.0   1   1   0.00016     0.021   11.3   0.0    75   128    59   113    50   129 0.85 calmodulin, putative [Plasmodium vivax]
#
# Program:         hmmsearch
# Version:         3.4 (Aug 2023)
# Pipeline mode:   SEARCH
# Query file:      /v3/work/00_inventory/busco/busco_downloads/lineages/plasmodium_odb10/hmms/898at5820.hmm
# Target file:     /v3/inputs/annotations/ncbi-datasets/PvC01.proteins.fa
# Option settings: hmmsearch --domtblout /v3/work/00_inventory/busco/PvC01_proteins/run_plasmodium_odb10/hmmer_output/initial_run_results/898at5820.out --cpu 1 /v3/work/00_inventory/busco/busco_downloads/lineages/plasmodium_odb10/hmms/898at5820.hmm /v3/inputs/annotations/ncbi-datasets/PvC01.proteins.fa 
# Current dir:     /v3/work/00_inventory/busco
# Date:            Tue May 19 19:08:13 2026
# [ok]
