#                                                                            --- full sequence --- -------------- this domain -------------   hmm coord   ali coord   env coord
# target name        accession   tlen query name           accession   qlen   E-value  score  bias   #  of  c-Evalue  i-Evalue  score  bias  from    to  from    to  from    to  acc description of target
#------------------- ---------- ----- -------------------- ---------- ----- --------- ------ ----- --- --- --------- --------- ------ ----- ----- ----- ----- ----- ----- ----- ---- ---------------------
SCO70606.1           -            379 9007at5820           -            316  3.9e-181  599.8  24.7   1   2   1.6e-53   3.4e-50  169.6   8.3     1   100     1   112     1   116 0.94 conserved Plasmodium protein, unknown function [Plasmodium vivax]
SCO70606.1           -            379 9007at5820           -            316  3.9e-181  599.8  24.7   2   2  1.2e-134  2.6e-131  436.1   8.5    99   316   159   377   157   377 0.99 conserved Plasmodium protein, unknown function [Plasmodium vivax]
SCO75485.1           -            306 9007at5820           -            316    0.0034   15.2   0.4   1   3      0.11   2.3e+02   -0.7   0.0    56   103    40    86    25    97 0.57 mitochondrial carrier protein, putative [Plasmodium vivax]
SCO75485.1           -            306 9007at5820           -            316    0.0034   15.2   0.4   2   3     0.016        34    2.0   0.0    55    77   126   148   112   183 0.85 mitochondrial carrier protein, putative [Plasmodium vivax]
SCO75485.1           -            306 9007at5820           -            316    0.0034   15.2   0.4   3   3   7.7e-05      0.16    9.7   0.1    39    77   246   284   240   295 0.85 mitochondrial carrier protein, putative [Plasmodium vivax]
SCO71260.1           -            318 9007at5820           -            316    0.0071   14.2   0.1   1   2     0.016        33    2.1   0.0    58    76    76    94    44   119 0.71 dicarboxylate/tricarboxylate carrier, putative [Plasmodium vivax]
SCO71260.1           -            318 9007at5820           -            316    0.0071   14.2   0.1   2   2   8.7e-05      0.18    9.5   0.0    52    83   169   200   158   234 0.86 dicarboxylate/tricarboxylate carrier, putative [Plasmodium vivax]
#
# Program:         hmmsearch
# Version:         3.4 (Aug 2023)
# Pipeline mode:   SEARCH
# Query file:      /v3/work/00_inventory/busco/busco_downloads/lineages/plasmodium_odb10/hmms/9007at5820.hmm
# Target file:     /v3/inputs/annotations/ncbi-datasets/PvC01.proteins.fa
# Option settings: hmmsearch --domtblout /v3/work/00_inventory/busco/PvC01_proteins/run_plasmodium_odb10/hmmer_output/initial_run_results/9007at5820.out --cpu 1 /v3/work/00_inventory/busco/busco_downloads/lineages/plasmodium_odb10/hmms/9007at5820.hmm /v3/inputs/annotations/ncbi-datasets/PvC01.proteins.fa 
# Current dir:     /v3/work/00_inventory/busco
# Date:            Tue May 19 19:08:18 2026
# [ok]
