#                                                                            --- full sequence --- -------------- this domain -------------   hmm coord   ali coord   env coord
# target name        accession   tlen query name           accession   qlen   E-value  score  bias   #  of  c-Evalue  i-Evalue  score  bias  from    to  from    to  from    to  acc description of target
#------------------- ---------- ----- -------------------- ---------- ----- --------- ------ ----- --- --- --------- --------- ------ ----- ----- ----- ----- ----- ----- ----- ---- ---------------------
SCO71696.1           -            345 9549at5820           -            278  1.7e-159  527.8  29.4   1   2     2e-46   3.1e-43  146.4   4.1     1    99    39   147    39   155 0.86 conserved Plasmodium protein, unknown function [Plasmodium vivax]
SCO71696.1           -            345 9549at5820           -            278  1.7e-159  527.8  29.4   2   2  5.7e-120    9e-117  387.7  18.1    85   278   152   345   145   345 0.98 conserved Plasmodium protein, unknown function [Plasmodium vivax]
SCO71304.1           -            396 9549at5820           -            278   4.5e-16   57.3  19.3   1   2   6.6e-05       0.1   10.2   0.8    50    87   138   174   123   208 0.74 conserved protein, unknown function [Plasmodium vivax]
SCO71304.1           -            396 9549at5820           -            278   4.5e-16   57.3  19.3   2   2   1.8e-17   2.8e-14   51.4  12.2    96   271   214   385   197   392 0.84 conserved protein, unknown function [Plasmodium vivax]
SCO71558.1           -            702 9549at5820           -            278   7.5e-09   33.6   3.9   1   2      0.26     4e+02   -1.5   0.1    70    82   401   413   395   418 0.82 conserved protein, unknown function [Plasmodium vivax]
SCO71558.1           -            702 9549at5820           -            278   7.5e-09   33.6   3.9   2   2   4.8e-12   7.5e-09   33.6   3.9   122   264   551   689   537   697 0.88 conserved protein, unknown function [Plasmodium vivax]
SCO71197.1           -            556 9549at5820           -            278     0.011   13.4   3.0   1   1   1.3e-05      0.02   12.5   3.0    21    96   463   541   440   549 0.83 Plasmodium exported protein (PHIST), unknown function [Plasmodium vivax]
#
# Program:         hmmsearch
# Version:         3.4 (Aug 2023)
# Pipeline mode:   SEARCH
# Query file:      /v3/work/00_inventory/busco/busco_downloads/lineages/plasmodium_odb10/hmms/9549at5820.hmm
# Target file:     /v3/inputs/annotations/ncbi-datasets/PvC01.proteins.fa
# Option settings: hmmsearch --domtblout /v3/work/00_inventory/busco/PvC01_proteins/run_plasmodium_odb10/hmmer_output/initial_run_results/9549at5820.out --cpu 1 /v3/work/00_inventory/busco/busco_downloads/lineages/plasmodium_odb10/hmms/9549at5820.hmm /v3/inputs/annotations/ncbi-datasets/PvC01.proteins.fa 
# Current dir:     /v3/work/00_inventory/busco
# Date:            Tue May 19 19:12:13 2026
# [ok]
