#                                                                            --- full sequence --- -------------- this domain -------------   hmm coord   ali coord   env coord
# target name        accession   tlen query name           accession   qlen   E-value  score  bias   #  of  c-Evalue  i-Evalue  score  bias  from    to  from    to  from    to  acc description of target
#------------------- ---------- ----- -------------------- ---------- ----- --------- ------ ----- --- --- --------- --------- ------ ----- ----- ----- ----- ----- ----- ----- ---- ---------------------
CAG9478184.1         -           1685 1211at5820           -           1188         0 1649.3  40.6   1   7  1.8e-265  5.4e-262  870.8  16.1     1   473     1   494     1   498 0.96 | transcript=PVW1_110049200_t1 | gene=PVW1_110049200 | organism=Plasmodium_vivax_PvW1 | gene_product=unspecified product | transcript_product=unspecified product | location=CAJZCX010000008:1871926-1878107(+) | protein_length=1685 | sequence_SO=supercontig | SO=protein_coding_gene | is_pseudo=false
CAG9478184.1         -           1685 1211at5820           -           1188         0 1649.3  40.6   2   7   2.3e-88   7.1e-85  284.1   8.7   483   710   585   864   548   880 0.81 | transcript=PVW1_110049200_t1 | gene=PVW1_110049200 | organism=Plasmodium_vivax_PvW1 | gene_product=unspecified product | transcript_product=unspecified product | location=CAJZCX010000008:1871926-1878107(+) | protein_length=1685 | sequence_SO=supercontig | SO=protein_coding_gene | is_pseudo=false
CAG9478184.1         -           1685 1211at5820           -           1188         0 1649.3  40.6   3   7   3.2e-46   9.6e-43  144.6   0.1   707   830   908  1063   900  1066 0.85 | transcript=PVW1_110049200_t1 | gene=PVW1_110049200 | organism=Plasmodium_vivax_PvW1 | gene_product=unspecified product | transcript_product=unspecified product | location=CAJZCX010000008:1871926-1878107(+) | protein_length=1685 | sequence_SO=supercontig | SO=protein_coding_gene | is_pseudo=false
CAG9478184.1         -           1685 1211at5820           -           1188         0 1649.3  40.6   4   7    0.0025       7.7    2.5   0.0   831   862  1098  1130  1094  1136 0.82 | transcript=PVW1_110049200_t1 | gene=PVW1_110049200 | organism=Plasmodium_vivax_PvW1 | gene_product=unspecified product | transcript_product=unspecified product | location=CAJZCX010000008:1871926-1878107(+) | protein_length=1685 | sequence_SO=supercontig | SO=protein_coding_gene | is_pseudo=false
CAG9478184.1         -           1685 1211at5820           -           1188         0 1649.3  40.6   5   7   1.9e-41   5.7e-38  128.8   0.0   861   984  1176  1326  1169  1342 0.83 | transcript=PVW1_110049200_t1 | gene=PVW1_110049200 | organism=Plasmodium_vivax_PvW1 | gene_product=unspecified product | transcript_product=unspecified product | location=CAJZCX010000008:1871926-1878107(+) | protein_length=1685 | sequence_SO=supercontig | SO=protein_coding_gene | is_pseudo=false
CAG9478184.1         -           1685 1211at5820           -           1188         0 1649.3  40.6   6   7   2.7e-38   8.3e-35  118.3   0.3   989  1086  1412  1515  1406  1521 0.90 | transcript=PVW1_110049200_t1 | gene=PVW1_110049200 | organism=Plasmodium_vivax_PvW1 | gene_product=unspecified product | transcript_product=unspecified product | location=CAJZCX010000008:1871926-1878107(+) | protein_length=1685 | sequence_SO=supercontig | SO=protein_coding_gene | is_pseudo=false
CAG9478184.1         -           1685 1211at5820           -           1188         0 1649.3  40.6   7   7   2.6e-33   7.8e-30  101.8   0.0  1086  1187  1558  1680  1555  1681 0.91 | transcript=PVW1_110049200_t1 | gene=PVW1_110049200 | organism=Plasmodium_vivax_PvW1 | gene_product=unspecified product | transcript_product=unspecified product | location=CAJZCX010000008:1871926-1878107(+) | protein_length=1685 | sequence_SO=supercontig | SO=protein_coding_gene | is_pseudo=false
CAG9477520.1         -            149 1211at5820           -           1188   3.8e-10   36.6   0.0   1   1   1.5e-13   4.5e-10   36.4   0.0   147   286     1   136     1   140 0.89 | transcript=PVW1_110010900_t1 | gene=PVW1_110010900 | organism=Plasmodium_vivax_PvW1 | gene_product=Nucleoside diphosphate kinase [Source:UniProtKB/TrEMBL;Acc:A0A1G4HET3] | transcript_product=Nucleoside diphosphate kinase [Source:UniProtKB/TrEMBL;Acc:A0A1G4HET3] | location=CAJZCX010000008:244624-245073(-) | protein_length=149 | sequence_SO=supercontig | SO=protein_coding_gene | is_pseudo=false
#
# Program:         hmmsearch
# Version:         3.4 (Aug 2023)
# Pipeline mode:   SEARCH
# Query file:      /v3/work/00_inventory/busco/busco_downloads/lineages/plasmodium_odb10/hmms/1211at5820.hmm
# Target file:     /v3/inputs/annotations/plasmodb-68/PvW1.proteins.fa
# Option settings: hmmsearch --domtblout /v3/work/00_inventory/busco/PvW1_proteins/run_plasmodium_odb10/hmmer_output/initial_run_results/1211at5820.out --cpu 1 /v3/work/00_inventory/busco/busco_downloads/lineages/plasmodium_odb10/hmms/1211at5820.hmm /v3/inputs/annotations/plasmodb-68/PvW1.proteins.fa 
# Current dir:     /v3/work/00_inventory/busco
# Date:            Tue May 19 17:25:45 2026
# [ok]
