#                                                                            --- full sequence --- -------------- this domain -------------   hmm coord   ali coord   env coord
# target name        accession   tlen query name           accession   qlen   E-value  score  bias   #  of  c-Evalue  i-Evalue  score  bias  from    to  from    to  from    to  acc description of target
#------------------- ---------- ----- -------------------- ---------- ----- --------- ------ ----- --- --- --------- --------- ------ ----- ----- ----- ----- ----- ----- ----- ---- ---------------------
CAG9475825.1         -           1365 12237at5820          -            645  4.7e-203  674.9  30.8   1   8   2.8e-16   1.7e-12   45.3   0.1    10    52   410   452   402   461 0.87 | transcript=PVW1_130030000_t1 | gene=PVW1_130030000 | organism=Plasmodium_vivax_PvW1 | gene_product=unspecified product | transcript_product=unspecified product | location=CAJZCX010000006:1113169-1117266(+) | protein_length=1365 | sequence_SO=supercontig | SO=protein_coding_gene | is_pseudo=false
CAG9475825.1         -           1365 12237at5820          -            645  4.7e-203  674.9  30.8   2   8   3.2e-49     2e-45  154.1   6.5    58   190   485   648   482   651 0.84 | transcript=PVW1_130030000_t1 | gene=PVW1_130030000 | organism=Plasmodium_vivax_PvW1 | gene_product=unspecified product | transcript_product=unspecified product | location=CAJZCX010000006:1113169-1117266(+) | protein_length=1365 | sequence_SO=supercontig | SO=protein_coding_gene | is_pseudo=false
CAG9475825.1         -           1365 12237at5820          -            645  4.7e-203  674.9  30.8   3   8     3e-26   1.8e-22   78.2   0.0   190   262   691   764   688   768 0.94 | transcript=PVW1_130030000_t1 | gene=PVW1_130030000 | organism=Plasmodium_vivax_PvW1 | gene_product=unspecified product | transcript_product=unspecified product | location=CAJZCX010000006:1113169-1117266(+) | protein_length=1365 | sequence_SO=supercontig | SO=protein_coding_gene | is_pseudo=false
CAG9475825.1         -           1365 12237at5820          -            645  4.7e-203  674.9  30.8   4   8   1.4e-15   8.6e-12   43.0   3.6   258   306   791   840   782   846 0.87 | transcript=PVW1_130030000_t1 | gene=PVW1_130030000 | organism=Plasmodium_vivax_PvW1 | gene_product=unspecified product | transcript_product=unspecified product | location=CAJZCX010000006:1113169-1117266(+) | protein_length=1365 | sequence_SO=supercontig | SO=protein_coding_gene | is_pseudo=false
CAG9475825.1         -           1365 12237at5820          -            645  4.7e-203  674.9  30.8   5   8   1.6e-07   0.00095   16.4   0.0   307   337   872   903   867   923 0.90 | transcript=PVW1_130030000_t1 | gene=PVW1_130030000 | organism=Plasmodium_vivax_PvW1 | gene_product=unspecified product | transcript_product=unspecified product | location=CAJZCX010000006:1113169-1117266(+) | protein_length=1365 | sequence_SO=supercontig | SO=protein_coding_gene | is_pseudo=false
CAG9475825.1         -           1365 12237at5820          -            645  4.7e-203  674.9  30.8   6   8     0.039   2.3e+02   -1.4   0.0   336   352   935   951   932   956 0.87 | transcript=PVW1_130030000_t1 | gene=PVW1_130030000 | organism=Plasmodium_vivax_PvW1 | gene_product=unspecified product | transcript_product=unspecified product | location=CAJZCX010000006:1113169-1117266(+) | protein_length=1365 | sequence_SO=supercontig | SO=protein_coding_gene | is_pseudo=false
CAG9475825.1         -           1365 12237at5820          -            645  4.7e-203  674.9  30.8   7   8     2e-20   1.2e-16   59.0   0.0   356   424  1001  1075   991  1081 0.84 | transcript=PVW1_130030000_t1 | gene=PVW1_130030000 | organism=Plasmodium_vivax_PvW1 | gene_product=unspecified product | transcript_product=unspecified product | location=CAJZCX010000006:1113169-1117266(+) | protein_length=1365 | sequence_SO=supercontig | SO=protein_coding_gene | is_pseudo=false
CAG9475825.1         -           1365 12237at5820          -            645  4.7e-203  674.9  30.8   8   8   1.5e-87   9.2e-84  280.8   1.1   428   644  1108  1361  1100  1362 0.86 | transcript=PVW1_130030000_t1 | gene=PVW1_130030000 | organism=Plasmodium_vivax_PvW1 | gene_product=unspecified product | transcript_product=unspecified product | location=CAJZCX010000006:1113169-1117266(+) | protein_length=1365 | sequence_SO=supercontig | SO=protein_coding_gene | is_pseudo=false
#
# Program:         hmmsearch
# Version:         3.4 (Aug 2023)
# Pipeline mode:   SEARCH
# Query file:      /v3/work/00_inventory/busco/busco_downloads/lineages/plasmodium_odb10/hmms/12237at5820.hmm
# Target file:     /v3/inputs/annotations/plasmodb-68/PvW1.proteins.fa
# Option settings: hmmsearch --domtblout /v3/work/00_inventory/busco/PvW1_proteins/run_plasmodium_odb10/hmmer_output/initial_run_results/12237at5820.out --cpu 1 /v3/work/00_inventory/busco/busco_downloads/lineages/plasmodium_odb10/hmms/12237at5820.hmm /v3/inputs/annotations/plasmodb-68/PvW1.proteins.fa 
# Current dir:     /v3/work/00_inventory/busco
# Date:            Tue May 19 17:26:18 2026
# [ok]
