#                                                                            --- full sequence --- -------------- this domain -------------   hmm coord   ali coord   env coord
# target name        accession   tlen query name           accession   qlen   E-value  score  bias   #  of  c-Evalue  i-Evalue  score  bias  from    to  from    to  from    to  acc description of target
#------------------- ---------- ----- -------------------- ---------- ----- --------- ------ ----- --- --- --------- --------- ------ ----- ----- ----- ----- ----- ----- ----- ---- ---------------------
CAG9477465.1         -             92 14943at5820          -             89     2e-57  189.8  13.3   1   1   1.9e-60   2.3e-57  189.7  13.3     1    89     1    92     1    92 0.97 | transcript=PVW1_110008800_t1 | gene=PVW1_110008800 | organism=Plasmodium_vivax_PvW1 | gene_product=zf-Tim10_DDP domain-containing protein [Source:UniProtKB/TrEMBL;Acc:A0A1G4GZA3] | transcript_product=zf-Tim10_DDP domain-containing protein [Source:UniProtKB/TrEMBL;Acc:A0A1G4GZA3] | location=CAJZCX010000008:176139-176417(+) | protein_length=92 | sequence_SO=supercontig | SO=protein_coding_gene | is_pseudo=false
CAG9475164.1         -             76 14943at5820          -             89     0.011   14.5   2.4   1   2      0.15   1.8e+02    0.9   0.0    72    87     7    22     4    23 0.85 | transcript=PVW1_100056200_t1 | gene=PVW1_100056200 | organism=Plasmodium_vivax_PvW1 | gene_product=zf-Tim10_DDP domain-containing protein [Source:UniProtKB/TrEMBL;Acc:A0A1G4GZ55] | transcript_product=zf-Tim10_DDP domain-containing protein [Source:UniProtKB/TrEMBL;Acc:A0A1G4GZ55] | location=CAJZCX010000005:2289938-2290519(+) | protein_length=76 | sequence_SO=supercontig | SO=protein_coding_gene | is_pseudo=false
CAG9475164.1         -             76 14943at5820          -             89     0.011   14.5   2.4   2   2   1.4e-05     0.017   13.8   2.3    32    66    18    52     9    74 0.79 | transcript=PVW1_100056200_t1 | gene=PVW1_100056200 | organism=Plasmodium_vivax_PvW1 | gene_product=zf-Tim10_DDP domain-containing protein [Source:UniProtKB/TrEMBL;Acc:A0A1G4GZ55] | transcript_product=zf-Tim10_DDP domain-containing protein [Source:UniProtKB/TrEMBL;Acc:A0A1G4GZ55] | location=CAJZCX010000005:2289938-2290519(+) | protein_length=76 | sequence_SO=supercontig | SO=protein_coding_gene | is_pseudo=false
CAG9475466.1         -             75 14943at5820          -             89     0.011   14.4   0.3   1   1     1e-05     0.013   14.2   0.3    30    74    21    65     2    73 0.81 | transcript=PVW1_130014500_t1 | gene=PVW1_130014500 | organism=Plasmodium_vivax_PvW1 | gene_product=zf-Tim10_DDP domain-containing protein [Source:UniProtKB/TrEMBL;Acc:A0A1G4H2X5] | transcript_product=zf-Tim10_DDP domain-containing protein [Source:UniProtKB/TrEMBL;Acc:A0A1G4H2X5] | location=CAJZCX010000006:438068-438295(+) | protein_length=75 | sequence_SO=supercontig | SO=protein_coding_gene | is_pseudo=false
CAG9472501.1         -             93 14943at5820          -             89     0.016   13.9   0.8   1   1   1.7e-05      0.02   13.6   0.8    33    66    35    67    24    86 0.84 | transcript=PVW1_140066500_t1 | gene=PVW1_140066500 | organism=Plasmodium_vivax_PvW1 | gene_product=zf-Tim10_DDP domain-containing protein [Source:UniProtKB/TrEMBL;Acc:A0A1G4H5U7] | transcript_product=zf-Tim10_DDP domain-containing protein [Source:UniProtKB/TrEMBL;Acc:A0A1G4H5U7] | location=CAJZCX010000003:2668992-2669766(-) | protein_length=93 | sequence_SO=supercontig | SO=protein_coding_gene | is_pseudo=false
CAG9475918.1         -            813 14943at5820          -             89       0.6    8.8   8.2   1   3   0.00024      0.29    9.8   3.4    33    66    33    65    19    79 0.88 | transcript=PVW1_130033900_t1 | gene=PVW1_130033900 | organism=Plasmodium_vivax_PvW1 | gene_product=unspecified product | transcript_product=unspecified product | location=CAJZCX010000006:1254141-1257891(-) | protein_length=813 | sequence_SO=supercontig | SO=protein_coding_gene | is_pseudo=false
CAG9475918.1         -            813 14943at5820          -             89       0.6    8.8   8.2   2   3      0.42   5.1e+02   -0.6   0.0    25    43   131   149   126   167 0.81 | transcript=PVW1_130033900_t1 | gene=PVW1_130033900 | organism=Plasmodium_vivax_PvW1 | gene_product=unspecified product | transcript_product=unspecified product | location=CAJZCX010000006:1254141-1257891(-) | protein_length=813 | sequence_SO=supercontig | SO=protein_coding_gene | is_pseudo=false
CAG9475918.1         -            813 14943at5820          -             89       0.6    8.8   8.2   3   3       2.6   3.2e+03   -3.1   0.1    53    75   217   239   202   255 0.59 | transcript=PVW1_130033900_t1 | gene=PVW1_130033900 | organism=Plasmodium_vivax_PvW1 | gene_product=unspecified product | transcript_product=unspecified product | location=CAJZCX010000006:1254141-1257891(-) | protein_length=813 | sequence_SO=supercontig | SO=protein_coding_gene | is_pseudo=false
#
# Program:         hmmsearch
# Version:         3.4 (Aug 2023)
# Pipeline mode:   SEARCH
# Query file:      /v3/work/00_inventory/busco/busco_downloads/lineages/plasmodium_odb10/hmms/14943at5820.hmm
# Target file:     /v3/inputs/annotations/plasmodb-68/PvW1.proteins.fa
# Option settings: hmmsearch --domtblout /v3/work/00_inventory/busco/PvW1_proteins/run_plasmodium_odb10/hmmer_output/initial_run_results/14943at5820.out --cpu 1 /v3/work/00_inventory/busco/busco_downloads/lineages/plasmodium_odb10/hmms/14943at5820.hmm /v3/inputs/annotations/plasmodb-68/PvW1.proteins.fa 
# Current dir:     /v3/work/00_inventory/busco
# Date:            Tue May 19 17:34:44 2026
# [ok]
