#                                                                            --- full sequence --- -------------- this domain -------------   hmm coord   ali coord   env coord
# target name        accession   tlen query name           accession   qlen   E-value  score  bias   #  of  c-Evalue  i-Evalue  score  bias  from    to  from    to  from    to  acc description of target
#------------------- ---------- ----- -------------------- ---------- ----- --------- ------ ----- --- --- --------- --------- ------ ----- ----- ----- ----- ----- ----- ----- ---- ---------------------
CAG9476285.1         -           1556 1614at5820           -            920         0 1171.7  75.0   1   8   8.4e-26   5.1e-22   75.9   0.7     1    79     1    92     1    95 0.84 | transcript=PVW1_130051600_t1 | gene=PVW1_130051600 | organism=Plasmodium_vivax_PvW1 | gene_product=Nuclear formin-like protein, putative [Source:UniProtKB/TrEMBL;Acc:A0A1G4HJ86] | transcript_product=Nuclear formin-like protein, putative [Source:UniProtKB/TrEMBL;Acc:A0A1G4HJ86] | location=CAJZCX010000006:2045624-2050476(+) | protein_length=1556 | sequence_SO=supercontig | SO=protein_coding_gene | is_pseudo=false
CAG9476285.1         -           1556 1614at5820           -            920         0 1171.7  75.0   2   8   1.2e-50   7.4e-47  158.1   3.3    68   267   177   448   172   457 0.77 | transcript=PVW1_130051600_t1 | gene=PVW1_130051600 | organism=Plasmodium_vivax_PvW1 | gene_product=Nuclear formin-like protein, putative [Source:UniProtKB/TrEMBL;Acc:A0A1G4HJ86] | transcript_product=Nuclear formin-like protein, putative [Source:UniProtKB/TrEMBL;Acc:A0A1G4HJ86] | location=CAJZCX010000006:2045624-2050476(+) | protein_length=1556 | sequence_SO=supercontig | SO=protein_coding_gene | is_pseudo=false
CAG9476285.1         -           1556 1614at5820           -            920         0 1171.7  75.0   3   8   0.00089       5.4    3.0   0.0   257   287   500   530   486   537 0.78 | transcript=PVW1_130051600_t1 | gene=PVW1_130051600 | organism=Plasmodium_vivax_PvW1 | gene_product=Nuclear formin-like protein, putative [Source:UniProtKB/TrEMBL;Acc:A0A1G4HJ86] | transcript_product=Nuclear formin-like protein, putative [Source:UniProtKB/TrEMBL;Acc:A0A1G4HJ86] | location=CAJZCX010000006:2045624-2050476(+) | protein_length=1556 | sequence_SO=supercontig | SO=protein_coding_gene | is_pseudo=false
CAG9476285.1         -           1556 1614at5820           -            920         0 1171.7  75.0   4   8  1.2e-107  7.4e-104  346.7   7.6   294   601   691  1070   679  1081 0.82 | transcript=PVW1_130051600_t1 | gene=PVW1_130051600 | organism=Plasmodium_vivax_PvW1 | gene_product=Nuclear formin-like protein, putative [Source:UniProtKB/TrEMBL;Acc:A0A1G4HJ86] | transcript_product=Nuclear formin-like protein, putative [Source:UniProtKB/TrEMBL;Acc:A0A1G4HJ86] | location=CAJZCX010000006:2045624-2050476(+) | protein_length=1556 | sequence_SO=supercontig | SO=protein_coding_gene | is_pseudo=false
CAG9476285.1         -           1556 1614at5820           -            920         0 1171.7  75.0   5   8   5.6e-09   3.4e-05   20.2   0.5   565   601  1076  1113  1070  1118 0.85 | transcript=PVW1_130051600_t1 | gene=PVW1_130051600 | organism=Plasmodium_vivax_PvW1 | gene_product=Nuclear formin-like protein, putative [Source:UniProtKB/TrEMBL;Acc:A0A1G4HJ86] | transcript_product=Nuclear formin-like protein, putative [Source:UniProtKB/TrEMBL;Acc:A0A1G4HJ86] | location=CAJZCX010000006:2045624-2050476(+) | protein_length=1556 | sequence_SO=supercontig | SO=protein_coding_gene | is_pseudo=false
CAG9476285.1         -           1556 1614at5820           -            920         0 1171.7  75.0   6   8  1.1e-113  6.8e-110  366.7  13.1   595   773  1129  1307  1119  1317 0.97 | transcript=PVW1_130051600_t1 | gene=PVW1_130051600 | organism=Plasmodium_vivax_PvW1 | gene_product=Nuclear formin-like protein, putative [Source:UniProtKB/TrEMBL;Acc:A0A1G4HJ86] | transcript_product=Nuclear formin-like protein, putative [Source:UniProtKB/TrEMBL;Acc:A0A1G4HJ86] | location=CAJZCX010000006:2045624-2050476(+) | protein_length=1556 | sequence_SO=supercontig | SO=protein_coding_gene | is_pseudo=false
CAG9476285.1         -           1556 1614at5820           -            920         0 1171.7  75.0   7   8     7e-52   4.3e-48  162.2   4.0   766   866  1325  1425  1310  1432 0.90 | transcript=PVW1_130051600_t1 | gene=PVW1_130051600 | organism=Plasmodium_vivax_PvW1 | gene_product=Nuclear formin-like protein, putative [Source:UniProtKB/TrEMBL;Acc:A0A1G4HJ86] | transcript_product=Nuclear formin-like protein, putative [Source:UniProtKB/TrEMBL;Acc:A0A1G4HJ86] | location=CAJZCX010000006:2045624-2050476(+) | protein_length=1556 | sequence_SO=supercontig | SO=protein_coding_gene | is_pseudo=false
CAG9476285.1         -           1556 1614at5820           -            920         0 1171.7  75.0   8   8   2.6e-21   1.6e-17   61.0   1.5   868   920  1502  1556  1494  1556 0.89 | transcript=PVW1_130051600_t1 | gene=PVW1_130051600 | organism=Plasmodium_vivax_PvW1 | gene_product=Nuclear formin-like protein, putative [Source:UniProtKB/TrEMBL;Acc:A0A1G4HJ86] | transcript_product=Nuclear formin-like protein, putative [Source:UniProtKB/TrEMBL;Acc:A0A1G4HJ86] | location=CAJZCX010000006:2045624-2050476(+) | protein_length=1556 | sequence_SO=supercontig | SO=protein_coding_gene | is_pseudo=false
#
# Program:         hmmsearch
# Version:         3.4 (Aug 2023)
# Pipeline mode:   SEARCH
# Query file:      /v3/work/00_inventory/busco/busco_downloads/lineages/plasmodium_odb10/hmms/1614at5820.hmm
# Target file:     /v3/inputs/annotations/plasmodb-68/PvW1.proteins.fa
# Option settings: hmmsearch --domtblout /v3/work/00_inventory/busco/PvW1_proteins/run_plasmodium_odb10/hmmer_output/initial_run_results/1614at5820.out --cpu 1 /v3/work/00_inventory/busco/busco_downloads/lineages/plasmodium_odb10/hmms/1614at5820.hmm /v3/inputs/annotations/plasmodb-68/PvW1.proteins.fa 
# Current dir:     /v3/work/00_inventory/busco
# Date:            Tue May 19 17:31:39 2026
# [ok]
