#                                                                            --- full sequence --- -------------- this domain -------------   hmm coord   ali coord   env coord
# target name        accession   tlen query name           accession   qlen   E-value  score  bias   #  of  c-Evalue  i-Evalue  score  bias  from    to  from    to  from    to  acc description of target
#------------------- ---------- ----- -------------------- ---------- ----- --------- ------ ----- --- --- --------- --------- ------ ----- ----- ----- ----- ----- ----- ----- ---- ---------------------
CAG9479873.1         -           1193 1633at5820           -           1067         0 1987.8 192.5   1   1         0         0 1980.2 192.5     1  1067     1  1186     1  1186 0.93 | transcript=PVW1_050025700_t1 | gene=PVW1_050025700 | organism=Plasmodium_vivax_PvW1 | gene_product=Structural maintenance of chromosomes protein [Source:UniProtKB/TrEMBL;Acc:A0A564ZRL1] | transcript_product=Structural maintenance of chromosomes protein [Source:UniProtKB/TrEMBL;Acc:A0A564ZRL1] | location=CAJZCX010000010:861126-867964(-) | protein_length=1193 | sequence_SO=supercontig | SO=protein_coding_gene | is_pseudo=false
CAG9472019.1         -           1218 1633at5820           -           1067   6.6e-26   88.9 168.6   1   2   2.6e-13   5.3e-10   36.2 141.1     1   817     1   920     1   920 0.68 | transcript=PVW1_140025600_t1 | gene=PVW1_140025600 | organism=Plasmodium_vivax_PvW1 | gene_product=Structural maintenance of chromosomes protein [Source:UniProtKB/TrEMBL;Acc:A0A1G4H4J7] | transcript_product=Structural maintenance of chromosomes protein [Source:UniProtKB/TrEMBL;Acc:A0A1G4H4J7] | location=CAJZCX010000003:898588-902556(-) | protein_length=1218 | sequence_SO=supercontig | SO=protein_coding_gene | is_pseudo=false
CAG9472019.1         -           1218 1633at5820           -           1067   6.6e-26   88.9 168.6   2   2   2.8e-12   5.6e-09   32.8  50.8   668  1054   805  1186   802  1197 0.80 | transcript=PVW1_140025600_t1 | gene=PVW1_140025600 | organism=Plasmodium_vivax_PvW1 | gene_product=Structural maintenance of chromosomes protein [Source:UniProtKB/TrEMBL;Acc:A0A1G4H4J7] | transcript_product=Structural maintenance of chromosomes protein [Source:UniProtKB/TrEMBL;Acc:A0A1G4H4J7] | location=CAJZCX010000003:898588-902556(-) | protein_length=1218 | sequence_SO=supercontig | SO=protein_coding_gene | is_pseudo=false
CAG9475023.1         -           1453 1633at5820           -           1067   7.8e-07   25.7  20.7   1   4   2.2e-07   0.00044   16.6   0.1     3    49    58   105    56   130 0.87 | transcript=PVW1_100048900_t1 | gene=PVW1_100048900 | organism=Plasmodium_vivax_PvW1 | gene_product=unspecified product | transcript_product=unspecified product | location=CAJZCX010000005:1993041-1997402(-) | protein_length=1453 | sequence_SO=supercontig | SO=protein_coding_gene | is_pseudo=false
CAG9475023.1         -           1453 1633at5820           -           1067   7.8e-07   25.7  20.7   2   4         3   6.1e+03  -21.9  52.8   105   446   192   532   184   586 0.43 | transcript=PVW1_100048900_t1 | gene=PVW1_100048900 | organism=Plasmodium_vivax_PvW1 | gene_product=unspecified product | transcript_product=unspecified product | location=CAJZCX010000005:1993041-1997402(-) | protein_length=1453 | sequence_SO=supercontig | SO=protein_coding_gene | is_pseudo=false
CAG9475023.1         -           1453 1633at5820           -           1067   7.8e-07   25.7  20.7   3   4         3   6.1e+03  -15.7  42.6   207   430   816  1034   797  1060 0.59 | transcript=PVW1_100048900_t1 | gene=PVW1_100048900 | organism=Plasmodium_vivax_PvW1 | gene_product=unspecified product | transcript_product=unspecified product | location=CAJZCX010000005:1993041-1997402(-) | protein_length=1453 | sequence_SO=supercontig | SO=protein_coding_gene | is_pseudo=false
CAG9475023.1         -           1453 1633at5820           -           1067   7.8e-07   25.7  20.7   4   4   9.1e-09   1.8e-05   21.2  16.2   856  1041  1235  1404  1173  1419 0.66 | transcript=PVW1_100048900_t1 | gene=PVW1_100048900 | organism=Plasmodium_vivax_PvW1 | gene_product=unspecified product | transcript_product=unspecified product | location=CAJZCX010000005:1993041-1997402(-) | protein_length=1453 | sequence_SO=supercontig | SO=protein_coding_gene | is_pseudo=false
#
# Program:         hmmsearch
# Version:         3.4 (Aug 2023)
# Pipeline mode:   SEARCH
# Query file:      /v3/work/00_inventory/busco/busco_downloads/lineages/plasmodium_odb10/hmms/1633at5820.hmm
# Target file:     /v3/inputs/annotations/plasmodb-68/PvW1.proteins.fa
# Option settings: hmmsearch --domtblout /v3/work/00_inventory/busco/PvW1_proteins/run_plasmodium_odb10/hmmer_output/initial_run_results/1633at5820.out --cpu 1 /v3/work/00_inventory/busco/busco_downloads/lineages/plasmodium_odb10/hmms/1633at5820.hmm /v3/inputs/annotations/plasmodb-68/PvW1.proteins.fa 
# Current dir:     /v3/work/00_inventory/busco
# Date:            Tue May 19 17:31:49 2026
# [ok]
