#                                                                            --- full sequence --- -------------- this domain -------------   hmm coord   ali coord   env coord
# target name        accession   tlen query name           accession   qlen   E-value  score  bias   #  of  c-Evalue  i-Evalue  score  bias  from    to  from    to  from    to  acc description of target
#------------------- ---------- ----- -------------------- ---------- ----- --------- ------ ----- --- --- --------- --------- ------ ----- ----- ----- ----- ----- ----- ----- ---- ---------------------
CAG9473826.1         -           1251 1821at5820           -            689         0 1186.2  65.1   1   5   1.9e-52   5.9e-49  165.6   4.2     1   116     4   119     4   138 0.86 | transcript=PVW1_120070400_t1 | gene=PVW1_120070400 | organism=Plasmodium_vivax_PvW1 | gene_product=unspecified product | transcript_product=unspecified product | location=CAJZCX010000004:2742166-2745921(-) | protein_length=1251 | sequence_SO=supercontig | SO=protein_coding_gene | is_pseudo=false
CAG9473826.1         -           1251 1821at5820           -            689         0 1186.2  65.1   2   5  1.4e-163  4.2e-160  532.9  13.6   107   344   321   558   314   563 0.98 | transcript=PVW1_120070400_t1 | gene=PVW1_120070400 | organism=Plasmodium_vivax_PvW1 | gene_product=unspecified product | transcript_product=unspecified product | location=CAJZCX010000004:2742166-2745921(-) | protein_length=1251 | sequence_SO=supercontig | SO=protein_coding_gene | is_pseudo=false
CAG9473826.1         -           1251 1821at5820           -            689         0 1186.2  65.1   3   5   8.9e-53   2.7e-49  166.7   1.2   340   447   639   756   630   784 0.88 | transcript=PVW1_120070400_t1 | gene=PVW1_120070400 | organism=Plasmodium_vivax_PvW1 | gene_product=unspecified product | transcript_product=unspecified product | location=CAJZCX010000004:2742166-2745921(-) | protein_length=1251 | sequence_SO=supercontig | SO=protein_coding_gene | is_pseudo=false
CAG9473826.1         -           1251 1821at5820           -            689         0 1186.2  65.1   4   5   3.4e-51     1e-47  161.5  14.8   448   586   804   972   790  1041 0.75 | transcript=PVW1_120070400_t1 | gene=PVW1_120070400 | organism=Plasmodium_vivax_PvW1 | gene_product=unspecified product | transcript_product=unspecified product | location=CAJZCX010000004:2742166-2745921(-) | protein_length=1251 | sequence_SO=supercontig | SO=protein_coding_gene | is_pseudo=false
CAG9473826.1         -           1251 1821at5820           -            689         0 1186.2  65.1   5   5   5.6e-57   1.7e-53  180.6   1.0   586   689  1147  1251  1097  1251 0.95 | transcript=PVW1_120070400_t1 | gene=PVW1_120070400 | organism=Plasmodium_vivax_PvW1 | gene_product=unspecified product | transcript_product=unspecified product | location=CAJZCX010000004:2742166-2745921(-) | protein_length=1251 | sequence_SO=supercontig | SO=protein_coding_gene | is_pseudo=false
CAG9473421.1         -            312 1821at5820           -            689   3.2e-07   27.6   1.0   1   3   0.00036       1.1    6.1   0.0    34    70    20    57     8    62 0.86 | transcript=PVW1_120040200_t1 | gene=PVW1_120040200 | organism=Plasmodium_vivax_PvW1 | gene_product=NAD-dependent protein deacylase [Source:UniProtKB/TrEMBL;Acc:A0A1G4HGR2] | transcript_product=NAD-dependent protein deacylase [Source:UniProtKB/TrEMBL;Acc:A0A1G4HGR2] | location=CAJZCX010000004:1468266-1469204(-) | protein_length=312 | sequence_SO=supercontig | SO=protein_coding_gene | is_pseudo=false
CAG9473421.1         -            312 1821at5820           -            689   3.2e-07   27.6   1.0   2   3   9.7e-08    0.0003   17.8   0.0   139   183   102   144    92   171 0.84 | transcript=PVW1_120040200_t1 | gene=PVW1_120040200 | organism=Plasmodium_vivax_PvW1 | gene_product=NAD-dependent protein deacylase [Source:UniProtKB/TrEMBL;Acc:A0A1G4HGR2] | transcript_product=NAD-dependent protein deacylase [Source:UniProtKB/TrEMBL;Acc:A0A1G4HGR2] | location=CAJZCX010000004:1468266-1469204(-) | protein_length=312 | sequence_SO=supercontig | SO=protein_coding_gene | is_pseudo=false
CAG9473421.1         -            312 1821at5820           -            689   3.2e-07   27.6   1.0   3   3     0.014        42    0.8   0.1   128   170   218   258   189   265 0.83 | transcript=PVW1_120040200_t1 | gene=PVW1_120040200 | organism=Plasmodium_vivax_PvW1 | gene_product=NAD-dependent protein deacylase [Source:UniProtKB/TrEMBL;Acc:A0A1G4HGR2] | transcript_product=NAD-dependent protein deacylase [Source:UniProtKB/TrEMBL;Acc:A0A1G4HGR2] | location=CAJZCX010000004:1468266-1469204(-) | protein_length=312 | sequence_SO=supercontig | SO=protein_coding_gene | is_pseudo=false
#
# Program:         hmmsearch
# Version:         3.4 (Aug 2023)
# Pipeline mode:   SEARCH
# Query file:      /v3/work/00_inventory/busco/busco_downloads/lineages/plasmodium_odb10/hmms/1821at5820.hmm
# Target file:     /v3/inputs/annotations/plasmodb-68/PvW1.proteins.fa
# Option settings: hmmsearch --domtblout /v3/work/00_inventory/busco/PvW1_proteins/run_plasmodium_odb10/hmmer_output/initial_run_results/1821at5820.out --cpu 1 /v3/work/00_inventory/busco/busco_downloads/lineages/plasmodium_odb10/hmms/1821at5820.hmm /v3/inputs/annotations/plasmodb-68/PvW1.proteins.fa 
# Current dir:     /v3/work/00_inventory/busco
# Date:            Tue May 19 17:32:54 2026
# [ok]
