#                                                                            --- full sequence --- -------------- this domain -------------   hmm coord   ali coord   env coord
# target name        accession   tlen query name           accession   qlen   E-value  score  bias   #  of  c-Evalue  i-Evalue  score  bias  from    to  from    to  from    to  acc description of target
#------------------- ---------- ----- -------------------- ---------- ----- --------- ------ ----- --- --- --------- --------- ------ ----- ----- ----- ----- ----- ----- ----- ---- ---------------------
CAG9476657.1         -           1287 1880at5820           -           1039         0 2093.2  60.5   1   2         0         0 1582.4  27.2     1   757    15   811    15   832 0.95 | transcript=PVW1_090015500_t1 | gene=PVW1_090015500 | organism=Plasmodium_vivax_PvW1 | gene_product=unspecified product | transcript_product=unspecified product | location=CAJZCX010000007:540779-544811(+) | protein_length=1287 | sequence_SO=supercontig | SO=protein_coding_gene | is_pseudo=false
CAG9476657.1         -           1287 1880at5820           -           1039         0 2093.2  60.5   2   2  1.7e-156  3.4e-153  510.1  25.4   753  1022   906  1208   901  1213 0.93 | transcript=PVW1_090015500_t1 | gene=PVW1_090015500 | organism=Plasmodium_vivax_PvW1 | gene_product=unspecified product | transcript_product=unspecified product | location=CAJZCX010000007:540779-544811(+) | protein_length=1287 | sequence_SO=supercontig | SO=protein_coding_gene | is_pseudo=false
CAG9483158.1         -            724 1880at5820           -           1039     3e-11   40.2  46.2   1   4   6.4e-10   1.3e-06   24.8   9.0   578   730    78   229    61   246 0.91 | transcript=PVW1_030010100_t1 | gene=PVW1_030010100 | organism=Plasmodium_vivax_PvW1 | gene_product=Pre-mRNA-splicing factor CLF1, putative [Source:UniProtKB/TrEMBL;Acc:A0A1G4H792] | transcript_product=Pre-mRNA-splicing factor CLF1, putative [Source:UniProtKB/TrEMBL;Acc:A0A1G4H792] | location=CAJZCX010000014:257576-260566(-) | protein_length=724 | sequence_SO=supercontig | SO=protein_coding_gene | is_pseudo=false
CAG9483158.1         -            724 1880at5820           -           1039     3e-11   40.2  46.2   2   4    0.0014       2.9    3.8   0.1   584   628   255   301   243   309 0.80 | transcript=PVW1_030010100_t1 | gene=PVW1_030010100 | organism=Plasmodium_vivax_PvW1 | gene_product=Pre-mRNA-splicing factor CLF1, putative [Source:UniProtKB/TrEMBL;Acc:A0A1G4H792] | transcript_product=Pre-mRNA-splicing factor CLF1, putative [Source:UniProtKB/TrEMBL;Acc:A0A1G4H792] | location=CAJZCX010000014:257576-260566(-) | protein_length=724 | sequence_SO=supercontig | SO=protein_coding_gene | is_pseudo=false
CAG9483158.1         -            724 1880at5820           -           1039     3e-11   40.2  46.2   3   4   5.3e-09   1.1e-05   21.8   9.2   486   668   310   504   303   510 0.81 | transcript=PVW1_030010100_t1 | gene=PVW1_030010100 | organism=Plasmodium_vivax_PvW1 | gene_product=Pre-mRNA-splicing factor CLF1, putative [Source:UniProtKB/TrEMBL;Acc:A0A1G4H792] | transcript_product=Pre-mRNA-splicing factor CLF1, putative [Source:UniProtKB/TrEMBL;Acc:A0A1G4H792] | location=CAJZCX010000014:257576-260566(-) | protein_length=724 | sequence_SO=supercontig | SO=protein_coding_gene | is_pseudo=false
CAG9483158.1         -            724 1880at5820           -           1039     3e-11   40.2  46.2   4   4   4.2e-09   8.5e-06   22.1  18.0   585   810   385   624   381   666 0.69 | transcript=PVW1_030010100_t1 | gene=PVW1_030010100 | organism=Plasmodium_vivax_PvW1 | gene_product=Pre-mRNA-splicing factor CLF1, putative [Source:UniProtKB/TrEMBL;Acc:A0A1G4H792] | transcript_product=Pre-mRNA-splicing factor CLF1, putative [Source:UniProtKB/TrEMBL;Acc:A0A1G4H792] | location=CAJZCX010000014:257576-260566(-) | protein_length=724 | sequence_SO=supercontig | SO=protein_coding_gene | is_pseudo=false
CAG9472330.1         -            610 1880at5820           -           1039     0.024   10.7   0.1   1   1   1.6e-05     0.033   10.2   0.1   186   227   423   463   384   475 0.70 | transcript=PVW1_140050400_t1 | gene=PVW1_140050400 | organism=Plasmodium_vivax_PvW1 | gene_product=unspecified product | transcript_product=unspecified product | location=CAJZCX010000003:1973741-1975573(-) | protein_length=610 | sequence_SO=supercontig | SO=protein_coding_gene | is_pseudo=false
#
# Program:         hmmsearch
# Version:         3.4 (Aug 2023)
# Pipeline mode:   SEARCH
# Query file:      /v3/work/00_inventory/busco/busco_downloads/lineages/plasmodium_odb10/hmms/1880at5820.hmm
# Target file:     /v3/inputs/annotations/plasmodb-68/PvW1.proteins.fa
# Option settings: hmmsearch --domtblout /v3/work/00_inventory/busco/PvW1_proteins/run_plasmodium_odb10/hmmer_output/initial_run_results/1880at5820.out --cpu 1 /v3/work/00_inventory/busco/busco_downloads/lineages/plasmodium_odb10/hmms/1880at5820.hmm /v3/inputs/annotations/plasmodb-68/PvW1.proteins.fa 
# Current dir:     /v3/work/00_inventory/busco
# Date:            Tue May 19 17:33:08 2026
# [ok]
