#                                                                            --- full sequence --- -------------- this domain -------------   hmm coord   ali coord   env coord
# target name        accession   tlen query name           accession   qlen   E-value  score  bias   #  of  c-Evalue  i-Evalue  score  bias  from    to  from    to  from    to  acc description of target
#------------------- ---------- ----- -------------------- ---------- ----- --------- ------ ----- --- --- --------- --------- ------ ----- ----- ----- ----- ----- ----- ----- ---- ---------------------
CAG9480638.1         -           1557 1881at5820           -            713  4.5e-304 1008.9  44.4   1   8   3.5e-49   2.1e-45  153.8   0.4     6   135    18   164    11   168 0.85 | transcript=PVW1_070031400_t1 | gene=PVW1_070031400 | organism=Plasmodium_vivax_PvW1 | gene_product=unspecified product | transcript_product=unspecified product | location=CAJZCX010000011:1162238-1166911(-) | protein_length=1557 | sequence_SO=supercontig | SO=protein_coding_gene | is_pseudo=false
CAG9480638.1         -           1557 1881at5820           -            713  4.5e-304 1008.9  44.4   2   8     2e-64   1.2e-60  204.3   0.0   135   255   202   322   198   329 0.96 | transcript=PVW1_070031400_t1 | gene=PVW1_070031400 | organism=Plasmodium_vivax_PvW1 | gene_product=unspecified product | transcript_product=unspecified product | location=CAJZCX010000011:1162238-1166911(-) | protein_length=1557 | sequence_SO=supercontig | SO=protein_coding_gene | is_pseudo=false
CAG9480638.1         -           1557 1881at5820           -            713  4.5e-304 1008.9  44.4   3   8   8.7e-52   5.3e-48  162.4  11.3   242   349   409   516   402   523 0.91 | transcript=PVW1_070031400_t1 | gene=PVW1_070031400 | organism=Plasmodium_vivax_PvW1 | gene_product=unspecified product | transcript_product=unspecified product | location=CAJZCX010000011:1162238-1166911(-) | protein_length=1557 | sequence_SO=supercontig | SO=protein_coding_gene | is_pseudo=false
CAG9480638.1         -           1557 1881at5820           -            713  4.5e-304 1008.9  44.4   4   8   6.2e-55   3.8e-51  172.9   1.9   346   448   570   672   566   676 0.96 | transcript=PVW1_070031400_t1 | gene=PVW1_070031400 | organism=Plasmodium_vivax_PvW1 | gene_product=unspecified product | transcript_product=unspecified product | location=CAJZCX010000011:1162238-1166911(-) | protein_length=1557 | sequence_SO=supercontig | SO=protein_coding_gene | is_pseudo=false
CAG9480638.1         -           1557 1881at5820           -            713  4.5e-304 1008.9  44.4   5   8   1.2e-21   7.1e-18   62.9   0.0   446   499   721   775   704   781 0.93 | transcript=PVW1_070031400_t1 | gene=PVW1_070031400 | organism=Plasmodium_vivax_PvW1 | gene_product=unspecified product | transcript_product=unspecified product | location=CAJZCX010000011:1162238-1166911(-) | protein_length=1557 | sequence_SO=supercontig | SO=protein_coding_gene | is_pseudo=false
CAG9480638.1         -           1557 1881at5820           -            713  4.5e-304 1008.9  44.4   6   8   2.9e-08   0.00017   18.6   0.0   503   544   830   885   820   903 0.75 | transcript=PVW1_070031400_t1 | gene=PVW1_070031400 | organism=Plasmodium_vivax_PvW1 | gene_product=unspecified product | transcript_product=unspecified product | location=CAJZCX010000011:1162238-1166911(-) | protein_length=1557 | sequence_SO=supercontig | SO=protein_coding_gene | is_pseudo=false
CAG9480638.1         -           1557 1881at5820           -            713  4.5e-304 1008.9  44.4   7   8   0.00037       2.3    5.0   0.0   541   564   961   984   946   991 0.83 | transcript=PVW1_070031400_t1 | gene=PVW1_070031400 | organism=Plasmodium_vivax_PvW1 | gene_product=unspecified product | transcript_product=unspecified product | location=CAJZCX010000011:1162238-1166911(-) | protein_length=1557 | sequence_SO=supercontig | SO=protein_coding_gene | is_pseudo=false
CAG9480638.1         -           1557 1881at5820           -            713  4.5e-304 1008.9  44.4   8   8   3.2e-74   1.9e-70  236.6   6.1   558   713  1298  1479  1289  1479 0.84 | transcript=PVW1_070031400_t1 | gene=PVW1_070031400 | organism=Plasmodium_vivax_PvW1 | gene_product=unspecified product | transcript_product=unspecified product | location=CAJZCX010000011:1162238-1166911(-) | protein_length=1557 | sequence_SO=supercontig | SO=protein_coding_gene | is_pseudo=false
#
# Program:         hmmsearch
# Version:         3.4 (Aug 2023)
# Pipeline mode:   SEARCH
# Query file:      /v3/work/00_inventory/busco/busco_downloads/lineages/plasmodium_odb10/hmms/1881at5820.hmm
# Target file:     /v3/inputs/annotations/plasmodb-68/PvW1.proteins.fa
# Option settings: hmmsearch --domtblout /v3/work/00_inventory/busco/PvW1_proteins/run_plasmodium_odb10/hmmer_output/initial_run_results/1881at5820.out --cpu 1 /v3/work/00_inventory/busco/busco_downloads/lineages/plasmodium_odb10/hmms/1881at5820.hmm /v3/inputs/annotations/plasmodb-68/PvW1.proteins.fa 
# Current dir:     /v3/work/00_inventory/busco
# Date:            Tue May 19 17:33:09 2026
# [ok]
