#                                                                            --- full sequence --- -------------- this domain -------------   hmm coord   ali coord   env coord
# target name        accession   tlen query name           accession   qlen   E-value  score  bias   #  of  c-Evalue  i-Evalue  score  bias  from    to  from    to  from    to  acc description of target
#------------------- ---------- ----- -------------------- ---------- ----- --------- ------ ----- --- --- --------- --------- ------ ----- ----- ----- ----- ----- ----- ----- ---- ---------------------
CAG9484738.1         -           1913 2207at5820           -           1070         0 1450.9 136.2   1   7   4.8e-31   2.9e-27   93.5   2.4     1    75     1    82     1    92 0.90 | transcript=PVW1_010011500_t1 | gene=PVW1_010011500 | organism=Plasmodium_vivax_PvW1 | gene_product=unspecified product | transcript_product=unspecified product | location=CAJZCX010000016:338984-344725(-) | protein_length=1913 | sequence_SO=supercontig | SO=protein_coding_gene | is_pseudo=false
CAG9484738.1         -           1913 2207at5820           -           1070         0 1450.9 136.2   2   7  1.9e-121  1.1e-117  392.9  29.9    65   332   109   403    85   429 0.87 | transcript=PVW1_010011500_t1 | gene=PVW1_010011500 | organism=Plasmodium_vivax_PvW1 | gene_product=unspecified product | transcript_product=unspecified product | location=CAJZCX010000016:338984-344725(-) | protein_length=1913 | sequence_SO=supercontig | SO=protein_coding_gene | is_pseudo=false
CAG9484738.1         -           1913 2207at5820           -           1070         0 1450.9 136.2   3   7   3.9e-68   2.4e-64  216.3   7.6   323   464   509   659   507   668 0.91 | transcript=PVW1_010011500_t1 | gene=PVW1_010011500 | organism=Plasmodium_vivax_PvW1 | gene_product=unspecified product | transcript_product=unspecified product | location=CAJZCX010000016:338984-344725(-) | protein_length=1913 | sequence_SO=supercontig | SO=protein_coding_gene | is_pseudo=false
CAG9484738.1         -           1913 2207at5820           -           1070         0 1450.9 136.2   4   7     1e-62   6.1e-59  198.4  17.0   465   590   723   856   719   859 0.95 | transcript=PVW1_010011500_t1 | gene=PVW1_010011500 | organism=Plasmodium_vivax_PvW1 | gene_product=unspecified product | transcript_product=unspecified product | location=CAJZCX010000016:338984-344725(-) | protein_length=1913 | sequence_SO=supercontig | SO=protein_coding_gene | is_pseudo=false
CAG9484738.1         -           1913 2207at5820           -           1070         0 1450.9 136.2   5   7   2.6e-47   1.6e-43  147.4   4.7   589   717   969  1114   965  1141 0.81 | transcript=PVW1_010011500_t1 | gene=PVW1_010011500 | organism=Plasmodium_vivax_PvW1 | gene_product=unspecified product | transcript_product=unspecified product | location=CAJZCX010000016:338984-344725(-) | protein_length=1913 | sequence_SO=supercontig | SO=protein_coding_gene | is_pseudo=false
CAG9484738.1         -           1913 2207at5820           -           1070         0 1450.9 136.2   6   7   5.1e-74   3.1e-70  235.8  12.4   724   919  1159  1386  1153  1407 0.90 | transcript=PVW1_010011500_t1 | gene=PVW1_010011500 | organism=Plasmodium_vivax_PvW1 | gene_product=unspecified product | transcript_product=unspecified product | location=CAJZCX010000016:338984-344725(-) | protein_length=1913 | sequence_SO=supercontig | SO=protein_coding_gene | is_pseudo=false
CAG9484738.1         -           1913 2207at5820           -           1070         0 1450.9 136.2   7   7   2.1e-63   1.3e-59  200.7  14.7   919  1069  1514  1667  1503  1668 0.96 | transcript=PVW1_010011500_t1 | gene=PVW1_010011500 | organism=Plasmodium_vivax_PvW1 | gene_product=unspecified product | transcript_product=unspecified product | location=CAJZCX010000016:338984-344725(-) | protein_length=1913 | sequence_SO=supercontig | SO=protein_coding_gene | is_pseudo=false
#
# Program:         hmmsearch
# Version:         3.4 (Aug 2023)
# Pipeline mode:   SEARCH
# Query file:      /v3/work/00_inventory/busco/busco_downloads/lineages/plasmodium_odb10/hmms/2207at5820.hmm
# Target file:     /v3/inputs/annotations/plasmodb-68/PvW1.proteins.fa
# Option settings: hmmsearch --domtblout /v3/work/00_inventory/busco/PvW1_proteins/run_plasmodium_odb10/hmmer_output/initial_run_results/2207at5820.out --cpu 1 /v3/work/00_inventory/busco/busco_downloads/lineages/plasmodium_odb10/hmms/2207at5820.hmm /v3/inputs/annotations/plasmodb-68/PvW1.proteins.fa 
# Current dir:     /v3/work/00_inventory/busco
# Date:            Tue May 19 17:34:31 2026
# [ok]
