#                                                                            --- full sequence --- -------------- this domain -------------   hmm coord   ali coord   env coord
# target name        accession   tlen query name           accession   qlen   E-value  score  bias   #  of  c-Evalue  i-Evalue  score  bias  from    to  from    to  from    to  acc description of target
#------------------- ---------- ----- -------------------- ---------- ----- --------- ------ ----- --- --- --------- --------- ------ ----- ----- ----- ----- ----- ----- ----- ---- ---------------------
CAG9484599.1         -           1319 2235at5820           -            813         0 1306.6  94.0   1   7     5e-49   3.1e-45  153.0   5.6     1   130     1   137     1   150 0.72 | transcript=PVW1_010007500_t1 | gene=PVW1_010007500 | organism=Plasmodium_vivax_PvW1 | gene_product=unspecified product | transcript_product=unspecified product | location=CAJZCX010000016:126079-130038(-) | protein_length=1319 | sequence_SO=supercontig | SO=protein_coding_gene | is_pseudo=false
CAG9484599.1         -           1319 2235at5820           -            813         0 1306.6  94.0   2   7   2.6e-61   1.6e-57  193.6  15.1    81   217   251   398   238   407 0.87 | transcript=PVW1_010007500_t1 | gene=PVW1_010007500 | organism=Plasmodium_vivax_PvW1 | gene_product=unspecified product | transcript_product=unspecified product | location=CAJZCX010000016:126079-130038(-) | protein_length=1319 | sequence_SO=supercontig | SO=protein_coding_gene | is_pseudo=false
CAG9484599.1         -           1319 2235at5820           -            813         0 1306.6  94.0   3   7   2.5e-34   1.5e-30  104.4   0.3   226   301   453   532   437   547 0.89 | transcript=PVW1_010007500_t1 | gene=PVW1_010007500 | organism=Plasmodium_vivax_PvW1 | gene_product=unspecified product | transcript_product=unspecified product | location=CAJZCX010000016:126079-130038(-) | protein_length=1319 | sequence_SO=supercontig | SO=protein_coding_gene | is_pseudo=false
CAG9484599.1         -           1319 2235at5820           -            813         0 1306.6  94.0   4   7   7.4e-19   4.5e-15   53.2   0.1   295   345   558   611   549   631 0.83 | transcript=PVW1_010007500_t1 | gene=PVW1_010007500 | organism=Plasmodium_vivax_PvW1 | gene_product=unspecified product | transcript_product=unspecified product | location=CAJZCX010000016:126079-130038(-) | protein_length=1319 | sequence_SO=supercontig | SO=protein_coding_gene | is_pseudo=false
CAG9484599.1         -           1319 2235at5820           -            813         0 1306.6  94.0   5   7  3.1e-103   1.9e-99  332.3  12.0   339   557   714   959   699   973 0.89 | transcript=PVW1_010007500_t1 | gene=PVW1_010007500 | organism=Plasmodium_vivax_PvW1 | gene_product=unspecified product | transcript_product=unspecified product | location=CAJZCX010000016:126079-130038(-) | protein_length=1319 | sequence_SO=supercontig | SO=protein_coding_gene | is_pseudo=false
CAG9484599.1         -           1319 2235at5820           -            813         0 1306.6  94.0   6   7  6.7e-142    4e-138  460.2  26.3   554   769  1012  1227  1009  1255 0.96 | transcript=PVW1_010007500_t1 | gene=PVW1_010007500 | organism=Plasmodium_vivax_PvW1 | gene_product=unspecified product | transcript_product=unspecified product | location=CAJZCX010000016:126079-130038(-) | protein_length=1319 | sequence_SO=supercontig | SO=protein_coding_gene | is_pseudo=false
CAG9484599.1         -           1319 2235at5820           -            813         0 1306.6  94.0   7   7   5.3e-13   3.2e-09   33.9   0.0   766   813  1262  1319  1248  1319 0.80 | transcript=PVW1_010007500_t1 | gene=PVW1_010007500 | organism=Plasmodium_vivax_PvW1 | gene_product=unspecified product | transcript_product=unspecified product | location=CAJZCX010000016:126079-130038(-) | protein_length=1319 | sequence_SO=supercontig | SO=protein_coding_gene | is_pseudo=false
#
# Program:         hmmsearch
# Version:         3.4 (Aug 2023)
# Pipeline mode:   SEARCH
# Query file:      /v3/work/00_inventory/busco/busco_downloads/lineages/plasmodium_odb10/hmms/2235at5820.hmm
# Target file:     /v3/inputs/annotations/plasmodb-68/PvW1.proteins.fa
# Option settings: hmmsearch --domtblout /v3/work/00_inventory/busco/PvW1_proteins/run_plasmodium_odb10/hmmer_output/initial_run_results/2235at5820.out --cpu 1 /v3/work/00_inventory/busco/busco_downloads/lineages/plasmodium_odb10/hmms/2235at5820.hmm /v3/inputs/annotations/plasmodb-68/PvW1.proteins.fa 
# Current dir:     /v3/work/00_inventory/busco
# Date:            Tue May 19 17:34:53 2026
# [ok]
