#                                                                            --- full sequence --- -------------- this domain -------------   hmm coord   ali coord   env coord
# target name        accession   tlen query name           accession   qlen   E-value  score  bias   #  of  c-Evalue  i-Evalue  score  bias  from    to  from    to  from    to  acc description of target
#------------------- ---------- ----- -------------------- ---------- ----- --------- ------ ----- --- --- --------- --------- ------ ----- ----- ----- ----- ----- ----- ----- ---- ---------------------
CAG9484285.1         -            902 2503at5820           -            737         0 1536.8  74.0   1   3         0         0 1289.2  57.1     1   602     5   607     5   634 0.97 | transcript=PVW1_020023500_t1 | gene=PVW1_020023500 | organism=Plasmodium_vivax_PvW1 | gene_product=AP complex subunit beta [Source:UniProtKB/TrEMBL;Acc:A0A1G4H799] | transcript_product=AP complex subunit beta [Source:UniProtKB/TrEMBL;Acc:A0A1G4H799] | location=CAJZCX010000015:823931-827230(-) | protein_length=902 | sequence_SO=supercontig | SO=protein_coding_gene | is_pseudo=false
CAG9484285.1         -            902 2503at5820           -            737         0 1536.8  74.0   2   3    0.0068        14    2.6   0.0   588   608   659   679   650   687 0.83 | transcript=PVW1_020023500_t1 | gene=PVW1_020023500 | organism=Plasmodium_vivax_PvW1 | gene_product=AP complex subunit beta [Source:UniProtKB/TrEMBL;Acc:A0A1G4H799] | transcript_product=AP complex subunit beta [Source:UniProtKB/TrEMBL;Acc:A0A1G4H799] | location=CAJZCX010000015:823931-827230(-) | protein_length=902 | sequence_SO=supercontig | SO=protein_coding_gene | is_pseudo=false
CAG9484285.1         -            902 2503at5820           -            737         0 1536.8  74.0   3   3   4.1e-78   8.3e-75  251.3   7.0   608   737   773   902   746   902 0.94 | transcript=PVW1_020023500_t1 | gene=PVW1_020023500 | organism=Plasmodium_vivax_PvW1 | gene_product=AP complex subunit beta [Source:UniProtKB/TrEMBL;Acc:A0A1G4H799] | transcript_product=AP complex subunit beta [Source:UniProtKB/TrEMBL;Acc:A0A1G4H799] | location=CAJZCX010000015:823931-827230(-) | protein_length=902 | sequence_SO=supercontig | SO=protein_coding_gene | is_pseudo=false
CAG9474784.1         -            934 2503at5820           -            737   4.4e-85  285.3  45.4   1   2   2.1e-88   4.4e-85  285.3  45.4     3   598    14   609    12   633 0.89 | transcript=PVW1_100029600_t1 | gene=PVW1_100029600 | organism=Plasmodium_vivax_PvW1 | gene_product=AP complex subunit beta [Source:UniProtKB/TrEMBL;Acc:A0A1G4GYC6] | transcript_product=AP complex subunit beta [Source:UniProtKB/TrEMBL;Acc:A0A1G4GYC6] | location=CAJZCX010000005:1171229-1175079(+) | protein_length=934 | sequence_SO=supercontig | SO=protein_coding_gene | is_pseudo=false
CAG9474784.1         -            934 2503at5820           -            737   4.4e-85  285.3  45.4   2   2      0.21   4.2e+02   -2.3   2.1   621   701   816   897   806   920 0.73 | transcript=PVW1_100029600_t1 | gene=PVW1_100029600 | organism=Plasmodium_vivax_PvW1 | gene_product=AP complex subunit beta [Source:UniProtKB/TrEMBL;Acc:A0A1G4GYC6] | transcript_product=AP complex subunit beta [Source:UniProtKB/TrEMBL;Acc:A0A1G4GYC6] | location=CAJZCX010000005:1171229-1175079(+) | protein_length=934 | sequence_SO=supercontig | SO=protein_coding_gene | is_pseudo=false
CAG9478026.1         -           1004 2503at5820           -            737   7.4e-13   46.4   2.7   1   2   3.7e-16   7.4e-13   46.4   2.7     8   134    43   168    38   196 0.86 | transcript=PVW1_110041400_t1 | gene=PVW1_110041400 | organism=Plasmodium_vivax_PvW1 | gene_product=AP-3 complex subunit beta, putative [Source:UniProtKB/TrEMBL;Acc:A0A1G4HFM9] | transcript_product=AP-3 complex subunit beta, putative [Source:UniProtKB/TrEMBL;Acc:A0A1G4HFM9] | location=CAJZCX010000008:1559770-1562784(+) | protein_length=1004 | sequence_SO=supercontig | SO=protein_coding_gene | is_pseudo=false
CAG9478026.1         -           1004 2503at5820           -            737   7.4e-13   46.4   2.7   2   2     0.014        29    1.5   6.5   293   450   426   590   376   597 0.64 | transcript=PVW1_110041400_t1 | gene=PVW1_110041400 | organism=Plasmodium_vivax_PvW1 | gene_product=AP-3 complex subunit beta, putative [Source:UniProtKB/TrEMBL;Acc:A0A1G4HFM9] | transcript_product=AP-3 complex subunit beta, putative [Source:UniProtKB/TrEMBL;Acc:A0A1G4HFM9] | location=CAJZCX010000008:1559770-1562784(+) | protein_length=1004 | sequence_SO=supercontig | SO=protein_coding_gene | is_pseudo=false
#
# Program:         hmmsearch
# Version:         3.4 (Aug 2023)
# Pipeline mode:   SEARCH
# Query file:      /v3/work/00_inventory/busco/busco_downloads/lineages/plasmodium_odb10/hmms/2503at5820.hmm
# Target file:     /v3/inputs/annotations/plasmodb-68/PvW1.proteins.fa
# Option settings: hmmsearch --domtblout /v3/work/00_inventory/busco/PvW1_proteins/run_plasmodium_odb10/hmmer_output/initial_run_results/2503at5820.out --cpu 1 /v3/work/00_inventory/busco/busco_downloads/lineages/plasmodium_odb10/hmms/2503at5820.hmm /v3/inputs/annotations/plasmodb-68/PvW1.proteins.fa 
# Current dir:     /v3/work/00_inventory/busco
# Date:            Tue May 19 17:36:27 2026
# [ok]
