#                                                                            --- full sequence --- -------------- this domain -------------   hmm coord   ali coord   env coord
# target name        accession   tlen query name           accession   qlen   E-value  score  bias   #  of  c-Evalue  i-Evalue  score  bias  from    to  from    to  from    to  acc description of target
#------------------- ---------- ----- -------------------- ---------- ----- --------- ------ ----- --- --- --------- --------- ------ ----- ----- ----- ----- ----- ----- ----- ---- ---------------------
CAG9476959.1         -           1298 2825at5820           -            845         0 1290.8  61.3   1   8   5.3e-92   3.2e-88  295.3  15.9     1   180    20   203    20   210 0.98 | transcript=PVW1_090031900_t1 | gene=PVW1_090031900 | organism=Plasmodium_vivax_PvW1 | gene_product=unspecified product | transcript_product=unspecified product | location=CAJZCX010000007:1201627-1205523(+) | protein_length=1298 | sequence_SO=supercontig | SO=protein_coding_gene | is_pseudo=false
CAG9476959.1         -           1298 2825at5820           -            845         0 1290.8  61.3   2   8   3.2e-08    0.0002   18.1   0.0   181   207   226   252   217   255 0.90 | transcript=PVW1_090031900_t1 | gene=PVW1_090031900 | organism=Plasmodium_vivax_PvW1 | gene_product=unspecified product | transcript_product=unspecified product | location=CAJZCX010000007:1201627-1205523(+) | protein_length=1298 | sequence_SO=supercontig | SO=protein_coding_gene | is_pseudo=false
CAG9476959.1         -           1298 2825at5820           -            845         0 1290.8  61.3   3   8   8.3e-45     5e-41  139.1   1.3   206   291   329   414   319   423 0.96 | transcript=PVW1_090031900_t1 | gene=PVW1_090031900 | organism=Plasmodium_vivax_PvW1 | gene_product=unspecified product | transcript_product=unspecified product | location=CAJZCX010000007:1201627-1205523(+) | protein_length=1298 | sequence_SO=supercontig | SO=protein_coding_gene | is_pseudo=false
CAG9476959.1         -           1298 2825at5820           -            845         0 1290.8  61.3   4   8   8.5e-76   5.2e-72  241.7   1.9   304   447   508   654   505   667 0.97 | transcript=PVW1_090031900_t1 | gene=PVW1_090031900 | organism=Plasmodium_vivax_PvW1 | gene_product=unspecified product | transcript_product=unspecified product | location=CAJZCX010000007:1201627-1205523(+) | protein_length=1298 | sequence_SO=supercontig | SO=protein_coding_gene | is_pseudo=false
CAG9476959.1         -           1298 2825at5820           -            845         0 1290.8  61.3   5   8   1.5e-67   9.1e-64  214.4   3.8   450   587   757   908   747   912 0.93 | transcript=PVW1_090031900_t1 | gene=PVW1_090031900 | organism=Plasmodium_vivax_PvW1 | gene_product=unspecified product | transcript_product=unspecified product | location=CAJZCX010000007:1201627-1205523(+) | protein_length=1298 | sequence_SO=supercontig | SO=protein_coding_gene | is_pseudo=false
CAG9476959.1         -           1298 2825at5820           -            845         0 1290.8  61.3   6   8   1.2e-25   7.5e-22   75.7   0.0   587   644   956  1013   952  1032 0.91 | transcript=PVW1_090031900_t1 | gene=PVW1_090031900 | organism=Plasmodium_vivax_PvW1 | gene_product=unspecified product | transcript_product=unspecified product | location=CAJZCX010000007:1201627-1205523(+) | protein_length=1298 | sequence_SO=supercontig | SO=protein_coding_gene | is_pseudo=false
CAG9476959.1         -           1298 2825at5820           -            845         0 1290.8  61.3   7   8   2.8e-64   1.7e-60  203.6   0.6   643   767  1060  1198  1051  1203 0.95 | transcript=PVW1_090031900_t1 | gene=PVW1_090031900 | organism=Plasmodium_vivax_PvW1 | gene_product=unspecified product | transcript_product=unspecified product | location=CAJZCX010000007:1201627-1205523(+) | protein_length=1298 | sequence_SO=supercontig | SO=protein_coding_gene | is_pseudo=false
CAG9476959.1         -           1298 2825at5820           -            845         0 1290.8  61.3   8   8   1.4e-41   8.4e-38  128.5   0.2   767   845  1220  1298  1214  1298 0.98 | transcript=PVW1_090031900_t1 | gene=PVW1_090031900 | organism=Plasmodium_vivax_PvW1 | gene_product=unspecified product | transcript_product=unspecified product | location=CAJZCX010000007:1201627-1205523(+) | protein_length=1298 | sequence_SO=supercontig | SO=protein_coding_gene | is_pseudo=false
#
# Program:         hmmsearch
# Version:         3.4 (Aug 2023)
# Pipeline mode:   SEARCH
# Query file:      /v3/work/00_inventory/busco/busco_downloads/lineages/plasmodium_odb10/hmms/2825at5820.hmm
# Target file:     /v3/inputs/annotations/plasmodb-68/PvW1.proteins.fa
# Option settings: hmmsearch --domtblout /v3/work/00_inventory/busco/PvW1_proteins/run_plasmodium_odb10/hmmer_output/initial_run_results/2825at5820.out --cpu 1 /v3/work/00_inventory/busco/busco_downloads/lineages/plasmodium_odb10/hmms/2825at5820.hmm /v3/inputs/annotations/plasmodb-68/PvW1.proteins.fa 
# Current dir:     /v3/work/00_inventory/busco
# Date:            Tue May 19 17:38:04 2026
# [ok]
