#                                                                            --- full sequence --- -------------- this domain -------------   hmm coord   ali coord   env coord
# target name        accession   tlen query name           accession   qlen   E-value  score  bias   #  of  c-Evalue  i-Evalue  score  bias  from    to  from    to  from    to  acc description of target
#------------------- ---------- ----- -------------------- ---------- ----- --------- ------ ----- --- --- --------- --------- ------ ----- ----- ----- ----- ----- ----- ----- ---- ---------------------
CAG9477067.1         -            663 3972at5820           -            595         0 1344.1  20.1   1   1         0         0 1343.8  20.1     1   592    35   643    35   646 0.98 | transcript=PVW1_090039300_t1 | gene=PVW1_090039300 | organism=Plasmodium_vivax_PvW1 | gene_product=Heat shock protein 70, putative [Source:UniProtKB/TrEMBL;Acc:A0A1G4HD23] | transcript_product=Heat shock protein 70, putative [Source:UniProtKB/TrEMBL;Acc:A0A1G4HD23] | location=CAJZCX010000007:1491404-1493395(+) | protein_length=663 | sequence_SO=supercontig | SO=protein_coding_gene | is_pseudo=false
CAG9480544.1         -            652 3972at5820           -            595  1.8e-185  615.9  18.8   1   1  1.9e-188  2.3e-185  615.6  18.8     6   582    27   609    23   620 0.92 | transcript=PVW1_070022900_t1 | gene=PVW1_070022900 | organism=Plasmodium_vivax_PvW1 | gene_product=Endoplasmic reticulum chaperone BiP, putative [Source:UniProtKB/TrEMBL;Acc:A0A1G4GV65] | transcript_product=Endoplasmic reticulum chaperone BiP, putative [Source:UniProtKB/TrEMBL;Acc:A0A1G4GV65] | location=CAJZCX010000011:813362-815778(+) | protein_length=652 | sequence_SO=supercontig | SO=protein_coding_gene | is_pseudo=false
CAG9479795.1         -            690 3972at5820           -            595  9.4e-181  600.4   8.7   1   1  9.3e-184  1.1e-180  600.1   8.7     9   587    17   606    10   614 0.91 | transcript=PVW1_050020400_t1 | gene=PVW1_050020400 | organism=Plasmodium_vivax_PvW1 | gene_product=Heat shock protein 70 [Source:UniProtKB/TrEMBL;Acc:Q2VG87] | transcript_product=Heat shock protein 70 [Source:UniProtKB/TrEMBL;Acc:Q2VG87] | location=CAJZCX010000010:672840-674912(-) | protein_length=690 | sequence_SO=supercontig | SO=protein_coding_gene | is_pseudo=false
CAG9484808.1         -            887 3972at5820           -            595   5.7e-25   85.9   7.6   1   3   4.7e-28   5.7e-25   85.9   7.6     9   381     3   414     1   432 0.76 | transcript=PVW1_010013200_t1 | gene=PVW1_010013200 | organism=Plasmodium_vivax_PvW1 | gene_product=unspecified product | transcript_product=unspecified product | location=CAJZCX010000016:408344-411007(+) | protein_length=887 | sequence_SO=supercontig | SO=protein_coding_gene | is_pseudo=false
CAG9484808.1         -            887 3972at5820           -            595   5.7e-25   85.9   7.6   2   3    0.0054       6.6    3.1   0.1   501   560   625   685   618   704 0.77 | transcript=PVW1_010013200_t1 | gene=PVW1_010013200 | organism=Plasmodium_vivax_PvW1 | gene_product=unspecified product | transcript_product=unspecified product | location=CAJZCX010000016:408344-411007(+) | protein_length=887 | sequence_SO=supercontig | SO=protein_coding_gene | is_pseudo=false
CAG9484808.1         -            887 3972at5820           -            595   5.7e-25   85.9   7.6   3   3         5   6.1e+03  -10.9   9.2   503   534   810   841   791   879 0.43 | transcript=PVW1_010013200_t1 | gene=PVW1_010013200 | organism=Plasmodium_vivax_PvW1 | gene_product=unspecified product | transcript_product=unspecified product | location=CAJZCX010000016:408344-411007(+) | protein_length=887 | sequence_SO=supercontig | SO=protein_coding_gene | is_pseudo=false
CAG9473212.1         -            928 3972at5820           -            595   6.6e-19   65.9   2.1   1   2   5.4e-22   6.6e-19   65.9   2.1   116   391   165   461   128   474 0.79 | transcript=PVW1_120025200_t1 | gene=PVW1_120025200 | organism=Plasmodium_vivax_PvW1 | gene_product=unspecified product | transcript_product=unspecified product | location=CAJZCX010000004:909398-912184(-) | protein_length=928 | sequence_SO=supercontig | SO=protein_coding_gene | is_pseudo=false
CAG9473212.1         -            928 3972at5820           -            595   6.6e-19   65.9   2.1   2   2      0.91   1.1e+03   -4.2   1.2   520   548   661   692   621   706 0.58 | transcript=PVW1_120025200_t1 | gene=PVW1_120025200 | organism=Plasmodium_vivax_PvW1 | gene_product=unspecified product | transcript_product=unspecified product | location=CAJZCX010000004:909398-912184(-) | protein_length=928 | sequence_SO=supercontig | SO=protein_coding_gene | is_pseudo=false
#
# Program:         hmmsearch
# Version:         3.4 (Aug 2023)
# Pipeline mode:   SEARCH
# Query file:      /v3/work/00_inventory/busco/busco_downloads/lineages/plasmodium_odb10/hmms/3972at5820.hmm
# Target file:     /v3/inputs/annotations/plasmodb-68/PvW1.proteins.fa
# Option settings: hmmsearch --domtblout /v3/work/00_inventory/busco/PvW1_proteins/run_plasmodium_odb10/hmmer_output/initial_run_results/3972at5820.out --cpu 1 /v3/work/00_inventory/busco/busco_downloads/lineages/plasmodium_odb10/hmms/3972at5820.hmm /v3/inputs/annotations/plasmodb-68/PvW1.proteins.fa 
# Current dir:     /v3/work/00_inventory/busco
# Date:            Tue May 19 17:39:42 2026
# [ok]
