#                                                                            --- full sequence --- -------------- this domain -------------   hmm coord   ali coord   env coord
# target name        accession   tlen query name           accession   qlen   E-value  score  bias   #  of  c-Evalue  i-Evalue  score  bias  from    to  from    to  from    to  acc description of target
#------------------- ---------- ----- -------------------- ---------- ----- --------- ------ ----- --- --- --------- --------- ------ ----- ----- ----- ----- ----- ----- ----- ---- ---------------------
CAG9473847.1         -            802 4176at5820           -            605  6.2e-295  978.0  58.7   1   4   1.4e-98   4.3e-95  318.0   7.8     2   166     7   173     6   190 0.97 | transcript=PVW1_120071500_t1 | gene=PVW1_120071500 | organism=Plasmodium_vivax_PvW1 | gene_product=unspecified product | transcript_product=unspecified product | location=CAJZCX010000004:2798111-2800519(-) | protein_length=802 | sequence_SO=supercontig | SO=protein_coding_gene | is_pseudo=false
CAG9473847.1         -            802 4176at5820           -            605  6.2e-295  978.0  58.7   2   4   1.1e-99   3.3e-96  321.7  15.7   166   373   250   484   247   498 0.89 | transcript=PVW1_120071500_t1 | gene=PVW1_120071500 | organism=Plasmodium_vivax_PvW1 | gene_product=unspecified product | transcript_product=unspecified product | location=CAJZCX010000004:2798111-2800519(-) | protein_length=802 | sequence_SO=supercontig | SO=protein_coding_gene | is_pseudo=false
CAG9473847.1         -            802 4176at5820           -            605  6.2e-295  978.0  58.7   3   4   6.4e-62   1.9e-58  197.0  13.7   363   516   500   675   490   681 0.86 | transcript=PVW1_120071500_t1 | gene=PVW1_120071500 | organism=Plasmodium_vivax_PvW1 | gene_product=unspecified product | transcript_product=unspecified product | location=CAJZCX010000004:2798111-2800519(-) | protein_length=802 | sequence_SO=supercontig | SO=protein_coding_gene | is_pseudo=false
CAG9473847.1         -            802 4176at5820           -            605  6.2e-295  978.0  58.7   4   4   4.9e-49   1.5e-45  154.4   0.3   508   605   704   802   699   802 0.96 | transcript=PVW1_120071500_t1 | gene=PVW1_120071500 | organism=Plasmodium_vivax_PvW1 | gene_product=unspecified product | transcript_product=unspecified product | location=CAJZCX010000004:2798111-2800519(-) | protein_length=802 | sequence_SO=supercontig | SO=protein_coding_gene | is_pseudo=false
CAG9480599.1         -            746 4176at5820           -            605   4.4e-15   53.8  15.5   1   3   3.5e-15   1.1e-11   42.6   2.6     2   158    59   217    58   232 0.81 | transcript=PVW1_070028100_t1 | gene=PVW1_070028100 | organism=Plasmodium_vivax_PvW1 | gene_product=NADPH-cytochrome p450 reductase, putative [Source:UniProtKB/TrEMBL;Acc:A0A1G4HB01] | transcript_product=NADPH-cytochrome p450 reductase, putative [Source:UniProtKB/TrEMBL;Acc:A0A1G4HB01] | location=CAJZCX010000011:1025889-1028129(+) | protein_length=746 | sequence_SO=supercontig | SO=protein_coding_gene | is_pseudo=false
CAG9480599.1         -            746 4176at5820           -            605   4.4e-15   53.8  15.5   2   3      0.27   8.2e+02   -3.3   0.1   565   588   432   455   423   494 0.64 | transcript=PVW1_070028100_t1 | gene=PVW1_070028100 | organism=Plasmodium_vivax_PvW1 | gene_product=NADPH-cytochrome p450 reductase, putative [Source:UniProtKB/TrEMBL;Acc:A0A1G4HB01] | transcript_product=NADPH-cytochrome p450 reductase, putative [Source:UniProtKB/TrEMBL;Acc:A0A1G4HB01] | location=CAJZCX010000011:1025889-1028129(+) | protein_length=746 | sequence_SO=supercontig | SO=protein_coding_gene | is_pseudo=false
CAG9480599.1         -            746 4176at5820           -            605   4.4e-15   53.8  15.5   3   3   5.5e-08   0.00017   18.8   1.2   442   521   598   689   553   737 0.71 | transcript=PVW1_070028100_t1 | gene=PVW1_070028100 | organism=Plasmodium_vivax_PvW1 | gene_product=NADPH-cytochrome p450 reductase, putative [Source:UniProtKB/TrEMBL;Acc:A0A1G4HB01] | transcript_product=NADPH-cytochrome p450 reductase, putative [Source:UniProtKB/TrEMBL;Acc:A0A1G4HB01] | location=CAJZCX010000011:1025889-1028129(+) | protein_length=746 | sequence_SO=supercontig | SO=protein_coding_gene | is_pseudo=false
#
# Program:         hmmsearch
# Version:         3.4 (Aug 2023)
# Pipeline mode:   SEARCH
# Query file:      /v3/work/00_inventory/busco/busco_downloads/lineages/plasmodium_odb10/hmms/4176at5820.hmm
# Target file:     /v3/inputs/annotations/plasmodb-68/PvW1.proteins.fa
# Option settings: hmmsearch --domtblout /v3/work/00_inventory/busco/PvW1_proteins/run_plasmodium_odb10/hmmer_output/initial_run_results/4176at5820.out --cpu 1 /v3/work/00_inventory/busco/busco_downloads/lineages/plasmodium_odb10/hmms/4176at5820.hmm /v3/inputs/annotations/plasmodb-68/PvW1.proteins.fa 
# Current dir:     /v3/work/00_inventory/busco
# Date:            Tue May 19 17:40:33 2026
# [ok]
