#                                                                            --- full sequence --- -------------- this domain -------------   hmm coord   ali coord   env coord
# target name        accession   tlen query name           accession   qlen   E-value  score  bias   #  of  c-Evalue  i-Evalue  score  bias  from    to  from    to  from    to  acc description of target
#------------------- ---------- ----- -------------------- ---------- ----- --------- ------ ----- --- --- --------- --------- ------ ----- ----- ----- ----- ----- ----- ----- ---- ---------------------
CAG9476599.1         -            657 4347at5820           -            529         0 1099.3  28.4   1   2  1.5e-142  3.1e-139  463.5   2.0     1   223    56   291    56   298 0.96 | transcript=PVW1_090012200_t1 | gene=PVW1_090012200 | organism=Plasmodium_vivax_PvW1 | gene_product=Exonuclease, putative [Source:UniProtKB/TrEMBL;Acc:A0A1G4GX74] | transcript_product=Exonuclease, putative [Source:UniProtKB/TrEMBL;Acc:A0A1G4GX74] | location=CAJZCX010000007:390560-393647(-) | protein_length=657 | sequence_SO=supercontig | SO=protein_coding_gene | is_pseudo=false
CAG9476599.1         -            657 4347at5820           -            529         0 1099.3  28.4   2   2  1.8e-196  3.6e-193  641.5  18.9   223   529   345   657   337   657 0.98 | transcript=PVW1_090012200_t1 | gene=PVW1_090012200 | organism=Plasmodium_vivax_PvW1 | gene_product=Exonuclease, putative [Source:UniProtKB/TrEMBL;Acc:A0A1G4GX74] | transcript_product=Exonuclease, putative [Source:UniProtKB/TrEMBL;Acc:A0A1G4GX74] | location=CAJZCX010000007:390560-393647(-) | protein_length=657 | sequence_SO=supercontig | SO=protein_coding_gene | is_pseudo=false
CAG9480379.1         -           1356 4347at5820           -            529   6.7e-77  257.8  27.5   1   3     0.056   1.1e+02   -0.4   0.1     3    20     2    19     1    31 0.81 | transcript=PVW1_070014400_t1 | gene=PVW1_070014400 | organism=Plasmodium_vivax_PvW1 | gene_product=unspecified product | transcript_product=unspecified product | location=CAJZCX010000011:489355-493425(+) | protein_length=1356 | sequence_SO=supercontig | SO=protein_coding_gene | is_pseudo=false
CAG9480379.1         -           1356 4347at5820           -            529   6.7e-77  257.8  27.5   2   3   9.4e-55   1.9e-51  173.8   9.1     2   349    57   453    56   477 0.71 | transcript=PVW1_070014400_t1 | gene=PVW1_070014400 | organism=Plasmodium_vivax_PvW1 | gene_product=unspecified product | transcript_product=unspecified product | location=CAJZCX010000011:489355-493425(+) | protein_length=1356 | sequence_SO=supercontig | SO=protein_coding_gene | is_pseudo=false
CAG9480379.1         -           1356 4347at5820           -            529   6.7e-77  257.8  27.5   3   3   2.6e-27   5.3e-24   83.2   5.9   365   513   702   853   664   868 0.82 | transcript=PVW1_070014400_t1 | gene=PVW1_070014400 | organism=Plasmodium_vivax_PvW1 | gene_product=unspecified product | transcript_product=unspecified product | location=CAJZCX010000011:489355-493425(+) | protein_length=1356 | sequence_SO=supercontig | SO=protein_coding_gene | is_pseudo=false
CAG9482758.1         -            975 4347at5820           -            529   3.3e-08   31.1   9.0   1   3   2.3e-11   4.7e-08   30.6   0.6    27   196    95   262    91   289 0.77 | transcript=PVW1_040027000_t1 | gene=PVW1_040027000 | organism=Plasmodium_vivax_PvW1 | gene_product=unspecified product | transcript_product=unspecified product | location=CAJZCX010000013:924128-927055(+) | protein_length=975 | sequence_SO=supercontig | SO=protein_coding_gene | is_pseudo=false
CAG9482758.1         -            975 4347at5820           -            529   3.3e-08   31.1   9.0   2   3     0.019        38    1.2   0.1   273   297   351   375   329   388 0.82 | transcript=PVW1_040027000_t1 | gene=PVW1_040027000 | organism=Plasmodium_vivax_PvW1 | gene_product=unspecified product | transcript_product=unspecified product | location=CAJZCX010000013:924128-927055(+) | protein_length=975 | sequence_SO=supercontig | SO=protein_coding_gene | is_pseudo=false
CAG9482758.1         -            975 4347at5820           -            529   3.3e-08   31.1   9.0   3   3    0.0064        13    2.7   0.5   364   416   643   699   634   710 0.70 | transcript=PVW1_040027000_t1 | gene=PVW1_040027000 | organism=Plasmodium_vivax_PvW1 | gene_product=unspecified product | transcript_product=unspecified product | location=CAJZCX010000013:924128-927055(+) | protein_length=975 | sequence_SO=supercontig | SO=protein_coding_gene | is_pseudo=false
#
# Program:         hmmsearch
# Version:         3.4 (Aug 2023)
# Pipeline mode:   SEARCH
# Query file:      /v3/work/00_inventory/busco/busco_downloads/lineages/plasmodium_odb10/hmms/4347at5820.hmm
# Target file:     /v3/inputs/annotations/plasmodb-68/PvW1.proteins.fa
# Option settings: hmmsearch --domtblout /v3/work/00_inventory/busco/PvW1_proteins/run_plasmodium_odb10/hmmer_output/initial_run_results/4347at5820.out --cpu 1 /v3/work/00_inventory/busco/busco_downloads/lineages/plasmodium_odb10/hmms/4347at5820.hmm /v3/inputs/annotations/plasmodb-68/PvW1.proteins.fa 
# Current dir:     /v3/work/00_inventory/busco
# Date:            Tue May 19 17:41:10 2026
# [ok]
