#                                                                            --- full sequence --- -------------- this domain -------------   hmm coord   ali coord   env coord
# target name        accession   tlen query name           accession   qlen   E-value  score  bias   #  of  c-Evalue  i-Evalue  score  bias  from    to  from    to  from    to  acc description of target
#------------------- ---------- ----- -------------------- ---------- ----- --------- ------ ----- --- --- --------- --------- ------ ----- ----- ----- ----- ----- ----- ----- ---- ---------------------
CAG9476997.1         -            792 4530at5820           -            579  3.4e-274  909.3  33.8   1   5   6.4e-32   1.9e-28   97.8   0.5     1    69     5    86     5    91 0.89 | transcript=PVW1_090035400_t1 | gene=PVW1_090035400 | organism=Plasmodium_vivax_PvW1 | gene_product=Phosphoacetylglucosamine mutase, putative [Source:UniProtKB/TrEMBL;Acc:A0A1G4GXT3] | transcript_product=Phosphoacetylglucosamine mutase, putative [Source:UniProtKB/TrEMBL;Acc:A0A1G4GXT3] | location=CAJZCX010000007:1335909-1338287(-) | protein_length=792 | sequence_SO=supercontig | SO=protein_coding_gene | is_pseudo=false
CAG9476997.1         -            792 4530at5820           -            579  3.4e-274  909.3  33.8   2   5     7e-80   2.1e-76  256.2   7.2    65   225   107   280   103   288 0.91 | transcript=PVW1_090035400_t1 | gene=PVW1_090035400 | organism=Plasmodium_vivax_PvW1 | gene_product=Phosphoacetylglucosamine mutase, putative [Source:UniProtKB/TrEMBL;Acc:A0A1G4GXT3] | transcript_product=Phosphoacetylglucosamine mutase, putative [Source:UniProtKB/TrEMBL;Acc:A0A1G4GXT3] | location=CAJZCX010000007:1335909-1338287(-) | protein_length=792 | sequence_SO=supercontig | SO=protein_coding_gene | is_pseudo=false
CAG9476997.1         -            792 4530at5820           -            579  3.4e-274  909.3  33.8   3   5   3.8e-56   1.1e-52  177.8   3.0   223   343   336   474   329   478 0.90 | transcript=PVW1_090035400_t1 | gene=PVW1_090035400 | organism=Plasmodium_vivax_PvW1 | gene_product=Phosphoacetylglucosamine mutase, putative [Source:UniProtKB/TrEMBL;Acc:A0A1G4GXT3] | transcript_product=Phosphoacetylglucosamine mutase, putative [Source:UniProtKB/TrEMBL;Acc:A0A1G4GXT3] | location=CAJZCX010000007:1335909-1338287(-) | protein_length=792 | sequence_SO=supercontig | SO=protein_coding_gene | is_pseudo=false
CAG9476997.1         -            792 4530at5820           -            579  3.4e-274  909.3  33.8   4   5   4.4e-11   1.4e-07   29.0   0.1   342   367   506   531   489   536 0.90 | transcript=PVW1_090035400_t1 | gene=PVW1_090035400 | organism=Plasmodium_vivax_PvW1 | gene_product=Phosphoacetylglucosamine mutase, putative [Source:UniProtKB/TrEMBL;Acc:A0A1G4GXT3] | transcript_product=Phosphoacetylglucosamine mutase, putative [Source:UniProtKB/TrEMBL;Acc:A0A1G4GXT3] | location=CAJZCX010000007:1335909-1338287(-) | protein_length=792 | sequence_SO=supercontig | SO=protein_coding_gene | is_pseudo=false
CAG9476997.1         -            792 4530at5820           -            579  3.4e-274  909.3  33.8   5   5  1.9e-112  5.9e-109  363.7   0.2   367   578   558   779   553   780 0.95 | transcript=PVW1_090035400_t1 | gene=PVW1_090035400 | organism=Plasmodium_vivax_PvW1 | gene_product=Phosphoacetylglucosamine mutase, putative [Source:UniProtKB/TrEMBL;Acc:A0A1G4GXT3] | transcript_product=Phosphoacetylglucosamine mutase, putative [Source:UniProtKB/TrEMBL;Acc:A0A1G4GXT3] | location=CAJZCX010000007:1335909-1338287(-) | protein_length=792 | sequence_SO=supercontig | SO=protein_coding_gene | is_pseudo=false
CAG9474924.1         -            800 4530at5820           -            579    0.0014   15.8   0.3   1   2     0.052   1.6e+02   -0.9   0.2   232   267   311   346   300   355 0.86 | transcript=PVW1_100040600_t1 | gene=PVW1_100040600 | organism=Plasmodium_vivax_PvW1 | gene_product=unspecified product | transcript_product=unspecified product | location=CAJZCX010000005:1641913-1644315(+) | protein_length=800 | sequence_SO=supercontig | SO=protein_coding_gene | is_pseudo=false
CAG9474924.1         -            800 4530at5820           -            579    0.0014   15.8   0.3   2   2   4.6e-07    0.0014   15.8   0.3   394   480   374   461   346   476 0.80 | transcript=PVW1_100040600_t1 | gene=PVW1_100040600 | organism=Plasmodium_vivax_PvW1 | gene_product=unspecified product | transcript_product=unspecified product | location=CAJZCX010000005:1641913-1644315(+) | protein_length=800 | sequence_SO=supercontig | SO=protein_coding_gene | is_pseudo=false
#
# Program:         hmmsearch
# Version:         3.4 (Aug 2023)
# Pipeline mode:   SEARCH
# Query file:      /v3/work/00_inventory/busco/busco_downloads/lineages/plasmodium_odb10/hmms/4530at5820.hmm
# Target file:     /v3/inputs/annotations/plasmodb-68/PvW1.proteins.fa
# Option settings: hmmsearch --domtblout /v3/work/00_inventory/busco/PvW1_proteins/run_plasmodium_odb10/hmmer_output/initial_run_results/4530at5820.out --cpu 1 /v3/work/00_inventory/busco/busco_downloads/lineages/plasmodium_odb10/hmms/4530at5820.hmm /v3/inputs/annotations/plasmodb-68/PvW1.proteins.fa 
# Current dir:     /v3/work/00_inventory/busco
# Date:            Tue May 19 17:42:06 2026
# [ok]
