#                                                                            --- full sequence --- -------------- this domain -------------   hmm coord   ali coord   env coord
# target name        accession   tlen query name           accession   qlen   E-value  score  bias   #  of  c-Evalue  i-Evalue  score  bias  from    to  from    to  from    to  acc description of target
#------------------- ---------- ----- -------------------- ---------- ----- --------- ------ ----- --- --- --------- --------- ------ ----- ----- ----- ----- ----- ----- ----- ---- ---------------------
CAG9472009.1         -            890 5224at5820           -            598  8.4e-274  908.1  65.7   1   6   1.6e-82   4.8e-79  264.9  14.5     1   176     8   205     8   210 0.91 | transcript=PVW1_140025100_t1 | gene=PVW1_140025100 | organism=Plasmodium_vivax_PvW1 | gene_product=CBF domain-containing protein [Source:UniProtKB/TrEMBL;Acc:A0A1G4H4I1] | transcript_product=CBF domain-containing protein [Source:UniProtKB/TrEMBL;Acc:A0A1G4H4I1] | location=CAJZCX010000003:881140-883812(-) | protein_length=890 | sequence_SO=supercontig | SO=protein_coding_gene | is_pseudo=false
CAG9472009.1         -            890 5224at5820           -            598  8.4e-274  908.1  65.7   2   6   4.8e-16   1.5e-12   45.4   1.3   177   221   250   297   246   317 0.86 | transcript=PVW1_140025100_t1 | gene=PVW1_140025100 | organism=Plasmodium_vivax_PvW1 | gene_product=CBF domain-containing protein [Source:UniProtKB/TrEMBL;Acc:A0A1G4H4I1] | transcript_product=CBF domain-containing protein [Source:UniProtKB/TrEMBL;Acc:A0A1G4H4I1] | location=CAJZCX010000003:881140-883812(-) | protein_length=890 | sequence_SO=supercontig | SO=protein_coding_gene | is_pseudo=false
CAG9472009.1         -            890 5224at5820           -            598  8.4e-274  908.1  65.7   3   6    0.0025       7.7    3.3   1.0   207   240   312   348   300   354 0.65 | transcript=PVW1_140025100_t1 | gene=PVW1_140025100 | organism=Plasmodium_vivax_PvW1 | gene_product=CBF domain-containing protein [Source:UniProtKB/TrEMBL;Acc:A0A1G4H4I1] | transcript_product=CBF domain-containing protein [Source:UniProtKB/TrEMBL;Acc:A0A1G4H4I1] | location=CAJZCX010000003:881140-883812(-) | protein_length=890 | sequence_SO=supercontig | SO=protein_coding_gene | is_pseudo=false
CAG9472009.1         -            890 5224at5820           -            598  8.4e-274  908.1  65.7   4   6   2.8e-60   8.5e-57  191.4   2.6   248   354   399   508   368   517 0.87 | transcript=PVW1_140025100_t1 | gene=PVW1_140025100 | organism=Plasmodium_vivax_PvW1 | gene_product=CBF domain-containing protein [Source:UniProtKB/TrEMBL;Acc:A0A1G4H4I1] | transcript_product=CBF domain-containing protein [Source:UniProtKB/TrEMBL;Acc:A0A1G4H4I1] | location=CAJZCX010000003:881140-883812(-) | protein_length=890 | sequence_SO=supercontig | SO=protein_coding_gene | is_pseudo=false
CAG9472009.1         -            890 5224at5820           -            598  8.4e-274  908.1  65.7   5   6   1.2e-79   3.7e-76  255.4   4.3   355   488   577   710   575   714 0.98 | transcript=PVW1_140025100_t1 | gene=PVW1_140025100 | organism=Plasmodium_vivax_PvW1 | gene_product=CBF domain-containing protein [Source:UniProtKB/TrEMBL;Acc:A0A1G4H4I1] | transcript_product=CBF domain-containing protein [Source:UniProtKB/TrEMBL;Acc:A0A1G4H4I1] | location=CAJZCX010000003:881140-883812(-) | protein_length=890 | sequence_SO=supercontig | SO=protein_coding_gene | is_pseudo=false
CAG9472009.1         -            890 5224at5820           -            598  8.4e-274  908.1  65.7   6   6   1.9e-55   5.8e-52  175.5   5.9   488   598   774   890   758   890 0.95 | transcript=PVW1_140025100_t1 | gene=PVW1_140025100 | organism=Plasmodium_vivax_PvW1 | gene_product=CBF domain-containing protein [Source:UniProtKB/TrEMBL;Acc:A0A1G4H4I1] | transcript_product=CBF domain-containing protein [Source:UniProtKB/TrEMBL;Acc:A0A1G4H4I1] | location=CAJZCX010000003:881140-883812(-) | protein_length=890 | sequence_SO=supercontig | SO=protein_coding_gene | is_pseudo=false
CAG9476510.1         -            345 5224at5820           -            598    0.0002   18.5   3.4   1   1   9.4e-08   0.00029   18.0   3.4   170   280    89   198    75   233 0.75 | transcript=PVW1_090007200_t1 | gene=PVW1_090007200 | organism=Plasmodium_vivax_PvW1 | gene_product=unspecified product | transcript_product=unspecified product | location=CAJZCX010000007:144387-145547(+) | protein_length=345 | sequence_SO=supercontig | SO=protein_coding_gene | is_pseudo=false
#
# Program:         hmmsearch
# Version:         3.4 (Aug 2023)
# Pipeline mode:   SEARCH
# Query file:      /v3/work/00_inventory/busco/busco_downloads/lineages/plasmodium_odb10/hmms/5224at5820.hmm
# Target file:     /v3/inputs/annotations/plasmodb-68/PvW1.proteins.fa
# Option settings: hmmsearch --domtblout /v3/work/00_inventory/busco/PvW1_proteins/run_plasmodium_odb10/hmmer_output/initial_run_results/5224at5820.out --cpu 1 /v3/work/00_inventory/busco/busco_downloads/lineages/plasmodium_odb10/hmms/5224at5820.hmm /v3/inputs/annotations/plasmodb-68/PvW1.proteins.fa 
# Current dir:     /v3/work/00_inventory/busco
# Date:            Tue May 19 17:40:54 2026
# [ok]
