#                                                                            --- full sequence --- -------------- this domain -------------   hmm coord   ali coord   env coord
# target name        accession   tlen query name           accession   qlen   E-value  score  bias   #  of  c-Evalue  i-Evalue  score  bias  from    to  from    to  from    to  acc description of target
#------------------- ---------- ----- -------------------- ---------- ----- --------- ------ ----- --- --- --------- --------- ------ ----- ----- ----- ----- ----- ----- ----- ---- ---------------------
CAG9479667.1         -            781 5465at5820           -            308  2.9e-160  530.8  37.9   1   2   5.4e-90   1.1e-86  289.1  14.1     1   163     1   169     1   195 0.88 | transcript=PVW1_050011600_t1 | gene=PVW1_050011600 | organism=Plasmodium_vivax_PvW1 | gene_product=unspecified product | transcript_product=unspecified product | location=CAJZCX010000010:327995-330340(+) | protein_length=781 | sequence_SO=supercontig | SO=protein_coding_gene | is_pseudo=false
CAG9479667.1         -            781 5465at5820           -            308  2.9e-160  530.8  37.9   2   2   2.2e-77   4.4e-74  247.7  15.8   162   308   635   780   622   780 0.94 | transcript=PVW1_050011600_t1 | gene=PVW1_050011600 | organism=Plasmodium_vivax_PvW1 | gene_product=unspecified product | transcript_product=unspecified product | location=CAJZCX010000010:327995-330340(+) | protein_length=781 | sequence_SO=supercontig | SO=protein_coding_gene | is_pseudo=false
CAG9474846.1         -            489 5465at5820           -            308   1.3e-08   32.7  25.9   1   2   2.8e-09   5.7e-06   24.0  10.2     5   147    19   174    14   200 0.76 | transcript=PVW1_100035400_t1 | gene=PVW1_100035400 | organism=Plasmodium_vivax_PvW1 | gene_product=Inner membrane complex protein, putative [Source:UniProtKB/TrEMBL;Acc:A0A1G4GYK2] | transcript_product=Inner membrane complex protein, putative [Source:UniProtKB/TrEMBL;Acc:A0A1G4GYK2] | location=CAJZCX010000005:1411586-1413055(-) | protein_length=489 | sequence_SO=supercontig | SO=protein_coding_gene | is_pseudo=false
CAG9474846.1         -            489 5465at5820           -            308   1.3e-08   32.7  25.9   2   2   2.2e-06    0.0044   14.5   7.8   181   295   246   362   222   374 0.81 | transcript=PVW1_100035400_t1 | gene=PVW1_100035400 | organism=Plasmodium_vivax_PvW1 | gene_product=Inner membrane complex protein, putative [Source:UniProtKB/TrEMBL;Acc:A0A1G4GYK2] | transcript_product=Inner membrane complex protein, putative [Source:UniProtKB/TrEMBL;Acc:A0A1G4GYK2] | location=CAJZCX010000005:1411586-1413055(-) | protein_length=489 | sequence_SO=supercontig | SO=protein_coding_gene | is_pseudo=false
CAG9473622.1         -            792 5465at5820           -            308   2.7e-06   25.1  18.9   1   3      0.08   1.6e+02   -0.5   0.0     5    34     8    37     1    42 0.82 | transcript=PVW1_120054400_t1 | gene=PVW1_120054400 | organism=Plasmodium_vivax_PvW1 | gene_product=unspecified product | transcript_product=unspecified product | location=CAJZCX010000004:2055774-2058341(-) | protein_length=792 | sequence_SO=supercontig | SO=protein_coding_gene | is_pseudo=false
CAG9473622.1         -            792 5465at5820           -            308   2.7e-06   25.1  18.9   2   3   4.2e-07   0.00084   16.9   2.0    33   141   482   590   473   603 0.85 | transcript=PVW1_120054400_t1 | gene=PVW1_120054400 | organism=Plasmodium_vivax_PvW1 | gene_product=unspecified product | transcript_product=unspecified product | location=CAJZCX010000004:2055774-2058341(-) | protein_length=792 | sequence_SO=supercontig | SO=protein_coding_gene | is_pseudo=false
CAG9473622.1         -            792 5465at5820           -            308   2.7e-06   25.1  18.9   3   3   1.8e-06    0.0036   14.8   6.4   178   295   654   774   640   787 0.80 | transcript=PVW1_120054400_t1 | gene=PVW1_120054400 | organism=Plasmodium_vivax_PvW1 | gene_product=unspecified product | transcript_product=unspecified product | location=CAJZCX010000004:2055774-2058341(-) | protein_length=792 | sequence_SO=supercontig | SO=protein_coding_gene | is_pseudo=false
#
# Program:         hmmsearch
# Version:         3.4 (Aug 2023)
# Pipeline mode:   SEARCH
# Query file:      /v3/work/00_inventory/busco/busco_downloads/lineages/plasmodium_odb10/hmms/5465at5820.hmm
# Target file:     /v3/inputs/annotations/plasmodb-68/PvW1.proteins.fa
# Option settings: hmmsearch --domtblout /v3/work/00_inventory/busco/PvW1_proteins/run_plasmodium_odb10/hmmer_output/initial_run_results/5465at5820.out --cpu 1 /v3/work/00_inventory/busco/busco_downloads/lineages/plasmodium_odb10/hmms/5465at5820.hmm /v3/inputs/annotations/plasmodb-68/PvW1.proteins.fa 
# Current dir:     /v3/work/00_inventory/busco
# Date:            Tue May 19 17:41:50 2026
# [ok]
