#                                                                            --- full sequence --- -------------- this domain -------------   hmm coord   ali coord   env coord
# target name        accession   tlen query name           accession   qlen   E-value  score  bias   #  of  c-Evalue  i-Evalue  score  bias  from    to  from    to  from    to  acc description of target
#------------------- ---------- ----- -------------------- ---------- ----- --------- ------ ----- --- --- --------- --------- ------ ----- ----- ----- ----- ----- ----- ----- ---- ---------------------
CAG9475738.1         -           2243 553at5820            -           1244         0 2545.5  93.9   1   8         0         0 1017.7  12.0     1   445     2   446     2   453 0.99 | transcript=PVW1_130026200_t1 | gene=PVW1_130026200 | organism=Plasmodium_vivax_PvW1 | gene_product=unspecified product | transcript_product=unspecified product | location=CAJZCX010000006:953665-960396(+) | protein_length=2243 | sequence_SO=supercontig | SO=protein_coding_gene | is_pseudo=false
CAG9475738.1         -           2243 553at5820            -           1244         0 2545.5  93.9   2   8   2.9e-25   1.8e-21   74.0   0.3   428   495   527   594   506   601 0.82 | transcript=PVW1_130026200_t1 | gene=PVW1_130026200 | organism=Plasmodium_vivax_PvW1 | gene_product=unspecified product | transcript_product=unspecified product | location=CAJZCX010000006:953665-960396(+) | protein_length=2243 | sequence_SO=supercontig | SO=protein_coding_gene | is_pseudo=false
CAG9475738.1         -           2243 553at5820            -           1244         0 2545.5  93.9   3   8  3.7e-249  2.3e-245  815.6   8.8   487   861   663  1041   656  1074 0.96 | transcript=PVW1_130026200_t1 | gene=PVW1_130026200 | organism=Plasmodium_vivax_PvW1 | gene_product=unspecified product | transcript_product=unspecified product | location=CAJZCX010000006:953665-960396(+) | protein_length=2243 | sequence_SO=supercontig | SO=protein_coding_gene | is_pseudo=false
CAG9475738.1         -           2243 553at5820            -           1244         0 2545.5  93.9   4   8   1.3e-06    0.0081   12.2   0.1   855   880  1076  1101  1060  1116 0.81 | transcript=PVW1_130026200_t1 | gene=PVW1_130026200 | organism=Plasmodium_vivax_PvW1 | gene_product=unspecified product | transcript_product=unspecified product | location=CAJZCX010000006:953665-960396(+) | protein_length=2243 | sequence_SO=supercontig | SO=protein_coding_gene | is_pseudo=false
CAG9475738.1         -           2243 553at5820            -           1244         0 2545.5  93.9   5   8   1.1e-26   6.6e-23   78.7   3.2   875   934  1349  1408  1335  1418 0.90 | transcript=PVW1_130026200_t1 | gene=PVW1_130026200 | organism=Plasmodium_vivax_PvW1 | gene_product=unspecified product | transcript_product=unspecified product | location=CAJZCX010000006:953665-960396(+) | protein_length=2243 | sequence_SO=supercontig | SO=protein_coding_gene | is_pseudo=false
CAG9475738.1         -           2243 553at5820            -           1244         0 2545.5  93.9   6   8  8.4e-101   5.1e-97  324.2   9.1   907  1080  1532  1704  1517  1729 0.92 | transcript=PVW1_130026200_t1 | gene=PVW1_130026200 | organism=Plasmodium_vivax_PvW1 | gene_product=unspecified product | transcript_product=unspecified product | location=CAJZCX010000006:953665-960396(+) | protein_length=2243 | sequence_SO=supercontig | SO=protein_coding_gene | is_pseudo=false
CAG9475738.1         -           2243 553at5820            -           1244         0 2545.5  93.9   7   8   3.5e-27   2.1e-23   80.4   5.1  1028  1158  1918  2066  1909  2084 0.79 | transcript=PVW1_130026200_t1 | gene=PVW1_130026200 | organism=Plasmodium_vivax_PvW1 | gene_product=unspecified product | transcript_product=unspecified product | location=CAJZCX010000006:953665-960396(+) | protein_length=2243 | sequence_SO=supercontig | SO=protein_coding_gene | is_pseudo=false
CAG9475738.1         -           2243 553at5820            -           1244         0 2545.5  93.9   8   8   5.1e-57   3.1e-53  179.2   6.6  1147  1244  2136  2234  2116  2234 0.91 | transcript=PVW1_130026200_t1 | gene=PVW1_130026200 | organism=Plasmodium_vivax_PvW1 | gene_product=unspecified product | transcript_product=unspecified product | location=CAJZCX010000006:953665-960396(+) | protein_length=2243 | sequence_SO=supercontig | SO=protein_coding_gene | is_pseudo=false
#
# Program:         hmmsearch
# Version:         3.4 (Aug 2023)
# Pipeline mode:   SEARCH
# Query file:      /v3/work/00_inventory/busco/busco_downloads/lineages/plasmodium_odb10/hmms/553at5820.hmm
# Target file:     /v3/inputs/annotations/plasmodb-68/PvW1.proteins.fa
# Option settings: hmmsearch --domtblout /v3/work/00_inventory/busco/PvW1_proteins/run_plasmodium_odb10/hmmer_output/initial_run_results/553at5820.out --cpu 1 /v3/work/00_inventory/busco/busco_downloads/lineages/plasmodium_odb10/hmms/553at5820.hmm /v3/inputs/annotations/plasmodb-68/PvW1.proteins.fa 
# Current dir:     /v3/work/00_inventory/busco
# Date:            Tue May 19 17:42:15 2026
# [ok]
