#                                                                            --- full sequence --- -------------- this domain -------------   hmm coord   ali coord   env coord
# target name        accession   tlen query name           accession   qlen   E-value  score  bias   #  of  c-Evalue  i-Evalue  score  bias  from    to  from    to  from    to  acc description of target
#------------------- ---------- ----- -------------------- ---------- ----- --------- ------ ----- --- --- --------- --------- ------ ----- ----- ----- ----- ----- ----- ----- ---- ---------------------
CAG9473620.1         -            579 5680at5820           -            397  4.9e-216  715.5  20.4   1   3   1.8e-16   3.7e-13   47.5   0.1     1    43    31    73    31    78 0.94 | transcript=PVW1_120054200_t1 | gene=PVW1_120054200 | organism=Plasmodium_vivax_PvW1 | gene_product=WD repeat-containing protein 79, putative [Source:UniProtKB/TrEMBL;Acc:A0A1G4HH44] | transcript_product=WD repeat-containing protein 79, putative [Source:UniProtKB/TrEMBL;Acc:A0A1G4HH44] | location=CAJZCX010000004:2050801-2052540(-) | protein_length=579 | sequence_SO=supercontig | SO=protein_coding_gene | is_pseudo=false
CAG9473620.1         -            579 5680at5820           -            397  4.9e-216  715.5  20.4   2   3  1.1e-201  2.3e-198  657.4  11.2    40   379   176   528   153   540 0.95 | transcript=PVW1_120054200_t1 | gene=PVW1_120054200 | organism=Plasmodium_vivax_PvW1 | gene_product=WD repeat-containing protein 79, putative [Source:UniProtKB/TrEMBL;Acc:A0A1G4HH44] | transcript_product=WD repeat-containing protein 79, putative [Source:UniProtKB/TrEMBL;Acc:A0A1G4HH44] | location=CAJZCX010000004:2050801-2052540(-) | protein_length=579 | sequence_SO=supercontig | SO=protein_coding_gene | is_pseudo=false
CAG9473620.1         -            579 5680at5820           -            397  4.9e-216  715.5  20.4   3   3   6.8e-07    0.0014   16.0   0.2   379   397   559   577   552   577 0.93 | transcript=PVW1_120054200_t1 | gene=PVW1_120054200 | organism=Plasmodium_vivax_PvW1 | gene_product=WD repeat-containing protein 79, putative [Source:UniProtKB/TrEMBL;Acc:A0A1G4HH44] | transcript_product=WD repeat-containing protein 79, putative [Source:UniProtKB/TrEMBL;Acc:A0A1G4HH44] | location=CAJZCX010000004:2050801-2052540(-) | protein_length=579 | sequence_SO=supercontig | SO=protein_coding_gene | is_pseudo=false
CAG9479676.1         -            322 5680at5820           -            397     0.034   11.4   3.8   1   3     0.011        21    2.2   0.0   164   193   113   142    80   180 0.82 | transcript=PVW1_050012500_t1 | gene=PVW1_050012500 | organism=Plasmodium_vivax_PvW1 | gene_product=Receptor for activated c kinase, putative [Source:UniProtKB/TrEMBL;Acc:A0A1G4GTC4] | transcript_product=Receptor for activated c kinase, putative [Source:UniProtKB/TrEMBL;Acc:A0A1G4GTC4] | location=CAJZCX010000010:364461-365871(+) | protein_length=322 | sequence_SO=supercontig | SO=protein_coding_gene | is_pseudo=false
CAG9479676.1         -            322 5680at5820           -            397     0.034   11.4   3.8   2   3   0.00018      0.36    8.1   0.3   163   196   240   272   219   286 0.80 | transcript=PVW1_050012500_t1 | gene=PVW1_050012500 | organism=Plasmodium_vivax_PvW1 | gene_product=Receptor for activated c kinase, putative [Source:UniProtKB/TrEMBL;Acc:A0A1G4GTC4] | transcript_product=Receptor for activated c kinase, putative [Source:UniProtKB/TrEMBL;Acc:A0A1G4GTC4] | location=CAJZCX010000010:364461-365871(+) | protein_length=322 | sequence_SO=supercontig | SO=protein_coding_gene | is_pseudo=false
CAG9479676.1         -            322 5680at5820           -            397     0.034   11.4   3.8   3   3     0.064   1.3e+02   -0.4   0.0   321   340   301   320   294   322 0.80 | transcript=PVW1_050012500_t1 | gene=PVW1_050012500 | organism=Plasmodium_vivax_PvW1 | gene_product=Receptor for activated c kinase, putative [Source:UniProtKB/TrEMBL;Acc:A0A1G4GTC4] | transcript_product=Receptor for activated c kinase, putative [Source:UniProtKB/TrEMBL;Acc:A0A1G4GTC4] | location=CAJZCX010000010:364461-365871(+) | protein_length=322 | sequence_SO=supercontig | SO=protein_coding_gene | is_pseudo=false
CAG9475313.1         -            251 5680at5820           -            397     0.083   10.2   0.1   1   2     0.067   1.4e+02   -0.4   2.4    27    59    23    56    13    64 0.73 | transcript=PVW1_130007800_t1 | gene=PVW1_130007800 | organism=Plasmodium_vivax_PvW1 | gene_product=unspecified product | transcript_product=unspecified product | location=CAJZCX010000006:129653-130830(-) | protein_length=251 | sequence_SO=supercontig | SO=protein_coding_gene | is_pseudo=false
CAG9475313.1         -            251 5680at5820           -            397     0.083   10.2   0.1   2   2   4.1e-05     0.083   10.2   0.1   263   299   172   208   158   216 0.87 | transcript=PVW1_130007800_t1 | gene=PVW1_130007800 | organism=Plasmodium_vivax_PvW1 | gene_product=unspecified product | transcript_product=unspecified product | location=CAJZCX010000006:129653-130830(-) | protein_length=251 | sequence_SO=supercontig | SO=protein_coding_gene | is_pseudo=false
#
# Program:         hmmsearch
# Version:         3.4 (Aug 2023)
# Pipeline mode:   SEARCH
# Query file:      /v3/work/00_inventory/busco/busco_downloads/lineages/plasmodium_odb10/hmms/5680at5820.hmm
# Target file:     /v3/inputs/annotations/plasmodb-68/PvW1.proteins.fa
# Option settings: hmmsearch --domtblout /v3/work/00_inventory/busco/PvW1_proteins/run_plasmodium_odb10/hmmer_output/initial_run_results/5680at5820.out --cpu 1 /v3/work/00_inventory/busco/busco_downloads/lineages/plasmodium_odb10/hmms/5680at5820.hmm /v3/inputs/annotations/plasmodb-68/PvW1.proteins.fa 
# Current dir:     /v3/work/00_inventory/busco
# Date:            Tue May 19 17:42:49 2026
# [ok]
