#                                                                            --- full sequence --- -------------- this domain -------------   hmm coord   ali coord   env coord
# target name        accession   tlen query name           accession   qlen   E-value  score  bias   #  of  c-Evalue  i-Evalue  score  bias  from    to  from    to  from    to  acc description of target
#------------------- ---------- ----- -------------------- ---------- ----- --------- ------ ----- --- --- --------- --------- ------ ----- ----- ----- ----- ----- ----- ----- ---- ---------------------
CAG9480320.1         -           2085 646at5820            -           1447         0 2277.5 411.0   1   7  1.5e-103  9.2e-100  333.3 102.1     1   300     1   344     1   347 0.87 | transcript=PVW1_070010000_t1 | gene=PVW1_070010000 | organism=Plasmodium_vivax_PvW1 | gene_product=unspecified product | transcript_product=unspecified product | location=CAJZCX010000011:282619-289291(-) | protein_length=2085 | sequence_SO=supercontig | SO=protein_coding_gene | is_pseudo=false
CAG9480320.1         -           2085 646at5820            -           1447         0 2277.5 411.0   2   7   1.9e-17   1.1e-13   48.0  39.1   186   308   334   480   326   487 0.76 | transcript=PVW1_070010000_t1 | gene=PVW1_070010000 | organism=Plasmodium_vivax_PvW1 | gene_product=unspecified product | transcript_product=unspecified product | location=CAJZCX010000011:282619-289291(-) | protein_length=2085 | sequence_SO=supercontig | SO=protein_coding_gene | is_pseudo=false
CAG9480320.1         -           2085 646at5820            -           1447         0 2277.5 411.0   3   7       0.5     3e+03   -6.4  68.0   129   392   482   741   477   774 0.60 | transcript=PVW1_070010000_t1 | gene=PVW1_070010000 | organism=Plasmodium_vivax_PvW1 | gene_product=unspecified product | transcript_product=unspecified product | location=CAJZCX010000011:282619-289291(-) | protein_length=2085 | sequence_SO=supercontig | SO=protein_coding_gene | is_pseudo=false
CAG9480320.1         -           2085 646at5820            -           1447         0 2277.5 411.0   4   7   8.8e-95   5.4e-91  304.3  29.1   451   622   769   953   745   962 0.90 | transcript=PVW1_070010000_t1 | gene=PVW1_070010000 | organism=Plasmodium_vivax_PvW1 | gene_product=unspecified product | transcript_product=unspecified product | location=CAJZCX010000011:282619-289291(-) | protein_length=2085 | sequence_SO=supercontig | SO=protein_coding_gene | is_pseudo=false
CAG9480320.1         -           2085 646at5820            -           1447         0 2277.5 411.0   5   7    1e-149    6e-146  486.4  53.3   619   870   975  1252   971  1259 0.92 | transcript=PVW1_070010000_t1 | gene=PVW1_070010000 | organism=Plasmodium_vivax_PvW1 | gene_product=unspecified product | transcript_product=unspecified product | location=CAJZCX010000011:282619-289291(-) | protein_length=2085 | sequence_SO=supercontig | SO=protein_coding_gene | is_pseudo=false
CAG9480320.1         -           2085 646at5820            -           1447         0 2277.5 411.0   6   7  5.4e-130  3.3e-126  421.0  34.4   869  1108  1441  1705  1427  1716 0.94 | transcript=PVW1_070010000_t1 | gene=PVW1_070010000 | organism=Plasmodium_vivax_PvW1 | gene_product=unspecified product | transcript_product=unspecified product | location=CAJZCX010000011:282619-289291(-) | protein_length=2085 | sequence_SO=supercontig | SO=protein_coding_gene | is_pseudo=false
CAG9480320.1         -           2085 646at5820            -           1447         0 2277.5 411.0   7   7  4.3e-220  2.6e-216  719.5  48.5  1099  1447  1726  2085  1718  2085 0.96 | transcript=PVW1_070010000_t1 | gene=PVW1_070010000 | organism=Plasmodium_vivax_PvW1 | gene_product=unspecified product | transcript_product=unspecified product | location=CAJZCX010000011:282619-289291(-) | protein_length=2085 | sequence_SO=supercontig | SO=protein_coding_gene | is_pseudo=false
#
# Program:         hmmsearch
# Version:         3.4 (Aug 2023)
# Pipeline mode:   SEARCH
# Query file:      /v3/work/00_inventory/busco/busco_downloads/lineages/plasmodium_odb10/hmms/646at5820.hmm
# Target file:     /v3/inputs/annotations/plasmodb-68/PvW1.proteins.fa
# Option settings: hmmsearch --domtblout /v3/work/00_inventory/busco/PvW1_proteins/run_plasmodium_odb10/hmmer_output/initial_run_results/646at5820.out --cpu 1 /v3/work/00_inventory/busco/busco_downloads/lineages/plasmodium_odb10/hmms/646at5820.hmm /v3/inputs/annotations/plasmodb-68/PvW1.proteins.fa 
# Current dir:     /v3/work/00_inventory/busco
# Date:            Tue May 19 17:43:07 2026
# [ok]
