#                                                                            --- full sequence --- -------------- this domain -------------   hmm coord   ali coord   env coord
# target name        accession   tlen query name           accession   qlen   E-value  score  bias   #  of  c-Evalue  i-Evalue  score  bias  from    to  from    to  from    to  acc description of target
#------------------- ---------- ----- -------------------- ---------- ----- --------- ------ ----- --- --- --------- --------- ------ ----- ----- ----- ----- ----- ----- ----- ---- ---------------------
CAG9478895.1         -            529 7160at5820           -            332  4.5e-183  606.2  66.1   1   2  4.5e-121  4.6e-118  392.6  50.6     1   212     1   223     1   232 0.92 | transcript=PVW1_080018400_t1 | gene=PVW1_080018400 | organism=Plasmodium_vivax_PvW1 | gene_product=RING-type domain-containing protein [Source:UniProtKB/TrEMBL;Acc:A0A1G4GW82] | transcript_product=RING-type domain-containing protein [Source:UniProtKB/TrEMBL;Acc:A0A1G4GW82] | location=CAJZCX010000009:608065-610111(+) | protein_length=529 | sequence_SO=supercontig | SO=protein_coding_gene | is_pseudo=false
CAG9478895.1         -            529 7160at5820           -            332  4.5e-183  606.2  66.1   2   2   7.3e-68   7.4e-65  217.7   7.5   212   332   404   525   400   525 0.98 | transcript=PVW1_080018400_t1 | gene=PVW1_080018400 | organism=Plasmodium_vivax_PvW1 | gene_product=RING-type domain-containing protein [Source:UniProtKB/TrEMBL;Acc:A0A1G4GW82] | transcript_product=RING-type domain-containing protein [Source:UniProtKB/TrEMBL;Acc:A0A1G4GW82] | location=CAJZCX010000009:608065-610111(+) | protein_length=529 | sequence_SO=supercontig | SO=protein_coding_gene | is_pseudo=false
CAG9479893.1         -            732 7160at5820           -            332   1.1e-12   46.2  13.2   1   1   1.8e-15   1.9e-12   45.4  13.2    18   111    68   162    49   165 0.89 | transcript=PVW1_050027500_t1 | gene=PVW1_050027500 | organism=Plasmodium_vivax_PvW1 | gene_product=RING-type domain-containing protein [Source:UniProtKB/TrEMBL;Acc:A0A1G4GTN8] | transcript_product=RING-type domain-containing protein [Source:UniProtKB/TrEMBL;Acc:A0A1G4GTN8] | location=CAJZCX010000010:929908-932106(+) | protein_length=732 | sequence_SO=supercontig | SO=protein_coding_gene | is_pseudo=false
CAG9477804.1         -            519 7160at5820           -            332   1.1e-07   29.8   2.9   1   1   1.7e-10   1.7e-07   29.1   2.9    15    88   349   422   344   429 0.88 | transcript=PVW1_110027800_t1 | gene=PVW1_110027800 | organism=Plasmodium_vivax_PvW1 | gene_product=unspecified product | transcript_product=unspecified product | location=CAJZCX010000008:1010996-1012555(+) | protein_length=519 | sequence_SO=supercontig | SO=protein_coding_gene | is_pseudo=false
CAG9478222.1         -            952 7160at5820           -            332   8.3e-06   23.6   5.8   1   2      0.29     3e+02   -1.3   3.4   204   274   662   735   650   785 0.52 | transcript=PVW1_110051400_t1 | gene=PVW1_110051400 | organism=Plasmodium_vivax_PvW1 | gene_product=unspecified product | transcript_product=unspecified product | location=CAJZCX010000008:1974858-1977716(+) | protein_length=952 | sequence_SO=supercontig | SO=protein_coding_gene | is_pseudo=false
CAG9478222.1         -            952 7160at5820           -            332   8.3e-06   23.6   5.8   2   2   8.2e-09   8.3e-06   23.6   5.8    20    79   889   949   882   951 0.89 | transcript=PVW1_110051400_t1 | gene=PVW1_110051400 | organism=Plasmodium_vivax_PvW1 | gene_product=unspecified product | transcript_product=unspecified product | location=CAJZCX010000008:1974858-1977716(+) | protein_length=952 | sequence_SO=supercontig | SO=protein_coding_gene | is_pseudo=false
CAG9475394.1         -           1740 7160at5820           -            332    0.0025   15.4   7.5   1   1   4.2e-06    0.0043   14.7   7.5    27    74   419   466   413   502 0.82 | transcript=PVW1_130011100_t1 | gene=PVW1_130011100 | organism=Plasmodium_vivax_PvW1 | gene_product=unspecified product | transcript_product=unspecified product | location=CAJZCX010000006:274150-279372(+) | protein_length=1740 | sequence_SO=supercontig | SO=protein_coding_gene | is_pseudo=false
CAG9474915.1         -            271 7160at5820           -            332    0.0075   13.8   5.0   1   1   1.2e-05     0.012   13.2   5.0    28   130    41   148    26   171 0.72 | transcript=PVW1_100040000_t1 | gene=PVW1_100040000 | organism=Plasmodium_vivax_PvW1 | gene_product=zf-NOSIP domain-containing protein [Source:UniProtKB/TrEMBL;Acc:A0A1G4GYR7] | transcript_product=zf-NOSIP domain-containing protein [Source:UniProtKB/TrEMBL;Acc:A0A1G4GYR7] | location=CAJZCX010000005:1621311-1623089(-) | protein_length=271 | sequence_SO=supercontig | SO=protein_coding_gene | is_pseudo=false
#
# Program:         hmmsearch
# Version:         3.4 (Aug 2023)
# Pipeline mode:   SEARCH
# Query file:      /v3/work/00_inventory/busco/busco_downloads/lineages/plasmodium_odb10/hmms/7160at5820.hmm
# Target file:     /v3/inputs/annotations/plasmodb-68/PvW1.proteins.fa
# Option settings: hmmsearch --domtblout /v3/work/00_inventory/busco/PvW1_proteins/run_plasmodium_odb10/hmmer_output/initial_run_results/7160at5820.out --cpu 1 /v3/work/00_inventory/busco/busco_downloads/lineages/plasmodium_odb10/hmms/7160at5820.hmm /v3/inputs/annotations/plasmodb-68/PvW1.proteins.fa 
# Current dir:     /v3/work/00_inventory/busco
# Date:            Tue May 19 17:46:25 2026
# [ok]
