#                                                                            --- full sequence --- -------------- this domain -------------   hmm coord   ali coord   env coord
# target name        accession   tlen query name           accession   qlen   E-value  score  bias   #  of  c-Evalue  i-Evalue  score  bias  from    to  from    to  from    to  acc description of target
#------------------- ---------- ----- -------------------- ---------- ----- --------- ------ ----- --- --- --------- --------- ------ ----- ----- ----- ----- ----- ----- ----- ---- ---------------------
CAG9480565.1         -            552 7401at5820           -            457  2.8e-255  845.8  56.5   1   2  2.4e-219  3.7e-216  716.9  38.4     1   372     1   376     1   385 0.99 | transcript=PVW1_070024900_t1 | gene=PVW1_070024900 | organism=Plasmodium_vivax_PvW1 | gene_product=Elongation of fatty acids protein [Source:UniProtKB/TrEMBL;Acc:A0A1G4GV86] | transcript_product=Elongation of fatty acids protein [Source:UniProtKB/TrEMBL;Acc:A0A1G4GV86] | location=CAJZCX010000011:901350-903008(+) | protein_length=552 | sequence_SO=supercontig | SO=protein_coding_gene | is_pseudo=false
CAG9480565.1         -            552 7401at5820           -            457  2.8e-255  845.8  56.5   2   2   5.4e-41   8.2e-38  129.0  10.1   372   457   446   548   436   548 0.85 | transcript=PVW1_070024900_t1 | gene=PVW1_070024900 | organism=Plasmodium_vivax_PvW1 | gene_product=Elongation of fatty acids protein [Source:UniProtKB/TrEMBL;Acc:A0A1G4GV86] | transcript_product=Elongation of fatty acids protein [Source:UniProtKB/TrEMBL;Acc:A0A1G4GV86] | location=CAJZCX010000011:901350-903008(+) | protein_length=552 | sequence_SO=supercontig | SO=protein_coding_gene | is_pseudo=false
CAG9483984.1         -            317 7401at5820           -            457   5.6e-26   90.0  20.2   1   2   3.7e-29   5.6e-26   90.0  20.2    28   203    65   247    51   254 0.84 | transcript=PVW1_020013400_t1 | gene=PVW1_020013400 | organism=Plasmodium_vivax_PvW1 | gene_product=Elongation of fatty acids protein [Source:UniProtKB/TrEMBL;Acc:A0A1G4GRA4] | transcript_product=Elongation of fatty acids protein [Source:UniProtKB/TrEMBL;Acc:A0A1G4GRA4] | location=CAJZCX010000015:395483-396603(+) | protein_length=317 | sequence_SO=supercontig | SO=protein_coding_gene | is_pseudo=false
CAG9483984.1         -            317 7401at5820           -            457   5.6e-26   90.0  20.2   2   2      0.06        91    0.2   2.9   213   238   282   307   268   310 0.83 | transcript=PVW1_020013400_t1 | gene=PVW1_020013400 | organism=Plasmodium_vivax_PvW1 | gene_product=Elongation of fatty acids protein [Source:UniProtKB/TrEMBL;Acc:A0A1G4GRA4] | transcript_product=Elongation of fatty acids protein [Source:UniProtKB/TrEMBL;Acc:A0A1G4GRA4] | location=CAJZCX010000015:395483-396603(+) | protein_length=317 | sequence_SO=supercontig | SO=protein_coding_gene | is_pseudo=false
CAG9478178.1         -            291 7401at5820           -            457   4.5e-12   44.1  28.6   1   2      0.23   3.5e+02   -1.7   1.0   205   239    28    63    24    75 0.73 | transcript=PVW1_110048900_t1 | gene=PVW1_110048900 | organism=Plasmodium_vivax_PvW1 | gene_product=Elongation of fatty acids protein [Source:UniProtKB/TrEMBL;Acc:A0A1G4HFW2] | transcript_product=Elongation of fatty acids protein [Source:UniProtKB/TrEMBL;Acc:A0A1G4HFW2] | location=CAJZCX010000008:1856328-1857866(-) | protein_length=291 | sequence_SO=supercontig | SO=protein_coding_gene | is_pseudo=false
CAG9478178.1         -            291 7401at5820           -            457   4.5e-12   44.1  28.6   2   2   2.9e-15   4.5e-12   44.1  28.6    57   241    98   287    81   291 0.78 | transcript=PVW1_110048900_t1 | gene=PVW1_110048900 | organism=Plasmodium_vivax_PvW1 | gene_product=Elongation of fatty acids protein [Source:UniProtKB/TrEMBL;Acc:A0A1G4HFW2] | transcript_product=Elongation of fatty acids protein [Source:UniProtKB/TrEMBL;Acc:A0A1G4HFW2] | location=CAJZCX010000008:1856328-1857866(-) | protein_length=291 | sequence_SO=supercontig | SO=protein_coding_gene | is_pseudo=false
CAG9472599.1         -            134 7401at5820           -            457    0.0015   16.0   3.8   1   1   1.3e-06    0.0019   15.7   3.8   180   235    64   124    57   130 0.84 | transcript=PVW1_140074700_t1 | gene=PVW1_140074700 | organism=Plasmodium_vivax_PvW1 | gene_product=unspecified product | transcript_product=unspecified product | location=CAJZCX010000003:2969540-2970528(+) | protein_length=134 | sequence_SO=supercontig | SO=protein_coding_gene | is_pseudo=false
#
# Program:         hmmsearch
# Version:         3.4 (Aug 2023)
# Pipeline mode:   SEARCH
# Query file:      /v3/work/00_inventory/busco/busco_downloads/lineages/plasmodium_odb10/hmms/7401at5820.hmm
# Target file:     /v3/inputs/annotations/plasmodb-68/PvW1.proteins.fa
# Option settings: hmmsearch --domtblout /v3/work/00_inventory/busco/PvW1_proteins/run_plasmodium_odb10/hmmer_output/initial_run_results/7401at5820.out --cpu 1 /v3/work/00_inventory/busco/busco_downloads/lineages/plasmodium_odb10/hmms/7401at5820.hmm /v3/inputs/annotations/plasmodb-68/PvW1.proteins.fa 
# Current dir:     /v3/work/00_inventory/busco
# Date:            Tue May 19 17:47:20 2026
# [ok]
