#                                                                            --- full sequence --- -------------- this domain -------------   hmm coord   ali coord   env coord
# target name        accession   tlen query name           accession   qlen   E-value  score  bias   #  of  c-Evalue  i-Evalue  score  bias  from    to  from    to  from    to  acc description of target
#------------------- ---------- ----- -------------------- ---------- ----- --------- ------ ----- --- --- --------- --------- ------ ----- ----- ----- ----- ----- ----- ----- ---- ---------------------
CAG9476666.1         -            349 8039at5820           -            314  3.3e-197  652.3  21.3   1   2  1.5e-128  2.3e-125  416.3   3.2     1   193     1   198     1   205 0.98 | transcript=PVW1_090016400_t1 | gene=PVW1_090016400 | organism=Plasmodium_vivax_PvW1 | gene_product=Replication factor C subunit 5, putative [Source:UniProtKB/TrEMBL;Acc:A0A1G4HCH6] | transcript_product=Replication factor C subunit 5, putative [Source:UniProtKB/TrEMBL;Acc:A0A1G4HCH6] | location=CAJZCX010000007:576465-577514(-) | protein_length=349 | sequence_SO=supercontig | SO=protein_coding_gene | is_pseudo=false
CAG9476666.1         -            349 8039at5820           -            314  3.3e-197  652.3  21.3   2   2   1.6e-75   2.5e-72  242.1  10.3   186   314   210   344   202   344 0.96 | transcript=PVW1_090016400_t1 | gene=PVW1_090016400 | organism=Plasmodium_vivax_PvW1 | gene_product=Replication factor C subunit 5, putative [Source:UniProtKB/TrEMBL;Acc:A0A1G4HCH6] | transcript_product=Replication factor C subunit 5, putative [Source:UniProtKB/TrEMBL;Acc:A0A1G4HCH6] | location=CAJZCX010000007:576465-577514(-) | protein_length=349 | sequence_SO=supercontig | SO=protein_coding_gene | is_pseudo=false
CAG9482372.1         -            330 8039at5820           -            314   4.7e-21   73.7   5.2   1   1   1.1e-21   1.7e-18   65.3   5.2     2   303     6   319     5   327 0.72 | transcript=PVW1_040013100_t1 | gene=PVW1_040013100 | organism=Plasmodium_vivax_PvW1 | gene_product=AAA domain-containing protein [Source:UniProtKB/TrEMBL;Acc:A0A1G4GSK0] | transcript_product=AAA domain-containing protein [Source:UniProtKB/TrEMBL;Acc:A0A1G4GSK0] | location=CAJZCX010000013:382794-383786(-) | protein_length=330 | sequence_SO=supercontig | SO=protein_coding_gene | is_pseudo=false
CAG9473662.1         -            344 8039at5820           -            314   3.6e-14   51.1   1.3   1   2   3.3e-08   5.1e-05   21.0   0.0     2    56    15    74    14    79 0.86 | transcript=PVW1_120058400_t1 | gene=PVW1_120058400 | organism=Plasmodium_vivax_PvW1 | gene_product=AAA domain-containing protein [Source:UniProtKB/TrEMBL;Acc:A0A564ZZI7] | transcript_product=AAA domain-containing protein [Source:UniProtKB/TrEMBL;Acc:A0A564ZZI7] | location=CAJZCX010000004:2238900-2240368(-) | protein_length=344 | sequence_SO=supercontig | SO=protein_coding_gene | is_pseudo=false
CAG9473662.1         -            344 8039at5820           -            314   3.6e-14   51.1   1.3   2   2   1.6e-10   2.4e-07   28.6   0.2    96   184    91   179    74   193 0.80 | transcript=PVW1_120058400_t1 | gene=PVW1_120058400 | organism=Plasmodium_vivax_PvW1 | gene_product=AAA domain-containing protein [Source:UniProtKB/TrEMBL;Acc:A0A564ZZI7] | transcript_product=AAA domain-containing protein [Source:UniProtKB/TrEMBL;Acc:A0A564ZZI7] | location=CAJZCX010000004:2238900-2240368(-) | protein_length=344 | sequence_SO=supercontig | SO=protein_coding_gene | is_pseudo=false
CAG9472484.1         -            336 8039at5820           -            314   4.7e-13   47.4   0.3   1   3   2.3e-07   0.00034   18.3   0.0     1    56    17    77    17   103 0.74 | transcript=PVW1_140065300_t1 | gene=PVW1_140065300 | organism=Plasmodium_vivax_PvW1 | gene_product=AAA domain-containing protein [Source:UniProtKB/TrEMBL;Acc:A0A1G4H5N4] | transcript_product=AAA domain-containing protein [Source:UniProtKB/TrEMBL;Acc:A0A1G4H5N4] | location=CAJZCX010000003:2637683-2639065(+) | protein_length=336 | sequence_SO=supercontig | SO=protein_coding_gene | is_pseudo=false
CAG9472484.1         -            336 8039at5820           -            314   4.7e-13   47.4   0.3   2   3   6.1e-10   9.3e-07   26.7   0.2   120   186   114   180    83   195 0.85 | transcript=PVW1_140065300_t1 | gene=PVW1_140065300 | organism=Plasmodium_vivax_PvW1 | gene_product=AAA domain-containing protein [Source:UniProtKB/TrEMBL;Acc:A0A1G4H5N4] | transcript_product=AAA domain-containing protein [Source:UniProtKB/TrEMBL;Acc:A0A1G4H5N4] | location=CAJZCX010000003:2637683-2639065(+) | protein_length=336 | sequence_SO=supercontig | SO=protein_coding_gene | is_pseudo=false
CAG9472484.1         -            336 8039at5820           -            314   4.7e-13   47.4   0.3   3   3      0.54   8.1e+02   -2.7   0.0   244   275   224   255   215   259 0.75 | transcript=PVW1_140065300_t1 | gene=PVW1_140065300 | organism=Plasmodium_vivax_PvW1 | gene_product=AAA domain-containing protein [Source:UniProtKB/TrEMBL;Acc:A0A1G4H5N4] | transcript_product=AAA domain-containing protein [Source:UniProtKB/TrEMBL;Acc:A0A1G4H5N4] | location=CAJZCX010000003:2637683-2639065(+) | protein_length=336 | sequence_SO=supercontig | SO=protein_coding_gene | is_pseudo=false
#
# Program:         hmmsearch
# Version:         3.4 (Aug 2023)
# Pipeline mode:   SEARCH
# Query file:      /v3/work/00_inventory/busco/busco_downloads/lineages/plasmodium_odb10/hmms/8039at5820.hmm
# Target file:     /v3/inputs/annotations/plasmodb-68/PvW1.proteins.fa
# Option settings: hmmsearch --domtblout /v3/work/00_inventory/busco/PvW1_proteins/run_plasmodium_odb10/hmmer_output/initial_run_results/8039at5820.out --cpu 1 /v3/work/00_inventory/busco/busco_downloads/lineages/plasmodium_odb10/hmms/8039at5820.hmm /v3/inputs/annotations/plasmodb-68/PvW1.proteins.fa 
# Current dir:     /v3/work/00_inventory/busco
# Date:            Tue May 19 17:49:45 2026
# [ok]
