#                                                                            --- full sequence --- -------------- this domain -------------   hmm coord   ali coord   env coord
# target name        accession   tlen query name           accession   qlen   E-value  score  bias   #  of  c-Evalue  i-Evalue  score  bias  from    to  from    to  from    to  acc description of target
#------------------- ---------- ----- -------------------- ---------- ----- --------- ------ ----- --- --- --------- --------- ------ ----- ----- ----- ----- ----- ----- ----- ---- ---------------------
CAG9476743.1         -           1440 8100at5820           -            858    9e-264  876.1  51.9   1   8     0.021   1.3e+02   -1.1   0.7    67    97     7    37     4    42 0.87 | transcript=PVW1_090022400_t1 | gene=PVW1_090022400 | organism=Plasmodium_vivax_PvW1 | gene_product=unspecified product | transcript_product=unspecified product | location=CAJZCX010000007:803652-808353(+) | protein_length=1440 | sequence_SO=supercontig | SO=protein_coding_gene | is_pseudo=false
CAG9476743.1         -           1440 8100at5820           -            858    9e-264  876.1  51.9   2   8    0.0023        14    2.1   0.2     1    17    45    61    45    66 0.90 | transcript=PVW1_090022400_t1 | gene=PVW1_090022400 | organism=Plasmodium_vivax_PvW1 | gene_product=unspecified product | transcript_product=unspecified product | location=CAJZCX010000007:803652-808353(+) | protein_length=1440 | sequence_SO=supercontig | SO=protein_coding_gene | is_pseudo=false
CAG9476743.1         -           1440 8100at5820           -            858    9e-264  876.1  51.9   3   8   1.9e-22   1.2e-18   65.2   0.0    13    84    80   152    71   168 0.89 | transcript=PVW1_090022400_t1 | gene=PVW1_090022400 | organism=Plasmodium_vivax_PvW1 | gene_product=unspecified product | transcript_product=unspecified product | location=CAJZCX010000007:803652-808353(+) | protein_length=1440 | sequence_SO=supercontig | SO=protein_coding_gene | is_pseudo=false
CAG9476743.1         -           1440 8100at5820           -            858    9e-264  876.1  51.9   4   8   1.5e-18   8.9e-15   52.4   4.2    74   196   187   289   180   296 0.75 | transcript=PVW1_090022400_t1 | gene=PVW1_090022400 | organism=Plasmodium_vivax_PvW1 | gene_product=unspecified product | transcript_product=unspecified product | location=CAJZCX010000007:803652-808353(+) | protein_length=1440 | sequence_SO=supercontig | SO=protein_coding_gene | is_pseudo=false
CAG9476743.1         -           1440 8100at5820           -            858    9e-264  876.1  51.9   5   8   9.9e-20     6e-16   56.2   0.0   216   262   434   480   425   487 0.90 | transcript=PVW1_090022400_t1 | gene=PVW1_090022400 | organism=Plasmodium_vivax_PvW1 | gene_product=unspecified product | transcript_product=unspecified product | location=CAJZCX010000007:803652-808353(+) | protein_length=1440 | sequence_SO=supercontig | SO=protein_coding_gene | is_pseudo=false
CAG9476743.1         -           1440 8100at5820           -            858    9e-264  876.1  51.9   6   8   3.8e-57   2.3e-53  180.0   0.4   260   406   521   701   514   736 0.80 | transcript=PVW1_090022400_t1 | gene=PVW1_090022400 | organism=Plasmodium_vivax_PvW1 | gene_product=unspecified product | transcript_product=unspecified product | location=CAJZCX010000007:803652-808353(+) | protein_length=1440 | sequence_SO=supercontig | SO=protein_coding_gene | is_pseudo=false
CAG9476743.1         -           1440 8100at5820           -            858    9e-264  876.1  51.9   7   8    0.0021        13    2.2   0.0   462   501   955   988   934   991 0.81 | transcript=PVW1_090022400_t1 | gene=PVW1_090022400 | organism=Plasmodium_vivax_PvW1 | gene_product=unspecified product | transcript_product=unspecified product | location=CAJZCX010000007:803652-808353(+) | protein_length=1440 | sequence_SO=supercontig | SO=protein_coding_gene | is_pseudo=false
CAG9476743.1         -           1440 8100at5820           -            858    9e-264  876.1  51.9   8   8  1.9e-159  1.2e-155  518.4  21.3   502   858  1031  1425  1028  1425 0.93 | transcript=PVW1_090022400_t1 | gene=PVW1_090022400 | organism=Plasmodium_vivax_PvW1 | gene_product=unspecified product | transcript_product=unspecified product | location=CAJZCX010000007:803652-808353(+) | protein_length=1440 | sequence_SO=supercontig | SO=protein_coding_gene | is_pseudo=false
#
# Program:         hmmsearch
# Version:         3.4 (Aug 2023)
# Pipeline mode:   SEARCH
# Query file:      /v3/work/00_inventory/busco/busco_downloads/lineages/plasmodium_odb10/hmms/8100at5820.hmm
# Target file:     /v3/inputs/annotations/plasmodb-68/PvW1.proteins.fa
# Option settings: hmmsearch --domtblout /v3/work/00_inventory/busco/PvW1_proteins/run_plasmodium_odb10/hmmer_output/initial_run_results/8100at5820.out --cpu 1 /v3/work/00_inventory/busco/busco_downloads/lineages/plasmodium_odb10/hmms/8100at5820.hmm /v3/inputs/annotations/plasmodb-68/PvW1.proteins.fa 
# Current dir:     /v3/work/00_inventory/busco
# Date:            Tue May 19 17:50:01 2026
# [ok]
