#                                                                            --- full sequence --- -------------- this domain -------------   hmm coord   ali coord   env coord
# target name        accession   tlen query name           accession   qlen   E-value  score  bias   #  of  c-Evalue  i-Evalue  score  bias  from    to  from    to  from    to  acc description of target
#------------------- ---------- ----- -------------------- ---------- ----- --------- ------ ----- --- --- --------- --------- ------ ----- ----- ----- ----- ----- ----- ----- ---- ---------------------
CAG9473800.1         -            602 8778at5820           -            422  4.1e-186  617.7  72.4   1   2   2.2e-47   3.4e-44  150.2  33.9     1   129     1   181     1   197 0.84 | transcript=PVW1_120067800_t1 | gene=PVW1_120067800 | organism=Plasmodium_vivax_PvW1 | gene_product=RNA-binding protein, putative [Source:UniProtKB/TrEMBL;Acc:A0A1G4H227] | transcript_product=RNA-binding protein, putative [Source:UniProtKB/TrEMBL;Acc:A0A1G4H227] | location=CAJZCX010000004:2630385-2632193(-) | protein_length=602 | sequence_SO=supercontig | SO=protein_coding_gene | is_pseudo=false
CAG9473800.1         -            602 8778at5820           -            422  4.1e-186  617.7  72.4   2   2  4.6e-143    7e-140  465.4  35.4    92   422   176   597   170   597 0.87 | transcript=PVW1_120067800_t1 | gene=PVW1_120067800 | organism=Plasmodium_vivax_PvW1 | gene_product=RNA-binding protein, putative [Source:UniProtKB/TrEMBL;Acc:A0A1G4H227] | transcript_product=RNA-binding protein, putative [Source:UniProtKB/TrEMBL;Acc:A0A1G4H227] | location=CAJZCX010000004:2630385-2632193(-) | protein_length=602 | sequence_SO=supercontig | SO=protein_coding_gene | is_pseudo=false
CAG9476786.1         -            316 8778at5820           -            422   0.00082   17.1   0.2   1   2   5.4e-07   0.00082   17.1   0.2   349   414    81   144    63   151 0.88 | transcript=PVW1_090024500_t1 | gene=PVW1_090024500 | organism=Plasmodium_vivax_PvW1 | gene_product=Splicing factor U2AF small subunit, putative [Source:UniProtKB/TrEMBL;Acc:A0A1G4HCZ6] | transcript_product=Splicing factor U2AF small subunit, putative [Source:UniProtKB/TrEMBL;Acc:A0A1G4HCZ6] | location=CAJZCX010000007:873038-873988(-) | protein_length=316 | sequence_SO=supercontig | SO=protein_coding_gene | is_pseudo=false
CAG9476786.1         -            316 8778at5820           -            422   0.00082   17.1   0.2   2   2         4   6.1e+03  -11.0  14.6   195   214   236   255   177   308 0.40 | transcript=PVW1_090024500_t1 | gene=PVW1_090024500 | organism=Plasmodium_vivax_PvW1 | gene_product=Splicing factor U2AF small subunit, putative [Source:UniProtKB/TrEMBL;Acc:A0A1G4HCZ6] | transcript_product=Splicing factor U2AF small subunit, putative [Source:UniProtKB/TrEMBL;Acc:A0A1G4HCZ6] | location=CAJZCX010000007:873038-873988(-) | protein_length=316 | sequence_SO=supercontig | SO=protein_coding_gene | is_pseudo=false
CAG9480787.1         -            725 8778at5820           -            422    0.0018   16.0   0.1   1   1   2.7e-06    0.0041   14.8   0.1   352   418    21    86    16    90 0.89 | transcript=PVW1_070038500_t1 | gene=PVW1_070038500 | organism=Plasmodium_vivax_PvW1 | gene_product=RRM domain-containing protein [Source:UniProtKB/TrEMBL;Acc:A0A1G4HB28] | transcript_product=RRM domain-containing protein [Source:UniProtKB/TrEMBL;Acc:A0A1G4HB28] | location=CAJZCX010000011:1415765-1417942(+) | protein_length=725 | sequence_SO=supercontig | SO=protein_coding_gene | is_pseudo=false
CAG9476658.1         -            235 8778at5820           -            422    0.0048   14.6   0.5   1   2   3.2e-06    0.0048   14.6   0.5   254   286    14    46     2    56 0.85 | transcript=PVW1_090015600_t1 | gene=PVW1_090015600 | organism=Plasmodium_vivax_PvW1 | gene_product=G-patch domain-containing protein [Source:UniProtKB/TrEMBL;Acc:A0A1G4HCF0] | transcript_product=G-patch domain-containing protein [Source:UniProtKB/TrEMBL;Acc:A0A1G4HCF0] | location=CAJZCX010000007:545330-546680(-) | protein_length=235 | sequence_SO=supercontig | SO=protein_coding_gene | is_pseudo=false
CAG9476658.1         -            235 8778at5820           -            422    0.0048   14.6   0.5   2   2         4   6.1e+03   -7.8  10.6   162   282    87   219    50   228 0.44 | transcript=PVW1_090015600_t1 | gene=PVW1_090015600 | organism=Plasmodium_vivax_PvW1 | gene_product=G-patch domain-containing protein [Source:UniProtKB/TrEMBL;Acc:A0A1G4HCF0] | transcript_product=G-patch domain-containing protein [Source:UniProtKB/TrEMBL;Acc:A0A1G4HCF0] | location=CAJZCX010000007:545330-546680(-) | protein_length=235 | sequence_SO=supercontig | SO=protein_coding_gene | is_pseudo=false
#
# Program:         hmmsearch
# Version:         3.4 (Aug 2023)
# Pipeline mode:   SEARCH
# Query file:      /v3/work/00_inventory/busco/busco_downloads/lineages/plasmodium_odb10/hmms/8778at5820.hmm
# Target file:     /v3/inputs/annotations/plasmodb-68/PvW1.proteins.fa
# Option settings: hmmsearch --domtblout /v3/work/00_inventory/busco/PvW1_proteins/run_plasmodium_odb10/hmmer_output/initial_run_results/8778at5820.out --cpu 1 /v3/work/00_inventory/busco/busco_downloads/lineages/plasmodium_odb10/hmms/8778at5820.hmm /v3/inputs/annotations/plasmodb-68/PvW1.proteins.fa 
# Current dir:     /v3/work/00_inventory/busco
# Date:            Tue May 19 17:48:31 2026
# [ok]
