#                                                                            --- full sequence --- -------------- this domain -------------   hmm coord   ali coord   env coord
# target name        accession   tlen query name           accession   qlen   E-value  score  bias   #  of  c-Evalue  i-Evalue  score  bias  from    to  from    to  from    to  acc description of target
#------------------- ---------- ----- -------------------- ---------- ----- --------- ------ ----- --- --- --------- --------- ------ ----- ----- ----- ----- ----- ----- ----- ---- ---------------------
CAG9479847.1         -            259 9938at5820           -            230  1.3e-104  347.2   0.1   1   1  1.4e-107  2.1e-104  346.5   0.1     1   230     4   253     4   253 0.92 | transcript=PVW1_050023500_t1 | gene=PVW1_050023500 | organism=Plasmodium_vivax_PvW1 | gene_product=Adenylate kinase 2, putative [Source:UniProtKB/TrEMBL;Acc:A0A1G4GTM0] | transcript_product=Adenylate kinase 2, putative [Source:UniProtKB/TrEMBL;Acc:A0A1G4GTM0] | location=CAJZCX010000010:801046-801825(-) | protein_length=259 | sequence_SO=supercontig | SO=protein_coding_gene | is_pseudo=false
CAG9478794.1         -            242 9938at5820           -            230   4.5e-23   80.4   1.1   1   2   8.9e-22   1.4e-18   65.8   0.1     7   130    31   158    25   168 0.88 | transcript=PVW1_080014200_t1 | gene=PVW1_080014200 | organism=Plasmodium_vivax_PvW1 | gene_product=ADK_lid domain-containing protein [Source:UniProtKB/TrEMBL;Acc:A0A1G4HBG6] | transcript_product=ADK_lid domain-containing protein [Source:UniProtKB/TrEMBL;Acc:A0A1G4HBG6] | location=CAJZCX010000009:459199-460198(-) | protein_length=242 | sequence_SO=supercontig | SO=protein_coding_gene | is_pseudo=false
CAG9478794.1         -            242 9938at5820           -            230   4.5e-23   80.4   1.1   2   2   6.8e-06      0.01   13.8   0.2   176   208   183   215   174   240 0.74 | transcript=PVW1_080014200_t1 | gene=PVW1_080014200 | organism=Plasmodium_vivax_PvW1 | gene_product=ADK_lid domain-containing protein [Source:UniProtKB/TrEMBL;Acc:A0A1G4HBG6] | transcript_product=ADK_lid domain-containing protein [Source:UniProtKB/TrEMBL;Acc:A0A1G4HBG6] | location=CAJZCX010000009:459199-460198(-) | protein_length=242 | sequence_SO=supercontig | SO=protein_coding_gene | is_pseudo=false
CAG9479891.1         -            231 9938at5820           -            230   3.3e-19   67.8   4.5   1   2   3.4e-19   5.2e-16   57.3   0.5     6   141     8   146     3   148 0.84 | transcript=PVW1_050027300_t1 | gene=PVW1_050027300 | organism=Plasmodium_vivax_PvW1 | gene_product=GTP:AMP phosphotransferase, putative [Source:UniProtKB/TrEMBL;Acc:A0A1G4GTN5] | transcript_product=GTP:AMP phosphotransferase, putative [Source:UniProtKB/TrEMBL;Acc:A0A1G4GTN5] | location=CAJZCX010000010:925796-926491(-) | protein_length=231 | sequence_SO=supercontig | SO=protein_coding_gene | is_pseudo=false
CAG9479891.1         -            231 9938at5820           -            230   3.3e-19   67.8   4.5   2   2     2e-05      0.03   12.3   0.3   177   209   171   203   169   227 0.82 | transcript=PVW1_050027300_t1 | gene=PVW1_050027300 | organism=Plasmodium_vivax_PvW1 | gene_product=GTP:AMP phosphotransferase, putative [Source:UniProtKB/TrEMBL;Acc:A0A1G4GTN5] | transcript_product=GTP:AMP phosphotransferase, putative [Source:UniProtKB/TrEMBL;Acc:A0A1G4GTN5] | location=CAJZCX010000010:925796-926491(-) | protein_length=231 | sequence_SO=supercontig | SO=protein_coding_gene | is_pseudo=false
CAG9483933.1         -            373 9938at5820           -            230   1.9e-16   58.7   9.2   1   3   4.3e-15   6.5e-12   43.9   0.3     4    82   104   186   101   189 0.82 | transcript=PVW1_020011300_t1 | gene=PVW1_020011300 | organism=Plasmodium_vivax_PvW1 | gene_product=UMP-CMP kinase, putative [Source:UniProtKB/TrEMBL;Acc:A0A1G4H6S4] | transcript_product=UMP-CMP kinase, putative [Source:UniProtKB/TrEMBL;Acc:A0A1G4H6S4] | location=CAJZCX010000015:331042-332713(+) | protein_length=373 | sequence_SO=supercontig | SO=protein_coding_gene | is_pseudo=false
CAG9483933.1         -            373 9938at5820           -            230   1.9e-16   58.7   9.2   2   3   1.6e-05     0.024   12.6   0.2    60   127   241   312   220   315 0.74 | transcript=PVW1_020011300_t1 | gene=PVW1_020011300 | organism=Plasmodium_vivax_PvW1 | gene_product=UMP-CMP kinase, putative [Source:UniProtKB/TrEMBL;Acc:A0A1G4H6S4] | transcript_product=UMP-CMP kinase, putative [Source:UniProtKB/TrEMBL;Acc:A0A1G4H6S4] | location=CAJZCX010000015:331042-332713(+) | protein_length=373 | sequence_SO=supercontig | SO=protein_coding_gene | is_pseudo=false
CAG9483933.1         -            373 9938at5820           -            230   1.9e-16   58.7   9.2   3   3   0.00085       1.3    6.9   0.2   180   221   317   361   313   369 0.80 | transcript=PVW1_020011300_t1 | gene=PVW1_020011300 | organism=Plasmodium_vivax_PvW1 | gene_product=UMP-CMP kinase, putative [Source:UniProtKB/TrEMBL;Acc:A0A1G4H6S4] | transcript_product=UMP-CMP kinase, putative [Source:UniProtKB/TrEMBL;Acc:A0A1G4H6S4] | location=CAJZCX010000015:331042-332713(+) | protein_length=373 | sequence_SO=supercontig | SO=protein_coding_gene | is_pseudo=false
#
# Program:         hmmsearch
# Version:         3.4 (Aug 2023)
# Pipeline mode:   SEARCH
# Query file:      /v3/work/00_inventory/busco/busco_downloads/lineages/plasmodium_odb10/hmms/9938at5820.hmm
# Target file:     /v3/inputs/annotations/plasmodb-68/PvW1.proteins.fa
# Option settings: hmmsearch --domtblout /v3/work/00_inventory/busco/PvW1_proteins/run_plasmodium_odb10/hmmer_output/initial_run_results/9938at5820.out --cpu 1 /v3/work/00_inventory/busco/busco_downloads/lineages/plasmodium_odb10/hmms/9938at5820.hmm /v3/inputs/annotations/plasmodb-68/PvW1.proteins.fa 
# Current dir:     /v3/work/00_inventory/busco
# Date:            Tue May 19 17:53:18 2026
# [ok]
